[2025-09-16T21:34:29.153+0000] {taskinstance.py:1103} INFO - Dependencies all met for dep_context=non-requeueable deps ti=<TaskInstance: dds_to_clickhouse.load_geo_analysis manual__2025-09-16T20:23:59.187198+00:00 [queued]>
[2025-09-16T21:34:29.171+0000] {taskinstance.py:1103} INFO - Dependencies all met for dep_context=requeueable deps ti=<TaskInstance: dds_to_clickhouse.load_geo_analysis manual__2025-09-16T20:23:59.187198+00:00 [queued]>
[2025-09-16T21:34:29.172+0000] {taskinstance.py:1308} INFO - Starting attempt 1 of 2
[2025-09-16T21:34:29.198+0000] {taskinstance.py:1327} INFO - Executing <Task(PythonOperator): load_geo_analysis> on 2025-09-16 20:23:59.187198+00:00
[2025-09-16T21:34:29.211+0000] {standard_task_runner.py:57} INFO - Started process 8567 to run task
[2025-09-16T21:34:29.217+0000] {standard_task_runner.py:84} INFO - Running: ['***', 'tasks', 'run', 'dds_to_clickhouse', 'load_geo_analysis', 'manual__2025-09-16T20:23:59.187198+00:00', '--job-id', '910', '--raw', '--subdir', 'DAGS_FOLDER/dds_to_clickhouse.py', '--cfg-path', '/tmp/tmpt8uvfbvs']
[2025-09-16T21:34:29.226+0000] {standard_task_runner.py:85} INFO - Job 910: Subtask load_geo_analysis
[2025-09-16T21:34:29.488+0000] {logging_mixin.py:150} WARNING - /home/***/.local/lib/python3.7/site-packages/***/settings.py:195 DeprecationWarning: The sql_alchemy_conn option in [core] has been moved to the sql_alchemy_conn option in [database] - the old setting has been used, but please update your config.
[2025-09-16T21:34:29.763+0000] {task_command.py:410} INFO - Running <TaskInstance: dds_to_clickhouse.load_geo_analysis manual__2025-09-16T20:23:59.187198+00:00 [running]> on host d6e2a7c8b3ee
[2025-09-16T21:34:30.448+0000] {taskinstance.py:1547} INFO - Exporting env vars: AIRFLOW_CTX_DAG_OWNER='***' AIRFLOW_CTX_DAG_ID='dds_to_clickhouse' AIRFLOW_CTX_TASK_ID='load_geo_analysis' AIRFLOW_CTX_EXECUTION_DATE='2025-09-16T20:23:59.187198+00:00' AIRFLOW_CTX_TRY_NUMBER='1' AIRFLOW_CTX_DAG_RUN_ID='manual__2025-09-16T20:23:59.187198+00:00'
[2025-09-16T21:34:30.524+0000] {ch_utils.py:98} ERROR - ❌ Ошибка при переносе данных в geo_analysis: (psycopg2.errors.UndefinedColumn) column s.city does not exist
LINE 2:     s.city,
            ^
HINT:  Perhaps you meant to reference the column "u.city".

[SQL: SELECT
    s.city,
    s.country,
    COUNT(DISTINCT u.user_id) AS total_users,
    COUNT(DISTINCT o.order_id) AS total_orders,
    SUM(oi.price_usd * oi.quantity) AS total_revenue,
    AVG(oi.price_usd * oi.quantity) AS avg_order_value,
    COUNT(DISTINCT o.order_id)::float / NULLIF(COUNT(DISTINCT s.session_id), 0) AS conversion_rate,
    DATE(s.start_ts) AS event_date
FROM dds.sessions s
JOIN dds.users u ON s.user_id::bigint = u.user_id::bigint
LEFT JOIN dds.orders o ON u.user_id::bigint = o.user_id::bigint
LEFT JOIN dds.order_items oi ON o.order_id = oi.order_id
GROUP BY s.city, s.country, DATE(s.start_ts);

]
(Background on this error at: https://sqlalche.me/e/14/f405)
[2025-09-16T21:34:30.525+0000] {taskinstance.py:1824} ERROR - Task failed with exception
Traceback (most recent call last):
  File "/home/airflow/.local/lib/python3.7/site-packages/sqlalchemy/engine/base.py", line 1911, in _execute_context
    cursor, statement, parameters, context
  File "/home/airflow/.local/lib/python3.7/site-packages/sqlalchemy/engine/default.py", line 736, in do_execute
    cursor.execute(statement, parameters)
psycopg2.errors.UndefinedColumn: column s.city does not exist
LINE 2:     s.city,
            ^
HINT:  Perhaps you meant to reference the column "u.city".


The above exception was the direct cause of the following exception:

Traceback (most recent call last):
  File "/home/airflow/.local/lib/python3.7/site-packages/airflow/operators/python.py", line 181, in execute
    return_value = self.execute_callable()
  File "/home/airflow/.local/lib/python3.7/site-packages/airflow/operators/python.py", line 198, in execute_callable
    return self.python_callable(*self.op_args, **self.op_kwargs)
  File "/opt/airflow/dags/ch_utils.py", line 54, in transfer_table
    df = pd.read_sql(sql_query, engine_pg)
  File "/home/airflow/.local/lib/python3.7/site-packages/pandas/io/sql.py", line 634, in read_sql
    chunksize=chunksize,
  File "/home/airflow/.local/lib/python3.7/site-packages/pandas/io/sql.py", line 1579, in read_query
    result = self.execute(*args)
  File "/home/airflow/.local/lib/python3.7/site-packages/pandas/io/sql.py", line 1424, in execute
    return self.connectable.execution_options().execute(*args, **kwargs)
  File "<string>", line 2, in execute
  File "/home/airflow/.local/lib/python3.7/site-packages/sqlalchemy/util/deprecations.py", line 468, in warned
    return fn(*args, **kwargs)
  File "/home/airflow/.local/lib/python3.7/site-packages/sqlalchemy/engine/base.py", line 3267, in execute
    return connection.execute(statement, *multiparams, **params)
  File "/home/airflow/.local/lib/python3.7/site-packages/sqlalchemy/engine/base.py", line 1375, in execute
    future=False,
  File "/home/airflow/.local/lib/python3.7/site-packages/sqlalchemy/engine/base.py", line 1681, in _exec_driver_sql
    distilled_parameters,
  File "/home/airflow/.local/lib/python3.7/site-packages/sqlalchemy/engine/base.py", line 1954, in _execute_context
    e, statement, parameters, cursor, context
  File "/home/airflow/.local/lib/python3.7/site-packages/sqlalchemy/engine/base.py", line 2135, in _handle_dbapi_exception
    sqlalchemy_exception, with_traceback=exc_info[2], from_=e
  File "/home/airflow/.local/lib/python3.7/site-packages/sqlalchemy/util/compat.py", line 211, in raise_
    raise exception
  File "/home/airflow/.local/lib/python3.7/site-packages/sqlalchemy/engine/base.py", line 1911, in _execute_context
    cursor, statement, parameters, context
  File "/home/airflow/.local/lib/python3.7/site-packages/sqlalchemy/engine/default.py", line 736, in do_execute
    cursor.execute(statement, parameters)
sqlalchemy.exc.ProgrammingError: (psycopg2.errors.UndefinedColumn) column s.city does not exist
LINE 2:     s.city,
            ^
HINT:  Perhaps you meant to reference the column "u.city".

[SQL: SELECT
    s.city,
    s.country,
    COUNT(DISTINCT u.user_id) AS total_users,
    COUNT(DISTINCT o.order_id) AS total_orders,
    SUM(oi.price_usd * oi.quantity) AS total_revenue,
    AVG(oi.price_usd * oi.quantity) AS avg_order_value,
    COUNT(DISTINCT o.order_id)::float / NULLIF(COUNT(DISTINCT s.session_id), 0) AS conversion_rate,
    DATE(s.start_ts) AS event_date
FROM dds.sessions s
JOIN dds.users u ON s.user_id::bigint = u.user_id::bigint
LEFT JOIN dds.orders o ON u.user_id::bigint = o.user_id::bigint
LEFT JOIN dds.order_items oi ON o.order_id = oi.order_id
GROUP BY s.city, s.country, DATE(s.start_ts);

]
(Background on this error at: https://sqlalche.me/e/14/f405)
[2025-09-16T21:34:30.589+0000] {taskinstance.py:1350} INFO - Marking task as UP_FOR_RETRY. dag_id=dds_to_clickhouse, task_id=load_geo_analysis, execution_date=20250916T202359, start_date=20250916T213429, end_date=20250916T213430
[2025-09-16T21:34:30.633+0000] {standard_task_runner.py:109} ERROR - Failed to execute job 910 for task load_geo_analysis ((psycopg2.errors.UndefinedColumn) column s.city does not exist
LINE 2:     s.city,
            ^
HINT:  Perhaps you meant to reference the column "u.city".

[SQL: SELECT
    s.city,
    s.country,
    COUNT(DISTINCT u.user_id) AS total_users,
    COUNT(DISTINCT o.order_id) AS total_orders,
    SUM(oi.price_usd * oi.quantity) AS total_revenue,
    AVG(oi.price_usd * oi.quantity) AS avg_order_value,
    COUNT(DISTINCT o.order_id)::float / NULLIF(COUNT(DISTINCT s.session_id), 0) AS conversion_rate,
    DATE(s.start_ts) AS event_date
FROM dds.sessions s
JOIN dds.users u ON s.user_id::bigint = u.user_id::bigint
LEFT JOIN dds.orders o ON u.user_id::bigint = o.user_id::bigint
LEFT JOIN dds.order_items oi ON o.order_id = oi.order_id
GROUP BY s.city, s.country, DATE(s.start_ts);

]
(Background on this error at: https://sqlalche.me/e/14/f405); 8567)
[2025-09-16T21:34:30.677+0000] {local_task_job_runner.py:225} INFO - Task exited with return code 1
[2025-09-16T21:34:30.764+0000] {taskinstance.py:2653} INFO - 0 downstream tasks scheduled from follow-on schedule check
