[2025-09-03T15:45:29.337+0000] {logging_mixin.py:150} WARNING - /home/***/.local/lib/python3.7/site-packages/***/utils/sqlalchemy.py:124 DeprecationWarning: The sql_alchemy_conn option in [core] has been moved to the sql_alchemy_conn option in [database] - the old setting has been used, but please update your config.
[2025-09-03T15:45:29.411+0000] {taskinstance.py:1103} INFO - Dependencies all met for dep_context=non-requeueable deps ti=<TaskInstance: kafka_to_postgres_batch.create_indexes scheduled__2025-09-03T14:00:00+00:00 [queued]>
[2025-09-03T15:45:29.480+0000] {taskinstance.py:1103} INFO - Dependencies all met for dep_context=requeueable deps ti=<TaskInstance: kafka_to_postgres_batch.create_indexes scheduled__2025-09-03T14:00:00+00:00 [queued]>
[2025-09-03T15:45:29.482+0000] {taskinstance.py:1308} INFO - Starting attempt 1 of 3
[2025-09-03T15:45:33.732+0000] {taskinstance.py:1327} INFO - Executing <Task(PostgresOperator): create_indexes> on 2025-09-03 14:00:00+00:00
[2025-09-03T15:45:33.979+0000] {standard_task_runner.py:57} INFO - Started process 1047 to run task
[2025-09-03T15:45:34.092+0000] {standard_task_runner.py:84} INFO - Running: ['***', 'tasks', 'run', 'kafka_to_postgres_batch', 'create_indexes', 'scheduled__2025-09-03T14:00:00+00:00', '--job-id', '114', '--raw', '--subdir', 'DAGS_FOLDER/dags.py', '--cfg-path', '/tmp/tmp9f0hgwb7']
[2025-09-03T15:45:34.148+0000] {standard_task_runner.py:85} INFO - Job 114: Subtask create_indexes
[2025-09-03T15:45:36.547+0000] {logging_mixin.py:150} WARNING - /home/***/.local/lib/python3.7/site-packages/***/settings.py:195 DeprecationWarning: The sql_alchemy_conn option in [core] has been moved to the sql_alchemy_conn option in [database] - the old setting has been used, but please update your config.
[2025-09-03T15:45:37.863+0000] {task_command.py:410} INFO - Running <TaskInstance: kafka_to_postgres_batch.create_indexes scheduled__2025-09-03T14:00:00+00:00 [running]> on host 5646b9718ecc
[2025-09-03T15:45:38.183+0000] {logging_mixin.py:150} WARNING - /home/***/.local/lib/python3.7/site-packages/***/utils/sqlalchemy.py:124 DeprecationWarning: The sql_alchemy_conn option in [core] has been moved to the sql_alchemy_conn option in [database] - the old setting has been used, but please update your config.
[2025-09-03T15:45:39.853+0000] {taskinstance.py:1547} INFO - Exporting env vars: AIRFLOW_CTX_DAG_OWNER='***' AIRFLOW_CTX_DAG_ID='kafka_to_postgres_batch' AIRFLOW_CTX_TASK_ID='create_indexes' AIRFLOW_CTX_EXECUTION_DATE='2025-09-03T14:00:00+00:00' AIRFLOW_CTX_TRY_NUMBER='1' AIRFLOW_CTX_DAG_RUN_ID='scheduled__2025-09-03T14:00:00+00:00'
[2025-09-03T15:45:39.971+0000] {sql.py:265} INFO - Executing: 
        CREATE INDEX IF NOT EXISTS idx_raw_events_user_id ON raw.events(user_id);
        CREATE INDEX IF NOT EXISTS idx_raw_events_timestamp ON raw.events(timestamp);
        CREATE INDEX IF NOT EXISTS idx_raw_events_event_type ON raw.events(event_type);
        
[2025-09-03T15:45:40.412+0000] {base.py:73} INFO - Using connection ID 'postgres_default' for task execution.
[2025-09-03T15:45:42.065+0000] {base.py:73} INFO - Using connection ID 'postgres_default' for task execution.
[2025-09-03T15:45:42.145+0000] {sql.py:375} INFO - Running statement: 
        CREATE INDEX IF NOT EXISTS idx_raw_events_user_id ON raw.events(user_id);
        CREATE INDEX IF NOT EXISTS idx_raw_events_timestamp ON raw.events(timestamp);
        CREATE INDEX IF NOT EXISTS idx_raw_events_event_type ON raw.events(event_type);
        , parameters: None
[2025-09-03T15:45:42.294+0000] {taskinstance.py:1824} ERROR - Task failed with exception
Traceback (most recent call last):
  File "/home/airflow/.local/lib/python3.7/site-packages/airflow/providers/common/sql/operators/sql.py", line 277, in execute
    **extra_kwargs,
  File "/home/airflow/.local/lib/python3.7/site-packages/airflow/providers/common/sql/hooks/sql.py", line 349, in run
    self._run_command(cur, sql_statement, parameters)
  File "/home/airflow/.local/lib/python3.7/site-packages/airflow/providers/common/sql/hooks/sql.py", line 380, in _run_command
    cur.execute(sql_statement)
psycopg2.errors.UniqueViolation: duplicate key value violates unique constraint "pg_class_relname_nsp_index"
DETAIL:  Key (relname, relnamespace)=(idx_raw_events_user_id, 16953) already exists.

[2025-09-03T15:45:42.522+0000] {taskinstance.py:1350} INFO - Marking task as UP_FOR_RETRY. dag_id=kafka_to_postgres_batch, task_id=create_indexes, execution_date=20250903T140000, start_date=20250903T154529, end_date=20250903T154542
[2025-09-03T15:45:42.640+0000] {standard_task_runner.py:109} ERROR - Failed to execute job 114 for task create_indexes (duplicate key value violates unique constraint "pg_class_relname_nsp_index"
DETAIL:  Key (relname, relnamespace)=(idx_raw_events_user_id, 16953) already exists.
; 1047)
[2025-09-03T15:45:42.746+0000] {local_task_job_runner.py:225} INFO - Task exited with return code 1
[2025-09-03T15:45:43.289+0000] {taskinstance.py:2653} INFO - 0 downstream tasks scheduled from follow-on schedule check
