[2025-09-03T16:29:43.286+0000] {logging_mixin.py:150} WARNING - /home/***/.local/lib/python3.7/site-packages/***/utils/sqlalchemy.py:124 DeprecationWarning: The sql_alchemy_conn option in [core] has been moved to the sql_alchemy_conn option in [database] - the old setting has been used, but please update your config.
[2025-09-03T16:29:43.429+0000] {taskinstance.py:1103} INFO - Dependencies all met for dep_context=non-requeueable deps ti=<TaskInstance: kafka_to_postgres_batch.create_schemas scheduled__2025-09-03T15:59:28.106806+00:00 [queued]>
[2025-09-03T16:29:43.555+0000] {taskinstance.py:1103} INFO - Dependencies all met for dep_context=requeueable deps ti=<TaskInstance: kafka_to_postgres_batch.create_schemas scheduled__2025-09-03T15:59:28.106806+00:00 [queued]>
[2025-09-03T16:29:43.557+0000] {taskinstance.py:1308} INFO - Starting attempt 1 of 3
[2025-09-03T16:29:43.695+0000] {taskinstance.py:1327} INFO - Executing <Task(PostgresOperator): create_schemas> on 2025-09-03 15:59:28.106806+00:00
[2025-09-03T16:29:43.760+0000] {standard_task_runner.py:57} INFO - Started process 396 to run task
[2025-09-03T16:29:43.937+0000] {standard_task_runner.py:84} INFO - Running: ['***', 'tasks', 'run', 'kafka_to_postgres_batch', 'create_schemas', 'scheduled__2025-09-03T15:59:28.106806+00:00', '--job-id', '183', '--raw', '--subdir', 'DAGS_FOLDER/dags.py', '--cfg-path', '/tmp/tmpqdhmxtyf']
[2025-09-03T16:29:43.982+0000] {standard_task_runner.py:85} INFO - Job 183: Subtask create_schemas
[2025-09-03T16:29:46.924+0000] {logging_mixin.py:150} WARNING - /home/***/.local/lib/python3.7/site-packages/***/settings.py:195 DeprecationWarning: The sql_alchemy_conn option in [core] has been moved to the sql_alchemy_conn option in [database] - the old setting has been used, but please update your config.
[2025-09-03T16:29:47.626+0000] {task_command.py:410} INFO - Running <TaskInstance: kafka_to_postgres_batch.create_schemas scheduled__2025-09-03T15:59:28.106806+00:00 [running]> on host 5646b9718ecc
[2025-09-03T16:29:47.927+0000] {logging_mixin.py:150} WARNING - /home/***/.local/lib/python3.7/site-packages/***/utils/sqlalchemy.py:124 DeprecationWarning: The sql_alchemy_conn option in [core] has been moved to the sql_alchemy_conn option in [database] - the old setting has been used, but please update your config.
[2025-09-03T16:29:52.122+0000] {taskinstance.py:1547} INFO - Exporting env vars: AIRFLOW_CTX_DAG_OWNER='***' AIRFLOW_CTX_DAG_ID='kafka_to_postgres_batch' AIRFLOW_CTX_TASK_ID='create_schemas' AIRFLOW_CTX_EXECUTION_DATE='2025-09-03T15:59:28.106806+00:00' AIRFLOW_CTX_TRY_NUMBER='1' AIRFLOW_CTX_DAG_RUN_ID='scheduled__2025-09-03T15:59:28.106806+00:00'
[2025-09-03T16:29:52.134+0000] {sql.py:265} INFO - Executing: 
        CREATE SCHEMA IF NOT EXISTS raw;
        CREATE SCHEMA IF NOT EXISTS dds;
        CREATE SCHEMA IF NOT EXISTS dictionary;
        
[2025-09-03T16:29:52.267+0000] {base.py:73} INFO - Using connection ID 'postgres_default' for task execution.
[2025-09-03T16:29:52.531+0000] {base.py:73} INFO - Using connection ID 'postgres_default' for task execution.
[2025-09-03T16:29:52.556+0000] {sql.py:375} INFO - Running statement: 
        CREATE SCHEMA IF NOT EXISTS raw;
        CREATE SCHEMA IF NOT EXISTS dds;
        CREATE SCHEMA IF NOT EXISTS dictionary;
        , parameters: None
[2025-09-03T16:29:52.598+0000] {taskinstance.py:1350} INFO - Marking task as SUCCESS. dag_id=kafka_to_postgres_batch, task_id=create_schemas, execution_date=20250903T155928, start_date=20250903T162943, end_date=20250903T162952
[2025-09-03T16:29:52.917+0000] {local_task_job_runner.py:225} INFO - Task exited with return code 0
[2025-09-03T16:29:53.806+0000] {taskinstance.py:2653} INFO - 0 downstream tasks scheduled from follow-on schedule check
