[2025-09-15T23:40:50.142+0000] {logging_mixin.py:150} WARNING - /home/***/.local/lib/python3.7/site-packages/***/utils/sqlalchemy.py:124 DeprecationWarning: The sql_alchemy_conn option in [core] has been moved to the sql_alchemy_conn option in [database] - the old setting has been used, but please update your config.
[2025-09-15T23:40:50.266+0000] {taskinstance.py:1103} INFO - Dependencies all met for dep_context=non-requeueable deps ti=<TaskInstance: kafka_to_postgres_batch.wait_for_kafka scheduled__2025-09-15T23:00:19.411538+00:00 [queued]>
[2025-09-15T23:40:50.279+0000] {taskinstance.py:1103} INFO - Dependencies all met for dep_context=requeueable deps ti=<TaskInstance: kafka_to_postgres_batch.wait_for_kafka scheduled__2025-09-15T23:00:19.411538+00:00 [queued]>
[2025-09-15T23:40:50.280+0000] {taskinstance.py:1308} INFO - Starting attempt 3 of 3
[2025-09-15T23:40:50.306+0000] {taskinstance.py:1327} INFO - Executing <Task(PythonSensor): wait_for_kafka> on 2025-09-15 23:00:19.411538+00:00
[2025-09-15T23:40:50.317+0000] {standard_task_runner.py:57} INFO - Started process 4798 to run task
[2025-09-15T23:40:50.321+0000] {standard_task_runner.py:84} INFO - Running: ['***', 'tasks', 'run', 'kafka_to_postgres_batch', 'wait_for_kafka', 'scheduled__2025-09-15T23:00:19.411538+00:00', '--job-id', '604', '--raw', '--subdir', 'DAGS_FOLDER/dags.py', '--cfg-path', '/tmp/tmpfzhdk5yw']
[2025-09-15T23:40:50.324+0000] {standard_task_runner.py:85} INFO - Job 604: Subtask wait_for_kafka
[2025-09-15T23:40:50.351+0000] {logging_mixin.py:150} WARNING - /home/***/.local/lib/python3.7/site-packages/***/settings.py:195 DeprecationWarning: The sql_alchemy_conn option in [core] has been moved to the sql_alchemy_conn option in [database] - the old setting has been used, but please update your config.
[2025-09-15T23:40:50.411+0000] {task_command.py:410} INFO - Running <TaskInstance: kafka_to_postgres_batch.wait_for_kafka scheduled__2025-09-15T23:00:19.411538+00:00 [running]> on host 71d7292233fc
[2025-09-15T23:40:50.438+0000] {logging_mixin.py:150} WARNING - /home/***/.local/lib/python3.7/site-packages/***/utils/sqlalchemy.py:124 DeprecationWarning: The sql_alchemy_conn option in [core] has been moved to the sql_alchemy_conn option in [database] - the old setting has been used, but please update your config.
[2025-09-15T23:40:50.563+0000] {taskinstance.py:1547} INFO - Exporting env vars: AIRFLOW_CTX_DAG_OWNER='***' AIRFLOW_CTX_DAG_ID='kafka_to_postgres_batch' AIRFLOW_CTX_TASK_ID='wait_for_kafka' AIRFLOW_CTX_EXECUTION_DATE='2025-09-15T23:00:19.411538+00:00' AIRFLOW_CTX_TRY_NUMBER='3' AIRFLOW_CTX_DAG_RUN_ID='scheduled__2025-09-15T23:00:19.411538+00:00'
[2025-09-15T23:40:50.565+0000] {python.py:72} INFO - Poking callable: <function check_kafka_message at 0x7f4c5185ff80>
[2025-09-15T23:40:58.566+0000] {conn.py:1521} WARNING - DNS lookup failed for kafka:29092, exception was [Errno -3] Temporary failure in name resolution. Is your advertised.listeners (called advertised.host.name before Kafka 9) correct and resolvable?
[2025-09-15T23:40:58.577+0000] {conn.py:324} ERROR - <BrokerConnection client_id=kafka-python-2.2.15, node_id=bootstrap-0 host=kafka:29092 <connecting> [unspecified None]>: DNS lookup failed for kafka:29092 (AddressFamily.AF_UNSPEC)
[2025-09-15T23:40:58.579+0000] {conn.py:945} ERROR - <BrokerConnection client_id=kafka-python-2.2.15, node_id=bootstrap-0 host=kafka:29092 <connecting> [unspecified None]>: Closing connection. KafkaConnectionError: DNS failure
[2025-09-15T23:40:58.581+0000] {taskinstance.py:1824} ERROR - Task failed with exception
Traceback (most recent call last):
  File "/home/airflow/.local/lib/python3.7/site-packages/airflow/sensors/base.py", line 225, in execute
    raise e
  File "/home/airflow/.local/lib/python3.7/site-packages/airflow/sensors/base.py", line 212, in execute
    poke_return = self.poke(context)
  File "/home/airflow/.local/lib/python3.7/site-packages/airflow/sensors/python.py", line 73, in poke
    return_value = self.python_callable(*self.op_args, **self.op_kwargs)
  File "/opt/airflow/dags/dags_utils.py", line 227, in check_kafka_message
    consumer_timeout_ms=5000
  File "/home/airflow/.local/lib/python3.7/site-packages/kafka/consumer/group.py", line 387, in __init__
    self._client = self.config['kafka_client'](metrics=self._metrics, **self.config)
  File "/home/airflow/.local/lib/python3.7/site-packages/kafka/client_async.py", line 262, in __init__
    self.config['api_version'] = self.check_version()
  File "/home/airflow/.local/lib/python3.7/site-packages/kafka/client_async.py", line 1074, in check_version
    raise Errors.NoBrokersAvailable()
kafka.errors.NoBrokersAvailable: NoBrokersAvailable
[2025-09-15T23:40:58.639+0000] {taskinstance.py:1350} INFO - Marking task as FAILED. dag_id=kafka_to_postgres_batch, task_id=wait_for_kafka, execution_date=20250915T230019, start_date=20250915T234050, end_date=20250915T234058
[2025-09-15T23:40:58.643+0000] {logging_mixin.py:150} WARNING - /home/***/.local/lib/python3.7/site-packages/***/utils/context.py:205 AirflowContextDeprecationWarning: Accessing 'execution_date' from the template is deprecated and will be removed in a future version. Please use 'data_interval_start' or 'logical_date' instead.
[2025-09-15T23:40:59.298+0000] {standard_task_runner.py:109} ERROR - Failed to execute job 604 for task wait_for_kafka (NoBrokersAvailable; 4798)
[2025-09-15T23:40:59.322+0000] {local_task_job_runner.py:225} INFO - Task exited with return code 1
[2025-09-15T23:40:59.391+0000] {taskinstance.py:2653} INFO - 0 downstream tasks scheduled from follow-on schedule check
