[2025-08-26T20:59:06.213+0000] {manager.py:487} INFO - Processing files using up to 2 processes at a time 
[2025-08-26T20:59:06.218+0000] {manager.py:488} INFO - Process each file at most once every 30 seconds
[2025-08-26T20:59:06.219+0000] {manager.py:490} INFO - Checking for new files in /opt/airflow/dags every 300 seconds
[2025-08-26T20:59:06.221+0000] {manager.py:758} INFO - Searching for files in /opt/airflow/dags
[2025-08-26T20:59:06.232+0000] {manager.py:761} INFO - There are 0 files in /opt/airflow/dags
[2025-08-26T21:04:06.878+0000] {manager.py:758} INFO - Searching for files in /opt/airflow/dags
[2025-08-26T21:04:06.942+0000] {manager.py:761} INFO - There are 0 files in /opt/airflow/dags
[2025-08-26T21:09:07.677+0000] {manager.py:758} INFO - Searching for files in /opt/airflow/dags
[2025-08-26T21:09:07.703+0000] {manager.py:761} INFO - There are 0 files in /opt/airflow/dags
[2025-08-26T21:09:42.216+0000] {manager.py:470} INFO - Exiting gracefully upon receiving signal 15
[2025-08-26T21:11:27.442+0000] {manager.py:487} INFO - Processing files using up to 2 processes at a time 
[2025-08-26T21:11:27.445+0000] {manager.py:488} INFO - Process each file at most once every 30 seconds
[2025-08-26T21:11:27.446+0000] {manager.py:490} INFO - Checking for new files in /opt/airflow/dags every 300 seconds
[2025-08-26T21:11:27.447+0000] {manager.py:758} INFO - Searching for files in /opt/airflow/dags
[2025-08-26T21:11:27.455+0000] {manager.py:761} INFO - There are 0 files in /opt/airflow/dags
[2025-08-26T21:31:57.286+0000] {manager.py:487} INFO - Processing files using up to 2 processes at a time 
[2025-08-26T21:31:57.289+0000] {manager.py:488} INFO - Process each file at most once every 30 seconds
[2025-08-26T21:31:57.290+0000] {manager.py:490} INFO - Checking for new files in /opt/airflow/dags every 300 seconds
[2025-08-26T21:31:57.293+0000] {manager.py:758} INFO - Searching for files in /opt/airflow/dags
[2025-08-26T21:31:57.311+0000] {manager.py:761} INFO - There are 0 files in /opt/airflow/dags
[2025-08-26T21:36:57.604+0000] {manager.py:758} INFO - Searching for files in /opt/airflow/dags
[2025-08-26T21:36:57.676+0000] {manager.py:761} INFO - There are 0 files in /opt/airflow/dags
[2025-08-26T21:41:57.730+0000] {manager.py:758} INFO - Searching for files in /opt/airflow/dags
[2025-08-26T21:41:57.745+0000] {manager.py:761} INFO - There are 0 files in /opt/airflow/dags
[2025-08-26T21:46:58.607+0000] {manager.py:758} INFO - Searching for files in /opt/airflow/dags
[2025-08-26T21:46:58.644+0000] {manager.py:761} INFO - There are 0 files in /opt/airflow/dags
[2025-08-26T21:51:59.003+0000] {manager.py:758} INFO - Searching for files in /opt/airflow/dags
[2025-08-26T21:51:59.039+0000] {manager.py:761} INFO - There are 0 files in /opt/airflow/dags
[2025-08-26T21:56:59.243+0000] {manager.py:758} INFO - Searching for files in /opt/airflow/dags
[2025-08-26T21:56:59.288+0000] {manager.py:761} INFO - There are 0 files in /opt/airflow/dags
[2025-08-26T22:01:59.610+0000] {manager.py:758} INFO - Searching for files in /opt/airflow/dags
[2025-08-26T22:01:59.631+0000] {manager.py:761} INFO - There are 0 files in /opt/airflow/dags
[2025-08-26T22:06:59.678+0000] {manager.py:758} INFO - Searching for files in /opt/airflow/dags
[2025-08-26T22:06:59.725+0000] {manager.py:761} INFO - There are 0 files in /opt/airflow/dags
[2025-08-26T22:12:00.647+0000] {manager.py:758} INFO - Searching for files in /opt/airflow/dags
[2025-08-26T22:12:00.687+0000] {manager.py:761} INFO - There are 0 files in /opt/airflow/dags
[2025-08-26T22:17:00.846+0000] {manager.py:758} INFO - Searching for files in /opt/airflow/dags
[2025-08-26T22:17:00.895+0000] {manager.py:761} INFO - There are 0 files in /opt/airflow/dags
[2025-08-26T22:22:01.061+0000] {manager.py:758} INFO - Searching for files in /opt/airflow/dags
[2025-08-26T22:22:01.093+0000] {manager.py:761} INFO - There are 0 files in /opt/airflow/dags
[2025-08-26T22:27:02.019+0000] {manager.py:758} INFO - Searching for files in /opt/airflow/dags
[2025-08-26T22:27:02.055+0000] {manager.py:761} INFO - There are 0 files in /opt/airflow/dags
[2025-08-26T22:32:02.023+0000] {manager.py:758} INFO - Searching for files in /opt/airflow/dags
[2025-08-26T22:32:02.078+0000] {manager.py:761} INFO - There are 0 files in /opt/airflow/dags
[2025-08-26T22:37:02.088+0000] {manager.py:758} INFO - Searching for files in /opt/airflow/dags
[2025-08-26T22:37:02.123+0000] {manager.py:761} INFO - There are 0 files in /opt/airflow/dags
[2025-08-26T22:40:34.538+0000] {manager.py:470} INFO - Exiting gracefully upon receiving signal 15
[2025-08-28T15:35:09.602+0000] {manager.py:487} INFO - Processing files using up to 2 processes at a time 
[2025-08-28T15:35:09.610+0000] {manager.py:488} INFO - Process each file at most once every 30 seconds
[2025-08-28T15:35:09.611+0000] {manager.py:490} INFO - Checking for new files in /opt/airflow/dags every 300 seconds
[2025-08-28T15:35:09.616+0000] {manager.py:758} INFO - Searching for files in /opt/airflow/dags
[2025-08-28T15:35:09.621+0000] {manager.py:761} INFO - There are 0 files in /opt/airflow/dags
[2025-08-28T15:40:04.272+0000] {manager.py:470} INFO - Exiting gracefully upon receiving signal 15
[2025-08-28T15:41:16.927+0000] {manager.py:487} INFO - Processing files using up to 2 processes at a time 
[2025-08-28T15:41:16.944+0000] {manager.py:488} INFO - Process each file at most once every 30 seconds
[2025-08-28T15:41:16.947+0000] {manager.py:490} INFO - Checking for new files in /opt/airflow/dags every 300 seconds
[2025-08-28T15:41:16.949+0000] {manager.py:758} INFO - Searching for files in /opt/airflow/dags
[2025-08-28T15:41:16.977+0000] {manager.py:761} INFO - There are 0 files in /opt/airflow/dags
[2025-08-28T15:46:17.744+0000] {manager.py:758} INFO - Searching for files in /opt/airflow/dags
[2025-08-28T15:46:17.808+0000] {manager.py:761} INFO - There are 0 files in /opt/airflow/dags
[2025-08-28T15:51:18.465+0000] {manager.py:758} INFO - Searching for files in /opt/airflow/dags
[2025-08-28T15:51:18.482+0000] {manager.py:761} INFO - There are 0 files in /opt/airflow/dags
[2025-08-28T15:56:18.713+0000] {manager.py:758} INFO - Searching for files in /opt/airflow/dags
[2025-08-28T15:56:18.738+0000] {manager.py:761} INFO - There are 0 files in /opt/airflow/dags
[2025-08-28T16:01:19.158+0000] {manager.py:758} INFO - Searching for files in /opt/airflow/dags
[2025-08-28T16:01:19.166+0000] {manager.py:761} INFO - There are 0 files in /opt/airflow/dags
[2025-08-28T16:06:19.537+0000] {manager.py:758} INFO - Searching for files in /opt/airflow/dags
[2025-08-28T16:06:19.546+0000] {manager.py:761} INFO - There are 0 files in /opt/airflow/dags
[2025-08-28T16:11:19.916+0000] {manager.py:758} INFO - Searching for files in /opt/airflow/dags
[2025-08-28T16:11:19.923+0000] {manager.py:761} INFO - There are 0 files in /opt/airflow/dags
[2025-08-28T16:16:20.128+0000] {manager.py:758} INFO - Searching for files in /opt/airflow/dags
[2025-08-28T16:16:20.140+0000] {manager.py:761} INFO - There are 0 files in /opt/airflow/dags
[2025-08-28T16:21:20.507+0000] {manager.py:758} INFO - Searching for files in /opt/airflow/dags
[2025-08-28T16:21:20.527+0000] {manager.py:761} INFO - There are 0 files in /opt/airflow/dags
[2025-08-28T16:26:20.858+0000] {manager.py:758} INFO - Searching for files in /opt/airflow/dags
[2025-08-28T16:26:20.864+0000] {manager.py:761} INFO - There are 0 files in /opt/airflow/dags
[2025-08-28T16:31:21.092+0000] {manager.py:758} INFO - Searching for files in /opt/airflow/dags
[2025-08-28T16:31:21.143+0000] {manager.py:761} INFO - There are 0 files in /opt/airflow/dags
[2025-08-28T16:36:21.385+0000] {manager.py:758} INFO - Searching for files in /opt/airflow/dags
[2025-08-28T16:36:21.407+0000] {manager.py:761} INFO - There are 0 files in /opt/airflow/dags
[2025-08-28T16:41:21.804+0000] {manager.py:758} INFO - Searching for files in /opt/airflow/dags
[2025-08-28T16:41:21.811+0000] {manager.py:761} INFO - There are 0 files in /opt/airflow/dags
[2025-08-28T16:46:21.990+0000] {manager.py:758} INFO - Searching for files in /opt/airflow/dags
[2025-08-28T16:46:21.996+0000] {manager.py:761} INFO - There are 0 files in /opt/airflow/dags
[2025-08-28T16:51:22.362+0000] {manager.py:758} INFO - Searching for files in /opt/airflow/dags
[2025-08-28T16:51:22.380+0000] {manager.py:761} INFO - There are 0 files in /opt/airflow/dags
[2025-08-28T16:56:22.635+0000] {manager.py:758} INFO - Searching for files in /opt/airflow/dags
[2025-08-28T16:56:22.683+0000] {manager.py:761} INFO - There are 0 files in /opt/airflow/dags
[2025-08-28T17:01:23.415+0000] {manager.py:758} INFO - Searching for files in /opt/airflow/dags
[2025-08-28T17:01:23.482+0000] {manager.py:761} INFO - There are 0 files in /opt/airflow/dags
[2025-08-28T17:06:23.536+0000] {manager.py:758} INFO - Searching for files in /opt/airflow/dags
[2025-08-28T17:06:23.575+0000] {manager.py:761} INFO - There are 0 files in /opt/airflow/dags
[2025-08-28T17:11:23.772+0000] {manager.py:758} INFO - Searching for files in /opt/airflow/dags
[2025-08-28T17:11:23.802+0000] {manager.py:761} INFO - There are 0 files in /opt/airflow/dags
[2025-08-28T17:16:23.910+0000] {manager.py:758} INFO - Searching for files in /opt/airflow/dags
[2025-08-28T17:16:23.960+0000] {manager.py:761} INFO - There are 0 files in /opt/airflow/dags
[2025-08-28T17:21:24.467+0000] {manager.py:758} INFO - Searching for files in /opt/airflow/dags
[2025-08-28T17:21:24.540+0000] {manager.py:761} INFO - There are 0 files in /opt/airflow/dags
[2025-08-28T17:26:24.737+0000] {manager.py:758} INFO - Searching for files in /opt/airflow/dags
[2025-08-28T17:26:24.831+0000] {manager.py:761} INFO - There are 0 files in /opt/airflow/dags
[2025-08-28T17:31:25.129+0000] {manager.py:758} INFO - Searching for files in /opt/airflow/dags
[2025-08-28T17:31:25.216+0000] {manager.py:761} INFO - There are 0 files in /opt/airflow/dags
[2025-08-28T17:36:25.383+0000] {manager.py:758} INFO - Searching for files in /opt/airflow/dags
[2025-08-28T17:36:25.497+0000] {manager.py:761} INFO - There are 0 files in /opt/airflow/dags
[2025-08-28T17:41:26.277+0000] {manager.py:758} INFO - Searching for files in /opt/airflow/dags
[2025-08-28T17:41:26.330+0000] {manager.py:761} INFO - There are 0 files in /opt/airflow/dags
[2025-08-28T17:44:42.394+0000] {manager.py:470} INFO - Exiting gracefully upon receiving signal 15
[2025-08-28T17:48:40.165+0000] {manager.py:487} INFO - Processing files using up to 2 processes at a time 
[2025-08-28T17:48:40.173+0000] {manager.py:488} INFO - Process each file at most once every 30 seconds
[2025-08-28T17:48:40.175+0000] {manager.py:490} INFO - Checking for new files in /opt/airflow/dags every 300 seconds
[2025-08-28T17:48:40.178+0000] {manager.py:758} INFO - Searching for files in /opt/airflow/dags
[2025-08-28T17:48:40.211+0000] {manager.py:761} INFO - There are 0 files in /opt/airflow/dags
[2025-08-28T17:53:40.859+0000] {manager.py:758} INFO - Searching for files in /opt/airflow/dags
[2025-08-28T17:53:40.983+0000] {manager.py:761} INFO - There are 0 files in /opt/airflow/dags
[2025-08-28T17:58:41.599+0000] {manager.py:758} INFO - Searching for files in /opt/airflow/dags
[2025-08-28T17:58:41.631+0000] {manager.py:761} INFO - There are 0 files in /opt/airflow/dags
[2025-08-28T18:03:42.280+0000] {manager.py:758} INFO - Searching for files in /opt/airflow/dags
[2025-08-28T18:03:43.753+0000] {manager.py:761} INFO - There are 0 files in /opt/airflow/dags
[2025-08-28T18:08:42.391+0000] {manager.py:758} INFO - Searching for files in /opt/airflow/dags
[2025-08-28T18:08:42.453+0000] {manager.py:761} INFO - There are 0 files in /opt/airflow/dags
[2025-08-28T18:13:43.036+0000] {manager.py:758} INFO - Searching for files in /opt/airflow/dags
[2025-08-28T18:13:43.151+0000] {manager.py:761} INFO - There are 0 files in /opt/airflow/dags
[2025-08-28T18:18:43.886+0000] {manager.py:758} INFO - Searching for files in /opt/airflow/dags
[2025-08-28T18:18:44.002+0000] {manager.py:761} INFO - There are 0 files in /opt/airflow/dags
[2025-08-28T18:23:00.204+0000] {manager.py:470} INFO - Exiting gracefully upon receiving signal 15
[2025-08-29T12:32:58.447+0000] {manager.py:487} INFO - Processing files using up to 2 processes at a time 
[2025-08-29T12:32:58.449+0000] {manager.py:488} INFO - Process each file at most once every 30 seconds
[2025-08-29T12:32:58.452+0000] {manager.py:490} INFO - Checking for new files in /opt/airflow/dags every 300 seconds
[2025-08-29T12:32:58.453+0000] {manager.py:758} INFO - Searching for files in /opt/airflow/dags
[2025-08-29T12:32:58.462+0000] {manager.py:761} INFO - There are 0 files in /opt/airflow/dags
[2025-08-29T12:37:58.601+0000] {manager.py:758} INFO - Searching for files in /opt/airflow/dags
[2025-08-29T12:37:58.714+0000] {manager.py:761} INFO - There are 0 files in /opt/airflow/dags
[2025-08-29T12:42:59.041+0000] {manager.py:758} INFO - Searching for files in /opt/airflow/dags
[2025-08-29T12:42:59.059+0000] {manager.py:761} INFO - There are 0 files in /opt/airflow/dags
[2025-08-29T12:47:59.169+0000] {manager.py:758} INFO - Searching for files in /opt/airflow/dags
[2025-08-29T12:47:59.237+0000] {manager.py:761} INFO - There are 0 files in /opt/airflow/dags
[2025-08-29T12:52:59.490+0000] {manager.py:758} INFO - Searching for files in /opt/airflow/dags
[2025-08-29T12:52:59.507+0000] {manager.py:761} INFO - There are 0 files in /opt/airflow/dags
[2025-08-29T12:57:59.711+0000] {manager.py:758} INFO - Searching for files in /opt/airflow/dags
[2025-08-29T12:57:59.735+0000] {manager.py:761} INFO - There are 0 files in /opt/airflow/dags
[2025-08-29T13:02:59.856+0000] {manager.py:758} INFO - Searching for files in /opt/airflow/dags
[2025-08-29T13:02:59.959+0000] {manager.py:761} INFO - There are 0 files in /opt/airflow/dags
[2025-08-29T13:08:00.070+0000] {manager.py:758} INFO - Searching for files in /opt/airflow/dags
[2025-08-29T13:08:00.226+0000] {manager.py:761} INFO - There are 0 files in /opt/airflow/dags
[2025-08-29T13:13:00.711+0000] {manager.py:758} INFO - Searching for files in /opt/airflow/dags
[2025-08-29T13:13:00.772+0000] {manager.py:761} INFO - There are 0 files in /opt/airflow/dags
[2025-08-29T13:18:01.448+0000] {manager.py:758} INFO - Searching for files in /opt/airflow/dags
[2025-08-29T13:18:01.553+0000] {manager.py:761} INFO - There are 0 files in /opt/airflow/dags
[2025-08-29T13:23:01.581+0000] {manager.py:758} INFO - Searching for files in /opt/airflow/dags
[2025-08-29T13:23:01.626+0000] {manager.py:761} INFO - There are 0 files in /opt/airflow/dags
[2025-08-29T13:28:01.925+0000] {manager.py:758} INFO - Searching for files in /opt/airflow/dags
[2025-08-29T13:28:01.991+0000] {manager.py:761} INFO - There are 0 files in /opt/airflow/dags
[2025-08-29T13:33:02.878+0000] {manager.py:758} INFO - Searching for files in /opt/airflow/dags
[2025-08-29T13:33:02.925+0000] {manager.py:761} INFO - There are 0 files in /opt/airflow/dags
[2025-08-29T13:38:03.275+0000] {manager.py:758} INFO - Searching for files in /opt/airflow/dags
[2025-08-29T13:38:03.279+0000] {manager.py:761} INFO - There are 0 files in /opt/airflow/dags
[2025-08-29T13:43:03.627+0000] {manager.py:758} INFO - Searching for files in /opt/airflow/dags
[2025-08-29T13:43:03.633+0000] {manager.py:761} INFO - There are 0 files in /opt/airflow/dags
[2025-08-29T13:48:03.724+0000] {manager.py:758} INFO - Searching for files in /opt/airflow/dags
[2025-08-29T13:48:03.744+0000] {manager.py:761} INFO - There are 0 files in /opt/airflow/dags
[2025-08-29T13:53:03.984+0000] {manager.py:758} INFO - Searching for files in /opt/airflow/dags
[2025-08-29T13:53:04.037+0000] {manager.py:761} INFO - There are 0 files in /opt/airflow/dags
[2025-08-29T13:58:04.438+0000] {manager.py:758} INFO - Searching for files in /opt/airflow/dags
[2025-08-29T13:58:04.505+0000] {manager.py:761} INFO - There are 0 files in /opt/airflow/dags
[2025-08-29T14:03:05.001+0000] {manager.py:758} INFO - Searching for files in /opt/airflow/dags
[2025-08-29T14:03:05.060+0000] {manager.py:761} INFO - There are 0 files in /opt/airflow/dags
[2025-08-29T14:08:05.376+0000] {manager.py:758} INFO - Searching for files in /opt/airflow/dags
[2025-08-29T14:08:05.452+0000] {manager.py:761} INFO - There are 0 files in /opt/airflow/dags
[2025-08-29T14:13:05.680+0000] {manager.py:758} INFO - Searching for files in /opt/airflow/dags
[2025-08-29T14:13:05.728+0000] {manager.py:761} INFO - There are 0 files in /opt/airflow/dags
[2025-08-29T14:18:06.085+0000] {manager.py:758} INFO - Searching for files in /opt/airflow/dags
[2025-08-29T14:18:06.137+0000] {manager.py:761} INFO - There are 0 files in /opt/airflow/dags
[2025-08-29T14:23:06.518+0000] {manager.py:758} INFO - Searching for files in /opt/airflow/dags
[2025-08-29T14:23:06.532+0000] {manager.py:761} INFO - There are 0 files in /opt/airflow/dags
[2025-08-29T14:28:06.994+0000] {manager.py:758} INFO - Searching for files in /opt/airflow/dags
[2025-08-29T14:28:07.002+0000] {manager.py:761} INFO - There are 0 files in /opt/airflow/dags
[2025-08-29T14:33:07.536+0000] {manager.py:758} INFO - Searching for files in /opt/airflow/dags
[2025-08-29T14:33:07.548+0000] {manager.py:761} INFO - There are 0 files in /opt/airflow/dags
[2025-08-29T14:38:08.039+0000] {manager.py:758} INFO - Searching for files in /opt/airflow/dags
[2025-08-29T14:38:08.046+0000] {manager.py:761} INFO - There are 0 files in /opt/airflow/dags
[2025-08-29T14:43:08.619+0000] {manager.py:758} INFO - Searching for files in /opt/airflow/dags
[2025-08-29T14:43:08.649+0000] {manager.py:761} INFO - There are 0 files in /opt/airflow/dags
[2025-08-29T14:48:09.247+0000] {manager.py:758} INFO - Searching for files in /opt/airflow/dags
[2025-08-29T14:48:09.253+0000] {manager.py:761} INFO - There are 0 files in /opt/airflow/dags
[2025-08-29T14:53:09.765+0000] {manager.py:758} INFO - Searching for files in /opt/airflow/dags
[2025-08-29T14:53:09.776+0000] {manager.py:761} INFO - There are 0 files in /opt/airflow/dags
[2025-08-29T14:58:10.414+0000] {manager.py:758} INFO - Searching for files in /opt/airflow/dags
[2025-08-29T14:58:10.423+0000] {manager.py:761} INFO - There are 0 files in /opt/airflow/dags
[2025-08-29T15:03:11.140+0000] {manager.py:758} INFO - Searching for files in /opt/airflow/dags
[2025-08-29T15:03:11.155+0000] {manager.py:761} INFO - There are 0 files in /opt/airflow/dags
[2025-08-29T15:08:11.786+0000] {manager.py:758} INFO - Searching for files in /opt/airflow/dags
[2025-08-29T15:08:11.803+0000] {manager.py:761} INFO - There are 0 files in /opt/airflow/dags
[2025-08-29T15:13:12.289+0000] {manager.py:758} INFO - Searching for files in /opt/airflow/dags
[2025-08-29T15:13:12.313+0000] {manager.py:761} INFO - There are 0 files in /opt/airflow/dags
[2025-08-29T15:18:12.850+0000] {manager.py:758} INFO - Searching for files in /opt/airflow/dags
[2025-08-29T15:18:12.855+0000] {manager.py:761} INFO - There are 0 files in /opt/airflow/dags
[2025-08-29T15:21:09.940+0000] {manager.py:470} INFO - Exiting gracefully upon receiving signal 15
[2025-08-31T13:09:09.952+0000] {manager.py:487} INFO - Processing files using up to 2 processes at a time 
[2025-08-31T13:09:09.955+0000] {manager.py:488} INFO - Process each file at most once every 30 seconds
[2025-08-31T13:09:09.955+0000] {manager.py:490} INFO - Checking for new files in /opt/airflow/dags every 300 seconds
[2025-08-31T13:09:09.956+0000] {manager.py:758} INFO - Searching for files in /opt/airflow/dags
[2025-08-31T13:09:09.963+0000] {manager.py:761} INFO - There are 0 files in /opt/airflow/dags
[2025-08-31T13:14:10.644+0000] {manager.py:758} INFO - Searching for files in /opt/airflow/dags
[2025-08-31T13:14:10.706+0000] {manager.py:761} INFO - There are 0 files in /opt/airflow/dags
[2025-08-31T13:19:11.339+0000] {manager.py:758} INFO - Searching for files in /opt/airflow/dags
[2025-08-31T13:19:11.357+0000] {manager.py:761} INFO - There are 0 files in /opt/airflow/dags
[2025-08-31T13:24:11.871+0000] {manager.py:758} INFO - Searching for files in /opt/airflow/dags
[2025-08-31T13:24:11.883+0000] {manager.py:761} INFO - There are 0 files in /opt/airflow/dags
[2025-08-31T13:29:12.485+0000] {manager.py:758} INFO - Searching for files in /opt/airflow/dags
[2025-08-31T13:29:12.503+0000] {manager.py:761} INFO - There are 0 files in /opt/airflow/dags
[2025-08-31T13:34:12.894+0000] {manager.py:758} INFO - Searching for files in /opt/airflow/dags
[2025-08-31T13:34:12.911+0000] {manager.py:761} INFO - There are 0 files in /opt/airflow/dags
[2025-08-31T13:39:13.592+0000] {manager.py:758} INFO - Searching for files in /opt/airflow/dags
[2025-08-31T13:39:13.600+0000] {manager.py:761} INFO - There are 0 files in /opt/airflow/dags
[2025-08-31T13:44:14.121+0000] {manager.py:758} INFO - Searching for files in /opt/airflow/dags
[2025-08-31T13:44:14.126+0000] {manager.py:761} INFO - There are 0 files in /opt/airflow/dags
[2025-08-31T13:49:14.707+0000] {manager.py:758} INFO - Searching for files in /opt/airflow/dags
[2025-08-31T13:49:14.715+0000] {manager.py:761} INFO - There are 0 files in /opt/airflow/dags
[2025-08-31T13:54:15.135+0000] {manager.py:758} INFO - Searching for files in /opt/airflow/dags
[2025-08-31T13:54:15.148+0000] {manager.py:761} INFO - There are 0 files in /opt/airflow/dags
[2025-08-31T13:59:15.650+0000] {manager.py:758} INFO - Searching for files in /opt/airflow/dags
[2025-08-31T13:59:15.676+0000] {manager.py:761} INFO - There are 0 files in /opt/airflow/dags
[2025-08-31T14:04:16.283+0000] {manager.py:758} INFO - Searching for files in /opt/airflow/dags
[2025-08-31T14:04:16.287+0000] {manager.py:761} INFO - There are 0 files in /opt/airflow/dags
[2025-08-31T14:09:16.899+0000] {manager.py:758} INFO - Searching for files in /opt/airflow/dags
[2025-08-31T14:09:16.905+0000] {manager.py:761} INFO - There are 0 files in /opt/airflow/dags
[2025-08-31T14:14:17.446+0000] {manager.py:758} INFO - Searching for files in /opt/airflow/dags
[2025-08-31T14:14:17.464+0000] {manager.py:761} INFO - There are 0 files in /opt/airflow/dags
[2025-08-31T14:19:17.920+0000] {manager.py:758} INFO - Searching for files in /opt/airflow/dags
[2025-08-31T14:19:17.929+0000] {manager.py:761} INFO - There are 0 files in /opt/airflow/dags
[2025-08-31T14:24:18.350+0000] {manager.py:758} INFO - Searching for files in /opt/airflow/dags
[2025-08-31T14:24:18.357+0000] {manager.py:761} INFO - There are 0 files in /opt/airflow/dags
[2025-08-31T14:29:18.870+0000] {manager.py:758} INFO - Searching for files in /opt/airflow/dags
[2025-08-31T14:29:18.874+0000] {manager.py:761} INFO - There are 0 files in /opt/airflow/dags
[2025-08-31T14:34:19.245+0000] {manager.py:758} INFO - Searching for files in /opt/airflow/dags
[2025-08-31T14:34:19.272+0000] {manager.py:761} INFO - There are 0 files in /opt/airflow/dags
[2025-08-31T14:39:19.583+0000] {manager.py:758} INFO - Searching for files in /opt/airflow/dags
[2025-08-31T14:39:19.598+0000] {manager.py:761} INFO - There are 0 files in /opt/airflow/dags
[2025-08-31T14:44:19.914+0000] {manager.py:758} INFO - Searching for files in /opt/airflow/dags
[2025-08-31T14:44:19.933+0000] {manager.py:761} INFO - There are 0 files in /opt/airflow/dags
[2025-08-31T14:49:20.115+0000] {manager.py:758} INFO - Searching for files in /opt/airflow/dags
[2025-08-31T14:49:20.151+0000] {manager.py:761} INFO - There are 0 files in /opt/airflow/dags
[2025-08-31T14:54:20.234+0000] {manager.py:758} INFO - Searching for files in /opt/airflow/dags
[2025-08-31T14:54:20.284+0000] {manager.py:761} INFO - There are 0 files in /opt/airflow/dags
[2025-08-31T14:59:20.629+0000] {manager.py:758} INFO - Searching for files in /opt/airflow/dags
[2025-08-31T14:59:20.652+0000] {manager.py:761} INFO - There are 0 files in /opt/airflow/dags
[2025-08-31T15:04:20.830+0000] {manager.py:758} INFO - Searching for files in /opt/airflow/dags
[2025-08-31T15:04:20.875+0000] {manager.py:761} INFO - There are 0 files in /opt/airflow/dags
[2025-08-31T15:09:21.143+0000] {manager.py:758} INFO - Searching for files in /opt/airflow/dags
[2025-08-31T15:09:21.176+0000] {manager.py:761} INFO - There are 0 files in /opt/airflow/dags
[2025-08-31T15:14:21.511+0000] {manager.py:758} INFO - Searching for files in /opt/airflow/dags
[2025-08-31T15:14:21.517+0000] {manager.py:761} INFO - There are 0 files in /opt/airflow/dags
[2025-08-31T15:19:21.772+0000] {manager.py:758} INFO - Searching for files in /opt/airflow/dags
[2025-08-31T15:19:21.798+0000] {manager.py:761} INFO - There are 0 files in /opt/airflow/dags
[2025-08-31T15:24:22.574+0000] {manager.py:758} INFO - Searching for files in /opt/airflow/dags
[2025-08-31T15:24:22.617+0000] {manager.py:761} INFO - There are 0 files in /opt/airflow/dags
[2025-08-31T15:29:22.833+0000] {manager.py:758} INFO - Searching for files in /opt/airflow/dags
[2025-08-31T15:29:22.905+0000] {manager.py:761} INFO - There are 0 files in /opt/airflow/dags
[2025-08-31T15:34:23.014+0000] {manager.py:758} INFO - Searching for files in /opt/airflow/dags
[2025-08-31T15:34:23.020+0000] {manager.py:761} INFO - There are 0 files in /opt/airflow/dags
[2025-08-31T15:39:23.952+0000] {manager.py:758} INFO - Searching for files in /opt/airflow/dags
[2025-08-31T15:39:23.958+0000] {manager.py:761} INFO - There are 0 files in /opt/airflow/dags
[2025-08-31T15:44:24.907+0000] {manager.py:758} INFO - Searching for files in /opt/airflow/dags
[2025-08-31T15:44:24.916+0000] {manager.py:761} INFO - There are 0 files in /opt/airflow/dags
[2025-08-31T15:49:25.525+0000] {manager.py:758} INFO - Searching for files in /opt/airflow/dags
[2025-08-31T15:49:25.665+0000] {manager.py:761} INFO - There are 0 files in /opt/airflow/dags
[2025-08-31T15:54:25.539+0000] {manager.py:758} INFO - Searching for files in /opt/airflow/dags
[2025-08-31T15:54:25.645+0000] {manager.py:761} INFO - There are 0 files in /opt/airflow/dags
[2025-08-31T15:59:26.117+0000] {manager.py:758} INFO - Searching for files in /opt/airflow/dags
[2025-08-31T15:59:26.187+0000] {manager.py:761} INFO - There are 0 files in /opt/airflow/dags
[2025-08-31T16:04:26.445+0000] {manager.py:758} INFO - Searching for files in /opt/airflow/dags
[2025-08-31T16:04:26.539+0000] {manager.py:761} INFO - There are 0 files in /opt/airflow/dags
[2025-08-31T16:09:26.860+0000] {manager.py:758} INFO - Searching for files in /opt/airflow/dags
[2025-08-31T16:09:27.051+0000] {manager.py:761} INFO - There are 0 files in /opt/airflow/dags
[2025-08-31T16:14:27.346+0000] {manager.py:758} INFO - Searching for files in /opt/airflow/dags
[2025-08-31T16:14:27.580+0000] {manager.py:761} INFO - There are 0 files in /opt/airflow/dags
[2025-08-31T16:19:27.968+0000] {manager.py:758} INFO - Searching for files in /opt/airflow/dags
[2025-08-31T16:19:29.777+0000] {manager.py:761} INFO - There are 0 files in /opt/airflow/dags
[2025-08-31T16:24:28.440+0000] {manager.py:758} INFO - Searching for files in /opt/airflow/dags
[2025-08-31T16:24:28.814+0000] {manager.py:761} INFO - There are 0 files in /opt/airflow/dags
[2025-08-31T16:29:28.649+0000] {manager.py:758} INFO - Searching for files in /opt/airflow/dags
[2025-08-31T16:29:28.758+0000] {manager.py:761} INFO - There are 0 files in /opt/airflow/dags
