[2025-09-11T12:59:54.179+0000] {logging_mixin.py:150} WARNING - /home/***/.local/lib/python3.7/site-packages/***/utils/sqlalchemy.py:124 DeprecationWarning: The sql_alchemy_conn option in [core] has been moved to the sql_alchemy_conn option in [database] - the old setting has been used, but please update your config.
[2025-09-11T12:59:54.305+0000] {taskinstance.py:1103} INFO - Dependencies all met for dep_context=non-requeueable deps ti=<TaskInstance: raw_to_dds.load_user_profiles scheduled__2025-09-11T11:59:17.039170+00:00 [queued]>
[2025-09-11T12:59:54.322+0000] {taskinstance.py:1103} INFO - Dependencies all met for dep_context=requeueable deps ti=<TaskInstance: raw_to_dds.load_user_profiles scheduled__2025-09-11T11:59:17.039170+00:00 [queued]>
[2025-09-11T12:59:54.322+0000] {taskinstance.py:1308} INFO - Starting attempt 1 of 3
[2025-09-11T12:59:54.360+0000] {taskinstance.py:1327} INFO - Executing <Task(PostgresOperator): load_user_profiles> on 2025-09-11 11:59:17.039170+00:00
[2025-09-11T12:59:54.368+0000] {standard_task_runner.py:57} INFO - Started process 197 to run task
[2025-09-11T12:59:54.372+0000] {standard_task_runner.py:84} INFO - Running: ['***', 'tasks', 'run', 'raw_to_dds', 'load_user_profiles', 'scheduled__2025-09-11T11:59:17.039170+00:00', '--job-id', '125', '--raw', '--subdir', 'DAGS_FOLDER/dags_utils.py', '--cfg-path', '/tmp/tmpq_dw9mi5']
[2025-09-11T12:59:54.376+0000] {standard_task_runner.py:85} INFO - Job 125: Subtask load_user_profiles
[2025-09-11T12:59:54.406+0000] {logging_mixin.py:150} WARNING - /home/***/.local/lib/python3.7/site-packages/***/settings.py:195 DeprecationWarning: The sql_alchemy_conn option in [core] has been moved to the sql_alchemy_conn option in [database] - the old setting has been used, but please update your config.
[2025-09-11T12:59:54.494+0000] {task_command.py:410} INFO - Running <TaskInstance: raw_to_dds.load_user_profiles scheduled__2025-09-11T11:59:17.039170+00:00 [running]> on host c905ba028b15
[2025-09-11T12:59:54.522+0000] {logging_mixin.py:150} WARNING - /home/***/.local/lib/python3.7/site-packages/***/utils/sqlalchemy.py:124 DeprecationWarning: The sql_alchemy_conn option in [core] has been moved to the sql_alchemy_conn option in [database] - the old setting has been used, but please update your config.
[2025-09-11T12:59:54.702+0000] {taskinstance.py:1547} INFO - Exporting env vars: AIRFLOW_CTX_DAG_OWNER='***' AIRFLOW_CTX_DAG_ID='raw_to_dds' AIRFLOW_CTX_TASK_ID='load_user_profiles' AIRFLOW_CTX_EXECUTION_DATE='2025-09-11T11:59:17.039170+00:00' AIRFLOW_CTX_TRY_NUMBER='1' AIRFLOW_CTX_DAG_RUN_ID='scheduled__2025-09-11T11:59:17.039170+00:00'
[2025-09-11T12:59:54.704+0000] {sql.py:265} INFO - Executing: 
        INSERT INTO dds.user_profiles (user_id, city, country)
        SELECT DISTINCT user_id, city, country
        FROM raw.events
        WHERE user_id IS NOT NULL
        ON CONFLICT (user_id) DO NOTHING;
        
[2025-09-11T12:59:54.727+0000] {base.py:73} INFO - Using connection ID 'postgres_default' for task execution.
[2025-09-11T12:59:54.880+0000] {base.py:73} INFO - Using connection ID 'postgres_default' for task execution.
[2025-09-11T12:59:54.892+0000] {sql.py:375} INFO - Running statement: 
        INSERT INTO dds.user_profiles (user_id, city, country)
        SELECT DISTINCT user_id, city, country
        FROM raw.events
        WHERE user_id IS NOT NULL
        ON CONFLICT (user_id) DO NOTHING;
        , parameters: None
[2025-09-11T12:59:54.894+0000] {taskinstance.py:1824} ERROR - Task failed with exception
Traceback (most recent call last):
  File "/home/airflow/.local/lib/python3.7/site-packages/airflow/providers/common/sql/operators/sql.py", line 277, in execute
    **extra_kwargs,
  File "/home/airflow/.local/lib/python3.7/site-packages/airflow/providers/common/sql/hooks/sql.py", line 349, in run
    self._run_command(cur, sql_statement, parameters)
  File "/home/airflow/.local/lib/python3.7/site-packages/airflow/providers/common/sql/hooks/sql.py", line 380, in _run_command
    cur.execute(sql_statement)
psycopg2.errors.UndefinedTable: relation "dds.user_profiles" does not exist
LINE 2:         INSERT INTO dds.user_profiles (user_id, city, countr...
                            ^

[2025-09-11T12:59:54.916+0000] {taskinstance.py:1350} INFO - Marking task as UP_FOR_RETRY. dag_id=raw_to_dds, task_id=load_user_profiles, execution_date=20250911T115917, start_date=20250911T125954, end_date=20250911T125954
[2025-09-11T12:59:54.945+0000] {standard_task_runner.py:109} ERROR - Failed to execute job 125 for task load_user_profiles (relation "dds.user_profiles" does not exist
LINE 2:         INSERT INTO dds.user_profiles (user_id, city, countr...
                            ^
; 197)
[2025-09-11T12:59:54.987+0000] {local_task_job_runner.py:225} INFO - Task exited with return code 1
[2025-09-11T12:59:55.082+0000] {taskinstance.py:2653} INFO - 0 downstream tasks scheduled from follow-on schedule check
