[2025-09-12T23:37:31.806+0000] {logging_mixin.py:150} WARNING - /home/***/.local/lib/python3.7/site-packages/***/utils/sqlalchemy.py:124 DeprecationWarning: The sql_alchemy_conn option in [core] has been moved to the sql_alchemy_conn option in [database] - the old setting has been used, but please update your config.
[2025-09-12T23:37:31.820+0000] {taskinstance.py:1103} INFO - Dependencies all met for dep_context=non-requeueable deps ti=<TaskInstance: generate_events_minutely.produce_entities_and_events scheduled__2025-09-12T23:36:30.195716+00:00 [queued]>
[2025-09-12T23:37:31.832+0000] {taskinstance.py:1103} INFO - Dependencies all met for dep_context=requeueable deps ti=<TaskInstance: generate_events_minutely.produce_entities_and_events scheduled__2025-09-12T23:36:30.195716+00:00 [queued]>
[2025-09-12T23:37:31.833+0000] {taskinstance.py:1308} INFO - Starting attempt 1 of 2
[2025-09-12T23:37:31.854+0000] {taskinstance.py:1327} INFO - Executing <Task(PythonOperator): produce_entities_and_events> on 2025-09-12 23:36:30.195716+00:00
[2025-09-12T23:37:31.861+0000] {standard_task_runner.py:57} INFO - Started process 483 to run task
[2025-09-12T23:37:31.864+0000] {standard_task_runner.py:84} INFO - Running: ['***', 'tasks', 'run', 'generate_events_minutely', 'produce_entities_and_events', 'scheduled__2025-09-12T23:36:30.195716+00:00', '--job-id', '171', '--raw', '--subdir', 'DAGS_FOLDER/generator_dag.py', '--cfg-path', '/tmp/tmpryq192r8']
[2025-09-12T23:37:31.866+0000] {standard_task_runner.py:85} INFO - Job 171: Subtask produce_entities_and_events
[2025-09-12T23:37:31.893+0000] {logging_mixin.py:150} WARNING - /home/***/.local/lib/python3.7/site-packages/***/settings.py:195 DeprecationWarning: The sql_alchemy_conn option in [core] has been moved to the sql_alchemy_conn option in [database] - the old setting has been used, but please update your config.
[2025-09-12T23:37:31.950+0000] {task_command.py:410} INFO - Running <TaskInstance: generate_events_minutely.produce_entities_and_events scheduled__2025-09-12T23:36:30.195716+00:00 [running]> on host 7b2e4533a3f5
[2025-09-12T23:37:31.973+0000] {logging_mixin.py:150} WARNING - /home/***/.local/lib/python3.7/site-packages/***/utils/sqlalchemy.py:124 DeprecationWarning: The sql_alchemy_conn option in [core] has been moved to the sql_alchemy_conn option in [database] - the old setting has been used, but please update your config.
[2025-09-12T23:37:32.078+0000] {taskinstance.py:1547} INFO - Exporting env vars: AIRFLOW_CTX_DAG_OWNER='***' AIRFLOW_CTX_DAG_ID='generate_events_minutely' AIRFLOW_CTX_TASK_ID='produce_entities_and_events' AIRFLOW_CTX_EXECUTION_DATE='2025-09-12T23:36:30.195716+00:00' AIRFLOW_CTX_TRY_NUMBER='1' AIRFLOW_CTX_DAG_RUN_ID='scheduled__2025-09-12T23:36:30.195716+00:00'
[2025-09-12T23:37:35.372+0000] {logging_mixin.py:150} INFO - [DEBUG] Kafka connection error: [Errno -2] Name or service not known
[2025-09-12T23:37:35.373+0000] {generator_dag.py:37} ERROR - Producer failed
Traceback (most recent call last):
  File "/opt/airflow/dags/generator_dag.py", line 33, in produce_task
    sent = produce_batch(send_count_users=1, events_per_user=2, broker=KAFKA_BROKER)
  File "/opt/airflow/dags/generator.py", line 158, in produce_batch
    raise RuntimeError(f"Kafka broker {broker} недоступен")
RuntimeError: Kafka broker kafka:29092 недоступен
[2025-09-12T23:37:35.379+0000] {taskinstance.py:1824} ERROR - Task failed with exception
Traceback (most recent call last):
  File "/home/airflow/.local/lib/python3.7/site-packages/airflow/operators/python.py", line 181, in execute
    return_value = self.execute_callable()
  File "/home/airflow/.local/lib/python3.7/site-packages/airflow/operators/python.py", line 198, in execute_callable
    return self.python_callable(*self.op_args, **self.op_kwargs)
  File "/opt/airflow/dags/generator_dag.py", line 33, in produce_task
    sent = produce_batch(send_count_users=1, events_per_user=2, broker=KAFKA_BROKER)
  File "/opt/airflow/dags/generator.py", line 158, in produce_batch
    raise RuntimeError(f"Kafka broker {broker} недоступен")
RuntimeError: Kafka broker kafka:29092 недоступен
[2025-09-12T23:37:35.395+0000] {taskinstance.py:1350} INFO - Marking task as UP_FOR_RETRY. dag_id=generate_events_minutely, task_id=produce_entities_and_events, execution_date=20250912T233630, start_date=20250912T233731, end_date=20250912T233735
[2025-09-12T23:37:35.414+0000] {standard_task_runner.py:109} ERROR - Failed to execute job 171 for task produce_entities_and_events (Kafka broker kafka:29092 недоступен; 483)
[2025-09-12T23:37:35.424+0000] {local_task_job_runner.py:225} INFO - Task exited with return code 1
[2025-09-12T23:37:35.455+0000] {taskinstance.py:2653} INFO - 0 downstream tasks scheduled from follow-on schedule check
