[2025-09-14T19:22:41.438+0000] {logging_mixin.py:150} WARNING - /home/***/.local/lib/python3.7/site-packages/***/utils/sqlalchemy.py:124 DeprecationWarning: The sql_alchemy_conn option in [core] has been moved to the sql_alchemy_conn option in [database] - the old setting has been used, but please update your config.
[2025-09-14T19:22:41.462+0000] {taskinstance.py:1103} INFO - Dependencies all met for dep_context=non-requeueable deps ti=<TaskInstance: raw_to_dds_enhanced.load_orders scheduled__2025-09-14T18:16:26.311354+00:00 [queued]>
[2025-09-14T19:22:41.484+0000] {taskinstance.py:1103} INFO - Dependencies all met for dep_context=requeueable deps ti=<TaskInstance: raw_to_dds_enhanced.load_orders scheduled__2025-09-14T18:16:26.311354+00:00 [queued]>
[2025-09-14T19:22:41.485+0000] {taskinstance.py:1308} INFO - Starting attempt 2 of 4
[2025-09-14T19:22:41.528+0000] {taskinstance.py:1327} INFO - Executing <Task(PythonOperator): load_orders> on 2025-09-14 18:16:26.311354+00:00
[2025-09-14T19:22:41.556+0000] {standard_task_runner.py:57} INFO - Started process 9805 to run task
[2025-09-14T19:22:41.563+0000] {standard_task_runner.py:84} INFO - Running: ['***', 'tasks', 'run', 'raw_to_dds_enhanced', 'load_orders', 'scheduled__2025-09-14T18:16:26.311354+00:00', '--job-id', '201', '--raw', '--subdir', 'DAGS_FOLDER/raw_to_dds.py', '--cfg-path', '/tmp/tmptcmpqrpc']
[2025-09-14T19:22:41.567+0000] {standard_task_runner.py:85} INFO - Job 201: Subtask load_orders
[2025-09-14T19:22:41.619+0000] {logging_mixin.py:150} WARNING - /home/***/.local/lib/python3.7/site-packages/***/settings.py:195 DeprecationWarning: The sql_alchemy_conn option in [core] has been moved to the sql_alchemy_conn option in [database] - the old setting has been used, but please update your config.
[2025-09-14T19:22:41.724+0000] {task_command.py:410} INFO - Running <TaskInstance: raw_to_dds_enhanced.load_orders scheduled__2025-09-14T18:16:26.311354+00:00 [running]> on host 3deaa5b4a23c
[2025-09-14T19:22:41.765+0000] {logging_mixin.py:150} WARNING - /home/***/.local/lib/python3.7/site-packages/***/utils/sqlalchemy.py:124 DeprecationWarning: The sql_alchemy_conn option in [core] has been moved to the sql_alchemy_conn option in [database] - the old setting has been used, but please update your config.
[2025-09-14T19:22:41.958+0000] {taskinstance.py:1547} INFO - Exporting env vars: AIRFLOW_CTX_DAG_OWNER='***' AIRFLOW_CTX_DAG_ID='raw_to_dds_enhanced' AIRFLOW_CTX_TASK_ID='load_orders' AIRFLOW_CTX_EXECUTION_DATE='2025-09-14T18:16:26.311354+00:00' AIRFLOW_CTX_TRY_NUMBER='2' AIRFLOW_CTX_DAG_RUN_ID='scheduled__2025-09-14T18:16:26.311354+00:00'
[2025-09-14T19:22:42.107+0000] {taskinstance.py:1824} ERROR - Task failed with exception
Traceback (most recent call last):
  File "/home/airflow/.local/lib/python3.7/site-packages/airflow/operators/python.py", line 181, in execute
    return_value = self.execute_callable()
  File "/home/airflow/.local/lib/python3.7/site-packages/airflow/operators/python.py", line 198, in execute_callable
    return self.python_callable(*self.op_args, **self.op_kwargs)
  File "/opt/airflow/dags/raw_to_dds.py", line 147, in load_orders_from_events
    cur.execute(order_sql, (row["order_id"], row["user_id"], row["order_ts"], row["total_usd"]))
psycopg2.errors.ForeignKeyViolation: insert or update on table "orders" violates foreign key constraint "orders_user_id_fkey"
DETAIL:  Key (user_id)=(4738) is not present in table "users".

[2025-09-14T19:22:42.149+0000] {taskinstance.py:1350} INFO - Marking task as UP_FOR_RETRY. dag_id=raw_to_dds_enhanced, task_id=load_orders, execution_date=20250914T181626, start_date=20250914T192241, end_date=20250914T192242
[2025-09-14T19:22:42.198+0000] {standard_task_runner.py:109} ERROR - Failed to execute job 201 for task load_orders (insert or update on table "orders" violates foreign key constraint "orders_user_id_fkey"
DETAIL:  Key (user_id)=(4738) is not present in table "users".
; 9805)
[2025-09-14T19:22:42.258+0000] {local_task_job_runner.py:225} INFO - Task exited with return code 1
[2025-09-14T19:22:42.363+0000] {taskinstance.py:2653} INFO - 0 downstream tasks scheduled from follow-on schedule check
