[2025-09-14T19:43:27.579+0000] {logging_mixin.py:150} WARNING - /home/***/.local/lib/python3.7/site-packages/***/utils/sqlalchemy.py:124 DeprecationWarning: The sql_alchemy_conn option in [core] has been moved to the sql_alchemy_conn option in [database] - the old setting has been used, but please update your config.
[2025-09-14T19:43:27.602+0000] {taskinstance.py:1103} INFO - Dependencies all met for dep_context=non-requeueable deps ti=<TaskInstance: raw_to_dds_enhanced.load_orders scheduled__2025-09-14T18:16:26.311354+00:00 [queued]>
[2025-09-14T19:43:27.620+0000] {taskinstance.py:1103} INFO - Dependencies all met for dep_context=requeueable deps ti=<TaskInstance: raw_to_dds_enhanced.load_orders scheduled__2025-09-14T18:16:26.311354+00:00 [queued]>
[2025-09-14T19:43:27.621+0000] {taskinstance.py:1308} INFO - Starting attempt 6 of 6
[2025-09-14T19:43:27.649+0000] {taskinstance.py:1327} INFO - Executing <Task(PythonOperator): load_orders> on 2025-09-14 18:16:26.311354+00:00
[2025-09-14T19:43:27.682+0000] {standard_task_runner.py:57} INFO - Started process 11527 to run task
[2025-09-14T19:43:27.722+0000] {standard_task_runner.py:84} INFO - Running: ['***', 'tasks', 'run', 'raw_to_dds_enhanced', 'load_orders', 'scheduled__2025-09-14T18:16:26.311354+00:00', '--job-id', '214', '--raw', '--subdir', 'DAGS_FOLDER/raw_to_dds.py', '--cfg-path', '/tmp/tmps_rnh360']
[2025-09-14T19:43:27.742+0000] {standard_task_runner.py:85} INFO - Job 214: Subtask load_orders
[2025-09-14T19:43:27.882+0000] {logging_mixin.py:150} WARNING - /home/***/.local/lib/python3.7/site-packages/***/settings.py:195 DeprecationWarning: The sql_alchemy_conn option in [core] has been moved to the sql_alchemy_conn option in [database] - the old setting has been used, but please update your config.
[2025-09-14T19:43:28.097+0000] {task_command.py:410} INFO - Running <TaskInstance: raw_to_dds_enhanced.load_orders scheduled__2025-09-14T18:16:26.311354+00:00 [running]> on host 3deaa5b4a23c
[2025-09-14T19:43:28.137+0000] {logging_mixin.py:150} WARNING - /home/***/.local/lib/python3.7/site-packages/***/utils/sqlalchemy.py:124 DeprecationWarning: The sql_alchemy_conn option in [core] has been moved to the sql_alchemy_conn option in [database] - the old setting has been used, but please update your config.
[2025-09-14T19:43:28.362+0000] {taskinstance.py:1547} INFO - Exporting env vars: AIRFLOW_CTX_DAG_OWNER='***' AIRFLOW_CTX_DAG_ID='raw_to_dds_enhanced' AIRFLOW_CTX_TASK_ID='load_orders' AIRFLOW_CTX_EXECUTION_DATE='2025-09-14T18:16:26.311354+00:00' AIRFLOW_CTX_TRY_NUMBER='6' AIRFLOW_CTX_DAG_RUN_ID='scheduled__2025-09-14T18:16:26.311354+00:00'
[2025-09-14T19:43:28.589+0000] {taskinstance.py:1824} ERROR - Task failed with exception
Traceback (most recent call last):
  File "/home/airflow/.local/lib/python3.7/site-packages/sqlalchemy/engine/base.py", line 1911, in _execute_context
    cursor, statement, parameters, context
  File "/home/airflow/.local/lib/python3.7/site-packages/sqlalchemy/engine/default.py", line 736, in do_execute
    cursor.execute(statement, parameters)
psycopg2.errors.UndefinedFunction: operator does not exist: text = integer
LINE 1: SELECT user_id FROM dds.users WHERE user_id IN (2208,1889,21...
                                                    ^
HINT:  No operator matches the given name and argument types. You might need to add explicit type casts.


The above exception was the direct cause of the following exception:

Traceback (most recent call last):
  File "/home/airflow/.local/lib/python3.7/site-packages/airflow/operators/python.py", line 181, in execute
    return_value = self.execute_callable()
  File "/home/airflow/.local/lib/python3.7/site-packages/airflow/operators/python.py", line 198, in execute_callable
    return self.python_callable(*self.op_args, **self.op_kwargs)
  File "/opt/airflow/dags/raw_to_dds.py", line 180, in load_orders_from_events
    existing_users = pd.read_sql(query, conn, params=missing_users_native)['user_id'].tolist()
  File "/home/airflow/.local/lib/python3.7/site-packages/pandas/io/sql.py", line 634, in read_sql
    chunksize=chunksize,
  File "/home/airflow/.local/lib/python3.7/site-packages/pandas/io/sql.py", line 1579, in read_query
    result = self.execute(*args)
  File "/home/airflow/.local/lib/python3.7/site-packages/pandas/io/sql.py", line 1424, in execute
    return self.connectable.execution_options().execute(*args, **kwargs)
  File "/home/airflow/.local/lib/python3.7/site-packages/sqlalchemy/engine/base.py", line 1375, in execute
    future=False,
  File "/home/airflow/.local/lib/python3.7/site-packages/sqlalchemy/engine/base.py", line 1681, in _exec_driver_sql
    distilled_parameters,
  File "/home/airflow/.local/lib/python3.7/site-packages/sqlalchemy/engine/base.py", line 1954, in _execute_context
    e, statement, parameters, cursor, context
  File "/home/airflow/.local/lib/python3.7/site-packages/sqlalchemy/engine/base.py", line 2135, in _handle_dbapi_exception
    sqlalchemy_exception, with_traceback=exc_info[2], from_=e
  File "/home/airflow/.local/lib/python3.7/site-packages/sqlalchemy/util/compat.py", line 211, in raise_
    raise exception
  File "/home/airflow/.local/lib/python3.7/site-packages/sqlalchemy/engine/base.py", line 1911, in _execute_context
    cursor, statement, parameters, context
  File "/home/airflow/.local/lib/python3.7/site-packages/sqlalchemy/engine/default.py", line 736, in do_execute
    cursor.execute(statement, parameters)
sqlalchemy.exc.ProgrammingError: (psycopg2.errors.UndefinedFunction) operator does not exist: text = integer
LINE 1: SELECT user_id FROM dds.users WHERE user_id IN (2208,1889,21...
                                                    ^
HINT:  No operator matches the given name and argument types. You might need to add explicit type casts.

[SQL: SELECT user_id FROM dds.users WHERE user_id IN (%s,%s,%s,%s,%s,%s,%s,%s,%s,%s)]
[parameters: (2208, 1889, 2178, 4738, 1280, 3850, 2096, 3893, 4567, 3709)]
(Background on this error at: https://sqlalche.me/e/14/f405)
[2025-09-14T19:43:28.646+0000] {taskinstance.py:1350} INFO - Marking task as FAILED. dag_id=raw_to_dds_enhanced, task_id=load_orders, execution_date=20250914T181626, start_date=20250914T194327, end_date=20250914T194328
[2025-09-14T19:43:28.648+0000] {logging_mixin.py:150} WARNING - /home/***/.local/lib/python3.7/site-packages/***/utils/context.py:205 AirflowContextDeprecationWarning: Accessing 'execution_date' from the template is deprecated and will be removed in a future version. Please use 'data_interval_start' or 'logical_date' instead.
[2025-09-14T19:43:29.196+0000] {standard_task_runner.py:109} ERROR - Failed to execute job 214 for task load_orders ((psycopg2.errors.UndefinedFunction) operator does not exist: text = integer
LINE 1: SELECT user_id FROM dds.users WHERE user_id IN (2208,1889,21...
                                                    ^
HINT:  No operator matches the given name and argument types. You might need to add explicit type casts.

[SQL: SELECT user_id FROM dds.users WHERE user_id IN (%s,%s,%s,%s,%s,%s,%s,%s,%s,%s)]
[parameters: (2208, 1889, 2178, 4738, 1280, 3850, 2096, 3893, 4567, 3709)]
(Background on this error at: https://sqlalche.me/e/14/f405); 11527)
[2025-09-14T19:43:29.252+0000] {local_task_job_runner.py:225} INFO - Task exited with return code 1
[2025-09-14T19:43:29.294+0000] {taskinstance.py:2653} INFO - 0 downstream tasks scheduled from follow-on schedule check
