[2025-09-14T19:22:46.102+0000] {logging_mixin.py:150} WARNING - /home/***/.local/lib/python3.7/site-packages/***/utils/sqlalchemy.py:124 DeprecationWarning: The sql_alchemy_conn option in [core] has been moved to the sql_alchemy_conn option in [database] - the old setting has been used, but please update your config.
[2025-09-14T19:22:46.128+0000] {taskinstance.py:1097} INFO - Dependencies not met for <TaskInstance: raw_to_dds_enhanced.load_orders scheduled__2025-09-14T18:16:26.311354+00:00 [up_for_retry]>, dependency 'Not In Retry Period' FAILED: Task is not ready for retry yet but will be retried automatically. Current date is 2025-09-14T19:22:46.128357+00:00 and task will be retried at 2025-09-14T19:27:42.148225+00:00.
[2025-09-14T19:22:46.133+0000] {local_task_job_runner.py:154} INFO - Task is not able to be run
[2025-09-14T19:27:48.037+0000] {logging_mixin.py:150} WARNING - /home/***/.local/lib/python3.7/site-packages/***/utils/sqlalchemy.py:124 DeprecationWarning: The sql_alchemy_conn option in [core] has been moved to the sql_alchemy_conn option in [database] - the old setting has been used, but please update your config.
[2025-09-14T19:27:48.056+0000] {taskinstance.py:1103} INFO - Dependencies all met for dep_context=non-requeueable deps ti=<TaskInstance: raw_to_dds_enhanced.load_orders scheduled__2025-09-14T18:16:26.311354+00:00 [queued]>
[2025-09-14T19:27:48.075+0000] {taskinstance.py:1103} INFO - Dependencies all met for dep_context=requeueable deps ti=<TaskInstance: raw_to_dds_enhanced.load_orders scheduled__2025-09-14T18:16:26.311354+00:00 [queued]>
[2025-09-14T19:27:48.076+0000] {taskinstance.py:1308} INFO - Starting attempt 3 of 4
[2025-09-14T19:27:48.108+0000] {taskinstance.py:1327} INFO - Executing <Task(PythonOperator): load_orders> on 2025-09-14 18:16:26.311354+00:00
[2025-09-14T19:27:48.138+0000] {standard_task_runner.py:57} INFO - Started process 10203 to run task
[2025-09-14T19:27:48.150+0000] {standard_task_runner.py:84} INFO - Running: ['***', 'tasks', 'run', 'raw_to_dds_enhanced', 'load_orders', 'scheduled__2025-09-14T18:16:26.311354+00:00', '--job-id', '203', '--raw', '--subdir', 'DAGS_FOLDER/raw_to_dds.py', '--cfg-path', '/tmp/tmp2l0rnmm2']
[2025-09-14T19:27:48.158+0000] {standard_task_runner.py:85} INFO - Job 203: Subtask load_orders
[2025-09-14T19:27:48.214+0000] {logging_mixin.py:150} WARNING - /home/***/.local/lib/python3.7/site-packages/***/settings.py:195 DeprecationWarning: The sql_alchemy_conn option in [core] has been moved to the sql_alchemy_conn option in [database] - the old setting has been used, but please update your config.
[2025-09-14T19:27:48.312+0000] {task_command.py:410} INFO - Running <TaskInstance: raw_to_dds_enhanced.load_orders scheduled__2025-09-14T18:16:26.311354+00:00 [running]> on host 3deaa5b4a23c
[2025-09-14T19:27:48.358+0000] {logging_mixin.py:150} WARNING - /home/***/.local/lib/python3.7/site-packages/***/utils/sqlalchemy.py:124 DeprecationWarning: The sql_alchemy_conn option in [core] has been moved to the sql_alchemy_conn option in [database] - the old setting has been used, but please update your config.
[2025-09-14T19:27:48.528+0000] {taskinstance.py:1547} INFO - Exporting env vars: AIRFLOW_CTX_DAG_OWNER='***' AIRFLOW_CTX_DAG_ID='raw_to_dds_enhanced' AIRFLOW_CTX_TASK_ID='load_orders' AIRFLOW_CTX_EXECUTION_DATE='2025-09-14T18:16:26.311354+00:00' AIRFLOW_CTX_TRY_NUMBER='3' AIRFLOW_CTX_DAG_RUN_ID='scheduled__2025-09-14T18:16:26.311354+00:00'
[2025-09-14T19:27:48.689+0000] {taskinstance.py:1824} ERROR - Task failed with exception
Traceback (most recent call last):
  File "/home/airflow/.local/lib/python3.7/site-packages/airflow/operators/python.py", line 181, in execute
    return_value = self.execute_callable()
  File "/home/airflow/.local/lib/python3.7/site-packages/airflow/operators/python.py", line 198, in execute_callable
    return self.python_callable(*self.op_args, **self.op_kwargs)
  File "/opt/airflow/dags/raw_to_dds.py", line 155, in load_orders_from_events
    row["order_id"], row["user_id"], row["order_ts"], row["total_usd"]
psycopg2.errors.ForeignKeyViolation: insert or update on table "orders" violates foreign key constraint "orders_user_id_fkey"
DETAIL:  Key (user_id)=(4738) is not present in table "users".

[2025-09-14T19:27:48.716+0000] {taskinstance.py:1350} INFO - Marking task as UP_FOR_RETRY. dag_id=raw_to_dds_enhanced, task_id=load_orders, execution_date=20250914T181626, start_date=20250914T192748, end_date=20250914T192748
[2025-09-14T19:27:48.745+0000] {standard_task_runner.py:109} ERROR - Failed to execute job 203 for task load_orders (insert or update on table "orders" violates foreign key constraint "orders_user_id_fkey"
DETAIL:  Key (user_id)=(4738) is not present in table "users".
; 10203)
[2025-09-14T19:27:48.760+0000] {local_task_job_runner.py:225} INFO - Task exited with return code 1
[2025-09-14T19:27:48.794+0000] {taskinstance.py:2653} INFO - 0 downstream tasks scheduled from follow-on schedule check
