[2025-09-02T20:56:55.952+0000] {logging_mixin.py:150} WARNING - /home/***/.local/lib/python3.7/site-packages/***/utils/sqlalchemy.py:124 DeprecationWarning: The sql_alchemy_conn option in [core] has been moved to the sql_alchemy_conn option in [database] - the old setting has been used, but please update your config.
[2025-09-02T20:56:55.976+0000] {taskinstance.py:1103} INFO - Dependencies all met for dep_context=non-requeueable deps ti=<TaskInstance: kafka_to_postgres.create_schemas scheduled__2025-09-02T20:30:00+00:00 [queued]>
[2025-09-02T20:56:56.000+0000] {taskinstance.py:1103} INFO - Dependencies all met for dep_context=requeueable deps ti=<TaskInstance: kafka_to_postgres.create_schemas scheduled__2025-09-02T20:30:00+00:00 [queued]>
[2025-09-02T20:56:56.002+0000] {taskinstance.py:1308} INFO - Starting attempt 2 of 3
[2025-09-02T20:56:56.041+0000] {taskinstance.py:1327} INFO - Executing <Task(PostgresOperator): create_schemas> on 2025-09-02 20:30:00+00:00
[2025-09-02T20:56:56.051+0000] {standard_task_runner.py:57} INFO - Started process 616 to run task
[2025-09-02T20:56:56.077+0000] {standard_task_runner.py:84} INFO - Running: ['***', 'tasks', 'run', 'kafka_to_postgres', 'create_schemas', 'scheduled__2025-09-02T20:30:00+00:00', '--job-id', '94', '--raw', '--subdir', 'DAGS_FOLDER/dags.py', '--cfg-path', '/tmp/tmpvuerz8tf']
[2025-09-02T20:56:56.088+0000] {standard_task_runner.py:85} INFO - Job 94: Subtask create_schemas
[2025-09-02T20:56:56.187+0000] {logging_mixin.py:150} WARNING - /home/***/.local/lib/python3.7/site-packages/***/settings.py:195 DeprecationWarning: The sql_alchemy_conn option in [core] has been moved to the sql_alchemy_conn option in [database] - the old setting has been used, but please update your config.
[2025-09-02T20:56:56.270+0000] {task_command.py:410} INFO - Running <TaskInstance: kafka_to_postgres.create_schemas scheduled__2025-09-02T20:30:00+00:00 [running]> on host 5646b9718ecc
[2025-09-02T20:56:56.299+0000] {logging_mixin.py:150} WARNING - /home/***/.local/lib/python3.7/site-packages/***/utils/sqlalchemy.py:124 DeprecationWarning: The sql_alchemy_conn option in [core] has been moved to the sql_alchemy_conn option in [database] - the old setting has been used, but please update your config.
[2025-09-02T20:56:56.456+0000] {taskinstance.py:1547} INFO - Exporting env vars: AIRFLOW_CTX_DAG_OWNER='***' AIRFLOW_CTX_DAG_ID='kafka_to_postgres' AIRFLOW_CTX_TASK_ID='create_schemas' AIRFLOW_CTX_EXECUTION_DATE='2025-09-02T20:30:00+00:00' AIRFLOW_CTX_TRY_NUMBER='2' AIRFLOW_CTX_DAG_RUN_ID='scheduled__2025-09-02T20:30:00+00:00'
[2025-09-02T20:56:56.457+0000] {sql.py:265} INFO - Executing: 
        CREATE SCHEMA IF NOT EXISTS raw;
        CREATE SCHEMA IF NOT EXISTS dds;
        CREATE SCHEMA IF NOT EXISTS dictionary;
        
[2025-09-02T20:56:56.480+0000] {base.py:73} INFO - Using connection ID 'postgres_default' for task execution.
[2025-09-02T20:56:56.653+0000] {base.py:73} INFO - Using connection ID 'postgres_default' for task execution.
[2025-09-02T20:56:56.669+0000] {sql.py:375} INFO - Running statement: 
        CREATE SCHEMA IF NOT EXISTS raw;
        CREATE SCHEMA IF NOT EXISTS dds;
        CREATE SCHEMA IF NOT EXISTS dictionary;
        , parameters: None
[2025-09-02T20:56:56.695+0000] {taskinstance.py:1350} INFO - Marking task as SUCCESS. dag_id=kafka_to_postgres, task_id=create_schemas, execution_date=20250902T203000, start_date=20250902T205655, end_date=20250902T205656
[2025-09-02T20:56:56.757+0000] {local_task_job_runner.py:225} INFO - Task exited with return code 0
[2025-09-02T20:56:56.802+0000] {taskinstance.py:2653} INFO - 1 downstream tasks scheduled from follow-on schedule check
