[2025-09-02T20:56:15.523+0000] {logging_mixin.py:150} WARNING - /home/***/.local/lib/python3.7/site-packages/***/utils/sqlalchemy.py:124 DeprecationWarning: The sql_alchemy_conn option in [core] has been moved to the sql_alchemy_conn option in [database] - the old setting has been used, but please update your config.
[2025-09-02T20:56:15.569+0000] {taskinstance.py:1103} INFO - Dependencies all met for dep_context=non-requeueable deps ti=<TaskInstance: kafka_to_postgres.create_schemas scheduled__2025-09-02T20:30:00+00:00 [queued]>
[2025-09-02T20:56:15.603+0000] {taskinstance.py:1103} INFO - Dependencies all met for dep_context=requeueable deps ti=<TaskInstance: kafka_to_postgres.create_schemas scheduled__2025-09-02T20:30:00+00:00 [queued]>
[2025-09-02T20:56:15.604+0000] {taskinstance.py:1308} INFO - Starting attempt 1 of 3
[2025-09-02T20:56:15.660+0000] {taskinstance.py:1327} INFO - Executing <Task(PostgresOperator): create_schemas> on 2025-09-02 20:30:00+00:00
[2025-09-02T20:56:15.730+0000] {standard_task_runner.py:57} INFO - Started process 591 to run task
[2025-09-02T20:56:15.745+0000] {standard_task_runner.py:84} INFO - Running: ['***', 'tasks', 'run', 'kafka_to_postgres', 'create_schemas', 'scheduled__2025-09-02T20:30:00+00:00', '--job-id', '92', '--raw', '--subdir', 'DAGS_FOLDER/dags.py', '--cfg-path', '/tmp/tmpllgu_wgp']
[2025-09-02T20:56:15.754+0000] {standard_task_runner.py:85} INFO - Job 92: Subtask create_schemas
[2025-09-02T20:56:15.949+0000] {logging_mixin.py:150} WARNING - /home/***/.local/lib/python3.7/site-packages/***/settings.py:195 DeprecationWarning: The sql_alchemy_conn option in [core] has been moved to the sql_alchemy_conn option in [database] - the old setting has been used, but please update your config.
[2025-09-02T20:56:16.330+0000] {task_command.py:410} INFO - Running <TaskInstance: kafka_to_postgres.create_schemas scheduled__2025-09-02T20:30:00+00:00 [running]> on host 5646b9718ecc
[2025-09-02T20:56:16.410+0000] {logging_mixin.py:150} WARNING - /home/***/.local/lib/python3.7/site-packages/***/utils/sqlalchemy.py:124 DeprecationWarning: The sql_alchemy_conn option in [core] has been moved to the sql_alchemy_conn option in [database] - the old setting has been used, but please update your config.
[2025-09-02T20:56:16.928+0000] {taskinstance.py:1547} INFO - Exporting env vars: AIRFLOW_CTX_DAG_OWNER='***' AIRFLOW_CTX_DAG_ID='kafka_to_postgres' AIRFLOW_CTX_TASK_ID='create_schemas' AIRFLOW_CTX_EXECUTION_DATE='2025-09-02T20:30:00+00:00' AIRFLOW_CTX_TRY_NUMBER='1' AIRFLOW_CTX_DAG_RUN_ID='scheduled__2025-09-02T20:30:00+00:00'
[2025-09-02T20:56:16.932+0000] {sql.py:265} INFO - Executing: 
        CREATE SCHEMA IF NOT EXISTS raw;
        CREATE SCHEMA IF NOT EXISTS dds;
        CREATE SCHEMA IF NOT EXISTS dictionary;
        
[2025-09-02T20:56:16.987+0000] {base.py:73} INFO - Using connection ID 'postgres_default' for task execution.
[2025-09-02T20:56:18.808+0000] {base.py:73} INFO - Using connection ID 'postgres_default' for task execution.
[2025-09-02T20:56:18.844+0000] {sql.py:375} INFO - Running statement: 
        CREATE SCHEMA IF NOT EXISTS raw;
        CREATE SCHEMA IF NOT EXISTS dds;
        CREATE SCHEMA IF NOT EXISTS dictionary;
        , parameters: None
[2025-09-02T20:56:18.902+0000] {taskinstance.py:1824} ERROR - Task failed with exception
Traceback (most recent call last):
  File "/home/airflow/.local/lib/python3.7/site-packages/airflow/providers/common/sql/operators/sql.py", line 277, in execute
    **extra_kwargs,
  File "/home/airflow/.local/lib/python3.7/site-packages/airflow/providers/common/sql/hooks/sql.py", line 349, in run
    self._run_command(cur, sql_statement, parameters)
  File "/home/airflow/.local/lib/python3.7/site-packages/airflow/providers/common/sql/hooks/sql.py", line 380, in _run_command
    cur.execute(sql_statement)
psycopg2.errors.UniqueViolation: duplicate key value violates unique constraint "pg_namespace_nspname_index"
DETAIL:  Key (nspname)=(raw) already exists.

[2025-09-02T20:56:18.963+0000] {taskinstance.py:1350} INFO - Marking task as UP_FOR_RETRY. dag_id=kafka_to_postgres, task_id=create_schemas, execution_date=20250902T203000, start_date=20250902T205615, end_date=20250902T205618
[2025-09-02T20:56:19.028+0000] {standard_task_runner.py:109} ERROR - Failed to execute job 92 for task create_schemas (duplicate key value violates unique constraint "pg_namespace_nspname_index"
DETAIL:  Key (nspname)=(raw) already exists.
; 591)
[2025-09-02T20:56:19.102+0000] {local_task_job_runner.py:225} INFO - Task exited with return code 1
[2025-09-02T20:56:19.262+0000] {taskinstance.py:2653} INFO - 0 downstream tasks scheduled from follow-on schedule check
