[2025-09-04T16:00:06.016+0000] {taskinstance.py:1103} INFO - Dependencies all met for dep_context=non-requeueable deps ti=<TaskInstance: kafka_to_postgres_batch.wait_for_kafka manual__2025-09-04T15:59:27.701299+00:00 [queued]>
[2025-09-04T16:00:06.038+0000] {taskinstance.py:1103} INFO - Dependencies all met for dep_context=requeueable deps ti=<TaskInstance: kafka_to_postgres_batch.wait_for_kafka manual__2025-09-04T15:59:27.701299+00:00 [queued]>
[2025-09-04T16:00:06.039+0000] {taskinstance.py:1308} INFO - Starting attempt 1 of 3
[2025-09-04T16:00:06.077+0000] {taskinstance.py:1327} INFO - Executing <Task(PythonSensor): wait_for_kafka> on 2025-09-04 15:59:27.701299+00:00
[2025-09-04T16:00:06.091+0000] {standard_task_runner.py:57} INFO - Started process 1741 to run task
[2025-09-04T16:00:06.097+0000] {standard_task_runner.py:84} INFO - Running: ['***', 'tasks', 'run', 'kafka_to_postgres_batch', 'wait_for_kafka', 'manual__2025-09-04T15:59:27.701299+00:00', '--job-id', '69', '--raw', '--subdir', 'DAGS_FOLDER/dags.py', '--cfg-path', '/tmp/tmpr9b8r0lh']
[2025-09-04T16:00:06.102+0000] {standard_task_runner.py:85} INFO - Job 69: Subtask wait_for_kafka
[2025-09-04T16:00:06.140+0000] {logging_mixin.py:150} WARNING - /home/***/.local/lib/python3.7/site-packages/***/settings.py:195 DeprecationWarning: The sql_alchemy_conn option in [core] has been moved to the sql_alchemy_conn option in [database] - the old setting has been used, but please update your config.
[2025-09-04T16:00:06.230+0000] {task_command.py:410} INFO - Running <TaskInstance: kafka_to_postgres_batch.wait_for_kafka manual__2025-09-04T15:59:27.701299+00:00 [running]> on host d0ffb450fc0e
[2025-09-04T16:00:06.464+0000] {taskinstance.py:1547} INFO - Exporting env vars: AIRFLOW_CTX_DAG_OWNER='***' AIRFLOW_CTX_DAG_ID='kafka_to_postgres_batch' AIRFLOW_CTX_TASK_ID='wait_for_kafka' AIRFLOW_CTX_EXECUTION_DATE='2025-09-04T15:59:27.701299+00:00' AIRFLOW_CTX_TRY_NUMBER='1' AIRFLOW_CTX_DAG_RUN_ID='manual__2025-09-04T15:59:27.701299+00:00'
[2025-09-04T16:00:06.466+0000] {python.py:72} INFO - Poking callable: <function check_kafka_message at 0x7ff2f4c86440>
[2025-09-04T16:00:14.495+0000] {conn.py:1521} WARNING - DNS lookup failed for kafka:29092, exception was [Errno -3] Temporary failure in name resolution. Is your advertised.listeners (called advertised.host.name before Kafka 9) correct and resolvable?
[2025-09-04T16:00:14.496+0000] {conn.py:324} ERROR - <BrokerConnection client_id=kafka-python-2.2.15, node_id=bootstrap-0 host=kafka:29092 <connecting> [unspecified None]>: DNS lookup failed for kafka:29092 (AddressFamily.AF_UNSPEC)
[2025-09-04T16:00:14.497+0000] {conn.py:945} ERROR - <BrokerConnection client_id=kafka-python-2.2.15, node_id=bootstrap-0 host=kafka:29092 <connecting> [unspecified None]>: Closing connection. KafkaConnectionError: DNS failure
[2025-09-04T16:00:14.498+0000] {taskinstance.py:1824} ERROR - Task failed with exception
Traceback (most recent call last):
  File "/home/airflow/.local/lib/python3.7/site-packages/airflow/sensors/base.py", line 225, in execute
    raise e
  File "/home/airflow/.local/lib/python3.7/site-packages/airflow/sensors/base.py", line 212, in execute
    poke_return = self.poke(context)
  File "/home/airflow/.local/lib/python3.7/site-packages/airflow/sensors/python.py", line 73, in poke
    return_value = self.python_callable(*self.op_args, **self.op_kwargs)
  File "/opt/airflow/dags/dags_utils.py", line 29, in check_kafka_message
    consumer_timeout_ms=5000
  File "/home/airflow/.local/lib/python3.7/site-packages/kafka/consumer/group.py", line 387, in __init__
    self._client = self.config['kafka_client'](metrics=self._metrics, **self.config)
  File "/home/airflow/.local/lib/python3.7/site-packages/kafka/client_async.py", line 262, in __init__
    self.config['api_version'] = self.check_version()
  File "/home/airflow/.local/lib/python3.7/site-packages/kafka/client_async.py", line 1074, in check_version
    raise Errors.NoBrokersAvailable()
kafka.errors.NoBrokersAvailable: NoBrokersAvailable
[2025-09-04T16:00:14.656+0000] {taskinstance.py:1350} INFO - Marking task as UP_FOR_RETRY. dag_id=kafka_to_postgres_batch, task_id=wait_for_kafka, execution_date=20250904T155927, start_date=20250904T160006, end_date=20250904T160014
[2025-09-04T16:00:14.754+0000] {standard_task_runner.py:109} ERROR - Failed to execute job 69 for task wait_for_kafka (NoBrokersAvailable; 1741)
[2025-09-04T16:00:14.823+0000] {local_task_job_runner.py:225} INFO - Task exited with return code 1
[2025-09-04T16:00:14.870+0000] {taskinstance.py:2653} INFO - 0 downstream tasks scheduled from follow-on schedule check
