[2025-09-03T14:38:58.012+0000] {processor.py:157} INFO - Started process (PID=168) to work on /opt/airflow/dags/dags_utils.py
[2025-09-03T14:38:58.018+0000] {processor.py:826} INFO - Processing file /opt/airflow/dags/dags_utils.py for tasks to queue
[2025-09-03T14:38:58.020+0000] {logging_mixin.py:150} INFO - [2025-09-03T14:38:58.019+0000] {dagbag.py:541} INFO - Filling up the DagBag from /opt/airflow/dags/dags_utils.py
[2025-09-03T14:38:58.956+0000] {processor.py:838} WARNING - No viable dags retrieved from /opt/airflow/dags/dags_utils.py
[2025-09-03T14:38:59.069+0000] {processor.py:179} INFO - Processing /opt/airflow/dags/dags_utils.py took 1.072 seconds
[2025-09-03T14:39:29.512+0000] {processor.py:157} INFO - Started process (PID=175) to work on /opt/airflow/dags/dags_utils.py
[2025-09-03T14:39:29.515+0000] {processor.py:826} INFO - Processing file /opt/airflow/dags/dags_utils.py for tasks to queue
[2025-09-03T14:39:29.518+0000] {logging_mixin.py:150} INFO - [2025-09-03T14:39:29.517+0000] {dagbag.py:541} INFO - Filling up the DagBag from /opt/airflow/dags/dags_utils.py
[2025-09-03T14:39:30.125+0000] {processor.py:838} WARNING - No viable dags retrieved from /opt/airflow/dags/dags_utils.py
[2025-09-03T14:39:30.146+0000] {processor.py:179} INFO - Processing /opt/airflow/dags/dags_utils.py took 0.650 seconds
[2025-09-03T14:40:00.446+0000] {processor.py:157} INFO - Started process (PID=185) to work on /opt/airflow/dags/dags_utils.py
[2025-09-03T14:40:00.448+0000] {processor.py:826} INFO - Processing file /opt/airflow/dags/dags_utils.py for tasks to queue
[2025-09-03T14:40:00.449+0000] {logging_mixin.py:150} INFO - [2025-09-03T14:40:00.449+0000] {dagbag.py:541} INFO - Filling up the DagBag from /opt/airflow/dags/dags_utils.py
[2025-09-03T14:40:00.737+0000] {processor.py:838} WARNING - No viable dags retrieved from /opt/airflow/dags/dags_utils.py
[2025-09-03T14:40:00.755+0000] {processor.py:179} INFO - Processing /opt/airflow/dags/dags_utils.py took 0.304 seconds
[2025-09-03T14:40:31.202+0000] {processor.py:157} INFO - Started process (PID=195) to work on /opt/airflow/dags/dags_utils.py
[2025-09-03T14:40:31.204+0000] {processor.py:826} INFO - Processing file /opt/airflow/dags/dags_utils.py for tasks to queue
[2025-09-03T14:40:31.210+0000] {logging_mixin.py:150} INFO - [2025-09-03T14:40:31.206+0000] {dagbag.py:541} INFO - Filling up the DagBag from /opt/airflow/dags/dags_utils.py
[2025-09-03T14:40:31.678+0000] {processor.py:838} WARNING - No viable dags retrieved from /opt/airflow/dags/dags_utils.py
[2025-09-03T14:40:31.710+0000] {processor.py:179} INFO - Processing /opt/airflow/dags/dags_utils.py took 0.514 seconds
[2025-09-03T14:41:02.072+0000] {processor.py:157} INFO - Started process (PID=205) to work on /opt/airflow/dags/dags_utils.py
[2025-09-03T14:41:02.074+0000] {processor.py:826} INFO - Processing file /opt/airflow/dags/dags_utils.py for tasks to queue
[2025-09-03T14:41:02.076+0000] {logging_mixin.py:150} INFO - [2025-09-03T14:41:02.075+0000] {dagbag.py:541} INFO - Filling up the DagBag from /opt/airflow/dags/dags_utils.py
[2025-09-03T14:41:02.387+0000] {processor.py:838} WARNING - No viable dags retrieved from /opt/airflow/dags/dags_utils.py
[2025-09-03T14:41:02.413+0000] {processor.py:179} INFO - Processing /opt/airflow/dags/dags_utils.py took 0.347 seconds
[2025-09-03T14:41:32.795+0000] {processor.py:157} INFO - Started process (PID=215) to work on /opt/airflow/dags/dags_utils.py
[2025-09-03T14:41:32.796+0000] {processor.py:826} INFO - Processing file /opt/airflow/dags/dags_utils.py for tasks to queue
[2025-09-03T14:41:32.797+0000] {logging_mixin.py:150} INFO - [2025-09-03T14:41:32.797+0000] {dagbag.py:541} INFO - Filling up the DagBag from /opt/airflow/dags/dags_utils.py
[2025-09-03T14:41:33.729+0000] {processor.py:838} WARNING - No viable dags retrieved from /opt/airflow/dags/dags_utils.py
[2025-09-03T14:41:33.792+0000] {processor.py:179} INFO - Processing /opt/airflow/dags/dags_utils.py took 1.000 seconds
[2025-09-03T14:42:04.179+0000] {processor.py:157} INFO - Started process (PID=225) to work on /opt/airflow/dags/dags_utils.py
[2025-09-03T14:42:04.181+0000] {processor.py:826} INFO - Processing file /opt/airflow/dags/dags_utils.py for tasks to queue
[2025-09-03T14:42:04.184+0000] {logging_mixin.py:150} INFO - [2025-09-03T14:42:04.183+0000] {dagbag.py:541} INFO - Filling up the DagBag from /opt/airflow/dags/dags_utils.py
[2025-09-03T14:42:05.453+0000] {processor.py:838} WARNING - No viable dags retrieved from /opt/airflow/dags/dags_utils.py
[2025-09-03T14:42:05.483+0000] {processor.py:179} INFO - Processing /opt/airflow/dags/dags_utils.py took 1.310 seconds
[2025-09-03T14:42:36.058+0000] {processor.py:157} INFO - Started process (PID=236) to work on /opt/airflow/dags/dags_utils.py
[2025-09-03T14:42:36.076+0000] {processor.py:826} INFO - Processing file /opt/airflow/dags/dags_utils.py for tasks to queue
[2025-09-03T14:42:36.085+0000] {logging_mixin.py:150} INFO - [2025-09-03T14:42:36.082+0000] {dagbag.py:541} INFO - Filling up the DagBag from /opt/airflow/dags/dags_utils.py
[2025-09-03T14:42:38.436+0000] {processor.py:838} WARNING - No viable dags retrieved from /opt/airflow/dags/dags_utils.py
[2025-09-03T14:42:38.474+0000] {processor.py:179} INFO - Processing /opt/airflow/dags/dags_utils.py took 2.553 seconds
[2025-09-03T14:43:08.870+0000] {processor.py:157} INFO - Started process (PID=251) to work on /opt/airflow/dags/dags_utils.py
[2025-09-03T14:43:08.872+0000] {processor.py:826} INFO - Processing file /opt/airflow/dags/dags_utils.py for tasks to queue
[2025-09-03T14:43:08.873+0000] {logging_mixin.py:150} INFO - [2025-09-03T14:43:08.873+0000] {dagbag.py:541} INFO - Filling up the DagBag from /opt/airflow/dags/dags_utils.py
[2025-09-03T14:43:10.174+0000] {processor.py:838} WARNING - No viable dags retrieved from /opt/airflow/dags/dags_utils.py
[2025-09-03T14:43:10.198+0000] {processor.py:179} INFO - Processing /opt/airflow/dags/dags_utils.py took 1.332 seconds
[2025-09-03T14:43:40.536+0000] {processor.py:157} INFO - Started process (PID=264) to work on /opt/airflow/dags/dags_utils.py
[2025-09-03T14:43:40.537+0000] {processor.py:826} INFO - Processing file /opt/airflow/dags/dags_utils.py for tasks to queue
[2025-09-03T14:43:40.539+0000] {logging_mixin.py:150} INFO - [2025-09-03T14:43:40.538+0000] {dagbag.py:541} INFO - Filling up the DagBag from /opt/airflow/dags/dags_utils.py
[2025-09-03T14:43:40.869+0000] {processor.py:838} WARNING - No viable dags retrieved from /opt/airflow/dags/dags_utils.py
[2025-09-03T14:43:40.890+0000] {processor.py:179} INFO - Processing /opt/airflow/dags/dags_utils.py took 0.358 seconds
[2025-09-03T14:44:11.293+0000] {processor.py:157} INFO - Started process (PID=274) to work on /opt/airflow/dags/dags_utils.py
[2025-09-03T14:44:11.298+0000] {processor.py:826} INFO - Processing file /opt/airflow/dags/dags_utils.py for tasks to queue
[2025-09-03T14:44:11.301+0000] {logging_mixin.py:150} INFO - [2025-09-03T14:44:11.300+0000] {dagbag.py:541} INFO - Filling up the DagBag from /opt/airflow/dags/dags_utils.py
[2025-09-03T14:44:13.720+0000] {processor.py:838} WARNING - No viable dags retrieved from /opt/airflow/dags/dags_utils.py
[2025-09-03T14:44:13.949+0000] {processor.py:179} INFO - Processing /opt/airflow/dags/dags_utils.py took 2.667 seconds
[2025-09-03T14:44:44.347+0000] {processor.py:157} INFO - Started process (PID=284) to work on /opt/airflow/dags/dags_utils.py
[2025-09-03T14:44:44.348+0000] {processor.py:826} INFO - Processing file /opt/airflow/dags/dags_utils.py for tasks to queue
[2025-09-03T14:44:44.349+0000] {logging_mixin.py:150} INFO - [2025-09-03T14:44:44.349+0000] {dagbag.py:541} INFO - Filling up the DagBag from /opt/airflow/dags/dags_utils.py
[2025-09-03T14:44:45.121+0000] {processor.py:838} WARNING - No viable dags retrieved from /opt/airflow/dags/dags_utils.py
[2025-09-03T14:44:45.160+0000] {processor.py:179} INFO - Processing /opt/airflow/dags/dags_utils.py took 0.818 seconds
[2025-09-03T14:45:15.500+0000] {processor.py:157} INFO - Started process (PID=294) to work on /opt/airflow/dags/dags_utils.py
[2025-09-03T14:45:15.502+0000] {processor.py:826} INFO - Processing file /opt/airflow/dags/dags_utils.py for tasks to queue
[2025-09-03T14:45:15.504+0000] {logging_mixin.py:150} INFO - [2025-09-03T14:45:15.503+0000] {dagbag.py:541} INFO - Filling up the DagBag from /opt/airflow/dags/dags_utils.py
[2025-09-03T14:45:17.421+0000] {processor.py:838} WARNING - No viable dags retrieved from /opt/airflow/dags/dags_utils.py
[2025-09-03T14:45:17.443+0000] {processor.py:179} INFO - Processing /opt/airflow/dags/dags_utils.py took 1.949 seconds
[2025-09-03T14:45:48.004+0000] {processor.py:157} INFO - Started process (PID=304) to work on /opt/airflow/dags/dags_utils.py
[2025-09-03T14:45:48.005+0000] {processor.py:826} INFO - Processing file /opt/airflow/dags/dags_utils.py for tasks to queue
[2025-09-03T14:45:48.006+0000] {logging_mixin.py:150} INFO - [2025-09-03T14:45:48.006+0000] {dagbag.py:541} INFO - Filling up the DagBag from /opt/airflow/dags/dags_utils.py
[2025-09-03T14:45:48.214+0000] {processor.py:838} WARNING - No viable dags retrieved from /opt/airflow/dags/dags_utils.py
[2025-09-03T14:45:48.243+0000] {processor.py:179} INFO - Processing /opt/airflow/dags/dags_utils.py took 0.244 seconds
[2025-09-03T14:46:18.579+0000] {processor.py:157} INFO - Started process (PID=314) to work on /opt/airflow/dags/dags_utils.py
[2025-09-03T14:46:18.581+0000] {processor.py:826} INFO - Processing file /opt/airflow/dags/dags_utils.py for tasks to queue
[2025-09-03T14:46:18.583+0000] {logging_mixin.py:150} INFO - [2025-09-03T14:46:18.582+0000] {dagbag.py:541} INFO - Filling up the DagBag from /opt/airflow/dags/dags_utils.py
[2025-09-03T14:46:18.814+0000] {processor.py:838} WARNING - No viable dags retrieved from /opt/airflow/dags/dags_utils.py
[2025-09-03T14:46:18.909+0000] {processor.py:179} INFO - Processing /opt/airflow/dags/dags_utils.py took 0.336 seconds
[2025-09-03T14:46:49.293+0000] {processor.py:157} INFO - Started process (PID=324) to work on /opt/airflow/dags/dags_utils.py
[2025-09-03T14:46:49.295+0000] {processor.py:826} INFO - Processing file /opt/airflow/dags/dags_utils.py for tasks to queue
[2025-09-03T14:46:49.296+0000] {logging_mixin.py:150} INFO - [2025-09-03T14:46:49.296+0000] {dagbag.py:541} INFO - Filling up the DagBag from /opt/airflow/dags/dags_utils.py
[2025-09-03T14:46:49.724+0000] {processor.py:838} WARNING - No viable dags retrieved from /opt/airflow/dags/dags_utils.py
[2025-09-03T14:46:49.804+0000] {processor.py:179} INFO - Processing /opt/airflow/dags/dags_utils.py took 0.532 seconds
[2025-09-03T14:47:21.442+0000] {processor.py:157} INFO - Started process (PID=334) to work on /opt/airflow/dags/dags_utils.py
[2025-09-03T14:47:21.451+0000] {processor.py:826} INFO - Processing file /opt/airflow/dags/dags_utils.py for tasks to queue
[2025-09-03T14:47:21.455+0000] {logging_mixin.py:150} INFO - [2025-09-03T14:47:21.454+0000] {dagbag.py:541} INFO - Filling up the DagBag from /opt/airflow/dags/dags_utils.py
[2025-09-03T14:47:21.953+0000] {processor.py:838} WARNING - No viable dags retrieved from /opt/airflow/dags/dags_utils.py
[2025-09-03T14:47:22.025+0000] {processor.py:179} INFO - Processing /opt/airflow/dags/dags_utils.py took 0.612 seconds
[2025-09-03T14:47:53.847+0000] {processor.py:157} INFO - Started process (PID=344) to work on /opt/airflow/dags/dags_utils.py
[2025-09-03T14:47:53.851+0000] {processor.py:826} INFO - Processing file /opt/airflow/dags/dags_utils.py for tasks to queue
[2025-09-03T14:47:53.853+0000] {logging_mixin.py:150} INFO - [2025-09-03T14:47:53.853+0000] {dagbag.py:541} INFO - Filling up the DagBag from /opt/airflow/dags/dags_utils.py
[2025-09-03T14:47:54.061+0000] {processor.py:838} WARNING - No viable dags retrieved from /opt/airflow/dags/dags_utils.py
[2025-09-03T14:47:54.087+0000] {processor.py:179} INFO - Processing /opt/airflow/dags/dags_utils.py took 0.245 seconds
[2025-09-03T14:48:24.408+0000] {processor.py:157} INFO - Started process (PID=354) to work on /opt/airflow/dags/dags_utils.py
[2025-09-03T14:48:24.410+0000] {processor.py:826} INFO - Processing file /opt/airflow/dags/dags_utils.py for tasks to queue
[2025-09-03T14:48:24.413+0000] {logging_mixin.py:150} INFO - [2025-09-03T14:48:24.412+0000] {dagbag.py:541} INFO - Filling up the DagBag from /opt/airflow/dags/dags_utils.py
[2025-09-03T14:48:24.785+0000] {processor.py:838} WARNING - No viable dags retrieved from /opt/airflow/dags/dags_utils.py
[2025-09-03T14:48:24.951+0000] {processor.py:179} INFO - Processing /opt/airflow/dags/dags_utils.py took 0.548 seconds
[2025-09-03T14:48:55.781+0000] {processor.py:157} INFO - Started process (PID=362) to work on /opt/airflow/dags/dags_utils.py
[2025-09-03T14:48:55.784+0000] {processor.py:826} INFO - Processing file /opt/airflow/dags/dags_utils.py for tasks to queue
[2025-09-03T14:48:55.795+0000] {logging_mixin.py:150} INFO - [2025-09-03T14:48:55.789+0000] {dagbag.py:541} INFO - Filling up the DagBag from /opt/airflow/dags/dags_utils.py
[2025-09-03T14:48:56.358+0000] {processor.py:838} WARNING - No viable dags retrieved from /opt/airflow/dags/dags_utils.py
[2025-09-03T14:48:56.469+0000] {processor.py:179} INFO - Processing /opt/airflow/dags/dags_utils.py took 0.720 seconds
[2025-09-03T14:49:26.989+0000] {processor.py:157} INFO - Started process (PID=374) to work on /opt/airflow/dags/dags_utils.py
[2025-09-03T14:49:26.993+0000] {processor.py:826} INFO - Processing file /opt/airflow/dags/dags_utils.py for tasks to queue
[2025-09-03T14:49:27.000+0000] {logging_mixin.py:150} INFO - [2025-09-03T14:49:26.997+0000] {dagbag.py:541} INFO - Filling up the DagBag from /opt/airflow/dags/dags_utils.py
[2025-09-03T14:49:27.640+0000] {processor.py:838} WARNING - No viable dags retrieved from /opt/airflow/dags/dags_utils.py
[2025-09-03T14:49:27.750+0000] {processor.py:179} INFO - Processing /opt/airflow/dags/dags_utils.py took 0.783 seconds
[2025-09-03T14:49:58.641+0000] {processor.py:157} INFO - Started process (PID=381) to work on /opt/airflow/dags/dags_utils.py
[2025-09-03T14:49:58.666+0000] {processor.py:826} INFO - Processing file /opt/airflow/dags/dags_utils.py for tasks to queue
[2025-09-03T14:49:58.667+0000] {logging_mixin.py:150} INFO - [2025-09-03T14:49:58.667+0000] {dagbag.py:541} INFO - Filling up the DagBag from /opt/airflow/dags/dags_utils.py
[2025-09-03T14:49:59.133+0000] {processor.py:838} WARNING - No viable dags retrieved from /opt/airflow/dags/dags_utils.py
[2025-09-03T14:49:59.169+0000] {processor.py:179} INFO - Processing /opt/airflow/dags/dags_utils.py took 0.531 seconds
[2025-09-03T14:50:29.540+0000] {processor.py:157} INFO - Started process (PID=391) to work on /opt/airflow/dags/dags_utils.py
[2025-09-03T14:50:29.541+0000] {processor.py:826} INFO - Processing file /opt/airflow/dags/dags_utils.py for tasks to queue
[2025-09-03T14:50:29.543+0000] {logging_mixin.py:150} INFO - [2025-09-03T14:50:29.542+0000] {dagbag.py:541} INFO - Filling up the DagBag from /opt/airflow/dags/dags_utils.py
[2025-09-03T14:50:29.685+0000] {processor.py:838} WARNING - No viable dags retrieved from /opt/airflow/dags/dags_utils.py
[2025-09-03T14:50:29.706+0000] {processor.py:179} INFO - Processing /opt/airflow/dags/dags_utils.py took 0.172 seconds
[2025-09-03T14:51:00.033+0000] {processor.py:157} INFO - Started process (PID=401) to work on /opt/airflow/dags/dags_utils.py
[2025-09-03T14:51:00.035+0000] {processor.py:826} INFO - Processing file /opt/airflow/dags/dags_utils.py for tasks to queue
[2025-09-03T14:51:00.036+0000] {logging_mixin.py:150} INFO - [2025-09-03T14:51:00.036+0000] {dagbag.py:541} INFO - Filling up the DagBag from /opt/airflow/dags/dags_utils.py
[2025-09-03T14:51:00.266+0000] {processor.py:838} WARNING - No viable dags retrieved from /opt/airflow/dags/dags_utils.py
[2025-09-03T14:51:00.296+0000] {processor.py:179} INFO - Processing /opt/airflow/dags/dags_utils.py took 0.268 seconds
[2025-09-03T14:51:30.833+0000] {processor.py:157} INFO - Started process (PID=420) to work on /opt/airflow/dags/dags_utils.py
[2025-09-03T14:51:30.843+0000] {processor.py:826} INFO - Processing file /opt/airflow/dags/dags_utils.py for tasks to queue
[2025-09-03T14:51:30.846+0000] {logging_mixin.py:150} INFO - [2025-09-03T14:51:30.845+0000] {dagbag.py:541} INFO - Filling up the DagBag from /opt/airflow/dags/dags_utils.py
[2025-09-03T14:51:31.343+0000] {processor.py:838} WARNING - No viable dags retrieved from /opt/airflow/dags/dags_utils.py
[2025-09-03T14:51:31.423+0000] {processor.py:179} INFO - Processing /opt/airflow/dags/dags_utils.py took 0.601 seconds
[2025-09-03T14:52:01.755+0000] {processor.py:157} INFO - Started process (PID=430) to work on /opt/airflow/dags/dags_utils.py
[2025-09-03T14:52:01.756+0000] {processor.py:826} INFO - Processing file /opt/airflow/dags/dags_utils.py for tasks to queue
[2025-09-03T14:52:01.758+0000] {logging_mixin.py:150} INFO - [2025-09-03T14:52:01.758+0000] {dagbag.py:541} INFO - Filling up the DagBag from /opt/airflow/dags/dags_utils.py
[2025-09-03T14:52:01.922+0000] {processor.py:838} WARNING - No viable dags retrieved from /opt/airflow/dags/dags_utils.py
[2025-09-03T14:52:01.945+0000] {processor.py:179} INFO - Processing /opt/airflow/dags/dags_utils.py took 0.195 seconds
[2025-09-03T14:52:32.288+0000] {processor.py:157} INFO - Started process (PID=440) to work on /opt/airflow/dags/dags_utils.py
[2025-09-03T14:52:32.289+0000] {processor.py:826} INFO - Processing file /opt/airflow/dags/dags_utils.py for tasks to queue
[2025-09-03T14:52:32.292+0000] {logging_mixin.py:150} INFO - [2025-09-03T14:52:32.291+0000] {dagbag.py:541} INFO - Filling up the DagBag from /opt/airflow/dags/dags_utils.py
[2025-09-03T14:52:32.431+0000] {processor.py:838} WARNING - No viable dags retrieved from /opt/airflow/dags/dags_utils.py
[2025-09-03T14:52:32.451+0000] {processor.py:179} INFO - Processing /opt/airflow/dags/dags_utils.py took 0.167 seconds
[2025-09-03T14:53:02.778+0000] {processor.py:157} INFO - Started process (PID=450) to work on /opt/airflow/dags/dags_utils.py
[2025-09-03T14:53:02.780+0000] {processor.py:826} INFO - Processing file /opt/airflow/dags/dags_utils.py for tasks to queue
[2025-09-03T14:53:02.782+0000] {logging_mixin.py:150} INFO - [2025-09-03T14:53:02.781+0000] {dagbag.py:541} INFO - Filling up the DagBag from /opt/airflow/dags/dags_utils.py
[2025-09-03T14:53:02.934+0000] {processor.py:838} WARNING - No viable dags retrieved from /opt/airflow/dags/dags_utils.py
[2025-09-03T14:53:02.954+0000] {processor.py:179} INFO - Processing /opt/airflow/dags/dags_utils.py took 0.184 seconds
[2025-09-03T14:53:33.326+0000] {processor.py:157} INFO - Started process (PID=460) to work on /opt/airflow/dags/dags_utils.py
[2025-09-03T14:53:33.328+0000] {processor.py:826} INFO - Processing file /opt/airflow/dags/dags_utils.py for tasks to queue
[2025-09-03T14:53:33.329+0000] {logging_mixin.py:150} INFO - [2025-09-03T14:53:33.329+0000] {dagbag.py:541} INFO - Filling up the DagBag from /opt/airflow/dags/dags_utils.py
[2025-09-03T14:53:33.633+0000] {processor.py:838} WARNING - No viable dags retrieved from /opt/airflow/dags/dags_utils.py
[2025-09-03T14:53:33.681+0000] {processor.py:179} INFO - Processing /opt/airflow/dags/dags_utils.py took 0.362 seconds
[2025-09-03T14:54:04.062+0000] {processor.py:157} INFO - Started process (PID=470) to work on /opt/airflow/dags/dags_utils.py
[2025-09-03T14:54:04.063+0000] {processor.py:826} INFO - Processing file /opt/airflow/dags/dags_utils.py for tasks to queue
[2025-09-03T14:54:04.065+0000] {logging_mixin.py:150} INFO - [2025-09-03T14:54:04.064+0000] {dagbag.py:541} INFO - Filling up the DagBag from /opt/airflow/dags/dags_utils.py
[2025-09-03T14:54:04.270+0000] {processor.py:838} WARNING - No viable dags retrieved from /opt/airflow/dags/dags_utils.py
[2025-09-03T14:54:04.290+0000] {processor.py:179} INFO - Processing /opt/airflow/dags/dags_utils.py took 0.234 seconds
[2025-09-03T14:54:35.269+0000] {processor.py:157} INFO - Started process (PID=480) to work on /opt/airflow/dags/dags_utils.py
[2025-09-03T14:54:35.270+0000] {processor.py:826} INFO - Processing file /opt/airflow/dags/dags_utils.py for tasks to queue
[2025-09-03T14:54:35.272+0000] {logging_mixin.py:150} INFO - [2025-09-03T14:54:35.271+0000] {dagbag.py:541} INFO - Filling up the DagBag from /opt/airflow/dags/dags_utils.py
[2025-09-03T14:54:35.551+0000] {processor.py:838} WARNING - No viable dags retrieved from /opt/airflow/dags/dags_utils.py
[2025-09-03T14:54:35.600+0000] {processor.py:179} INFO - Processing /opt/airflow/dags/dags_utils.py took 0.336 seconds
[2025-09-03T14:55:06.055+0000] {processor.py:157} INFO - Started process (PID=490) to work on /opt/airflow/dags/dags_utils.py
[2025-09-03T14:55:06.058+0000] {processor.py:826} INFO - Processing file /opt/airflow/dags/dags_utils.py for tasks to queue
[2025-09-03T14:55:06.062+0000] {logging_mixin.py:150} INFO - [2025-09-03T14:55:06.062+0000] {dagbag.py:541} INFO - Filling up the DagBag from /opt/airflow/dags/dags_utils.py
[2025-09-03T14:55:06.321+0000] {processor.py:838} WARNING - No viable dags retrieved from /opt/airflow/dags/dags_utils.py
[2025-09-03T14:55:06.356+0000] {processor.py:179} INFO - Processing /opt/airflow/dags/dags_utils.py took 0.334 seconds
[2025-09-03T14:55:36.685+0000] {processor.py:157} INFO - Started process (PID=500) to work on /opt/airflow/dags/dags_utils.py
[2025-09-03T14:55:36.686+0000] {processor.py:826} INFO - Processing file /opt/airflow/dags/dags_utils.py for tasks to queue
[2025-09-03T14:55:36.689+0000] {logging_mixin.py:150} INFO - [2025-09-03T14:55:36.688+0000] {dagbag.py:541} INFO - Filling up the DagBag from /opt/airflow/dags/dags_utils.py
[2025-09-03T14:55:36.856+0000] {processor.py:838} WARNING - No viable dags retrieved from /opt/airflow/dags/dags_utils.py
[2025-09-03T14:55:36.874+0000] {processor.py:179} INFO - Processing /opt/airflow/dags/dags_utils.py took 0.195 seconds
[2025-09-03T14:56:07.208+0000] {processor.py:157} INFO - Started process (PID=510) to work on /opt/airflow/dags/dags_utils.py
[2025-09-03T14:56:07.209+0000] {processor.py:826} INFO - Processing file /opt/airflow/dags/dags_utils.py for tasks to queue
[2025-09-03T14:56:07.210+0000] {logging_mixin.py:150} INFO - [2025-09-03T14:56:07.210+0000] {dagbag.py:541} INFO - Filling up the DagBag from /opt/airflow/dags/dags_utils.py
[2025-09-03T14:56:07.384+0000] {processor.py:838} WARNING - No viable dags retrieved from /opt/airflow/dags/dags_utils.py
[2025-09-03T14:56:07.408+0000] {processor.py:179} INFO - Processing /opt/airflow/dags/dags_utils.py took 0.204 seconds
[2025-09-03T14:56:37.741+0000] {processor.py:157} INFO - Started process (PID=520) to work on /opt/airflow/dags/dags_utils.py
[2025-09-03T14:56:37.743+0000] {processor.py:826} INFO - Processing file /opt/airflow/dags/dags_utils.py for tasks to queue
[2025-09-03T14:56:37.745+0000] {logging_mixin.py:150} INFO - [2025-09-03T14:56:37.744+0000] {dagbag.py:541} INFO - Filling up the DagBag from /opt/airflow/dags/dags_utils.py
[2025-09-03T14:56:38.205+0000] {processor.py:838} WARNING - No viable dags retrieved from /opt/airflow/dags/dags_utils.py
[2025-09-03T14:56:38.315+0000] {processor.py:179} INFO - Processing /opt/airflow/dags/dags_utils.py took 0.580 seconds
[2025-09-03T14:57:08.880+0000] {processor.py:157} INFO - Started process (PID=527) to work on /opt/airflow/dags/dags_utils.py
[2025-09-03T14:57:08.898+0000] {processor.py:826} INFO - Processing file /opt/airflow/dags/dags_utils.py for tasks to queue
[2025-09-03T14:57:08.913+0000] {logging_mixin.py:150} INFO - [2025-09-03T14:57:08.908+0000] {dagbag.py:541} INFO - Filling up the DagBag from /opt/airflow/dags/dags_utils.py
[2025-09-03T14:57:09.919+0000] {processor.py:838} WARNING - No viable dags retrieved from /opt/airflow/dags/dags_utils.py
[2025-09-03T14:57:10.033+0000] {processor.py:179} INFO - Processing /opt/airflow/dags/dags_utils.py took 1.234 seconds
[2025-09-03T14:57:14.127+0000] {processor.py:157} INFO - Started process (PID=537) to work on /opt/airflow/dags/dags_utils.py
[2025-09-03T14:57:14.129+0000] {processor.py:826} INFO - Processing file /opt/airflow/dags/dags_utils.py for tasks to queue
[2025-09-03T14:57:14.131+0000] {logging_mixin.py:150} INFO - [2025-09-03T14:57:14.130+0000] {dagbag.py:541} INFO - Filling up the DagBag from /opt/airflow/dags/dags_utils.py
[2025-09-03T14:57:14.141+0000] {logging_mixin.py:150} INFO - [2025-09-03T14:57:14.141+0000] {dagbag.py:327} INFO - File /opt/airflow/dags/dags_utils.py assumed to contain no DAGs. Skipping.
[2025-09-03T14:57:14.142+0000] {processor.py:838} WARNING - No viable dags retrieved from /opt/airflow/dags/dags_utils.py
[2025-09-03T14:57:14.174+0000] {processor.py:179} INFO - Processing /opt/airflow/dags/dags_utils.py took 0.056 seconds
[2025-09-03T14:57:44.449+0000] {processor.py:157} INFO - Started process (PID=548) to work on /opt/airflow/dags/dags_utils.py
[2025-09-03T14:57:44.453+0000] {processor.py:826} INFO - Processing file /opt/airflow/dags/dags_utils.py for tasks to queue
[2025-09-03T14:57:44.459+0000] {logging_mixin.py:150} INFO - [2025-09-03T14:57:44.456+0000] {dagbag.py:541} INFO - Filling up the DagBag from /opt/airflow/dags/dags_utils.py
[2025-09-03T14:57:44.503+0000] {logging_mixin.py:150} INFO - [2025-09-03T14:57:44.502+0000] {dagbag.py:327} INFO - File /opt/airflow/dags/dags_utils.py assumed to contain no DAGs. Skipping.
[2025-09-03T14:57:44.506+0000] {processor.py:838} WARNING - No viable dags retrieved from /opt/airflow/dags/dags_utils.py
[2025-09-03T14:57:44.579+0000] {processor.py:179} INFO - Processing /opt/airflow/dags/dags_utils.py took 0.142 seconds
[2025-09-03T14:58:14.916+0000] {processor.py:157} INFO - Started process (PID=558) to work on /opt/airflow/dags/dags_utils.py
[2025-09-03T14:58:14.918+0000] {processor.py:826} INFO - Processing file /opt/airflow/dags/dags_utils.py for tasks to queue
[2025-09-03T14:58:14.920+0000] {logging_mixin.py:150} INFO - [2025-09-03T14:58:14.919+0000] {dagbag.py:541} INFO - Filling up the DagBag from /opt/airflow/dags/dags_utils.py
[2025-09-03T14:58:14.927+0000] {logging_mixin.py:150} INFO - [2025-09-03T14:58:14.927+0000] {dagbag.py:327} INFO - File /opt/airflow/dags/dags_utils.py assumed to contain no DAGs. Skipping.
[2025-09-03T14:58:14.928+0000] {processor.py:838} WARNING - No viable dags retrieved from /opt/airflow/dags/dags_utils.py
[2025-09-03T14:58:14.951+0000] {processor.py:179} INFO - Processing /opt/airflow/dags/dags_utils.py took 0.038 seconds
[2025-09-03T14:58:45.537+0000] {processor.py:157} INFO - Started process (PID=569) to work on /opt/airflow/dags/dags_utils.py
[2025-09-03T14:58:45.540+0000] {processor.py:826} INFO - Processing file /opt/airflow/dags/dags_utils.py for tasks to queue
[2025-09-03T14:58:45.542+0000] {logging_mixin.py:150} INFO - [2025-09-03T14:58:45.541+0000] {dagbag.py:541} INFO - Filling up the DagBag from /opt/airflow/dags/dags_utils.py
[2025-09-03T14:58:45.558+0000] {logging_mixin.py:150} INFO - [2025-09-03T14:58:45.557+0000] {dagbag.py:327} INFO - File /opt/airflow/dags/dags_utils.py assumed to contain no DAGs. Skipping.
[2025-09-03T14:58:45.559+0000] {processor.py:838} WARNING - No viable dags retrieved from /opt/airflow/dags/dags_utils.py
[2025-09-03T14:58:45.595+0000] {processor.py:179} INFO - Processing /opt/airflow/dags/dags_utils.py took 0.065 seconds
