[2025-09-03T19:45:18.265+0000] {processor.py:157} INFO - Started process (PID=1984) to work on /opt/airflow/dags/raw_to_dds.py
[2025-09-03T19:45:18.291+0000] {processor.py:826} INFO - Processing file /opt/airflow/dags/raw_to_dds.py for tasks to queue
[2025-09-03T19:45:18.360+0000] {logging_mixin.py:150} INFO - [2025-09-03T19:45:18.322+0000] {dagbag.py:541} INFO - Filling up the DagBag from /opt/airflow/dags/raw_to_dds.py
[2025-09-03T19:45:19.591+0000] {processor.py:836} INFO - DAG(s) dict_keys(['raw_to_dds']) retrieved from /opt/airflow/dags/raw_to_dds.py
[2025-09-03T19:45:23.946+0000] {logging_mixin.py:150} INFO - [2025-09-03T19:45:23.946+0000] {manager.py:504} INFO - Created Permission View: can edit on DAG:raw_to_dds
[2025-09-03T19:45:24.022+0000] {logging_mixin.py:150} INFO - [2025-09-03T19:45:24.022+0000] {manager.py:504} INFO - Created Permission View: can delete on DAG:raw_to_dds
[2025-09-03T19:45:24.066+0000] {logging_mixin.py:150} INFO - [2025-09-03T19:45:24.065+0000] {manager.py:504} INFO - Created Permission View: can read on DAG:raw_to_dds
[2025-09-03T19:45:24.145+0000] {logging_mixin.py:150} INFO - [2025-09-03T19:45:24.145+0000] {dag.py:2742} INFO - Sync 1 DAGs
[2025-09-03T19:45:24.242+0000] {logging_mixin.py:150} INFO - [2025-09-03T19:45:24.242+0000] {dag.py:2763} INFO - Creating ORM DAG for raw_to_dds
[2025-09-03T19:45:24.347+0000] {logging_mixin.py:150} INFO - [2025-09-03T19:45:24.346+0000] {dag.py:3508} INFO - Setting next_dagrun for raw_to_dds to 2025-09-03T18:45:24.341067+00:00, run_after=2025-09-03T19:45:24.341067+00:00
[2025-09-03T19:45:24.530+0000] {processor.py:179} INFO - Processing /opt/airflow/dags/raw_to_dds.py took 6.559 seconds
[2025-09-03T19:45:55.689+0000] {processor.py:157} INFO - Started process (PID=1996) to work on /opt/airflow/dags/raw_to_dds.py
[2025-09-03T19:45:55.698+0000] {processor.py:826} INFO - Processing file /opt/airflow/dags/raw_to_dds.py for tasks to queue
[2025-09-03T19:45:55.709+0000] {logging_mixin.py:150} INFO - [2025-09-03T19:45:55.704+0000] {dagbag.py:541} INFO - Filling up the DagBag from /opt/airflow/dags/raw_to_dds.py
[2025-09-03T19:45:55.858+0000] {processor.py:836} INFO - DAG(s) dict_keys(['raw_to_dds']) retrieved from /opt/airflow/dags/raw_to_dds.py
[2025-09-03T19:45:56.032+0000] {logging_mixin.py:150} INFO - [2025-09-03T19:45:56.032+0000] {dag.py:2742} INFO - Sync 1 DAGs
[2025-09-03T19:45:56.146+0000] {logging_mixin.py:150} INFO - [2025-09-03T19:45:56.146+0000] {dag.py:3508} INFO - Setting next_dagrun for raw_to_dds to 2025-09-03T18:45:56.144155+00:00, run_after=2025-09-03T19:45:56.144155+00:00
[2025-09-03T19:45:56.257+0000] {processor.py:179} INFO - Processing /opt/airflow/dags/raw_to_dds.py took 0.618 seconds
[2025-09-03T19:46:26.684+0000] {processor.py:157} INFO - Started process (PID=2010) to work on /opt/airflow/dags/raw_to_dds.py
[2025-09-03T19:46:26.689+0000] {processor.py:826} INFO - Processing file /opt/airflow/dags/raw_to_dds.py for tasks to queue
[2025-09-03T19:46:26.697+0000] {logging_mixin.py:150} INFO - [2025-09-03T19:46:26.694+0000] {dagbag.py:541} INFO - Filling up the DagBag from /opt/airflow/dags/raw_to_dds.py
[2025-09-03T19:46:26.810+0000] {processor.py:836} INFO - DAG(s) dict_keys(['raw_to_dds']) retrieved from /opt/airflow/dags/raw_to_dds.py
[2025-09-03T19:46:27.019+0000] {logging_mixin.py:150} INFO - [2025-09-03T19:46:27.018+0000] {dag.py:2742} INFO - Sync 1 DAGs
[2025-09-03T19:46:27.159+0000] {logging_mixin.py:150} INFO - [2025-09-03T19:46:27.158+0000] {dag.py:3508} INFO - Setting next_dagrun for raw_to_dds to 2025-09-03T18:46:27.156119+00:00, run_after=2025-09-03T19:46:27.156119+00:00
[2025-09-03T19:46:27.249+0000] {processor.py:179} INFO - Processing /opt/airflow/dags/raw_to_dds.py took 0.605 seconds
[2025-09-03T19:46:58.392+0000] {processor.py:157} INFO - Started process (PID=2028) to work on /opt/airflow/dags/raw_to_dds.py
[2025-09-03T19:46:58.405+0000] {processor.py:826} INFO - Processing file /opt/airflow/dags/raw_to_dds.py for tasks to queue
[2025-09-03T19:46:58.426+0000] {logging_mixin.py:150} INFO - [2025-09-03T19:46:58.417+0000] {dagbag.py:541} INFO - Filling up the DagBag from /opt/airflow/dags/raw_to_dds.py
[2025-09-03T19:46:58.802+0000] {processor.py:836} INFO - DAG(s) dict_keys(['raw_to_dds']) retrieved from /opt/airflow/dags/raw_to_dds.py
[2025-09-03T19:46:59.759+0000] {logging_mixin.py:150} INFO - [2025-09-03T19:46:59.758+0000] {dag.py:2742} INFO - Sync 1 DAGs
[2025-09-03T19:47:00.505+0000] {logging_mixin.py:150} INFO - [2025-09-03T19:47:00.505+0000] {dag.py:3508} INFO - Setting next_dagrun for raw_to_dds to 2025-09-03T18:47:00.504147+00:00, run_after=2025-09-03T19:47:00.504147+00:00
[2025-09-03T19:47:01.031+0000] {processor.py:179} INFO - Processing /opt/airflow/dags/raw_to_dds.py took 2.747 seconds
[2025-09-03T19:47:31.809+0000] {processor.py:157} INFO - Started process (PID=2043) to work on /opt/airflow/dags/raw_to_dds.py
[2025-09-03T19:47:31.810+0000] {processor.py:826} INFO - Processing file /opt/airflow/dags/raw_to_dds.py for tasks to queue
[2025-09-03T19:47:31.812+0000] {logging_mixin.py:150} INFO - [2025-09-03T19:47:31.812+0000] {dagbag.py:541} INFO - Filling up the DagBag from /opt/airflow/dags/raw_to_dds.py
[2025-09-03T19:47:31.934+0000] {processor.py:836} INFO - DAG(s) dict_keys(['raw_to_dds']) retrieved from /opt/airflow/dags/raw_to_dds.py
[2025-09-03T19:47:32.033+0000] {logging_mixin.py:150} INFO - [2025-09-03T19:47:32.032+0000] {dag.py:2742} INFO - Sync 1 DAGs
[2025-09-03T19:47:32.123+0000] {logging_mixin.py:150} INFO - [2025-09-03T19:47:32.123+0000] {dag.py:3508} INFO - Setting next_dagrun for raw_to_dds to 2025-09-03T18:47:32.121723+00:00, run_after=2025-09-03T19:47:32.121723+00:00
[2025-09-03T19:47:32.190+0000] {processor.py:179} INFO - Processing /opt/airflow/dags/raw_to_dds.py took 0.385 seconds
[2025-09-03T19:48:02.754+0000] {processor.py:157} INFO - Started process (PID=2053) to work on /opt/airflow/dags/raw_to_dds.py
[2025-09-03T19:48:02.756+0000] {processor.py:826} INFO - Processing file /opt/airflow/dags/raw_to_dds.py for tasks to queue
[2025-09-03T19:48:02.757+0000] {logging_mixin.py:150} INFO - [2025-09-03T19:48:02.757+0000] {dagbag.py:541} INFO - Filling up the DagBag from /opt/airflow/dags/raw_to_dds.py
[2025-09-03T19:48:02.785+0000] {processor.py:836} INFO - DAG(s) dict_keys(['raw_to_dds']) retrieved from /opt/airflow/dags/raw_to_dds.py
[2025-09-03T19:48:02.829+0000] {logging_mixin.py:150} INFO - [2025-09-03T19:48:02.829+0000] {dag.py:2742} INFO - Sync 1 DAGs
[2025-09-03T19:48:02.877+0000] {logging_mixin.py:150} INFO - [2025-09-03T19:48:02.877+0000] {dag.py:3508} INFO - Setting next_dagrun for raw_to_dds to 2025-09-03T18:48:02.876695+00:00, run_after=2025-09-03T19:48:02.876695+00:00
[2025-09-03T19:48:02.914+0000] {processor.py:179} INFO - Processing /opt/airflow/dags/raw_to_dds.py took 0.166 seconds
[2025-09-03T19:48:33.141+0000] {processor.py:157} INFO - Started process (PID=2063) to work on /opt/airflow/dags/raw_to_dds.py
[2025-09-03T19:48:33.145+0000] {processor.py:826} INFO - Processing file /opt/airflow/dags/raw_to_dds.py for tasks to queue
[2025-09-03T19:48:33.150+0000] {logging_mixin.py:150} INFO - [2025-09-03T19:48:33.148+0000] {dagbag.py:541} INFO - Filling up the DagBag from /opt/airflow/dags/raw_to_dds.py
[2025-09-03T19:48:33.366+0000] {processor.py:836} INFO - DAG(s) dict_keys(['raw_to_dds']) retrieved from /opt/airflow/dags/raw_to_dds.py
[2025-09-03T19:48:33.455+0000] {logging_mixin.py:150} INFO - [2025-09-03T19:48:33.455+0000] {dag.py:2742} INFO - Sync 1 DAGs
[2025-09-03T19:48:33.539+0000] {logging_mixin.py:150} INFO - [2025-09-03T19:48:33.538+0000] {dag.py:3508} INFO - Setting next_dagrun for raw_to_dds to 2025-09-03T18:48:33.537540+00:00, run_after=2025-09-03T19:48:33.537540+00:00
[2025-09-03T19:48:33.600+0000] {processor.py:179} INFO - Processing /opt/airflow/dags/raw_to_dds.py took 0.472 seconds
[2025-09-03T19:49:04.023+0000] {processor.py:157} INFO - Started process (PID=2073) to work on /opt/airflow/dags/raw_to_dds.py
[2025-09-03T19:49:04.026+0000] {processor.py:826} INFO - Processing file /opt/airflow/dags/raw_to_dds.py for tasks to queue
[2025-09-03T19:49:04.028+0000] {logging_mixin.py:150} INFO - [2025-09-03T19:49:04.028+0000] {dagbag.py:541} INFO - Filling up the DagBag from /opt/airflow/dags/raw_to_dds.py
[2025-09-03T19:49:04.454+0000] {processor.py:836} INFO - DAG(s) dict_keys(['raw_to_dds']) retrieved from /opt/airflow/dags/raw_to_dds.py
[2025-09-03T19:49:04.515+0000] {logging_mixin.py:150} INFO - [2025-09-03T19:49:04.514+0000] {dag.py:2742} INFO - Sync 1 DAGs
[2025-09-03T19:49:04.562+0000] {logging_mixin.py:150} INFO - [2025-09-03T19:49:04.562+0000] {dag.py:3508} INFO - Setting next_dagrun for raw_to_dds to 2025-09-03T18:49:04.561805+00:00, run_after=2025-09-03T19:49:04.561805+00:00
[2025-09-03T19:49:04.600+0000] {processor.py:179} INFO - Processing /opt/airflow/dags/raw_to_dds.py took 0.587 seconds
[2025-09-03T19:49:34.758+0000] {processor.py:157} INFO - Started process (PID=2083) to work on /opt/airflow/dags/raw_to_dds.py
[2025-09-03T19:49:34.759+0000] {processor.py:826} INFO - Processing file /opt/airflow/dags/raw_to_dds.py for tasks to queue
[2025-09-03T19:49:34.761+0000] {logging_mixin.py:150} INFO - [2025-09-03T19:49:34.760+0000] {dagbag.py:541} INFO - Filling up the DagBag from /opt/airflow/dags/raw_to_dds.py
[2025-09-03T19:49:34.790+0000] {processor.py:836} INFO - DAG(s) dict_keys(['raw_to_dds']) retrieved from /opt/airflow/dags/raw_to_dds.py
[2025-09-03T19:49:34.854+0000] {logging_mixin.py:150} INFO - [2025-09-03T19:49:34.853+0000] {dag.py:2742} INFO - Sync 1 DAGs
[2025-09-03T19:49:34.895+0000] {logging_mixin.py:150} INFO - [2025-09-03T19:49:34.895+0000] {dag.py:3508} INFO - Setting next_dagrun for raw_to_dds to 2025-09-03T18:49:34.895003+00:00, run_after=2025-09-03T19:49:34.895003+00:00
[2025-09-03T19:49:34.954+0000] {processor.py:179} INFO - Processing /opt/airflow/dags/raw_to_dds.py took 0.201 seconds
[2025-09-03T19:50:05.374+0000] {processor.py:157} INFO - Started process (PID=2091) to work on /opt/airflow/dags/raw_to_dds.py
[2025-09-03T19:50:05.386+0000] {processor.py:826} INFO - Processing file /opt/airflow/dags/raw_to_dds.py for tasks to queue
[2025-09-03T19:50:05.393+0000] {logging_mixin.py:150} INFO - [2025-09-03T19:50:05.391+0000] {dagbag.py:541} INFO - Filling up the DagBag from /opt/airflow/dags/raw_to_dds.py
[2025-09-03T19:50:05.524+0000] {processor.py:836} INFO - DAG(s) dict_keys(['raw_to_dds']) retrieved from /opt/airflow/dags/raw_to_dds.py
[2025-09-03T19:50:05.698+0000] {logging_mixin.py:150} INFO - [2025-09-03T19:50:05.698+0000] {dag.py:2742} INFO - Sync 1 DAGs
[2025-09-03T19:50:05.782+0000] {logging_mixin.py:150} INFO - [2025-09-03T19:50:05.782+0000] {dag.py:3508} INFO - Setting next_dagrun for raw_to_dds to 2025-09-03T18:50:05.781661+00:00, run_after=2025-09-03T19:50:05.781661+00:00
[2025-09-03T19:50:05.838+0000] {processor.py:179} INFO - Processing /opt/airflow/dags/raw_to_dds.py took 0.484 seconds
[2025-09-03T19:50:18.646+0000] {processor.py:157} INFO - Started process (PID=2098) to work on /opt/airflow/dags/raw_to_dds.py
[2025-09-03T19:50:18.685+0000] {processor.py:826} INFO - Processing file /opt/airflow/dags/raw_to_dds.py for tasks to queue
[2025-09-03T19:50:18.724+0000] {logging_mixin.py:150} INFO - [2025-09-03T19:50:18.722+0000] {dagbag.py:541} INFO - Filling up the DagBag from /opt/airflow/dags/raw_to_dds.py
[2025-09-03T19:50:19.535+0000] {processor.py:836} INFO - DAG(s) dict_keys(['raw_to_dds']) retrieved from /opt/airflow/dags/raw_to_dds.py
[2025-09-03T19:50:25.588+0000] {logging_mixin.py:150} INFO - [2025-09-03T19:50:25.571+0000] {dag.py:2742} INFO - Sync 1 DAGs
[2025-09-03T19:50:28.705+0000] {logging_mixin.py:150} INFO - [2025-09-03T19:50:28.700+0000] {dag.py:3508} INFO - Setting next_dagrun for raw_to_dds to 2025-09-03T18:50:28.447262+00:00, run_after=2025-09-03T19:50:28.447262+00:00
[2025-09-03T19:50:29.320+0000] {processor.py:179} INFO - Processing /opt/airflow/dags/raw_to_dds.py took 10.781 seconds
[2025-09-03T19:51:02.895+0000] {processor.py:157} INFO - Started process (PID=2108) to work on /opt/airflow/dags/raw_to_dds.py
[2025-09-03T19:51:02.943+0000] {processor.py:826} INFO - Processing file /opt/airflow/dags/raw_to_dds.py for tasks to queue
[2025-09-03T19:51:03.051+0000] {logging_mixin.py:150} INFO - [2025-09-03T19:51:03.020+0000] {dagbag.py:541} INFO - Filling up the DagBag from /opt/airflow/dags/raw_to_dds.py
[2025-09-03T19:51:03.830+0000] {processor.py:836} INFO - DAG(s) dict_keys(['raw_to_dds']) retrieved from /opt/airflow/dags/raw_to_dds.py
[2025-09-03T19:51:04.745+0000] {logging_mixin.py:150} INFO - [2025-09-03T19:51:04.745+0000] {dag.py:2742} INFO - Sync 1 DAGs
[2025-09-03T19:51:05.415+0000] {logging_mixin.py:150} INFO - [2025-09-03T19:51:05.414+0000] {dag.py:3508} INFO - Setting next_dagrun for raw_to_dds to 2025-09-03T18:51:05.408048+00:00, run_after=2025-09-03T19:51:05.408048+00:00
[2025-09-03T19:51:05.777+0000] {processor.py:179} INFO - Processing /opt/airflow/dags/raw_to_dds.py took 3.006 seconds
[2025-09-03T19:51:36.837+0000] {processor.py:157} INFO - Started process (PID=2128) to work on /opt/airflow/dags/raw_to_dds.py
[2025-09-03T19:51:36.848+0000] {processor.py:826} INFO - Processing file /opt/airflow/dags/raw_to_dds.py for tasks to queue
[2025-09-03T19:51:36.860+0000] {logging_mixin.py:150} INFO - [2025-09-03T19:51:36.855+0000] {dagbag.py:541} INFO - Filling up the DagBag from /opt/airflow/dags/raw_to_dds.py
[2025-09-03T19:51:37.067+0000] {processor.py:836} INFO - DAG(s) dict_keys(['raw_to_dds']) retrieved from /opt/airflow/dags/raw_to_dds.py
[2025-09-03T19:51:37.320+0000] {logging_mixin.py:150} INFO - [2025-09-03T19:51:37.319+0000] {dag.py:2742} INFO - Sync 1 DAGs
[2025-09-03T19:51:37.487+0000] {logging_mixin.py:150} INFO - [2025-09-03T19:51:37.487+0000] {dag.py:3508} INFO - Setting next_dagrun for raw_to_dds to 2025-09-03T19:51:05.408048+00:00, run_after=2025-09-03T20:51:05.408048+00:00
[2025-09-03T19:51:37.579+0000] {processor.py:179} INFO - Processing /opt/airflow/dags/raw_to_dds.py took 0.882 seconds
[2025-09-03T19:52:07.761+0000] {processor.py:157} INFO - Started process (PID=2140) to work on /opt/airflow/dags/raw_to_dds.py
[2025-09-03T19:52:07.763+0000] {processor.py:826} INFO - Processing file /opt/airflow/dags/raw_to_dds.py for tasks to queue
[2025-09-03T19:52:07.765+0000] {logging_mixin.py:150} INFO - [2025-09-03T19:52:07.765+0000] {dagbag.py:541} INFO - Filling up the DagBag from /opt/airflow/dags/raw_to_dds.py
[2025-09-03T19:52:07.805+0000] {processor.py:836} INFO - DAG(s) dict_keys(['raw_to_dds']) retrieved from /opt/airflow/dags/raw_to_dds.py
[2025-09-03T19:52:07.972+0000] {logging_mixin.py:150} INFO - [2025-09-03T19:52:07.971+0000] {dag.py:2742} INFO - Sync 1 DAGs
[2025-09-03T19:52:08.125+0000] {logging_mixin.py:150} INFO - [2025-09-03T19:52:08.125+0000] {dag.py:3508} INFO - Setting next_dagrun for raw_to_dds to 2025-09-03T19:51:05.408048+00:00, run_after=2025-09-03T20:51:05.408048+00:00
[2025-09-03T19:52:08.195+0000] {processor.py:179} INFO - Processing /opt/airflow/dags/raw_to_dds.py took 0.459 seconds
[2025-09-03T19:52:38.658+0000] {processor.py:157} INFO - Started process (PID=2150) to work on /opt/airflow/dags/raw_to_dds.py
[2025-09-03T19:52:38.661+0000] {processor.py:826} INFO - Processing file /opt/airflow/dags/raw_to_dds.py for tasks to queue
[2025-09-03T19:52:38.678+0000] {logging_mixin.py:150} INFO - [2025-09-03T19:52:38.676+0000] {dagbag.py:541} INFO - Filling up the DagBag from /opt/airflow/dags/raw_to_dds.py
[2025-09-03T19:52:38.782+0000] {processor.py:836} INFO - DAG(s) dict_keys(['raw_to_dds']) retrieved from /opt/airflow/dags/raw_to_dds.py
[2025-09-03T19:52:38.873+0000] {logging_mixin.py:150} INFO - [2025-09-03T19:52:38.873+0000] {dag.py:2742} INFO - Sync 1 DAGs
[2025-09-03T19:52:38.942+0000] {logging_mixin.py:150} INFO - [2025-09-03T19:52:38.942+0000] {dag.py:3508} INFO - Setting next_dagrun for raw_to_dds to 2025-09-03T19:51:05.408048+00:00, run_after=2025-09-03T20:51:05.408048+00:00
[2025-09-03T19:52:38.996+0000] {processor.py:179} INFO - Processing /opt/airflow/dags/raw_to_dds.py took 0.356 seconds
[2025-09-03T19:53:09.405+0000] {processor.py:157} INFO - Started process (PID=2160) to work on /opt/airflow/dags/raw_to_dds.py
[2025-09-03T19:53:09.406+0000] {processor.py:826} INFO - Processing file /opt/airflow/dags/raw_to_dds.py for tasks to queue
[2025-09-03T19:53:09.408+0000] {logging_mixin.py:150} INFO - [2025-09-03T19:53:09.407+0000] {dagbag.py:541} INFO - Filling up the DagBag from /opt/airflow/dags/raw_to_dds.py
[2025-09-03T19:53:09.433+0000] {processor.py:836} INFO - DAG(s) dict_keys(['raw_to_dds']) retrieved from /opt/airflow/dags/raw_to_dds.py
[2025-09-03T19:53:09.482+0000] {logging_mixin.py:150} INFO - [2025-09-03T19:53:09.481+0000] {dag.py:2742} INFO - Sync 1 DAGs
[2025-09-03T19:53:09.518+0000] {logging_mixin.py:150} INFO - [2025-09-03T19:53:09.517+0000] {dag.py:3508} INFO - Setting next_dagrun for raw_to_dds to 2025-09-03T19:51:05.408048+00:00, run_after=2025-09-03T20:51:05.408048+00:00
[2025-09-03T19:53:09.551+0000] {processor.py:179} INFO - Processing /opt/airflow/dags/raw_to_dds.py took 0.151 seconds
[2025-09-03T19:53:39.997+0000] {processor.py:157} INFO - Started process (PID=2170) to work on /opt/airflow/dags/raw_to_dds.py
[2025-09-03T19:53:39.999+0000] {processor.py:826} INFO - Processing file /opt/airflow/dags/raw_to_dds.py for tasks to queue
[2025-09-03T19:53:40.000+0000] {logging_mixin.py:150} INFO - [2025-09-03T19:53:40.000+0000] {dagbag.py:541} INFO - Filling up the DagBag from /opt/airflow/dags/raw_to_dds.py
[2025-09-03T19:53:40.049+0000] {processor.py:836} INFO - DAG(s) dict_keys(['raw_to_dds']) retrieved from /opt/airflow/dags/raw_to_dds.py
[2025-09-03T19:53:40.106+0000] {logging_mixin.py:150} INFO - [2025-09-03T19:53:40.106+0000] {dag.py:2742} INFO - Sync 1 DAGs
[2025-09-03T19:53:40.155+0000] {logging_mixin.py:150} INFO - [2025-09-03T19:53:40.155+0000] {dag.py:3508} INFO - Setting next_dagrun for raw_to_dds to 2025-09-03T19:51:05.408048+00:00, run_after=2025-09-03T20:51:05.408048+00:00
[2025-09-03T19:53:40.242+0000] {processor.py:179} INFO - Processing /opt/airflow/dags/raw_to_dds.py took 0.260 seconds
[2025-09-03T19:54:10.562+0000] {processor.py:157} INFO - Started process (PID=2180) to work on /opt/airflow/dags/raw_to_dds.py
[2025-09-03T19:54:10.563+0000] {processor.py:826} INFO - Processing file /opt/airflow/dags/raw_to_dds.py for tasks to queue
[2025-09-03T19:54:10.565+0000] {logging_mixin.py:150} INFO - [2025-09-03T19:54:10.564+0000] {dagbag.py:541} INFO - Filling up the DagBag from /opt/airflow/dags/raw_to_dds.py
[2025-09-03T19:54:10.597+0000] {processor.py:836} INFO - DAG(s) dict_keys(['raw_to_dds']) retrieved from /opt/airflow/dags/raw_to_dds.py
[2025-09-03T19:54:10.662+0000] {logging_mixin.py:150} INFO - [2025-09-03T19:54:10.662+0000] {dag.py:2742} INFO - Sync 1 DAGs
[2025-09-03T19:54:10.701+0000] {logging_mixin.py:150} INFO - [2025-09-03T19:54:10.700+0000] {dag.py:3508} INFO - Setting next_dagrun for raw_to_dds to 2025-09-03T19:51:05.408048+00:00, run_after=2025-09-03T20:51:05.408048+00:00
[2025-09-03T19:54:10.735+0000] {processor.py:179} INFO - Processing /opt/airflow/dags/raw_to_dds.py took 0.179 seconds
[2025-09-03T19:54:41.166+0000] {processor.py:157} INFO - Started process (PID=2190) to work on /opt/airflow/dags/raw_to_dds.py
[2025-09-03T19:54:41.172+0000] {processor.py:826} INFO - Processing file /opt/airflow/dags/raw_to_dds.py for tasks to queue
[2025-09-03T19:54:41.176+0000] {logging_mixin.py:150} INFO - [2025-09-03T19:54:41.175+0000] {dagbag.py:541} INFO - Filling up the DagBag from /opt/airflow/dags/raw_to_dds.py
[2025-09-03T19:54:41.265+0000] {processor.py:836} INFO - DAG(s) dict_keys(['raw_to_dds']) retrieved from /opt/airflow/dags/raw_to_dds.py
[2025-09-03T19:54:41.487+0000] {logging_mixin.py:150} INFO - [2025-09-03T19:54:41.486+0000] {dag.py:2742} INFO - Sync 1 DAGs
[2025-09-03T19:54:41.577+0000] {logging_mixin.py:150} INFO - [2025-09-03T19:54:41.577+0000] {dag.py:3508} INFO - Setting next_dagrun for raw_to_dds to 2025-09-03T19:51:05.408048+00:00, run_after=2025-09-03T20:51:05.408048+00:00
[2025-09-03T19:54:41.650+0000] {processor.py:179} INFO - Processing /opt/airflow/dags/raw_to_dds.py took 0.506 seconds
[2025-09-03T19:55:12.239+0000] {processor.py:157} INFO - Started process (PID=2200) to work on /opt/airflow/dags/raw_to_dds.py
[2025-09-03T19:55:12.242+0000] {processor.py:826} INFO - Processing file /opt/airflow/dags/raw_to_dds.py for tasks to queue
[2025-09-03T19:55:12.246+0000] {logging_mixin.py:150} INFO - [2025-09-03T19:55:12.245+0000] {dagbag.py:541} INFO - Filling up the DagBag from /opt/airflow/dags/raw_to_dds.py
[2025-09-03T19:55:12.317+0000] {processor.py:836} INFO - DAG(s) dict_keys(['raw_to_dds']) retrieved from /opt/airflow/dags/raw_to_dds.py
[2025-09-03T19:55:12.427+0000] {logging_mixin.py:150} INFO - [2025-09-03T19:55:12.426+0000] {dag.py:2742} INFO - Sync 1 DAGs
[2025-09-03T19:55:12.494+0000] {logging_mixin.py:150} INFO - [2025-09-03T19:55:12.494+0000] {dag.py:3508} INFO - Setting next_dagrun for raw_to_dds to 2025-09-03T19:51:05.408048+00:00, run_after=2025-09-03T20:51:05.408048+00:00
[2025-09-03T19:55:12.540+0000] {processor.py:179} INFO - Processing /opt/airflow/dags/raw_to_dds.py took 0.310 seconds
[2025-09-03T19:55:42.739+0000] {processor.py:157} INFO - Started process (PID=2210) to work on /opt/airflow/dags/raw_to_dds.py
[2025-09-03T19:55:42.741+0000] {processor.py:826} INFO - Processing file /opt/airflow/dags/raw_to_dds.py for tasks to queue
[2025-09-03T19:55:42.743+0000] {logging_mixin.py:150} INFO - [2025-09-03T19:55:42.743+0000] {dagbag.py:541} INFO - Filling up the DagBag from /opt/airflow/dags/raw_to_dds.py
[2025-09-03T19:55:42.786+0000] {processor.py:836} INFO - DAG(s) dict_keys(['raw_to_dds']) retrieved from /opt/airflow/dags/raw_to_dds.py
[2025-09-03T19:55:42.871+0000] {logging_mixin.py:150} INFO - [2025-09-03T19:55:42.871+0000] {dag.py:2742} INFO - Sync 1 DAGs
[2025-09-03T19:55:42.938+0000] {logging_mixin.py:150} INFO - [2025-09-03T19:55:42.937+0000] {dag.py:3508} INFO - Setting next_dagrun for raw_to_dds to 2025-09-03T19:51:05.408048+00:00, run_after=2025-09-03T20:51:05.408048+00:00
[2025-09-03T19:55:42.990+0000] {processor.py:179} INFO - Processing /opt/airflow/dags/raw_to_dds.py took 0.259 seconds
[2025-09-03T19:56:13.342+0000] {processor.py:157} INFO - Started process (PID=2220) to work on /opt/airflow/dags/raw_to_dds.py
[2025-09-03T19:56:13.343+0000] {processor.py:826} INFO - Processing file /opt/airflow/dags/raw_to_dds.py for tasks to queue
[2025-09-03T19:56:13.345+0000] {logging_mixin.py:150} INFO - [2025-09-03T19:56:13.344+0000] {dagbag.py:541} INFO - Filling up the DagBag from /opt/airflow/dags/raw_to_dds.py
[2025-09-03T19:56:13.515+0000] {processor.py:836} INFO - DAG(s) dict_keys(['raw_to_dds']) retrieved from /opt/airflow/dags/raw_to_dds.py
[2025-09-03T19:56:13.637+0000] {logging_mixin.py:150} INFO - [2025-09-03T19:56:13.636+0000] {dag.py:2742} INFO - Sync 1 DAGs
[2025-09-03T19:56:13.825+0000] {logging_mixin.py:150} INFO - [2025-09-03T19:56:13.825+0000] {dag.py:3508} INFO - Setting next_dagrun for raw_to_dds to 2025-09-03T19:51:05.408048+00:00, run_after=2025-09-03T20:51:05.408048+00:00
[2025-09-03T19:56:13.926+0000] {processor.py:179} INFO - Processing /opt/airflow/dags/raw_to_dds.py took 0.589 seconds
[2025-09-03T19:56:44.376+0000] {processor.py:157} INFO - Started process (PID=2232) to work on /opt/airflow/dags/raw_to_dds.py
[2025-09-03T19:56:44.391+0000] {processor.py:826} INFO - Processing file /opt/airflow/dags/raw_to_dds.py for tasks to queue
[2025-09-03T19:56:44.400+0000] {logging_mixin.py:150} INFO - [2025-09-03T19:56:44.396+0000] {dagbag.py:541} INFO - Filling up the DagBag from /opt/airflow/dags/raw_to_dds.py
[2025-09-03T19:56:44.549+0000] {processor.py:836} INFO - DAG(s) dict_keys(['raw_to_dds']) retrieved from /opt/airflow/dags/raw_to_dds.py
[2025-09-03T19:56:44.804+0000] {logging_mixin.py:150} INFO - [2025-09-03T19:56:44.803+0000] {dag.py:2742} INFO - Sync 1 DAGs
[2025-09-03T19:56:44.936+0000] {logging_mixin.py:150} INFO - [2025-09-03T19:56:44.936+0000] {dag.py:3508} INFO - Setting next_dagrun for raw_to_dds to 2025-09-03T19:51:05.408048+00:00, run_after=2025-09-03T20:51:05.408048+00:00
[2025-09-03T19:56:45.013+0000] {processor.py:179} INFO - Processing /opt/airflow/dags/raw_to_dds.py took 0.649 seconds
[2025-09-03T19:57:15.341+0000] {processor.py:157} INFO - Started process (PID=2244) to work on /opt/airflow/dags/raw_to_dds.py
[2025-09-03T19:57:15.343+0000] {processor.py:826} INFO - Processing file /opt/airflow/dags/raw_to_dds.py for tasks to queue
[2025-09-03T19:57:15.344+0000] {logging_mixin.py:150} INFO - [2025-09-03T19:57:15.344+0000] {dagbag.py:541} INFO - Filling up the DagBag from /opt/airflow/dags/raw_to_dds.py
[2025-09-03T19:57:15.390+0000] {processor.py:836} INFO - DAG(s) dict_keys(['raw_to_dds']) retrieved from /opt/airflow/dags/raw_to_dds.py
[2025-09-03T19:57:15.450+0000] {logging_mixin.py:150} INFO - [2025-09-03T19:57:15.449+0000] {dag.py:2742} INFO - Sync 1 DAGs
[2025-09-03T19:57:15.498+0000] {logging_mixin.py:150} INFO - [2025-09-03T19:57:15.497+0000] {dag.py:3508} INFO - Setting next_dagrun for raw_to_dds to 2025-09-03T19:51:05.408048+00:00, run_after=2025-09-03T20:51:05.408048+00:00
[2025-09-03T19:57:15.535+0000] {processor.py:179} INFO - Processing /opt/airflow/dags/raw_to_dds.py took 0.204 seconds
[2025-09-03T19:57:45.808+0000] {processor.py:157} INFO - Started process (PID=2254) to work on /opt/airflow/dags/raw_to_dds.py
[2025-09-03T19:57:45.809+0000] {processor.py:826} INFO - Processing file /opt/airflow/dags/raw_to_dds.py for tasks to queue
[2025-09-03T19:57:45.811+0000] {logging_mixin.py:150} INFO - [2025-09-03T19:57:45.811+0000] {dagbag.py:541} INFO - Filling up the DagBag from /opt/airflow/dags/raw_to_dds.py
[2025-09-03T19:57:45.835+0000] {processor.py:836} INFO - DAG(s) dict_keys(['raw_to_dds']) retrieved from /opt/airflow/dags/raw_to_dds.py
[2025-09-03T19:57:45.884+0000] {logging_mixin.py:150} INFO - [2025-09-03T19:57:45.883+0000] {dag.py:2742} INFO - Sync 1 DAGs
[2025-09-03T19:57:45.923+0000] {logging_mixin.py:150} INFO - [2025-09-03T19:57:45.923+0000] {dag.py:3508} INFO - Setting next_dagrun for raw_to_dds to 2025-09-03T19:51:05.408048+00:00, run_after=2025-09-03T20:51:05.408048+00:00
[2025-09-03T19:57:45.961+0000] {processor.py:179} INFO - Processing /opt/airflow/dags/raw_to_dds.py took 0.158 seconds
[2025-09-03T19:58:16.140+0000] {processor.py:157} INFO - Started process (PID=2264) to work on /opt/airflow/dags/raw_to_dds.py
[2025-09-03T19:58:16.142+0000] {processor.py:826} INFO - Processing file /opt/airflow/dags/raw_to_dds.py for tasks to queue
[2025-09-03T19:58:16.144+0000] {logging_mixin.py:150} INFO - [2025-09-03T19:58:16.143+0000] {dagbag.py:541} INFO - Filling up the DagBag from /opt/airflow/dags/raw_to_dds.py
[2025-09-03T19:58:16.178+0000] {processor.py:836} INFO - DAG(s) dict_keys(['raw_to_dds']) retrieved from /opt/airflow/dags/raw_to_dds.py
[2025-09-03T19:58:16.321+0000] {logging_mixin.py:150} INFO - [2025-09-03T19:58:16.321+0000] {dag.py:2742} INFO - Sync 1 DAGs
[2025-09-03T19:58:16.391+0000] {logging_mixin.py:150} INFO - [2025-09-03T19:58:16.391+0000] {dag.py:3508} INFO - Setting next_dagrun for raw_to_dds to 2025-09-03T19:51:05.408048+00:00, run_after=2025-09-03T20:51:05.408048+00:00
[2025-09-03T19:58:16.501+0000] {processor.py:179} INFO - Processing /opt/airflow/dags/raw_to_dds.py took 0.488 seconds
[2025-09-03T19:58:46.954+0000] {processor.py:157} INFO - Started process (PID=2274) to work on /opt/airflow/dags/raw_to_dds.py
[2025-09-03T19:58:46.960+0000] {processor.py:826} INFO - Processing file /opt/airflow/dags/raw_to_dds.py for tasks to queue
[2025-09-03T19:58:46.965+0000] {logging_mixin.py:150} INFO - [2025-09-03T19:58:46.963+0000] {dagbag.py:541} INFO - Filling up the DagBag from /opt/airflow/dags/raw_to_dds.py
[2025-09-03T19:58:47.057+0000] {processor.py:836} INFO - DAG(s) dict_keys(['raw_to_dds']) retrieved from /opt/airflow/dags/raw_to_dds.py
[2025-09-03T19:58:47.172+0000] {logging_mixin.py:150} INFO - [2025-09-03T19:58:47.171+0000] {dag.py:2742} INFO - Sync 1 DAGs
[2025-09-03T19:58:47.273+0000] {logging_mixin.py:150} INFO - [2025-09-03T19:58:47.272+0000] {dag.py:3508} INFO - Setting next_dagrun for raw_to_dds to 2025-09-03T19:51:05.408048+00:00, run_after=2025-09-03T20:51:05.408048+00:00
[2025-09-03T19:58:47.514+0000] {processor.py:179} INFO - Processing /opt/airflow/dags/raw_to_dds.py took 0.591 seconds
[2025-09-03T19:59:17.939+0000] {processor.py:157} INFO - Started process (PID=2284) to work on /opt/airflow/dags/raw_to_dds.py
[2025-09-03T19:59:17.941+0000] {processor.py:826} INFO - Processing file /opt/airflow/dags/raw_to_dds.py for tasks to queue
[2025-09-03T19:59:17.943+0000] {logging_mixin.py:150} INFO - [2025-09-03T19:59:17.943+0000] {dagbag.py:541} INFO - Filling up the DagBag from /opt/airflow/dags/raw_to_dds.py
[2025-09-03T19:59:17.977+0000] {processor.py:836} INFO - DAG(s) dict_keys(['raw_to_dds']) retrieved from /opt/airflow/dags/raw_to_dds.py
[2025-09-03T19:59:18.043+0000] {logging_mixin.py:150} INFO - [2025-09-03T19:59:18.043+0000] {dag.py:2742} INFO - Sync 1 DAGs
[2025-09-03T19:59:18.100+0000] {logging_mixin.py:150} INFO - [2025-09-03T19:59:18.100+0000] {dag.py:3508} INFO - Setting next_dagrun for raw_to_dds to 2025-09-03T19:51:05.408048+00:00, run_after=2025-09-03T20:51:05.408048+00:00
[2025-09-03T19:59:18.138+0000] {processor.py:179} INFO - Processing /opt/airflow/dags/raw_to_dds.py took 0.205 seconds
[2025-09-03T19:59:48.197+0000] {processor.py:157} INFO - Started process (PID=2294) to work on /opt/airflow/dags/raw_to_dds.py
[2025-09-03T19:59:48.200+0000] {processor.py:826} INFO - Processing file /opt/airflow/dags/raw_to_dds.py for tasks to queue
[2025-09-03T19:59:48.202+0000] {logging_mixin.py:150} INFO - [2025-09-03T19:59:48.201+0000] {dagbag.py:541} INFO - Filling up the DagBag from /opt/airflow/dags/raw_to_dds.py
[2025-09-03T19:59:48.228+0000] {processor.py:836} INFO - DAG(s) dict_keys(['raw_to_dds']) retrieved from /opt/airflow/dags/raw_to_dds.py
[2025-09-03T19:59:48.274+0000] {logging_mixin.py:150} INFO - [2025-09-03T19:59:48.274+0000] {dag.py:2742} INFO - Sync 1 DAGs
[2025-09-03T19:59:48.310+0000] {logging_mixin.py:150} INFO - [2025-09-03T19:59:48.310+0000] {dag.py:3508} INFO - Setting next_dagrun for raw_to_dds to 2025-09-03T19:51:05.408048+00:00, run_after=2025-09-03T20:51:05.408048+00:00
[2025-09-03T19:59:48.342+0000] {processor.py:179} INFO - Processing /opt/airflow/dags/raw_to_dds.py took 0.150 seconds
[2025-09-03T20:00:18.702+0000] {processor.py:157} INFO - Started process (PID=2304) to work on /opt/airflow/dags/raw_to_dds.py
[2025-09-03T20:00:18.704+0000] {processor.py:826} INFO - Processing file /opt/airflow/dags/raw_to_dds.py for tasks to queue
[2025-09-03T20:00:18.705+0000] {logging_mixin.py:150} INFO - [2025-09-03T20:00:18.705+0000] {dagbag.py:541} INFO - Filling up the DagBag from /opt/airflow/dags/raw_to_dds.py
[2025-09-03T20:00:18.728+0000] {processor.py:836} INFO - DAG(s) dict_keys(['raw_to_dds']) retrieved from /opt/airflow/dags/raw_to_dds.py
[2025-09-03T20:00:18.798+0000] {logging_mixin.py:150} INFO - [2025-09-03T20:00:18.798+0000] {dag.py:2742} INFO - Sync 1 DAGs
[2025-09-03T20:00:18.840+0000] {logging_mixin.py:150} INFO - [2025-09-03T20:00:18.839+0000] {dag.py:3508} INFO - Setting next_dagrun for raw_to_dds to 2025-09-03T19:51:05.408048+00:00, run_after=2025-09-03T20:51:05.408048+00:00
[2025-09-03T20:00:18.874+0000] {processor.py:179} INFO - Processing /opt/airflow/dags/raw_to_dds.py took 0.176 seconds
[2025-09-03T20:00:49.239+0000] {processor.py:157} INFO - Started process (PID=2314) to work on /opt/airflow/dags/raw_to_dds.py
[2025-09-03T20:00:49.241+0000] {processor.py:826} INFO - Processing file /opt/airflow/dags/raw_to_dds.py for tasks to queue
[2025-09-03T20:00:49.242+0000] {logging_mixin.py:150} INFO - [2025-09-03T20:00:49.242+0000] {dagbag.py:541} INFO - Filling up the DagBag from /opt/airflow/dags/raw_to_dds.py
[2025-09-03T20:00:49.264+0000] {processor.py:836} INFO - DAG(s) dict_keys(['raw_to_dds']) retrieved from /opt/airflow/dags/raw_to_dds.py
[2025-09-03T20:00:49.314+0000] {logging_mixin.py:150} INFO - [2025-09-03T20:00:49.313+0000] {dag.py:2742} INFO - Sync 1 DAGs
[2025-09-03T20:00:49.354+0000] {logging_mixin.py:150} INFO - [2025-09-03T20:00:49.354+0000] {dag.py:3508} INFO - Setting next_dagrun for raw_to_dds to 2025-09-03T19:51:05.408048+00:00, run_after=2025-09-03T20:51:05.408048+00:00
[2025-09-03T20:00:49.387+0000] {processor.py:179} INFO - Processing /opt/airflow/dags/raw_to_dds.py took 0.152 seconds
[2025-09-03T20:01:20.389+0000] {processor.py:157} INFO - Started process (PID=2324) to work on /opt/airflow/dags/raw_to_dds.py
[2025-09-03T20:01:20.650+0000] {processor.py:826} INFO - Processing file /opt/airflow/dags/raw_to_dds.py for tasks to queue
[2025-09-03T20:01:20.691+0000] {logging_mixin.py:150} INFO - [2025-09-03T20:01:20.690+0000] {dagbag.py:541} INFO - Filling up the DagBag from /opt/airflow/dags/raw_to_dds.py
[2025-09-03T20:01:21.789+0000] {processor.py:836} INFO - DAG(s) dict_keys(['raw_to_dds']) retrieved from /opt/airflow/dags/raw_to_dds.py
[2025-09-03T20:01:22.207+0000] {logging_mixin.py:150} INFO - [2025-09-03T20:01:22.207+0000] {dag.py:2742} INFO - Sync 1 DAGs
[2025-09-03T20:01:22.519+0000] {logging_mixin.py:150} INFO - [2025-09-03T20:01:22.519+0000] {dag.py:3508} INFO - Setting next_dagrun for raw_to_dds to 2025-09-03T19:51:05.408048+00:00, run_after=2025-09-03T20:51:05.408048+00:00
[2025-09-03T20:01:22.881+0000] {processor.py:179} INFO - Processing /opt/airflow/dags/raw_to_dds.py took 2.658 seconds
[2025-09-03T20:01:54.415+0000] {processor.py:157} INFO - Started process (PID=2336) to work on /opt/airflow/dags/raw_to_dds.py
[2025-09-03T20:01:54.479+0000] {processor.py:826} INFO - Processing file /opt/airflow/dags/raw_to_dds.py for tasks to queue
[2025-09-03T20:01:54.495+0000] {logging_mixin.py:150} INFO - [2025-09-03T20:01:54.490+0000] {dagbag.py:541} INFO - Filling up the DagBag from /opt/airflow/dags/raw_to_dds.py
[2025-09-03T20:01:54.771+0000] {processor.py:836} INFO - DAG(s) dict_keys(['raw_to_dds']) retrieved from /opt/airflow/dags/raw_to_dds.py
[2025-09-03T20:01:55.509+0000] {logging_mixin.py:150} INFO - [2025-09-03T20:01:55.509+0000] {dag.py:2742} INFO - Sync 1 DAGs
[2025-09-03T20:01:55.815+0000] {logging_mixin.py:150} INFO - [2025-09-03T20:01:55.814+0000] {dag.py:3508} INFO - Setting next_dagrun for raw_to_dds to 2025-09-03T19:51:05.408048+00:00, run_after=2025-09-03T20:51:05.408048+00:00
[2025-09-03T20:01:57.265+0000] {processor.py:179} INFO - Processing /opt/airflow/dags/raw_to_dds.py took 3.377 seconds
[2025-09-03T20:02:28.236+0000] {processor.py:157} INFO - Started process (PID=2348) to work on /opt/airflow/dags/raw_to_dds.py
[2025-09-03T20:02:28.243+0000] {processor.py:826} INFO - Processing file /opt/airflow/dags/raw_to_dds.py for tasks to queue
[2025-09-03T20:02:28.250+0000] {logging_mixin.py:150} INFO - [2025-09-03T20:02:28.249+0000] {dagbag.py:541} INFO - Filling up the DagBag from /opt/airflow/dags/raw_to_dds.py
[2025-09-03T20:02:28.420+0000] {processor.py:836} INFO - DAG(s) dict_keys(['raw_to_dds']) retrieved from /opt/airflow/dags/raw_to_dds.py
[2025-09-03T20:02:28.781+0000] {logging_mixin.py:150} INFO - [2025-09-03T20:02:28.780+0000] {dag.py:2742} INFO - Sync 1 DAGs
[2025-09-03T20:02:29.027+0000] {logging_mixin.py:150} INFO - [2025-09-03T20:02:29.026+0000] {dag.py:3508} INFO - Setting next_dagrun for raw_to_dds to 2025-09-03T19:51:05.408048+00:00, run_after=2025-09-03T20:51:05.408048+00:00
[2025-09-03T20:02:29.299+0000] {processor.py:179} INFO - Processing /opt/airflow/dags/raw_to_dds.py took 1.079 seconds
[2025-09-03T20:03:00.579+0000] {processor.py:157} INFO - Started process (PID=2358) to work on /opt/airflow/dags/raw_to_dds.py
[2025-09-03T20:03:00.591+0000] {processor.py:826} INFO - Processing file /opt/airflow/dags/raw_to_dds.py for tasks to queue
[2025-09-03T20:03:00.594+0000] {logging_mixin.py:150} INFO - [2025-09-03T20:03:00.592+0000] {dagbag.py:541} INFO - Filling up the DagBag from /opt/airflow/dags/raw_to_dds.py
[2025-09-03T20:03:00.921+0000] {processor.py:836} INFO - DAG(s) dict_keys(['raw_to_dds']) retrieved from /opt/airflow/dags/raw_to_dds.py
[2025-09-03T20:03:01.364+0000] {logging_mixin.py:150} INFO - [2025-09-03T20:03:01.363+0000] {dag.py:2742} INFO - Sync 1 DAGs
[2025-09-03T20:03:01.554+0000] {logging_mixin.py:150} INFO - [2025-09-03T20:03:01.553+0000] {dag.py:3508} INFO - Setting next_dagrun for raw_to_dds to 2025-09-03T19:51:05.408048+00:00, run_after=2025-09-03T20:51:05.408048+00:00
[2025-09-03T20:03:01.704+0000] {processor.py:179} INFO - Processing /opt/airflow/dags/raw_to_dds.py took 1.132 seconds
[2025-09-03T20:03:32.105+0000] {processor.py:157} INFO - Started process (PID=2368) to work on /opt/airflow/dags/raw_to_dds.py
[2025-09-03T20:03:32.106+0000] {processor.py:826} INFO - Processing file /opt/airflow/dags/raw_to_dds.py for tasks to queue
[2025-09-03T20:03:32.108+0000] {logging_mixin.py:150} INFO - [2025-09-03T20:03:32.107+0000] {dagbag.py:541} INFO - Filling up the DagBag from /opt/airflow/dags/raw_to_dds.py
[2025-09-03T20:03:32.133+0000] {processor.py:836} INFO - DAG(s) dict_keys(['raw_to_dds']) retrieved from /opt/airflow/dags/raw_to_dds.py
[2025-09-03T20:03:32.180+0000] {logging_mixin.py:150} INFO - [2025-09-03T20:03:32.180+0000] {dag.py:2742} INFO - Sync 1 DAGs
[2025-09-03T20:03:32.216+0000] {logging_mixin.py:150} INFO - [2025-09-03T20:03:32.215+0000] {dag.py:3508} INFO - Setting next_dagrun for raw_to_dds to 2025-09-03T19:51:05.408048+00:00, run_after=2025-09-03T20:51:05.408048+00:00
[2025-09-03T20:03:32.242+0000] {processor.py:179} INFO - Processing /opt/airflow/dags/raw_to_dds.py took 0.143 seconds
[2025-09-03T20:04:02.604+0000] {processor.py:157} INFO - Started process (PID=2378) to work on /opt/airflow/dags/raw_to_dds.py
[2025-09-03T20:04:02.605+0000] {processor.py:826} INFO - Processing file /opt/airflow/dags/raw_to_dds.py for tasks to queue
[2025-09-03T20:04:02.607+0000] {logging_mixin.py:150} INFO - [2025-09-03T20:04:02.606+0000] {dagbag.py:541} INFO - Filling up the DagBag from /opt/airflow/dags/raw_to_dds.py
[2025-09-03T20:04:02.632+0000] {processor.py:836} INFO - DAG(s) dict_keys(['raw_to_dds']) retrieved from /opt/airflow/dags/raw_to_dds.py
[2025-09-03T20:04:02.676+0000] {logging_mixin.py:150} INFO - [2025-09-03T20:04:02.676+0000] {dag.py:2742} INFO - Sync 1 DAGs
[2025-09-03T20:04:02.714+0000] {logging_mixin.py:150} INFO - [2025-09-03T20:04:02.713+0000] {dag.py:3508} INFO - Setting next_dagrun for raw_to_dds to 2025-09-03T19:51:05.408048+00:00, run_after=2025-09-03T20:51:05.408048+00:00
[2025-09-03T20:04:02.745+0000] {processor.py:179} INFO - Processing /opt/airflow/dags/raw_to_dds.py took 0.145 seconds
[2025-09-03T20:04:33.338+0000] {processor.py:157} INFO - Started process (PID=2388) to work on /opt/airflow/dags/raw_to_dds.py
[2025-09-03T20:04:33.339+0000] {processor.py:826} INFO - Processing file /opt/airflow/dags/raw_to_dds.py for tasks to queue
[2025-09-03T20:04:33.341+0000] {logging_mixin.py:150} INFO - [2025-09-03T20:04:33.340+0000] {dagbag.py:541} INFO - Filling up the DagBag from /opt/airflow/dags/raw_to_dds.py
[2025-09-03T20:04:33.364+0000] {processor.py:836} INFO - DAG(s) dict_keys(['raw_to_dds']) retrieved from /opt/airflow/dags/raw_to_dds.py
[2025-09-03T20:04:33.409+0000] {logging_mixin.py:150} INFO - [2025-09-03T20:04:33.408+0000] {dag.py:2742} INFO - Sync 1 DAGs
[2025-09-03T20:04:33.443+0000] {logging_mixin.py:150} INFO - [2025-09-03T20:04:33.443+0000] {dag.py:3508} INFO - Setting next_dagrun for raw_to_dds to 2025-09-03T19:51:05.408048+00:00, run_after=2025-09-03T20:51:05.408048+00:00
[2025-09-03T20:04:33.475+0000] {processor.py:179} INFO - Processing /opt/airflow/dags/raw_to_dds.py took 0.141 seconds
[2025-09-03T20:05:04.055+0000] {processor.py:157} INFO - Started process (PID=2398) to work on /opt/airflow/dags/raw_to_dds.py
[2025-09-03T20:05:04.058+0000] {processor.py:826} INFO - Processing file /opt/airflow/dags/raw_to_dds.py for tasks to queue
[2025-09-03T20:05:04.060+0000] {logging_mixin.py:150} INFO - [2025-09-03T20:05:04.060+0000] {dagbag.py:541} INFO - Filling up the DagBag from /opt/airflow/dags/raw_to_dds.py
[2025-09-03T20:05:04.089+0000] {processor.py:836} INFO - DAG(s) dict_keys(['raw_to_dds']) retrieved from /opt/airflow/dags/raw_to_dds.py
[2025-09-03T20:05:04.136+0000] {logging_mixin.py:150} INFO - [2025-09-03T20:05:04.136+0000] {dag.py:2742} INFO - Sync 1 DAGs
[2025-09-03T20:05:04.171+0000] {logging_mixin.py:150} INFO - [2025-09-03T20:05:04.170+0000] {dag.py:3508} INFO - Setting next_dagrun for raw_to_dds to 2025-09-03T19:51:05.408048+00:00, run_after=2025-09-03T20:51:05.408048+00:00
[2025-09-03T20:05:04.202+0000] {processor.py:179} INFO - Processing /opt/airflow/dags/raw_to_dds.py took 0.250 seconds
[2025-09-03T20:05:34.685+0000] {processor.py:157} INFO - Started process (PID=2408) to work on /opt/airflow/dags/raw_to_dds.py
[2025-09-03T20:05:34.686+0000] {processor.py:826} INFO - Processing file /opt/airflow/dags/raw_to_dds.py for tasks to queue
[2025-09-03T20:05:34.688+0000] {logging_mixin.py:150} INFO - [2025-09-03T20:05:34.687+0000] {dagbag.py:541} INFO - Filling up the DagBag from /opt/airflow/dags/raw_to_dds.py
[2025-09-03T20:05:34.713+0000] {processor.py:836} INFO - DAG(s) dict_keys(['raw_to_dds']) retrieved from /opt/airflow/dags/raw_to_dds.py
[2025-09-03T20:05:34.758+0000] {logging_mixin.py:150} INFO - [2025-09-03T20:05:34.758+0000] {dag.py:2742} INFO - Sync 1 DAGs
[2025-09-03T20:05:34.794+0000] {logging_mixin.py:150} INFO - [2025-09-03T20:05:34.793+0000] {dag.py:3508} INFO - Setting next_dagrun for raw_to_dds to 2025-09-03T19:51:05.408048+00:00, run_after=2025-09-03T20:51:05.408048+00:00
[2025-09-03T20:05:34.826+0000] {processor.py:179} INFO - Processing /opt/airflow/dags/raw_to_dds.py took 0.146 seconds
[2025-09-03T20:06:05.314+0000] {processor.py:157} INFO - Started process (PID=2418) to work on /opt/airflow/dags/raw_to_dds.py
[2025-09-03T20:06:05.316+0000] {processor.py:826} INFO - Processing file /opt/airflow/dags/raw_to_dds.py for tasks to queue
[2025-09-03T20:06:05.317+0000] {logging_mixin.py:150} INFO - [2025-09-03T20:06:05.317+0000] {dagbag.py:541} INFO - Filling up the DagBag from /opt/airflow/dags/raw_to_dds.py
[2025-09-03T20:06:05.343+0000] {processor.py:836} INFO - DAG(s) dict_keys(['raw_to_dds']) retrieved from /opt/airflow/dags/raw_to_dds.py
[2025-09-03T20:06:05.463+0000] {logging_mixin.py:150} INFO - [2025-09-03T20:06:05.463+0000] {dag.py:2742} INFO - Sync 1 DAGs
[2025-09-03T20:06:05.500+0000] {logging_mixin.py:150} INFO - [2025-09-03T20:06:05.500+0000] {dag.py:3508} INFO - Setting next_dagrun for raw_to_dds to 2025-09-03T19:51:05.408048+00:00, run_after=2025-09-03T20:51:05.408048+00:00
[2025-09-03T20:06:05.547+0000] {processor.py:179} INFO - Processing /opt/airflow/dags/raw_to_dds.py took 0.237 seconds
[2025-09-03T20:06:35.978+0000] {processor.py:157} INFO - Started process (PID=2428) to work on /opt/airflow/dags/raw_to_dds.py
[2025-09-03T20:06:35.997+0000] {processor.py:826} INFO - Processing file /opt/airflow/dags/raw_to_dds.py for tasks to queue
[2025-09-03T20:06:36.011+0000] {logging_mixin.py:150} INFO - [2025-09-03T20:06:36.005+0000] {dagbag.py:541} INFO - Filling up the DagBag from /opt/airflow/dags/raw_to_dds.py
[2025-09-03T20:06:36.057+0000] {processor.py:836} INFO - DAG(s) dict_keys(['raw_to_dds']) retrieved from /opt/airflow/dags/raw_to_dds.py
[2025-09-03T20:06:36.222+0000] {logging_mixin.py:150} INFO - [2025-09-03T20:06:36.222+0000] {dag.py:2742} INFO - Sync 1 DAGs
[2025-09-03T20:06:36.282+0000] {logging_mixin.py:150} INFO - [2025-09-03T20:06:36.282+0000] {dag.py:3508} INFO - Setting next_dagrun for raw_to_dds to 2025-09-03T19:51:05.408048+00:00, run_after=2025-09-03T20:51:05.408048+00:00
[2025-09-03T20:06:36.317+0000] {processor.py:179} INFO - Processing /opt/airflow/dags/raw_to_dds.py took 0.403 seconds
[2025-09-03T20:07:06.715+0000] {processor.py:157} INFO - Started process (PID=2438) to work on /opt/airflow/dags/raw_to_dds.py
[2025-09-03T20:07:06.720+0000] {processor.py:826} INFO - Processing file /opt/airflow/dags/raw_to_dds.py for tasks to queue
[2025-09-03T20:07:06.722+0000] {logging_mixin.py:150} INFO - [2025-09-03T20:07:06.721+0000] {dagbag.py:541} INFO - Filling up the DagBag from /opt/airflow/dags/raw_to_dds.py
[2025-09-03T20:07:06.755+0000] {processor.py:836} INFO - DAG(s) dict_keys(['raw_to_dds']) retrieved from /opt/airflow/dags/raw_to_dds.py
[2025-09-03T20:07:06.869+0000] {logging_mixin.py:150} INFO - [2025-09-03T20:07:06.869+0000] {dag.py:2742} INFO - Sync 1 DAGs
[2025-09-03T20:07:06.970+0000] {logging_mixin.py:150} INFO - [2025-09-03T20:07:06.970+0000] {dag.py:3508} INFO - Setting next_dagrun for raw_to_dds to 2025-09-03T19:51:05.408048+00:00, run_after=2025-09-03T20:51:05.408048+00:00
[2025-09-03T20:07:07.017+0000] {processor.py:179} INFO - Processing /opt/airflow/dags/raw_to_dds.py took 0.316 seconds
[2025-09-03T20:07:37.526+0000] {processor.py:157} INFO - Started process (PID=2448) to work on /opt/airflow/dags/raw_to_dds.py
[2025-09-03T20:07:37.527+0000] {processor.py:826} INFO - Processing file /opt/airflow/dags/raw_to_dds.py for tasks to queue
[2025-09-03T20:07:37.529+0000] {logging_mixin.py:150} INFO - [2025-09-03T20:07:37.528+0000] {dagbag.py:541} INFO - Filling up the DagBag from /opt/airflow/dags/raw_to_dds.py
[2025-09-03T20:07:37.553+0000] {processor.py:836} INFO - DAG(s) dict_keys(['raw_to_dds']) retrieved from /opt/airflow/dags/raw_to_dds.py
[2025-09-03T20:07:37.595+0000] {logging_mixin.py:150} INFO - [2025-09-03T20:07:37.595+0000] {dag.py:2742} INFO - Sync 1 DAGs
[2025-09-03T20:07:37.630+0000] {logging_mixin.py:150} INFO - [2025-09-03T20:07:37.629+0000] {dag.py:3508} INFO - Setting next_dagrun for raw_to_dds to 2025-09-03T19:51:05.408048+00:00, run_after=2025-09-03T20:51:05.408048+00:00
[2025-09-03T20:07:37.660+0000] {processor.py:179} INFO - Processing /opt/airflow/dags/raw_to_dds.py took 0.139 seconds
[2025-09-03T20:08:07.971+0000] {processor.py:157} INFO - Started process (PID=2458) to work on /opt/airflow/dags/raw_to_dds.py
[2025-09-03T20:08:07.972+0000] {processor.py:826} INFO - Processing file /opt/airflow/dags/raw_to_dds.py for tasks to queue
[2025-09-03T20:08:07.974+0000] {logging_mixin.py:150} INFO - [2025-09-03T20:08:07.973+0000] {dagbag.py:541} INFO - Filling up the DagBag from /opt/airflow/dags/raw_to_dds.py
[2025-09-03T20:08:07.998+0000] {processor.py:836} INFO - DAG(s) dict_keys(['raw_to_dds']) retrieved from /opt/airflow/dags/raw_to_dds.py
[2025-09-03T20:08:08.047+0000] {logging_mixin.py:150} INFO - [2025-09-03T20:08:08.047+0000] {dag.py:2742} INFO - Sync 1 DAGs
[2025-09-03T20:08:08.081+0000] {logging_mixin.py:150} INFO - [2025-09-03T20:08:08.081+0000] {dag.py:3508} INFO - Setting next_dagrun for raw_to_dds to 2025-09-03T19:51:05.408048+00:00, run_after=2025-09-03T20:51:05.408048+00:00
[2025-09-03T20:08:08.114+0000] {processor.py:179} INFO - Processing /opt/airflow/dags/raw_to_dds.py took 0.147 seconds
[2025-09-03T20:08:38.196+0000] {processor.py:157} INFO - Started process (PID=2468) to work on /opt/airflow/dags/raw_to_dds.py
[2025-09-03T20:08:38.198+0000] {processor.py:826} INFO - Processing file /opt/airflow/dags/raw_to_dds.py for tasks to queue
[2025-09-03T20:08:38.200+0000] {logging_mixin.py:150} INFO - [2025-09-03T20:08:38.199+0000] {dagbag.py:541} INFO - Filling up the DagBag from /opt/airflow/dags/raw_to_dds.py
[2025-09-03T20:08:38.222+0000] {processor.py:836} INFO - DAG(s) dict_keys(['raw_to_dds']) retrieved from /opt/airflow/dags/raw_to_dds.py
[2025-09-03T20:08:38.270+0000] {logging_mixin.py:150} INFO - [2025-09-03T20:08:38.269+0000] {dag.py:2742} INFO - Sync 1 DAGs
[2025-09-03T20:08:38.305+0000] {logging_mixin.py:150} INFO - [2025-09-03T20:08:38.305+0000] {dag.py:3508} INFO - Setting next_dagrun for raw_to_dds to 2025-09-03T19:51:05.408048+00:00, run_after=2025-09-03T20:51:05.408048+00:00
[2025-09-03T20:08:38.336+0000] {processor.py:179} INFO - Processing /opt/airflow/dags/raw_to_dds.py took 0.145 seconds
[2025-09-03T20:09:08.714+0000] {processor.py:157} INFO - Started process (PID=2478) to work on /opt/airflow/dags/raw_to_dds.py
[2025-09-03T20:09:08.716+0000] {processor.py:826} INFO - Processing file /opt/airflow/dags/raw_to_dds.py for tasks to queue
[2025-09-03T20:09:08.717+0000] {logging_mixin.py:150} INFO - [2025-09-03T20:09:08.717+0000] {dagbag.py:541} INFO - Filling up the DagBag from /opt/airflow/dags/raw_to_dds.py
[2025-09-03T20:09:08.739+0000] {processor.py:836} INFO - DAG(s) dict_keys(['raw_to_dds']) retrieved from /opt/airflow/dags/raw_to_dds.py
[2025-09-03T20:09:08.784+0000] {logging_mixin.py:150} INFO - [2025-09-03T20:09:08.784+0000] {dag.py:2742} INFO - Sync 1 DAGs
[2025-09-03T20:09:08.818+0000] {logging_mixin.py:150} INFO - [2025-09-03T20:09:08.817+0000] {dag.py:3508} INFO - Setting next_dagrun for raw_to_dds to 2025-09-03T19:51:05.408048+00:00, run_after=2025-09-03T20:51:05.408048+00:00
[2025-09-03T20:09:08.849+0000] {processor.py:179} INFO - Processing /opt/airflow/dags/raw_to_dds.py took 0.139 seconds
[2025-09-03T20:09:39.383+0000] {processor.py:157} INFO - Started process (PID=2488) to work on /opt/airflow/dags/raw_to_dds.py
[2025-09-03T20:09:39.385+0000] {processor.py:826} INFO - Processing file /opt/airflow/dags/raw_to_dds.py for tasks to queue
[2025-09-03T20:09:39.386+0000] {logging_mixin.py:150} INFO - [2025-09-03T20:09:39.386+0000] {dagbag.py:541} INFO - Filling up the DagBag from /opt/airflow/dags/raw_to_dds.py
[2025-09-03T20:09:39.414+0000] {processor.py:836} INFO - DAG(s) dict_keys(['raw_to_dds']) retrieved from /opt/airflow/dags/raw_to_dds.py
[2025-09-03T20:09:39.460+0000] {logging_mixin.py:150} INFO - [2025-09-03T20:09:39.460+0000] {dag.py:2742} INFO - Sync 1 DAGs
[2025-09-03T20:09:39.498+0000] {logging_mixin.py:150} INFO - [2025-09-03T20:09:39.498+0000] {dag.py:3508} INFO - Setting next_dagrun for raw_to_dds to 2025-09-03T19:51:05.408048+00:00, run_after=2025-09-03T20:51:05.408048+00:00
[2025-09-03T20:09:39.528+0000] {processor.py:179} INFO - Processing /opt/airflow/dags/raw_to_dds.py took 0.151 seconds
[2025-09-03T20:10:10.002+0000] {processor.py:157} INFO - Started process (PID=2498) to work on /opt/airflow/dags/raw_to_dds.py
[2025-09-03T20:10:10.004+0000] {processor.py:826} INFO - Processing file /opt/airflow/dags/raw_to_dds.py for tasks to queue
[2025-09-03T20:10:10.005+0000] {logging_mixin.py:150} INFO - [2025-09-03T20:10:10.005+0000] {dagbag.py:541} INFO - Filling up the DagBag from /opt/airflow/dags/raw_to_dds.py
[2025-09-03T20:10:10.031+0000] {processor.py:836} INFO - DAG(s) dict_keys(['raw_to_dds']) retrieved from /opt/airflow/dags/raw_to_dds.py
[2025-09-03T20:10:10.105+0000] {logging_mixin.py:150} INFO - [2025-09-03T20:10:10.105+0000] {dag.py:2742} INFO - Sync 1 DAGs
[2025-09-03T20:10:10.142+0000] {logging_mixin.py:150} INFO - [2025-09-03T20:10:10.142+0000] {dag.py:3508} INFO - Setting next_dagrun for raw_to_dds to 2025-09-03T19:51:05.408048+00:00, run_after=2025-09-03T20:51:05.408048+00:00
[2025-09-03T20:10:10.176+0000] {processor.py:179} INFO - Processing /opt/airflow/dags/raw_to_dds.py took 0.180 seconds
[2025-09-03T20:10:40.583+0000] {processor.py:157} INFO - Started process (PID=2508) to work on /opt/airflow/dags/raw_to_dds.py
[2025-09-03T20:10:40.585+0000] {processor.py:826} INFO - Processing file /opt/airflow/dags/raw_to_dds.py for tasks to queue
[2025-09-03T20:10:40.586+0000] {logging_mixin.py:150} INFO - [2025-09-03T20:10:40.586+0000] {dagbag.py:541} INFO - Filling up the DagBag from /opt/airflow/dags/raw_to_dds.py
[2025-09-03T20:10:40.612+0000] {processor.py:836} INFO - DAG(s) dict_keys(['raw_to_dds']) retrieved from /opt/airflow/dags/raw_to_dds.py
[2025-09-03T20:10:40.659+0000] {logging_mixin.py:150} INFO - [2025-09-03T20:10:40.659+0000] {dag.py:2742} INFO - Sync 1 DAGs
[2025-09-03T20:10:40.695+0000] {logging_mixin.py:150} INFO - [2025-09-03T20:10:40.695+0000] {dag.py:3508} INFO - Setting next_dagrun for raw_to_dds to 2025-09-03T19:51:05.408048+00:00, run_after=2025-09-03T20:51:05.408048+00:00
[2025-09-03T20:10:40.728+0000] {processor.py:179} INFO - Processing /opt/airflow/dags/raw_to_dds.py took 0.149 seconds
[2025-09-03T20:11:11.131+0000] {processor.py:157} INFO - Started process (PID=2518) to work on /opt/airflow/dags/raw_to_dds.py
[2025-09-03T20:11:11.133+0000] {processor.py:826} INFO - Processing file /opt/airflow/dags/raw_to_dds.py for tasks to queue
[2025-09-03T20:11:11.135+0000] {logging_mixin.py:150} INFO - [2025-09-03T20:11:11.135+0000] {dagbag.py:541} INFO - Filling up the DagBag from /opt/airflow/dags/raw_to_dds.py
[2025-09-03T20:11:11.159+0000] {processor.py:836} INFO - DAG(s) dict_keys(['raw_to_dds']) retrieved from /opt/airflow/dags/raw_to_dds.py
[2025-09-03T20:11:11.202+0000] {logging_mixin.py:150} INFO - [2025-09-03T20:11:11.202+0000] {dag.py:2742} INFO - Sync 1 DAGs
[2025-09-03T20:11:11.240+0000] {logging_mixin.py:150} INFO - [2025-09-03T20:11:11.239+0000] {dag.py:3508} INFO - Setting next_dagrun for raw_to_dds to 2025-09-03T19:51:05.408048+00:00, run_after=2025-09-03T20:51:05.408048+00:00
[2025-09-03T20:11:11.271+0000] {processor.py:179} INFO - Processing /opt/airflow/dags/raw_to_dds.py took 0.144 seconds
[2025-09-03T20:11:41.758+0000] {processor.py:157} INFO - Started process (PID=2528) to work on /opt/airflow/dags/raw_to_dds.py
[2025-09-03T20:11:41.760+0000] {processor.py:826} INFO - Processing file /opt/airflow/dags/raw_to_dds.py for tasks to queue
[2025-09-03T20:11:41.761+0000] {logging_mixin.py:150} INFO - [2025-09-03T20:11:41.761+0000] {dagbag.py:541} INFO - Filling up the DagBag from /opt/airflow/dags/raw_to_dds.py
[2025-09-03T20:11:41.782+0000] {processor.py:836} INFO - DAG(s) dict_keys(['raw_to_dds']) retrieved from /opt/airflow/dags/raw_to_dds.py
[2025-09-03T20:11:41.828+0000] {logging_mixin.py:150} INFO - [2025-09-03T20:11:41.827+0000] {dag.py:2742} INFO - Sync 1 DAGs
[2025-09-03T20:11:41.868+0000] {logging_mixin.py:150} INFO - [2025-09-03T20:11:41.867+0000] {dag.py:3508} INFO - Setting next_dagrun for raw_to_dds to 2025-09-03T19:51:05.408048+00:00, run_after=2025-09-03T20:51:05.408048+00:00
[2025-09-03T20:11:41.907+0000] {processor.py:179} INFO - Processing /opt/airflow/dags/raw_to_dds.py took 0.153 seconds
[2025-09-03T20:12:12.173+0000] {processor.py:157} INFO - Started process (PID=2538) to work on /opt/airflow/dags/raw_to_dds.py
[2025-09-03T20:12:12.175+0000] {processor.py:826} INFO - Processing file /opt/airflow/dags/raw_to_dds.py for tasks to queue
[2025-09-03T20:12:12.177+0000] {logging_mixin.py:150} INFO - [2025-09-03T20:12:12.176+0000] {dagbag.py:541} INFO - Filling up the DagBag from /opt/airflow/dags/raw_to_dds.py
[2025-09-03T20:12:12.204+0000] {processor.py:836} INFO - DAG(s) dict_keys(['raw_to_dds']) retrieved from /opt/airflow/dags/raw_to_dds.py
[2025-09-03T20:12:12.251+0000] {logging_mixin.py:150} INFO - [2025-09-03T20:12:12.251+0000] {dag.py:2742} INFO - Sync 1 DAGs
[2025-09-03T20:12:12.290+0000] {logging_mixin.py:150} INFO - [2025-09-03T20:12:12.290+0000] {dag.py:3508} INFO - Setting next_dagrun for raw_to_dds to 2025-09-03T19:51:05.408048+00:00, run_after=2025-09-03T20:51:05.408048+00:00
[2025-09-03T20:12:12.322+0000] {processor.py:179} INFO - Processing /opt/airflow/dags/raw_to_dds.py took 0.154 seconds
[2025-09-03T20:12:42.780+0000] {processor.py:157} INFO - Started process (PID=2548) to work on /opt/airflow/dags/raw_to_dds.py
[2025-09-03T20:12:42.782+0000] {processor.py:826} INFO - Processing file /opt/airflow/dags/raw_to_dds.py for tasks to queue
[2025-09-03T20:12:42.783+0000] {logging_mixin.py:150} INFO - [2025-09-03T20:12:42.783+0000] {dagbag.py:541} INFO - Filling up the DagBag from /opt/airflow/dags/raw_to_dds.py
[2025-09-03T20:12:42.807+0000] {processor.py:836} INFO - DAG(s) dict_keys(['raw_to_dds']) retrieved from /opt/airflow/dags/raw_to_dds.py
[2025-09-03T20:12:42.865+0000] {logging_mixin.py:150} INFO - [2025-09-03T20:12:42.864+0000] {dag.py:2742} INFO - Sync 1 DAGs
[2025-09-03T20:12:42.901+0000] {logging_mixin.py:150} INFO - [2025-09-03T20:12:42.900+0000] {dag.py:3508} INFO - Setting next_dagrun for raw_to_dds to 2025-09-03T19:51:05.408048+00:00, run_after=2025-09-03T20:51:05.408048+00:00
[2025-09-03T20:12:42.931+0000] {processor.py:179} INFO - Processing /opt/airflow/dags/raw_to_dds.py took 0.155 seconds
[2025-09-03T20:13:13.439+0000] {processor.py:157} INFO - Started process (PID=2558) to work on /opt/airflow/dags/raw_to_dds.py
[2025-09-03T20:13:13.441+0000] {processor.py:826} INFO - Processing file /opt/airflow/dags/raw_to_dds.py for tasks to queue
[2025-09-03T20:13:13.443+0000] {logging_mixin.py:150} INFO - [2025-09-03T20:13:13.442+0000] {dagbag.py:541} INFO - Filling up the DagBag from /opt/airflow/dags/raw_to_dds.py
[2025-09-03T20:13:13.468+0000] {processor.py:836} INFO - DAG(s) dict_keys(['raw_to_dds']) retrieved from /opt/airflow/dags/raw_to_dds.py
[2025-09-03T20:13:13.514+0000] {logging_mixin.py:150} INFO - [2025-09-03T20:13:13.514+0000] {dag.py:2742} INFO - Sync 1 DAGs
[2025-09-03T20:13:13.549+0000] {logging_mixin.py:150} INFO - [2025-09-03T20:13:13.548+0000] {dag.py:3508} INFO - Setting next_dagrun for raw_to_dds to 2025-09-03T19:51:05.408048+00:00, run_after=2025-09-03T20:51:05.408048+00:00
[2025-09-03T20:13:13.578+0000] {processor.py:179} INFO - Processing /opt/airflow/dags/raw_to_dds.py took 0.143 seconds
[2025-09-03T20:13:43.934+0000] {processor.py:157} INFO - Started process (PID=2568) to work on /opt/airflow/dags/raw_to_dds.py
[2025-09-03T20:13:43.936+0000] {processor.py:826} INFO - Processing file /opt/airflow/dags/raw_to_dds.py for tasks to queue
[2025-09-03T20:13:43.938+0000] {logging_mixin.py:150} INFO - [2025-09-03T20:13:43.938+0000] {dagbag.py:541} INFO - Filling up the DagBag from /opt/airflow/dags/raw_to_dds.py
[2025-09-03T20:13:43.964+0000] {processor.py:836} INFO - DAG(s) dict_keys(['raw_to_dds']) retrieved from /opt/airflow/dags/raw_to_dds.py
[2025-09-03T20:13:44.012+0000] {logging_mixin.py:150} INFO - [2025-09-03T20:13:44.012+0000] {dag.py:2742} INFO - Sync 1 DAGs
[2025-09-03T20:13:44.051+0000] {logging_mixin.py:150} INFO - [2025-09-03T20:13:44.051+0000] {dag.py:3508} INFO - Setting next_dagrun for raw_to_dds to 2025-09-03T19:51:05.408048+00:00, run_after=2025-09-03T20:51:05.408048+00:00
[2025-09-03T20:13:44.082+0000] {processor.py:179} INFO - Processing /opt/airflow/dags/raw_to_dds.py took 0.152 seconds
[2025-09-03T20:14:14.392+0000] {processor.py:157} INFO - Started process (PID=2578) to work on /opt/airflow/dags/raw_to_dds.py
[2025-09-03T20:14:14.393+0000] {processor.py:826} INFO - Processing file /opt/airflow/dags/raw_to_dds.py for tasks to queue
[2025-09-03T20:14:14.395+0000] {logging_mixin.py:150} INFO - [2025-09-03T20:14:14.394+0000] {dagbag.py:541} INFO - Filling up the DagBag from /opt/airflow/dags/raw_to_dds.py
[2025-09-03T20:14:14.418+0000] {processor.py:836} INFO - DAG(s) dict_keys(['raw_to_dds']) retrieved from /opt/airflow/dags/raw_to_dds.py
[2025-09-03T20:14:14.468+0000] {logging_mixin.py:150} INFO - [2025-09-03T20:14:14.468+0000] {dag.py:2742} INFO - Sync 1 DAGs
[2025-09-03T20:14:14.501+0000] {logging_mixin.py:150} INFO - [2025-09-03T20:14:14.500+0000] {dag.py:3508} INFO - Setting next_dagrun for raw_to_dds to 2025-09-03T19:51:05.408048+00:00, run_after=2025-09-03T20:51:05.408048+00:00
[2025-09-03T20:14:14.527+0000] {processor.py:179} INFO - Processing /opt/airflow/dags/raw_to_dds.py took 0.140 seconds
[2025-09-03T20:14:44.888+0000] {processor.py:157} INFO - Started process (PID=2588) to work on /opt/airflow/dags/raw_to_dds.py
[2025-09-03T20:14:44.889+0000] {processor.py:826} INFO - Processing file /opt/airflow/dags/raw_to_dds.py for tasks to queue
[2025-09-03T20:14:44.891+0000] {logging_mixin.py:150} INFO - [2025-09-03T20:14:44.890+0000] {dagbag.py:541} INFO - Filling up the DagBag from /opt/airflow/dags/raw_to_dds.py
[2025-09-03T20:14:44.912+0000] {processor.py:836} INFO - DAG(s) dict_keys(['raw_to_dds']) retrieved from /opt/airflow/dags/raw_to_dds.py
[2025-09-03T20:14:44.961+0000] {logging_mixin.py:150} INFO - [2025-09-03T20:14:44.961+0000] {dag.py:2742} INFO - Sync 1 DAGs
[2025-09-03T20:14:44.996+0000] {logging_mixin.py:150} INFO - [2025-09-03T20:14:44.996+0000] {dag.py:3508} INFO - Setting next_dagrun for raw_to_dds to 2025-09-03T19:51:05.408048+00:00, run_after=2025-09-03T20:51:05.408048+00:00
[2025-09-03T20:14:45.028+0000] {processor.py:179} INFO - Processing /opt/airflow/dags/raw_to_dds.py took 0.144 seconds
[2025-09-03T20:15:15.366+0000] {processor.py:157} INFO - Started process (PID=2598) to work on /opt/airflow/dags/raw_to_dds.py
[2025-09-03T20:15:15.368+0000] {processor.py:826} INFO - Processing file /opt/airflow/dags/raw_to_dds.py for tasks to queue
[2025-09-03T20:15:15.369+0000] {logging_mixin.py:150} INFO - [2025-09-03T20:15:15.368+0000] {dagbag.py:541} INFO - Filling up the DagBag from /opt/airflow/dags/raw_to_dds.py
[2025-09-03T20:15:15.399+0000] {processor.py:836} INFO - DAG(s) dict_keys(['raw_to_dds']) retrieved from /opt/airflow/dags/raw_to_dds.py
[2025-09-03T20:15:15.448+0000] {logging_mixin.py:150} INFO - [2025-09-03T20:15:15.448+0000] {dag.py:2742} INFO - Sync 1 DAGs
[2025-09-03T20:15:15.533+0000] {logging_mixin.py:150} INFO - [2025-09-03T20:15:15.533+0000] {dag.py:3508} INFO - Setting next_dagrun for raw_to_dds to 2025-09-03T19:51:05.408048+00:00, run_after=2025-09-03T20:51:05.408048+00:00
[2025-09-03T20:15:15.564+0000] {processor.py:179} INFO - Processing /opt/airflow/dags/raw_to_dds.py took 0.202 seconds
[2025-09-03T20:15:45.928+0000] {processor.py:157} INFO - Started process (PID=2608) to work on /opt/airflow/dags/raw_to_dds.py
[2025-09-03T20:15:45.929+0000] {processor.py:826} INFO - Processing file /opt/airflow/dags/raw_to_dds.py for tasks to queue
[2025-09-03T20:15:45.931+0000] {logging_mixin.py:150} INFO - [2025-09-03T20:15:45.930+0000] {dagbag.py:541} INFO - Filling up the DagBag from /opt/airflow/dags/raw_to_dds.py
[2025-09-03T20:15:45.960+0000] {processor.py:836} INFO - DAG(s) dict_keys(['raw_to_dds']) retrieved from /opt/airflow/dags/raw_to_dds.py
[2025-09-03T20:15:46.025+0000] {logging_mixin.py:150} INFO - [2025-09-03T20:15:46.024+0000] {dag.py:2742} INFO - Sync 1 DAGs
[2025-09-03T20:15:46.071+0000] {logging_mixin.py:150} INFO - [2025-09-03T20:15:46.070+0000] {dag.py:3508} INFO - Setting next_dagrun for raw_to_dds to 2025-09-03T19:51:05.408048+00:00, run_after=2025-09-03T20:51:05.408048+00:00
[2025-09-03T20:15:46.114+0000] {processor.py:179} INFO - Processing /opt/airflow/dags/raw_to_dds.py took 0.191 seconds
[2025-09-03T20:16:16.589+0000] {processor.py:157} INFO - Started process (PID=2618) to work on /opt/airflow/dags/raw_to_dds.py
[2025-09-03T20:16:16.590+0000] {processor.py:826} INFO - Processing file /opt/airflow/dags/raw_to_dds.py for tasks to queue
[2025-09-03T20:16:16.592+0000] {logging_mixin.py:150} INFO - [2025-09-03T20:16:16.592+0000] {dagbag.py:541} INFO - Filling up the DagBag from /opt/airflow/dags/raw_to_dds.py
[2025-09-03T20:16:16.619+0000] {processor.py:836} INFO - DAG(s) dict_keys(['raw_to_dds']) retrieved from /opt/airflow/dags/raw_to_dds.py
[2025-09-03T20:16:16.671+0000] {logging_mixin.py:150} INFO - [2025-09-03T20:16:16.670+0000] {dag.py:2742} INFO - Sync 1 DAGs
[2025-09-03T20:16:16.710+0000] {logging_mixin.py:150} INFO - [2025-09-03T20:16:16.709+0000] {dag.py:3508} INFO - Setting next_dagrun for raw_to_dds to 2025-09-03T19:51:05.408048+00:00, run_after=2025-09-03T20:51:05.408048+00:00
[2025-09-03T20:16:16.746+0000] {processor.py:179} INFO - Processing /opt/airflow/dags/raw_to_dds.py took 0.161 seconds
[2025-09-03T20:16:47.138+0000] {processor.py:157} INFO - Started process (PID=2628) to work on /opt/airflow/dags/raw_to_dds.py
[2025-09-03T20:16:47.139+0000] {processor.py:826} INFO - Processing file /opt/airflow/dags/raw_to_dds.py for tasks to queue
[2025-09-03T20:16:47.141+0000] {logging_mixin.py:150} INFO - [2025-09-03T20:16:47.141+0000] {dagbag.py:541} INFO - Filling up the DagBag from /opt/airflow/dags/raw_to_dds.py
[2025-09-03T20:16:47.171+0000] {processor.py:836} INFO - DAG(s) dict_keys(['raw_to_dds']) retrieved from /opt/airflow/dags/raw_to_dds.py
[2025-09-03T20:16:47.233+0000] {logging_mixin.py:150} INFO - [2025-09-03T20:16:47.233+0000] {dag.py:2742} INFO - Sync 1 DAGs
[2025-09-03T20:16:47.281+0000] {logging_mixin.py:150} INFO - [2025-09-03T20:16:47.281+0000] {dag.py:3508} INFO - Setting next_dagrun for raw_to_dds to 2025-09-03T19:51:05.408048+00:00, run_after=2025-09-03T20:51:05.408048+00:00
[2025-09-03T20:16:47.309+0000] {processor.py:179} INFO - Processing /opt/airflow/dags/raw_to_dds.py took 0.176 seconds
[2025-09-03T20:17:17.409+0000] {processor.py:157} INFO - Started process (PID=2643) to work on /opt/airflow/dags/raw_to_dds.py
[2025-09-03T20:17:17.412+0000] {processor.py:826} INFO - Processing file /opt/airflow/dags/raw_to_dds.py for tasks to queue
[2025-09-03T20:17:17.414+0000] {logging_mixin.py:150} INFO - [2025-09-03T20:17:17.413+0000] {dagbag.py:541} INFO - Filling up the DagBag from /opt/airflow/dags/raw_to_dds.py
[2025-09-03T20:17:17.454+0000] {processor.py:836} INFO - DAG(s) dict_keys(['raw_to_dds']) retrieved from /opt/airflow/dags/raw_to_dds.py
[2025-09-03T20:17:17.533+0000] {logging_mixin.py:150} INFO - [2025-09-03T20:17:17.532+0000] {dag.py:2742} INFO - Sync 1 DAGs
[2025-09-03T20:17:17.588+0000] {logging_mixin.py:150} INFO - [2025-09-03T20:17:17.588+0000] {dag.py:3508} INFO - Setting next_dagrun for raw_to_dds to 2025-09-03T19:51:05.408048+00:00, run_after=2025-09-03T20:51:05.408048+00:00
[2025-09-03T20:17:17.653+0000] {processor.py:179} INFO - Processing /opt/airflow/dags/raw_to_dds.py took 0.255 seconds
[2025-09-03T20:17:49.296+0000] {processor.py:157} INFO - Started process (PID=2658) to work on /opt/airflow/dags/raw_to_dds.py
[2025-09-03T20:17:49.301+0000] {processor.py:826} INFO - Processing file /opt/airflow/dags/raw_to_dds.py for tasks to queue
[2025-09-03T20:17:49.304+0000] {logging_mixin.py:150} INFO - [2025-09-03T20:17:49.303+0000] {dagbag.py:541} INFO - Filling up the DagBag from /opt/airflow/dags/raw_to_dds.py
[2025-09-03T20:17:49.670+0000] {processor.py:836} INFO - DAG(s) dict_keys(['raw_to_dds']) retrieved from /opt/airflow/dags/raw_to_dds.py
[2025-09-03T20:17:50.994+0000] {logging_mixin.py:150} INFO - [2025-09-03T20:17:50.993+0000] {dag.py:2742} INFO - Sync 1 DAGs
[2025-09-03T20:17:51.591+0000] {logging_mixin.py:150} INFO - [2025-09-03T20:17:51.589+0000] {dag.py:3508} INFO - Setting next_dagrun for raw_to_dds to 2025-09-03T19:51:05.408048+00:00, run_after=2025-09-03T20:51:05.408048+00:00
[2025-09-03T20:17:51.870+0000] {processor.py:179} INFO - Processing /opt/airflow/dags/raw_to_dds.py took 2.665 seconds
