[2025-09-03T20:17:17.646+0000] {logging_mixin.py:150} WARNING - /home/***/.local/lib/python3.7/site-packages/***/utils/sqlalchemy.py:124 DeprecationWarning: The sql_alchemy_conn option in [core] has been moved to the sql_alchemy_conn option in [database] - the old setting has been used, but please update your config.
[2025-09-03T20:17:17.674+0000] {taskinstance.py:1103} INFO - Dependencies all met for dep_context=non-requeueable deps ti=<TaskInstance: raw_data.create_dictionary_tables scheduled__2025-09-03T19:46:45.258975+00:00 [queued]>
[2025-09-03T20:17:17.697+0000] {taskinstance.py:1103} INFO - Dependencies all met for dep_context=requeueable deps ti=<TaskInstance: raw_data.create_dictionary_tables scheduled__2025-09-03T19:46:45.258975+00:00 [queued]>
[2025-09-03T20:17:17.716+0000] {taskinstance.py:1308} INFO - Starting attempt 1 of 3
[2025-09-03T20:17:17.751+0000] {taskinstance.py:1327} INFO - Executing <Task(PostgresOperator): create_dictionary_tables> on 2025-09-03 19:46:45.258975+00:00
[2025-09-03T20:17:17.766+0000] {standard_task_runner.py:57} INFO - Started process 2648 to run task
[2025-09-03T20:17:17.772+0000] {standard_task_runner.py:84} INFO - Running: ['***', 'tasks', 'run', 'raw_data', 'create_dictionary_tables', 'scheduled__2025-09-03T19:46:45.258975+00:00', '--job-id', '279', '--raw', '--subdir', 'DAGS_FOLDER/dags.py', '--cfg-path', '/tmp/tmpl6n4ybvz']
[2025-09-03T20:17:17.778+0000] {standard_task_runner.py:85} INFO - Job 279: Subtask create_dictionary_tables
[2025-09-03T20:17:17.827+0000] {logging_mixin.py:150} WARNING - /home/***/.local/lib/python3.7/site-packages/***/settings.py:195 DeprecationWarning: The sql_alchemy_conn option in [core] has been moved to the sql_alchemy_conn option in [database] - the old setting has been used, but please update your config.
[2025-09-03T20:17:17.915+0000] {task_command.py:410} INFO - Running <TaskInstance: raw_data.create_dictionary_tables scheduled__2025-09-03T19:46:45.258975+00:00 [running]> on host 566c672cfab0
[2025-09-03T20:17:17.939+0000] {logging_mixin.py:150} WARNING - /home/***/.local/lib/python3.7/site-packages/***/utils/sqlalchemy.py:124 DeprecationWarning: The sql_alchemy_conn option in [core] has been moved to the sql_alchemy_conn option in [database] - the old setting has been used, but please update your config.
[2025-09-03T20:17:18.109+0000] {taskinstance.py:1547} INFO - Exporting env vars: AIRFLOW_CTX_DAG_OWNER='***' AIRFLOW_CTX_DAG_ID='raw_data' AIRFLOW_CTX_TASK_ID='create_dictionary_tables' AIRFLOW_CTX_EXECUTION_DATE='2025-09-03T19:46:45.258975+00:00' AIRFLOW_CTX_TRY_NUMBER='1' AIRFLOW_CTX_DAG_RUN_ID='scheduled__2025-09-03T19:46:45.258975+00:00'
[2025-09-03T20:17:18.112+0000] {sql.py:265} INFO - Executing: 
        CREATE TABLE IF NOT EXISTS dictionary.countries (
            id SERIAL PRIMARY KEY,
            country_name TEXT UNIQUE
        );

        CREATE TABLE IF NOT EXISTS dictionary.cities (
            id SERIAL PRIMARY KEY,
            city_name TEXT,
            country_id INT REFERENCES dictionary.countries(id)
        );

        CREATE TABLE IF NOT EXISTS dictionary.event_types (
            id SERIAL PRIMARY KEY,
            event_type_name TEXT UNIQUE
        );
        
[2025-09-03T20:17:18.141+0000] {base.py:73} INFO - Using connection ID 'postgres_default' for task execution.
[2025-09-03T20:17:18.417+0000] {base.py:73} INFO - Using connection ID 'postgres_default' for task execution.
[2025-09-03T20:17:18.427+0000] {sql.py:375} INFO - Running statement: 
        CREATE TABLE IF NOT EXISTS dictionary.countries (
            id SERIAL PRIMARY KEY,
            country_name TEXT UNIQUE
        );

        CREATE TABLE IF NOT EXISTS dictionary.cities (
            id SERIAL PRIMARY KEY,
            city_name TEXT,
            country_id INT REFERENCES dictionary.countries(id)
        );

        CREATE TABLE IF NOT EXISTS dictionary.event_types (
            id SERIAL PRIMARY KEY,
            event_type_name TEXT UNIQUE
        );
        , parameters: None
[2025-09-03T20:17:18.448+0000] {taskinstance.py:1350} INFO - Marking task as SUCCESS. dag_id=raw_data, task_id=create_dictionary_tables, execution_date=20250903T194645, start_date=20250903T201717, end_date=20250903T201718
[2025-09-03T20:17:18.506+0000] {local_task_job_runner.py:225} INFO - Task exited with return code 0
[2025-09-03T20:17:18.545+0000] {taskinstance.py:2653} INFO - 1 downstream tasks scheduled from follow-on schedule check
