[2025-09-03T19:39:16.179+0000] {logging_mixin.py:150} WARNING - /home/***/.local/lib/python3.7/site-packages/***/utils/sqlalchemy.py:124 DeprecationWarning: The sql_alchemy_conn option in [core] has been moved to the sql_alchemy_conn option in [database] - the old setting has been used, but please update your config.
[2025-09-03T19:39:16.222+0000] {taskinstance.py:1103} INFO - Dependencies all met for dep_context=non-requeueable deps ti=<TaskInstance: kafka_to_postgres.create_dds_tables scheduled__2025-09-03T19:08:04.385408+00:00 [queued]>
[2025-09-03T19:39:16.265+0000] {taskinstance.py:1103} INFO - Dependencies all met for dep_context=requeueable deps ti=<TaskInstance: kafka_to_postgres.create_dds_tables scheduled__2025-09-03T19:08:04.385408+00:00 [queued]>
[2025-09-03T19:39:16.267+0000] {taskinstance.py:1308} INFO - Starting attempt 1 of 3
[2025-09-03T19:39:16.344+0000] {taskinstance.py:1327} INFO - Executing <Task(PostgresOperator): create_dds_tables> on 2025-09-03 19:08:04.385408+00:00
[2025-09-03T19:39:16.358+0000] {standard_task_runner.py:57} INFO - Started process 1890 to run task
[2025-09-03T19:39:16.371+0000] {standard_task_runner.py:84} INFO - Running: ['***', 'tasks', 'run', 'kafka_to_postgres', 'create_dds_tables', 'scheduled__2025-09-03T19:08:04.385408+00:00', '--job-id', '238', '--raw', '--subdir', 'DAGS_FOLDER/dags.py', '--cfg-path', '/tmp/tmp3i4t5lh9']
[2025-09-03T19:39:16.389+0000] {standard_task_runner.py:85} INFO - Job 238: Subtask create_dds_tables
[2025-09-03T19:39:16.494+0000] {logging_mixin.py:150} WARNING - /home/***/.local/lib/python3.7/site-packages/***/settings.py:195 DeprecationWarning: The sql_alchemy_conn option in [core] has been moved to the sql_alchemy_conn option in [database] - the old setting has been used, but please update your config.
[2025-09-03T19:39:16.735+0000] {task_command.py:410} INFO - Running <TaskInstance: kafka_to_postgres.create_dds_tables scheduled__2025-09-03T19:08:04.385408+00:00 [running]> on host 566c672cfab0
[2025-09-03T19:39:16.787+0000] {logging_mixin.py:150} WARNING - /home/***/.local/lib/python3.7/site-packages/***/utils/sqlalchemy.py:124 DeprecationWarning: The sql_alchemy_conn option in [core] has been moved to the sql_alchemy_conn option in [database] - the old setting has been used, but please update your config.
[2025-09-03T19:39:17.039+0000] {taskinstance.py:1547} INFO - Exporting env vars: AIRFLOW_CTX_DAG_OWNER='***' AIRFLOW_CTX_DAG_ID='kafka_to_postgres' AIRFLOW_CTX_TASK_ID='create_dds_tables' AIRFLOW_CTX_EXECUTION_DATE='2025-09-03T19:08:04.385408+00:00' AIRFLOW_CTX_TRY_NUMBER='1' AIRFLOW_CTX_DAG_RUN_ID='scheduled__2025-09-03T19:08:04.385408+00:00'
[2025-09-03T19:39:17.041+0000] {sql.py:265} INFO - Executing: 
        CREATE TABLE IF NOT EXISTS dds.users (
            id SERIAL PRIMARY KEY,
            user_id INT UNIQUE
        );

        CREATE TABLE IF NOT EXISTS dds.facts_events (
            id SERIAL PRIMARY KEY,
            user_id INT REFERENCES dds.users(id),
            event_type_id INT REFERENCES dictionary.event_types(id),
            city_id INT REFERENCES dictionary.cities(id),
            lat DOUBLE PRECISION,
            lon DOUBLE PRECISION,
            cost_usd NUMERIC(10,2),
            cost_eur NUMERIC(10,2),
            cost_rub NUMERIC(10,2),
            weather_temp NUMERIC(5,2),
            weather_desc TEXT,
            timestamp TIMESTAMPTZ
        );
        
[2025-09-03T19:39:17.072+0000] {base.py:73} INFO - Using connection ID 'postgres_default' for task execution.
[2025-09-03T19:39:18.298+0000] {base.py:73} INFO - Using connection ID 'postgres_default' for task execution.
[2025-09-03T19:39:18.319+0000] {sql.py:375} INFO - Running statement: 
        CREATE TABLE IF NOT EXISTS dds.users (
            id SERIAL PRIMARY KEY,
            user_id INT UNIQUE
        );

        CREATE TABLE IF NOT EXISTS dds.facts_events (
            id SERIAL PRIMARY KEY,
            user_id INT REFERENCES dds.users(id),
            event_type_id INT REFERENCES dictionary.event_types(id),
            city_id INT REFERENCES dictionary.cities(id),
            lat DOUBLE PRECISION,
            lon DOUBLE PRECISION,
            cost_usd NUMERIC(10,2),
            cost_eur NUMERIC(10,2),
            cost_rub NUMERIC(10,2),
            weather_temp NUMERIC(5,2),
            weather_desc TEXT,
            timestamp TIMESTAMPTZ
        );
        , parameters: None
[2025-09-03T19:39:18.357+0000] {taskinstance.py:1350} INFO - Marking task as SUCCESS. dag_id=kafka_to_postgres, task_id=create_dds_tables, execution_date=20250903T190804, start_date=20250903T193916, end_date=20250903T193918
[2025-09-03T19:39:18.465+0000] {local_task_job_runner.py:225} INFO - Task exited with return code 0
[2025-09-03T19:39:18.666+0000] {taskinstance.py:2653} INFO - 0 downstream tasks scheduled from follow-on schedule check
