[2025-09-03T16:29:18.583+0000] {taskinstance.py:1103} INFO - Dependencies all met for dep_context=non-requeueable deps ti=<TaskInstance: kafka_to_postgres_batch.create_indexes manual__2025-09-03T16:28:46.584914+00:00 [queued]>
[2025-09-03T16:29:18.683+0000] {taskinstance.py:1103} INFO - Dependencies all met for dep_context=requeueable deps ti=<TaskInstance: kafka_to_postgres_batch.create_indexes manual__2025-09-03T16:28:46.584914+00:00 [queued]>
[2025-09-03T16:29:18.685+0000] {taskinstance.py:1308} INFO - Starting attempt 1 of 3
[2025-09-03T16:29:19.267+0000] {taskinstance.py:1327} INFO - Executing <Task(PostgresOperator): create_indexes> on 2025-09-03 16:28:46.584914+00:00
[2025-09-03T16:29:19.437+0000] {standard_task_runner.py:57} INFO - Started process 372 to run task
[2025-09-03T16:29:19.513+0000] {standard_task_runner.py:84} INFO - Running: ['***', 'tasks', 'run', 'kafka_to_postgres_batch', 'create_indexes', 'manual__2025-09-03T16:28:46.584914+00:00', '--job-id', '174', '--raw', '--subdir', 'DAGS_FOLDER/dags.py', '--cfg-path', '/tmp/tmpmgi747_c']
[2025-09-03T16:29:19.556+0000] {standard_task_runner.py:85} INFO - Job 174: Subtask create_indexes
[2025-09-03T16:29:19.931+0000] {logging_mixin.py:150} WARNING - /home/***/.local/lib/python3.7/site-packages/***/settings.py:195 DeprecationWarning: The sql_alchemy_conn option in [core] has been moved to the sql_alchemy_conn option in [database] - the old setting has been used, but please update your config.
[2025-09-03T16:29:20.083+0000] {task_command.py:410} INFO - Running <TaskInstance: kafka_to_postgres_batch.create_indexes manual__2025-09-03T16:28:46.584914+00:00 [running]> on host 5646b9718ecc
[2025-09-03T16:29:20.427+0000] {taskinstance.py:1547} INFO - Exporting env vars: AIRFLOW_CTX_DAG_OWNER='***' AIRFLOW_CTX_DAG_ID='kafka_to_postgres_batch' AIRFLOW_CTX_TASK_ID='create_indexes' AIRFLOW_CTX_EXECUTION_DATE='2025-09-03T16:28:46.584914+00:00' AIRFLOW_CTX_TRY_NUMBER='1' AIRFLOW_CTX_DAG_RUN_ID='manual__2025-09-03T16:28:46.584914+00:00'
[2025-09-03T16:29:20.428+0000] {sql.py:265} INFO - Executing: 
        CREATE INDEX IF NOT EXISTS idx_raw_events_user_id ON raw.events(user_id);
        CREATE INDEX IF NOT EXISTS idx_raw_events_timestamp ON raw.events(timestamp);
        CREATE INDEX IF NOT EXISTS idx_raw_events_event_type ON raw.events(event_type);
        
[2025-09-03T16:29:20.474+0000] {base.py:73} INFO - Using connection ID 'postgres_default' for task execution.
[2025-09-03T16:29:20.671+0000] {base.py:73} INFO - Using connection ID 'postgres_default' for task execution.
[2025-09-03T16:29:20.690+0000] {sql.py:375} INFO - Running statement: 
        CREATE INDEX IF NOT EXISTS idx_raw_events_user_id ON raw.events(user_id);
        CREATE INDEX IF NOT EXISTS idx_raw_events_timestamp ON raw.events(timestamp);
        CREATE INDEX IF NOT EXISTS idx_raw_events_event_type ON raw.events(event_type);
        , parameters: None
[2025-09-03T16:29:20.734+0000] {taskinstance.py:1350} INFO - Marking task as SUCCESS. dag_id=kafka_to_postgres_batch, task_id=create_indexes, execution_date=20250903T162846, start_date=20250903T162918, end_date=20250903T162920
[2025-09-03T16:29:20.788+0000] {local_task_job_runner.py:225} INFO - Task exited with return code 0
[2025-09-03T16:29:20.855+0000] {taskinstance.py:2653} INFO - 1 downstream tasks scheduled from follow-on schedule check
