[2025-09-02T20:56:25.571+0000] {logging_mixin.py:150} WARNING - /home/***/.local/lib/python3.7/site-packages/***/utils/sqlalchemy.py:124 DeprecationWarning: The sql_alchemy_conn option in [core] has been moved to the sql_alchemy_conn option in [database] - the old setting has been used, but please update your config.
[2025-09-02T20:56:25.603+0000] {taskinstance.py:1103} INFO - Dependencies all met for dep_context=non-requeueable deps ti=<TaskInstance: kafka_to_postgres.create_events_table scheduled__2025-09-02T20:25:00+00:00 [queued]>
[2025-09-02T20:56:25.632+0000] {taskinstance.py:1103} INFO - Dependencies all met for dep_context=requeueable deps ti=<TaskInstance: kafka_to_postgres.create_events_table scheduled__2025-09-02T20:25:00+00:00 [queued]>
[2025-09-02T20:56:25.633+0000] {taskinstance.py:1308} INFO - Starting attempt 1 of 3
[2025-09-02T20:56:25.693+0000] {taskinstance.py:1327} INFO - Executing <Task(PostgresOperator): create_events_table> on 2025-09-02 20:25:00+00:00
[2025-09-02T20:56:25.715+0000] {standard_task_runner.py:57} INFO - Started process 604 to run task
[2025-09-02T20:56:25.739+0000] {standard_task_runner.py:84} INFO - Running: ['***', 'tasks', 'run', 'kafka_to_postgres', 'create_events_table', 'scheduled__2025-09-02T20:25:00+00:00', '--job-id', '93', '--raw', '--subdir', 'DAGS_FOLDER/dags.py', '--cfg-path', '/tmp/tmpljfhl5by']
[2025-09-02T20:56:25.767+0000] {standard_task_runner.py:85} INFO - Job 93: Subtask create_events_table
[2025-09-02T20:56:25.861+0000] {logging_mixin.py:150} WARNING - /home/***/.local/lib/python3.7/site-packages/***/settings.py:195 DeprecationWarning: The sql_alchemy_conn option in [core] has been moved to the sql_alchemy_conn option in [database] - the old setting has been used, but please update your config.
[2025-09-02T20:56:26.088+0000] {task_command.py:410} INFO - Running <TaskInstance: kafka_to_postgres.create_events_table scheduled__2025-09-02T20:25:00+00:00 [running]> on host 5646b9718ecc
[2025-09-02T20:56:26.138+0000] {logging_mixin.py:150} WARNING - /home/***/.local/lib/python3.7/site-packages/***/utils/sqlalchemy.py:124 DeprecationWarning: The sql_alchemy_conn option in [core] has been moved to the sql_alchemy_conn option in [database] - the old setting has been used, but please update your config.
[2025-09-02T20:56:26.428+0000] {taskinstance.py:1547} INFO - Exporting env vars: AIRFLOW_CTX_DAG_OWNER='***' AIRFLOW_CTX_DAG_ID='kafka_to_postgres' AIRFLOW_CTX_TASK_ID='create_events_table' AIRFLOW_CTX_EXECUTION_DATE='2025-09-02T20:25:00+00:00' AIRFLOW_CTX_TRY_NUMBER='1' AIRFLOW_CTX_DAG_RUN_ID='scheduled__2025-09-02T20:25:00+00:00'
[2025-09-02T20:56:26.431+0000] {sql.py:265} INFO - Executing: 
        CREATE TABLE IF NOT EXISTS raw.events (
            id SERIAL PRIMARY KEY,
            user_id INT,
            event_type TEXT,
            city TEXT,
            country TEXT,
            lat DOUBLE PRECISION,
            lon DOUBLE PRECISION,
            cost_usd NUMERIC,
            cost_eur NUMERIC,
            cost_rub NUMERIC,
            weather_temp NUMERIC,
            weather_desc TEXT,
            timestamp TIMESTAMPTZ DEFAULT NOW()
        );
        
[2025-09-02T20:56:26.478+0000] {base.py:73} INFO - Using connection ID 'postgres_default' for task execution.
[2025-09-02T20:56:26.735+0000] {base.py:73} INFO - Using connection ID 'postgres_default' for task execution.
[2025-09-02T20:56:26.754+0000] {sql.py:375} INFO - Running statement: 
        CREATE TABLE IF NOT EXISTS raw.events (
            id SERIAL PRIMARY KEY,
            user_id INT,
            event_type TEXT,
            city TEXT,
            country TEXT,
            lat DOUBLE PRECISION,
            lon DOUBLE PRECISION,
            cost_usd NUMERIC,
            cost_eur NUMERIC,
            cost_rub NUMERIC,
            weather_temp NUMERIC,
            weather_desc TEXT,
            timestamp TIMESTAMPTZ DEFAULT NOW()
        );
        , parameters: None
[2025-09-02T20:56:26.869+0000] {taskinstance.py:1350} INFO - Marking task as SUCCESS. dag_id=kafka_to_postgres, task_id=create_events_table, execution_date=20250902T202500, start_date=20250902T205625, end_date=20250902T205626
[2025-09-02T20:56:26.928+0000] {local_task_job_runner.py:225} INFO - Task exited with return code 0
[2025-09-02T20:56:26.989+0000] {taskinstance.py:2653} INFO - 0 downstream tasks scheduled from follow-on schedule check
