[2025-09-06T17:48:34.694+0000] {logging_mixin.py:150} WARNING - /home/***/.local/lib/python3.7/site-packages/***/utils/sqlalchemy.py:124 DeprecationWarning: The sql_alchemy_conn option in [core] has been moved to the sql_alchemy_conn option in [database] - the old setting has been used, but please update your config.
[2025-09-06T17:48:34.723+0000] {taskinstance.py:1103} INFO - Dependencies all met for dep_context=non-requeueable deps ti=<TaskInstance: raw_to_dds.load_dds_users scheduled__2025-09-06T16:47:32.812192+00:00 [queued]>
[2025-09-06T17:48:34.741+0000] {taskinstance.py:1103} INFO - Dependencies all met for dep_context=requeueable deps ti=<TaskInstance: raw_to_dds.load_dds_users scheduled__2025-09-06T16:47:32.812192+00:00 [queued]>
[2025-09-06T17:48:34.742+0000] {taskinstance.py:1308} INFO - Starting attempt 1 of 3
[2025-09-06T17:48:34.770+0000] {taskinstance.py:1327} INFO - Executing <Task(PostgresOperator): load_dds_users> on 2025-09-06 16:47:32.812192+00:00
[2025-09-06T17:48:34.789+0000] {standard_task_runner.py:57} INFO - Started process 177 to run task
[2025-09-06T17:48:34.795+0000] {standard_task_runner.py:84} INFO - Running: ['***', 'tasks', 'run', 'raw_to_dds', 'load_dds_users', 'scheduled__2025-09-06T16:47:32.812192+00:00', '--job-id', '48', '--raw', '--subdir', 'DAGS_FOLDER/raw_to_dds.py', '--cfg-path', '/tmp/tmp6dzag_38']
[2025-09-06T17:48:34.799+0000] {standard_task_runner.py:85} INFO - Job 48: Subtask load_dds_users
[2025-09-06T17:48:34.836+0000] {logging_mixin.py:150} WARNING - /home/***/.local/lib/python3.7/site-packages/***/settings.py:195 DeprecationWarning: The sql_alchemy_conn option in [core] has been moved to the sql_alchemy_conn option in [database] - the old setting has been used, but please update your config.
[2025-09-06T17:48:34.917+0000] {task_command.py:410} INFO - Running <TaskInstance: raw_to_dds.load_dds_users scheduled__2025-09-06T16:47:32.812192+00:00 [running]> on host ef9bb72bce84
[2025-09-06T17:48:34.954+0000] {logging_mixin.py:150} WARNING - /home/***/.local/lib/python3.7/site-packages/***/utils/sqlalchemy.py:124 DeprecationWarning: The sql_alchemy_conn option in [core] has been moved to the sql_alchemy_conn option in [database] - the old setting has been used, but please update your config.
[2025-09-06T17:48:35.140+0000] {taskinstance.py:1547} INFO - Exporting env vars: AIRFLOW_CTX_DAG_OWNER='***' AIRFLOW_CTX_DAG_ID='raw_to_dds' AIRFLOW_CTX_TASK_ID='load_dds_users' AIRFLOW_CTX_EXECUTION_DATE='2025-09-06T16:47:32.812192+00:00' AIRFLOW_CTX_TRY_NUMBER='1' AIRFLOW_CTX_DAG_RUN_ID='scheduled__2025-09-06T16:47:32.812192+00:00'
[2025-09-06T17:48:35.141+0000] {sql.py:265} INFO - Executing: 
        INSERT INTO dds.users (user_id, city, country)
        SELECT DISTINCT re.user_id, re.city, re.country
        FROM raw.events re
        ON CONFLICT (user_id) DO NOTHING;
        
[2025-09-06T17:48:35.173+0000] {base.py:73} INFO - Using connection ID 'postgres_default' for task execution.
[2025-09-06T17:48:39.422+0000] {base.py:73} INFO - Using connection ID 'postgres_default' for task execution.
[2025-09-06T17:48:39.444+0000] {sql.py:375} INFO - Running statement: 
        INSERT INTO dds.users (user_id, city, country)
        SELECT DISTINCT re.user_id, re.city, re.country
        FROM raw.events re
        ON CONFLICT (user_id) DO NOTHING;
        , parameters: None
[2025-09-06T17:48:39.484+0000] {sql.py:384} INFO - Rows affected: 0
[2025-09-06T17:48:39.513+0000] {taskinstance.py:1350} INFO - Marking task as SUCCESS. dag_id=raw_to_dds, task_id=load_dds_users, execution_date=20250906T164732, start_date=20250906T174834, end_date=20250906T174839
[2025-09-06T17:48:39.569+0000] {local_task_job_runner.py:225} INFO - Task exited with return code 0
[2025-09-06T17:48:39.639+0000] {taskinstance.py:2653} INFO - 1 downstream tasks scheduled from follow-on schedule check
