[2025-09-16T19:48:27.366+0000] {logging_mixin.py:150} WARNING - /home/***/.local/lib/python3.7/site-packages/***/utils/sqlalchemy.py:124 DeprecationWarning: The sql_alchemy_conn option in [core] has been moved to the sql_alchemy_conn option in [database] - the old setting has been used, but please update your config.
[2025-09-16T19:48:27.392+0000] {taskinstance.py:1103} INFO - Dependencies all met for dep_context=non-requeueable deps ti=<TaskInstance: dds_to_clickhouse.load_session_analytics scheduled__2025-09-15T00:00:00+00:00 [queued]>
[2025-09-16T19:48:27.410+0000] {taskinstance.py:1103} INFO - Dependencies all met for dep_context=requeueable deps ti=<TaskInstance: dds_to_clickhouse.load_session_analytics scheduled__2025-09-15T00:00:00+00:00 [queued]>
[2025-09-16T19:48:27.413+0000] {taskinstance.py:1308} INFO - Starting attempt 2 of 2
[2025-09-16T19:48:27.439+0000] {taskinstance.py:1327} INFO - Executing <Task(PythonOperator): load_session_analytics> on 2025-09-15 00:00:00+00:00
[2025-09-16T19:48:27.448+0000] {standard_task_runner.py:57} INFO - Started process 1429 to run task
[2025-09-16T19:48:27.461+0000] {standard_task_runner.py:84} INFO - Running: ['***', 'tasks', 'run', 'dds_to_clickhouse', 'load_session_analytics', 'scheduled__2025-09-15T00:00:00+00:00', '--job-id', '791', '--raw', '--subdir', 'DAGS_FOLDER/dds_to_clickhouse.py', '--cfg-path', '/tmp/tmprudvjc32']
[2025-09-16T19:48:27.469+0000] {standard_task_runner.py:85} INFO - Job 791: Subtask load_session_analytics
[2025-09-16T19:48:27.506+0000] {logging_mixin.py:150} WARNING - /home/***/.local/lib/python3.7/site-packages/***/settings.py:195 DeprecationWarning: The sql_alchemy_conn option in [core] has been moved to the sql_alchemy_conn option in [database] - the old setting has been used, but please update your config.
[2025-09-16T19:48:27.565+0000] {task_command.py:410} INFO - Running <TaskInstance: dds_to_clickhouse.load_session_analytics scheduled__2025-09-15T00:00:00+00:00 [running]> on host d6e2a7c8b3ee
[2025-09-16T19:48:27.586+0000] {logging_mixin.py:150} WARNING - /home/***/.local/lib/python3.7/site-packages/***/utils/sqlalchemy.py:124 DeprecationWarning: The sql_alchemy_conn option in [core] has been moved to the sql_alchemy_conn option in [database] - the old setting has been used, but please update your config.
[2025-09-16T19:48:27.693+0000] {taskinstance.py:1547} INFO - Exporting env vars: AIRFLOW_CTX_DAG_OWNER='***' AIRFLOW_CTX_DAG_ID='dds_to_clickhouse' AIRFLOW_CTX_TASK_ID='load_session_analytics' AIRFLOW_CTX_EXECUTION_DATE='2025-09-15T00:00:00+00:00' AIRFLOW_CTX_TRY_NUMBER='2' AIRFLOW_CTX_DAG_RUN_ID='scheduled__2025-09-15T00:00:00+00:00'
[2025-09-16T19:48:27.716+0000] {ch_utils.py:84} ERROR - ❌ Ошибка при переносе данных в session_analytics: (psycopg2.errors.UndefinedTable) relation "dds.user_devices" does not exist
LINE 18: LEFT JOIN dds.user_devices d ON s.user_id::text = d.user_id
                   ^

[SQL: SELECT
    s.session_id,
    s.user_id::bigint AS user_id,
    s.start_ts AS start_time,
    s.end_ts AS end_time,
    EXTRACT(EPOCH FROM (s.end_ts - s.start_ts))::int AS duration_seconds,
    s.event_count AS events_count,
    SUM(CASE WHEN e.event_type = 'view_page' THEN 1 ELSE 0 END) AS page_views_count,
    SUM(CASE WHEN e.event_type = 'purchase' THEN 1 ELSE 0 END) AS orders_count,
    MAX(CASE WHEN e.event_type = 'purchase' THEN 1 ELSE 0 END) AS conversion_flag,
    d.device_type,
    d.os,
    d.browser,
    l.city,
    l.country
FROM dds.sessions s
LEFT JOIN dds.events e ON s.session_id::text = e.session_id   
LEFT JOIN dds.user_devices d ON s.user_id::text = d.user_id
LEFT JOIN dds.user_locations l ON s.user_id::text = l.user_id
GROUP BY s.session_id, s.user_id, s.start_ts, s.end_ts, s.event_count,
         d.device_type, d.os, d.browser, l.city, l.country;
]
(Background on this error at: https://sqlalche.me/e/14/f405)
[2025-09-16T19:48:27.716+0000] {taskinstance.py:1824} ERROR - Task failed with exception
Traceback (most recent call last):
  File "/home/airflow/.local/lib/python3.7/site-packages/sqlalchemy/engine/base.py", line 1911, in _execute_context
    cursor, statement, parameters, context
  File "/home/airflow/.local/lib/python3.7/site-packages/sqlalchemy/engine/default.py", line 736, in do_execute
    cursor.execute(statement, parameters)
psycopg2.errors.UndefinedTable: relation "dds.user_devices" does not exist
LINE 18: LEFT JOIN dds.user_devices d ON s.user_id::text = d.user_id
                   ^


The above exception was the direct cause of the following exception:

Traceback (most recent call last):
  File "/home/airflow/.local/lib/python3.7/site-packages/airflow/operators/python.py", line 181, in execute
    return_value = self.execute_callable()
  File "/home/airflow/.local/lib/python3.7/site-packages/airflow/operators/python.py", line 198, in execute_callable
    return self.python_callable(*self.op_args, **self.op_kwargs)
  File "/opt/airflow/dags/ch_utils.py", line 56, in transfer_table
    df = pd.read_sql(sql_query, engine_pg)
  File "/home/airflow/.local/lib/python3.7/site-packages/pandas/io/sql.py", line 634, in read_sql
    chunksize=chunksize,
  File "/home/airflow/.local/lib/python3.7/site-packages/pandas/io/sql.py", line 1579, in read_query
    result = self.execute(*args)
  File "/home/airflow/.local/lib/python3.7/site-packages/pandas/io/sql.py", line 1424, in execute
    return self.connectable.execution_options().execute(*args, **kwargs)
  File "<string>", line 2, in execute
  File "/home/airflow/.local/lib/python3.7/site-packages/sqlalchemy/util/deprecations.py", line 468, in warned
    return fn(*args, **kwargs)
  File "/home/airflow/.local/lib/python3.7/site-packages/sqlalchemy/engine/base.py", line 3267, in execute
    return connection.execute(statement, *multiparams, **params)
  File "/home/airflow/.local/lib/python3.7/site-packages/sqlalchemy/engine/base.py", line 1375, in execute
    future=False,
  File "/home/airflow/.local/lib/python3.7/site-packages/sqlalchemy/engine/base.py", line 1681, in _exec_driver_sql
    distilled_parameters,
  File "/home/airflow/.local/lib/python3.7/site-packages/sqlalchemy/engine/base.py", line 1954, in _execute_context
    e, statement, parameters, cursor, context
  File "/home/airflow/.local/lib/python3.7/site-packages/sqlalchemy/engine/base.py", line 2135, in _handle_dbapi_exception
    sqlalchemy_exception, with_traceback=exc_info[2], from_=e
  File "/home/airflow/.local/lib/python3.7/site-packages/sqlalchemy/util/compat.py", line 211, in raise_
    raise exception
  File "/home/airflow/.local/lib/python3.7/site-packages/sqlalchemy/engine/base.py", line 1911, in _execute_context
    cursor, statement, parameters, context
  File "/home/airflow/.local/lib/python3.7/site-packages/sqlalchemy/engine/default.py", line 736, in do_execute
    cursor.execute(statement, parameters)
sqlalchemy.exc.ProgrammingError: (psycopg2.errors.UndefinedTable) relation "dds.user_devices" does not exist
LINE 18: LEFT JOIN dds.user_devices d ON s.user_id::text = d.user_id
                   ^

[SQL: SELECT
    s.session_id,
    s.user_id::bigint AS user_id,
    s.start_ts AS start_time,
    s.end_ts AS end_time,
    EXTRACT(EPOCH FROM (s.end_ts - s.start_ts))::int AS duration_seconds,
    s.event_count AS events_count,
    SUM(CASE WHEN e.event_type = 'view_page' THEN 1 ELSE 0 END) AS page_views_count,
    SUM(CASE WHEN e.event_type = 'purchase' THEN 1 ELSE 0 END) AS orders_count,
    MAX(CASE WHEN e.event_type = 'purchase' THEN 1 ELSE 0 END) AS conversion_flag,
    d.device_type,
    d.os,
    d.browser,
    l.city,
    l.country
FROM dds.sessions s
LEFT JOIN dds.events e ON s.session_id::text = e.session_id   
LEFT JOIN dds.user_devices d ON s.user_id::text = d.user_id
LEFT JOIN dds.user_locations l ON s.user_id::text = l.user_id
GROUP BY s.session_id, s.user_id, s.start_ts, s.end_ts, s.event_count,
         d.device_type, d.os, d.browser, l.city, l.country;
]
(Background on this error at: https://sqlalche.me/e/14/f405)
[2025-09-16T19:48:27.737+0000] {taskinstance.py:1350} INFO - Marking task as FAILED. dag_id=dds_to_clickhouse, task_id=load_session_analytics, execution_date=20250915T000000, start_date=20250916T194827, end_date=20250916T194827
[2025-09-16T19:48:27.756+0000] {standard_task_runner.py:109} ERROR - Failed to execute job 791 for task load_session_analytics ((psycopg2.errors.UndefinedTable) relation "dds.user_devices" does not exist
LINE 18: LEFT JOIN dds.user_devices d ON s.user_id::text = d.user_id
                   ^

[SQL: SELECT
    s.session_id,
    s.user_id::bigint AS user_id,
    s.start_ts AS start_time,
    s.end_ts AS end_time,
    EXTRACT(EPOCH FROM (s.end_ts - s.start_ts))::int AS duration_seconds,
    s.event_count AS events_count,
    SUM(CASE WHEN e.event_type = 'view_page' THEN 1 ELSE 0 END) AS page_views_count,
    SUM(CASE WHEN e.event_type = 'purchase' THEN 1 ELSE 0 END) AS orders_count,
    MAX(CASE WHEN e.event_type = 'purchase' THEN 1 ELSE 0 END) AS conversion_flag,
    d.device_type,
    d.os,
    d.browser,
    l.city,
    l.country
FROM dds.sessions s
LEFT JOIN dds.events e ON s.session_id::text = e.session_id   
LEFT JOIN dds.user_devices d ON s.user_id::text = d.user_id
LEFT JOIN dds.user_locations l ON s.user_id::text = l.user_id
GROUP BY s.session_id, s.user_id, s.start_ts, s.end_ts, s.event_count,
         d.device_type, d.os, d.browser, l.city, l.country;
]
(Background on this error at: https://sqlalche.me/e/14/f405); 1429)
[2025-09-16T19:48:27.786+0000] {local_task_job_runner.py:225} INFO - Task exited with return code 1
[2025-09-16T19:48:27.834+0000] {taskinstance.py:2653} INFO - 0 downstream tasks scheduled from follow-on schedule check
