[2025-09-04T15:29:14.691+0000] {taskinstance.py:1103} INFO - Dependencies all met for dep_context=non-requeueable deps ti=<TaskInstance: kafka_to_postgres_batch.init_schema manual__2025-09-04T15:24:03.802673+00:00 [queued]>
[2025-09-04T15:29:14.704+0000] {taskinstance.py:1103} INFO - Dependencies all met for dep_context=requeueable deps ti=<TaskInstance: kafka_to_postgres_batch.init_schema manual__2025-09-04T15:24:03.802673+00:00 [queued]>
[2025-09-04T15:29:14.705+0000] {taskinstance.py:1308} INFO - Starting attempt 2 of 3
[2025-09-04T15:29:14.735+0000] {taskinstance.py:1327} INFO - Executing <Task(PostgresOperator): init_schema> on 2025-09-04 15:24:03.802673+00:00
[2025-09-04T15:29:14.744+0000] {standard_task_runner.py:57} INFO - Started process 1100 to run task
[2025-09-04T15:29:14.747+0000] {standard_task_runner.py:84} INFO - Running: ['***', 'tasks', 'run', 'kafka_to_postgres_batch', 'init_schema', 'manual__2025-09-04T15:24:03.802673+00:00', '--job-id', '59', '--raw', '--subdir', 'DAGS_FOLDER/dags.py', '--cfg-path', '/tmp/tmpr3vj0wg_']
[2025-09-04T15:29:14.750+0000] {standard_task_runner.py:85} INFO - Job 59: Subtask init_schema
[2025-09-04T15:29:14.780+0000] {logging_mixin.py:150} WARNING - /home/***/.local/lib/python3.7/site-packages/***/settings.py:195 DeprecationWarning: The sql_alchemy_conn option in [core] has been moved to the sql_alchemy_conn option in [database] - the old setting has been used, but please update your config.
[2025-09-04T15:29:14.862+0000] {task_command.py:410} INFO - Running <TaskInstance: kafka_to_postgres_batch.init_schema manual__2025-09-04T15:24:03.802673+00:00 [running]> on host d0ffb450fc0e
[2025-09-04T15:29:14.989+0000] {taskinstance.py:1547} INFO - Exporting env vars: AIRFLOW_CTX_DAG_OWNER='***' AIRFLOW_CTX_DAG_ID='kafka_to_postgres_batch' AIRFLOW_CTX_TASK_ID='init_schema' AIRFLOW_CTX_EXECUTION_DATE='2025-09-04T15:24:03.802673+00:00' AIRFLOW_CTX_TRY_NUMBER='2' AIRFLOW_CTX_DAG_RUN_ID='manual__2025-09-04T15:24:03.802673+00:00'
[2025-09-04T15:29:14.990+0000] {sql.py:265} INFO - Executing: -- Создание схем
CREATE SCHEMA IF NOT EXISTS raw;
CREATE SCHEMA IF NOT EXISTS dds;
CREATE SCHEMA IF NOT EXISTS dictionary;

-- RAW
CREATE TABLE IF NOT EXISTS raw.events (
    id SERIAL PRIMARY KEY,
    user_id INT,
    event_type TEXT,
    city TEXT,
    country TEXT,
    lat DOUBLE PRECISION,
    lon DOUBLE PRECISION,
    cost_usd NUMERIC(10,2),
    cost_eur NUMERIC(10,2),
    cost_rub NUMERIC(10,2),
    weather_temp NUMERIC(5,2),
    weather_desc TEXT,
    timestamp TIMESTAMPTZ DEFAULT NOW()
);

CREATE INDEX IF NOT EXISTS idx_raw_events_user_id ON raw.events(user_id);
CREATE INDEX IF NOT EXISTS idx_raw_events_timestamp ON raw.events(timestamp);
CREATE INDEX IF NOT EXISTS idx_raw_events_event_type ON raw.events(event_type);

-- DDS (пример)
CREATE TABLE IF NOT EXISTS dds.users (
    user_id INT PRIMARY KEY,
    city TEXT,
    country TEXT
);

CREATE TABLE IF NOT EXISTS dds.events (
    event_id SERIAL PRIMARY KEY,
    user_id INT REFERENCES dds.users(user_id),
    event_type TEXT,
    timestamp TIMESTAMPTZ
);

-- DICTIONARY (пример)
CREATE TABLE IF NOT EXISTS dictionary.currencies (
    code TEXT PRIMARY KEY,
    rate_to_usd NUMERIC(10,4),
    updated_at TIMESTAMPTZ DEFAULT NOW()
);
[2025-09-04T15:29:15.027+0000] {base.py:73} INFO - Using connection ID 'postgres_default' for task execution.
[2025-09-04T15:29:15.409+0000] {taskinstance.py:1824} ERROR - Task failed with exception
Traceback (most recent call last):
  File "/home/airflow/.local/lib/python3.7/site-packages/airflow/providers/common/sql/operators/sql.py", line 266, in execute
    hook = self.get_db_hook()
  File "/home/airflow/.local/lib/python3.7/site-packages/airflow/providers/common/sql/operators/sql.py", line 181, in get_db_hook
    return self._hook
  File "/home/airflow/.local/lib/python3.7/site-packages/cached_property.py", line 36, in __get__
    value = obj.__dict__[self.func.__name__] = self.func(obj)
  File "/home/airflow/.local/lib/python3.7/site-packages/airflow/providers/common/sql/operators/sql.py", line 144, in _hook
    hook = conn.get_hook(hook_params=self.hook_params)
  File "/home/airflow/.local/lib/python3.7/site-packages/airflow/models/connection.py", line 359, in get_hook
    raise AirflowException(f'Unknown hook type "{self.conn_type}"')
airflow.exceptions.AirflowException: Unknown hook type "postgresql+psycopg2"
[2025-09-04T15:29:15.416+0000] {taskinstance.py:1350} INFO - Marking task as UP_FOR_RETRY. dag_id=kafka_to_postgres_batch, task_id=init_schema, execution_date=20250904T152403, start_date=20250904T152914, end_date=20250904T152915
[2025-09-04T15:29:15.435+0000] {standard_task_runner.py:109} ERROR - Failed to execute job 59 for task init_schema (Unknown hook type "postgresql+psycopg2"; 1100)
[2025-09-04T15:29:15.482+0000] {local_task_job_runner.py:225} INFO - Task exited with return code 1
[2025-09-04T15:29:15.518+0000] {taskinstance.py:2653} INFO - 0 downstream tasks scheduled from follow-on schedule check
