[2025-09-14T19:49:43.872+0000] {taskinstance.py:1103} INFO - Dependencies all met for dep_context=non-requeueable deps ti=<TaskInstance: raw_to_dds_enhanced.load_orders manual__2025-09-14T19:49:26.157627+00:00 [queued]>
[2025-09-14T19:49:43.932+0000] {taskinstance.py:1103} INFO - Dependencies all met for dep_context=requeueable deps ti=<TaskInstance: raw_to_dds_enhanced.load_orders manual__2025-09-14T19:49:26.157627+00:00 [queued]>
[2025-09-14T19:49:43.934+0000] {taskinstance.py:1308} INFO - Starting attempt 1 of 3
[2025-09-14T19:49:44.041+0000] {taskinstance.py:1327} INFO - Executing <Task(PythonOperator): load_orders> on 2025-09-14 19:49:26.157627+00:00
[2025-09-14T19:49:44.137+0000] {standard_task_runner.py:57} INFO - Started process 12118 to run task
[2025-09-14T19:49:44.159+0000] {standard_task_runner.py:84} INFO - Running: ['***', 'tasks', 'run', 'raw_to_dds_enhanced', 'load_orders', 'manual__2025-09-14T19:49:26.157627+00:00', '--job-id', '222', '--raw', '--subdir', 'DAGS_FOLDER/raw_to_dds.py', '--cfg-path', '/tmp/tmpab6crg2y']
[2025-09-14T19:49:44.174+0000] {standard_task_runner.py:85} INFO - Job 222: Subtask load_orders
[2025-09-14T19:49:44.331+0000] {logging_mixin.py:150} WARNING - /home/***/.local/lib/python3.7/site-packages/***/settings.py:195 DeprecationWarning: The sql_alchemy_conn option in [core] has been moved to the sql_alchemy_conn option in [database] - the old setting has been used, but please update your config.
[2025-09-14T19:49:44.767+0000] {task_command.py:410} INFO - Running <TaskInstance: raw_to_dds_enhanced.load_orders manual__2025-09-14T19:49:26.157627+00:00 [running]> on host 3deaa5b4a23c
[2025-09-14T19:49:45.718+0000] {taskinstance.py:1547} INFO - Exporting env vars: AIRFLOW_CTX_DAG_OWNER='***' AIRFLOW_CTX_DAG_ID='raw_to_dds_enhanced' AIRFLOW_CTX_TASK_ID='load_orders' AIRFLOW_CTX_EXECUTION_DATE='2025-09-14T19:49:26.157627+00:00' AIRFLOW_CTX_TRY_NUMBER='1' AIRFLOW_CTX_DAG_RUN_ID='manual__2025-09-14T19:49:26.157627+00:00'
[2025-09-14T19:49:46.012+0000] {taskinstance.py:1824} ERROR - Task failed with exception
Traceback (most recent call last):
  File "/home/airflow/.local/lib/python3.7/site-packages/airflow/operators/python.py", line 181, in execute
    return_value = self.execute_callable()
  File "/home/airflow/.local/lib/python3.7/site-packages/airflow/operators/python.py", line 198, in execute_callable
    return self.python_callable(*self.op_args, **self.op_kwargs)
  File "/opt/airflow/dags/raw_to_dds.py", line 231, in load_orders_from_events
    row["order_id"], int(row["product_id"]), int(row["quantity"]), float(row["price_usd"])
TypeError: float() argument must be a string or a number, not 'NoneType'
[2025-09-14T19:49:46.076+0000] {taskinstance.py:1350} INFO - Marking task as UP_FOR_RETRY. dag_id=raw_to_dds_enhanced, task_id=load_orders, execution_date=20250914T194926, start_date=20250914T194943, end_date=20250914T194946
[2025-09-14T19:49:46.141+0000] {standard_task_runner.py:109} ERROR - Failed to execute job 222 for task load_orders (float() argument must be a string or a number, not 'NoneType'; 12118)
[2025-09-14T19:49:46.234+0000] {local_task_job_runner.py:225} INFO - Task exited with return code 1
[2025-09-14T19:49:46.333+0000] {taskinstance.py:2653} INFO - 0 downstream tasks scheduled from follow-on schedule check
