[2025-09-06T12:52:42.819+0000] {logging_mixin.py:150} WARNING - /home/***/.local/lib/python3.7/site-packages/***/utils/sqlalchemy.py:124 DeprecationWarning: The sql_alchemy_conn option in [core] has been moved to the sql_alchemy_conn option in [database] - the old setting has been used, but please update your config.
[2025-09-06T12:52:42.875+0000] {taskinstance.py:1103} INFO - Dependencies all met for dep_context=non-requeueable deps ti=<TaskInstance: raw_to_dds.load_dds_users scheduled__2025-09-06T11:52:01.422361+00:00 [queued]>
[2025-09-06T12:52:42.906+0000] {taskinstance.py:1103} INFO - Dependencies all met for dep_context=requeueable deps ti=<TaskInstance: raw_to_dds.load_dds_users scheduled__2025-09-06T11:52:01.422361+00:00 [queued]>
[2025-09-06T12:52:42.908+0000] {taskinstance.py:1308} INFO - Starting attempt 1 of 3
[2025-09-06T12:52:42.958+0000] {taskinstance.py:1327} INFO - Executing <Task(PostgresOperator): load_dds_users> on 2025-09-06 11:52:01.422361+00:00
[2025-09-06T12:52:43.001+0000] {standard_task_runner.py:57} INFO - Started process 868 to run task
[2025-09-06T12:52:43.048+0000] {standard_task_runner.py:84} INFO - Running: ['***', 'tasks', 'run', 'raw_to_dds', 'load_dds_users', 'scheduled__2025-09-06T11:52:01.422361+00:00', '--job-id', '43', '--raw', '--subdir', 'DAGS_FOLDER/raw_to_dds.py', '--cfg-path', '/tmp/tmpb7alffzb']
[2025-09-06T12:52:43.072+0000] {standard_task_runner.py:85} INFO - Job 43: Subtask load_dds_users
[2025-09-06T12:52:43.220+0000] {logging_mixin.py:150} WARNING - /home/***/.local/lib/python3.7/site-packages/***/settings.py:195 DeprecationWarning: The sql_alchemy_conn option in [core] has been moved to the sql_alchemy_conn option in [database] - the old setting has been used, but please update your config.
[2025-09-06T12:52:43.443+0000] {task_command.py:410} INFO - Running <TaskInstance: raw_to_dds.load_dds_users scheduled__2025-09-06T11:52:01.422361+00:00 [running]> on host ef9bb72bce84
[2025-09-06T12:52:43.509+0000] {logging_mixin.py:150} WARNING - /home/***/.local/lib/python3.7/site-packages/***/utils/sqlalchemy.py:124 DeprecationWarning: The sql_alchemy_conn option in [core] has been moved to the sql_alchemy_conn option in [database] - the old setting has been used, but please update your config.
[2025-09-06T12:52:43.807+0000] {taskinstance.py:1547} INFO - Exporting env vars: AIRFLOW_CTX_DAG_OWNER='***' AIRFLOW_CTX_DAG_ID='raw_to_dds' AIRFLOW_CTX_TASK_ID='load_dds_users' AIRFLOW_CTX_EXECUTION_DATE='2025-09-06T11:52:01.422361+00:00' AIRFLOW_CTX_TRY_NUMBER='1' AIRFLOW_CTX_DAG_RUN_ID='scheduled__2025-09-06T11:52:01.422361+00:00'
[2025-09-06T12:52:43.812+0000] {sql.py:265} INFO - Executing: 
        INSERT INTO dds.users (user_id, city, country)
        SELECT DISTINCT user_id, city, country
        FROM raw.events
        ON CONFLICT (user_id) DO NOTHING;
        
[2025-09-06T12:52:43.852+0000] {base.py:73} INFO - Using connection ID 'postgres_default' for task execution.
[2025-09-06T12:52:44.283+0000] {base.py:73} INFO - Using connection ID 'postgres_default' for task execution.
[2025-09-06T12:52:44.336+0000] {sql.py:375} INFO - Running statement: 
        INSERT INTO dds.users (user_id, city, country)
        SELECT DISTINCT user_id, city, country
        FROM raw.events
        ON CONFLICT (user_id) DO NOTHING;
        , parameters: None
[2025-09-06T12:52:44.480+0000] {sql.py:384} INFO - Rows affected: 6
[2025-09-06T12:52:44.517+0000] {taskinstance.py:1350} INFO - Marking task as SUCCESS. dag_id=raw_to_dds, task_id=load_dds_users, execution_date=20250906T115201, start_date=20250906T125242, end_date=20250906T125244
[2025-09-06T12:52:44.584+0000] {local_task_job_runner.py:225} INFO - Task exited with return code 0
[2025-09-06T12:52:44.650+0000] {taskinstance.py:2653} INFO - 1 downstream tasks scheduled from follow-on schedule check
