[2025-09-16T18:49:15.675+0000] {logging_mixin.py:150} WARNING - /home/***/.local/lib/python3.7/site-packages/***/utils/sqlalchemy.py:124 DeprecationWarning: The sql_alchemy_conn option in [core] has been moved to the sql_alchemy_conn option in [database] - the old setting has been used, but please update your config.
[2025-09-16T18:49:16.197+0000] {taskinstance.py:1103} INFO - Dependencies all met for dep_context=non-requeueable deps ti=<TaskInstance: kafka_to_postgres_batch.consume_and_save_batch scheduled__2025-09-16T18:08:15.824796+00:00 [queued]>
[2025-09-16T18:49:16.338+0000] {taskinstance.py:1103} INFO - Dependencies all met for dep_context=requeueable deps ti=<TaskInstance: kafka_to_postgres_batch.consume_and_save_batch scheduled__2025-09-16T18:08:15.824796+00:00 [queued]>
[2025-09-16T18:49:16.342+0000] {taskinstance.py:1308} INFO - Starting attempt 2 of 3
[2025-09-16T18:49:16.413+0000] {taskinstance.py:1327} INFO - Executing <Task(PythonOperator): consume_and_save_batch> on 2025-09-16 18:08:15.824796+00:00
[2025-09-16T18:49:16.604+0000] {standard_task_runner.py:57} INFO - Started process 4527 to run task
[2025-09-16T18:49:16.621+0000] {standard_task_runner.py:84} INFO - Running: ['***', 'tasks', 'run', 'kafka_to_postgres_batch', 'consume_and_save_batch', 'scheduled__2025-09-16T18:08:15.824796+00:00', '--job-id', '731', '--raw', '--subdir', 'DAGS_FOLDER/dags.py', '--cfg-path', '/tmp/tmp14jpks9k']
[2025-09-16T18:49:16.628+0000] {standard_task_runner.py:85} INFO - Job 731: Subtask consume_and_save_batch
[2025-09-16T18:49:16.694+0000] {logging_mixin.py:150} WARNING - /home/***/.local/lib/python3.7/site-packages/***/settings.py:195 DeprecationWarning: The sql_alchemy_conn option in [core] has been moved to the sql_alchemy_conn option in [database] - the old setting has been used, but please update your config.
[2025-09-16T18:49:16.805+0000] {task_command.py:410} INFO - Running <TaskInstance: kafka_to_postgres_batch.consume_and_save_batch scheduled__2025-09-16T18:08:15.824796+00:00 [running]> on host d6e2a7c8b3ee
[2025-09-16T18:49:16.856+0000] {logging_mixin.py:150} WARNING - /home/***/.local/lib/python3.7/site-packages/***/utils/sqlalchemy.py:124 DeprecationWarning: The sql_alchemy_conn option in [core] has been moved to the sql_alchemy_conn option in [database] - the old setting has been used, but please update your config.
[2025-09-16T18:49:17.209+0000] {taskinstance.py:1547} INFO - Exporting env vars: AIRFLOW_CTX_DAG_OWNER='***' AIRFLOW_CTX_DAG_ID='kafka_to_postgres_batch' AIRFLOW_CTX_TASK_ID='consume_and_save_batch' AIRFLOW_CTX_EXECUTION_DATE='2025-09-16T18:08:15.824796+00:00' AIRFLOW_CTX_TRY_NUMBER='2' AIRFLOW_CTX_DAG_RUN_ID='scheduled__2025-09-16T18:08:15.824796+00:00'
[2025-09-16T18:49:17.234+0000] {conn.py:397} INFO - <BrokerConnection client_id=kafka-python-2.2.15, node_id=bootstrap-0 host=kafka:29092 <connecting> [IPv4 ('172.23.0.4', 29092)]>: connecting to kafka:29092 [('172.23.0.4', 29092) IPv4]
[2025-09-16T18:49:17.915+0000] {conn.py:618} INFO - <BrokerConnection client_id=kafka-python-2.2.15, node_id=bootstrap-0 host=kafka:29092 <checking_api_versions_recv> [IPv4 ('172.23.0.4', 29092)]>: Broker version identified as 2.6
[2025-09-16T18:49:17.917+0000] {conn.py:457} INFO - <BrokerConnection client_id=kafka-python-2.2.15, node_id=bootstrap-0 host=kafka:29092 <connected> [IPv4 ('172.23.0.4', 29092)]>: Connection complete.
[2025-09-16T18:49:17.923+0000] {subscription_state.py:181} INFO - Updating subscribed topics to: ('user_events',)
[2025-09-16T18:49:18.067+0000] {conn.py:397} INFO - <BrokerConnection client_id=kafka-python-2.2.15, node_id=1 host=kafka:29092 <connecting> [IPv4 ('172.23.0.4', 29092)]>: connecting to kafka:29092 [('172.23.0.4', 29092) IPv4]
[2025-09-16T18:49:18.071+0000] {conn.py:457} INFO - <BrokerConnection client_id=kafka-python-2.2.15, node_id=1 host=kafka:29092 <connected> [IPv4 ('172.23.0.4', 29092)]>: Connection complete.
[2025-09-16T18:49:18.073+0000] {conn.py:945} INFO - <BrokerConnection client_id=kafka-python-2.2.15, node_id=bootstrap-0 host=kafka:29092 <connected> [IPv4 ('172.23.0.4', 29092)]>: Closing connection. 
[2025-09-16T18:49:18.232+0000] {cluster.py:401} INFO - Coordinator for group/***_batch_consumer is ('coordinator-1', 'kafka', 29092, None)
[2025-09-16T18:49:18.234+0000] {base.py:789} INFO - Discovered coordinator coordinator-1 for group ***_batch_consumer
[2025-09-16T18:49:18.235+0000] {base.py:848} INFO - Starting new heartbeat thread
[2025-09-16T18:49:18.238+0000] {consumer.py:366} INFO - Revoking previously assigned partitions () for group ***_batch_consumer
[2025-09-16T18:49:18.240+0000] {base.py:419} INFO - Failed to join group ***_batch_consumer: NodeNotReadyError: coordinator-1
[2025-09-16T18:49:18.247+0000] {conn.py:397} INFO - <BrokerConnection client_id=kafka-python-2.2.15, node_id=coordinator-1 host=kafka:29092 <connecting> [IPv4 ('172.23.0.4', 29092)]>: connecting to kafka:29092 [('172.23.0.4', 29092) IPv4]
[2025-09-16T18:49:18.250+0000] {conn.py:457} INFO - <BrokerConnection client_id=kafka-python-2.2.15, node_id=coordinator-1 host=kafka:29092 <connected> [IPv4 ('172.23.0.4', 29092)]>: Connection complete.
[2025-09-16T18:49:18.352+0000] {base.py:532} INFO - (Re-)joining group ***_batch_consumer
[2025-09-16T18:49:18.729+0000] {base.py:638} INFO - Received member id kafka-python-2.2.15-33e5bb36-2d56-494e-8d6d-09ba5fbb4998 for group ***_batch_consumer; will retry join-group
[2025-09-16T18:49:18.735+0000] {base.py:419} INFO - Failed to join group ***_batch_consumer: [Error 79] MemberIdRequiredError
[2025-09-16T18:49:18.740+0000] {base.py:532} INFO - (Re-)joining group ***_batch_consumer
[2025-09-16T18:49:21.882+0000] {base.py:594} INFO - Successfully joined group ***_batch_consumer <Generation 9 (member_id: kafka-python-2.2.15-33e5bb36-2d56-494e-8d6d-09ba5fbb4998, protocol: range)>
[2025-09-16T18:49:21.883+0000] {base.py:597} INFO - Elected group leader -- performing partition assignments using range
[2025-09-16T18:49:22.036+0000] {subscription_state.py:254} INFO - Updated partition assignment: [('user_events', 0)]
[2025-09-16T18:49:22.037+0000] {consumer.py:250} INFO - Setting newly assigned partitions (('user_events', 0),) for group ***_batch_consumer
[2025-09-16T18:49:22.161+0000] {dags_utils.py:109} INFO - Received message: {
  "type": "user_profile",
  "user_id": 4362,
  "name": "Dwayne Howell",
  "email": "eroth@example.com",
  "birth_date": "1945-10-01",
  "gender": "male",
  "generated_at": "2025-09-16T18:45:01.735406+00:00"
}
[2025-09-16T18:49:22.162+0000] {dags_utils.py:109} INFO - Received message: {
  "type": "user_device",
  "user_id": 4362,
  "device_type": "mobile",
  "os": "Linux",
  "browser": "Chrome",
  "generated_at": "2025-09-16T18:45:01.735438+00:00"
}
[2025-09-16T18:49:22.163+0000] {dags_utils.py:109} INFO - Received message: {
  "type": "user_location",
  "user_id": 4362,
  "city": "Unknown",
  "country": null,
  "lat": -26.8702245,
  "lon": -104.715836,
  "weather_temp": 17.38,
  "weather_desc": "broken clouds",
  "generated_at": "2025-09-16T18:45:01.735451+00:00"
}
[2025-09-16T18:49:22.164+0000] {dags_utils.py:109} INFO - Received message: {
  "type": "event",
  "user_id": 4362,
  "session_id": "fcc55253-9243-4711-a140-d64dc9e4b9eb",
  "event_type": "logout",
  "product_id": null,
  "product_name": null,
  "product_category": null,
  "order_id": null,
  "quantity": null,
  "city": "Unknown",
  "country": null,
  "lat": -8.3261425,
  "lon": 147.50078,
  "cost_usd": 818.09,
  "cost_eur": 695.61,
  "cost_rub": 67773.37,
  "weather_temp": 15.19,
  "weather_desc": "scattered clouds",
  "timestamp": "2025-09-16T18:45:03.470737+00:00"
}
[2025-09-16T18:49:22.165+0000] {dags_utils.py:109} INFO - Received message: {
  "type": "event",
  "user_id": 4362,
  "session_id": "d48ba32d-5d88-46ca-9982-071888cc2860",
  "event_type": "search",
  "product_id": null,
  "product_name": null,
  "product_category": null,
  "order_id": null,
  "quantity": null,
  "city": "Unknown",
  "country": null,
  "lat": 42.885559,
  "lon": -70.087774,
  "cost_usd": 81.81,
  "cost_eur": 69.56,
  "cost_rub": 6777.42,
  "weather_temp": 20.27,
  "weather_desc": "overcast clouds",
  "timestamp": "2025-09-16T18:45:04.861702+00:00"
}
[2025-09-16T18:49:52.438+0000] {dags_utils.py:197} INFO - [SUCCESS] Consumer finished and flushed buffers
[2025-09-16T18:49:52.676+0000] {base.py:1052} INFO - Stopping heartbeat thread
[2025-09-16T18:49:52.724+0000] {base.py:891} INFO - Leaving consumer group (***_batch_consumer).
[2025-09-16T18:49:52.897+0000] {base.py:907} INFO - LeaveGroup request for group ***_batch_consumer returned successfully
[2025-09-16T18:49:52.918+0000] {conn.py:945} INFO - <BrokerConnection client_id=kafka-python-2.2.15, node_id=1 host=kafka:29092 <connected> [IPv4 ('172.23.0.4', 29092)]>: Closing connection. 
[2025-09-16T18:49:52.966+0000] {conn.py:945} INFO - <BrokerConnection client_id=kafka-python-2.2.15, node_id=coordinator-1 host=kafka:29092 <connected> [IPv4 ('172.23.0.4', 29092)]>: Closing connection. 
[2025-09-16T18:49:53.063+0000] {python.py:183} INFO - Done. Returned value was: None
[2025-09-16T18:49:55.302+0000] {taskinstance.py:1350} INFO - Marking task as SUCCESS. dag_id=kafka_to_postgres_batch, task_id=consume_and_save_batch, execution_date=20250916T180815, start_date=20250916T184916, end_date=20250916T184955
[2025-09-16T18:49:55.420+0000] {logging_mixin.py:150} WARNING - /home/***/.local/lib/python3.7/site-packages/***/utils/context.py:205 AirflowContextDeprecationWarning: Accessing 'execution_date' from the template is deprecated and will be removed in a future version. Please use 'data_interval_start' or 'logical_date' instead.
[2025-09-16T18:49:58.580+0000] {local_task_job_runner.py:225} INFO - Task exited with return code 0
[2025-09-16T18:49:59.254+0000] {taskinstance.py:2653} INFO - 0 downstream tasks scheduled from follow-on schedule check
