[2025-09-06T12:52:46.506+0000] {logging_mixin.py:150} WARNING - /home/***/.local/lib/python3.7/site-packages/***/utils/sqlalchemy.py:124 DeprecationWarning: The sql_alchemy_conn option in [core] has been moved to the sql_alchemy_conn option in [database] - the old setting has been used, but please update your config.
[2025-09-06T12:52:46.531+0000] {taskinstance.py:1103} INFO - Dependencies all met for dep_context=non-requeueable deps ti=<TaskInstance: raw_to_dds.load_dds_events scheduled__2025-09-06T11:52:01.422361+00:00 [queued]>
[2025-09-06T12:52:46.553+0000] {taskinstance.py:1103} INFO - Dependencies all met for dep_context=requeueable deps ti=<TaskInstance: raw_to_dds.load_dds_events scheduled__2025-09-06T11:52:01.422361+00:00 [queued]>
[2025-09-06T12:52:46.554+0000] {taskinstance.py:1308} INFO - Starting attempt 1 of 3
[2025-09-06T12:52:46.589+0000] {taskinstance.py:1327} INFO - Executing <Task(PostgresOperator): load_dds_events> on 2025-09-06 11:52:01.422361+00:00
[2025-09-06T12:52:46.604+0000] {standard_task_runner.py:57} INFO - Started process 870 to run task
[2025-09-06T12:52:46.612+0000] {standard_task_runner.py:84} INFO - Running: ['***', 'tasks', 'run', 'raw_to_dds', 'load_dds_events', 'scheduled__2025-09-06T11:52:01.422361+00:00', '--job-id', '44', '--raw', '--subdir', 'DAGS_FOLDER/raw_to_dds.py', '--cfg-path', '/tmp/tmp3b61nxna']
[2025-09-06T12:52:46.622+0000] {standard_task_runner.py:85} INFO - Job 44: Subtask load_dds_events
[2025-09-06T12:52:46.694+0000] {logging_mixin.py:150} WARNING - /home/***/.local/lib/python3.7/site-packages/***/settings.py:195 DeprecationWarning: The sql_alchemy_conn option in [core] has been moved to the sql_alchemy_conn option in [database] - the old setting has been used, but please update your config.
[2025-09-06T12:52:46.815+0000] {task_command.py:410} INFO - Running <TaskInstance: raw_to_dds.load_dds_events scheduled__2025-09-06T11:52:01.422361+00:00 [running]> on host ef9bb72bce84
[2025-09-06T12:52:46.859+0000] {logging_mixin.py:150} WARNING - /home/***/.local/lib/python3.7/site-packages/***/utils/sqlalchemy.py:124 DeprecationWarning: The sql_alchemy_conn option in [core] has been moved to the sql_alchemy_conn option in [database] - the old setting has been used, but please update your config.
[2025-09-06T12:52:47.106+0000] {taskinstance.py:1547} INFO - Exporting env vars: AIRFLOW_CTX_DAG_OWNER='***' AIRFLOW_CTX_DAG_ID='raw_to_dds' AIRFLOW_CTX_TASK_ID='load_dds_events' AIRFLOW_CTX_EXECUTION_DATE='2025-09-06T11:52:01.422361+00:00' AIRFLOW_CTX_TRY_NUMBER='1' AIRFLOW_CTX_DAG_RUN_ID='scheduled__2025-09-06T11:52:01.422361+00:00'
[2025-09-06T12:52:47.108+0000] {sql.py:265} INFO - Executing: 
        INSERT INTO dds.events (user_id, event_type, timestamp)
        SELECT user_id, event_type, timestamp
        FROM raw.events re
        LEFT JOIN dds.events de
        ON re.user_id = de.user_id AND re.timestamp = de.timestamp
        WHERE de.event_id IS NULL;
        
[2025-09-06T12:52:47.149+0000] {base.py:73} INFO - Using connection ID 'postgres_default' for task execution.
[2025-09-06T12:52:47.465+0000] {base.py:73} INFO - Using connection ID 'postgres_default' for task execution.
[2025-09-06T12:52:47.485+0000] {sql.py:375} INFO - Running statement: 
        INSERT INTO dds.events (user_id, event_type, timestamp)
        SELECT user_id, event_type, timestamp
        FROM raw.events re
        LEFT JOIN dds.events de
        ON re.user_id = de.user_id AND re.timestamp = de.timestamp
        WHERE de.event_id IS NULL;
        , parameters: None
[2025-09-06T12:52:47.499+0000] {taskinstance.py:1824} ERROR - Task failed with exception
Traceback (most recent call last):
  File "/home/airflow/.local/lib/python3.7/site-packages/airflow/providers/common/sql/operators/sql.py", line 277, in execute
    **extra_kwargs,
  File "/home/airflow/.local/lib/python3.7/site-packages/airflow/providers/common/sql/hooks/sql.py", line 349, in run
    self._run_command(cur, sql_statement, parameters)
  File "/home/airflow/.local/lib/python3.7/site-packages/airflow/providers/common/sql/hooks/sql.py", line 380, in _run_command
    cur.execute(sql_statement)
psycopg2.errors.AmbiguousColumn: column reference "user_id" is ambiguous
LINE 3:         SELECT user_id, event_type, timestamp
                       ^

[2025-09-06T12:52:47.531+0000] {taskinstance.py:1350} INFO - Marking task as UP_FOR_RETRY. dag_id=raw_to_dds, task_id=load_dds_events, execution_date=20250906T115201, start_date=20250906T125246, end_date=20250906T125247
[2025-09-06T12:52:47.566+0000] {standard_task_runner.py:109} ERROR - Failed to execute job 44 for task load_dds_events (column reference "user_id" is ambiguous
LINE 3:         SELECT user_id, event_type, timestamp
                       ^
; 870)
[2025-09-06T12:52:47.593+0000] {local_task_job_runner.py:225} INFO - Task exited with return code 1
[2025-09-06T12:52:47.642+0000] {taskinstance.py:2653} INFO - 0 downstream tasks scheduled from follow-on schedule check
