[2025-09-03T16:29:19.371+0000] {taskinstance.py:1103} INFO - Dependencies all met for dep_context=non-requeueable deps ti=<TaskInstance: kafka_to_postgres_batch.create_schemas manual__2025-09-03T14:57:32.390888+00:00 [queued]>
[2025-09-03T16:29:19.430+0000] {taskinstance.py:1103} INFO - Dependencies all met for dep_context=requeueable deps ti=<TaskInstance: kafka_to_postgres_batch.create_schemas manual__2025-09-03T14:57:32.390888+00:00 [queued]>
[2025-09-03T16:29:19.438+0000] {taskinstance.py:1308} INFO - Starting attempt 4 of 6
[2025-09-03T16:29:19.529+0000] {taskinstance.py:1327} INFO - Executing <Task(PostgresOperator): create_schemas> on 2025-09-03 14:57:32.390888+00:00
[2025-09-03T16:29:19.563+0000] {standard_task_runner.py:57} INFO - Started process 373 to run task
[2025-09-03T16:29:18.880+0000] {standard_task_runner.py:84} INFO - Running: ['***', 'tasks', 'run', 'kafka_to_postgres_batch', 'create_schemas', 'manual__2025-09-03T14:57:32.390888+00:00', '--job-id', '175', '--raw', '--subdir', 'DAGS_FOLDER/dags.py', '--cfg-path', '/tmp/tmpemi23qul']
[2025-09-03T16:29:18.895+0000] {standard_task_runner.py:85} INFO - Job 175: Subtask create_schemas
[2025-09-03T16:29:19.934+0000] {logging_mixin.py:150} WARNING - /home/***/.local/lib/python3.7/site-packages/***/settings.py:195 DeprecationWarning: The sql_alchemy_conn option in [core] has been moved to the sql_alchemy_conn option in [database] - the old setting has been used, but please update your config.
[2025-09-03T16:29:20.076+0000] {task_command.py:410} INFO - Running <TaskInstance: kafka_to_postgres_batch.create_schemas manual__2025-09-03T14:57:32.390888+00:00 [running]> on host 5646b9718ecc
[2025-09-03T16:29:20.435+0000] {taskinstance.py:1547} INFO - Exporting env vars: AIRFLOW_CTX_DAG_OWNER='***' AIRFLOW_CTX_DAG_ID='kafka_to_postgres_batch' AIRFLOW_CTX_TASK_ID='create_schemas' AIRFLOW_CTX_EXECUTION_DATE='2025-09-03T14:57:32.390888+00:00' AIRFLOW_CTX_TRY_NUMBER='4' AIRFLOW_CTX_DAG_RUN_ID='manual__2025-09-03T14:57:32.390888+00:00'
[2025-09-03T16:29:20.438+0000] {sql.py:265} INFO - Executing: 
        CREATE SCHEMA IF NOT EXISTS raw;
        CREATE SCHEMA IF NOT EXISTS dds;
        CREATE SCHEMA IF NOT EXISTS dictionary;
        
[2025-09-03T16:29:20.477+0000] {base.py:73} INFO - Using connection ID 'postgres_default' for task execution.
[2025-09-03T16:29:20.676+0000] {base.py:73} INFO - Using connection ID 'postgres_default' for task execution.
[2025-09-03T16:29:20.694+0000] {sql.py:375} INFO - Running statement: 
        CREATE SCHEMA IF NOT EXISTS raw;
        CREATE SCHEMA IF NOT EXISTS dds;
        CREATE SCHEMA IF NOT EXISTS dictionary;
        , parameters: None
[2025-09-03T16:29:20.728+0000] {taskinstance.py:1350} INFO - Marking task as SUCCESS. dag_id=kafka_to_postgres_batch, task_id=create_schemas, execution_date=20250903T145732, start_date=20250903T162919, end_date=20250903T162920
[2025-09-03T16:29:20.781+0000] {local_task_job_runner.py:225} INFO - Task exited with return code 0
[2025-09-03T16:29:20.836+0000] {taskinstance.py:2653} INFO - 0 downstream tasks scheduled from follow-on schedule check
