[2025-09-16T18:44:11.973+0000] {logging_mixin.py:150} WARNING - /home/***/.local/lib/python3.7/site-packages/***/utils/sqlalchemy.py:124 DeprecationWarning: The sql_alchemy_conn option in [core] has been moved to the sql_alchemy_conn option in [database] - the old setting has been used, but please update your config.
[2025-09-16T18:44:12.608+0000] {taskinstance.py:1103} INFO - Dependencies all met for dep_context=non-requeueable deps ti=<TaskInstance: kafka_to_postgres_batch.consume_and_save_batch scheduled__2025-09-16T12:02:06.491664+00:00 [queued]>
[2025-09-16T18:44:12.637+0000] {taskinstance.py:1103} INFO - Dependencies all met for dep_context=requeueable deps ti=<TaskInstance: kafka_to_postgres_batch.consume_and_save_batch scheduled__2025-09-16T12:02:06.491664+00:00 [queued]>
[2025-09-16T18:44:12.639+0000] {taskinstance.py:1308} INFO - Starting attempt 1 of 3
[2025-09-16T18:44:12.691+0000] {taskinstance.py:1327} INFO - Executing <Task(PythonOperator): consume_and_save_batch> on 2025-09-16 12:02:06.491664+00:00
[2025-09-16T18:44:12.710+0000] {standard_task_runner.py:57} INFO - Started process 4010 to run task
[2025-09-16T18:44:12.722+0000] {standard_task_runner.py:84} INFO - Running: ['***', 'tasks', 'run', 'kafka_to_postgres_batch', 'consume_and_save_batch', 'scheduled__2025-09-16T12:02:06.491664+00:00', '--job-id', '726', '--raw', '--subdir', 'DAGS_FOLDER/dags.py', '--cfg-path', '/tmp/tmpqxj_5k_j']
[2025-09-16T18:44:12.736+0000] {standard_task_runner.py:85} INFO - Job 726: Subtask consume_and_save_batch
[2025-09-16T18:44:12.840+0000] {logging_mixin.py:150} WARNING - /home/***/.local/lib/python3.7/site-packages/***/settings.py:195 DeprecationWarning: The sql_alchemy_conn option in [core] has been moved to the sql_alchemy_conn option in [database] - the old setting has been used, but please update your config.
[2025-09-16T18:44:13.030+0000] {task_command.py:410} INFO - Running <TaskInstance: kafka_to_postgres_batch.consume_and_save_batch scheduled__2025-09-16T12:02:06.491664+00:00 [running]> on host d6e2a7c8b3ee
[2025-09-16T18:44:13.097+0000] {logging_mixin.py:150} WARNING - /home/***/.local/lib/python3.7/site-packages/***/utils/sqlalchemy.py:124 DeprecationWarning: The sql_alchemy_conn option in [core] has been moved to the sql_alchemy_conn option in [database] - the old setting has been used, but please update your config.
[2025-09-16T18:44:15.249+0000] {taskinstance.py:1547} INFO - Exporting env vars: AIRFLOW_CTX_DAG_OWNER='***' AIRFLOW_CTX_DAG_ID='kafka_to_postgres_batch' AIRFLOW_CTX_TASK_ID='consume_and_save_batch' AIRFLOW_CTX_EXECUTION_DATE='2025-09-16T12:02:06.491664+00:00' AIRFLOW_CTX_TRY_NUMBER='1' AIRFLOW_CTX_DAG_RUN_ID='scheduled__2025-09-16T12:02:06.491664+00:00'
[2025-09-16T18:44:15.307+0000] {conn.py:397} INFO - <BrokerConnection client_id=kafka-python-2.2.15, node_id=bootstrap-0 host=kafka:29092 <connecting> [IPv4 ('172.23.0.4', 29092)]>: connecting to kafka:29092 [('172.23.0.4', 29092) IPv4]
[2025-09-16T18:44:15.333+0000] {conn.py:618} INFO - <BrokerConnection client_id=kafka-python-2.2.15, node_id=bootstrap-0 host=kafka:29092 <checking_api_versions_recv> [IPv4 ('172.23.0.4', 29092)]>: Broker version identified as 2.6
[2025-09-16T18:44:15.336+0000] {conn.py:457} INFO - <BrokerConnection client_id=kafka-python-2.2.15, node_id=bootstrap-0 host=kafka:29092 <connected> [IPv4 ('172.23.0.4', 29092)]>: Connection complete.
[2025-09-16T18:44:15.374+0000] {subscription_state.py:181} INFO - Updating subscribed topics to: ('user_events',)
[2025-09-16T18:44:15.473+0000] {conn.py:397} INFO - <BrokerConnection client_id=kafka-python-2.2.15, node_id=1 host=kafka:29092 <connecting> [IPv4 ('172.23.0.4', 29092)]>: connecting to kafka:29092 [('172.23.0.4', 29092) IPv4]
[2025-09-16T18:44:15.476+0000] {conn.py:457} INFO - <BrokerConnection client_id=kafka-python-2.2.15, node_id=1 host=kafka:29092 <connected> [IPv4 ('172.23.0.4', 29092)]>: Connection complete.
[2025-09-16T18:44:15.479+0000] {conn.py:945} INFO - <BrokerConnection client_id=kafka-python-2.2.15, node_id=bootstrap-0 host=kafka:29092 <connected> [IPv4 ('172.23.0.4', 29092)]>: Closing connection. 
[2025-09-16T18:44:15.586+0000] {cluster.py:401} INFO - Coordinator for group/***_batch_consumer is ('coordinator-1', 'kafka', 29092, None)
[2025-09-16T18:44:15.601+0000] {base.py:789} INFO - Discovered coordinator coordinator-1 for group ***_batch_consumer
[2025-09-16T18:44:15.602+0000] {base.py:848} INFO - Starting new heartbeat thread
[2025-09-16T18:44:15.604+0000] {consumer.py:366} INFO - Revoking previously assigned partitions () for group ***_batch_consumer
[2025-09-16T18:44:15.605+0000] {base.py:419} INFO - Failed to join group ***_batch_consumer: NodeNotReadyError: coordinator-1
[2025-09-16T18:44:15.607+0000] {conn.py:397} INFO - <BrokerConnection client_id=kafka-python-2.2.15, node_id=coordinator-1 host=kafka:29092 <connecting> [IPv4 ('172.23.0.4', 29092)]>: connecting to kafka:29092 [('172.23.0.4', 29092) IPv4]
[2025-09-16T18:44:15.609+0000] {conn.py:457} INFO - <BrokerConnection client_id=kafka-python-2.2.15, node_id=coordinator-1 host=kafka:29092 <connected> [IPv4 ('172.23.0.4', 29092)]>: Connection complete.
[2025-09-16T18:44:15.711+0000] {base.py:532} INFO - (Re-)joining group ***_batch_consumer
[2025-09-16T18:44:15.786+0000] {base.py:638} INFO - Received member id kafka-python-2.2.15-d51edc32-9a41-417b-a6ab-f35546510948 for group ***_batch_consumer; will retry join-group
[2025-09-16T18:44:15.787+0000] {base.py:419} INFO - Failed to join group ***_batch_consumer: [Error 79] MemberIdRequiredError
[2025-09-16T18:44:15.789+0000] {base.py:532} INFO - (Re-)joining group ***_batch_consumer
[2025-09-16T18:44:18.702+0000] {base.py:594} INFO - Successfully joined group ***_batch_consumer <Generation 3 (member_id: kafka-python-2.2.15-d51edc32-9a41-417b-a6ab-f35546510948, protocol: range)>
[2025-09-16T18:44:18.717+0000] {subscription_state.py:254} INFO - Updated partition assignment: []
[2025-09-16T18:44:18.717+0000] {consumer.py:250} INFO - Setting newly assigned partitions () for group ***_batch_consumer
[2025-09-16T18:44:24.727+0000] {base.py:952} WARNING - Heartbeat failed for group ***_batch_consumer because it is rebalancing
[2025-09-16T18:44:24.728+0000] {consumer.py:366} INFO - Revoking previously assigned partitions () for group ***_batch_consumer
[2025-09-16T18:44:24.728+0000] {base.py:532} INFO - (Re-)joining group ***_batch_consumer
[2025-09-16T18:44:24.748+0000] {base.py:594} INFO - Successfully joined group ***_batch_consumer <Generation 4 (member_id: kafka-python-2.2.15-d51edc32-9a41-417b-a6ab-f35546510948, protocol: range)>
[2025-09-16T18:44:24.759+0000] {subscription_state.py:254} INFO - Updated partition assignment: []
[2025-09-16T18:44:24.760+0000] {consumer.py:250} INFO - Setting newly assigned partitions () for group ***_batch_consumer
[2025-09-16T18:44:45.455+0000] {dags_utils.py:201} ERROR - Consumer failed
Traceback (most recent call last):
  File "/opt/airflow/dags/dags_utils.py", line 195, in consume_and_save
    insert_devices, insert_locations, insert_orders, insert_order_items, insert_campaigns)
TypeError: _flush_buffers() missing 1 required positional argument: 'insert_order_status'
[2025-09-16T18:44:45.495+0000] {base.py:1052} INFO - Stopping heartbeat thread
[2025-09-16T18:44:45.499+0000] {base.py:891} INFO - Leaving consumer group (***_batch_consumer).
[2025-09-16T18:44:45.525+0000] {base.py:907} INFO - LeaveGroup request for group ***_batch_consumer returned successfully
[2025-09-16T18:44:45.528+0000] {conn.py:945} INFO - <BrokerConnection client_id=kafka-python-2.2.15, node_id=1 host=kafka:29092 <connected> [IPv4 ('172.23.0.4', 29092)]>: Closing connection. 
[2025-09-16T18:44:45.529+0000] {conn.py:945} INFO - <BrokerConnection client_id=kafka-python-2.2.15, node_id=coordinator-1 host=kafka:29092 <connected> [IPv4 ('172.23.0.4', 29092)]>: Closing connection. 
[2025-09-16T18:44:45.560+0000] {taskinstance.py:1824} ERROR - Task failed with exception
Traceback (most recent call last):
  File "/opt/airflow/dags/dags_utils.py", line 195, in consume_and_save
    insert_devices, insert_locations, insert_orders, insert_order_items, insert_campaigns)
TypeError: _flush_buffers() missing 1 required positional argument: 'insert_order_status'

During handling of the above exception, another exception occurred:

Traceback (most recent call last):
  File "/home/airflow/.local/lib/python3.7/site-packages/airflow/operators/python.py", line 181, in execute
    return_value = self.execute_callable()
  File "/home/airflow/.local/lib/python3.7/site-packages/airflow/operators/python.py", line 198, in execute_callable
    return self.python_callable(*self.op_args, **self.op_kwargs)
  File "/opt/airflow/dags/dags_utils.py", line 202, in consume_and_save
    raise AirflowException(f"Consumer failed: {e}")
airflow.exceptions.AirflowException: Consumer failed: _flush_buffers() missing 1 required positional argument: 'insert_order_status'
[2025-09-16T18:44:45.576+0000] {taskinstance.py:1350} INFO - Marking task as UP_FOR_RETRY. dag_id=kafka_to_postgres_batch, task_id=consume_and_save_batch, execution_date=20250916T120206, start_date=20250916T184412, end_date=20250916T184445
[2025-09-16T18:44:45.611+0000] {standard_task_runner.py:109} ERROR - Failed to execute job 726 for task consume_and_save_batch (Consumer failed: _flush_buffers() missing 1 required positional argument: 'insert_order_status'; 4010)
[2025-09-16T18:44:45.651+0000] {local_task_job_runner.py:225} INFO - Task exited with return code 1
[2025-09-16T18:44:45.879+0000] {taskinstance.py:2653} INFO - 0 downstream tasks scheduled from follow-on schedule check
