[2025-09-15T23:31:22.460+0000] {taskinstance.py:1103} INFO - Dependencies all met for dep_context=non-requeueable deps ti=<TaskInstance: dds_to_clickhouse_enhanced.load_daily_business_summary manual__2025-09-15T23:09:51.191595+00:00 [queued]>
[2025-09-15T23:31:22.497+0000] {taskinstance.py:1103} INFO - Dependencies all met for dep_context=requeueable deps ti=<TaskInstance: dds_to_clickhouse_enhanced.load_daily_business_summary manual__2025-09-15T23:09:51.191595+00:00 [queued]>
[2025-09-15T23:31:22.498+0000] {taskinstance.py:1308} INFO - Starting attempt 6 of 7
[2025-09-15T23:31:22.593+0000] {taskinstance.py:1327} INFO - Executing <Task(PythonOperator): load_daily_business_summary> on 2025-09-15 23:09:51.191595+00:00
[2025-09-15T23:31:22.682+0000] {standard_task_runner.py:57} INFO - Started process 3680 to run task
[2025-09-15T23:31:22.860+0000] {standard_task_runner.py:84} INFO - Running: ['***', 'tasks', 'run', 'dds_to_clickhouse_enhanced', 'load_daily_business_summary', 'manual__2025-09-15T23:09:51.191595+00:00', '--job-id', '577', '--raw', '--subdir', 'DAGS_FOLDER/dds_to_clickhouse.py', '--cfg-path', '/tmp/tmprdr0w1zp']
[2025-09-15T23:31:22.925+0000] {standard_task_runner.py:85} INFO - Job 577: Subtask load_daily_business_summary
[2025-09-15T23:31:23.390+0000] {logging_mixin.py:150} WARNING - /home/***/.local/lib/python3.7/site-packages/***/settings.py:195 DeprecationWarning: The sql_alchemy_conn option in [core] has been moved to the sql_alchemy_conn option in [database] - the old setting has been used, but please update your config.
[2025-09-15T23:31:23.742+0000] {task_command.py:410} INFO - Running <TaskInstance: dds_to_clickhouse_enhanced.load_daily_business_summary manual__2025-09-15T23:09:51.191595+00:00 [running]> on host 71d7292233fc
[2025-09-15T23:31:24.192+0000] {taskinstance.py:1547} INFO - Exporting env vars: AIRFLOW_CTX_DAG_OWNER='***' AIRFLOW_CTX_DAG_ID='dds_to_clickhouse_enhanced' AIRFLOW_CTX_TASK_ID='load_daily_business_summary' AIRFLOW_CTX_EXECUTION_DATE='2025-09-15T23:09:51.191595+00:00' AIRFLOW_CTX_TRY_NUMBER='6' AIRFLOW_CTX_DAG_RUN_ID='manual__2025-09-15T23:09:51.191595+00:00'
[2025-09-15T23:31:24.333+0000] {dds_to_clickhouse.py:98} INFO - Данные получены из PostgreSQL: (3, 9)
[2025-09-15T23:31:24.334+0000] {dds_to_clickhouse.py:101} INFO - Данные ДО очистки:
[2025-09-15T23:31:24.339+0000] {dds_to_clickhouse.py:102} INFO - Типы: {'event_date': dtype('O'), 'total_revenue': dtype('float64'), 'total_orders': dtype('int64'), 'unique_customers': dtype('int64'), 'avg_order_value': dtype('float64'), 'conversion_rate': dtype('float64'), 'new_users': dtype('int64'), 'total_sessions': dtype('int64'), 'successful_orders': dtype('int64')}
[2025-09-15T23:31:24.349+0000] {dds_to_clickhouse.py:103} INFO - Первые 3 строки: [{'event_date': datetime.date(2025, 9, 15), 'total_revenue': 0.0, 'total_orders': 13, 'unique_customers': 10, 'avg_order_value': 572.021948051948, 'conversion_rate': 0.65, 'new_users': 0, 'total_sessions': 20, 'successful_orders': 13}, {'event_date': datetime.date(2025, 9, 14), 'total_revenue': 0.0, 'total_orders': 20, 'unique_customers': 15, 'avg_order_value': 511.1937742504409, 'conversion_rate': 0.625, 'new_users': 0, 'total_sessions': 32, 'successful_orders': 20}, {'event_date': datetime.date(2025, 9, 13), 'total_revenue': 0.0, 'total_orders': 1, 'unique_customers': 1, 'avg_order_value': 789.1, 'conversion_rate': 0.5, 'new_users': 0, 'total_sessions': 2, 'successful_orders': 1}]
[2025-09-15T23:31:24.371+0000] {dds_to_clickhouse.py:104} INFO - NaN значения: {'event_date': 0, 'total_revenue': 0, 'total_orders': 0, 'unique_customers': 0, 'avg_order_value': 0, 'conversion_rate': 0, 'new_users': 0, 'total_sessions': 0, 'successful_orders': 0}
[2025-09-15T23:31:24.409+0000] {dds_to_clickhouse.py:110} INFO - Данные ПОСЛЕ очистки:
[2025-09-15T23:31:24.411+0000] {dds_to_clickhouse.py:111} INFO - Типы: {'event_date': dtype('O'), 'total_revenue': dtype('float64'), 'total_orders': dtype('int64'), 'unique_customers': dtype('int64'), 'avg_order_value': dtype('float64'), 'conversion_rate': dtype('float64'), 'new_users': dtype('int64'), 'total_sessions': dtype('int64'), 'successful_orders': dtype('int64')}
[2025-09-15T23:31:24.418+0000] {dds_to_clickhouse.py:112} INFO - Уникальные значения unique_customers: [10 15  1]
[2025-09-15T23:31:24.419+0000] {dds_to_clickhouse.py:117} INFO - Тип unique_customers: <class 'numpy.int64'>
[2025-09-15T23:31:24.420+0000] {dds_to_clickhouse.py:118} INFO - Значения unique_customers: [10, 15, 1]
[2025-09-15T23:31:24.420+0000] {dds_to_clickhouse.py:117} INFO - Тип total_orders: <class 'numpy.int64'>
[2025-09-15T23:31:24.421+0000] {dds_to_clickhouse.py:118} INFO - Значения total_orders: [13, 20, 1]
[2025-09-15T23:31:24.422+0000] {dds_to_clickhouse.py:117} INFO - Тип new_users: <class 'numpy.int64'>
[2025-09-15T23:31:24.423+0000] {dds_to_clickhouse.py:118} INFO - Значения new_users: [0, 0, 0]
[2025-09-15T23:31:24.641+0000] {dds_to_clickhouse.py:122} INFO - ✅ Загружено 3 строк в daily_business_summary
[2025-09-15T23:31:24.643+0000] {python.py:183} INFO - Done. Returned value was: None
[2025-09-15T23:31:24.792+0000] {taskinstance.py:1350} INFO - Marking task as SUCCESS. dag_id=dds_to_clickhouse_enhanced, task_id=load_daily_business_summary, execution_date=20250915T230951, start_date=20250915T233122, end_date=20250915T233124
[2025-09-15T23:31:25.011+0000] {local_task_job_runner.py:225} INFO - Task exited with return code 0
[2025-09-15T23:31:25.201+0000] {taskinstance.py:2653} INFO - 6 downstream tasks scheduled from follow-on schedule check
