[2025-09-03T14:51:11.889+0000] {taskinstance.py:1103} INFO - Dependencies all met for dep_context=non-requeueable deps ti=<TaskInstance: kafka_to_postgres_batch.create_events_table manual__2025-09-03T14:50:58.417136+00:00 [queued]>
[2025-09-03T14:51:11.924+0000] {taskinstance.py:1103} INFO - Dependencies all met for dep_context=requeueable deps ti=<TaskInstance: kafka_to_postgres_batch.create_events_table manual__2025-09-03T14:50:58.417136+00:00 [queued]>
[2025-09-03T14:51:11.925+0000] {taskinstance.py:1308} INFO - Starting attempt 1 of 3
[2025-09-03T14:51:11.991+0000] {taskinstance.py:1327} INFO - Executing <Task(PostgresOperator): create_events_table> on 2025-09-03 14:50:58.417136+00:00
[2025-09-03T14:51:12.052+0000] {standard_task_runner.py:57} INFO - Started process 414 to run task
[2025-09-03T14:51:12.058+0000] {standard_task_runner.py:84} INFO - Running: ['***', 'tasks', 'run', 'kafka_to_postgres_batch', 'create_events_table', 'manual__2025-09-03T14:50:58.417136+00:00', '--job-id', '104', '--raw', '--subdir', 'DAGS_FOLDER/dags.py', '--cfg-path', '/tmp/tmp_2v9wlx0']
[2025-09-03T14:51:12.061+0000] {standard_task_runner.py:85} INFO - Job 104: Subtask create_events_table
[2025-09-03T14:51:12.109+0000] {logging_mixin.py:150} WARNING - /home/***/.local/lib/python3.7/site-packages/***/settings.py:195 DeprecationWarning: The sql_alchemy_conn option in [core] has been moved to the sql_alchemy_conn option in [database] - the old setting has been used, but please update your config.
[2025-09-03T14:51:12.187+0000] {task_command.py:410} INFO - Running <TaskInstance: kafka_to_postgres_batch.create_events_table manual__2025-09-03T14:50:58.417136+00:00 [running]> on host 5646b9718ecc
[2025-09-03T14:51:12.394+0000] {taskinstance.py:1547} INFO - Exporting env vars: AIRFLOW_CTX_DAG_OWNER='***' AIRFLOW_CTX_DAG_ID='kafka_to_postgres_batch' AIRFLOW_CTX_TASK_ID='create_events_table' AIRFLOW_CTX_EXECUTION_DATE='2025-09-03T14:50:58.417136+00:00' AIRFLOW_CTX_TRY_NUMBER='1' AIRFLOW_CTX_DAG_RUN_ID='manual__2025-09-03T14:50:58.417136+00:00'
[2025-09-03T14:51:12.406+0000] {sql.py:265} INFO - Executing: 
        CREATE TABLE IF NOT EXISTS raw.events (
            id SERIAL PRIMARY KEY,
            user_id INT,
            event_type TEXT,
            city TEXT,
            country TEXT,
            lat DOUBLE PRECISION,
            lon DOUBLE PRECISION,
            cost_usd NUMERIC,
            cost_eur NUMERIC,
            cost_rub NUMERIC,
            weather_temp NUMERIC,
            weather_desc TEXT,
            timestamp TIMESTAMPTZ DEFAULT NOW()
        );
        
[2025-09-03T14:51:12.434+0000] {base.py:73} INFO - Using connection ID 'postgres_default' for task execution.
[2025-09-03T14:51:12.628+0000] {base.py:73} INFO - Using connection ID 'postgres_default' for task execution.
[2025-09-03T14:51:12.639+0000] {sql.py:375} INFO - Running statement: 
        CREATE TABLE IF NOT EXISTS raw.events (
            id SERIAL PRIMARY KEY,
            user_id INT,
            event_type TEXT,
            city TEXT,
            country TEXT,
            lat DOUBLE PRECISION,
            lon DOUBLE PRECISION,
            cost_usd NUMERIC,
            cost_eur NUMERIC,
            cost_rub NUMERIC,
            weather_temp NUMERIC,
            weather_desc TEXT,
            timestamp TIMESTAMPTZ DEFAULT NOW()
        );
        , parameters: None
[2025-09-03T14:51:12.665+0000] {taskinstance.py:1350} INFO - Marking task as SUCCESS. dag_id=kafka_to_postgres_batch, task_id=create_events_table, execution_date=20250903T145058, start_date=20250903T145111, end_date=20250903T145112
[2025-09-03T14:51:12.713+0000] {local_task_job_runner.py:225} INFO - Task exited with return code 0
[2025-09-03T14:51:12.768+0000] {taskinstance.py:2653} INFO - 1 downstream tasks scheduled from follow-on schedule check
