[2025-09-16T20:30:23.683+0000] {taskinstance.py:1103} INFO - Dependencies all met for dep_context=non-requeueable deps ti=<TaskInstance: dds_to_clickhouse.load_user_engagement manual__2025-09-16T20:23:59.187198+00:00 [queued]>
[2025-09-16T20:30:23.740+0000] {taskinstance.py:1103} INFO - Dependencies all met for dep_context=requeueable deps ti=<TaskInstance: dds_to_clickhouse.load_user_engagement manual__2025-09-16T20:23:59.187198+00:00 [queued]>
[2025-09-16T20:30:23.743+0000] {taskinstance.py:1308} INFO - Starting attempt 1 of 2
[2025-09-16T20:30:23.882+0000] {taskinstance.py:1327} INFO - Executing <Task(PythonOperator): load_user_engagement> on 2025-09-16 20:23:59.187198+00:00
[2025-09-16T20:30:24.026+0000] {standard_task_runner.py:57} INFO - Started process 1630 to run task
[2025-09-16T20:30:24.135+0000] {standard_task_runner.py:84} INFO - Running: ['***', 'tasks', 'run', 'dds_to_clickhouse', 'load_user_engagement', 'manual__2025-09-16T20:23:59.187198+00:00', '--job-id', '819', '--raw', '--subdir', 'DAGS_FOLDER/dds_to_clickhouse.py', '--cfg-path', '/tmp/tmpjzs5jbbx']
[2025-09-16T20:30:24.297+0000] {standard_task_runner.py:85} INFO - Job 819: Subtask load_user_engagement
[2025-09-16T20:30:25.871+0000] {logging_mixin.py:150} WARNING - /home/***/.local/lib/python3.7/site-packages/***/settings.py:195 DeprecationWarning: The sql_alchemy_conn option in [core] has been moved to the sql_alchemy_conn option in [database] - the old setting has been used, but please update your config.
[2025-09-16T20:30:26.201+0000] {task_command.py:410} INFO - Running <TaskInstance: dds_to_clickhouse.load_user_engagement manual__2025-09-16T20:23:59.187198+00:00 [running]> on host d6e2a7c8b3ee
[2025-09-16T20:30:27.474+0000] {taskinstance.py:1547} INFO - Exporting env vars: AIRFLOW_CTX_DAG_OWNER='***' AIRFLOW_CTX_DAG_ID='dds_to_clickhouse' AIRFLOW_CTX_TASK_ID='load_user_engagement' AIRFLOW_CTX_EXECUTION_DATE='2025-09-16T20:23:59.187198+00:00' AIRFLOW_CTX_TRY_NUMBER='1' AIRFLOW_CTX_DAG_RUN_ID='manual__2025-09-16T20:23:59.187198+00:00'
[2025-09-16T20:30:27.573+0000] {ch_utils.py:101} ERROR - ❌ Ошибка при переносе данных в user_engagement: (psycopg2.errors.UndefinedFunction) operator does not exist: bigint = text
LINE 13: LEFT JOIN dds.sessions s ON u.user_id::bigint = s.user_id
                                                       ^
HINT:  No operator matches the given name and argument types. You might need to add explicit type casts.

[SQL: SELECT
    u.user_id::bigint AS user_id,
    COUNT(DISTINCT s.session_id) AS sessions_count,
    SUM(s.event_count) AS total_events,
    AVG(EXTRACT(EPOCH FROM (s.end_ts - s.start_ts))) AS avg_session_duration_seconds,
    AVG(s.event_count) AS avg_pages_per_session,
    MIN(s.start_ts)::date AS first_session_date,
    MAX(s.end_ts)::date AS last_session_date,
    COUNT(DISTINCT o.order_id) AS total_orders,
    COALESCE(SUM(o.total_usd), 0) AS total_revenue,
    EXTRACT(DAY FROM (NOW() - MAX(s.end_ts)))::int AS days_since_last_activity
FROM dds.users u
LEFT JOIN dds.sessions s ON u.user_id::bigint = s.user_id
LEFT JOIN dds.orders o ON u.user_id = o.user_id
GROUP BY u.user_id;
]
(Background on this error at: https://sqlalche.me/e/14/f405)
[2025-09-16T20:30:27.574+0000] {taskinstance.py:1824} ERROR - Task failed with exception
Traceback (most recent call last):
  File "/home/airflow/.local/lib/python3.7/site-packages/sqlalchemy/engine/base.py", line 1911, in _execute_context
    cursor, statement, parameters, context
  File "/home/airflow/.local/lib/python3.7/site-packages/sqlalchemy/engine/default.py", line 736, in do_execute
    cursor.execute(statement, parameters)
psycopg2.errors.UndefinedFunction: operator does not exist: bigint = text
LINE 13: LEFT JOIN dds.sessions s ON u.user_id::bigint = s.user_id
                                                       ^
HINT:  No operator matches the given name and argument types. You might need to add explicit type casts.


The above exception was the direct cause of the following exception:

Traceback (most recent call last):
  File "/home/airflow/.local/lib/python3.7/site-packages/airflow/operators/python.py", line 181, in execute
    return_value = self.execute_callable()
  File "/home/airflow/.local/lib/python3.7/site-packages/airflow/operators/python.py", line 198, in execute_callable
    return self.python_callable(*self.op_args, **self.op_kwargs)
  File "/opt/airflow/dags/ch_utils.py", line 53, in transfer_table
    df = pd.read_sql(sql_query, engine_pg)
  File "/home/airflow/.local/lib/python3.7/site-packages/pandas/io/sql.py", line 634, in read_sql
    chunksize=chunksize,
  File "/home/airflow/.local/lib/python3.7/site-packages/pandas/io/sql.py", line 1579, in read_query
    result = self.execute(*args)
  File "/home/airflow/.local/lib/python3.7/site-packages/pandas/io/sql.py", line 1424, in execute
    return self.connectable.execution_options().execute(*args, **kwargs)
  File "<string>", line 2, in execute
  File "/home/airflow/.local/lib/python3.7/site-packages/sqlalchemy/util/deprecations.py", line 468, in warned
    return fn(*args, **kwargs)
  File "/home/airflow/.local/lib/python3.7/site-packages/sqlalchemy/engine/base.py", line 3267, in execute
    return connection.execute(statement, *multiparams, **params)
  File "/home/airflow/.local/lib/python3.7/site-packages/sqlalchemy/engine/base.py", line 1375, in execute
    future=False,
  File "/home/airflow/.local/lib/python3.7/site-packages/sqlalchemy/engine/base.py", line 1681, in _exec_driver_sql
    distilled_parameters,
  File "/home/airflow/.local/lib/python3.7/site-packages/sqlalchemy/engine/base.py", line 1954, in _execute_context
    e, statement, parameters, cursor, context
  File "/home/airflow/.local/lib/python3.7/site-packages/sqlalchemy/engine/base.py", line 2135, in _handle_dbapi_exception
    sqlalchemy_exception, with_traceback=exc_info[2], from_=e
  File "/home/airflow/.local/lib/python3.7/site-packages/sqlalchemy/util/compat.py", line 211, in raise_
    raise exception
  File "/home/airflow/.local/lib/python3.7/site-packages/sqlalchemy/engine/base.py", line 1911, in _execute_context
    cursor, statement, parameters, context
  File "/home/airflow/.local/lib/python3.7/site-packages/sqlalchemy/engine/default.py", line 736, in do_execute
    cursor.execute(statement, parameters)
sqlalchemy.exc.ProgrammingError: (psycopg2.errors.UndefinedFunction) operator does not exist: bigint = text
LINE 13: LEFT JOIN dds.sessions s ON u.user_id::bigint = s.user_id
                                                       ^
HINT:  No operator matches the given name and argument types. You might need to add explicit type casts.

[SQL: SELECT
    u.user_id::bigint AS user_id,
    COUNT(DISTINCT s.session_id) AS sessions_count,
    SUM(s.event_count) AS total_events,
    AVG(EXTRACT(EPOCH FROM (s.end_ts - s.start_ts))) AS avg_session_duration_seconds,
    AVG(s.event_count) AS avg_pages_per_session,
    MIN(s.start_ts)::date AS first_session_date,
    MAX(s.end_ts)::date AS last_session_date,
    COUNT(DISTINCT o.order_id) AS total_orders,
    COALESCE(SUM(o.total_usd), 0) AS total_revenue,
    EXTRACT(DAY FROM (NOW() - MAX(s.end_ts)))::int AS days_since_last_activity
FROM dds.users u
LEFT JOIN dds.sessions s ON u.user_id::bigint = s.user_id
LEFT JOIN dds.orders o ON u.user_id = o.user_id
GROUP BY u.user_id;
]
(Background on this error at: https://sqlalche.me/e/14/f405)
[2025-09-16T20:30:27.672+0000] {taskinstance.py:1350} INFO - Marking task as UP_FOR_RETRY. dag_id=dds_to_clickhouse, task_id=load_user_engagement, execution_date=20250916T202359, start_date=20250916T203023, end_date=20250916T203027
[2025-09-16T20:30:27.765+0000] {standard_task_runner.py:109} ERROR - Failed to execute job 819 for task load_user_engagement ((psycopg2.errors.UndefinedFunction) operator does not exist: bigint = text
LINE 13: LEFT JOIN dds.sessions s ON u.user_id::bigint = s.user_id
                                                       ^
HINT:  No operator matches the given name and argument types. You might need to add explicit type casts.

[SQL: SELECT
    u.user_id::bigint AS user_id,
    COUNT(DISTINCT s.session_id) AS sessions_count,
    SUM(s.event_count) AS total_events,
    AVG(EXTRACT(EPOCH FROM (s.end_ts - s.start_ts))) AS avg_session_duration_seconds,
    AVG(s.event_count) AS avg_pages_per_session,
    MIN(s.start_ts)::date AS first_session_date,
    MAX(s.end_ts)::date AS last_session_date,
    COUNT(DISTINCT o.order_id) AS total_orders,
    COALESCE(SUM(o.total_usd), 0) AS total_revenue,
    EXTRACT(DAY FROM (NOW() - MAX(s.end_ts)))::int AS days_since_last_activity
FROM dds.users u
LEFT JOIN dds.sessions s ON u.user_id::bigint = s.user_id
LEFT JOIN dds.orders o ON u.user_id = o.user_id
GROUP BY u.user_id;
]
(Background on this error at: https://sqlalche.me/e/14/f405); 1630)
[2025-09-16T20:30:27.848+0000] {local_task_job_runner.py:225} INFO - Task exited with return code 1
[2025-09-16T20:30:28.119+0000] {taskinstance.py:2653} INFO - 0 downstream tasks scheduled from follow-on schedule check
