[2025-09-14T20:17:33.314+0000] {logging_mixin.py:150} WARNING - /home/***/.local/lib/python3.7/site-packages/***/utils/sqlalchemy.py:124 DeprecationWarning: The sql_alchemy_conn option in [core] has been moved to the sql_alchemy_conn option in [database] - the old setting has been used, but please update your config.
[2025-09-14T20:17:33.437+0000] {taskinstance.py:1103} INFO - Dependencies all met for dep_context=non-requeueable deps ti=<TaskInstance: kafka_to_postgres_batch.consume_and_save_batch scheduled__2025-09-14T19:47:21.273400+00:00 [queued]>
[2025-09-14T20:17:33.453+0000] {taskinstance.py:1103} INFO - Dependencies all met for dep_context=requeueable deps ti=<TaskInstance: kafka_to_postgres_batch.consume_and_save_batch scheduled__2025-09-14T19:47:21.273400+00:00 [queued]>
[2025-09-14T20:17:33.455+0000] {taskinstance.py:1308} INFO - Starting attempt 1 of 3
[2025-09-14T20:17:33.481+0000] {taskinstance.py:1327} INFO - Executing <Task(PythonOperator): consume_and_save_batch> on 2025-09-14 19:47:21.273400+00:00
[2025-09-14T20:17:33.489+0000] {standard_task_runner.py:57} INFO - Started process 15560 to run task
[2025-09-14T20:17:33.493+0000] {standard_task_runner.py:84} INFO - Running: ['***', 'tasks', 'run', 'kafka_to_postgres_batch', 'consume_and_save_batch', 'scheduled__2025-09-14T19:47:21.273400+00:00', '--job-id', '374', '--raw', '--subdir', 'DAGS_FOLDER/dags.py', '--cfg-path', '/tmp/tmpurhzpx12']
[2025-09-14T20:17:33.496+0000] {standard_task_runner.py:85} INFO - Job 374: Subtask consume_and_save_batch
[2025-09-14T20:17:33.526+0000] {logging_mixin.py:150} WARNING - /home/***/.local/lib/python3.7/site-packages/***/settings.py:195 DeprecationWarning: The sql_alchemy_conn option in [core] has been moved to the sql_alchemy_conn option in [database] - the old setting has been used, but please update your config.
[2025-09-14T20:17:33.592+0000] {task_command.py:410} INFO - Running <TaskInstance: kafka_to_postgres_batch.consume_and_save_batch scheduled__2025-09-14T19:47:21.273400+00:00 [running]> on host 3deaa5b4a23c
[2025-09-14T20:17:33.615+0000] {logging_mixin.py:150} WARNING - /home/***/.local/lib/python3.7/site-packages/***/utils/sqlalchemy.py:124 DeprecationWarning: The sql_alchemy_conn option in [core] has been moved to the sql_alchemy_conn option in [database] - the old setting has been used, but please update your config.
[2025-09-14T20:17:33.761+0000] {taskinstance.py:1547} INFO - Exporting env vars: AIRFLOW_CTX_DAG_OWNER='***' AIRFLOW_CTX_DAG_ID='kafka_to_postgres_batch' AIRFLOW_CTX_TASK_ID='consume_and_save_batch' AIRFLOW_CTX_EXECUTION_DATE='2025-09-14T19:47:21.273400+00:00' AIRFLOW_CTX_TRY_NUMBER='1' AIRFLOW_CTX_DAG_RUN_ID='scheduled__2025-09-14T19:47:21.273400+00:00'
[2025-09-14T20:17:33.766+0000] {conn.py:397} INFO - <BrokerConnection client_id=kafka-python-2.2.15, node_id=bootstrap-0 host=kafka:29092 <connecting> [IPv4 ('172.23.0.2', 29092)]>: connecting to kafka:29092 [('172.23.0.2', 29092) IPv4]
[2025-09-14T20:17:33.774+0000] {conn.py:618} INFO - <BrokerConnection client_id=kafka-python-2.2.15, node_id=bootstrap-0 host=kafka:29092 <checking_api_versions_recv> [IPv4 ('172.23.0.2', 29092)]>: Broker version identified as 2.6
[2025-09-14T20:17:33.775+0000] {conn.py:457} INFO - <BrokerConnection client_id=kafka-python-2.2.15, node_id=bootstrap-0 host=kafka:29092 <connected> [IPv4 ('172.23.0.2', 29092)]>: Connection complete.
[2025-09-14T20:17:33.777+0000] {subscription_state.py:181} INFO - Updating subscribed topics to: ('user_events',)
[2025-09-14T20:17:33.791+0000] {conn.py:397} INFO - <BrokerConnection client_id=kafka-python-2.2.15, node_id=1 host=kafka:29092 <connecting> [IPv4 ('172.23.0.2', 29092)]>: connecting to kafka:29092 [('172.23.0.2', 29092) IPv4]
[2025-09-14T20:17:33.792+0000] {conn.py:457} INFO - <BrokerConnection client_id=kafka-python-2.2.15, node_id=1 host=kafka:29092 <connected> [IPv4 ('172.23.0.2', 29092)]>: Connection complete.
[2025-09-14T20:17:33.793+0000] {conn.py:945} INFO - <BrokerConnection client_id=kafka-python-2.2.15, node_id=bootstrap-0 host=kafka:29092 <connected> [IPv4 ('172.23.0.2', 29092)]>: Closing connection. 
[2025-09-14T20:17:33.934+0000] {cluster.py:401} INFO - Coordinator for group/***_batch_consumer is ('coordinator-1', 'kafka', 29092, None)
[2025-09-14T20:17:33.936+0000] {base.py:789} INFO - Discovered coordinator coordinator-1 for group ***_batch_consumer
[2025-09-14T20:17:33.938+0000] {base.py:848} INFO - Starting new heartbeat thread
[2025-09-14T20:17:33.940+0000] {consumer.py:366} INFO - Revoking previously assigned partitions () for group ***_batch_consumer
[2025-09-14T20:17:33.942+0000] {base.py:419} INFO - Failed to join group ***_batch_consumer: NodeNotReadyError: coordinator-1
[2025-09-14T20:17:33.944+0000] {conn.py:397} INFO - <BrokerConnection client_id=kafka-python-2.2.15, node_id=coordinator-1 host=kafka:29092 <connecting> [IPv4 ('172.23.0.2', 29092)]>: connecting to kafka:29092 [('172.23.0.2', 29092) IPv4]
[2025-09-14T20:17:33.946+0000] {conn.py:457} INFO - <BrokerConnection client_id=kafka-python-2.2.15, node_id=coordinator-1 host=kafka:29092 <connected> [IPv4 ('172.23.0.2', 29092)]>: Connection complete.
[2025-09-14T20:17:34.047+0000] {base.py:532} INFO - (Re-)joining group ***_batch_consumer
[2025-09-14T20:17:34.238+0000] {base.py:638} INFO - Received member id kafka-python-2.2.15-de9f6f78-6360-4c97-a5a6-14e416f1c1c5 for group ***_batch_consumer; will retry join-group
[2025-09-14T20:17:34.240+0000] {base.py:419} INFO - Failed to join group ***_batch_consumer: [Error 79] MemberIdRequiredError
[2025-09-14T20:17:34.241+0000] {base.py:532} INFO - (Re-)joining group ***_batch_consumer
[2025-09-14T20:17:37.379+0000] {base.py:594} INFO - Successfully joined group ***_batch_consumer <Generation 29 (member_id: kafka-python-2.2.15-de9f6f78-6360-4c97-a5a6-14e416f1c1c5, protocol: range)>
[2025-09-14T20:17:37.380+0000] {base.py:597} INFO - Elected group leader -- performing partition assignments using range
[2025-09-14T20:17:37.512+0000] {subscription_state.py:254} INFO - Updated partition assignment: [('user_events', 0)]
[2025-09-14T20:17:37.512+0000] {consumer.py:250} INFO - Setting newly assigned partitions (('user_events', 0),) for group ***_batch_consumer
[2025-09-14T20:17:37.583+0000] {dags_utils.py:105} INFO - Received message: {
  "type": "user_profile",
  "user_id": 2844,
  "name": "Steven Stephens",
  "email": "paulcosta@example.com",
  "birth_date": "1999-03-29",
  "gender": "other",
  "generated_at": "2025-09-14T19:55:23.712183+00:00"
}
[2025-09-14T20:17:37.583+0000] {dags_utils.py:105} INFO - Received message: {
  "type": "user_device",
  "user_id": 2844,
  "device_type": "desktop",
  "os": "MacOS",
  "browser": "Safari",
  "generated_at": "2025-09-14T19:55:23.712232+00:00"
}
[2025-09-14T20:17:37.584+0000] {dags_utils.py:105} INFO - Received message: {
  "type": "user_location",
  "user_id": 2844,
  "city": "Japura",
  "country": "Brazil",
  "lat": -2.404019,
  "lon": -67.734609,
  "weather_temp": 30.57,
  "weather_desc": "overcast clouds",
  "generated_at": "2025-09-14T19:55:23.712257+00:00"
}
[2025-09-14T20:17:37.584+0000] {dags_utils.py:105} INFO - Received message: {
  "type": "event",
  "user_id": 2844,
  "session_id": "67a1ed0c-968e-4548-ba9e-bde1d6c3606a",
  "event_type": "purchase",
  "product_id": 2,
  "product_name": "Apple \u041f\u043b\u0430\u043d\u0448\u0435\u0442",
  "product_category": "electronics",
  "order_id": "9001c558-2738-4355-a636-c36751694cd4",
  "quantity": 5,
  "city": "Kitimat-Stikine",
  "country": "Canada",
  "lat": 56.9741865,
  "lon": -130.588975,
  "cost_usd": 411.76,
  "cost_eur": 351.06,
  "cost_rub": 34631.82,
  "weather_temp": 6.74,
  "weather_desc": "scattered clouds",
  "timestamp": "2025-09-14T19:55:25.070413+00:00"
}
[2025-09-14T20:17:37.585+0000] {dags_utils.py:105} INFO - Received message: {
  "type": "order",
  "order_id": "9001c558-2738-4355-a636-c36751694cd4",
  "user_id": 2844,
  "order_ts": "2025-09-14T19:55:25.072992+00:00",
  "total_usd": 6004.95,
  "generated_at": "2025-09-14T19:55:25.073026+00:00"
}
[2025-09-14T20:17:37.586+0000] {dags_utils.py:105} INFO - Received message: {
  "type": "order_item",
  "order_id": "9001c558-2738-4355-a636-c36751694cd4",
  "product_id": 2,
  "quantity": 5,
  "price_usd": 1200.99,
  "generated_at": "2025-09-14T19:55:25.073035+00:00"
}
[2025-09-14T20:17:37.586+0000] {dags_utils.py:105} INFO - Received message: {
  "type": "event",
  "user_id": 2844,
  "session_id": "d8e5a957-6b14-4225-bcc3-99d88c1ecbb7",
  "event_type": "purchase",
  "product_id": 5,
  "product_name": "Levi's Jeans",
  "product_category": "clothing",
  "order_id": "240e42e7-ebb6-424d-93f3-89ef47926170",
  "quantity": 5,
  "city": "South Pacific Ocean",
  "country": null,
  "lat": -2.5589895,
  "lon": -146.28341,
  "cost_usd": 489.63,
  "cost_eur": 417.45,
  "cost_rub": 41181.22,
  "weather_temp": 26.24,
  "weather_desc": "broken clouds",
  "timestamp": "2025-09-14T19:55:26.063114+00:00"
}
[2025-09-14T20:17:37.587+0000] {dags_utils.py:105} INFO - Received message: {
  "type": "order",
  "order_id": "240e42e7-ebb6-424d-93f3-89ef47926170",
  "user_id": 2844,
  "order_ts": "2025-09-14T19:55:26.065356+00:00",
  "total_usd": 448.0,
  "generated_at": "2025-09-14T19:55:26.065387+00:00"
}
[2025-09-14T20:17:37.587+0000] {dags_utils.py:105} INFO - Received message: {
  "type": "order_item",
  "order_id": "240e42e7-ebb6-424d-93f3-89ef47926170",
  "product_id": 5,
  "quantity": 5,
  "price_usd": 89.6,
  "generated_at": "2025-09-14T19:55:26.065395+00:00"
}
[2025-09-14T20:17:37.588+0000] {dags_utils.py:105} INFO - Received message: {
  "type": "user_profile",
  "user_id": 461,
  "name": "Isabella Willis",
  "email": "graymichele@example.net",
  "birth_date": "1966-08-09",
  "gender": "female",
  "generated_at": "2025-09-14T19:56:24.003946+00:00"
}
[2025-09-14T20:17:37.588+0000] {dags_utils.py:105} INFO - Received message: {
  "type": "user_device",
  "user_id": 461,
  "device_type": "desktop",
  "os": "MacOS",
  "browser": "Chrome",
  "generated_at": "2025-09-14T19:56:24.003986+00:00"
}
[2025-09-14T20:17:37.589+0000] {dags_utils.py:105} INFO - Received message: {
  "type": "user_location",
  "user_id": 461,
  "city": "North Atlantic Ocean",
  "country": null,
  "lat": 36.7077345,
  "lon": -51.199395,
  "weather_temp": 26.38,
  "weather_desc": "light rain",
  "generated_at": "2025-09-14T19:56:24.004005+00:00"
}
[2025-09-14T20:17:37.589+0000] {dags_utils.py:105} INFO - Received message: {
  "type": "event",
  "user_id": 461,
  "session_id": "0a4b050f-e184-4cec-a942-d44971fba85e",
  "event_type": "session_start",
  "product_id": null,
  "product_name": null,
  "product_category": null,
  "order_id": null,
  "quantity": null,
  "city": "South Pacific Ocean",
  "country": null,
  "lat": -51.856831,
  "lon": -171.347125,
  "cost_usd": 17.61,
  "cost_eur": 15.01,
  "cost_rub": 1481.12,
  "weather_temp": 5.07,
  "weather_desc": "overcast clouds",
  "timestamp": "2025-09-14T19:56:25.286442+00:00"
}
[2025-09-14T20:17:37.589+0000] {dags_utils.py:105} INFO - Received message: {
  "type": "event",
  "user_id": 461,
  "session_id": "356a3f0a-8ad4-4dd5-b12d-0f67f9b407b9",
  "event_type": "view_product",
  "product_id": 10,
  "product_name": "\u0414\u0436\u0435\u043d\u0433\u0430 \u043d\u0430\u0441\u0442\u043e\u043b\u044c\u043d\u0430\u044f \u0438\u0433\u0440\u0430",
  "product_category": "toys",
  "order_id": null,
  "quantity": null,
  "city": "South Atlantic Ocean",
  "country": null,
  "lat": -45.1891835,
  "lon": 3.673658,
  "cost_usd": 949.32,
  "cost_eur": 809.37,
  "cost_rub": 79844.28,
  "weather_temp": 3.71,
  "weather_desc": "scattered clouds",
  "timestamp": "2025-09-14T19:56:26.106394+00:00"
}
[2025-09-14T20:17:37.590+0000] {dags_utils.py:105} INFO - Received message: {
  "type": "user_profile",
  "user_id": 2356,
  "name": "David York",
  "email": "heathersmith@example.net",
  "birth_date": "1998-11-13",
  "gender": "male",
  "generated_at": "2025-09-14T20:03:54.532760+00:00"
}
[2025-09-14T20:17:37.590+0000] {dags_utils.py:105} INFO - Received message: {
  "type": "user_device",
  "user_id": 2356,
  "device_type": "tablet",
  "os": "iOS",
  "browser": "Edge",
  "generated_at": "2025-09-14T20:03:54.532845+00:00"
}
[2025-09-14T20:17:37.591+0000] {dags_utils.py:105} INFO - Received message: {
  "type": "user_location",
  "user_id": 2356,
  "city": "South Pacific Ocean",
  "country": null,
  "lat": -42.9023695,
  "lon": -168.59543,
  "weather_temp": 9.86,
  "weather_desc": "overcast clouds",
  "generated_at": "2025-09-14T20:03:54.532887+00:00"
}
[2025-09-14T20:17:37.591+0000] {dags_utils.py:105} INFO - Received message: {
  "type": "event",
  "user_id": 2356,
  "session_id": "a90bf066-b4a7-4bba-ab25-a7d7c091974e",
  "event_type": "view_product",
  "product_id": 4,
  "product_name": "Samsung TV",
  "product_category": "electronics",
  "order_id": null,
  "quantity": null,
  "city": "Southern Ocean",
  "country": null,
  "lat": -61.8569925,
  "lon": 149.240765,
  "cost_usd": 41.13,
  "cost_eur": 35.07,
  "cost_rub": 3459.31,
  "weather_temp": -8.91,
  "weather_desc": "overcast clouds",
  "timestamp": "2025-09-14T20:03:56.083541+00:00"
}
[2025-09-14T20:17:37.592+0000] {dags_utils.py:105} INFO - Received message: {
  "type": "event",
  "user_id": 2356,
  "session_id": "987cb0eb-fa3b-460c-a879-1443e20a4472",
  "event_type": "session_start",
  "product_id": null,
  "product_name": null,
  "product_category": null,
  "order_id": null,
  "quantity": null,
  "city": "Southern Ocean",
  "country": null,
  "lat": -63.9455405,
  "lon": 155.937148,
  "cost_usd": 96.46,
  "cost_eur": 82.24,
  "cost_rub": 8112.94,
  "weather_temp": -14.59,
  "weather_desc": "overcast clouds",
  "timestamp": "2025-09-14T20:03:57.266608+00:00"
}
[2025-09-14T20:17:37.592+0000] {dags_utils.py:105} INFO - Received message: {
  "type": "user_profile",
  "user_id": 3850,
  "name": "David Ramirez",
  "email": "michelle11@example.com",
  "birth_date": "2002-04-24",
  "gender": "male",
  "generated_at": "2025-09-14T20:04:02.071850+00:00"
}
[2025-09-14T20:17:37.592+0000] {dags_utils.py:105} INFO - Received message: {
  "type": "user_device",
  "user_id": 3850,
  "device_type": "tablet",
  "os": "Android",
  "browser": "Firefox",
  "generated_at": "2025-09-14T20:04:02.071875+00:00"
}
[2025-09-14T20:17:37.593+0000] {dags_utils.py:105} INFO - Received message: {
  "type": "user_location",
  "user_id": 3850,
  "city": "Arroyo del Valle",
  "country": "Spain",
  "lat": 42.7248185,
  "lon": -3.706821,
  "weather_temp": 16.68,
  "weather_desc": "clear sky",
  "generated_at": "2025-09-14T20:04:02.071887+00:00"
}
[2025-09-14T20:17:37.593+0000] {dags_utils.py:105} INFO - Received message: {
  "type": "event",
  "user_id": 3850,
  "session_id": "e93c170f-d671-4b3e-bb93-d6f08f9e2c55",
  "event_type": "add_to_cart",
  "product_id": 9,
  "product_name": "\u041f\u043e\u043c\u0430\u0434\u0430",
  "product_category": "beauty",
  "order_id": "75f749d7-f80e-437f-acc4-cc8c0aa78a84",
  "quantity": 2,
  "city": "Indian Ocean",
  "country": null,
  "lat": -44.9940715,
  "lon": 36.265186,
  "cost_usd": 40.49,
  "cost_eur": 34.52,
  "cost_rub": 3405.49,
  "weather_temp": 5.69,
  "weather_desc": "light rain",
  "timestamp": "2025-09-14T20:04:03.008813+00:00"
}
[2025-09-14T20:17:37.593+0000] {dags_utils.py:105} INFO - Received message: {
  "type": "event",
  "user_id": 3850,
  "session_id": "4d2d49e2-dd48-4e5e-9c87-a3f85cf1aa6d",
  "event_type": "view_product",
  "product_id": 6,
  "product_name": "\u041c\u0430\u0441\u0442\u0435\u0440 \u0438 \u041c\u0430\u0440\u0433\u0430\u0440\u0438\u0442\u0430 \u043a\u043d\u0438\u0433\u0430",
  "product_category": "books",
  "order_id": null,
  "quantity": null,
  "city": "Kweneng",
  "country": "Botswana",
  "lat": -23.7052415,
  "lon": 24.317036,
  "cost_usd": 783.46,
  "cost_eur": 667.96,
  "cost_rub": 65894.33,
  "weather_temp": 21.16,
  "weather_desc": "clear sky",
  "timestamp": "2025-09-14T20:04:04.000026+00:00"
}
[2025-09-14T20:17:37.593+0000] {dags_utils.py:105} INFO - Received message: {
  "type": "user_profile",
  "user_id": 790,
  "name": "Brendan Ball",
  "email": "qmcbride@example.org",
  "birth_date": "1948-01-02",
  "gender": "male",
  "generated_at": "2025-09-14T20:07:18.168082+00:00"
}
[2025-09-14T20:17:37.594+0000] {dags_utils.py:105} INFO - Received message: {
  "type": "user_device",
  "user_id": 790,
  "device_type": "tablet",
  "os": "Linux",
  "browser": "Firefox",
  "generated_at": "2025-09-14T20:07:18.168112+00:00"
}
[2025-09-14T20:17:37.594+0000] {dags_utils.py:105} INFO - Received message: {
  "type": "user_location",
  "user_id": 790,
  "city": "Al-Qari",
  "country": "Saudi Arabia",
  "lat": 20.220191,
  "lon": 41.308209,
  "weather_temp": 25.08,
  "weather_desc": "broken clouds",
  "generated_at": "2025-09-14T20:07:18.168125+00:00"
}
[2025-09-14T20:17:37.594+0000] {dags_utils.py:105} INFO - Received message: {
  "type": "event",
  "user_id": 790,
  "session_id": "a3199c54-0725-467e-9547-b6a0f11e0198",
  "event_type": "purchase",
  "product_id": 10,
  "product_name": "\u0414\u0436\u0435\u043d\u0433\u0430 \u043d\u0430\u0441\u0442\u043e\u043b\u044c\u043d\u0430\u044f \u0438\u0433\u0440\u0430",
  "product_category": "toys",
  "order_id": "fcd3016c-a1c9-4a88-9c30-64750ad907a5",
  "quantity": 1,
  "city": "Antarctica",
  "country": "Antarctica",
  "lat": -72.364461,
  "lon": 25.701046,
  "cost_usd": 790.6,
  "cost_eur": 674.05,
  "cost_rub": 66494.85,
  "weather_temp": -28.61,
  "weather_desc": "overcast clouds",
  "timestamp": "2025-09-14T20:07:19.405186+00:00"
}
[2025-09-14T20:17:37.595+0000] {dags_utils.py:105} INFO - Received message: {
  "type": "order",
  "order_id": "fcd3016c-a1c9-4a88-9c30-64750ad907a5",
  "user_id": 790,
  "order_ts": "2025-09-14T20:07:19.407316+00:00",
  "total_usd": 43.59,
  "generated_at": "2025-09-14T20:07:19.407348+00:00"
}
[2025-09-14T20:17:37.595+0000] {dags_utils.py:105} INFO - Received message: {
  "type": "order_item",
  "order_id": "fcd3016c-a1c9-4a88-9c30-64750ad907a5",
  "product_id": 10,
  "quantity": 1,
  "price_usd": 43.59,
  "generated_at": "2025-09-14T20:07:19.407355+00:00"
}
[2025-09-14T20:17:37.595+0000] {dags_utils.py:105} INFO - Received message: {
  "type": "event",
  "user_id": 790,
  "session_id": "1f3e06fa-de41-46d5-a2ae-2a8e8ebf11d5",
  "event_type": "session_start",
  "product_id": null,
  "product_name": null,
  "product_category": null,
  "order_id": null,
  "quantity": null,
  "city": "Naqu",
  "country": "China",
  "lat": 35.468305,
  "lon": 88.084544,
  "cost_usd": 586.21,
  "cost_eur": 499.79,
  "cost_rub": 49304.26,
  "weather_temp": 3.12,
  "weather_desc": "overcast clouds",
  "timestamp": "2025-09-14T20:07:20.151484+00:00"
}
[2025-09-14T20:17:37.596+0000] {dags_utils.py:105} INFO - Received message: {
  "type": "user_profile",
  "user_id": 4226,
  "name": "Edward Mcdaniel",
  "email": "denise77@example.com",
  "birth_date": "1955-06-25",
  "gender": "female",
  "generated_at": "2025-09-14T20:08:08.940501+00:00"
}
[2025-09-14T20:17:37.596+0000] {dags_utils.py:105} INFO - Received message: {
  "type": "user_device",
  "user_id": 4226,
  "device_type": "mobile",
  "os": "Android",
  "browser": "Chrome",
  "generated_at": "2025-09-14T20:08:08.940524+00:00"
}
[2025-09-14T20:17:37.596+0000] {dags_utils.py:105} INFO - Received message: {
  "type": "user_location",
  "user_id": 4226,
  "city": "South Pacific Ocean",
  "country": null,
  "lat": -20.8029935,
  "lon": -136.656661,
  "weather_temp": 24.08,
  "weather_desc": "light rain",
  "generated_at": "2025-09-14T20:08:08.940536+00:00"
}
[2025-09-14T20:17:37.597+0000] {dags_utils.py:105} INFO - Received message: {
  "type": "event",
  "user_id": 4226,
  "session_id": "5df10133-f40c-4260-9aa9-8a3a8d406141",
  "event_type": "session_start",
  "product_id": null,
  "product_name": null,
  "product_category": null,
  "order_id": null,
  "quantity": null,
  "city": "Barents Sea",
  "country": null,
  "lat": 75.3312055,
  "lon": 39.322421,
  "cost_usd": 669.86,
  "cost_eur": 571.11,
  "cost_rub": 56339.79,
  "weather_temp": 3.22,
  "weather_desc": "light rain",
  "timestamp": "2025-09-14T20:08:09.880622+00:00"
}
[2025-09-14T20:17:37.597+0000] {dags_utils.py:105} INFO - Received message: {
  "type": "event",
  "user_id": 4226,
  "session_id": "09a0e042-42a5-4d1b-9da5-66d07168f13d",
  "event_type": "view_product",
  "product_id": 9,
  "product_name": "\u041f\u043e\u043c\u0430\u0434\u0430",
  "product_category": "beauty",
  "order_id": null,
  "quantity": null,
  "city": "North Pacific Ocean",
  "country": null,
  "lat": 39.274701,
  "lon": -153.435263,
  "cost_usd": 930.68,
  "cost_eur": 793.48,
  "cost_rub": 78276.53,
  "weather_temp": 20.36,
  "weather_desc": "heavy intensity rain",
  "timestamp": "2025-09-14T20:08:10.969099+00:00"
}
[2025-09-14T20:17:37.597+0000] {dags_utils.py:105} INFO - Received message: {
  "type": "user_profile",
  "user_id": 4665,
  "name": "Christian Norris",
  "email": "arthur87@example.com",
  "birth_date": "1986-01-06",
  "gender": "male",
  "generated_at": "2025-09-14T20:09:24.592526+00:00"
}
[2025-09-14T20:17:37.597+0000] {dags_utils.py:105} INFO - Received message: {
  "type": "user_device",
  "user_id": 4665,
  "device_type": "mobile",
  "os": "Windows",
  "browser": "Chrome",
  "generated_at": "2025-09-14T20:09:24.592554+00:00"
}
[2025-09-14T20:17:37.598+0000] {dags_utils.py:105} INFO - Received message: {
  "type": "user_location",
  "user_id": 4665,
  "city": "South Atlantic Ocean",
  "country": null,
  "lat": -29.8697715,
  "lon": 1.111233,
  "weather_temp": 17.27,
  "weather_desc": "overcast clouds",
  "generated_at": "2025-09-14T20:09:24.592568+00:00"
}
[2025-09-14T20:17:37.598+0000] {dags_utils.py:105} INFO - Received message: {
  "type": "event",
  "user_id": 4665,
  "session_id": "6922c85b-957b-4cc0-bce3-ac35168f4671",
  "event_type": "session_start",
  "product_id": null,
  "product_name": null,
  "product_category": null,
  "order_id": null,
  "quantity": null,
  "city": "South Pacific Ocean",
  "country": null,
  "lat": -55.9699425,
  "lon": -141.533315,
  "cost_usd": 919.54,
  "cost_eur": 783.98,
  "cost_rub": 77339.58,
  "weather_temp": 5.76,
  "weather_desc": "light rain",
  "timestamp": "2025-09-14T20:09:25.753962+00:00"
}
[2025-09-14T20:17:37.599+0000] {dags_utils.py:105} INFO - Received message: {
  "type": "event",
  "user_id": 4665,
  "session_id": "fbc4b9fb-9a27-4286-aba4-7bf64002d757",
  "event_type": "view_product",
  "product_id": 4,
  "product_name": "Samsung TV",
  "product_category": "electronics",
  "order_id": null,
  "quantity": null,
  "city": "Anadyrskiy",
  "country": "Russia",
  "lat": 64.5626505,
  "lon": 170.6538,
  "cost_usd": 954.81,
  "cost_eur": 814.05,
  "cost_rub": 80306.03,
  "weather_temp": 7.15,
  "weather_desc": "clear sky",
  "timestamp": "2025-09-14T20:09:26.749049+00:00"
}
[2025-09-14T20:17:37.599+0000] {dags_utils.py:105} INFO - Received message: {
  "type": "user_profile",
  "user_id": 3706,
  "name": "Caitlin Smith",
  "email": "ydonovan@example.net",
  "birth_date": "1946-07-19",
  "gender": "female",
  "generated_at": "2025-09-14T20:10:19.999470+00:00"
}
[2025-09-14T20:17:37.600+0000] {dags_utils.py:105} INFO - Received message: {
  "type": "user_device",
  "user_id": 3706,
  "device_type": "desktop",
  "os": "Windows",
  "browser": "Edge",
  "generated_at": "2025-09-14T20:10:19.999497+00:00"
}
[2025-09-14T20:17:37.600+0000] {dags_utils.py:105} INFO - Received message: {
  "type": "user_location",
  "user_id": 3706,
  "city": "South Pacific Ocean",
  "country": null,
  "lat": -58.041052,
  "lon": -137.124116,
  "weather_temp": 2.02,
  "weather_desc": "overcast clouds",
  "generated_at": "2025-09-14T20:10:19.999510+00:00"
}
[2025-09-14T20:17:37.600+0000] {dags_utils.py:105} INFO - Received message: {
  "type": "event",
  "user_id": 3706,
  "session_id": "101c3394-2333-4c9c-8b7f-3f8359ae0aff",
  "event_type": "view_product",
  "product_id": 10,
  "product_name": "\u0414\u0436\u0435\u043d\u0433\u0430 \u043d\u0430\u0441\u0442\u043e\u043b\u044c\u043d\u0430\u044f \u0438\u0433\u0440\u0430",
  "product_category": "toys",
  "order_id": null,
  "quantity": null,
  "city": "Southern Ocean",
  "country": null,
  "lat": -67.405428,
  "lon": -121.018942,
  "cost_usd": 702.17,
  "cost_eur": 598.66,
  "cost_rub": 59057.28,
  "weather_temp": -2.72,
  "weather_desc": "overcast clouds",
  "timestamp": "2025-09-14T20:10:21.232351+00:00"
}
[2025-09-14T20:17:37.601+0000] {dags_utils.py:105} INFO - Received message: {
  "type": "event",
  "user_id": 3706,
  "session_id": "b28a1a55-bbcb-4597-97b2-8bd9b7d0d7b9",
  "event_type": "view_product",
  "product_id": 1,
  "product_name": "Redmond \u0424\u0435\u043d",
  "product_category": "electronics",
  "order_id": null,
  "quantity": null,
  "city": "Hart",
  "country": "Australia",
  "lat": -22.7114255,
  "lon": 137.471036,
  "cost_usd": 156.06,
  "cost_eur": 133.05,
  "cost_rub": 13125.71,
  "weather_temp": 18.55,
  "weather_desc": "clear sky",
  "timestamp": "2025-09-14T20:10:22.755976+00:00"
}
[2025-09-14T20:17:37.601+0000] {dags_utils.py:105} INFO - Received message: {
  "type": "user_profile",
  "user_id": 4674,
  "name": "Ronald Woodward",
  "email": "richardsonlisa@example.org",
  "birth_date": "1960-12-04",
  "gender": "other",
  "generated_at": "2025-09-14T20:11:13.103483+00:00"
}
[2025-09-14T20:17:37.601+0000] {dags_utils.py:105} INFO - Received message: {
  "type": "user_device",
  "user_id": 4674,
  "device_type": "mobile",
  "os": "Windows",
  "browser": "Chrome",
  "generated_at": "2025-09-14T20:11:13.103554+00:00"
}
[2025-09-14T20:17:37.602+0000] {dags_utils.py:105} INFO - Received message: {
  "type": "user_location",
  "user_id": 4674,
  "city": "Ross Sea",
  "country": null,
  "lat": -81.7250055,
  "lon": 177.761652,
  "weather_temp": -23.5,
  "weather_desc": "overcast clouds",
  "generated_at": "2025-09-14T20:11:13.103570+00:00"
}
[2025-09-14T20:17:37.602+0000] {dags_utils.py:105} INFO - Received message: {
  "type": "event",
  "user_id": 4674,
  "session_id": "35e4f551-b66e-4976-8713-d6ea2201b45a",
  "event_type": "purchase",
  "product_id": 6,
  "product_name": "\u041c\u0430\u0441\u0442\u0435\u0440 \u0438 \u041c\u0430\u0440\u0433\u0430\u0440\u0438\u0442\u0430 \u043a\u043d\u0438\u0433\u0430",
  "product_category": "books",
  "order_id": "b16900d3-75b1-4f00-bc11-185ac57b1f70",
  "quantity": 1,
  "city": "North Pacific Ocean",
  "country": null,
  "lat": 18.1893895,
  "lon": 147.774285,
  "cost_usd": 692.38,
  "cost_eur": 590.31,
  "cost_rub": 58233.88,
  "weather_temp": 28.64,
  "weather_desc": "overcast clouds",
  "timestamp": "2025-09-14T20:11:13.985617+00:00"
}
[2025-09-14T20:17:37.648+0000] {dags_utils.py:105} INFO - Received message: {
  "type": "order",
  "order_id": "b16900d3-75b1-4f00-bc11-185ac57b1f70",
  "user_id": 4674,
  "order_ts": "2025-09-14T20:11:13.986738+00:00",
  "total_usd": 10.12,
  "generated_at": "2025-09-14T20:11:13.986751+00:00"
}
[2025-09-14T20:17:37.649+0000] {dags_utils.py:105} INFO - Received message: {
  "type": "order_item",
  "order_id": "b16900d3-75b1-4f00-bc11-185ac57b1f70",
  "product_id": 6,
  "quantity": 1,
  "price_usd": 10.12,
  "generated_at": "2025-09-14T20:11:13.986755+00:00"
}
[2025-09-14T20:17:37.649+0000] {dags_utils.py:105} INFO - Received message: {
  "type": "event",
  "user_id": 4674,
  "session_id": "c7271f4c-370e-46c8-aefa-4f0dd836cfe7",
  "event_type": "add_to_cart",
  "product_id": 4,
  "product_name": "Samsung TV",
  "product_category": "electronics",
  "order_id": "cf9f4b1c-b8a7-4cea-bd9d-3935df823bb4",
  "quantity": 5,
  "city": "An Nuqat al Khams",
  "country": "Libya",
  "lat": 32.5766085,
  "lon": 11.793982,
  "cost_usd": 806.91,
  "cost_eur": 687.96,
  "cost_rub": 67866.63,
  "weather_temp": 23.61,
  "weather_desc": "clear sky",
  "timestamp": "2025-09-14T20:11:14.878536+00:00"
}
[2025-09-14T20:17:37.649+0000] {dags_utils.py:105} INFO - Received message: {
  "type": "user_profile",
  "user_id": 3855,
  "name": "Joel Green",
  "email": "adamstimothy@example.net",
  "birth_date": "2000-02-12",
  "gender": "female",
  "generated_at": "2025-09-14T20:12:10.576440+00:00"
}
[2025-09-14T20:17:37.650+0000] {dags_utils.py:105} INFO - Received message: {
  "type": "user_device",
  "user_id": 3855,
  "device_type": "mobile",
  "os": "MacOS",
  "browser": "Firefox",
  "generated_at": "2025-09-14T20:12:10.576468+00:00"
}
[2025-09-14T20:17:37.650+0000] {dags_utils.py:105} INFO - Received message: {
  "type": "user_location",
  "user_id": 3855,
  "city": "South Atlantic Ocean",
  "country": null,
  "lat": -15.9237225,
  "lon": -17.377142,
  "weather_temp": 21.44,
  "weather_desc": "few clouds",
  "generated_at": "2025-09-14T20:12:10.576482+00:00"
}
[2025-09-14T20:17:37.650+0000] {dags_utils.py:105} INFO - Received message: {
  "type": "event",
  "user_id": 3855,
  "session_id": "ce894612-5c3d-41bd-8e10-01ea5a957dcd",
  "event_type": "view_product",
  "product_id": 1,
  "product_name": "Redmond \u0424\u0435\u043d",
  "product_category": "electronics",
  "order_id": null,
  "quantity": null,
  "city": "Southern Ocean",
  "country": null,
  "lat": -61.0013955,
  "lon": -126.729292,
  "cost_usd": 597.47,
  "cost_eur": 509.39,
  "cost_rub": 50251.3,
  "weather_temp": 0.68,
  "weather_desc": "overcast clouds",
  "timestamp": "2025-09-14T20:12:11.774748+00:00"
}
[2025-09-14T20:17:37.651+0000] {dags_utils.py:105} INFO - Received message: {
  "type": "event",
  "user_id": 3855,
  "session_id": "e1c7f630-9052-434d-baf3-87c60003a3b9",
  "event_type": "view_product",
  "product_id": 1,
  "product_name": "Redmond \u0424\u0435\u043d",
  "product_category": "electronics",
  "order_id": null,
  "quantity": null,
  "city": "Caribbean Sea",
  "country": null,
  "lat": 16.887553,
  "lon": -81.756634,
  "cost_usd": 521.51,
  "cost_eur": 444.63,
  "cost_rub": 43862.55,
  "weather_temp": 28.78,
  "weather_desc": "overcast clouds",
  "timestamp": "2025-09-14T20:12:12.778587+00:00"
}
[2025-09-14T20:17:37.651+0000] {dags_utils.py:105} INFO - Received message: {
  "type": "user_profile",
  "user_id": 3356,
  "name": "David Graham",
  "email": "dwells@example.com",
  "birth_date": "1974-08-03",
  "gender": "female",
  "generated_at": "2025-09-14T20:13:09.194622+00:00"
}
[2025-09-14T20:17:37.651+0000] {dags_utils.py:105} INFO - Received message: {
  "type": "user_device",
  "user_id": 3356,
  "device_type": "mobile",
  "os": "Linux",
  "browser": "Firefox",
  "generated_at": "2025-09-14T20:13:09.194646+00:00"
}
[2025-09-14T20:17:37.652+0000] {dags_utils.py:105} INFO - Received message: {
  "type": "user_location",
  "user_id": 3356,
  "city": "Arctic Ocean",
  "country": null,
  "lat": 83.770737,
  "lon": -113.369254,
  "weather_temp": -12.79,
  "weather_desc": "overcast clouds",
  "generated_at": "2025-09-14T20:13:09.194657+00:00"
}
[2025-09-14T20:17:37.652+0000] {dags_utils.py:105} INFO - Received message: {
  "type": "event",
  "user_id": 3356,
  "session_id": "b3126496-91d7-4e81-bb7d-2b62c7236cd1",
  "event_type": "view_product",
  "product_id": 2,
  "product_name": "Apple \u041f\u043b\u0430\u043d\u0448\u0435\u0442",
  "product_category": "electronics",
  "order_id": null,
  "quantity": null,
  "city": "Unknown",
  "country": null,
  "lat": -43.939266,
  "lon": 177.070625,
  "cost_usd": 25.53,
  "cost_eur": 21.77,
  "cost_rub": 2147.25,
  "weather_temp": 9.66,
  "weather_desc": "overcast clouds",
  "timestamp": "2025-09-14T20:13:10.004245+00:00"
}
[2025-09-14T20:17:37.652+0000] {dags_utils.py:105} INFO - Received message: {
  "type": "event",
  "user_id": 3356,
  "session_id": "2ec97ed0-244b-4e39-af21-c93e8fb62ec8",
  "event_type": "session_start",
  "product_id": null,
  "product_name": null,
  "product_category": null,
  "order_id": null,
  "quantity": null,
  "city": "Indian Ocean",
  "country": null,
  "lat": -10.838122,
  "lon": 71.748798,
  "cost_usd": 461.91,
  "cost_eur": 393.82,
  "cost_rub": 38849.78,
  "weather_temp": 24.95,
  "weather_desc": "clear sky",
  "timestamp": "2025-09-14T20:13:10.894025+00:00"
}
[2025-09-14T20:17:37.653+0000] {dags_utils.py:105} INFO - Received message: {
  "type": "user_profile",
  "user_id": 4647,
  "name": "Gina Watson",
  "email": "gregory05@example.com",
  "birth_date": "1975-11-21",
  "gender": "other",
  "generated_at": "2025-09-14T20:14:11.956710+00:00"
}
[2025-09-14T20:17:37.653+0000] {dags_utils.py:105} INFO - Received message: {
  "type": "user_device",
  "user_id": 4647,
  "device_type": "mobile",
  "os": "MacOS",
  "browser": "Safari",
  "generated_at": "2025-09-14T20:14:11.956762+00:00"
}
[2025-09-14T20:17:37.653+0000] {dags_utils.py:105} INFO - Received message: {
  "type": "user_location",
  "user_id": 4647,
  "city": "North Atlantic Ocean",
  "country": null,
  "lat": 37.238866,
  "lon": -45.45159,
  "weather_temp": 25.61,
  "weather_desc": "few clouds",
  "generated_at": "2025-09-14T20:14:11.956788+00:00"
}
[2025-09-14T20:17:37.654+0000] {dags_utils.py:105} INFO - Received message: {
  "type": "event",
  "user_id": 4647,
  "session_id": "cb3f1712-7cbd-494a-a0fa-dd4de57b1c33",
  "event_type": "view_product",
  "product_id": 1,
  "product_name": "Redmond \u0424\u0435\u043d",
  "product_category": "electronics",
  "order_id": null,
  "quantity": null,
  "city": "North Pacific Ocean",
  "country": null,
  "lat": 38.982945,
  "lon": 166.097586,
  "cost_usd": 225.72,
  "cost_eur": 192.44,
  "cost_rub": 18984.59,
  "weather_temp": 23.51,
  "weather_desc": "overcast clouds",
  "timestamp": "2025-09-14T20:14:12.952331+00:00"
}
[2025-09-14T20:17:37.654+0000] {dags_utils.py:105} INFO - Received message: {
  "type": "event",
  "user_id": 4647,
  "session_id": "3321a47b-95b0-42c7-a5c8-02cdc5a595b6",
  "event_type": "view_product",
  "product_id": 10,
  "product_name": "\u0414\u0436\u0435\u043d\u0433\u0430 \u043d\u0430\u0441\u0442\u043e\u043b\u044c\u043d\u0430\u044f \u0438\u0433\u0440\u0430",
  "product_category": "toys",
  "order_id": null,
  "quantity": null,
  "city": "North Pacific Ocean",
  "country": null,
  "lat": 5.10667,
  "lon": -173.288753,
  "cost_usd": 217.62,
  "cost_eur": 185.54,
  "cost_rub": 18303.33,
  "weather_temp": 26.36,
  "weather_desc": "broken clouds",
  "timestamp": "2025-09-14T20:14:13.877268+00:00"
}
[2025-09-14T20:17:37.655+0000] {dags_utils.py:105} INFO - Received message: {
  "type": "user_profile",
  "user_id": 688,
  "name": "William Hutchinson",
  "email": "jessica84@example.org",
  "birth_date": "2002-12-26",
  "gender": "other",
  "generated_at": "2025-09-14T20:15:14.910477+00:00"
}
[2025-09-14T20:17:37.655+0000] {dags_utils.py:105} INFO - Received message: {
  "type": "user_device",
  "user_id": 688,
  "device_type": "mobile",
  "os": "Android",
  "browser": "Firefox",
  "generated_at": "2025-09-14T20:15:14.910513+00:00"
}
[2025-09-14T20:17:37.655+0000] {dags_utils.py:105} INFO - Received message: {
  "type": "user_location",
  "user_id": 688,
  "city": "North Pacific Ocean",
  "country": null,
  "lat": 23.0182335,
  "lon": -179.37831,
  "weather_temp": 27.58,
  "weather_desc": "few clouds",
  "generated_at": "2025-09-14T20:15:14.910536+00:00"
}
[2025-09-14T20:17:37.655+0000] {dags_utils.py:105} INFO - Received message: {
  "type": "event",
  "user_id": 688,
  "session_id": "e19ad581-9fbe-4f9e-a29b-e89da2295933",
  "event_type": "purchase",
  "product_id": 3,
  "product_name": "Nike \u041a\u0440\u043e\u0441\u043e\u0432\u043a\u0438",
  "product_category": "clothing",
  "order_id": "2257b92b-0ec6-434a-8e5c-d9e8ce91f63c",
  "quantity": 1,
  "city": "South Pacific Ocean",
  "country": null,
  "lat": -2.2615635,
  "lon": -158.945498,
  "cost_usd": 900.25,
  "cost_eur": 767.54,
  "cost_rub": 75717.16,
  "weather_temp": 26.26,
  "weather_desc": "scattered clouds",
  "timestamp": "2025-09-14T20:15:15.830253+00:00"
}
[2025-09-14T20:17:37.656+0000] {dags_utils.py:105} INFO - Received message: {
  "type": "order",
  "order_id": "2257b92b-0ec6-434a-8e5c-d9e8ce91f63c",
  "user_id": 688,
  "order_ts": "2025-09-14T20:15:15.836410+00:00",
  "total_usd": 260.9,
  "generated_at": "2025-09-14T20:15:15.836444+00:00"
}
[2025-09-14T20:17:37.656+0000] {dags_utils.py:105} INFO - Received message: {
  "type": "order_item",
  "order_id": "2257b92b-0ec6-434a-8e5c-d9e8ce91f63c",
  "product_id": 3,
  "quantity": 1,
  "price_usd": 260.9,
  "generated_at": "2025-09-14T20:15:15.836453+00:00"
}
[2025-09-14T20:17:37.656+0000] {dags_utils.py:105} INFO - Received message: {
  "type": "event",
  "user_id": 688,
  "session_id": "4f65009b-371c-46d7-a911-fe572003768f",
  "event_type": "view_product",
  "product_id": 5,
  "product_name": "Levi's Jeans",
  "product_category": "clothing",
  "order_id": null,
  "quantity": null,
  "city": "Baffin Bay",
  "country": null,
  "lat": 71.908032,
  "lon": -57.196739,
  "cost_usd": 998.8,
  "cost_eur": 851.56,
  "cost_rub": 84005.89,
  "weather_temp": 2.66,
  "weather_desc": "overcast clouds",
  "timestamp": "2025-09-14T20:15:17.222134+00:00"
}
[2025-09-14T20:17:37.657+0000] {dags_utils.py:105} INFO - Received message: {
  "type": "user_profile",
  "user_id": 3218,
  "name": "Margaret Morrison",
  "email": "lsmith@example.org",
  "birth_date": "1961-06-20",
  "gender": "male",
  "generated_at": "2025-09-14T20:16:10.301467+00:00"
}
[2025-09-14T20:17:37.657+0000] {dags_utils.py:105} INFO - Received message: {
  "type": "user_device",
  "user_id": 3218,
  "device_type": "tablet",
  "os": "Linux",
  "browser": "Safari",
  "generated_at": "2025-09-14T20:16:10.301540+00:00"
}
[2025-09-14T20:17:37.657+0000] {dags_utils.py:105} INFO - Received message: {
  "type": "user_location",
  "user_id": 3218,
  "city": "North Pacific Ocean",
  "country": null,
  "lat": 3.1792225,
  "lon": 157.780479,
  "weather_temp": 29.66,
  "weather_desc": "overcast clouds",
  "generated_at": "2025-09-14T20:16:10.301565+00:00"
}
[2025-09-14T20:17:37.657+0000] {dags_utils.py:105} INFO - Received message: {
  "type": "event",
  "user_id": 3218,
  "session_id": "13325fe8-b409-40ef-8637-1186e50229db",
  "event_type": "view_product",
  "product_id": 10,
  "product_name": "\u0414\u0436\u0435\u043d\u0433\u0430 \u043d\u0430\u0441\u0442\u043e\u043b\u044c\u043d\u0430\u044f \u0438\u0433\u0440\u0430",
  "product_category": "toys",
  "order_id": null,
  "quantity": null,
  "city": "Roshtqal'a",
  "country": "Tajikistan",
  "lat": 37.1778145,
  "lon": 72.032269,
  "cost_usd": 332.76,
  "cost_eur": 283.7,
  "cost_rub": 27987.38,
  "weather_temp": 11.05,
  "weather_desc": "clear sky",
  "timestamp": "2025-09-14T20:16:11.429968+00:00"
}
[2025-09-14T20:17:37.658+0000] {dags_utils.py:105} INFO - Received message: {
  "type": "event",
  "user_id": 3218,
  "session_id": "21dc20a6-0b65-4292-8e3a-092c77683c9f",
  "event_type": "purchase",
  "product_id": 3,
  "product_name": "Nike \u041a\u0440\u043e\u0441\u043e\u0432\u043a\u0438",
  "product_category": "clothing",
  "order_id": "532aa964-9f9a-4493-a2f6-105de36f5b45",
  "quantity": 4,
  "city": "Antarctica",
  "country": "Antarctica",
  "lat": -85.4486325,
  "lon": 99.30296,
  "cost_usd": 946.65,
  "cost_eur": 807.1,
  "cost_rub": 79619.72,
  "weather_temp": -49.67,
  "weather_desc": "overcast clouds",
  "timestamp": "2025-09-14T20:16:12.548972+00:00"
}
[2025-09-14T20:17:37.658+0000] {dags_utils.py:105} INFO - Received message: {
  "type": "order",
  "order_id": "532aa964-9f9a-4493-a2f6-105de36f5b45",
  "user_id": 3218,
  "order_ts": "2025-09-14T20:16:12.560501+00:00",
  "total_usd": 1043.6,
  "generated_at": "2025-09-14T20:16:12.560548+00:00"
}
[2025-09-14T20:17:37.658+0000] {dags_utils.py:105} INFO - Received message: {
  "type": "order_item",
  "order_id": "532aa964-9f9a-4493-a2f6-105de36f5b45",
  "product_id": 3,
  "quantity": 4,
  "price_usd": 260.9,
  "generated_at": "2025-09-14T20:16:12.560560+00:00"
}
[2025-09-14T20:17:37.659+0000] {dags_utils.py:105} INFO - Received message: {
  "type": "user_profile",
  "user_id": 3376,
  "name": "Richard Greene",
  "email": "aarongibson@example.net",
  "birth_date": "1991-10-20",
  "gender": "male",
  "generated_at": "2025-09-14T20:17:09.776557+00:00"
}
[2025-09-14T20:17:37.659+0000] {dags_utils.py:105} INFO - Received message: {
  "type": "user_device",
  "user_id": 3376,
  "device_type": "tablet",
  "os": "Windows",
  "browser": "Chrome",
  "generated_at": "2025-09-14T20:17:09.776612+00:00"
}
[2025-09-14T20:17:37.660+0000] {dags_utils.py:105} INFO - Received message: {
  "type": "user_location",
  "user_id": 3376,
  "city": "Indian Ocean",
  "country": null,
  "lat": -1.947157,
  "lon": 58.562352,
  "weather_temp": 26.44,
  "weather_desc": "clear sky",
  "generated_at": "2025-09-14T20:17:09.776628+00:00"
}
[2025-09-14T20:17:37.660+0000] {dags_utils.py:105} INFO - Received message: {
  "type": "event",
  "user_id": 3376,
  "session_id": "184248f2-5ebc-4b9c-be8a-e8d23baa0aab",
  "event_type": "purchase",
  "product_id": 6,
  "product_name": "\u041c\u0430\u0441\u0442\u0435\u0440 \u0438 \u041c\u0430\u0440\u0433\u0430\u0440\u0438\u0442\u0430 \u043a\u043d\u0438\u0433\u0430",
  "product_category": "books",
  "order_id": "4664ed60-92b4-473a-877f-a5ed9ee07daa",
  "quantity": 1,
  "city": "Unknown",
  "country": null,
  "lat": 26.870026,
  "lon": 159.535554,
  "cost_usd": 2.33,
  "cost_eur": 1.99,
  "cost_rub": 195.97,
  "weather_temp": 28.49,
  "weather_desc": "light rain",
  "timestamp": "2025-09-14T20:17:10.799916+00:00"
}
[2025-09-14T20:17:37.661+0000] {dags_utils.py:105} INFO - Received message: {
  "type": "order",
  "order_id": "4664ed60-92b4-473a-877f-a5ed9ee07daa",
  "user_id": 3376,
  "order_ts": "2025-09-14T20:17:10.800540+00:00",
  "total_usd": 10.12,
  "generated_at": "2025-09-14T20:17:10.800554+00:00"
}
[2025-09-14T20:17:37.661+0000] {dags_utils.py:105} INFO - Received message: {
  "type": "order_item",
  "order_id": "4664ed60-92b4-473a-877f-a5ed9ee07daa",
  "product_id": 6,
  "quantity": 1,
  "price_usd": 10.12,
  "generated_at": "2025-09-14T20:17:10.800557+00:00"
}
[2025-09-14T20:17:37.662+0000] {dags_utils.py:105} INFO - Received message: {
  "type": "event",
  "user_id": 3376,
  "session_id": "d84f3e8f-0678-4f87-897f-20b5dd1fae6c",
  "event_type": "view_product",
  "product_id": 4,
  "product_name": "Samsung TV",
  "product_category": "electronics",
  "order_id": null,
  "quantity": null,
  "city": "Lahaul and Spiti",
  "country": "India",
  "lat": 32.706643,
  "lon": 77.259487,
  "cost_usd": 233.09,
  "cost_eur": 198.73,
  "cost_rub": 19604.46,
  "weather_temp": 13.18,
  "weather_desc": "overcast clouds",
  "timestamp": "2025-09-14T20:17:11.669545+00:00"
}
[2025-09-14T20:18:07.677+0000] {dags_utils.py:178} INFO - [SUCCESS] Consumer finished and flushed buffers
[2025-09-14T20:18:07.683+0000] {base.py:1052} INFO - Stopping heartbeat thread
[2025-09-14T20:18:07.684+0000] {base.py:891} INFO - Leaving consumer group (***_batch_consumer).
[2025-09-14T20:18:07.725+0000] {base.py:907} INFO - LeaveGroup request for group ***_batch_consumer returned successfully
[2025-09-14T20:18:07.726+0000] {conn.py:945} INFO - <BrokerConnection client_id=kafka-python-2.2.15, node_id=1 host=kafka:29092 <connected> [IPv4 ('172.23.0.2', 29092)]>: Closing connection. 
[2025-09-14T20:18:07.728+0000] {fetcher.py:786} INFO - Fetch to node 1 failed: Cancelled: <BrokerConnection client_id=kafka-python-2.2.15, node_id=1 host=kafka:29092 <connected> [IPv4 ('172.23.0.2', 29092)]>
[2025-09-14T20:18:07.728+0000] {conn.py:945} INFO - <BrokerConnection client_id=kafka-python-2.2.15, node_id=coordinator-1 host=kafka:29092 <connected> [IPv4 ('172.23.0.2', 29092)]>: Closing connection. 
[2025-09-14T20:18:07.730+0000] {python.py:183} INFO - Done. Returned value was: None
[2025-09-14T20:18:07.764+0000] {taskinstance.py:1350} INFO - Marking task as SUCCESS. dag_id=kafka_to_postgres_batch, task_id=consume_and_save_batch, execution_date=20250914T194721, start_date=20250914T201733, end_date=20250914T201807
[2025-09-14T20:18:07.767+0000] {logging_mixin.py:150} WARNING - /home/***/.local/lib/python3.7/site-packages/***/utils/context.py:205 AirflowContextDeprecationWarning: Accessing 'execution_date' from the template is deprecated and will be removed in a future version. Please use 'data_interval_start' or 'logical_date' instead.
[2025-09-14T20:18:08.142+0000] {local_task_job_runner.py:225} INFO - Task exited with return code 0
[2025-09-14T20:18:08.174+0000] {taskinstance.py:2653} INFO - 0 downstream tasks scheduled from follow-on schedule check
