[2025-09-02T20:34:42.274+0000] {logging_mixin.py:150} WARNING - /home/***/.local/lib/python3.7/site-packages/***/utils/sqlalchemy.py:124 DeprecationWarning: The sql_alchemy_conn option in [core] has been moved to the sql_alchemy_conn option in [database] - the old setting has been used, but please update your config.
[2025-09-02T20:34:44.306+0000] {taskinstance.py:1103} INFO - Dependencies all met for dep_context=non-requeueable deps ti=<TaskInstance: kafka_to_postgres.consume_and_save scheduled__2025-09-02T20:25:00+00:00 [queued]>
[2025-09-02T20:34:44.907+0000] {taskinstance.py:1103} INFO - Dependencies all met for dep_context=requeueable deps ti=<TaskInstance: kafka_to_postgres.consume_and_save scheduled__2025-09-02T20:25:00+00:00 [queued]>
[2025-09-02T20:34:44.911+0000] {taskinstance.py:1308} INFO - Starting attempt 1 of 3
[2025-09-02T20:34:46.775+0000] {taskinstance.py:1327} INFO - Executing <Task(PythonOperator): consume_and_save> on 2025-09-02 20:25:00+00:00
[2025-09-02T20:34:48.321+0000] {standard_task_runner.py:57} INFO - Started process 210 to run task
[2025-09-02T20:34:48.907+0000] {standard_task_runner.py:84} INFO - Running: ['***', 'tasks', 'run', 'kafka_to_postgres', 'consume_and_save', 'scheduled__2025-09-02T20:25:00+00:00', '--job-id', '88', '--raw', '--subdir', 'DAGS_FOLDER/dags.py', '--cfg-path', '/tmp/tmpa2gdtrjz']
[2025-09-02T20:34:49.255+0000] {standard_task_runner.py:85} INFO - Job 88: Subtask consume_and_save
[2025-09-02T20:34:50.339+0000] {logging_mixin.py:150} WARNING - /home/***/.local/lib/python3.7/site-packages/***/settings.py:195 DeprecationWarning: The sql_alchemy_conn option in [core] has been moved to the sql_alchemy_conn option in [database] - the old setting has been used, but please update your config.
[2025-09-02T20:34:53.626+0000] {task_command.py:410} INFO - Running <TaskInstance: kafka_to_postgres.consume_and_save scheduled__2025-09-02T20:25:00+00:00 [running]> on host 5646b9718ecc
[2025-09-02T20:34:54.311+0000] {logging_mixin.py:150} WARNING - /home/***/.local/lib/python3.7/site-packages/***/utils/sqlalchemy.py:124 DeprecationWarning: The sql_alchemy_conn option in [core] has been moved to the sql_alchemy_conn option in [database] - the old setting has been used, but please update your config.
[2025-09-02T20:34:58.701+0000] {taskinstance.py:1547} INFO - Exporting env vars: AIRFLOW_CTX_DAG_OWNER='***' AIRFLOW_CTX_DAG_ID='kafka_to_postgres' AIRFLOW_CTX_TASK_ID='consume_and_save' AIRFLOW_CTX_EXECUTION_DATE='2025-09-02T20:25:00+00:00' AIRFLOW_CTX_TRY_NUMBER='1' AIRFLOW_CTX_DAG_RUN_ID='scheduled__2025-09-02T20:25:00+00:00'
[2025-09-02T20:35:00.139+0000] {conn.py:397} INFO - <BrokerConnection client_id=kafka-python-2.2.15, node_id=bootstrap-0 host=kafka:9092 <connecting> [IPv4 ('172.23.0.5', 9092)]>: connecting to kafka:9092 [('172.23.0.5', 9092) IPv4]
[2025-09-02T20:35:01.578+0000] {taskinstance.py:1824} ERROR - Task failed with exception
Traceback (most recent call last):
  File "/home/airflow/.local/lib/python3.7/site-packages/airflow/operators/python.py", line 181, in execute
    return_value = self.execute_callable()
  File "/home/airflow/.local/lib/python3.7/site-packages/airflow/operators/python.py", line 198, in execute_callable
    return self.python_callable(*self.op_args, **self.op_kwargs)
  File "/opt/airflow/dags/dags_utils.py", line 27, in consume_and_save
    group_id="airflow_consumer"
  File "/home/airflow/.local/lib/python3.7/site-packages/kafka/consumer/group.py", line 387, in __init__
    self._client = self.config['kafka_client'](metrics=self._metrics, **self.config)
  File "/home/airflow/.local/lib/python3.7/site-packages/kafka/client_async.py", line 262, in __init__
    self.config['api_version'] = self.check_version()
  File "/home/airflow/.local/lib/python3.7/site-packages/kafka/client_async.py", line 1074, in check_version
    raise Errors.NoBrokersAvailable()
kafka.errors.NoBrokersAvailable: NoBrokersAvailable
[2025-09-02T20:35:03.165+0000] {taskinstance.py:1350} INFO - Marking task as UP_FOR_RETRY. dag_id=kafka_to_postgres, task_id=consume_and_save, execution_date=20250902T202500, start_date=20250902T203444, end_date=20250902T203503
[2025-09-02T20:35:04.639+0000] {standard_task_runner.py:109} ERROR - Failed to execute job 88 for task consume_and_save (NoBrokersAvailable; 210)
[2025-09-02T20:35:05.909+0000] {local_task_job_runner.py:225} INFO - Task exited with return code 1
[2025-09-02T20:35:07.451+0000] {taskinstance.py:2653} INFO - 0 downstream tasks scheduled from follow-on schedule check
