[2025-09-01T15:37:11.833+0000] {logging_mixin.py:150} WARNING - /home/***/.local/lib/python3.7/site-packages/***/utils/sqlalchemy.py:124 DeprecationWarning: The sql_alchemy_conn option in [core] has been moved to the sql_alchemy_conn option in [database] - the old setting has been used, but please update your config.
[2025-09-01T15:37:12.004+0000] {taskinstance.py:1103} INFO - Dependencies all met for dep_context=non-requeueable deps ti=<TaskInstance: kafka_to_postgres.consume_and_save scheduled__2025-09-01T14:05:00+00:00 [queued]>
[2025-09-01T15:37:12.041+0000] {taskinstance.py:1103} INFO - Dependencies all met for dep_context=requeueable deps ti=<TaskInstance: kafka_to_postgres.consume_and_save scheduled__2025-09-01T14:05:00+00:00 [queued]>
[2025-09-01T15:37:12.055+0000] {taskinstance.py:1308} INFO - Starting attempt 2 of 3
[2025-09-01T15:37:12.371+0000] {taskinstance.py:1327} INFO - Executing <Task(PythonOperator): consume_and_save> on 2025-09-01 14:05:00+00:00
[2025-09-01T15:37:12.636+0000] {standard_task_runner.py:57} INFO - Started process 198 to run task
[2025-09-01T15:37:13.604+0000] {standard_task_runner.py:84} INFO - Running: ['***', 'tasks', 'run', 'kafka_to_postgres', 'consume_and_save', 'scheduled__2025-09-01T14:05:00+00:00', '--job-id', '64', '--raw', '--subdir', 'DAGS_FOLDER/dags.py', '--cfg-path', '/tmp/tmptw58xdfr']
[2025-09-01T15:37:14.097+0000] {standard_task_runner.py:85} INFO - Job 64: Subtask consume_and_save
[2025-09-01T15:37:16.156+0000] {logging_mixin.py:150} WARNING - /home/***/.local/lib/python3.7/site-packages/***/settings.py:195 DeprecationWarning: The sql_alchemy_conn option in [core] has been moved to the sql_alchemy_conn option in [database] - the old setting has been used, but please update your config.
[2025-09-01T15:37:19.388+0000] {task_command.py:410} INFO - Running <TaskInstance: kafka_to_postgres.consume_and_save scheduled__2025-09-01T14:05:00+00:00 [running]> on host 5646b9718ecc
[2025-09-01T15:37:19.886+0000] {logging_mixin.py:150} WARNING - /home/***/.local/lib/python3.7/site-packages/***/utils/sqlalchemy.py:124 DeprecationWarning: The sql_alchemy_conn option in [core] has been moved to the sql_alchemy_conn option in [database] - the old setting has been used, but please update your config.
[2025-09-01T15:37:24.075+0000] {taskinstance.py:1547} INFO - Exporting env vars: AIRFLOW_CTX_DAG_OWNER='***' AIRFLOW_CTX_DAG_ID='kafka_to_postgres' AIRFLOW_CTX_TASK_ID='consume_and_save' AIRFLOW_CTX_EXECUTION_DATE='2025-09-01T14:05:00+00:00' AIRFLOW_CTX_TRY_NUMBER='2' AIRFLOW_CTX_DAG_RUN_ID='scheduled__2025-09-01T14:05:00+00:00'
[2025-09-01T15:37:32.769+0000] {conn.py:1521} WARNING - DNS lookup failed for kafka:9092, exception was [Errno -3] Temporary failure in name resolution. Is your advertised.listeners (called advertised.host.name before Kafka 9) correct and resolvable?
[2025-09-01T15:37:32.931+0000] {conn.py:324} ERROR - <BrokerConnection client_id=kafka-python-2.2.15, node_id=bootstrap-0 host=kafka:9092 <connecting> [unspecified None]>: DNS lookup failed for kafka:9092 (AddressFamily.AF_UNSPEC)
[2025-09-01T15:37:33.150+0000] {conn.py:945} ERROR - <BrokerConnection client_id=kafka-python-2.2.15, node_id=bootstrap-0 host=kafka:9092 <connecting> [unspecified None]>: Closing connection. KafkaConnectionError: DNS failure
[2025-09-01T15:37:34.516+0000] {taskinstance.py:1824} ERROR - Task failed with exception
Traceback (most recent call last):
  File "/home/airflow/.local/lib/python3.7/site-packages/airflow/operators/python.py", line 181, in execute
    return_value = self.execute_callable()
  File "/home/airflow/.local/lib/python3.7/site-packages/airflow/operators/python.py", line 198, in execute_callable
    return self.python_callable(*self.op_args, **self.op_kwargs)
  File "/opt/airflow/dags/dags_utils.py", line 27, in consume_and_save
    group_id="airflow_consumer"
  File "/home/airflow/.local/lib/python3.7/site-packages/kafka/consumer/group.py", line 387, in __init__
    self._client = self.config['kafka_client'](metrics=self._metrics, **self.config)
  File "/home/airflow/.local/lib/python3.7/site-packages/kafka/client_async.py", line 262, in __init__
    self.config['api_version'] = self.check_version()
  File "/home/airflow/.local/lib/python3.7/site-packages/kafka/client_async.py", line 1074, in check_version
    raise Errors.NoBrokersAvailable()
kafka.errors.NoBrokersAvailable: NoBrokersAvailable
[2025-09-01T15:37:37.109+0000] {taskinstance.py:1350} INFO - Marking task as UP_FOR_RETRY. dag_id=kafka_to_postgres, task_id=consume_and_save, execution_date=20250901T140500, start_date=20250901T153712, end_date=20250901T153737
[2025-09-01T15:37:41.805+0000] {standard_task_runner.py:109} ERROR - Failed to execute job 64 for task consume_and_save (NoBrokersAvailable; 198)
[2025-09-01T15:37:43.302+0000] {local_task_job_runner.py:225} INFO - Task exited with return code 1
[2025-09-01T15:37:44.848+0000] {taskinstance.py:2653} INFO - 0 downstream tasks scheduled from follow-on schedule check
