[2025-09-17T07:30:47.899+0000] {processor.py:157} INFO - Started process (PID=214) to work on /opt/airflow/dags/telegram_alerts.py
[2025-09-17T07:30:47.902+0000] {processor.py:826} INFO - Processing file /opt/airflow/dags/telegram_alerts.py for tasks to queue
[2025-09-17T07:30:47.906+0000] {logging_mixin.py:150} INFO - [2025-09-17T07:30:47.905+0000] {dagbag.py:541} INFO - Filling up the DagBag from /opt/airflow/dags/telegram_alerts.py
[2025-09-17T07:30:47.929+0000] {processor.py:838} WARNING - No viable dags retrieved from /opt/airflow/dags/telegram_alerts.py
[2025-09-17T07:30:47.976+0000] {processor.py:179} INFO - Processing /opt/airflow/dags/telegram_alerts.py took 0.084 seconds
[2025-09-17T07:31:35.722+0000] {processor.py:157} INFO - Started process (PID=328) to work on /opt/airflow/dags/telegram_alerts.py
[2025-09-17T07:31:35.725+0000] {processor.py:826} INFO - Processing file /opt/airflow/dags/telegram_alerts.py for tasks to queue
[2025-09-17T07:31:35.728+0000] {logging_mixin.py:150} INFO - [2025-09-17T07:31:35.727+0000] {dagbag.py:541} INFO - Filling up the DagBag from /opt/airflow/dags/telegram_alerts.py
[2025-09-17T07:31:35.763+0000] {processor.py:838} WARNING - No viable dags retrieved from /opt/airflow/dags/telegram_alerts.py
[2025-09-17T07:31:35.855+0000] {processor.py:179} INFO - Processing /opt/airflow/dags/telegram_alerts.py took 0.161 seconds
[2025-09-17T07:32:17.533+0000] {processor.py:157} INFO - Started process (PID=492) to work on /opt/airflow/dags/telegram_alerts.py
[2025-09-17T07:32:17.536+0000] {processor.py:826} INFO - Processing file /opt/airflow/dags/telegram_alerts.py for tasks to queue
[2025-09-17T07:32:17.539+0000] {logging_mixin.py:150} INFO - [2025-09-17T07:32:17.538+0000] {dagbag.py:541} INFO - Filling up the DagBag from /opt/airflow/dags/telegram_alerts.py
[2025-09-17T07:32:17.556+0000] {processor.py:838} WARNING - No viable dags retrieved from /opt/airflow/dags/telegram_alerts.py
[2025-09-17T07:32:17.594+0000] {processor.py:179} INFO - Processing /opt/airflow/dags/telegram_alerts.py took 0.069 seconds
[2025-09-17T07:32:51.766+0000] {processor.py:157} INFO - Started process (PID=575) to work on /opt/airflow/dags/telegram_alerts.py
[2025-09-17T07:32:51.767+0000] {processor.py:826} INFO - Processing file /opt/airflow/dags/telegram_alerts.py for tasks to queue
[2025-09-17T07:32:51.769+0000] {logging_mixin.py:150} INFO - [2025-09-17T07:32:51.769+0000] {dagbag.py:541} INFO - Filling up the DagBag from /opt/airflow/dags/telegram_alerts.py
[2025-09-17T07:32:51.789+0000] {processor.py:838} WARNING - No viable dags retrieved from /opt/airflow/dags/telegram_alerts.py
[2025-09-17T07:32:51.832+0000] {processor.py:179} INFO - Processing /opt/airflow/dags/telegram_alerts.py took 0.074 seconds
[2025-09-17T07:33:29.318+0000] {processor.py:157} INFO - Started process (PID=629) to work on /opt/airflow/dags/telegram_alerts.py
[2025-09-17T07:33:29.323+0000] {processor.py:826} INFO - Processing file /opt/airflow/dags/telegram_alerts.py for tasks to queue
[2025-09-17T07:33:29.326+0000] {logging_mixin.py:150} INFO - [2025-09-17T07:33:29.326+0000] {dagbag.py:541} INFO - Filling up the DagBag from /opt/airflow/dags/telegram_alerts.py
[2025-09-17T07:33:29.404+0000] {processor.py:838} WARNING - No viable dags retrieved from /opt/airflow/dags/telegram_alerts.py
[2025-09-17T07:33:29.490+0000] {processor.py:179} INFO - Processing /opt/airflow/dags/telegram_alerts.py took 0.190 seconds
[2025-09-17T07:33:59.866+0000] {processor.py:157} INFO - Started process (PID=675) to work on /opt/airflow/dags/telegram_alerts.py
[2025-09-17T07:33:59.868+0000] {processor.py:826} INFO - Processing file /opt/airflow/dags/telegram_alerts.py for tasks to queue
[2025-09-17T07:33:59.869+0000] {logging_mixin.py:150} INFO - [2025-09-17T07:33:59.869+0000] {dagbag.py:541} INFO - Filling up the DagBag from /opt/airflow/dags/telegram_alerts.py
[2025-09-17T07:33:59.881+0000] {processor.py:838} WARNING - No viable dags retrieved from /opt/airflow/dags/telegram_alerts.py
[2025-09-17T07:33:59.905+0000] {processor.py:179} INFO - Processing /opt/airflow/dags/telegram_alerts.py took 0.044 seconds
[2025-09-17T07:34:45.032+0000] {processor.py:157} INFO - Started process (PID=724) to work on /opt/airflow/dags/telegram_alerts.py
[2025-09-17T07:34:45.034+0000] {processor.py:826} INFO - Processing file /opt/airflow/dags/telegram_alerts.py for tasks to queue
[2025-09-17T07:34:45.037+0000] {logging_mixin.py:150} INFO - [2025-09-17T07:34:45.036+0000] {dagbag.py:541} INFO - Filling up the DagBag from /opt/airflow/dags/telegram_alerts.py
[2025-09-17T07:34:45.062+0000] {processor.py:838} WARNING - No viable dags retrieved from /opt/airflow/dags/telegram_alerts.py
[2025-09-17T07:34:45.123+0000] {processor.py:179} INFO - Processing /opt/airflow/dags/telegram_alerts.py took 0.100 seconds
[2025-09-17T07:35:15.360+0000] {processor.py:157} INFO - Started process (PID=765) to work on /opt/airflow/dags/telegram_alerts.py
[2025-09-17T07:35:15.363+0000] {processor.py:826} INFO - Processing file /opt/airflow/dags/telegram_alerts.py for tasks to queue
[2025-09-17T07:35:15.365+0000] {logging_mixin.py:150} INFO - [2025-09-17T07:35:15.364+0000] {dagbag.py:541} INFO - Filling up the DagBag from /opt/airflow/dags/telegram_alerts.py
[2025-09-17T07:35:15.385+0000] {processor.py:838} WARNING - No viable dags retrieved from /opt/airflow/dags/telegram_alerts.py
[2025-09-17T07:35:15.427+0000] {processor.py:179} INFO - Processing /opt/airflow/dags/telegram_alerts.py took 0.075 seconds
[2025-09-17T07:35:48.302+0000] {processor.py:157} INFO - Started process (PID=821) to work on /opt/airflow/dags/telegram_alerts.py
[2025-09-17T07:35:48.305+0000] {processor.py:826} INFO - Processing file /opt/airflow/dags/telegram_alerts.py for tasks to queue
[2025-09-17T07:35:48.306+0000] {logging_mixin.py:150} INFO - [2025-09-17T07:35:48.306+0000] {dagbag.py:541} INFO - Filling up the DagBag from /opt/airflow/dags/telegram_alerts.py
[2025-09-17T07:35:48.321+0000] {processor.py:838} WARNING - No viable dags retrieved from /opt/airflow/dags/telegram_alerts.py
[2025-09-17T07:35:48.363+0000] {processor.py:179} INFO - Processing /opt/airflow/dags/telegram_alerts.py took 0.067 seconds
[2025-09-17T07:36:22.796+0000] {processor.py:157} INFO - Started process (PID=873) to work on /opt/airflow/dags/telegram_alerts.py
[2025-09-17T07:36:22.822+0000] {processor.py:826} INFO - Processing file /opt/airflow/dags/telegram_alerts.py for tasks to queue
[2025-09-17T07:36:22.827+0000] {logging_mixin.py:150} INFO - [2025-09-17T07:36:22.826+0000] {dagbag.py:541} INFO - Filling up the DagBag from /opt/airflow/dags/telegram_alerts.py
[2025-09-17T07:36:22.867+0000] {processor.py:838} WARNING - No viable dags retrieved from /opt/airflow/dags/telegram_alerts.py
[2025-09-17T07:36:22.929+0000] {processor.py:179} INFO - Processing /opt/airflow/dags/telegram_alerts.py took 0.152 seconds
[2025-09-17T07:36:54.794+0000] {processor.py:157} INFO - Started process (PID=927) to work on /opt/airflow/dags/telegram_alerts.py
[2025-09-17T07:36:54.796+0000] {processor.py:826} INFO - Processing file /opt/airflow/dags/telegram_alerts.py for tasks to queue
[2025-09-17T07:36:54.798+0000] {logging_mixin.py:150} INFO - [2025-09-17T07:36:54.797+0000] {dagbag.py:541} INFO - Filling up the DagBag from /opt/airflow/dags/telegram_alerts.py
[2025-09-17T07:36:54.812+0000] {processor.py:838} WARNING - No viable dags retrieved from /opt/airflow/dags/telegram_alerts.py
[2025-09-17T07:36:54.850+0000] {processor.py:179} INFO - Processing /opt/airflow/dags/telegram_alerts.py took 0.062 seconds
[2025-09-17T07:37:29.279+0000] {processor.py:157} INFO - Started process (PID=981) to work on /opt/airflow/dags/telegram_alerts.py
[2025-09-17T07:37:29.283+0000] {processor.py:826} INFO - Processing file /opt/airflow/dags/telegram_alerts.py for tasks to queue
[2025-09-17T07:37:29.284+0000] {logging_mixin.py:150} INFO - [2025-09-17T07:37:29.284+0000] {dagbag.py:541} INFO - Filling up the DagBag from /opt/airflow/dags/telegram_alerts.py
[2025-09-17T07:37:29.295+0000] {processor.py:838} WARNING - No viable dags retrieved from /opt/airflow/dags/telegram_alerts.py
[2025-09-17T07:37:29.384+0000] {processor.py:179} INFO - Processing /opt/airflow/dags/telegram_alerts.py took 0.110 seconds
[2025-09-17T07:37:59.790+0000] {processor.py:157} INFO - Started process (PID=1022) to work on /opt/airflow/dags/telegram_alerts.py
[2025-09-17T07:37:59.792+0000] {processor.py:826} INFO - Processing file /opt/airflow/dags/telegram_alerts.py for tasks to queue
[2025-09-17T07:37:59.793+0000] {logging_mixin.py:150} INFO - [2025-09-17T07:37:59.793+0000] {dagbag.py:541} INFO - Filling up the DagBag from /opt/airflow/dags/telegram_alerts.py
[2025-09-17T07:37:59.811+0000] {processor.py:838} WARNING - No viable dags retrieved from /opt/airflow/dags/telegram_alerts.py
[2025-09-17T07:37:59.869+0000] {processor.py:179} INFO - Processing /opt/airflow/dags/telegram_alerts.py took 0.087 seconds
[2025-09-17T07:38:30.280+0000] {processor.py:157} INFO - Started process (PID=1073) to work on /opt/airflow/dags/telegram_alerts.py
[2025-09-17T07:38:30.283+0000] {processor.py:826} INFO - Processing file /opt/airflow/dags/telegram_alerts.py for tasks to queue
[2025-09-17T07:38:30.286+0000] {logging_mixin.py:150} INFO - [2025-09-17T07:38:30.286+0000] {dagbag.py:541} INFO - Filling up the DagBag from /opt/airflow/dags/telegram_alerts.py
[2025-09-17T07:38:30.311+0000] {processor.py:838} WARNING - No viable dags retrieved from /opt/airflow/dags/telegram_alerts.py
[2025-09-17T07:38:30.356+0000] {processor.py:179} INFO - Processing /opt/airflow/dags/telegram_alerts.py took 0.086 seconds
[2025-09-17T07:39:01.391+0000] {processor.py:157} INFO - Started process (PID=1127) to work on /opt/airflow/dags/telegram_alerts.py
[2025-09-17T07:39:01.397+0000] {processor.py:826} INFO - Processing file /opt/airflow/dags/telegram_alerts.py for tasks to queue
[2025-09-17T07:39:01.405+0000] {logging_mixin.py:150} INFO - [2025-09-17T07:39:01.404+0000] {dagbag.py:541} INFO - Filling up the DagBag from /opt/airflow/dags/telegram_alerts.py
[2025-09-17T07:39:01.582+0000] {processor.py:838} WARNING - No viable dags retrieved from /opt/airflow/dags/telegram_alerts.py
[2025-09-17T07:39:01.691+0000] {processor.py:179} INFO - Processing /opt/airflow/dags/telegram_alerts.py took 0.319 seconds
[2025-09-17T07:39:43.472+0000] {processor.py:157} INFO - Started process (PID=1181) to work on /opt/airflow/dags/telegram_alerts.py
[2025-09-17T07:39:43.477+0000] {processor.py:826} INFO - Processing file /opt/airflow/dags/telegram_alerts.py for tasks to queue
[2025-09-17T07:39:43.490+0000] {logging_mixin.py:150} INFO - [2025-09-17T07:39:43.488+0000] {dagbag.py:541} INFO - Filling up the DagBag from /opt/airflow/dags/telegram_alerts.py
[2025-09-17T07:39:43.539+0000] {processor.py:838} WARNING - No viable dags retrieved from /opt/airflow/dags/telegram_alerts.py
[2025-09-17T07:39:43.800+0000] {processor.py:179} INFO - Processing /opt/airflow/dags/telegram_alerts.py took 0.382 seconds
[2025-09-17T07:40:25.514+0000] {processor.py:157} INFO - Started process (PID=1235) to work on /opt/airflow/dags/telegram_alerts.py
[2025-09-17T07:40:25.519+0000] {processor.py:826} INFO - Processing file /opt/airflow/dags/telegram_alerts.py for tasks to queue
[2025-09-17T07:40:25.521+0000] {logging_mixin.py:150} INFO - [2025-09-17T07:40:25.521+0000] {dagbag.py:541} INFO - Filling up the DagBag from /opt/airflow/dags/telegram_alerts.py
[2025-09-17T07:40:25.541+0000] {processor.py:838} WARNING - No viable dags retrieved from /opt/airflow/dags/telegram_alerts.py
[2025-09-17T07:40:25.603+0000] {processor.py:179} INFO - Processing /opt/airflow/dags/telegram_alerts.py took 0.112 seconds
[2025-09-17T07:40:58.107+0000] {processor.py:157} INFO - Started process (PID=1287) to work on /opt/airflow/dags/telegram_alerts.py
[2025-09-17T07:40:58.110+0000] {processor.py:826} INFO - Processing file /opt/airflow/dags/telegram_alerts.py for tasks to queue
[2025-09-17T07:40:58.112+0000] {logging_mixin.py:150} INFO - [2025-09-17T07:40:58.111+0000] {dagbag.py:541} INFO - Filling up the DagBag from /opt/airflow/dags/telegram_alerts.py
[2025-09-17T07:40:58.132+0000] {processor.py:838} WARNING - No viable dags retrieved from /opt/airflow/dags/telegram_alerts.py
[2025-09-17T07:40:58.168+0000] {processor.py:179} INFO - Processing /opt/airflow/dags/telegram_alerts.py took 0.069 seconds
[2025-09-17T07:41:31.033+0000] {processor.py:157} INFO - Started process (PID=1347) to work on /opt/airflow/dags/telegram_alerts.py
[2025-09-17T07:41:31.035+0000] {processor.py:826} INFO - Processing file /opt/airflow/dags/telegram_alerts.py for tasks to queue
[2025-09-17T07:41:31.038+0000] {logging_mixin.py:150} INFO - [2025-09-17T07:41:31.037+0000] {dagbag.py:541} INFO - Filling up the DagBag from /opt/airflow/dags/telegram_alerts.py
[2025-09-17T07:41:31.076+0000] {processor.py:838} WARNING - No viable dags retrieved from /opt/airflow/dags/telegram_alerts.py
[2025-09-17T07:41:31.154+0000] {processor.py:179} INFO - Processing /opt/airflow/dags/telegram_alerts.py took 0.131 seconds
[2025-09-17T07:42:02.995+0000] {processor.py:157} INFO - Started process (PID=1391) to work on /opt/airflow/dags/telegram_alerts.py
[2025-09-17T07:42:02.998+0000] {processor.py:826} INFO - Processing file /opt/airflow/dags/telegram_alerts.py for tasks to queue
[2025-09-17T07:42:03.001+0000] {logging_mixin.py:150} INFO - [2025-09-17T07:42:03.000+0000] {dagbag.py:541} INFO - Filling up the DagBag from /opt/airflow/dags/telegram_alerts.py
[2025-09-17T07:42:03.041+0000] {processor.py:838} WARNING - No viable dags retrieved from /opt/airflow/dags/telegram_alerts.py
[2025-09-17T07:42:03.200+0000] {processor.py:179} INFO - Processing /opt/airflow/dags/telegram_alerts.py took 0.264 seconds
[2025-09-17T07:42:33.827+0000] {processor.py:157} INFO - Started process (PID=1436) to work on /opt/airflow/dags/telegram_alerts.py
[2025-09-17T07:42:33.829+0000] {processor.py:826} INFO - Processing file /opt/airflow/dags/telegram_alerts.py for tasks to queue
[2025-09-17T07:42:33.830+0000] {logging_mixin.py:150} INFO - [2025-09-17T07:42:33.830+0000] {dagbag.py:541} INFO - Filling up the DagBag from /opt/airflow/dags/telegram_alerts.py
[2025-09-17T07:42:33.845+0000] {processor.py:838} WARNING - No viable dags retrieved from /opt/airflow/dags/telegram_alerts.py
[2025-09-17T07:42:33.876+0000] {processor.py:179} INFO - Processing /opt/airflow/dags/telegram_alerts.py took 0.055 seconds
[2025-09-17T07:43:04.180+0000] {processor.py:157} INFO - Started process (PID=1493) to work on /opt/airflow/dags/telegram_alerts.py
[2025-09-17T07:43:04.181+0000] {processor.py:826} INFO - Processing file /opt/airflow/dags/telegram_alerts.py for tasks to queue
[2025-09-17T07:43:04.183+0000] {logging_mixin.py:150} INFO - [2025-09-17T07:43:04.183+0000] {dagbag.py:541} INFO - Filling up the DagBag from /opt/airflow/dags/telegram_alerts.py
[2025-09-17T07:43:04.202+0000] {processor.py:838} WARNING - No viable dags retrieved from /opt/airflow/dags/telegram_alerts.py
[2025-09-17T07:43:04.481+0000] {processor.py:179} INFO - Processing /opt/airflow/dags/telegram_alerts.py took 0.307 seconds
[2025-09-17T07:43:34.678+0000] {processor.py:157} INFO - Started process (PID=1547) to work on /opt/airflow/dags/telegram_alerts.py
[2025-09-17T07:43:34.680+0000] {processor.py:826} INFO - Processing file /opt/airflow/dags/telegram_alerts.py for tasks to queue
[2025-09-17T07:43:34.681+0000] {logging_mixin.py:150} INFO - [2025-09-17T07:43:34.680+0000] {dagbag.py:541} INFO - Filling up the DagBag from /opt/airflow/dags/telegram_alerts.py
[2025-09-17T07:43:34.691+0000] {processor.py:838} WARNING - No viable dags retrieved from /opt/airflow/dags/telegram_alerts.py
[2025-09-17T07:43:34.713+0000] {processor.py:179} INFO - Processing /opt/airflow/dags/telegram_alerts.py took 0.039 seconds
[2025-09-17T07:44:05.168+0000] {processor.py:157} INFO - Started process (PID=1600) to work on /opt/airflow/dags/telegram_alerts.py
[2025-09-17T07:44:05.172+0000] {processor.py:826} INFO - Processing file /opt/airflow/dags/telegram_alerts.py for tasks to queue
[2025-09-17T07:44:05.174+0000] {logging_mixin.py:150} INFO - [2025-09-17T07:44:05.173+0000] {dagbag.py:541} INFO - Filling up the DagBag from /opt/airflow/dags/telegram_alerts.py
[2025-09-17T07:44:05.190+0000] {processor.py:838} WARNING - No viable dags retrieved from /opt/airflow/dags/telegram_alerts.py
[2025-09-17T07:44:05.222+0000] {processor.py:179} INFO - Processing /opt/airflow/dags/telegram_alerts.py took 0.063 seconds
[2025-09-17T07:44:35.672+0000] {processor.py:157} INFO - Started process (PID=1656) to work on /opt/airflow/dags/telegram_alerts.py
[2025-09-17T07:44:35.674+0000] {processor.py:826} INFO - Processing file /opt/airflow/dags/telegram_alerts.py for tasks to queue
[2025-09-17T07:44:35.677+0000] {logging_mixin.py:150} INFO - [2025-09-17T07:44:35.676+0000] {dagbag.py:541} INFO - Filling up the DagBag from /opt/airflow/dags/telegram_alerts.py
[2025-09-17T07:44:35.690+0000] {processor.py:838} WARNING - No viable dags retrieved from /opt/airflow/dags/telegram_alerts.py
[2025-09-17T07:44:35.723+0000] {processor.py:179} INFO - Processing /opt/airflow/dags/telegram_alerts.py took 0.065 seconds
[2025-09-17T07:45:06.454+0000] {processor.py:157} INFO - Started process (PID=1711) to work on /opt/airflow/dags/telegram_alerts.py
[2025-09-17T07:45:06.456+0000] {processor.py:826} INFO - Processing file /opt/airflow/dags/telegram_alerts.py for tasks to queue
[2025-09-17T07:45:06.469+0000] {logging_mixin.py:150} INFO - [2025-09-17T07:45:06.459+0000] {dagbag.py:541} INFO - Filling up the DagBag from /opt/airflow/dags/telegram_alerts.py
[2025-09-17T07:45:06.504+0000] {processor.py:838} WARNING - No viable dags retrieved from /opt/airflow/dags/telegram_alerts.py
[2025-09-17T07:45:06.579+0000] {processor.py:179} INFO - Processing /opt/airflow/dags/telegram_alerts.py took 0.140 seconds
[2025-09-17T07:45:40.585+0000] {processor.py:157} INFO - Started process (PID=1767) to work on /opt/airflow/dags/telegram_alerts.py
[2025-09-17T07:45:40.587+0000] {processor.py:826} INFO - Processing file /opt/airflow/dags/telegram_alerts.py for tasks to queue
[2025-09-17T07:45:40.590+0000] {logging_mixin.py:150} INFO - [2025-09-17T07:45:40.589+0000] {dagbag.py:541} INFO - Filling up the DagBag from /opt/airflow/dags/telegram_alerts.py
[2025-09-17T07:45:40.608+0000] {processor.py:838} WARNING - No viable dags retrieved from /opt/airflow/dags/telegram_alerts.py
[2025-09-17T07:45:40.640+0000] {processor.py:179} INFO - Processing /opt/airflow/dags/telegram_alerts.py took 0.072 seconds
[2025-09-17T07:46:19.668+0000] {processor.py:157} INFO - Started process (PID=1811) to work on /opt/airflow/dags/telegram_alerts.py
[2025-09-17T07:46:19.683+0000] {processor.py:826} INFO - Processing file /opt/airflow/dags/telegram_alerts.py for tasks to queue
[2025-09-17T07:46:19.697+0000] {logging_mixin.py:150} INFO - [2025-09-17T07:46:19.693+0000] {dagbag.py:541} INFO - Filling up the DagBag from /opt/airflow/dags/telegram_alerts.py
[2025-09-17T07:46:19.767+0000] {processor.py:838} WARNING - No viable dags retrieved from /opt/airflow/dags/telegram_alerts.py
[2025-09-17T07:46:19.832+0000] {processor.py:179} INFO - Processing /opt/airflow/dags/telegram_alerts.py took 0.172 seconds
[2025-09-17T07:46:51.904+0000] {processor.py:157} INFO - Started process (PID=1860) to work on /opt/airflow/dags/telegram_alerts.py
[2025-09-17T07:46:51.908+0000] {processor.py:826} INFO - Processing file /opt/airflow/dags/telegram_alerts.py for tasks to queue
[2025-09-17T07:46:51.910+0000] {logging_mixin.py:150} INFO - [2025-09-17T07:46:51.909+0000] {dagbag.py:541} INFO - Filling up the DagBag from /opt/airflow/dags/telegram_alerts.py
[2025-09-17T07:46:51.945+0000] {processor.py:838} WARNING - No viable dags retrieved from /opt/airflow/dags/telegram_alerts.py
[2025-09-17T07:46:51.985+0000] {processor.py:179} INFO - Processing /opt/airflow/dags/telegram_alerts.py took 0.086 seconds
[2025-09-17T07:47:22.961+0000] {processor.py:157} INFO - Started process (PID=1909) to work on /opt/airflow/dags/telegram_alerts.py
[2025-09-17T07:47:22.964+0000] {processor.py:826} INFO - Processing file /opt/airflow/dags/telegram_alerts.py for tasks to queue
[2025-09-17T07:47:22.966+0000] {logging_mixin.py:150} INFO - [2025-09-17T07:47:22.966+0000] {dagbag.py:541} INFO - Filling up the DagBag from /opt/airflow/dags/telegram_alerts.py
[2025-09-17T07:47:22.982+0000] {processor.py:838} WARNING - No viable dags retrieved from /opt/airflow/dags/telegram_alerts.py
[2025-09-17T07:47:23.024+0000] {processor.py:179} INFO - Processing /opt/airflow/dags/telegram_alerts.py took 0.069 seconds
[2025-09-17T07:47:53.261+0000] {processor.py:157} INFO - Started process (PID=1950) to work on /opt/airflow/dags/telegram_alerts.py
[2025-09-17T07:47:53.262+0000] {processor.py:826} INFO - Processing file /opt/airflow/dags/telegram_alerts.py for tasks to queue
[2025-09-17T07:47:53.263+0000] {logging_mixin.py:150} INFO - [2025-09-17T07:47:53.263+0000] {dagbag.py:541} INFO - Filling up the DagBag from /opt/airflow/dags/telegram_alerts.py
[2025-09-17T07:47:53.272+0000] {processor.py:838} WARNING - No viable dags retrieved from /opt/airflow/dags/telegram_alerts.py
[2025-09-17T07:47:53.291+0000] {processor.py:179} INFO - Processing /opt/airflow/dags/telegram_alerts.py took 0.034 seconds
[2025-09-17T07:48:23.749+0000] {processor.py:157} INFO - Started process (PID=2007) to work on /opt/airflow/dags/telegram_alerts.py
[2025-09-17T07:48:23.750+0000] {processor.py:826} INFO - Processing file /opt/airflow/dags/telegram_alerts.py for tasks to queue
[2025-09-17T07:48:23.751+0000] {logging_mixin.py:150} INFO - [2025-09-17T07:48:23.751+0000] {dagbag.py:541} INFO - Filling up the DagBag from /opt/airflow/dags/telegram_alerts.py
[2025-09-17T07:48:23.759+0000] {processor.py:838} WARNING - No viable dags retrieved from /opt/airflow/dags/telegram_alerts.py
[2025-09-17T07:48:23.778+0000] {processor.py:179} INFO - Processing /opt/airflow/dags/telegram_alerts.py took 0.034 seconds
[2025-09-17T07:48:54.401+0000] {processor.py:157} INFO - Started process (PID=2061) to work on /opt/airflow/dags/telegram_alerts.py
[2025-09-17T07:48:54.402+0000] {processor.py:826} INFO - Processing file /opt/airflow/dags/telegram_alerts.py for tasks to queue
[2025-09-17T07:48:54.404+0000] {logging_mixin.py:150} INFO - [2025-09-17T07:48:54.403+0000] {dagbag.py:541} INFO - Filling up the DagBag from /opt/airflow/dags/telegram_alerts.py
[2025-09-17T07:48:54.412+0000] {processor.py:838} WARNING - No viable dags retrieved from /opt/airflow/dags/telegram_alerts.py
[2025-09-17T07:48:54.432+0000] {processor.py:179} INFO - Processing /opt/airflow/dags/telegram_alerts.py took 0.035 seconds
[2025-09-17T07:49:24.574+0000] {processor.py:157} INFO - Started process (PID=2115) to work on /opt/airflow/dags/telegram_alerts.py
[2025-09-17T07:49:24.577+0000] {processor.py:826} INFO - Processing file /opt/airflow/dags/telegram_alerts.py for tasks to queue
[2025-09-17T07:49:24.580+0000] {logging_mixin.py:150} INFO - [2025-09-17T07:49:24.580+0000] {dagbag.py:541} INFO - Filling up the DagBag from /opt/airflow/dags/telegram_alerts.py
[2025-09-17T07:49:24.598+0000] {processor.py:838} WARNING - No viable dags retrieved from /opt/airflow/dags/telegram_alerts.py
[2025-09-17T07:49:24.630+0000] {processor.py:179} INFO - Processing /opt/airflow/dags/telegram_alerts.py took 0.071 seconds
[2025-09-17T07:49:54.912+0000] {processor.py:157} INFO - Started process (PID=2169) to work on /opt/airflow/dags/telegram_alerts.py
[2025-09-17T07:49:54.913+0000] {processor.py:826} INFO - Processing file /opt/airflow/dags/telegram_alerts.py for tasks to queue
[2025-09-17T07:49:54.914+0000] {logging_mixin.py:150} INFO - [2025-09-17T07:49:54.914+0000] {dagbag.py:541} INFO - Filling up the DagBag from /opt/airflow/dags/telegram_alerts.py
[2025-09-17T07:49:54.925+0000] {processor.py:838} WARNING - No viable dags retrieved from /opt/airflow/dags/telegram_alerts.py
[2025-09-17T07:49:54.945+0000] {processor.py:179} INFO - Processing /opt/airflow/dags/telegram_alerts.py took 0.038 seconds
[2025-09-17T07:50:25.458+0000] {processor.py:157} INFO - Started process (PID=2229) to work on /opt/airflow/dags/telegram_alerts.py
[2025-09-17T07:50:25.461+0000] {processor.py:826} INFO - Processing file /opt/airflow/dags/telegram_alerts.py for tasks to queue
[2025-09-17T07:50:25.463+0000] {logging_mixin.py:150} INFO - [2025-09-17T07:50:25.462+0000] {dagbag.py:541} INFO - Filling up the DagBag from /opt/airflow/dags/telegram_alerts.py
[2025-09-17T07:50:25.476+0000] {processor.py:838} WARNING - No viable dags retrieved from /opt/airflow/dags/telegram_alerts.py
[2025-09-17T07:50:25.567+0000] {processor.py:179} INFO - Processing /opt/airflow/dags/telegram_alerts.py took 0.114 seconds
[2025-09-17T07:50:56.273+0000] {processor.py:157} INFO - Started process (PID=2283) to work on /opt/airflow/dags/telegram_alerts.py
[2025-09-17T07:50:56.274+0000] {processor.py:826} INFO - Processing file /opt/airflow/dags/telegram_alerts.py for tasks to queue
[2025-09-17T07:50:56.276+0000] {logging_mixin.py:150} INFO - [2025-09-17T07:50:56.275+0000] {dagbag.py:541} INFO - Filling up the DagBag from /opt/airflow/dags/telegram_alerts.py
[2025-09-17T07:50:56.285+0000] {processor.py:838} WARNING - No viable dags retrieved from /opt/airflow/dags/telegram_alerts.py
[2025-09-17T07:50:56.307+0000] {processor.py:179} INFO - Processing /opt/airflow/dags/telegram_alerts.py took 0.039 seconds
[2025-09-17T07:51:26.577+0000] {processor.py:157} INFO - Started process (PID=2340) to work on /opt/airflow/dags/telegram_alerts.py
[2025-09-17T07:51:26.595+0000] {processor.py:826} INFO - Processing file /opt/airflow/dags/telegram_alerts.py for tasks to queue
[2025-09-17T07:51:26.598+0000] {logging_mixin.py:150} INFO - [2025-09-17T07:51:26.597+0000] {dagbag.py:541} INFO - Filling up the DagBag from /opt/airflow/dags/telegram_alerts.py
[2025-09-17T07:51:26.612+0000] {processor.py:838} WARNING - No viable dags retrieved from /opt/airflow/dags/telegram_alerts.py
[2025-09-17T07:51:26.661+0000] {processor.py:179} INFO - Processing /opt/airflow/dags/telegram_alerts.py took 0.087 seconds
[2025-09-17T07:51:56.933+0000] {processor.py:157} INFO - Started process (PID=2391) to work on /opt/airflow/dags/telegram_alerts.py
[2025-09-17T07:51:56.934+0000] {processor.py:826} INFO - Processing file /opt/airflow/dags/telegram_alerts.py for tasks to queue
[2025-09-17T07:51:56.935+0000] {logging_mixin.py:150} INFO - [2025-09-17T07:51:56.935+0000] {dagbag.py:541} INFO - Filling up the DagBag from /opt/airflow/dags/telegram_alerts.py
[2025-09-17T07:51:56.949+0000] {processor.py:838} WARNING - No viable dags retrieved from /opt/airflow/dags/telegram_alerts.py
[2025-09-17T07:51:56.986+0000] {processor.py:179} INFO - Processing /opt/airflow/dags/telegram_alerts.py took 0.058 seconds
[2025-09-17T07:52:27.157+0000] {processor.py:157} INFO - Started process (PID=2445) to work on /opt/airflow/dags/telegram_alerts.py
[2025-09-17T07:52:27.161+0000] {processor.py:826} INFO - Processing file /opt/airflow/dags/telegram_alerts.py for tasks to queue
[2025-09-17T07:52:27.169+0000] {logging_mixin.py:150} INFO - [2025-09-17T07:52:27.169+0000] {dagbag.py:541} INFO - Filling up the DagBag from /opt/airflow/dags/telegram_alerts.py
[2025-09-17T07:52:27.197+0000] {processor.py:838} WARNING - No viable dags retrieved from /opt/airflow/dags/telegram_alerts.py
[2025-09-17T07:52:27.293+0000] {processor.py:179} INFO - Processing /opt/airflow/dags/telegram_alerts.py took 0.144 seconds
[2025-09-17T07:52:58.133+0000] {processor.py:157} INFO - Started process (PID=2499) to work on /opt/airflow/dags/telegram_alerts.py
[2025-09-17T07:52:58.135+0000] {processor.py:826} INFO - Processing file /opt/airflow/dags/telegram_alerts.py for tasks to queue
[2025-09-17T07:52:58.137+0000] {logging_mixin.py:150} INFO - [2025-09-17T07:52:58.136+0000] {dagbag.py:541} INFO - Filling up the DagBag from /opt/airflow/dags/telegram_alerts.py
[2025-09-17T07:52:58.148+0000] {processor.py:838} WARNING - No viable dags retrieved from /opt/airflow/dags/telegram_alerts.py
[2025-09-17T07:52:58.178+0000] {processor.py:179} INFO - Processing /opt/airflow/dags/telegram_alerts.py took 0.051 seconds
[2025-09-17T07:53:28.639+0000] {processor.py:157} INFO - Started process (PID=2553) to work on /opt/airflow/dags/telegram_alerts.py
[2025-09-17T07:53:28.646+0000] {processor.py:826} INFO - Processing file /opt/airflow/dags/telegram_alerts.py for tasks to queue
[2025-09-17T07:53:28.654+0000] {logging_mixin.py:150} INFO - [2025-09-17T07:53:28.652+0000] {dagbag.py:541} INFO - Filling up the DagBag from /opt/airflow/dags/telegram_alerts.py
[2025-09-17T07:53:28.695+0000] {processor.py:838} WARNING - No viable dags retrieved from /opt/airflow/dags/telegram_alerts.py
[2025-09-17T07:53:28.752+0000] {processor.py:179} INFO - Processing /opt/airflow/dags/telegram_alerts.py took 0.139 seconds
[2025-09-17T07:53:59.081+0000] {processor.py:157} INFO - Started process (PID=2607) to work on /opt/airflow/dags/telegram_alerts.py
[2025-09-17T07:53:59.085+0000] {processor.py:826} INFO - Processing file /opt/airflow/dags/telegram_alerts.py for tasks to queue
[2025-09-17T07:53:59.087+0000] {logging_mixin.py:150} INFO - [2025-09-17T07:53:59.086+0000] {dagbag.py:541} INFO - Filling up the DagBag from /opt/airflow/dags/telegram_alerts.py
[2025-09-17T07:53:59.101+0000] {processor.py:838} WARNING - No viable dags retrieved from /opt/airflow/dags/telegram_alerts.py
[2025-09-17T07:53:59.130+0000] {processor.py:179} INFO - Processing /opt/airflow/dags/telegram_alerts.py took 0.054 seconds
[2025-09-17T07:54:29.643+0000] {processor.py:157} INFO - Started process (PID=2661) to work on /opt/airflow/dags/telegram_alerts.py
[2025-09-17T07:54:29.645+0000] {processor.py:826} INFO - Processing file /opt/airflow/dags/telegram_alerts.py for tasks to queue
[2025-09-17T07:54:29.646+0000] {logging_mixin.py:150} INFO - [2025-09-17T07:54:29.646+0000] {dagbag.py:541} INFO - Filling up the DagBag from /opt/airflow/dags/telegram_alerts.py
[2025-09-17T07:54:29.660+0000] {processor.py:838} WARNING - No viable dags retrieved from /opt/airflow/dags/telegram_alerts.py
[2025-09-17T07:54:29.688+0000] {processor.py:179} INFO - Processing /opt/airflow/dags/telegram_alerts.py took 0.050 seconds
[2025-09-17T07:55:00.133+0000] {processor.py:157} INFO - Started process (PID=2715) to work on /opt/airflow/dags/telegram_alerts.py
[2025-09-17T07:55:00.135+0000] {processor.py:826} INFO - Processing file /opt/airflow/dags/telegram_alerts.py for tasks to queue
[2025-09-17T07:55:00.137+0000] {logging_mixin.py:150} INFO - [2025-09-17T07:55:00.137+0000] {dagbag.py:541} INFO - Filling up the DagBag from /opt/airflow/dags/telegram_alerts.py
[2025-09-17T07:55:00.151+0000] {processor.py:838} WARNING - No viable dags retrieved from /opt/airflow/dags/telegram_alerts.py
[2025-09-17T07:55:00.188+0000] {processor.py:179} INFO - Processing /opt/airflow/dags/telegram_alerts.py took 0.060 seconds
[2025-09-17T07:55:31.226+0000] {processor.py:157} INFO - Started process (PID=2767) to work on /opt/airflow/dags/telegram_alerts.py
[2025-09-17T07:55:31.228+0000] {processor.py:826} INFO - Processing file /opt/airflow/dags/telegram_alerts.py for tasks to queue
[2025-09-17T07:55:31.230+0000] {logging_mixin.py:150} INFO - [2025-09-17T07:55:31.229+0000] {dagbag.py:541} INFO - Filling up the DagBag from /opt/airflow/dags/telegram_alerts.py
[2025-09-17T07:55:31.244+0000] {processor.py:838} WARNING - No viable dags retrieved from /opt/airflow/dags/telegram_alerts.py
[2025-09-17T07:55:31.276+0000] {processor.py:179} INFO - Processing /opt/airflow/dags/telegram_alerts.py took 0.055 seconds
[2025-09-17T07:56:02.591+0000] {processor.py:157} INFO - Started process (PID=2820) to work on /opt/airflow/dags/telegram_alerts.py
[2025-09-17T07:56:02.595+0000] {processor.py:826} INFO - Processing file /opt/airflow/dags/telegram_alerts.py for tasks to queue
[2025-09-17T07:56:02.600+0000] {logging_mixin.py:150} INFO - [2025-09-17T07:56:02.599+0000] {dagbag.py:541} INFO - Filling up the DagBag from /opt/airflow/dags/telegram_alerts.py
[2025-09-17T07:56:02.632+0000] {processor.py:838} WARNING - No viable dags retrieved from /opt/airflow/dags/telegram_alerts.py
[2025-09-17T07:56:02.742+0000] {processor.py:179} INFO - Processing /opt/airflow/dags/telegram_alerts.py took 0.169 seconds
[2025-09-17T07:56:37.544+0000] {processor.py:157} INFO - Started process (PID=2869) to work on /opt/airflow/dags/telegram_alerts.py
[2025-09-17T07:56:37.554+0000] {processor.py:826} INFO - Processing file /opt/airflow/dags/telegram_alerts.py for tasks to queue
[2025-09-17T07:56:37.558+0000] {logging_mixin.py:150} INFO - [2025-09-17T07:56:37.557+0000] {dagbag.py:541} INFO - Filling up the DagBag from /opt/airflow/dags/telegram_alerts.py
[2025-09-17T07:56:37.606+0000] {processor.py:838} WARNING - No viable dags retrieved from /opt/airflow/dags/telegram_alerts.py
[2025-09-17T07:56:37.660+0000] {processor.py:179} INFO - Processing /opt/airflow/dags/telegram_alerts.py took 0.124 seconds
[2025-09-17T07:57:09.747+0000] {processor.py:157} INFO - Started process (PID=2921) to work on /opt/airflow/dags/telegram_alerts.py
[2025-09-17T07:57:09.749+0000] {processor.py:826} INFO - Processing file /opt/airflow/dags/telegram_alerts.py for tasks to queue
[2025-09-17T07:57:09.751+0000] {logging_mixin.py:150} INFO - [2025-09-17T07:57:09.750+0000] {dagbag.py:541} INFO - Filling up the DagBag from /opt/airflow/dags/telegram_alerts.py
[2025-09-17T07:57:09.768+0000] {processor.py:838} WARNING - No viable dags retrieved from /opt/airflow/dags/telegram_alerts.py
[2025-09-17T07:57:09.803+0000] {processor.py:179} INFO - Processing /opt/airflow/dags/telegram_alerts.py took 0.062 seconds
[2025-09-17T07:58:05.079+0000] {processor.py:157} INFO - Started process (PID=2972) to work on /opt/airflow/dags/telegram_alerts.py
[2025-09-17T07:58:05.090+0000] {processor.py:826} INFO - Processing file /opt/airflow/dags/telegram_alerts.py for tasks to queue
[2025-09-17T07:58:05.104+0000] {logging_mixin.py:150} INFO - [2025-09-17T07:58:05.099+0000] {dagbag.py:541} INFO - Filling up the DagBag from /opt/airflow/dags/telegram_alerts.py
[2025-09-17T07:58:05.196+0000] {processor.py:838} WARNING - No viable dags retrieved from /opt/airflow/dags/telegram_alerts.py
[2025-09-17T07:58:05.283+0000] {processor.py:179} INFO - Processing /opt/airflow/dags/telegram_alerts.py took 0.269 seconds
[2025-09-17T07:58:37.550+0000] {processor.py:157} INFO - Started process (PID=3026) to work on /opt/airflow/dags/telegram_alerts.py
[2025-09-17T07:58:37.552+0000] {processor.py:826} INFO - Processing file /opt/airflow/dags/telegram_alerts.py for tasks to queue
[2025-09-17T07:58:37.554+0000] {logging_mixin.py:150} INFO - [2025-09-17T07:58:37.553+0000] {dagbag.py:541} INFO - Filling up the DagBag from /opt/airflow/dags/telegram_alerts.py
[2025-09-17T07:58:37.573+0000] {processor.py:838} WARNING - No viable dags retrieved from /opt/airflow/dags/telegram_alerts.py
[2025-09-17T07:58:37.607+0000] {processor.py:179} INFO - Processing /opt/airflow/dags/telegram_alerts.py took 0.064 seconds
