[2025-09-11T16:16:25.501+0000] {logging_mixin.py:150} WARNING - /home/***/.local/lib/python3.7/site-packages/***/utils/sqlalchemy.py:124 DeprecationWarning: The sql_alchemy_conn option in [core] has been moved to the sql_alchemy_conn option in [database] - the old setting has been used, but please update your config.
[2025-09-11T16:16:25.622+0000] {taskinstance.py:1103} INFO - Dependencies all met for dep_context=non-requeueable deps ti=<TaskInstance: raw_to_dds.load_users scheduled__2025-09-11T15:16:22.480745+00:00 [queued]>
[2025-09-11T16:16:25.637+0000] {taskinstance.py:1103} INFO - Dependencies all met for dep_context=requeueable deps ti=<TaskInstance: raw_to_dds.load_users scheduled__2025-09-11T15:16:22.480745+00:00 [queued]>
[2025-09-11T16:16:25.638+0000] {taskinstance.py:1308} INFO - Starting attempt 1 of 3
[2025-09-11T16:16:25.663+0000] {taskinstance.py:1327} INFO - Executing <Task(PostgresOperator): load_users> on 2025-09-11 15:16:22.480745+00:00
[2025-09-11T16:16:25.673+0000] {standard_task_runner.py:57} INFO - Started process 386 to run task
[2025-09-11T16:16:25.678+0000] {standard_task_runner.py:84} INFO - Running: ['***', 'tasks', 'run', 'raw_to_dds', 'load_users', 'scheduled__2025-09-11T15:16:22.480745+00:00', '--job-id', '135', '--raw', '--subdir', 'DAGS_FOLDER/raw_to_dds.py', '--cfg-path', '/tmp/tmpy7nta2wb']
[2025-09-11T16:16:25.681+0000] {standard_task_runner.py:85} INFO - Job 135: Subtask load_users
[2025-09-11T16:16:25.712+0000] {logging_mixin.py:150} WARNING - /home/***/.local/lib/python3.7/site-packages/***/settings.py:195 DeprecationWarning: The sql_alchemy_conn option in [core] has been moved to the sql_alchemy_conn option in [database] - the old setting has been used, but please update your config.
[2025-09-11T16:16:25.781+0000] {task_command.py:410} INFO - Running <TaskInstance: raw_to_dds.load_users scheduled__2025-09-11T15:16:22.480745+00:00 [running]> on host c905ba028b15
[2025-09-11T16:16:25.820+0000] {logging_mixin.py:150} WARNING - /home/***/.local/lib/python3.7/site-packages/***/utils/sqlalchemy.py:124 DeprecationWarning: The sql_alchemy_conn option in [core] has been moved to the sql_alchemy_conn option in [database] - the old setting has been used, but please update your config.
[2025-09-11T16:16:26.088+0000] {taskinstance.py:1547} INFO - Exporting env vars: AIRFLOW_CTX_DAG_OWNER='***' AIRFLOW_CTX_DAG_ID='raw_to_dds' AIRFLOW_CTX_TASK_ID='load_users' AIRFLOW_CTX_EXECUTION_DATE='2025-09-11T15:16:22.480745+00:00' AIRFLOW_CTX_TRY_NUMBER='1' AIRFLOW_CTX_DAG_RUN_ID='scheduled__2025-09-11T15:16:22.480745+00:00'
[2025-09-11T16:16:26.089+0000] {sql.py:265} INFO - Executing: 
        INSERT INTO dds.users (user_id)
        SELECT DISTINCT user_id
        FROM raw.events
        WHERE user_id IS NOT NULL
        ON CONFLICT (user_id) DO NOTHING;
        
[2025-09-11T16:16:26.111+0000] {base.py:73} INFO - Using connection ID 'postgres_default' for task execution.
[2025-09-11T16:16:26.261+0000] {base.py:73} INFO - Using connection ID 'postgres_default' for task execution.
[2025-09-11T16:16:26.276+0000] {sql.py:375} INFO - Running statement: 
        INSERT INTO dds.users (user_id)
        SELECT DISTINCT user_id
        FROM raw.events
        WHERE user_id IS NOT NULL
        ON CONFLICT (user_id) DO NOTHING;
        , parameters: None
[2025-09-11T16:16:26.284+0000] {sql.py:384} INFO - Rows affected: 0
[2025-09-11T16:16:26.314+0000] {taskinstance.py:1350} INFO - Marking task as SUCCESS. dag_id=raw_to_dds, task_id=load_users, execution_date=20250911T151622, start_date=20250911T161625, end_date=20250911T161626
[2025-09-11T16:16:26.317+0000] {logging_mixin.py:150} WARNING - /home/***/.local/lib/python3.7/site-packages/***/utils/context.py:205 AirflowContextDeprecationWarning: Accessing 'execution_date' from the template is deprecated and will be removed in a future version. Please use 'data_interval_start' or 'logical_date' instead.
[2025-09-11T16:16:26.977+0000] {local_task_job_runner.py:225} INFO - Task exited with return code 0
[2025-09-11T16:16:27.044+0000] {taskinstance.py:2653} INFO - 1 downstream tasks scheduled from follow-on schedule check
