[2025-09-15T20:33:11.990+0000] {logging_mixin.py:150} WARNING - /home/***/.local/lib/python3.7/site-packages/***/utils/sqlalchemy.py:124 DeprecationWarning: The sql_alchemy_conn option in [core] has been moved to the sql_alchemy_conn option in [database] - the old setting has been used, but please update your config.
[2025-09-15T20:33:12.038+0000] {taskinstance.py:1103} INFO - Dependencies all met for dep_context=non-requeueable deps ti=<TaskInstance: dds_to_clickhouse.load_product_sales scheduled__2025-09-14T00:00:00+00:00 [queued]>
[2025-09-15T20:33:12.079+0000] {taskinstance.py:1103} INFO - Dependencies all met for dep_context=requeueable deps ti=<TaskInstance: dds_to_clickhouse.load_product_sales scheduled__2025-09-14T00:00:00+00:00 [queued]>
[2025-09-15T20:33:12.082+0000] {taskinstance.py:1308} INFO - Starting attempt 5 of 6
[2025-09-15T20:33:12.183+0000] {taskinstance.py:1327} INFO - Executing <Task(PythonOperator): load_product_sales> on 2025-09-14 00:00:00+00:00
[2025-09-15T20:33:12.274+0000] {standard_task_runner.py:57} INFO - Started process 7573 to run task
[2025-09-15T20:33:12.298+0000] {standard_task_runner.py:84} INFO - Running: ['***', 'tasks', 'run', 'dds_to_clickhouse', 'load_product_sales', 'scheduled__2025-09-14T00:00:00+00:00', '--job-id', '434', '--raw', '--subdir', 'DAGS_FOLDER/dds_to_clickhouse.py', '--cfg-path', '/tmp/tmpu1fcvc78']
[2025-09-15T20:33:12.306+0000] {standard_task_runner.py:85} INFO - Job 434: Subtask load_product_sales
[2025-09-15T20:33:12.407+0000] {logging_mixin.py:150} WARNING - /home/***/.local/lib/python3.7/site-packages/***/settings.py:195 DeprecationWarning: The sql_alchemy_conn option in [core] has been moved to the sql_alchemy_conn option in [database] - the old setting has been used, but please update your config.
[2025-09-15T20:33:12.629+0000] {task_command.py:410} INFO - Running <TaskInstance: dds_to_clickhouse.load_product_sales scheduled__2025-09-14T00:00:00+00:00 [running]> on host 4ba3580a27fc
[2025-09-15T20:33:12.775+0000] {logging_mixin.py:150} WARNING - /home/***/.local/lib/python3.7/site-packages/***/utils/sqlalchemy.py:124 DeprecationWarning: The sql_alchemy_conn option in [core] has been moved to the sql_alchemy_conn option in [database] - the old setting has been used, but please update your config.
[2025-09-15T20:33:13.073+0000] {taskinstance.py:1547} INFO - Exporting env vars: AIRFLOW_CTX_DAG_OWNER='***' AIRFLOW_CTX_DAG_ID='dds_to_clickhouse' AIRFLOW_CTX_TASK_ID='load_product_sales' AIRFLOW_CTX_EXECUTION_DATE='2025-09-14T00:00:00+00:00' AIRFLOW_CTX_TRY_NUMBER='5' AIRFLOW_CTX_DAG_RUN_ID='scheduled__2025-09-14T00:00:00+00:00'
[2025-09-15T20:33:13.267+0000] {taskinstance.py:1824} ERROR - Task failed with exception
Traceback (most recent call last):
  File "/home/airflow/.local/lib/python3.7/site-packages/airflow/operators/python.py", line 181, in execute
    return_value = self.execute_callable()
  File "/home/airflow/.local/lib/python3.7/site-packages/airflow/operators/python.py", line 198, in execute_callable
    return self.python_callable(*self.op_args, **self.op_kwargs)
  File "/opt/airflow/dags/dds_to_clickhouse.py", line 92, in load_product_sales
    df.to_dict("records")
  File "/home/airflow/.local/lib/python3.7/site-packages/clickhouse_driver/client.py", line 379, in execute
    columnar=columnar
  File "/home/airflow/.local/lib/python3.7/site-packages/clickhouse_driver/client.py", line 604, in process_insert_query
    sample_block = self.receive_sample_block()
  File "/home/airflow/.local/lib/python3.7/site-packages/clickhouse_driver/client.py", line 620, in receive_sample_block
    raise packet.exception
clickhouse_driver.errors.ServerException: Code: 16.
DB::Exception: No such column quantity in table data_mart.product_sales (b31be5ff-0149-47ca-b46e-df393fe1af15). Stack trace:

0. DB::Exception::Exception(DB::Exception::MessageMasked&&, int, bool) @ 0xe2939d5 in /usr/bin/clickhouse
1. ? @ 0x95f7f1e in /usr/bin/clickhouse
2. DB::InterpreterInsertQuery::getSampleBlock(std::vector<String, std::allocator<String>> const&, std::shared_ptr<DB::IStorage> const&, std::shared_ptr<DB::StorageInMemoryMetadata const> const&) const @ 0x13984559 in /usr/bin/clickhouse
3. DB::InterpreterInsertQuery::getSampleBlock(DB::ASTInsertQuery const&, std::shared_ptr<DB::IStorage> const&, std::shared_ptr<DB::StorageInMemoryMetadata const> const&) const @ 0x13983b95 in /usr/bin/clickhouse
4. DB::InterpreterInsertQuery::execute() @ 0x13986352 in /usr/bin/clickhouse
5. ? @ 0x13d70a67 in /usr/bin/clickhouse
6. DB::executeQuery(String const&, std::shared_ptr<DB::Context>, bool, DB::QueryProcessingStage::Enum) @ 0x13d6e00d in /usr/bin/clickhouse
7. DB::TCPHandler::runImpl() @ 0x14b459ec in /usr/bin/clickhouse
8. DB::TCPHandler::run() @ 0x14b5b419 in /usr/bin/clickhouse
9. Poco::Net::TCPServerConnection::start() @ 0x17aa4954 in /usr/bin/clickhouse
10. Poco::Net::TCPServerDispatcher::run() @ 0x17aa5b7b in /usr/bin/clickhouse
11. Poco::PooledThread::run() @ 0x17c2d407 in /usr/bin/clickhouse
12. Poco::ThreadImpl::runnableEntry(void*) @ 0x17c2ae3d in /usr/bin/clickhouse
13. ? @ 0x7f789a66e609 in ?
14. __clone @ 0x7f789a593353 in ?

[2025-09-15T20:33:13.308+0000] {taskinstance.py:1350} INFO - Marking task as UP_FOR_RETRY. dag_id=dds_to_clickhouse, task_id=load_product_sales, execution_date=20250914T000000, start_date=20250915T203312, end_date=20250915T203313
[2025-09-15T20:33:13.346+0000] {standard_task_runner.py:109} ERROR - Failed to execute job 434 for task load_product_sales (Code: 16.
DB::Exception: No such column quantity in table data_mart.product_sales (b31be5ff-0149-47ca-b46e-df393fe1af15). Stack trace:

0. DB::Exception::Exception(DB::Exception::MessageMasked&&, int, bool) @ 0xe2939d5 in /usr/bin/clickhouse
1. ? @ 0x95f7f1e in /usr/bin/clickhouse
2. DB::InterpreterInsertQuery::getSampleBlock(std::vector<String, std::allocator<String>> const&, std::shared_ptr<DB::IStorage> const&, std::shared_ptr<DB::StorageInMemoryMetadata const> const&) const @ 0x13984559 in /usr/bin/clickhouse
3. DB::InterpreterInsertQuery::getSampleBlock(DB::ASTInsertQuery const&, std::shared_ptr<DB::IStorage> const&, std::shared_ptr<DB::StorageInMemoryMetadata const> const&) const @ 0x13983b95 in /usr/bin/clickhouse
4. DB::InterpreterInsertQuery::execute() @ 0x13986352 in /usr/bin/clickhouse
5. ? @ 0x13d70a67 in /usr/bin/clickhouse
6. DB::executeQuery(String const&, std::shared_ptr<DB::Context>, bool, DB::QueryProcessingStage::Enum) @ 0x13d6e00d in /usr/bin/clickhouse
7. DB::TCPHandler::runImpl() @ 0x14b459ec in /usr/bin/clickhouse
8. DB::TCPHandler::run() @ 0x14b5b419 in /usr/bin/clickhouse
9. Poco::Net::TCPServerConnection::start() @ 0x17aa4954 in /usr/bin/clickhouse
10. Poco::Net::TCPServerDispatcher::run() @ 0x17aa5b7b in /usr/bin/clickhouse
11. Poco::PooledThread::run() @ 0x17c2d407 in /usr/bin/clickhouse
12. Poco::ThreadImpl::runnableEntry(void*) @ 0x17c2ae3d in /usr/bin/clickhouse
13. ? @ 0x7f789a66e609 in ?
14. __clone @ 0x7f789a593353 in ?
; 7573)
[2025-09-15T20:33:13.391+0000] {local_task_job_runner.py:225} INFO - Task exited with return code 1
[2025-09-15T20:33:13.451+0000] {taskinstance.py:2653} INFO - 0 downstream tasks scheduled from follow-on schedule check
