[2025-09-03T19:27:44.519+0000] {logging_mixin.py:150} WARNING - /home/***/.local/lib/python3.7/site-packages/***/utils/sqlalchemy.py:124 DeprecationWarning: The sql_alchemy_conn option in [core] has been moved to the sql_alchemy_conn option in [database] - the old setting has been used, but please update your config.
[2025-09-03T19:27:44.819+0000] {taskinstance.py:1103} INFO - Dependencies all met for dep_context=non-requeueable deps ti=<TaskInstance: kafka_to_postgres_batch.create_indexes scheduled__2025-09-03T18:56:32.262620+00:00 [queued]>
[2025-09-03T19:27:44.846+0000] {taskinstance.py:1103} INFO - Dependencies all met for dep_context=requeueable deps ti=<TaskInstance: kafka_to_postgres_batch.create_indexes scheduled__2025-09-03T18:56:32.262620+00:00 [queued]>
[2025-09-03T19:27:44.849+0000] {taskinstance.py:1308} INFO - Starting attempt 1 of 3
[2025-09-03T19:27:44.936+0000] {taskinstance.py:1327} INFO - Executing <Task(PostgresOperator): create_indexes> on 2025-09-03 18:56:32.262620+00:00
[2025-09-03T19:27:44.978+0000] {standard_task_runner.py:57} INFO - Started process 1740 to run task
[2025-09-03T19:27:44.999+0000] {standard_task_runner.py:84} INFO - Running: ['***', 'tasks', 'run', 'kafka_to_postgres_batch', 'create_indexes', 'scheduled__2025-09-03T18:56:32.262620+00:00', '--job-id', '216', '--raw', '--subdir', 'DAGS_FOLDER/dags.py', '--cfg-path', '/tmp/tmpz7xynexb']
[2025-09-03T19:27:45.011+0000] {standard_task_runner.py:85} INFO - Job 216: Subtask create_indexes
[2025-09-03T19:27:45.112+0000] {logging_mixin.py:150} WARNING - /home/***/.local/lib/python3.7/site-packages/***/settings.py:195 DeprecationWarning: The sql_alchemy_conn option in [core] has been moved to the sql_alchemy_conn option in [database] - the old setting has been used, but please update your config.
[2025-09-03T19:27:45.294+0000] {task_command.py:410} INFO - Running <TaskInstance: kafka_to_postgres_batch.create_indexes scheduled__2025-09-03T18:56:32.262620+00:00 [running]> on host 566c672cfab0
[2025-09-03T19:27:45.365+0000] {logging_mixin.py:150} WARNING - /home/***/.local/lib/python3.7/site-packages/***/utils/sqlalchemy.py:124 DeprecationWarning: The sql_alchemy_conn option in [core] has been moved to the sql_alchemy_conn option in [database] - the old setting has been used, but please update your config.
[2025-09-03T19:27:45.821+0000] {taskinstance.py:1547} INFO - Exporting env vars: AIRFLOW_CTX_DAG_OWNER='***' AIRFLOW_CTX_DAG_ID='kafka_to_postgres_batch' AIRFLOW_CTX_TASK_ID='create_indexes' AIRFLOW_CTX_EXECUTION_DATE='2025-09-03T18:56:32.262620+00:00' AIRFLOW_CTX_TRY_NUMBER='1' AIRFLOW_CTX_DAG_RUN_ID='scheduled__2025-09-03T18:56:32.262620+00:00'
[2025-09-03T19:27:45.825+0000] {sql.py:265} INFO - Executing: 
        CREATE INDEX IF NOT EXISTS idx_raw_events_user_id ON raw.events(user_id);
        CREATE INDEX IF NOT EXISTS idx_raw_events_timestamp ON raw.events(timestamp);
        CREATE INDEX IF NOT EXISTS idx_raw_events_event_type ON raw.events(event_type);
        
[2025-09-03T19:27:45.886+0000] {base.py:73} INFO - Using connection ID 'postgres_default' for task execution.
[2025-09-03T19:27:47.614+0000] {base.py:73} INFO - Using connection ID 'postgres_default' for task execution.
[2025-09-03T19:27:47.658+0000] {sql.py:375} INFO - Running statement: 
        CREATE INDEX IF NOT EXISTS idx_raw_events_user_id ON raw.events(user_id);
        CREATE INDEX IF NOT EXISTS idx_raw_events_timestamp ON raw.events(timestamp);
        CREATE INDEX IF NOT EXISTS idx_raw_events_event_type ON raw.events(event_type);
        , parameters: None
[2025-09-03T19:27:47.714+0000] {taskinstance.py:1350} INFO - Marking task as SUCCESS. dag_id=kafka_to_postgres_batch, task_id=create_indexes, execution_date=20250903T185632, start_date=20250903T192744, end_date=20250903T192747
[2025-09-03T19:27:47.806+0000] {local_task_job_runner.py:225} INFO - Task exited with return code 0
[2025-09-03T19:27:47.880+0000] {taskinstance.py:2653} INFO - 1 downstream tasks scheduled from follow-on schedule check
