[2025-09-03T16:18:24.015+0000] {taskinstance.py:1103} INFO - Dependencies all met for dep_context=non-requeueable deps ti=<TaskInstance: kafka_to_postgres_batch.consume_and_save_batch manual__2025-09-03T15:37:51.116927+00:00 [queued]>
[2025-09-03T16:18:24.064+0000] {taskinstance.py:1103} INFO - Dependencies all met for dep_context=requeueable deps ti=<TaskInstance: kafka_to_postgres_batch.consume_and_save_batch manual__2025-09-03T15:37:51.116927+00:00 [queued]>
[2025-09-03T16:18:24.066+0000] {taskinstance.py:1308} INFO - Starting attempt 2 of 3
[2025-09-03T16:18:24.602+0000] {taskinstance.py:1327} INFO - Executing <Task(PythonOperator): consume_and_save_batch> on 2025-09-03 15:37:51.116927+00:00
[2025-09-03T16:18:24.637+0000] {standard_task_runner.py:57} INFO - Started process 230 to run task
[2025-09-03T16:18:24.696+0000] {standard_task_runner.py:84} INFO - Running: ['***', 'tasks', 'run', 'kafka_to_postgres_batch', 'consume_and_save_batch', 'manual__2025-09-03T15:37:51.116927+00:00', '--job-id', '152', '--raw', '--subdir', 'DAGS_FOLDER/dags.py', '--cfg-path', '/tmp/tmpbpns8rgt']
[2025-09-03T16:18:24.796+0000] {standard_task_runner.py:85} INFO - Job 152: Subtask consume_and_save_batch
[2025-09-03T16:18:25.398+0000] {logging_mixin.py:150} WARNING - /home/***/.local/lib/python3.7/site-packages/***/settings.py:195 DeprecationWarning: The sql_alchemy_conn option in [core] has been moved to the sql_alchemy_conn option in [database] - the old setting has been used, but please update your config.
[2025-09-03T16:18:25.550+0000] {task_command.py:410} INFO - Running <TaskInstance: kafka_to_postgres_batch.consume_and_save_batch manual__2025-09-03T15:37:51.116927+00:00 [running]> on host 5646b9718ecc
[2025-09-03T16:18:27.139+0000] {taskinstance.py:1547} INFO - Exporting env vars: AIRFLOW_CTX_DAG_OWNER='***' AIRFLOW_CTX_DAG_ID='kafka_to_postgres_batch' AIRFLOW_CTX_TASK_ID='consume_and_save_batch' AIRFLOW_CTX_EXECUTION_DATE='2025-09-03T15:37:51.116927+00:00' AIRFLOW_CTX_TRY_NUMBER='2' AIRFLOW_CTX_DAG_RUN_ID='manual__2025-09-03T15:37:51.116927+00:00'
[2025-09-03T16:18:31.105+0000] {conn.py:1521} WARNING - DNS lookup failed for kafka:9092, exception was [Errno -2] Name or service not known. Is your advertised.listeners (called advertised.host.name before Kafka 9) correct and resolvable?
[2025-09-03T16:18:31.106+0000] {conn.py:324} ERROR - <BrokerConnection client_id=kafka-python-2.2.15, node_id=bootstrap-0 host=kafka:9092 <connecting> [unspecified None]>: DNS lookup failed for kafka:9092 (AddressFamily.AF_UNSPEC)
[2025-09-03T16:18:31.108+0000] {conn.py:945} ERROR - <BrokerConnection client_id=kafka-python-2.2.15, node_id=bootstrap-0 host=kafka:9092 <connecting> [unspecified None]>: Closing connection. KafkaConnectionError: DNS failure
[2025-09-03T16:18:31.110+0000] {taskinstance.py:1824} ERROR - Task failed with exception
Traceback (most recent call last):
  File "/home/airflow/.local/lib/python3.7/site-packages/airflow/operators/python.py", line 181, in execute
    return_value = self.execute_callable()
  File "/home/airflow/.local/lib/python3.7/site-packages/airflow/operators/python.py", line 198, in execute_callable
    return self.python_callable(*self.op_args, **self.op_kwargs)
  File "/opt/airflow/dags/dags_utils.py", line 27, in consume_and_save
    group_id="airflow_batch_consumer"
  File "/home/airflow/.local/lib/python3.7/site-packages/kafka/consumer/group.py", line 387, in __init__
    self._client = self.config['kafka_client'](metrics=self._metrics, **self.config)
  File "/home/airflow/.local/lib/python3.7/site-packages/kafka/client_async.py", line 262, in __init__
    self.config['api_version'] = self.check_version()
  File "/home/airflow/.local/lib/python3.7/site-packages/kafka/client_async.py", line 1074, in check_version
    raise Errors.NoBrokersAvailable()
kafka.errors.NoBrokersAvailable: NoBrokersAvailable
[2025-09-03T16:18:31.162+0000] {taskinstance.py:1350} INFO - Marking task as UP_FOR_RETRY. dag_id=kafka_to_postgres_batch, task_id=consume_and_save_batch, execution_date=20250903T153751, start_date=20250903T161824, end_date=20250903T161831
[2025-09-03T16:18:31.216+0000] {standard_task_runner.py:109} ERROR - Failed to execute job 152 for task consume_and_save_batch (NoBrokersAvailable; 230)
[2025-09-03T16:18:31.234+0000] {local_task_job_runner.py:225} INFO - Task exited with return code 1
[2025-09-03T16:18:31.474+0000] {taskinstance.py:2653} INFO - 0 downstream tasks scheduled from follow-on schedule check
