[2025-09-15T21:52:46.992+0000] {logging_mixin.py:150} WARNING - /home/***/.local/lib/python3.7/site-packages/***/utils/sqlalchemy.py:124 DeprecationWarning: The sql_alchemy_conn option in [core] has been moved to the sql_alchemy_conn option in [database] - the old setting has been used, but please update your config.
[2025-09-15T21:52:47.096+0000] {taskinstance.py:1103} INFO - Dependencies all met for dep_context=non-requeueable deps ti=<TaskInstance: kafka_to_postgres_batch.consume_and_save_batch scheduled__2025-09-15T21:22:37.260987+00:00 [queued]>
[2025-09-15T21:52:47.112+0000] {taskinstance.py:1103} INFO - Dependencies all met for dep_context=requeueable deps ti=<TaskInstance: kafka_to_postgres_batch.consume_and_save_batch scheduled__2025-09-15T21:22:37.260987+00:00 [queued]>
[2025-09-15T21:52:47.114+0000] {taskinstance.py:1308} INFO - Starting attempt 1 of 3
[2025-09-15T21:52:47.138+0000] {taskinstance.py:1327} INFO - Executing <Task(PythonOperator): consume_and_save_batch> on 2025-09-15 21:22:37.260987+00:00
[2025-09-15T21:52:47.150+0000] {standard_task_runner.py:57} INFO - Started process 15620 to run task
[2025-09-15T21:52:47.153+0000] {standard_task_runner.py:84} INFO - Running: ['***', 'tasks', 'run', 'kafka_to_postgres_batch', 'consume_and_save_batch', 'scheduled__2025-09-15T21:22:37.260987+00:00', '--job-id', '464', '--raw', '--subdir', 'DAGS_FOLDER/dags.py', '--cfg-path', '/tmp/tmp90uen21e']
[2025-09-15T21:52:47.156+0000] {standard_task_runner.py:85} INFO - Job 464: Subtask consume_and_save_batch
[2025-09-15T21:52:47.180+0000] {logging_mixin.py:150} WARNING - /home/***/.local/lib/python3.7/site-packages/***/settings.py:195 DeprecationWarning: The sql_alchemy_conn option in [core] has been moved to the sql_alchemy_conn option in [database] - the old setting has been used, but please update your config.
[2025-09-15T21:52:47.234+0000] {task_command.py:410} INFO - Running <TaskInstance: kafka_to_postgres_batch.consume_and_save_batch scheduled__2025-09-15T21:22:37.260987+00:00 [running]> on host 4ba3580a27fc
[2025-09-15T21:52:47.255+0000] {logging_mixin.py:150} WARNING - /home/***/.local/lib/python3.7/site-packages/***/utils/sqlalchemy.py:124 DeprecationWarning: The sql_alchemy_conn option in [core] has been moved to the sql_alchemy_conn option in [database] - the old setting has been used, but please update your config.
[2025-09-15T21:52:47.378+0000] {taskinstance.py:1547} INFO - Exporting env vars: AIRFLOW_CTX_DAG_OWNER='***' AIRFLOW_CTX_DAG_ID='kafka_to_postgres_batch' AIRFLOW_CTX_TASK_ID='consume_and_save_batch' AIRFLOW_CTX_EXECUTION_DATE='2025-09-15T21:22:37.260987+00:00' AIRFLOW_CTX_TRY_NUMBER='1' AIRFLOW_CTX_DAG_RUN_ID='scheduled__2025-09-15T21:22:37.260987+00:00'
[2025-09-15T21:52:47.383+0000] {conn.py:397} INFO - <BrokerConnection client_id=kafka-python-2.2.15, node_id=bootstrap-0 host=kafka:29092 <connecting> [IPv4 ('172.23.0.4', 29092)]>: connecting to kafka:29092 [('172.23.0.4', 29092) IPv4]
[2025-09-15T21:52:47.393+0000] {conn.py:618} INFO - <BrokerConnection client_id=kafka-python-2.2.15, node_id=bootstrap-0 host=kafka:29092 <checking_api_versions_recv> [IPv4 ('172.23.0.4', 29092)]>: Broker version identified as 2.6
[2025-09-15T21:52:47.394+0000] {conn.py:457} INFO - <BrokerConnection client_id=kafka-python-2.2.15, node_id=bootstrap-0 host=kafka:29092 <connected> [IPv4 ('172.23.0.4', 29092)]>: Connection complete.
[2025-09-15T21:52:47.396+0000] {subscription_state.py:181} INFO - Updating subscribed topics to: ('user_events',)
[2025-09-15T21:52:47.411+0000] {conn.py:397} INFO - <BrokerConnection client_id=kafka-python-2.2.15, node_id=1 host=kafka:29092 <connecting> [IPv4 ('172.23.0.4', 29092)]>: connecting to kafka:29092 [('172.23.0.4', 29092) IPv4]
[2025-09-15T21:52:47.412+0000] {conn.py:457} INFO - <BrokerConnection client_id=kafka-python-2.2.15, node_id=1 host=kafka:29092 <connected> [IPv4 ('172.23.0.4', 29092)]>: Connection complete.
[2025-09-15T21:52:47.413+0000] {conn.py:945} INFO - <BrokerConnection client_id=kafka-python-2.2.15, node_id=bootstrap-0 host=kafka:29092 <connected> [IPv4 ('172.23.0.4', 29092)]>: Closing connection. 
[2025-09-15T21:52:47.552+0000] {cluster.py:401} INFO - Coordinator for group/***_batch_consumer is ('coordinator-1', 'kafka', 29092, None)
[2025-09-15T21:52:47.553+0000] {base.py:789} INFO - Discovered coordinator coordinator-1 for group ***_batch_consumer
[2025-09-15T21:52:47.553+0000] {base.py:848} INFO - Starting new heartbeat thread
[2025-09-15T21:52:47.555+0000] {consumer.py:366} INFO - Revoking previously assigned partitions () for group ***_batch_consumer
[2025-09-15T21:52:47.555+0000] {base.py:419} INFO - Failed to join group ***_batch_consumer: NodeNotReadyError: coordinator-1
[2025-09-15T21:52:47.557+0000] {conn.py:397} INFO - <BrokerConnection client_id=kafka-python-2.2.15, node_id=coordinator-1 host=kafka:29092 <connecting> [IPv4 ('172.23.0.4', 29092)]>: connecting to kafka:29092 [('172.23.0.4', 29092) IPv4]
[2025-09-15T21:52:47.558+0000] {conn.py:457} INFO - <BrokerConnection client_id=kafka-python-2.2.15, node_id=coordinator-1 host=kafka:29092 <connected> [IPv4 ('172.23.0.4', 29092)]>: Connection complete.
[2025-09-15T21:52:47.659+0000] {base.py:532} INFO - (Re-)joining group ***_batch_consumer
[2025-09-15T21:52:47.738+0000] {base.py:638} INFO - Received member id kafka-python-2.2.15-3a1fc282-c14b-44b1-8153-bb65eb17556b for group ***_batch_consumer; will retry join-group
[2025-09-15T21:52:47.739+0000] {base.py:419} INFO - Failed to join group ***_batch_consumer: [Error 79] MemberIdRequiredError
[2025-09-15T21:52:47.740+0000] {base.py:532} INFO - (Re-)joining group ***_batch_consumer
[2025-09-15T21:52:50.790+0000] {base.py:594} INFO - Successfully joined group ***_batch_consumer <Generation 13 (member_id: kafka-python-2.2.15-3a1fc282-c14b-44b1-8153-bb65eb17556b, protocol: range)>
[2025-09-15T21:52:50.790+0000] {base.py:597} INFO - Elected group leader -- performing partition assignments using range
[2025-09-15T21:52:50.879+0000] {subscription_state.py:254} INFO - Updated partition assignment: [('user_events', 0)]
[2025-09-15T21:52:50.880+0000] {consumer.py:250} INFO - Setting newly assigned partitions (('user_events', 0),) for group ***_batch_consumer
[2025-09-15T21:52:50.899+0000] {dags_utils.py:107} INFO - Received message: {
  "type": "user_profile",
  "user_id": 4303,
  "name": "Jennifer Anderson",
  "email": "jennifer68@example.org",
  "birth_date": "1984-07-11",
  "gender": "female",
  "generated_at": "2025-09-15T21:29:41.829826+00:00"
}
[2025-09-15T21:52:50.900+0000] {dags_utils.py:107} INFO - Received message: {
  "type": "user_device",
  "user_id": 4303,
  "device_type": "desktop",
  "os": "Windows",
  "browser": "Chrome",
  "generated_at": "2025-09-15T21:29:41.830077+00:00"
}
[2025-09-15T21:52:50.900+0000] {dags_utils.py:107} INFO - Received message: {
  "type": "user_location",
  "user_id": 4303,
  "city": "Unknown",
  "country": null,
  "lat": -47.0256645,
  "lon": 45.130409,
  "weather_temp": 6.74,
  "weather_desc": "light rain",
  "generated_at": "2025-09-15T21:29:41.830477+00:00"
}
[2025-09-15T21:52:50.901+0000] {dags_utils.py:107} INFO - Received message: {
  "type": "event",
  "user_id": 4303,
  "session_id": "94f6cc0d-e25c-447d-a696-a3828ed65843",
  "event_type": "view_product",
  "product_id": 8,
  "product_name": "\u041c\u044f\u0447 \u0432\u043e\u043b\u0435\u0439\u0431\u043e\u043b\u044c\u043d\u044b\u0439",
  "product_category": "sports",
  "order_id": null,
  "quantity": null,
  "city": "Unknown",
  "country": null,
  "lat": 40.571774,
  "lon": -30.027373,
  "cost_usd": 54.97,
  "cost_eur": 46.88,
  "cost_rub": 4616.01,
  "weather_temp": 22.21,
  "weather_desc": "overcast clouds",
  "timestamp": "2025-09-15T21:29:45.007713+00:00"
}
[2025-09-15T21:52:50.902+0000] {dags_utils.py:107} INFO - Received message: {
  "type": "event",
  "user_id": 4303,
  "session_id": "66bffe55-306c-4688-b4b3-d2831d09b0a5",
  "event_type": "session_start",
  "product_id": null,
  "product_name": null,
  "product_category": null,
  "order_id": null,
  "quantity": null,
  "city": "Unknown",
  "country": null,
  "lat": -68.0003915,
  "lon": 56.41683,
  "cost_usd": 671.46,
  "cost_eur": 572.6,
  "cost_rub": 56384.7,
  "weather_temp": -26.97,
  "weather_desc": "overcast clouds",
  "timestamp": "2025-09-15T21:29:48.740984+00:00"
}
[2025-09-15T21:52:50.903+0000] {dags_utils.py:107} INFO - Received message: {
  "type": "user_profile",
  "user_id": 3276,
  "name": "Ruben Carter",
  "email": "dawsonjanice@example.org",
  "birth_date": "1968-05-19",
  "gender": "female",
  "generated_at": "2025-09-15T21:30:29.316683+00:00"
}
[2025-09-15T21:52:50.904+0000] {dags_utils.py:107} INFO - Received message: {
  "type": "user_device",
  "user_id": 3276,
  "device_type": "mobile",
  "os": "Linux",
  "browser": "Chrome",
  "generated_at": "2025-09-15T21:30:29.316706+00:00"
}
[2025-09-15T21:52:50.904+0000] {dags_utils.py:107} INFO - Received message: {
  "type": "user_location",
  "user_id": 3276,
  "city": "Unknown",
  "country": null,
  "lat": 50.0355735,
  "lon": 54.885918,
  "weather_temp": 11.84,
  "weather_desc": "broken clouds",
  "generated_at": "2025-09-15T21:30:29.316720+00:00"
}
[2025-09-15T21:52:50.905+0000] {dags_utils.py:107} INFO - Received message: {
  "type": "event",
  "user_id": 3276,
  "session_id": "711c9901-0a00-47bf-ba4f-8265a57ef277",
  "event_type": "view_page",
  "product_id": null,
  "product_name": null,
  "product_category": null,
  "order_id": null,
  "quantity": null,
  "city": "Unknown",
  "country": null,
  "lat": 0.046878,
  "lon": 171.489577,
  "cost_usd": 809.69,
  "cost_eur": 690.47,
  "cost_rub": 67992.32,
  "weather_temp": 27.57,
  "weather_desc": "scattered clouds",
  "timestamp": "2025-09-15T21:30:31.410028+00:00"
}
[2025-09-15T21:52:50.906+0000] {dags_utils.py:107} INFO - Received message: {
  "type": "event",
  "user_id": 3276,
  "session_id": "ca3226e9-2004-4cd9-ac72-8018075de592",
  "event_type": "view_page",
  "product_id": null,
  "product_name": null,
  "product_category": null,
  "order_id": null,
  "quantity": null,
  "city": "Unknown",
  "country": null,
  "lat": 87.1602825,
  "lon": -102.127631,
  "cost_usd": 608.9,
  "cost_eur": 519.25,
  "cost_rub": 51131.33,
  "weather_temp": -4.86,
  "weather_desc": "overcast clouds",
  "timestamp": "2025-09-15T21:30:33.522125+00:00"
}
[2025-09-15T21:52:50.906+0000] {dags_utils.py:107} INFO - Received message: {
  "type": "user_profile",
  "user_id": 142,
  "name": "Teresa Barber",
  "email": "brettmiller@example.org",
  "birth_date": "1971-04-14",
  "gender": "male",
  "generated_at": "2025-09-15T21:31:15.005487+00:00"
}
[2025-09-15T21:52:50.907+0000] {dags_utils.py:107} INFO - Received message: {
  "type": "user_device",
  "user_id": 142,
  "device_type": "tablet",
  "os": "iOS",
  "browser": "Chrome",
  "generated_at": "2025-09-15T21:31:15.005516+00:00"
}
[2025-09-15T21:52:50.907+0000] {dags_utils.py:107} INFO - Received message: {
  "type": "user_location",
  "user_id": 142,
  "city": "Unknown",
  "country": null,
  "lat": 14.2518015,
  "lon": -100.599585,
  "weather_temp": 28.97,
  "weather_desc": "broken clouds",
  "generated_at": "2025-09-15T21:31:15.005530+00:00"
}
[2025-09-15T21:52:50.908+0000] {dags_utils.py:107} INFO - Received message: {
  "type": "event",
  "user_id": 142,
  "session_id": "b3f2d508-498d-47a9-aa2c-af7486a90984",
  "event_type": "filter",
  "product_id": null,
  "product_name": null,
  "product_category": null,
  "order_id": null,
  "quantity": null,
  "city": "Unknown",
  "country": null,
  "lat": 30.582986,
  "lon": -5.817775,
  "cost_usd": 770.45,
  "cost_eur": 657.01,
  "cost_rub": 64697.21,
  "weather_temp": 27.05,
  "weather_desc": "broken clouds",
  "timestamp": "2025-09-15T21:31:17.480286+00:00"
}
[2025-09-15T21:52:50.908+0000] {dags_utils.py:107} INFO - Received message: {
  "type": "event",
  "user_id": 142,
  "session_id": "40272e6c-4869-4abe-bc17-2c3bcedc75a2",
  "event_type": "remove_from_cart",
  "product_id": null,
  "product_name": null,
  "product_category": null,
  "order_id": null,
  "quantity": null,
  "city": "Unknown",
  "country": null,
  "lat": 18.605689,
  "lon": -35.166855,
  "cost_usd": 692.8,
  "cost_eur": 590.79,
  "cost_rub": 58176.69,
  "weather_temp": 26.41,
  "weather_desc": "overcast clouds",
  "timestamp": "2025-09-15T21:31:20.168187+00:00"
}
[2025-09-15T21:53:20.937+0000] {dags_utils.py:189} INFO - [SUCCESS] Consumer finished and flushed buffers
[2025-09-15T21:53:20.942+0000] {base.py:1052} INFO - Stopping heartbeat thread
[2025-09-15T21:53:20.943+0000] {base.py:891} INFO - Leaving consumer group (***_batch_consumer).
[2025-09-15T21:53:20.955+0000] {base.py:907} INFO - LeaveGroup request for group ***_batch_consumer returned successfully
[2025-09-15T21:53:20.956+0000] {conn.py:945} INFO - <BrokerConnection client_id=kafka-python-2.2.15, node_id=1 host=kafka:29092 <connected> [IPv4 ('172.23.0.4', 29092)]>: Closing connection. 
[2025-09-15T21:53:20.957+0000] {fetcher.py:786} INFO - Fetch to node 1 failed: Cancelled: <BrokerConnection client_id=kafka-python-2.2.15, node_id=1 host=kafka:29092 <connected> [IPv4 ('172.23.0.4', 29092)]>
[2025-09-15T21:53:20.957+0000] {conn.py:945} INFO - <BrokerConnection client_id=kafka-python-2.2.15, node_id=coordinator-1 host=kafka:29092 <connected> [IPv4 ('172.23.0.4', 29092)]>: Closing connection. 
[2025-09-15T21:53:20.958+0000] {python.py:183} INFO - Done. Returned value was: None
[2025-09-15T21:53:20.973+0000] {taskinstance.py:1350} INFO - Marking task as SUCCESS. dag_id=kafka_to_postgres_batch, task_id=consume_and_save_batch, execution_date=20250915T212237, start_date=20250915T215247, end_date=20250915T215320
[2025-09-15T21:53:20.975+0000] {logging_mixin.py:150} WARNING - /home/***/.local/lib/python3.7/site-packages/***/utils/context.py:205 AirflowContextDeprecationWarning: Accessing 'execution_date' from the template is deprecated and will be removed in a future version. Please use 'data_interval_start' or 'logical_date' instead.
[2025-09-15T21:53:21.457+0000] {local_task_job_runner.py:225} INFO - Task exited with return code 0
[2025-09-15T21:53:21.495+0000] {taskinstance.py:2653} INFO - 0 downstream tasks scheduled from follow-on schedule check
