[2025-09-06T18:03:02.146+0000] {taskinstance.py:1103} INFO - Dependencies all met for dep_context=non-requeueable deps ti=<TaskInstance: raw_to_dds.load_currencies manual__2025-09-06T17:58:28.593002+00:00 [queued]>
[2025-09-06T18:03:02.303+0000] {taskinstance.py:1103} INFO - Dependencies all met for dep_context=requeueable deps ti=<TaskInstance: raw_to_dds.load_currencies manual__2025-09-06T17:58:28.593002+00:00 [queued]>
[2025-09-06T18:03:02.305+0000] {taskinstance.py:1308} INFO - Starting attempt 2 of 4
[2025-09-06T18:03:02.793+0000] {taskinstance.py:1327} INFO - Executing <Task(PostgresOperator): load_currencies> on 2025-09-06 17:58:28.593002+00:00
[2025-09-06T18:03:02.844+0000] {standard_task_runner.py:57} INFO - Started process 470 to run task
[2025-09-06T18:03:02.857+0000] {standard_task_runner.py:84} INFO - Running: ['***', 'tasks', 'run', 'raw_to_dds', 'load_currencies', 'manual__2025-09-06T17:58:28.593002+00:00', '--job-id', '59', '--raw', '--subdir', 'DAGS_FOLDER/raw_to_dds.py', '--cfg-path', '/tmp/tmpyuef5gr4']
[2025-09-06T18:03:02.863+0000] {standard_task_runner.py:85} INFO - Job 59: Subtask load_currencies
[2025-09-06T18:03:02.934+0000] {logging_mixin.py:150} WARNING - /home/***/.local/lib/python3.7/site-packages/***/settings.py:195 DeprecationWarning: The sql_alchemy_conn option in [core] has been moved to the sql_alchemy_conn option in [database] - the old setting has been used, but please update your config.
[2025-09-06T18:03:03.101+0000] {task_command.py:410} INFO - Running <TaskInstance: raw_to_dds.load_currencies manual__2025-09-06T17:58:28.593002+00:00 [running]> on host ef9bb72bce84
[2025-09-06T18:03:03.353+0000] {taskinstance.py:1547} INFO - Exporting env vars: AIRFLOW_CTX_DAG_OWNER='***' AIRFLOW_CTX_DAG_ID='raw_to_dds' AIRFLOW_CTX_TASK_ID='load_currencies' AIRFLOW_CTX_EXECUTION_DATE='2025-09-06T17:58:28.593002+00:00' AIRFLOW_CTX_TRY_NUMBER='2' AIRFLOW_CTX_DAG_RUN_ID='manual__2025-09-06T17:58:28.593002+00:00'
[2025-09-06T18:03:03.356+0000] {sql.py:265} INFO - Executing: 
        WITH base AS (
            SELECT *
            FROM raw.events
            WHERE cost_usd IS NOT NULL 
              AND (cost_eur IS NOT NULL OR cost_rub IS NOT NULL)
        )
        INSERT INTO dictionary.currencies (code, rate_to_usd, updated_at)
        SELECT code, rate, NOW()
        FROM (
            SELECT 'USD' AS code, 1.0 AS rate
            UNION ALL
            SELECT 'EUR', AVG(NULLIF(b.cost_usd, 0) / NULLIF(b.cost_eur, 0)) 
            FROM base b
            UNION ALL
            SELECT 'RUB', AVG(NULLIF(b.cost_usd, 0) / NULLIF(b.cost_rub, 0)) 
            FROM base b
        ) t
        ON CONFLICT (code) 
        DO UPDATE SET rate_to_usd = EXCLUDED.rate_to_usd, updated_at = NOW();
        
[2025-09-06T18:03:03.387+0000] {base.py:73} INFO - Using connection ID 'postgres_default' for task execution.
[2025-09-06T18:03:03.784+0000] {base.py:73} INFO - Using connection ID 'postgres_default' for task execution.
[2025-09-06T18:03:03.808+0000] {sql.py:375} INFO - Running statement: 
        WITH base AS (
            SELECT *
            FROM raw.events
            WHERE cost_usd IS NOT NULL 
              AND (cost_eur IS NOT NULL OR cost_rub IS NOT NULL)
        )
        INSERT INTO dictionary.currencies (code, rate_to_usd, updated_at)
        SELECT code, rate, NOW()
        FROM (
            SELECT 'USD' AS code, 1.0 AS rate
            UNION ALL
            SELECT 'EUR', AVG(NULLIF(b.cost_usd, 0) / NULLIF(b.cost_eur, 0)) 
            FROM base b
            UNION ALL
            SELECT 'RUB', AVG(NULLIF(b.cost_usd, 0) / NULLIF(b.cost_rub, 0)) 
            FROM base b
        ) t
        ON CONFLICT (code) 
        DO UPDATE SET rate_to_usd = EXCLUDED.rate_to_usd, updated_at = NOW();
        , parameters: None
[2025-09-06T18:03:03.837+0000] {sql.py:384} INFO - Rows affected: 3
[2025-09-06T18:03:03.879+0000] {taskinstance.py:1350} INFO - Marking task as SUCCESS. dag_id=raw_to_dds, task_id=load_currencies, execution_date=20250906T175828, start_date=20250906T180302, end_date=20250906T180303
[2025-09-06T18:03:03.953+0000] {local_task_job_runner.py:225} INFO - Task exited with return code 0
[2025-09-06T18:03:04.021+0000] {taskinstance.py:2653} INFO - 0 downstream tasks scheduled from follow-on schedule check
