[2025-09-06T17:58:43.883+0000] {taskinstance.py:1103} INFO - Dependencies all met for dep_context=non-requeueable deps ti=<TaskInstance: raw_to_dds.load_currencies manual__2025-09-06T17:58:28.593002+00:00 [queued]>
[2025-09-06T17:58:43.901+0000] {taskinstance.py:1103} INFO - Dependencies all met for dep_context=requeueable deps ti=<TaskInstance: raw_to_dds.load_currencies manual__2025-09-06T17:58:28.593002+00:00 [queued]>
[2025-09-06T17:58:43.902+0000] {taskinstance.py:1308} INFO - Starting attempt 1 of 3
[2025-09-06T17:58:43.933+0000] {taskinstance.py:1327} INFO - Executing <Task(PostgresOperator): load_currencies> on 2025-09-06 17:58:28.593002+00:00
[2025-09-06T17:58:43.942+0000] {standard_task_runner.py:57} INFO - Started process 386 to run task
[2025-09-06T17:58:43.946+0000] {standard_task_runner.py:84} INFO - Running: ['***', 'tasks', 'run', 'raw_to_dds', 'load_currencies', 'manual__2025-09-06T17:58:28.593002+00:00', '--job-id', '58', '--raw', '--subdir', 'DAGS_FOLDER/raw_to_dds.py', '--cfg-path', '/tmp/tmpwjdyq450']
[2025-09-06T17:58:43.950+0000] {standard_task_runner.py:85} INFO - Job 58: Subtask load_currencies
[2025-09-06T17:58:43.996+0000] {logging_mixin.py:150} WARNING - /home/***/.local/lib/python3.7/site-packages/***/settings.py:195 DeprecationWarning: The sql_alchemy_conn option in [core] has been moved to the sql_alchemy_conn option in [database] - the old setting has been used, but please update your config.
[2025-09-06T17:58:44.109+0000] {task_command.py:410} INFO - Running <TaskInstance: raw_to_dds.load_currencies manual__2025-09-06T17:58:28.593002+00:00 [running]> on host ef9bb72bce84
[2025-09-06T17:58:44.319+0000] {taskinstance.py:1547} INFO - Exporting env vars: AIRFLOW_CTX_DAG_OWNER='***' AIRFLOW_CTX_DAG_ID='raw_to_dds' AIRFLOW_CTX_TASK_ID='load_currencies' AIRFLOW_CTX_EXECUTION_DATE='2025-09-06T17:58:28.593002+00:00' AIRFLOW_CTX_TRY_NUMBER='1' AIRFLOW_CTX_DAG_RUN_ID='manual__2025-09-06T17:58:28.593002+00:00'
[2025-09-06T17:58:44.321+0000] {sql.py:265} INFO - Executing: 
        INSERT INTO dictionary.currencies (code, rate_to_usd, updated_at)
        SELECT code, rate, NOW()
        FROM (
            SELECT 
                'USD' AS code, 1.0 AS rate
            UNION ALL
            SELECT 
                'EUR', AVG(NULLIF(re.cost_usd, 0) / NULLIF(re.cost_eur, 0))
            UNION ALL
            SELECT 
                'RUB', AVG(NULLIF(re.cost_usd, 0) / NULLIF(re.cost_rub, 0))
            FROM raw.events re
        ) t
        ON CONFLICT (code) 
        DO UPDATE SET rate_to_usd = EXCLUDED.rate_to_usd, updated_at = NOW();
        
[2025-09-06T17:58:44.341+0000] {base.py:73} INFO - Using connection ID 'postgres_default' for task execution.
[2025-09-06T17:58:44.453+0000] {base.py:73} INFO - Using connection ID 'postgres_default' for task execution.
[2025-09-06T17:58:44.469+0000] {sql.py:375} INFO - Running statement: 
        INSERT INTO dictionary.currencies (code, rate_to_usd, updated_at)
        SELECT code, rate, NOW()
        FROM (
            SELECT 
                'USD' AS code, 1.0 AS rate
            UNION ALL
            SELECT 
                'EUR', AVG(NULLIF(re.cost_usd, 0) / NULLIF(re.cost_eur, 0))
            UNION ALL
            SELECT 
                'RUB', AVG(NULLIF(re.cost_usd, 0) / NULLIF(re.cost_rub, 0))
            FROM raw.events re
        ) t
        ON CONFLICT (code) 
        DO UPDATE SET rate_to_usd = EXCLUDED.rate_to_usd, updated_at = NOW();
        , parameters: None
[2025-09-06T17:58:44.475+0000] {taskinstance.py:1824} ERROR - Task failed with exception
Traceback (most recent call last):
  File "/home/airflow/.local/lib/python3.7/site-packages/airflow/providers/common/sql/operators/sql.py", line 277, in execute
    **extra_kwargs,
  File "/home/airflow/.local/lib/python3.7/site-packages/airflow/providers/common/sql/hooks/sql.py", line 349, in run
    self._run_command(cur, sql_statement, parameters)
  File "/home/airflow/.local/lib/python3.7/site-packages/airflow/providers/common/sql/hooks/sql.py", line 380, in _run_command
    cur.execute(sql_statement)
psycopg2.errors.UndefinedTable: missing FROM-clause entry for table "re"
LINE 9:                 'EUR', AVG(NULLIF(re.cost_usd, 0) / NULLIF(r...
                                          ^

[2025-09-06T17:58:44.495+0000] {taskinstance.py:1350} INFO - Marking task as UP_FOR_RETRY. dag_id=raw_to_dds, task_id=load_currencies, execution_date=20250906T175828, start_date=20250906T175843, end_date=20250906T175844
[2025-09-06T17:58:44.530+0000] {standard_task_runner.py:109} ERROR - Failed to execute job 58 for task load_currencies (missing FROM-clause entry for table "re"
LINE 9:                 'EUR', AVG(NULLIF(re.cost_usd, 0) / NULLIF(r...
                                          ^
; 386)
[2025-09-06T17:58:44.560+0000] {local_task_job_runner.py:225} INFO - Task exited with return code 1
[2025-09-06T17:58:44.613+0000] {taskinstance.py:2653} INFO - 0 downstream tasks scheduled from follow-on schedule check
