[2025-09-15T23:07:07.097+0000] {logging_mixin.py:150} WARNING - /home/***/.local/lib/python3.7/site-packages/***/utils/sqlalchemy.py:124 DeprecationWarning: The sql_alchemy_conn option in [core] has been moved to the sql_alchemy_conn option in [database] - the old setting has been used, but please update your config.
[2025-09-15T23:07:07.260+0000] {taskinstance.py:1103} INFO - Dependencies all met for dep_context=non-requeueable deps ti=<TaskInstance: kafka_to_postgres_batch.consume_and_save_batch scheduled__2025-09-15T22:30:19.411538+00:00 [queued]>
[2025-09-15T23:07:07.282+0000] {taskinstance.py:1103} INFO - Dependencies all met for dep_context=requeueable deps ti=<TaskInstance: kafka_to_postgres_batch.consume_and_save_batch scheduled__2025-09-15T22:30:19.411538+00:00 [queued]>
[2025-09-15T23:07:07.284+0000] {taskinstance.py:1308} INFO - Starting attempt 1 of 3
[2025-09-15T23:07:07.310+0000] {taskinstance.py:1327} INFO - Executing <Task(PythonOperator): consume_and_save_batch> on 2025-09-15 22:30:19.411538+00:00
[2025-09-15T23:07:07.327+0000] {standard_task_runner.py:57} INFO - Started process 995 to run task
[2025-09-15T23:07:07.333+0000] {standard_task_runner.py:84} INFO - Running: ['***', 'tasks', 'run', 'kafka_to_postgres_batch', 'consume_and_save_batch', 'scheduled__2025-09-15T22:30:19.411538+00:00', '--job-id', '530', '--raw', '--subdir', 'DAGS_FOLDER/dags.py', '--cfg-path', '/tmp/tmpyq59zlky']
[2025-09-15T23:07:07.347+0000] {standard_task_runner.py:85} INFO - Job 530: Subtask consume_and_save_batch
[2025-09-15T23:07:07.429+0000] {logging_mixin.py:150} WARNING - /home/***/.local/lib/python3.7/site-packages/***/settings.py:195 DeprecationWarning: The sql_alchemy_conn option in [core] has been moved to the sql_alchemy_conn option in [database] - the old setting has been used, but please update your config.
[2025-09-15T23:07:07.532+0000] {task_command.py:410} INFO - Running <TaskInstance: kafka_to_postgres_batch.consume_and_save_batch scheduled__2025-09-15T22:30:19.411538+00:00 [running]> on host 71d7292233fc
[2025-09-15T23:07:07.592+0000] {logging_mixin.py:150} WARNING - /home/***/.local/lib/python3.7/site-packages/***/utils/sqlalchemy.py:124 DeprecationWarning: The sql_alchemy_conn option in [core] has been moved to the sql_alchemy_conn option in [database] - the old setting has been used, but please update your config.
[2025-09-15T23:07:07.831+0000] {taskinstance.py:1547} INFO - Exporting env vars: AIRFLOW_CTX_DAG_OWNER='***' AIRFLOW_CTX_DAG_ID='kafka_to_postgres_batch' AIRFLOW_CTX_TASK_ID='consume_and_save_batch' AIRFLOW_CTX_EXECUTION_DATE='2025-09-15T22:30:19.411538+00:00' AIRFLOW_CTX_TRY_NUMBER='1' AIRFLOW_CTX_DAG_RUN_ID='scheduled__2025-09-15T22:30:19.411538+00:00'
[2025-09-15T23:07:07.849+0000] {conn.py:397} INFO - <BrokerConnection client_id=kafka-python-2.2.15, node_id=bootstrap-0 host=kafka:29092 <connecting> [IPv4 ('172.23.0.2', 29092)]>: connecting to kafka:29092 [('172.23.0.2', 29092) IPv4]
[2025-09-15T23:07:07.872+0000] {conn.py:618} INFO - <BrokerConnection client_id=kafka-python-2.2.15, node_id=bootstrap-0 host=kafka:29092 <checking_api_versions_recv> [IPv4 ('172.23.0.2', 29092)]>: Broker version identified as 2.6
[2025-09-15T23:07:07.873+0000] {conn.py:457} INFO - <BrokerConnection client_id=kafka-python-2.2.15, node_id=bootstrap-0 host=kafka:29092 <connected> [IPv4 ('172.23.0.2', 29092)]>: Connection complete.
[2025-09-15T23:07:07.880+0000] {subscription_state.py:181} INFO - Updating subscribed topics to: ('user_events',)
[2025-09-15T23:07:07.900+0000] {conn.py:397} INFO - <BrokerConnection client_id=kafka-python-2.2.15, node_id=1 host=kafka:29092 <connecting> [IPv4 ('172.23.0.2', 29092)]>: connecting to kafka:29092 [('172.23.0.2', 29092) IPv4]
[2025-09-15T23:07:07.902+0000] {conn.py:457} INFO - <BrokerConnection client_id=kafka-python-2.2.15, node_id=1 host=kafka:29092 <connected> [IPv4 ('172.23.0.2', 29092)]>: Connection complete.
[2025-09-15T23:07:07.903+0000] {conn.py:945} INFO - <BrokerConnection client_id=kafka-python-2.2.15, node_id=bootstrap-0 host=kafka:29092 <connected> [IPv4 ('172.23.0.2', 29092)]>: Closing connection. 
[2025-09-15T23:07:08.021+0000] {cluster.py:401} INFO - Coordinator for group/***_batch_consumer is ('coordinator-1', 'kafka', 29092, None)
[2025-09-15T23:07:08.022+0000] {base.py:789} INFO - Discovered coordinator coordinator-1 for group ***_batch_consumer
[2025-09-15T23:07:08.022+0000] {base.py:848} INFO - Starting new heartbeat thread
[2025-09-15T23:07:08.025+0000] {consumer.py:366} INFO - Revoking previously assigned partitions () for group ***_batch_consumer
[2025-09-15T23:07:08.026+0000] {base.py:419} INFO - Failed to join group ***_batch_consumer: NodeNotReadyError: coordinator-1
[2025-09-15T23:07:08.027+0000] {conn.py:397} INFO - <BrokerConnection client_id=kafka-python-2.2.15, node_id=coordinator-1 host=kafka:29092 <connecting> [IPv4 ('172.23.0.2', 29092)]>: connecting to kafka:29092 [('172.23.0.2', 29092) IPv4]
[2025-09-15T23:07:08.028+0000] {conn.py:457} INFO - <BrokerConnection client_id=kafka-python-2.2.15, node_id=coordinator-1 host=kafka:29092 <connected> [IPv4 ('172.23.0.2', 29092)]>: Connection complete.
[2025-09-15T23:07:08.130+0000] {base.py:532} INFO - (Re-)joining group ***_batch_consumer
[2025-09-15T23:07:08.387+0000] {base.py:638} INFO - Received member id kafka-python-2.2.15-4fc990c0-96d4-486a-a2fd-32344dde4812 for group ***_batch_consumer; will retry join-group
[2025-09-15T23:07:08.395+0000] {base.py:419} INFO - Failed to join group ***_batch_consumer: [Error 79] MemberIdRequiredError
[2025-09-15T23:07:08.398+0000] {base.py:532} INFO - (Re-)joining group ***_batch_consumer
[2025-09-15T23:07:11.607+0000] {base.py:594} INFO - Successfully joined group ***_batch_consumer <Generation 3 (member_id: kafka-python-2.2.15-4fc990c0-96d4-486a-a2fd-32344dde4812, protocol: range)>
[2025-09-15T23:07:11.609+0000] {base.py:597} INFO - Elected group leader -- performing partition assignments using range
[2025-09-15T23:07:11.946+0000] {subscription_state.py:254} INFO - Updated partition assignment: [('user_events', 0)]
[2025-09-15T23:07:11.947+0000] {consumer.py:250} INFO - Setting newly assigned partitions (('user_events', 0),) for group ***_batch_consumer
[2025-09-15T23:07:12.028+0000] {dags_utils.py:107} INFO - Received message: {
  "type": "user_profile",
  "user_id": 1676,
  "name": "Samantha Moore",
  "email": "laurie44@example.net",
  "birth_date": "1956-08-08",
  "gender": "male",
  "generated_at": "2025-09-15T23:05:52.735249+00:00"
}
[2025-09-15T23:07:12.029+0000] {dags_utils.py:107} INFO - Received message: {
  "type": "user_device",
  "user_id": 1676,
  "device_type": "mobile",
  "os": "Windows",
  "browser": "Firefox",
  "generated_at": "2025-09-15T23:05:52.735276+00:00"
}
[2025-09-15T23:07:12.030+0000] {dags_utils.py:107} INFO - Received message: {
  "type": "user_location",
  "user_id": 1676,
  "city": "Unknown",
  "country": null,
  "lat": 55.923189,
  "lon": 58.072103,
  "weather_temp": 10.1,
  "weather_desc": "overcast clouds",
  "generated_at": "2025-09-15T23:05:52.735288+00:00"
}
[2025-09-15T23:07:12.031+0000] {dags_utils.py:107} INFO - Received message: {
  "type": "event",
  "user_id": 1676,
  "session_id": "bcddf298-5327-4325-8e75-24dd5ff2cc6b",
  "event_type": "signup",
  "product_id": null,
  "product_name": null,
  "product_category": null,
  "order_id": null,
  "quantity": null,
  "city": "Unknown",
  "country": null,
  "lat": 14.40792,
  "lon": -123.70779,
  "cost_usd": 556.69,
  "cost_eur": 474.73,
  "cost_rub": 46747.08,
  "weather_temp": 25.96,
  "weather_desc": "broken clouds",
  "timestamp": "2025-09-15T23:05:55.404414+00:00"
}
[2025-09-15T23:07:12.033+0000] {dags_utils.py:107} INFO - Received message: {
  "type": "event",
  "user_id": 1676,
  "session_id": "55870174-ffe0-4000-bb06-4c486bac6a75",
  "event_type": "view_page",
  "product_id": null,
  "product_name": null,
  "product_category": null,
  "order_id": null,
  "quantity": null,
  "city": "Unknown",
  "country": null,
  "lat": 69.233841,
  "lon": -25.669174,
  "cost_usd": 617.13,
  "cost_eur": 526.27,
  "cost_rub": 51822.43,
  "weather_temp": -4.91,
  "weather_desc": "overcast clouds",
  "timestamp": "2025-09-15T23:05:57.465682+00:00"
}
[2025-09-15T23:07:12.035+0000] {dags_utils.py:107} INFO - Received message: {
  "type": "user_profile",
  "user_id": 1099,
  "name": "Carrie Glover",
  "email": "fdavila@example.com",
  "birth_date": "1988-04-06",
  "gender": "male",
  "generated_at": "2025-09-15T23:06:25.094400+00:00"
}
[2025-09-15T23:07:12.036+0000] {dags_utils.py:107} INFO - Received message: {
  "type": "user_device",
  "user_id": 1099,
  "device_type": "tablet",
  "os": "MacOS",
  "browser": "Firefox",
  "generated_at": "2025-09-15T23:06:25.094501+00:00"
}
[2025-09-15T23:07:12.037+0000] {dags_utils.py:107} INFO - Received message: {
  "type": "user_location",
  "user_id": 1099,
  "city": "Unknown",
  "country": null,
  "lat": 9.7193235,
  "lon": 143.984785,
  "weather_temp": 28.68,
  "weather_desc": "overcast clouds",
  "generated_at": "2025-09-15T23:06:25.094540+00:00"
}
[2025-09-15T23:07:12.038+0000] {dags_utils.py:107} INFO - Received message: {
  "type": "event",
  "user_id": 1099,
  "session_id": "dca99289-ef0f-4c7d-8942-8f9ef14536ae",
  "event_type": "view_page",
  "product_id": null,
  "product_name": null,
  "product_category": null,
  "order_id": null,
  "quantity": null,
  "city": "Unknown",
  "country": null,
  "lat": 61.370032,
  "lon": -65.708169,
  "cost_usd": 142.14,
  "cost_eur": 121.21,
  "cost_rub": 11935.96,
  "weather_temp": 1.06,
  "weather_desc": "overcast clouds",
  "timestamp": "2025-09-15T23:06:27.543213+00:00"
}
[2025-09-15T23:07:12.039+0000] {dags_utils.py:107} INFO - Received message: {
  "type": "event",
  "user_id": 1099,
  "session_id": "98157dc1-a487-41c8-900d-493441bcee39",
  "event_type": "purchase",
  "product_id": 4,
  "product_name": "Samsung TV",
  "product_category": "electronics",
  "order_id": "677e1c30-26e9-4456-93fc-037d05ea3f88",
  "quantity": 2,
  "city": "Unknown",
  "country": null,
  "lat": 78.010606,
  "lon": 95.254186,
  "cost_usd": 28.85,
  "cost_eur": 24.6,
  "cost_rub": 2422.63,
  "weather_temp": -1.94,
  "weather_desc": "overcast clouds",
  "timestamp": "2025-09-15T23:06:31.496449+00:00"
}
[2025-09-15T23:07:12.040+0000] {dags_utils.py:107} INFO - Received message: {
  "type": "order",
  "order_id": "677e1c30-26e9-4456-93fc-037d05ea3f88",
  "user_id": 1099,
  "order_ts": "2025-09-15T23:06:31.498525+00:00",
  "total_usd": 3999.98,
  "generated_at": "2025-09-15T23:06:31.498573+00:00"
}
[2025-09-15T23:07:12.041+0000] {dags_utils.py:107} INFO - Received message: {
  "type": "order_item",
  "order_id": "677e1c30-26e9-4456-93fc-037d05ea3f88",
  "product_id": 4,
  "quantity": 2,
  "price_usd": 1999.99,
  "generated_at": "2025-09-15T23:06:31.498588+00:00"
}
[2025-09-15T23:07:27.212+0000] {base.py:952} WARNING - Heartbeat failed for group ***_batch_consumer because it is rebalancing
[2025-09-15T23:07:27.231+0000] {consumer.py:366} INFO - Revoking previously assigned partitions (('user_events', 0),) for group ***_batch_consumer
[2025-09-15T23:07:27.233+0000] {base.py:532} INFO - (Re-)joining group ***_batch_consumer
[2025-09-15T23:07:27.259+0000] {base.py:594} INFO - Successfully joined group ***_batch_consumer <Generation 4 (member_id: kafka-python-2.2.15-4fc990c0-96d4-486a-a2fd-32344dde4812, protocol: range)>
[2025-09-15T23:07:27.267+0000] {base.py:597} INFO - Elected group leader -- performing partition assignments using range
[2025-09-15T23:07:27.324+0000] {subscription_state.py:254} INFO - Updated partition assignment: [('user_events', 0)]
[2025-09-15T23:07:27.366+0000] {consumer.py:250} INFO - Setting newly assigned partitions (('user_events', 0),) for group ***_batch_consumer
[2025-09-15T23:07:42.145+0000] {dags_utils.py:189} INFO - [SUCCESS] Consumer finished and flushed buffers
[2025-09-15T23:07:42.176+0000] {base.py:1052} INFO - Stopping heartbeat thread
[2025-09-15T23:07:42.182+0000] {base.py:891} INFO - Leaving consumer group (***_batch_consumer).
[2025-09-15T23:07:42.386+0000] {base.py:907} INFO - LeaveGroup request for group ***_batch_consumer returned successfully
[2025-09-15T23:07:42.391+0000] {conn.py:945} INFO - <BrokerConnection client_id=kafka-python-2.2.15, node_id=1 host=kafka:29092 <connected> [IPv4 ('172.23.0.2', 29092)]>: Closing connection. 
[2025-09-15T23:07:42.395+0000] {conn.py:945} INFO - <BrokerConnection client_id=kafka-python-2.2.15, node_id=coordinator-1 host=kafka:29092 <connected> [IPv4 ('172.23.0.2', 29092)]>: Closing connection. 
[2025-09-15T23:07:42.404+0000] {python.py:183} INFO - Done. Returned value was: None
[2025-09-15T23:07:42.652+0000] {taskinstance.py:1350} INFO - Marking task as SUCCESS. dag_id=kafka_to_postgres_batch, task_id=consume_and_save_batch, execution_date=20250915T223019, start_date=20250915T230707, end_date=20250915T230742
[2025-09-15T23:07:42.694+0000] {logging_mixin.py:150} WARNING - /home/***/.local/lib/python3.7/site-packages/***/utils/context.py:205 AirflowContextDeprecationWarning: Accessing 'execution_date' from the template is deprecated and will be removed in a future version. Please use 'data_interval_start' or 'logical_date' instead.
[2025-09-15T23:07:43.554+0000] {local_task_job_runner.py:225} INFO - Task exited with return code 0
[2025-09-15T23:07:43.797+0000] {taskinstance.py:2653} INFO - 0 downstream tasks scheduled from follow-on schedule check
