[2025-09-15T22:09:37.829+0000] {logging_mixin.py:150} WARNING - /home/***/.local/lib/python3.7/site-packages/***/utils/sqlalchemy.py:124 DeprecationWarning: The sql_alchemy_conn option in [core] has been moved to the sql_alchemy_conn option in [database] - the old setting has been used, but please update your config.
[2025-09-15T22:09:37.863+0000] {taskinstance.py:1097} INFO - Dependencies not met for <TaskInstance: dds_to_clickhouse_enhanced.load_user_engagement scheduled__2025-09-14T00:00:00+00:00 [up_for_retry]>, dependency 'Not In Retry Period' FAILED: Task is not ready for retry yet but will be retried automatically. Current date is 2025-09-15T22:09:37.863134+00:00 and task will be retried at 2025-09-15T22:14:34.102721+00:00.
[2025-09-15T22:09:37.883+0000] {local_task_job_runner.py:154} INFO - Task is not able to be run
[2025-09-15T22:11:54.519+0000] {logging_mixin.py:150} WARNING - /home/***/.local/lib/python3.7/site-packages/***/utils/sqlalchemy.py:124 DeprecationWarning: The sql_alchemy_conn option in [core] has been moved to the sql_alchemy_conn option in [database] - the old setting has been used, but please update your config.
[2025-09-15T22:11:54.596+0000] {taskinstance.py:1103} INFO - Dependencies all met for dep_context=non-requeueable deps ti=<TaskInstance: dds_to_clickhouse_enhanced.load_user_engagement scheduled__2025-09-14T00:00:00+00:00 [queued]>
[2025-09-15T22:11:54.720+0000] {taskinstance.py:1103} INFO - Dependencies all met for dep_context=requeueable deps ti=<TaskInstance: dds_to_clickhouse_enhanced.load_user_engagement scheduled__2025-09-14T00:00:00+00:00 [queued]>
[2025-09-15T22:11:54.723+0000] {taskinstance.py:1308} INFO - Starting attempt 5 of 6
[2025-09-15T22:11:55.463+0000] {taskinstance.py:1327} INFO - Executing <Task(PythonOperator): load_user_engagement> on 2025-09-14 00:00:00+00:00
[2025-09-15T22:11:55.522+0000] {standard_task_runner.py:57} INFO - Started process 1486 to run task
[2025-09-15T22:11:55.566+0000] {standard_task_runner.py:84} INFO - Running: ['***', 'tasks', 'run', 'dds_to_clickhouse_enhanced', 'load_user_engagement', 'scheduled__2025-09-14T00:00:00+00:00', '--job-id', '483', '--raw', '--subdir', 'DAGS_FOLDER/dds_to_clickhouse.py', '--cfg-path', '/tmp/tmplt0iurad']
[2025-09-15T22:11:55.571+0000] {standard_task_runner.py:85} INFO - Job 483: Subtask load_user_engagement
[2025-09-15T22:11:55.771+0000] {logging_mixin.py:150} WARNING - /home/***/.local/lib/python3.7/site-packages/***/settings.py:195 DeprecationWarning: The sql_alchemy_conn option in [core] has been moved to the sql_alchemy_conn option in [database] - the old setting has been used, but please update your config.
[2025-09-15T22:11:55.875+0000] {task_command.py:410} INFO - Running <TaskInstance: dds_to_clickhouse_enhanced.load_user_engagement scheduled__2025-09-14T00:00:00+00:00 [running]> on host 71d7292233fc
[2025-09-15T22:11:55.907+0000] {logging_mixin.py:150} WARNING - /home/***/.local/lib/python3.7/site-packages/***/utils/sqlalchemy.py:124 DeprecationWarning: The sql_alchemy_conn option in [core] has been moved to the sql_alchemy_conn option in [database] - the old setting has been used, but please update your config.
[2025-09-15T22:11:56.082+0000] {taskinstance.py:1547} INFO - Exporting env vars: AIRFLOW_CTX_DAG_OWNER='***' AIRFLOW_CTX_DAG_ID='dds_to_clickhouse_enhanced' AIRFLOW_CTX_TASK_ID='load_user_engagement' AIRFLOW_CTX_EXECUTION_DATE='2025-09-14T00:00:00+00:00' AIRFLOW_CTX_TRY_NUMBER='5' AIRFLOW_CTX_DAG_RUN_ID='scheduled__2025-09-14T00:00:00+00:00'
[2025-09-15T22:11:56.259+0000] {dds_to_clickhouse.py:133} INFO - ✅ Загружено 37 строк в user_engagement
[2025-09-15T22:11:56.260+0000] {python.py:183} INFO - Done. Returned value was: None
[2025-09-15T22:11:56.284+0000] {taskinstance.py:1350} INFO - Marking task as SUCCESS. dag_id=dds_to_clickhouse_enhanced, task_id=load_user_engagement, execution_date=20250914T000000, start_date=20250915T221154, end_date=20250915T221156
[2025-09-15T22:11:56.329+0000] {local_task_job_runner.py:225} INFO - Task exited with return code 0
[2025-09-15T22:11:56.365+0000] {taskinstance.py:2653} INFO - 0 downstream tasks scheduled from follow-on schedule check
