[2025-09-03T15:37:08.261+0000] {logging_mixin.py:150} WARNING - /home/***/.local/lib/python3.7/site-packages/***/utils/sqlalchemy.py:124 DeprecationWarning: The sql_alchemy_conn option in [core] has been moved to the sql_alchemy_conn option in [database] - the old setting has been used, but please update your config.
[2025-09-03T15:37:08.278+0000] {taskinstance.py:1103} INFO - Dependencies all met for dep_context=non-requeueable deps ti=<TaskInstance: kafka_to_postgres_batch.create_events_table scheduled__2025-09-03T15:01:39.718241+00:00 [queued]>
[2025-09-03T15:37:08.296+0000] {taskinstance.py:1103} INFO - Dependencies all met for dep_context=requeueable deps ti=<TaskInstance: kafka_to_postgres_batch.create_events_table scheduled__2025-09-03T15:01:39.718241+00:00 [queued]>
[2025-09-03T15:37:08.297+0000] {taskinstance.py:1308} INFO - Starting attempt 2 of 3
[2025-09-03T15:37:08.329+0000] {taskinstance.py:1327} INFO - Executing <Task(PostgresOperator): create_events_table> on 2025-09-03 15:01:39.718241+00:00
[2025-09-03T15:37:08.345+0000] {standard_task_runner.py:57} INFO - Started process 955 to run task
[2025-09-03T15:37:08.349+0000] {standard_task_runner.py:84} INFO - Running: ['***', 'tasks', 'run', 'kafka_to_postgres_batch', 'create_events_table', 'scheduled__2025-09-03T15:01:39.718241+00:00', '--job-id', '108', '--raw', '--subdir', 'DAGS_FOLDER/dags.py', '--cfg-path', '/tmp/tmpf11qr62s']
[2025-09-03T15:37:08.357+0000] {standard_task_runner.py:85} INFO - Job 108: Subtask create_events_table
[2025-09-03T15:37:08.440+0000] {logging_mixin.py:150} WARNING - /home/***/.local/lib/python3.7/site-packages/***/settings.py:195 DeprecationWarning: The sql_alchemy_conn option in [core] has been moved to the sql_alchemy_conn option in [database] - the old setting has been used, but please update your config.
[2025-09-03T15:37:08.533+0000] {task_command.py:410} INFO - Running <TaskInstance: kafka_to_postgres_batch.create_events_table scheduled__2025-09-03T15:01:39.718241+00:00 [running]> on host 5646b9718ecc
[2025-09-03T15:37:08.561+0000] {logging_mixin.py:150} WARNING - /home/***/.local/lib/python3.7/site-packages/***/utils/sqlalchemy.py:124 DeprecationWarning: The sql_alchemy_conn option in [core] has been moved to the sql_alchemy_conn option in [database] - the old setting has been used, but please update your config.
[2025-09-03T15:37:08.713+0000] {taskinstance.py:1547} INFO - Exporting env vars: AIRFLOW_CTX_DAG_OWNER='***' AIRFLOW_CTX_DAG_ID='kafka_to_postgres_batch' AIRFLOW_CTX_TASK_ID='create_events_table' AIRFLOW_CTX_EXECUTION_DATE='2025-09-03T15:01:39.718241+00:00' AIRFLOW_CTX_TRY_NUMBER='2' AIRFLOW_CTX_DAG_RUN_ID='scheduled__2025-09-03T15:01:39.718241+00:00'
[2025-09-03T15:37:08.715+0000] {sql.py:265} INFO - Executing: 
        CREATE TABLE IF NOT EXISTS raw.events (
            id SERIAL PRIMARY KEY,
            user_id INT,
            event_type TEXT,
            city TEXT,
            country TEXT,
            lat DOUBLE PRECISION,
            lon DOUBLE PRECISION,
            cost_usd NUMERIC(10,2),
            cost_eur NUMERIC(10,2),
            cost_rub NUMERIC(10,2),
            weather_temp NUMERIC(5,2),
            weather_desc TEXT,
            timestamp TIMESTAMPTZ DEFAULT NOW()
        );

        CREATE INDEX IF NOT EXISTS idx_raw_events_user_id ON raw.events(user_id);
        CREATE INDEX IF NOT EXISTS idx_raw_events_timestamp ON raw.events(event_timestamp);
        
[2025-09-03T15:37:08.737+0000] {base.py:73} INFO - Using connection ID 'postgres_default' for task execution.
[2025-09-03T15:37:08.968+0000] {base.py:73} INFO - Using connection ID 'postgres_default' for task execution.
[2025-09-03T15:37:08.980+0000] {sql.py:375} INFO - Running statement: 
        CREATE TABLE IF NOT EXISTS raw.events (
            id SERIAL PRIMARY KEY,
            user_id INT,
            event_type TEXT,
            city TEXT,
            country TEXT,
            lat DOUBLE PRECISION,
            lon DOUBLE PRECISION,
            cost_usd NUMERIC(10,2),
            cost_eur NUMERIC(10,2),
            cost_rub NUMERIC(10,2),
            weather_temp NUMERIC(5,2),
            weather_desc TEXT,
            timestamp TIMESTAMPTZ DEFAULT NOW()
        );

        CREATE INDEX IF NOT EXISTS idx_raw_events_user_id ON raw.events(user_id);
        CREATE INDEX IF NOT EXISTS idx_raw_events_timestamp ON raw.events(event_timestamp);
        , parameters: None
[2025-09-03T15:37:09.025+0000] {taskinstance.py:1824} ERROR - Task failed with exception
Traceback (most recent call last):
  File "/home/airflow/.local/lib/python3.7/site-packages/airflow/providers/common/sql/operators/sql.py", line 277, in execute
    **extra_kwargs,
  File "/home/airflow/.local/lib/python3.7/site-packages/airflow/providers/common/sql/hooks/sql.py", line 349, in run
    self._run_command(cur, sql_statement, parameters)
  File "/home/airflow/.local/lib/python3.7/site-packages/airflow/providers/common/sql/hooks/sql.py", line 380, in _run_command
    cur.execute(sql_statement)
psycopg2.errors.UndefinedColumn: column "event_timestamp" does not exist

[2025-09-03T15:37:09.043+0000] {taskinstance.py:1350} INFO - Marking task as UP_FOR_RETRY. dag_id=kafka_to_postgres_batch, task_id=create_events_table, execution_date=20250903T150139, start_date=20250903T153708, end_date=20250903T153709
[2025-09-03T15:37:09.066+0000] {standard_task_runner.py:109} ERROR - Failed to execute job 108 for task create_events_table (column "event_timestamp" does not exist
; 955)
[2025-09-03T15:37:09.089+0000] {local_task_job_runner.py:225} INFO - Task exited with return code 1
[2025-09-03T15:37:09.127+0000] {taskinstance.py:2653} INFO - 0 downstream tasks scheduled from follow-on schedule check
