[2025-09-02T21:00:08.709+0000] {logging_mixin.py:150} WARNING - /home/***/.local/lib/python3.7/site-packages/***/utils/sqlalchemy.py:124 DeprecationWarning: The sql_alchemy_conn option in [core] has been moved to the sql_alchemy_conn option in [database] - the old setting has been used, but please update your config.
[2025-09-02T21:00:08.730+0000] {taskinstance.py:1103} INFO - Dependencies all met for dep_context=non-requeueable deps ti=<TaskInstance: kafka_to_postgres.create_schemas scheduled__2025-09-02T20:00:00+00:00 [queued]>
[2025-09-02T21:00:08.754+0000] {taskinstance.py:1103} INFO - Dependencies all met for dep_context=requeueable deps ti=<TaskInstance: kafka_to_postgres.create_schemas scheduled__2025-09-02T20:00:00+00:00 [queued]>
[2025-09-02T21:00:08.757+0000] {taskinstance.py:1308} INFO - Starting attempt 1 of 3
[2025-09-02T21:00:08.812+0000] {taskinstance.py:1327} INFO - Executing <Task(PostgresOperator): create_schemas> on 2025-09-02 20:00:00+00:00
[2025-09-02T21:00:08.833+0000] {standard_task_runner.py:57} INFO - Started process 680 to run task
[2025-09-02T21:00:08.862+0000] {standard_task_runner.py:84} INFO - Running: ['***', 'tasks', 'run', 'kafka_to_postgres', 'create_schemas', 'scheduled__2025-09-02T20:00:00+00:00', '--job-id', '96', '--raw', '--subdir', 'DAGS_FOLDER/dags.py', '--cfg-path', '/tmp/tmpyw64aasj']
[2025-09-02T21:00:08.876+0000] {standard_task_runner.py:85} INFO - Job 96: Subtask create_schemas
[2025-09-02T21:00:08.953+0000] {logging_mixin.py:150} WARNING - /home/***/.local/lib/python3.7/site-packages/***/settings.py:195 DeprecationWarning: The sql_alchemy_conn option in [core] has been moved to the sql_alchemy_conn option in [database] - the old setting has been used, but please update your config.
[2025-09-02T21:00:09.106+0000] {task_command.py:410} INFO - Running <TaskInstance: kafka_to_postgres.create_schemas scheduled__2025-09-02T20:00:00+00:00 [running]> on host 5646b9718ecc
[2025-09-02T21:00:09.156+0000] {logging_mixin.py:150} WARNING - /home/***/.local/lib/python3.7/site-packages/***/utils/sqlalchemy.py:124 DeprecationWarning: The sql_alchemy_conn option in [core] has been moved to the sql_alchemy_conn option in [database] - the old setting has been used, but please update your config.
[2025-09-02T21:00:09.461+0000] {taskinstance.py:1547} INFO - Exporting env vars: AIRFLOW_CTX_DAG_OWNER='***' AIRFLOW_CTX_DAG_ID='kafka_to_postgres' AIRFLOW_CTX_TASK_ID='create_schemas' AIRFLOW_CTX_EXECUTION_DATE='2025-09-02T20:00:00+00:00' AIRFLOW_CTX_TRY_NUMBER='1' AIRFLOW_CTX_DAG_RUN_ID='scheduled__2025-09-02T20:00:00+00:00'
[2025-09-02T21:00:09.464+0000] {sql.py:265} INFO - Executing: 
        CREATE SCHEMA IF NOT EXISTS raw;
        CREATE SCHEMA IF NOT EXISTS dds;
        CREATE SCHEMA IF NOT EXISTS dictionary;
        
[2025-09-02T21:00:09.493+0000] {base.py:73} INFO - Using connection ID 'postgres_default' for task execution.
[2025-09-02T21:00:09.693+0000] {base.py:73} INFO - Using connection ID 'postgres_default' for task execution.
[2025-09-02T21:00:09.705+0000] {sql.py:375} INFO - Running statement: 
        CREATE SCHEMA IF NOT EXISTS raw;
        CREATE SCHEMA IF NOT EXISTS dds;
        CREATE SCHEMA IF NOT EXISTS dictionary;
        , parameters: None
[2025-09-02T21:00:09.729+0000] {taskinstance.py:1350} INFO - Marking task as SUCCESS. dag_id=kafka_to_postgres, task_id=create_schemas, execution_date=20250902T200000, start_date=20250902T210008, end_date=20250902T210009
[2025-09-02T21:00:09.791+0000] {local_task_job_runner.py:225} INFO - Task exited with return code 0
[2025-09-02T21:00:09.845+0000] {taskinstance.py:2653} INFO - 1 downstream tasks scheduled from follow-on schedule check
