[2025-09-14T19:56:50.069+0000] {logging_mixin.py:150} WARNING - /home/***/.local/lib/python3.7/site-packages/***/utils/sqlalchemy.py:124 DeprecationWarning: The sql_alchemy_conn option in [core] has been moved to the sql_alchemy_conn option in [database] - the old setting has been used, but please update your config.
[2025-09-14T19:56:50.898+0000] {taskinstance.py:1103} INFO - Dependencies all met for dep_context=non-requeueable deps ti=<TaskInstance: raw_to_dds_enhanced.load_events scheduled__2025-09-14T18:56:23.947968+00:00 [queued]>
[2025-09-14T19:56:50.951+0000] {taskinstance.py:1103} INFO - Dependencies all met for dep_context=requeueable deps ti=<TaskInstance: raw_to_dds_enhanced.load_events scheduled__2025-09-14T18:56:23.947968+00:00 [queued]>
[2025-09-14T19:56:50.955+0000] {taskinstance.py:1308} INFO - Starting attempt 1 of 3
[2025-09-14T19:56:51.104+0000] {taskinstance.py:1327} INFO - Executing <Task(PythonOperator): load_events> on 2025-09-14 18:56:23.947968+00:00
[2025-09-14T19:56:51.334+0000] {standard_task_runner.py:57} INFO - Started process 12987 to run task
[2025-09-14T19:56:51.610+0000] {standard_task_runner.py:84} INFO - Running: ['***', 'tasks', 'run', 'raw_to_dds_enhanced', 'load_events', 'scheduled__2025-09-14T18:56:23.947968+00:00', '--job-id', '257', '--raw', '--subdir', 'DAGS_FOLDER/raw_to_dds.py', '--cfg-path', '/tmp/tmpikya74hu']
[2025-09-14T19:56:51.821+0000] {standard_task_runner.py:85} INFO - Job 257: Subtask load_events
[2025-09-14T19:56:52.995+0000] {logging_mixin.py:150} WARNING - /home/***/.local/lib/python3.7/site-packages/***/settings.py:195 DeprecationWarning: The sql_alchemy_conn option in [core] has been moved to the sql_alchemy_conn option in [database] - the old setting has been used, but please update your config.
[2025-09-14T19:56:53.964+0000] {task_command.py:410} INFO - Running <TaskInstance: raw_to_dds_enhanced.load_events scheduled__2025-09-14T18:56:23.947968+00:00 [running]> on host 3deaa5b4a23c
[2025-09-14T19:56:54.264+0000] {logging_mixin.py:150} WARNING - /home/***/.local/lib/python3.7/site-packages/***/utils/sqlalchemy.py:124 DeprecationWarning: The sql_alchemy_conn option in [core] has been moved to the sql_alchemy_conn option in [database] - the old setting has been used, but please update your config.
[2025-09-14T19:57:10.397+0000] {job.py:213} ERROR - Job heartbeat got an exception
Traceback (most recent call last):
  File "/home/airflow/.local/lib/python3.7/site-packages/sqlalchemy/engine/base.py", line 3371, in _wrap_pool_connect
    return fn()
  File "/home/airflow/.local/lib/python3.7/site-packages/sqlalchemy/pool/base.py", line 327, in connect
    return _ConnectionFairy._checkout(self)
  File "/home/airflow/.local/lib/python3.7/site-packages/sqlalchemy/pool/base.py", line 894, in _checkout
    fairy = _ConnectionRecord.checkout(pool)
  File "/home/airflow/.local/lib/python3.7/site-packages/sqlalchemy/pool/base.py", line 493, in checkout
    rec = pool._do_get()
  File "/home/airflow/.local/lib/python3.7/site-packages/sqlalchemy/pool/impl.py", line 256, in _do_get
    return self._create_connection()
  File "/home/airflow/.local/lib/python3.7/site-packages/sqlalchemy/pool/base.py", line 273, in _create_connection
    return _ConnectionRecord(self)
  File "/home/airflow/.local/lib/python3.7/site-packages/sqlalchemy/pool/base.py", line 388, in __init__
    self.__connect()
  File "/home/airflow/.local/lib/python3.7/site-packages/sqlalchemy/pool/base.py", line 691, in __connect
    pool.logger.debug("Error on connect(): %s", e)
  File "/home/airflow/.local/lib/python3.7/site-packages/sqlalchemy/util/langhelpers.py", line 72, in __exit__
    with_traceback=exc_tb,
  File "/home/airflow/.local/lib/python3.7/site-packages/sqlalchemy/util/compat.py", line 211, in raise_
    raise exception
  File "/home/airflow/.local/lib/python3.7/site-packages/sqlalchemy/pool/base.py", line 686, in __connect
    self.dbapi_connection = connection = pool._invoke_creator(self)
  File "/home/airflow/.local/lib/python3.7/site-packages/sqlalchemy/engine/create.py", line 574, in connect
    return dialect.connect(*cargs, **cparams)
  File "/home/airflow/.local/lib/python3.7/site-packages/sqlalchemy/engine/default.py", line 598, in connect
    return self.dbapi.connect(*cargs, **cparams)
  File "/home/airflow/.local/lib/python3.7/site-packages/psycopg2/__init__.py", line 122, in connect
    conn = _connect(dsn, connection_factory=connection_factory, **kwasync)
psycopg2.OperationalError: could not translate host name "postgres" to address: Temporary failure in name resolution


The above exception was the direct cause of the following exception:

Traceback (most recent call last):
  File "/home/airflow/.local/lib/python3.7/site-packages/airflow/jobs/job.py", line 184, in heartbeat
    session.merge(self)
  File "/home/airflow/.local/lib/python3.7/site-packages/sqlalchemy/orm/session.py", line 3062, in merge
    _resolve_conflict_map=_resolve_conflict_map,
  File "/home/airflow/.local/lib/python3.7/site-packages/sqlalchemy/orm/session.py", line 3140, in _merge
    options=options,
  File "/home/airflow/.local/lib/python3.7/site-packages/sqlalchemy/orm/session.py", line 2861, in get
    execution_options=execution_options,
  File "/home/airflow/.local/lib/python3.7/site-packages/sqlalchemy/orm/session.py", line 2979, in _get_impl
    load_options=load_options,
  File "/home/airflow/.local/lib/python3.7/site-packages/sqlalchemy/orm/loading.py", line 534, in load_on_pk_identity
    bind_arguments=bind_arguments,
  File "/home/airflow/.local/lib/python3.7/site-packages/sqlalchemy/orm/session.py", line 1716, in execute
    conn = self._connection_for_bind(bind)
  File "/home/airflow/.local/lib/python3.7/site-packages/sqlalchemy/orm/session.py", line 1556, in _connection_for_bind
    engine, execution_options
  File "/home/airflow/.local/lib/python3.7/site-packages/sqlalchemy/orm/session.py", line 750, in _connection_for_bind
    conn = bind.connect()
  File "/home/airflow/.local/lib/python3.7/site-packages/sqlalchemy/engine/base.py", line 3325, in connect
    return self._connection_cls(self, close_with_result=close_with_result)
  File "/home/airflow/.local/lib/python3.7/site-packages/sqlalchemy/engine/base.py", line 96, in __init__
    else engine.raw_connection()
  File "/home/airflow/.local/lib/python3.7/site-packages/sqlalchemy/engine/base.py", line 3404, in raw_connection
    return self._wrap_pool_connect(self.pool.connect, _connection)
  File "/home/airflow/.local/lib/python3.7/site-packages/sqlalchemy/engine/base.py", line 3375, in _wrap_pool_connect
    e, dialect, self
  File "/home/airflow/.local/lib/python3.7/site-packages/sqlalchemy/engine/base.py", line 2209, in _handle_dbapi_exception_noconnection
    sqlalchemy_exception, with_traceback=exc_info[2], from_=e
  File "/home/airflow/.local/lib/python3.7/site-packages/sqlalchemy/util/compat.py", line 211, in raise_
    raise exception
  File "/home/airflow/.local/lib/python3.7/site-packages/sqlalchemy/engine/base.py", line 3371, in _wrap_pool_connect
    return fn()
  File "/home/airflow/.local/lib/python3.7/site-packages/sqlalchemy/pool/base.py", line 327, in connect
    return _ConnectionFairy._checkout(self)
  File "/home/airflow/.local/lib/python3.7/site-packages/sqlalchemy/pool/base.py", line 894, in _checkout
    fairy = _ConnectionRecord.checkout(pool)
  File "/home/airflow/.local/lib/python3.7/site-packages/sqlalchemy/pool/base.py", line 493, in checkout
    rec = pool._do_get()
  File "/home/airflow/.local/lib/python3.7/site-packages/sqlalchemy/pool/impl.py", line 256, in _do_get
    return self._create_connection()
  File "/home/airflow/.local/lib/python3.7/site-packages/sqlalchemy/pool/base.py", line 273, in _create_connection
    return _ConnectionRecord(self)
  File "/home/airflow/.local/lib/python3.7/site-packages/sqlalchemy/pool/base.py", line 388, in __init__
    self.__connect()
  File "/home/airflow/.local/lib/python3.7/site-packages/sqlalchemy/pool/base.py", line 691, in __connect
    pool.logger.debug("Error on connect(): %s", e)
  File "/home/airflow/.local/lib/python3.7/site-packages/sqlalchemy/util/langhelpers.py", line 72, in __exit__
    with_traceback=exc_tb,
  File "/home/airflow/.local/lib/python3.7/site-packages/sqlalchemy/util/compat.py", line 211, in raise_
    raise exception
  File "/home/airflow/.local/lib/python3.7/site-packages/sqlalchemy/pool/base.py", line 686, in __connect
    self.dbapi_connection = connection = pool._invoke_creator(self)
  File "/home/airflow/.local/lib/python3.7/site-packages/sqlalchemy/engine/create.py", line 574, in connect
    return dialect.connect(*cargs, **cparams)
  File "/home/airflow/.local/lib/python3.7/site-packages/sqlalchemy/engine/default.py", line 598, in connect
    return self.dbapi.connect(*cargs, **cparams)
  File "/home/airflow/.local/lib/python3.7/site-packages/psycopg2/__init__.py", line 122, in connect
    conn = _connect(dsn, connection_factory=connection_factory, **kwasync)
sqlalchemy.exc.OperationalError: (psycopg2.OperationalError) could not translate host name "postgres" to address: Temporary failure in name resolution

(Background on this error at: https://sqlalche.me/e/14/e3q8)
[2025-09-14T19:57:42.475+0000] {taskinstance.py:1547} INFO - Exporting env vars: AIRFLOW_CTX_DAG_OWNER='***' AIRFLOW_CTX_DAG_ID='raw_to_dds_enhanced' AIRFLOW_CTX_TASK_ID='load_events' AIRFLOW_CTX_EXECUTION_DATE='2025-09-14T18:56:23.947968+00:00' AIRFLOW_CTX_TRY_NUMBER='1' AIRFLOW_CTX_DAG_RUN_ID='scheduled__2025-09-14T18:56:23.947968+00:00'
[2025-09-14T19:57:45.421+0000] {dags_utils.py:33} WARNING - ❌ Отброшена строка {'event_id': 1, 'user_id': '1889', 'session_id': '1c332c00-4ed5-4484-b9e6-fbcc75f20e36', 'event_type': 'session_start', 'product_id': nan, 'order_id': None, 'quantity': nan, 'city': 'Weddell Sea', 'country': None, 'lat': -76.118308, 'lon': -29.152568, 'cost_usd': 648.43, 'cost_eur': 552.8, 'cost_rub': 54523.56, 'weather_temp': -18.79, 'weather_desc': 'overcast clouds', 'timestamp': Timestamp('2025-09-13 22:14:55.733938'), 'product_name': None, 'product_category': None} → 2 validation errors for EventModel
product_id
  value is not a valid integer (type=type_error.integer)
quantity
  value is not a valid integer (type=type_error.integer)
[2025-09-14T19:57:45.427+0000] {dags_utils.py:33} WARNING - ❌ Отброшена строка {'event_id': 3, 'user_id': '4567', 'session_id': '9edfebd0-21c3-46b3-9458-06c4588531a0', 'event_type': 'view_product', 'product_id': 269.0, 'order_id': None, 'quantity': nan, 'city': 'Indian Ocean', 'country': None, 'lat': -34.283125, 'lon': 30.289944, 'cost_usd': 755.53, 'cost_eur': 644.15, 'cost_rub': 63545.22, 'weather_temp': 17.44, 'weather_desc': 'clear sky', 'timestamp': Timestamp('2025-09-14 11:58:11.727564'), 'product_name': None, 'product_category': None} → 1 validation error for EventModel
quantity
  value is not a valid integer (type=type_error.integer)
[2025-09-14T19:57:45.430+0000] {dags_utils.py:33} WARNING - ❌ Отброшена строка {'event_id': 5, 'user_id': '791', 'session_id': 'c871b5ac-975b-4183-bfb8-3f448ed77c68', 'event_type': 'view_product', 'product_id': 464.0, 'order_id': None, 'quantity': nan, 'city': 'South Pacific Ocean', 'country': None, 'lat': -15.973097, 'lon': -104.363599, 'cost_usd': 49.87, 'cost_eur': 42.52, 'cost_rub': 4194.41, 'weather_temp': 20.76, 'weather_desc': 'overcast clouds', 'timestamp': Timestamp('2025-09-14 12:05:54.924139'), 'product_name': None, 'product_category': None} → 1 validation error for EventModel
quantity
  value is not a valid integer (type=type_error.integer)
[2025-09-14T19:57:45.442+0000] {dags_utils.py:33} WARNING - ❌ Отброшена строка {'event_id': 6, 'user_id': '791', 'session_id': 'bdac6a8d-6f60-46fe-b635-b9901878e59c', 'event_type': 'session_start', 'product_id': nan, 'order_id': None, 'quantity': nan, 'city': 'South Atlantic Ocean', 'country': None, 'lat': -15.8463625, 'lon': 0.519776, 'cost_usd': 335.42, 'cost_eur': 285.97, 'cost_rub': 28211.11, 'weather_temp': 18.05, 'weather_desc': 'clear sky', 'timestamp': Timestamp('2025-09-14 12:05:56.533828'), 'product_name': None, 'product_category': None} → 2 validation errors for EventModel
product_id
  value is not a valid integer (type=type_error.integer)
quantity
  value is not a valid integer (type=type_error.integer)
[2025-09-14T19:57:45.447+0000] {dags_utils.py:33} WARNING - ❌ Отброшена строка {'event_id': 7, 'user_id': '1280', 'session_id': '18731179-fac5-446c-819e-f76c1ee23af8', 'event_type': 'session_start', 'product_id': nan, 'order_id': None, 'quantity': nan, 'city': '822-9 下古沢', 'country': 'Japan', 'lat': 35.4574915, 'lon': 139.31487, 'cost_usd': 51.46, 'cost_eur': 43.87, 'cost_rub': 4328.14, 'weather_temp': 27.46, 'weather_desc': 'overcast clouds', 'timestamp': Timestamp('2025-09-14 12:06:12.545725'), 'product_name': None, 'product_category': None} → 2 validation errors for EventModel
product_id
  value is not a valid integer (type=type_error.integer)
quantity
  value is not a valid integer (type=type_error.integer)
[2025-09-14T19:57:45.459+0000] {dags_utils.py:33} WARNING - ❌ Отброшена строка {'event_id': 9, 'user_id': '3709', 'session_id': '8e01614f-8230-41d4-8114-bb28002f3a6b', 'event_type': 'session_start', 'product_id': nan, 'order_id': None, 'quantity': nan, 'city': 'Coral Sea', 'country': None, 'lat': -10.5068305, 'lon': 165.757664, 'cost_usd': 629.98, 'cost_eur': 537.11, 'cost_rub': 52985.61, 'weather_temp': 27.57, 'weather_desc': 'overcast clouds', 'timestamp': Timestamp('2025-09-14 12:06:23.086625'), 'product_name': None, 'product_category': None} → 2 validation errors for EventModel
product_id
  value is not a valid integer (type=type_error.integer)
quantity
  value is not a valid integer (type=type_error.integer)
[2025-09-14T19:57:45.467+0000] {dags_utils.py:33} WARNING - ❌ Отброшена строка {'event_id': 11, 'user_id': '4882', 'session_id': 'bab782ea-1bcc-4652-a59a-1a71057c7c71', 'event_type': 'view_product', 'product_id': 118.0, 'order_id': None, 'quantity': nan, 'city': 'Labrador Sea', 'country': None, 'lat': 56.001732, 'lon': -50.404054, 'cost_usd': 886.71, 'cost_eur': 755.99, 'cost_rub': 74578.36, 'weather_temp': 6.95, 'weather_desc': 'overcast clouds', 'timestamp': Timestamp('2025-09-14 12:06:32.574933'), 'product_name': None, 'product_category': None} → 1 validation error for EventModel
quantity
  value is not a valid integer (type=type_error.integer)
[2025-09-14T19:57:45.470+0000] {dags_utils.py:33} WARNING - ❌ Отброшена строка {'event_id': 12, 'user_id': '4882', 'session_id': '9461d858-f7b1-4662-ac2a-77c239fecc3f', 'event_type': 'view_product', 'product_id': 13.0, 'order_id': None, 'quantity': nan, 'city': 'South Atlantic Ocean', 'country': None, 'lat': -39.0392975, 'lon': -18.534867, 'cost_usd': 24.1, 'cost_eur': 20.55, 'cost_rub': 2026.97, 'weather_temp': 8.79, 'weather_desc': 'light rain', 'timestamp': Timestamp('2025-09-14 12:06:34.930558'), 'product_name': None, 'product_category': None} → 1 validation error for EventModel
quantity
  value is not a valid integer (type=type_error.integer)
[2025-09-14T19:57:45.481+0000] {dags_utils.py:33} WARNING - ❌ Отброшена строка {'event_id': 16, 'user_id': '2178', 'session_id': 'cea185d7-44f4-44e6-8f7f-1bf1c6fe00ca', 'event_type': 'view_product', 'product_id': 236.0, 'order_id': None, 'quantity': nan, 'city': 'Bilma', 'country': 'Niger', 'lat': 18.226402, 'lon': 14.778702, 'cost_usd': 485.06, 'cost_eur': 413.55, 'cost_rub': 40796.85, 'weather_temp': 37.83, 'weather_desc': 'few clouds', 'timestamp': Timestamp('2025-09-14 12:08:44.194374'), 'product_name': None, 'product_category': None} → 1 validation error for EventModel
quantity
  value is not a valid integer (type=type_error.integer)
[2025-09-14T19:57:45.483+0000] {dags_utils.py:33} WARNING - ❌ Отброшена строка {'event_id': 17, 'user_id': '3850', 'session_id': '3833a77d-274c-4db9-bee2-245998b490ef', 'event_type': 'session_start', 'product_id': nan, 'order_id': None, 'quantity': nan, 'city': 'Monduli', 'country': 'Tanzania', 'lat': -3.7847665, 'lon': 36.187592, 'cost_usd': 145.08, 'cost_eur': 123.69, 'cost_rub': 12202.22, 'weather_temp': 31.04, 'weather_desc': 'few clouds', 'timestamp': Timestamp('2025-09-14 12:09:33.438028'), 'product_name': None, 'product_category': None} → 2 validation errors for EventModel
product_id
  value is not a valid integer (type=type_error.integer)
quantity
  value is not a valid integer (type=type_error.integer)
[2025-09-14T19:57:45.488+0000] {dags_utils.py:33} WARNING - ❌ Отброшена строка {'event_id': 20, 'user_id': '2208', 'session_id': '27ccd6f7-7051-460e-917e-c71f2a9ea53b', 'event_type': 'view_product', 'product_id': 250.0, 'order_id': None, 'quantity': nan, 'city': 'Antarctica', 'country': 'Antarctica', 'lat': -88.1050465, 'lon': 132.91323, 'cost_usd': 488.85, 'cost_eur': 416.78, 'cost_rub': 41115.62, 'weather_temp': -51.35, 'weather_desc': 'overcast clouds', 'timestamp': Timestamp('2025-09-14 12:36:15.894190'), 'product_name': None, 'product_category': None} → 1 validation error for EventModel
quantity
  value is not a valid integer (type=type_error.integer)
[2025-09-14T19:57:45.490+0000] {dags_utils.py:33} WARNING - ❌ Отброшена строка {'event_id': 21, 'user_id': '2096', 'session_id': 'f72dfa95-003b-4e0e-8327-baa22fd9ab7b', 'event_type': 'view_product', 'product_id': 10.0, 'order_id': None, 'quantity': nan, 'city': 'North Atlantic Ocean', 'country': None, 'lat': 30.9159985, 'lon': -77.231723, 'cost_usd': 779.38, 'cost_eur': 664.48, 'cost_rub': 65551.17, 'weather_temp': 26.52, 'weather_desc': 'broken clouds', 'timestamp': Timestamp('2025-09-14 19:11:14.545929'), 'product_name': None, 'product_category': 'toys'} → 1 validation error for EventModel
quantity
  value is not a valid integer (type=type_error.integer)
[2025-09-14T19:57:45.699+0000] {python.py:183} INFO - Done. Returned value was: 12
[2025-09-14T19:57:45.881+0000] {taskinstance.py:1350} INFO - Marking task as SUCCESS. dag_id=raw_to_dds_enhanced, task_id=load_events, execution_date=20250914T185623, start_date=20250914T195650, end_date=20250914T195745
[2025-09-14T19:57:45.911+0000] {logging_mixin.py:150} WARNING - /home/***/.local/lib/python3.7/site-packages/***/utils/context.py:205 AirflowContextDeprecationWarning: Accessing 'execution_date' from the template is deprecated and will be removed in a future version. Please use 'data_interval_start' or 'logical_date' instead.
[2025-09-14T19:57:55.999+0000] {logging_mixin.py:150} INFO - [ERROR] Telegram send failed: HTTPSConnectionPool(host='api.telegram.org', port=443): Max retries exceeded with url: /bot8222480311:AAHSHMyKRkPbfQ94yJqqjCo0LhThLInnYIQ/sendMessage (Caused by NewConnectionError('<urllib3.connection.HTTPSConnection object at 0x7fe65d36f910>: Failed to establish a new connection: [Errno -3] Temporary failure in name resolution'))
[2025-09-14T19:57:57.468+0000] {local_task_job_runner.py:225} INFO - Task exited with return code 0
[2025-09-14T19:57:58.811+0000] {taskinstance.py:2653} INFO - 0 downstream tasks scheduled from follow-on schedule check
