[2025-09-16T21:21:32.069+0000] {logging_mixin.py:150} WARNING - /home/***/.local/lib/python3.7/site-packages/***/utils/sqlalchemy.py:124 DeprecationWarning: The sql_alchemy_conn option in [core] has been moved to the sql_alchemy_conn option in [database] - the old setting has been used, but please update your config.
[2025-09-16T21:21:32.178+0000] {taskinstance.py:1103} INFO - Dependencies all met for dep_context=non-requeueable deps ti=<TaskInstance: kafka_to_postgres_batch.consume_and_save_batch scheduled__2025-09-16T20:51:26.775309+00:00 [queued]>
[2025-09-16T21:21:32.194+0000] {taskinstance.py:1103} INFO - Dependencies all met for dep_context=requeueable deps ti=<TaskInstance: kafka_to_postgres_batch.consume_and_save_batch scheduled__2025-09-16T20:51:26.775309+00:00 [queued]>
[2025-09-16T21:21:32.195+0000] {taskinstance.py:1308} INFO - Starting attempt 1 of 3
[2025-09-16T21:21:32.217+0000] {taskinstance.py:1327} INFO - Executing <Task(PythonOperator): consume_and_save_batch> on 2025-09-16 20:51:26.775309+00:00
[2025-09-16T21:21:32.226+0000] {standard_task_runner.py:57} INFO - Started process 7256 to run task
[2025-09-16T21:21:32.230+0000] {standard_task_runner.py:84} INFO - Running: ['***', 'tasks', 'run', 'kafka_to_postgres_batch', 'consume_and_save_batch', 'scheduled__2025-09-16T20:51:26.775309+00:00', '--job-id', '892', '--raw', '--subdir', 'DAGS_FOLDER/dags.py', '--cfg-path', '/tmp/tmpoe6x2diz']
[2025-09-16T21:21:32.234+0000] {standard_task_runner.py:85} INFO - Job 892: Subtask consume_and_save_batch
[2025-09-16T21:21:32.261+0000] {logging_mixin.py:150} WARNING - /home/***/.local/lib/python3.7/site-packages/***/settings.py:195 DeprecationWarning: The sql_alchemy_conn option in [core] has been moved to the sql_alchemy_conn option in [database] - the old setting has been used, but please update your config.
[2025-09-16T21:21:32.317+0000] {task_command.py:410} INFO - Running <TaskInstance: kafka_to_postgres_batch.consume_and_save_batch scheduled__2025-09-16T20:51:26.775309+00:00 [running]> on host d6e2a7c8b3ee
[2025-09-16T21:21:32.341+0000] {logging_mixin.py:150} WARNING - /home/***/.local/lib/python3.7/site-packages/***/utils/sqlalchemy.py:124 DeprecationWarning: The sql_alchemy_conn option in [core] has been moved to the sql_alchemy_conn option in [database] - the old setting has been used, but please update your config.
[2025-09-16T21:21:32.477+0000] {taskinstance.py:1547} INFO - Exporting env vars: AIRFLOW_CTX_DAG_OWNER='***' AIRFLOW_CTX_DAG_ID='kafka_to_postgres_batch' AIRFLOW_CTX_TASK_ID='consume_and_save_batch' AIRFLOW_CTX_EXECUTION_DATE='2025-09-16T20:51:26.775309+00:00' AIRFLOW_CTX_TRY_NUMBER='1' AIRFLOW_CTX_DAG_RUN_ID='scheduled__2025-09-16T20:51:26.775309+00:00'
[2025-09-16T21:21:32.483+0000] {conn.py:397} INFO - <BrokerConnection client_id=kafka-python-2.2.15, node_id=bootstrap-0 host=kafka:29092 <connecting> [IPv4 ('172.23.0.3', 29092)]>: connecting to kafka:29092 [('172.23.0.3', 29092) IPv4]
[2025-09-16T21:21:32.490+0000] {conn.py:618} INFO - <BrokerConnection client_id=kafka-python-2.2.15, node_id=bootstrap-0 host=kafka:29092 <checking_api_versions_recv> [IPv4 ('172.23.0.3', 29092)]>: Broker version identified as 2.6
[2025-09-16T21:21:32.491+0000] {conn.py:457} INFO - <BrokerConnection client_id=kafka-python-2.2.15, node_id=bootstrap-0 host=kafka:29092 <connected> [IPv4 ('172.23.0.3', 29092)]>: Connection complete.
[2025-09-16T21:21:32.495+0000] {subscription_state.py:181} INFO - Updating subscribed topics to: ('user_events',)
[2025-09-16T21:21:32.511+0000] {conn.py:397} INFO - <BrokerConnection client_id=kafka-python-2.2.15, node_id=1 host=kafka:29092 <connecting> [IPv4 ('172.23.0.3', 29092)]>: connecting to kafka:29092 [('172.23.0.3', 29092) IPv4]
[2025-09-16T21:21:32.514+0000] {conn.py:457} INFO - <BrokerConnection client_id=kafka-python-2.2.15, node_id=1 host=kafka:29092 <connected> [IPv4 ('172.23.0.3', 29092)]>: Connection complete.
[2025-09-16T21:21:32.516+0000] {conn.py:945} INFO - <BrokerConnection client_id=kafka-python-2.2.15, node_id=bootstrap-0 host=kafka:29092 <connected> [IPv4 ('172.23.0.3', 29092)]>: Closing connection. 
[2025-09-16T21:21:32.637+0000] {cluster.py:401} INFO - Coordinator for group/***_batch_consumer is ('coordinator-1', 'kafka', 29092, None)
[2025-09-16T21:21:32.638+0000] {base.py:789} INFO - Discovered coordinator coordinator-1 for group ***_batch_consumer
[2025-09-16T21:21:32.639+0000] {base.py:848} INFO - Starting new heartbeat thread
[2025-09-16T21:21:32.640+0000] {consumer.py:366} INFO - Revoking previously assigned partitions () for group ***_batch_consumer
[2025-09-16T21:21:32.641+0000] {base.py:419} INFO - Failed to join group ***_batch_consumer: NodeNotReadyError: coordinator-1
[2025-09-16T21:21:32.643+0000] {conn.py:397} INFO - <BrokerConnection client_id=kafka-python-2.2.15, node_id=coordinator-1 host=kafka:29092 <connecting> [IPv4 ('172.23.0.3', 29092)]>: connecting to kafka:29092 [('172.23.0.3', 29092) IPv4]
[2025-09-16T21:21:32.645+0000] {conn.py:457} INFO - <BrokerConnection client_id=kafka-python-2.2.15, node_id=coordinator-1 host=kafka:29092 <connected> [IPv4 ('172.23.0.3', 29092)]>: Connection complete.
[2025-09-16T21:21:32.746+0000] {base.py:532} INFO - (Re-)joining group ***_batch_consumer
[2025-09-16T21:21:32.805+0000] {base.py:638} INFO - Received member id kafka-python-2.2.15-73618521-ef18-4885-81b3-f23b9fa6d344 for group ***_batch_consumer; will retry join-group
[2025-09-16T21:21:32.806+0000] {base.py:419} INFO - Failed to join group ***_batch_consumer: [Error 79] MemberIdRequiredError
[2025-09-16T21:21:32.806+0000] {base.py:532} INFO - (Re-)joining group ***_batch_consumer
[2025-09-16T21:21:35.848+0000] {base.py:594} INFO - Successfully joined group ***_batch_consumer <Generation 29 (member_id: kafka-python-2.2.15-73618521-ef18-4885-81b3-f23b9fa6d344, protocol: range)>
[2025-09-16T21:21:35.848+0000] {base.py:597} INFO - Elected group leader -- performing partition assignments using range
[2025-09-16T21:21:35.899+0000] {subscription_state.py:254} INFO - Updated partition assignment: [('user_events', 0)]
[2025-09-16T21:21:35.900+0000] {consumer.py:250} INFO - Setting newly assigned partitions (('user_events', 0),) for group ***_batch_consumer
[2025-09-16T21:21:35.934+0000] {dags_utils.py:109} INFO - Received message: {
  "type": "user_profile",
  "user_id": 3789,
  "name": "Martha Rowe",
  "email": "aliciasteele@example.net",
  "birth_date": "1963-12-14",
  "gender": "female",
  "generated_at": "2025-09-16T21:14:49.574735+00:00"
}
[2025-09-16T21:21:35.935+0000] {dags_utils.py:109} INFO - Received message: {
  "type": "user_device",
  "user_id": 3789,
  "device_type": "tablet",
  "os": "iOS",
  "browser": "Edge",
  "generated_at": "2025-09-16T21:14:49.574804+00:00"
}
[2025-09-16T21:21:35.936+0000] {dags_utils.py:109} INFO - Received message: {
  "type": "user_location",
  "user_id": 3789,
  "city": "Zombo",
  "country": "Angola",
  "lat": -6.403385,
  "lon": 15.417341,
  "weather_temp": 23.45,
  "weather_desc": "overcast clouds",
  "generated_at": "2025-09-16T21:14:49.574837+00:00"
}
[2025-09-16T21:21:35.937+0000] {dags_utils.py:109} INFO - Received message: {
  "type": "event",
  "user_id": 3789,
  "session_id": "25fa22b9-a856-4863-97c0-dbd828fb6363",
  "event_type": "signup",
  "product_id": null,
  "product_name": null,
  "product_category": null,
  "order_id": null,
  "quantity": null,
  "city": "South Atlantic Ocean",
  "country": null,
  "lat": -57.407751,
  "lon": -30.298405,
  "cost_usd": 760.17,
  "cost_eur": 646.36,
  "cost_rub": 62975.08,
  "weather_temp": -0.48,
  "weather_desc": "overcast clouds",
  "timestamp": "2025-09-16T21:14:52.005293+00:00"
}
[2025-09-16T21:21:35.938+0000] {dags_utils.py:109} INFO - Received message: {
  "type": "event",
  "user_id": 3789,
  "session_id": "d3ab43a9-545d-4a0d-8f4d-0a5968fdf3c9",
  "event_type": "view_page",
  "product_id": null,
  "product_name": null,
  "product_category": null,
  "order_id": null,
  "quantity": null,
  "city": "Indian Ocean",
  "country": null,
  "lat": -32.342482,
  "lon": 96.981987,
  "cost_usd": 147.55,
  "cost_eur": 125.46,
  "cost_rub": 12223.55,
  "weather_temp": 14.03,
  "weather_desc": "clear sky",
  "timestamp": "2025-09-16T21:14:54.508221+00:00"
}
[2025-09-16T21:21:35.938+0000] {dags_utils.py:109} INFO - Received message: {
  "type": "user_profile",
  "user_id": 183,
  "name": "Sarah White",
  "email": "justinalexander@example.com",
  "birth_date": "1976-04-24",
  "gender": "other",
  "generated_at": "2025-09-16T21:15:22.005148+00:00"
}
[2025-09-16T21:21:35.939+0000] {dags_utils.py:109} INFO - Received message: {
  "type": "user_device",
  "user_id": 183,
  "device_type": "desktop",
  "os": "Linux",
  "browser": "Safari",
  "generated_at": "2025-09-16T21:15:22.005184+00:00"
}
[2025-09-16T21:21:35.939+0000] {dags_utils.py:109} INFO - Received message: {
  "type": "user_location",
  "user_id": 183,
  "city": "Celebes Sea",
  "country": null,
  "lat": 3.472615,
  "lon": 121.290834,
  "weather_temp": 28.59,
  "weather_desc": "overcast clouds",
  "generated_at": "2025-09-16T21:15:22.005198+00:00"
}
[2025-09-16T21:21:35.940+0000] {dags_utils.py:109} INFO - Received message: {
  "type": "campaign_event",
  "user_id": 183,
  "campaign_id": "camp2",
  "campaign_name": "Black Friday",
  "channel": "social",
  "action": "view",
  "cost": 655.73,
  "generated_at": "2025-09-16T21:15:22.013340+00:00"
}
[2025-09-16T21:21:35.941+0000] {dags_utils.py:109} INFO - Received message: {
  "type": "event",
  "user_id": 183,
  "session_id": "edfbedfb-bb42-4b54-a3dd-c08c3e5d6e64",
  "event_type": "add_to_cart",
  "product_id": 3,
  "product_name": "Nike \u041a\u0440\u043e\u0441\u043e\u0432\u043a\u0438",
  "product_category": "clothing",
  "order_id": "645ea194-dc8d-4976-849c-b1658c14838b",
  "quantity": 1,
  "city": "Buritirama",
  "country": "Brazil",
  "lat": -10.5251645,
  "lon": -44.01205,
  "cost_usd": 210.92,
  "cost_eur": 179.34,
  "cost_rub": 17473.33,
  "weather_temp": 28.77,
  "weather_desc": "clear sky",
  "timestamp": "2025-09-16T21:15:24.232479+00:00"
}
[2025-09-16T21:21:35.941+0000] {dags_utils.py:109} INFO - Received message: {
  "type": "event",
  "user_id": 183,
  "session_id": "cdb37920-79ee-4e73-b639-b4d8e60e7e4f",
  "event_type": "search",
  "product_id": null,
  "product_name": null,
  "product_category": null,
  "order_id": null,
  "quantity": null,
  "city": "Antarctica",
  "country": "Antarctica",
  "lat": -67.2614195,
  "lon": 135.547192,
  "cost_usd": 946.54,
  "cost_eur": 804.83,
  "cost_rub": 78414.6,
  "weather_temp": -32.14,
  "weather_desc": "clear sky",
  "timestamp": "2025-09-16T21:15:25.687017+00:00"
}
[2025-09-16T21:21:35.942+0000] {dags_utils.py:109} INFO - Received message: {
  "type": "user_profile",
  "user_id": 3868,
  "name": "Andrea Cervantes",
  "email": "margaret98@example.net",
  "birth_date": "1990-07-08",
  "gender": "male",
  "generated_at": "2025-09-16T21:16:08.990745+00:00"
}
[2025-09-16T21:21:35.942+0000] {dags_utils.py:109} INFO - Received message: {
  "type": "user_device",
  "user_id": 3868,
  "device_type": "mobile",
  "os": "Windows",
  "browser": "Safari",
  "generated_at": "2025-09-16T21:16:08.990789+00:00"
}
[2025-09-16T21:21:35.943+0000] {dags_utils.py:109} INFO - Received message: {
  "type": "user_location",
  "user_id": 3868,
  "city": "Southern Ocean",
  "country": null,
  "lat": -70.361208,
  "lon": -96.530813,
  "weather_temp": 0.32,
  "weather_desc": "overcast clouds",
  "generated_at": "2025-09-16T21:16:08.990814+00:00"
}
[2025-09-16T21:21:35.944+0000] {dags_utils.py:109} INFO - Received message: {
  "type": "event",
  "user_id": 3868,
  "session_id": "7d29979f-109b-42b6-90d2-05f5c1837280",
  "event_type": "filter",
  "product_id": null,
  "product_name": null,
  "product_category": null,
  "order_id": null,
  "quantity": null,
  "city": "Antarctica",
  "country": "Antarctica",
  "lat": -68.5975315,
  "lon": 113.996158,
  "cost_usd": 167.27,
  "cost_eur": 142.23,
  "cost_rub": 13857.22,
  "weather_temp": -30.96,
  "weather_desc": "overcast clouds",
  "timestamp": "2025-09-16T21:16:11.917911+00:00"
}
[2025-09-16T21:21:35.944+0000] {dags_utils.py:109} INFO - Received message: {
  "type": "event",
  "user_id": 3868,
  "session_id": "750d03b0-75f0-4333-be7d-c8f35bee7a23",
  "event_type": "signup",
  "product_id": null,
  "product_name": null,
  "product_category": null,
  "order_id": null,
  "quantity": null,
  "city": "Arctic Ocean",
  "country": null,
  "lat": 84.6358775,
  "lon": -73.891833,
  "cost_usd": 264.76,
  "cost_eur": 225.12,
  "cost_rub": 21933.62,
  "weather_temp": -12.79,
  "weather_desc": "scattered clouds",
  "timestamp": "2025-09-16T21:16:14.338349+00:00"
}
[2025-09-16T21:21:35.945+0000] {dags_utils.py:109} INFO - Received message: {
  "type": "user_profile",
  "user_id": 4648,
  "name": "Sylvia Gonzalez",
  "email": "adamskristi@example.net",
  "birth_date": "1955-11-11",
  "gender": "other",
  "generated_at": "2025-09-16T21:16:22.176867+00:00"
}
[2025-09-16T21:21:35.946+0000] {dags_utils.py:109} INFO - Received message: {
  "type": "user_device",
  "user_id": 4648,
  "device_type": "tablet",
  "os": "Linux",
  "browser": "Chrome",
  "generated_at": "2025-09-16T21:16:22.176907+00:00"
}
[2025-09-16T21:21:35.947+0000] {dags_utils.py:109} INFO - Received message: {
  "type": "user_location",
  "user_id": 4648,
  "city": "Arctic Ocean",
  "country": null,
  "lat": 81.254493,
  "lon": -103.317085,
  "weather_temp": -9.13,
  "weather_desc": "overcast clouds",
  "generated_at": "2025-09-16T21:16:22.176923+00:00"
}
[2025-09-16T21:21:35.947+0000] {dags_utils.py:109} INFO - Received message: {
  "type": "event",
  "user_id": 4648,
  "session_id": "a275a760-aad1-4aac-84c3-4f459b775941",
  "event_type": "filter",
  "product_id": null,
  "product_name": null,
  "product_category": null,
  "order_id": null,
  "quantity": null,
  "city": "Loukol\u00e9la",
  "country": "Congo",
  "lat": -0.7987855,
  "lon": 17.054796,
  "cost_usd": 279.28,
  "cost_eur": 237.47,
  "cost_rub": 23136.51,
  "weather_temp": 22.78,
  "weather_desc": "overcast clouds",
  "timestamp": "2025-09-16T21:16:23.685954+00:00"
}
[2025-09-16T21:21:35.948+0000] {dags_utils.py:109} INFO - Received message: {
  "type": "event",
  "user_id": 4648,
  "session_id": "838387b2-e420-458f-b1ef-6b3abdb29a3a",
  "event_type": "login",
  "product_id": null,
  "product_name": null,
  "product_category": null,
  "order_id": null,
  "quantity": null,
  "city": "Arctic Ocean",
  "country": null,
  "lat": 75.820358,
  "lon": 164.912442,
  "cost_usd": 370.13,
  "cost_eur": 314.72,
  "cost_rub": 30662.83,
  "weather_temp": -0.43,
  "weather_desc": "overcast clouds",
  "timestamp": "2025-09-16T21:16:25.179014+00:00"
}
[2025-09-16T21:21:35.949+0000] {dags_utils.py:109} INFO - Received message: {
  "type": "user_profile",
  "user_id": 1930,
  "name": "Rhonda Hicks",
  "email": "ronald95@example.net",
  "birth_date": "1965-11-30",
  "gender": "male",
  "generated_at": "2025-09-16T21:16:33.009677+00:00"
}
[2025-09-16T21:21:35.951+0000] {dags_utils.py:109} INFO - Received message: {
  "type": "user_device",
  "user_id": 1930,
  "device_type": "desktop",
  "os": "iOS",
  "browser": "Firefox",
  "generated_at": "2025-09-16T21:16:33.009752+00:00"
}
[2025-09-16T21:21:35.951+0000] {dags_utils.py:109} INFO - Received message: {
  "type": "user_location",
  "user_id": 1930,
  "city": "Mawokota",
  "country": "Uganda",
  "lat": -0.0014545,
  "lon": 32.18835,
  "weather_temp": 18.12,
  "weather_desc": "overcast clouds",
  "generated_at": "2025-09-16T21:16:33.009784+00:00"
}
[2025-09-16T21:21:35.952+0000] {dags_utils.py:109} INFO - Received message: {
  "type": "event",
  "user_id": 1930,
  "session_id": "ec633f87-6272-4432-b37c-305a74e5d9a7",
  "event_type": "remove_from_cart",
  "product_id": null,
  "product_name": null,
  "product_category": null,
  "order_id": null,
  "quantity": null,
  "city": "Mikhajlovskiy",
  "country": "Russia",
  "lat": 53.948165,
  "lon": 39.011047,
  "cost_usd": 869.43,
  "cost_eur": 739.26,
  "cost_rub": 72026.55,
  "weather_temp": 12.31,
  "weather_desc": "clear sky",
  "timestamp": "2025-09-16T21:16:35.431992+00:00"
}
[2025-09-16T21:21:35.952+0000] {dags_utils.py:109} INFO - Received message: {
  "type": "event",
  "user_id": 1930,
  "session_id": "90c55c22-cc51-44a1-a447-562bf88b0ec4",
  "event_type": "signup",
  "product_id": null,
  "product_name": null,
  "product_category": null,
  "order_id": null,
  "quantity": null,
  "city": "South Atlantic Ocean",
  "country": null,
  "lat": -58.594853,
  "lon": -29.276115,
  "cost_usd": 240.17,
  "cost_eur": 204.21,
  "cost_rub": 19896.5,
  "weather_temp": -0.8,
  "weather_desc": "overcast clouds",
  "timestamp": "2025-09-16T21:16:36.978687+00:00"
}
[2025-09-16T21:21:35.953+0000] {dags_utils.py:109} INFO - Received message: {
  "type": "user_profile",
  "user_id": 255,
  "name": "Robert Bowers",
  "email": "miguel57@example.com",
  "birth_date": "1953-11-02",
  "gender": "male",
  "generated_at": "2025-09-16T21:16:43.447909+00:00"
}
[2025-09-16T21:21:35.954+0000] {dags_utils.py:109} INFO - Received message: {
  "type": "user_device",
  "user_id": 255,
  "device_type": "mobile",
  "os": "iOS",
  "browser": "Safari",
  "generated_at": "2025-09-16T21:16:43.447945+00:00"
}
[2025-09-16T21:21:35.954+0000] {dags_utils.py:109} INFO - Received message: {
  "type": "user_location",
  "user_id": 255,
  "city": "South Atlantic Ocean",
  "country": null,
  "lat": -54.947472,
  "lon": -3.348307,
  "weather_temp": -0.72,
  "weather_desc": "overcast clouds",
  "generated_at": "2025-09-16T21:16:43.447959+00:00"
}
[2025-09-16T21:21:35.955+0000] {dags_utils.py:109} INFO - Received message: {
  "type": "event",
  "user_id": 255,
  "session_id": "fc5f9634-6af8-469d-ba62-5ac321c7d83b",
  "event_type": "add_to_cart",
  "product_id": 6,
  "product_name": "\u041c\u0430\u0441\u0442\u0435\u0440 \u0438 \u041c\u0430\u0440\u0433\u0430\u0440\u0438\u0442\u0430 \u043a\u043d\u0438\u0433\u0430",
  "product_category": "books",
  "order_id": "3e04a6b3-13f3-43d1-8775-e2ea30b4bd63",
  "quantity": 3,
  "city": "\u0628\u0626\u0631 \u062e\u0631\u062c\u0647",
  "country": "Saudi Arabia",
  "lat": 23.9114205,
  "lon": 43.108796,
  "cost_usd": 825.99,
  "cost_eur": 702.33,
  "cost_rub": 68427.83,
  "weather_temp": 27.72,
  "weather_desc": "scattered clouds",
  "timestamp": "2025-09-16T21:16:44.874219+00:00"
}
[2025-09-16T21:21:35.956+0000] {dags_utils.py:109} INFO - Received message: {
  "type": "event",
  "user_id": 255,
  "session_id": "8439f0e0-6414-4b7b-a417-8634418b11f0",
  "event_type": "payment_success",
  "product_id": null,
  "product_name": null,
  "product_category": null,
  "order_id": null,
  "quantity": null,
  "city": "Indian Ocean",
  "country": null,
  "lat": 1.163648,
  "lon": 62.73581,
  "cost_usd": 705.61,
  "cost_eur": 599.97,
  "cost_rub": 58455.14,
  "weather_temp": 27.47,
  "weather_desc": "clear sky",
  "timestamp": "2025-09-16T21:16:46.341115+00:00"
}
[2025-09-16T21:21:35.956+0000] {dags_utils.py:109} INFO - Received message: {
  "type": "user_profile",
  "user_id": 378,
  "name": "Kelly Hatfield",
  "email": "qchan@example.com",
  "birth_date": "1950-01-16",
  "gender": "other",
  "generated_at": "2025-09-16T21:17:01.339445+00:00"
}
[2025-09-16T21:21:35.957+0000] {dags_utils.py:109} INFO - Received message: {
  "type": "user_device",
  "user_id": 378,
  "device_type": "tablet",
  "os": "Android",
  "browser": "Safari",
  "generated_at": "2025-09-16T21:17:01.339553+00:00"
}
[2025-09-16T21:21:35.957+0000] {dags_utils.py:109} INFO - Received message: {
  "type": "user_location",
  "user_id": 378,
  "city": "Indian Ocean",
  "country": null,
  "lat": -5.7287095,
  "lon": 55.233039,
  "weather_temp": 25.27,
  "weather_desc": "scattered clouds",
  "generated_at": "2025-09-16T21:17:01.339590+00:00"
}
[2025-09-16T21:21:35.958+0000] {dags_utils.py:109} INFO - Received message: {
  "type": "campaign_event",
  "user_id": 378,
  "campaign_id": "camp4",
  "campaign_name": "Spring Collection",
  "channel": "email",
  "action": "click",
  "cost": 431.67,
  "generated_at": "2025-09-16T21:17:01.397184+00:00"
}
[2025-09-16T21:21:35.958+0000] {dags_utils.py:109} INFO - Received message: {
  "type": "event",
  "user_id": 378,
  "session_id": "ce1016dc-ba73-49ba-901c-ea6b6d2206cc",
  "event_type": "logout",
  "product_id": null,
  "product_name": null,
  "product_category": null,
  "order_id": null,
  "quantity": null,
  "city": "South China Sea",
  "country": null,
  "lat": 15.559996,
  "lon": 109.661308,
  "cost_usd": 271.33,
  "cost_eur": 230.71,
  "cost_rub": 22477.9,
  "weather_temp": 27.24,
  "weather_desc": "light rain",
  "timestamp": "2025-09-16T21:17:03.100143+00:00"
}
[2025-09-16T21:21:35.959+0000] {dags_utils.py:109} INFO - Received message: {
  "type": "event",
  "user_id": 378,
  "session_id": "36795592-56df-4eb7-8af3-915834d8af4b",
  "event_type": "signup",
  "product_id": null,
  "product_name": null,
  "product_category": null,
  "order_id": null,
  "quantity": null,
  "city": "Wajir",
  "country": "Kenya",
  "lat": 1.1727755,
  "lon": 39.678864,
  "cost_usd": 780.77,
  "cost_eur": 663.88,
  "cost_rub": 64681.65,
  "weather_temp": 26.84,
  "weather_desc": "clear sky",
  "timestamp": "2025-09-16T21:17:05.479302+00:00"
}
[2025-09-16T21:21:35.959+0000] {dags_utils.py:109} INFO - Received message: {
  "type": "user_profile",
  "user_id": 625,
  "name": "Brenda Roberts",
  "email": "brandon03@example.net",
  "birth_date": "1964-10-03",
  "gender": "other",
  "generated_at": "2025-09-16T21:17:13.182215+00:00"
}
[2025-09-16T21:21:35.959+0000] {dags_utils.py:109} INFO - Received message: {
  "type": "user_device",
  "user_id": 625,
  "device_type": "mobile",
  "os": "MacOS",
  "browser": "Chrome",
  "generated_at": "2025-09-16T21:17:13.182274+00:00"
}
[2025-09-16T21:21:35.960+0000] {dags_utils.py:109} INFO - Received message: {
  "type": "user_location",
  "user_id": 625,
  "city": "Tasman Sea",
  "country": null,
  "lat": -42.825563,
  "lon": 150.734649,
  "weather_temp": 11.71,
  "weather_desc": "few clouds",
  "generated_at": "2025-09-16T21:17:13.182300+00:00"
}
[2025-09-16T21:21:35.961+0000] {dags_utils.py:109} INFO - Received message: {
  "type": "event",
  "user_id": 625,
  "session_id": "9254322a-8c65-4092-8770-c184b6640c98",
  "event_type": "add_to_cart",
  "product_id": 9,
  "product_name": "\u041f\u043e\u043c\u0430\u0434\u0430",
  "product_category": "beauty",
  "order_id": "3cc36e2e-ac51-40b6-8318-0837930048bf",
  "quantity": 5,
  "city": "Persian Gulf",
  "country": null,
  "lat": 28.389341,
  "lon": 49.832978,
  "cost_usd": 659.53,
  "cost_eur": 560.79,
  "cost_rub": 54637.72,
  "weather_temp": 33.78,
  "weather_desc": "clear sky",
  "timestamp": "2025-09-16T21:17:14.899872+00:00"
}
[2025-09-16T21:21:35.962+0000] {dags_utils.py:109} INFO - Received message: {
  "type": "event",
  "user_id": 625,
  "session_id": "dcefa486-4861-4f49-a003-30e1674f062a",
  "event_type": "payment_success",
  "product_id": null,
  "product_name": null,
  "product_category": null,
  "order_id": null,
  "quantity": null,
  "city": "North Pacific Ocean",
  "country": null,
  "lat": 14.841867,
  "lon": -93.104964,
  "cost_usd": 33.53,
  "cost_eur": 28.51,
  "cost_rub": 2777.74,
  "weather_temp": 28.51,
  "weather_desc": "overcast clouds",
  "timestamp": "2025-09-16T21:17:16.796088+00:00"
}
[2025-09-16T21:21:35.963+0000] {dags_utils.py:109} INFO - Received message: {
  "type": "user_profile",
  "user_id": 4962,
  "name": "Julia Mullins",
  "email": "ibrown@example.org",
  "birth_date": "1956-03-22",
  "gender": "male",
  "generated_at": "2025-09-16T21:17:25.319025+00:00"
}
[2025-09-16T21:21:35.964+0000] {dags_utils.py:109} INFO - Received message: {
  "type": "user_device",
  "user_id": 4962,
  "device_type": "desktop",
  "os": "Windows",
  "browser": "Edge",
  "generated_at": "2025-09-16T21:17:25.319054+00:00"
}
[2025-09-16T21:21:35.965+0000] {dags_utils.py:109} INFO - Received message: {
  "type": "user_location",
  "user_id": 4962,
  "city": "Indian Ocean",
  "country": null,
  "lat": -6.288942,
  "lon": 76.054395,
  "weather_temp": 26.96,
  "weather_desc": "few clouds",
  "generated_at": "2025-09-16T21:17:25.319065+00:00"
}
[2025-09-16T21:21:35.965+0000] {dags_utils.py:109} INFO - Received message: {
  "type": "campaign_event",
  "user_id": 4962,
  "campaign_id": "camp3",
  "campaign_name": "New Year",
  "channel": "search",
  "action": "conversion",
  "cost": 356.76,
  "generated_at": "2025-09-16T21:17:25.325435+00:00"
}
[2025-09-16T21:21:35.966+0000] {dags_utils.py:109} INFO - Received message: {
  "type": "event",
  "user_id": 4962,
  "session_id": "c44c9095-4d87-49f7-91b1-a9865643e6fd",
  "event_type": "search",
  "product_id": null,
  "product_name": null,
  "product_category": null,
  "order_id": null,
  "quantity": null,
  "city": "Limar\u00ed",
  "country": "Chile",
  "lat": -30.466861,
  "lon": -70.648282,
  "cost_usd": 545.1,
  "cost_eur": 463.49,
  "cost_rub": 45157.94,
  "weather_temp": 18.2,
  "weather_desc": "overcast clouds",
  "timestamp": "2025-09-16T21:17:26.560197+00:00"
}
[2025-09-16T21:21:35.967+0000] {dags_utils.py:109} INFO - Received message: {
  "type": "event",
  "user_id": 4962,
  "session_id": "43d52cfe-8102-4f62-8fa3-ac828c8a2011",
  "event_type": "session_start",
  "product_id": null,
  "product_name": null,
  "product_category": null,
  "order_id": null,
  "quantity": null,
  "city": "Arctic Ocean",
  "country": null,
  "lat": 88.4695165,
  "lon": -98.408624,
  "cost_usd": 433.78,
  "cost_eur": 368.84,
  "cost_rub": 35935.82,
  "weather_temp": -5.15,
  "weather_desc": "overcast clouds",
  "timestamp": "2025-09-16T21:17:28.033101+00:00"
}
[2025-09-16T21:21:35.967+0000] {dags_utils.py:109} INFO - Received message: {
  "type": "user_profile",
  "user_id": 3773,
  "name": "Samantha Estes",
  "email": "kjones@example.com",
  "birth_date": "1992-08-21",
  "gender": "male",
  "generated_at": "2025-09-16T21:17:42.054996+00:00"
}
[2025-09-16T21:21:35.968+0000] {dags_utils.py:109} INFO - Received message: {
  "type": "user_device",
  "user_id": 3773,
  "device_type": "tablet",
  "os": "Android",
  "browser": "Chrome",
  "generated_at": "2025-09-16T21:17:42.055057+00:00"
}
[2025-09-16T21:21:36.006+0000] {dags_utils.py:109} INFO - Received message: {
  "type": "user_location",
  "user_id": 3773,
  "city": "Simpson",
  "country": "Australia",
  "lat": -25.756079,
  "lon": 136.868116,
  "weather_temp": 17.11,
  "weather_desc": "clear sky",
  "generated_at": "2025-09-16T21:17:42.055077+00:00"
}
[2025-09-16T21:21:36.007+0000] {dags_utils.py:109} INFO - Received message: {
  "type": "event",
  "user_id": 3773,
  "session_id": "0a5a6d0c-4325-473d-a67a-7453a3f5d67f",
  "event_type": "purchase",
  "product_id": 5,
  "product_name": "Levi's Jeans",
  "product_category": "clothing",
  "order_id": "ed2a1a25-0293-4868-a643-9daf3544391e",
  "quantity": 5,
  "city": "South Pacific Ocean",
  "country": null,
  "lat": -53.5949165,
  "lon": -102.589945,
  "cost_usd": 234.37,
  "cost_eur": 199.28,
  "cost_rub": 19416.01,
  "weather_temp": 4.73,
  "weather_desc": "few clouds",
  "timestamp": "2025-09-16T21:17:43.774764+00:00"
}
[2025-09-16T21:21:36.008+0000] {dags_utils.py:109} INFO - Received message: {
  "type": "order",
  "order_id": "ed2a1a25-0293-4868-a643-9daf3544391e",
  "user_id": 3773,
  "order_ts": "2025-09-16T21:17:43.776091+00:00",
  "total_usd": 448.0,
  "generated_at": "2025-09-16T21:17:43.776111+00:00"
}
[2025-09-16T21:21:36.008+0000] {dags_utils.py:109} INFO - Received message: {
  "type": "order_item",
  "order_id": "ed2a1a25-0293-4868-a643-9daf3544391e",
  "product_id": 5,
  "quantity": 5,
  "price_usd": 89.6,
  "generated_at": "2025-09-16T21:17:43.776115+00:00"
}
[2025-09-16T21:21:36.009+0000] {dags_utils.py:109} INFO - Received message: {
  "type": "order_status",
  "order_id": "ed2a1a25-0293-4868-a643-9daf3544391e",
  "status": "pending",
  "generated_at": "2025-09-16T21:17:43.776376+00:00"
}
[2025-09-16T21:21:36.009+0000] {dags_utils.py:109} INFO - Received message: {
  "type": "event",
  "user_id": 3773,
  "session_id": "3140d144-9048-4275-babf-49e738c0c691",
  "event_type": "logout",
  "product_id": null,
  "product_name": null,
  "product_category": null,
  "order_id": null,
  "quantity": null,
  "city": "Nadezhdinskiy",
  "country": "Russia",
  "lat": 43.42794,
  "lon": 131.571723,
  "cost_usd": 379.39,
  "cost_eur": 322.59,
  "cost_rub": 31429.96,
  "weather_temp": 12.59,
  "weather_desc": "overcast clouds",
  "timestamp": "2025-09-16T21:17:45.241889+00:00"
}
[2025-09-16T21:21:36.010+0000] {dags_utils.py:109} INFO - Received message: {
  "type": "user_profile",
  "user_id": 230,
  "name": "Mary Branch",
  "email": "amberchapman@example.com",
  "birth_date": "1958-03-12",
  "gender": "male",
  "generated_at": "2025-09-16T21:17:51.081904+00:00"
}
[2025-09-16T21:21:36.010+0000] {dags_utils.py:109} INFO - Received message: {
  "type": "user_device",
  "user_id": 230,
  "device_type": "tablet",
  "os": "MacOS",
  "browser": "Edge",
  "generated_at": "2025-09-16T21:17:51.081938+00:00"
}
[2025-09-16T21:21:36.011+0000] {dags_utils.py:109} INFO - Received message: {
  "type": "user_location",
  "user_id": 230,
  "city": "Antarctica",
  "country": "Antarctica",
  "lat": -77.026681,
  "lon": 148.6015,
  "weather_temp": -50.27,
  "weather_desc": "overcast clouds",
  "generated_at": "2025-09-16T21:17:51.081952+00:00"
}
[2025-09-16T21:21:36.012+0000] {dags_utils.py:109} INFO - Received message: {
  "type": "event",
  "user_id": 230,
  "session_id": "d68ab47f-afcc-49b4-8c5c-bf81d9f76b28",
  "event_type": "remove_from_cart",
  "product_id": null,
  "product_name": null,
  "product_category": null,
  "order_id": null,
  "quantity": null,
  "city": "Denmark Strait",
  "country": null,
  "lat": 67.8813365,
  "lon": -22.08929,
  "cost_usd": 191.44,
  "cost_eur": 162.78,
  "cost_rub": 15859.54,
  "weather_temp": 1.73,
  "weather_desc": "overcast clouds",
  "timestamp": "2025-09-16T21:17:52.586629+00:00"
}
[2025-09-16T21:21:36.012+0000] {dags_utils.py:109} INFO - Received message: {
  "type": "event",
  "user_id": 230,
  "session_id": "2d7873be-5f14-465e-bc12-fbe500f880fb",
  "event_type": "payment_success",
  "product_id": null,
  "product_name": null,
  "product_category": null,
  "order_id": null,
  "quantity": null,
  "city": "Maynas",
  "country": "Peru",
  "lat": -0.8362845,
  "lon": -75.081351,
  "cost_usd": 921.9,
  "cost_eur": 783.88,
  "cost_rub": 76373.34,
  "weather_temp": 22.38,
  "weather_desc": "overcast clouds",
  "timestamp": "2025-09-16T21:17:54.055044+00:00"
}
[2025-09-16T21:21:36.013+0000] {dags_utils.py:109} INFO - Received message: {
  "type": "user_profile",
  "user_id": 4771,
  "name": "Tracy Evans",
  "email": "ztaylor@example.org",
  "birth_date": "1976-09-12",
  "gender": "female",
  "generated_at": "2025-09-16T21:18:00.626468+00:00"
}
[2025-09-16T21:21:36.014+0000] {dags_utils.py:109} INFO - Received message: {
  "type": "user_device",
  "user_id": 4771,
  "device_type": "tablet",
  "os": "Android",
  "browser": "Firefox",
  "generated_at": "2025-09-16T21:18:00.626508+00:00"
}
[2025-09-16T21:21:36.014+0000] {dags_utils.py:109} INFO - Received message: {
  "type": "user_location",
  "user_id": 4771,
  "city": "Bluestem",
  "country": "United States",
  "lat": 36.608956,
  "lon": -105.049075,
  "weather_temp": 21.56,
  "weather_desc": "broken clouds",
  "generated_at": "2025-09-16T21:18:00.626524+00:00"
}
[2025-09-16T21:21:36.015+0000] {dags_utils.py:109} INFO - Received message: {
  "type": "event",
  "user_id": 4771,
  "session_id": "15c8e60c-93a9-4ce7-8195-aeea08eff00a",
  "event_type": "filter",
  "product_id": null,
  "product_name": null,
  "product_category": null,
  "order_id": null,
  "quantity": null,
  "city": "Arctic Ocean",
  "country": null,
  "lat": 82.488974,
  "lon": 28.351087,
  "cost_usd": 154.93,
  "cost_eur": 131.73,
  "cost_rub": 12834.93,
  "weather_temp": -2.91,
  "weather_desc": "overcast clouds",
  "timestamp": "2025-09-16T21:18:02.458094+00:00"
}
[2025-09-16T21:21:36.015+0000] {dags_utils.py:109} INFO - Received message: {
  "type": "event",
  "user_id": 4771,
  "session_id": "df7df030-011d-4cb6-9821-a332b2a4548c",
  "event_type": "session_start",
  "product_id": null,
  "product_name": null,
  "product_category": null,
  "order_id": null,
  "quantity": null,
  "city": "Banda Sea",
  "country": null,
  "lat": -4.511371,
  "lon": 128.457756,
  "cost_usd": 971.61,
  "cost_eur": 826.14,
  "cost_rub": 80491.49,
  "weather_temp": 26.48,
  "weather_desc": "overcast clouds",
  "timestamp": "2025-09-16T21:18:04.010474+00:00"
}
[2025-09-16T21:21:36.016+0000] {dags_utils.py:109} INFO - Received message: {
  "type": "user_profile",
  "user_id": 2880,
  "name": "Alexandria Mendoza",
  "email": "josecortez@example.org",
  "birth_date": "2004-12-17",
  "gender": "male",
  "generated_at": "2025-09-16T21:18:09.770461+00:00"
}
[2025-09-16T21:21:36.016+0000] {dags_utils.py:109} INFO - Received message: {
  "type": "user_device",
  "user_id": 2880,
  "device_type": "tablet",
  "os": "MacOS",
  "browser": "Edge",
  "generated_at": "2025-09-16T21:18:09.770515+00:00"
}
[2025-09-16T21:21:36.017+0000] {dags_utils.py:109} INFO - Received message: {
  "type": "user_location",
  "user_id": 2880,
  "city": "Indian Ocean",
  "country": null,
  "lat": -40.9791105,
  "lon": 67.820446,
  "weather_temp": 14.48,
  "weather_desc": "overcast clouds",
  "generated_at": "2025-09-16T21:18:09.770538+00:00"
}
[2025-09-16T21:21:36.018+0000] {dags_utils.py:109} INFO - Received message: {
  "type": "event",
  "user_id": 2880,
  "session_id": "9bb47f19-b3fb-40ca-9361-1ef41d0240d1",
  "event_type": "remove_from_cart",
  "product_id": null,
  "product_name": null,
  "product_category": null,
  "order_id": null,
  "quantity": null,
  "city": "North Slope Borough",
  "country": "United States",
  "lat": 69.744933,
  "lon": -145.481126,
  "cost_usd": 925.02,
  "cost_eur": 786.53,
  "cost_rub": 76631.81,
  "weather_temp": 3.03,
  "weather_desc": "overcast clouds",
  "timestamp": "2025-09-16T21:18:11.750864+00:00"
}
[2025-09-16T21:21:36.018+0000] {dags_utils.py:109} INFO - Received message: {
  "type": "event",
  "user_id": 2880,
  "session_id": "d5bd2c8c-51c6-456b-ab06-1f09d9d51b55",
  "event_type": "session_start",
  "product_id": null,
  "product_name": null,
  "product_category": null,
  "order_id": null,
  "quantity": null,
  "city": "South Pacific Ocean",
  "country": null,
  "lat": -38.8570575,
  "lon": -87.709524,
  "cost_usd": 309.46,
  "cost_eur": 263.13,
  "cost_rub": 25636.72,
  "weather_temp": 10.04,
  "weather_desc": "light rain",
  "timestamp": "2025-09-16T21:18:12.963900+00:00"
}
[2025-09-16T21:21:36.019+0000] {dags_utils.py:109} INFO - Received message: {
  "type": "user_profile",
  "user_id": 3715,
  "name": "Charles Hall",
  "email": "ryanclark@example.net",
  "birth_date": "1987-07-15",
  "gender": "female",
  "generated_at": "2025-09-16T21:18:17.978573+00:00"
}
[2025-09-16T21:21:36.019+0000] {dags_utils.py:109} INFO - Received message: {
  "type": "user_device",
  "user_id": 3715,
  "device_type": "desktop",
  "os": "Android",
  "browser": "Chrome",
  "generated_at": "2025-09-16T21:18:17.978636+00:00"
}
[2025-09-16T21:21:36.020+0000] {dags_utils.py:109} INFO - Received message: {
  "type": "user_location",
  "user_id": 3715,
  "city": "South Pacific Ocean",
  "country": null,
  "lat": -50.3855155,
  "lon": 179.320666,
  "weather_temp": 8.07,
  "weather_desc": "overcast clouds",
  "generated_at": "2025-09-16T21:18:17.978654+00:00"
}
[2025-09-16T21:21:36.020+0000] {dags_utils.py:109} INFO - Received message: {
  "type": "event",
  "user_id": 3715,
  "session_id": "da0c0beb-f567-44e0-b435-c0af102e003f",
  "event_type": "signup",
  "product_id": null,
  "product_name": null,
  "product_category": null,
  "order_id": null,
  "quantity": null,
  "city": "Southern Ocean",
  "country": null,
  "lat": -63.0821875,
  "lon": 122.402169,
  "cost_usd": 515.98,
  "cost_eur": 438.73,
  "cost_rub": 42745.54,
  "weather_temp": -3.3,
  "weather_desc": "overcast clouds",
  "timestamp": "2025-09-16T21:18:19.695952+00:00"
}
[2025-09-16T21:21:36.021+0000] {dags_utils.py:109} INFO - Received message: {
  "type": "event",
  "user_id": 3715,
  "session_id": "54b9a562-8700-440e-9bf6-34dd3d5400c9",
  "event_type": "payment_success",
  "product_id": null,
  "product_name": null,
  "product_category": null,
  "order_id": null,
  "quantity": null,
  "city": "Barents Sea",
  "country": null,
  "lat": 80.0902945,
  "lon": 44.547792,
  "cost_usd": 964.22,
  "cost_eur": 819.86,
  "cost_rub": 79879.27,
  "weather_temp": -0.73,
  "weather_desc": "overcast clouds",
  "timestamp": "2025-09-16T21:18:21.180736+00:00"
}
[2025-09-16T21:21:36.021+0000] {dags_utils.py:109} INFO - Received message: {
  "type": "user_profile",
  "user_id": 2891,
  "name": "Rhonda Davis",
  "email": "bakertara@example.com",
  "birth_date": "1973-06-22",
  "gender": "male",
  "generated_at": "2025-09-16T21:19:17.823604+00:00"
}
[2025-09-16T21:21:36.022+0000] {dags_utils.py:109} INFO - Received message: {
  "type": "user_device",
  "user_id": 2891,
  "device_type": "tablet",
  "os": "MacOS",
  "browser": "Safari",
  "generated_at": "2025-09-16T21:19:17.823635+00:00"
}
[2025-09-16T21:21:36.022+0000] {dags_utils.py:109} INFO - Received message: {
  "type": "user_location",
  "user_id": 2891,
  "city": "Indian Ocean",
  "country": null,
  "lat": -51.6766375,
  "lon": 96.298162,
  "weather_temp": 0.88,
  "weather_desc": "light snow",
  "generated_at": "2025-09-16T21:19:17.823646+00:00"
}
[2025-09-16T21:21:36.023+0000] {dags_utils.py:109} INFO - Received message: {
  "type": "event",
  "user_id": 2891,
  "session_id": "f2e8d485-2d9a-4797-b528-bbf626118946",
  "event_type": "purchase",
  "product_id": 8,
  "product_name": "\u041c\u044f\u0447 \u0432\u043e\u043b\u0435\u0439\u0431\u043e\u043b\u044c\u043d\u044b\u0439",
  "product_category": "sports",
  "order_id": "1a00cddf-d432-463b-a447-c431cd09748d",
  "quantity": 1,
  "city": "Arctic Ocean",
  "country": null,
  "lat": 80.702873,
  "lon": 170.265901,
  "cost_usd": 94.0,
  "cost_eur": 79.93,
  "cost_rub": 7787.28,
  "weather_temp": -5.72,
  "weather_desc": "broken clouds",
  "timestamp": "2025-09-16T21:19:22.174100+00:00"
}
[2025-09-16T21:21:36.023+0000] {dags_utils.py:109} INFO - Received message: {
  "type": "order",
  "order_id": "1a00cddf-d432-463b-a447-c431cd09748d",
  "user_id": 2891,
  "order_ts": "2025-09-16T21:19:22.175027+00:00",
  "total_usd": 32.4,
  "generated_at": "2025-09-16T21:19:22.175039+00:00"
}
[2025-09-16T21:21:36.024+0000] {dags_utils.py:109} INFO - Received message: {
  "type": "order_item",
  "order_id": "1a00cddf-d432-463b-a447-c431cd09748d",
  "product_id": 8,
  "quantity": 1,
  "price_usd": 32.4,
  "generated_at": "2025-09-16T21:19:22.175043+00:00"
}
[2025-09-16T21:21:36.024+0000] {dags_utils.py:109} INFO - Received message: {
  "type": "order_status",
  "order_id": "1a00cddf-d432-463b-a447-c431cd09748d",
  "status": "failed",
  "generated_at": "2025-09-16T21:19:22.175338+00:00"
}
[2025-09-16T21:21:36.025+0000] {dags_utils.py:109} INFO - Received message: {
  "type": "event",
  "user_id": 2891,
  "session_id": "aa8d0146-fddc-4d32-afcf-925085ba412b",
  "event_type": "signup",
  "product_id": null,
  "product_name": null,
  "product_category": null,
  "order_id": null,
  "quantity": null,
  "city": "South Pacific Ocean",
  "country": null,
  "lat": -39.7429375,
  "lon": -80.730064,
  "cost_usd": 694.45,
  "cost_eur": 590.48,
  "cost_rub": 57530.61,
  "weather_temp": 12.87,
  "weather_desc": "overcast clouds",
  "timestamp": "2025-09-16T21:19:26.620845+00:00"
}
[2025-09-16T21:21:36.025+0000] {dags_utils.py:109} INFO - Received message: {
  "type": "user_profile",
  "user_id": 4518,
  "name": "Peter Huynh",
  "email": "eneal@example.com",
  "birth_date": "1994-03-03",
  "gender": "male",
  "generated_at": "2025-09-16T21:20:17.893910+00:00"
}
[2025-09-16T21:21:36.026+0000] {dags_utils.py:109} INFO - Received message: {
  "type": "user_device",
  "user_id": 4518,
  "device_type": "tablet",
  "os": "Android",
  "browser": "Chrome",
  "generated_at": "2025-09-16T21:20:17.893948+00:00"
}
[2025-09-16T21:21:36.026+0000] {dags_utils.py:109} INFO - Received message: {
  "type": "user_location",
  "user_id": 4518,
  "city": "North Atlantic Ocean",
  "country": null,
  "lat": 7.653816,
  "lon": -36.517985,
  "weather_temp": 27.67,
  "weather_desc": "broken clouds",
  "generated_at": "2025-09-16T21:20:17.893959+00:00"
}
[2025-09-16T21:21:36.027+0000] {dags_utils.py:109} INFO - Received message: {
  "type": "event",
  "user_id": 4518,
  "session_id": "e84e4d3f-8b1c-405b-84a0-3909eb557f88",
  "event_type": "purchase",
  "product_id": 2,
  "product_name": "Apple \u041f\u043b\u0430\u043d\u0448\u0435\u0442",
  "product_category": "electronics",
  "order_id": "1596d52b-0b03-47e3-aca2-67cce5f78547",
  "quantity": 1,
  "city": "Arctic Ocean",
  "country": null,
  "lat": 80.074786,
  "lon": -103.003427,
  "cost_usd": 204.35,
  "cost_eur": 173.76,
  "cost_rub": 16929.05,
  "weather_temp": -8.72,
  "weather_desc": "broken clouds",
  "timestamp": "2025-09-16T21:20:19.615590+00:00"
}
[2025-09-16T21:21:36.027+0000] {dags_utils.py:109} INFO - Received message: {
  "type": "order",
  "order_id": "1596d52b-0b03-47e3-aca2-67cce5f78547",
  "user_id": 4518,
  "order_ts": "2025-09-16T21:20:19.616646+00:00",
  "total_usd": 1200.99,
  "generated_at": "2025-09-16T21:20:19.616676+00:00"
}
[2025-09-16T21:21:36.028+0000] {dags_utils.py:109} INFO - Received message: {
  "type": "order_item",
  "order_id": "1596d52b-0b03-47e3-aca2-67cce5f78547",
  "product_id": 2,
  "quantity": 1,
  "price_usd": 1200.99,
  "generated_at": "2025-09-16T21:20:19.616685+00:00"
}
[2025-09-16T21:21:36.029+0000] {dags_utils.py:109} INFO - Received message: {
  "type": "order_status",
  "order_id": "1596d52b-0b03-47e3-aca2-67cce5f78547",
  "status": "pending",
  "generated_at": "2025-09-16T21:20:19.616944+00:00"
}
[2025-09-16T21:21:36.030+0000] {dags_utils.py:109} INFO - Received message: {
  "type": "event",
  "user_id": 4518,
  "session_id": "7a9b4f1c-485a-4b5b-a7de-ccdf9101388f",
  "event_type": "session_start",
  "product_id": null,
  "product_name": null,
  "product_category": null,
  "order_id": null,
  "quantity": null,
  "city": "North Pacific Ocean",
  "country": null,
  "lat": 23.7987015,
  "lon": -148.015516,
  "cost_usd": 192.36,
  "cost_eur": 163.56,
  "cost_rub": 15935.76,
  "weather_temp": 24.67,
  "weather_desc": "clear sky",
  "timestamp": "2025-09-16T21:20:21.042987+00:00"
}
[2025-09-16T21:21:36.031+0000] {dags_utils.py:109} INFO - Received message: {
  "type": "user_profile",
  "user_id": 820,
  "name": "Thomas Cameron",
  "email": "scottdavis@example.net",
  "birth_date": "2001-06-25",
  "gender": "male",
  "generated_at": "2025-09-16T21:21:17.490613+00:00"
}
[2025-09-16T21:21:36.031+0000] {dags_utils.py:109} INFO - Received message: {
  "type": "user_device",
  "user_id": 820,
  "device_type": "desktop",
  "os": "Android",
  "browser": "Firefox",
  "generated_at": "2025-09-16T21:21:17.490646+00:00"
}
[2025-09-16T21:21:36.032+0000] {dags_utils.py:109} INFO - Received message: {
  "type": "user_location",
  "user_id": 820,
  "city": "Southern Ocean",
  "country": null,
  "lat": -62.5102335,
  "lon": -43.26213,
  "weather_temp": -4.43,
  "weather_desc": "overcast clouds",
  "generated_at": "2025-09-16T21:21:17.490659+00:00"
}
[2025-09-16T21:21:36.032+0000] {dags_utils.py:109} INFO - Received message: {
  "type": "event",
  "user_id": 820,
  "session_id": "43fd9660-aeb9-4f58-8e21-3b3031914773",
  "event_type": "login",
  "product_id": null,
  "product_name": null,
  "product_category": null,
  "order_id": null,
  "quantity": null,
  "city": "Antarctica",
  "country": "Antarctica",
  "lat": -76.6875015,
  "lon": 118.049075,
  "cost_usd": 720.0,
  "cost_eur": 612.2,
  "cost_rub": 59647.26,
  "weather_temp": -55.12,
  "weather_desc": "broken clouds",
  "timestamp": "2025-09-16T21:21:19.246575+00:00"
}
[2025-09-16T21:21:36.033+0000] {dags_utils.py:109} INFO - Received message: {
  "type": "event",
  "user_id": 820,
  "session_id": "f154e824-07ee-417f-ac50-552912c9125e",
  "event_type": "login",
  "product_id": null,
  "product_name": null,
  "product_category": null,
  "order_id": null,
  "quantity": null,
  "city": "South Pacific Ocean",
  "country": null,
  "lat": -1.8634395,
  "lon": -112.133534,
  "cost_usd": 574.41,
  "cost_eur": 488.41,
  "cost_rub": 47586.08,
  "weather_temp": 22.14,
  "weather_desc": "overcast clouds",
  "timestamp": "2025-09-16T21:21:20.588766+00:00"
}
[2025-09-16T21:22:06.061+0000] {dags_utils.py:197} INFO - [SUCCESS] Consumer finished and flushed buffers
[2025-09-16T21:22:06.068+0000] {base.py:1052} INFO - Stopping heartbeat thread
[2025-09-16T21:22:06.069+0000] {base.py:891} INFO - Leaving consumer group (***_batch_consumer).
[2025-09-16T21:22:06.087+0000] {base.py:907} INFO - LeaveGroup request for group ***_batch_consumer returned successfully
[2025-09-16T21:22:06.089+0000] {conn.py:945} INFO - <BrokerConnection client_id=kafka-python-2.2.15, node_id=1 host=kafka:29092 <connected> [IPv4 ('172.23.0.3', 29092)]>: Closing connection. 
[2025-09-16T21:22:06.090+0000] {fetcher.py:786} INFO - Fetch to node 1 failed: Cancelled: <BrokerConnection client_id=kafka-python-2.2.15, node_id=1 host=kafka:29092 <connected> [IPv4 ('172.23.0.3', 29092)]>
[2025-09-16T21:22:06.090+0000] {conn.py:945} INFO - <BrokerConnection client_id=kafka-python-2.2.15, node_id=coordinator-1 host=kafka:29092 <connected> [IPv4 ('172.23.0.3', 29092)]>: Closing connection. 
[2025-09-16T21:22:06.091+0000] {python.py:183} INFO - Done. Returned value was: None
[2025-09-16T21:22:06.114+0000] {taskinstance.py:1350} INFO - Marking task as SUCCESS. dag_id=kafka_to_postgres_batch, task_id=consume_and_save_batch, execution_date=20250916T205126, start_date=20250916T212132, end_date=20250916T212206
[2025-09-16T21:22:06.116+0000] {logging_mixin.py:150} WARNING - /home/***/.local/lib/python3.7/site-packages/***/utils/context.py:205 AirflowContextDeprecationWarning: Accessing 'execution_date' from the template is deprecated and will be removed in a future version. Please use 'data_interval_start' or 'logical_date' instead.
[2025-09-16T21:22:06.598+0000] {local_task_job_runner.py:225} INFO - Task exited with return code 0
[2025-09-16T21:22:06.625+0000] {taskinstance.py:2653} INFO - 0 downstream tasks scheduled from follow-on schedule check
