[2025-09-03T20:02:18.372+0000] {logging_mixin.py:150} WARNING - /home/***/.local/lib/python3.7/site-packages/***/utils/sqlalchemy.py:124 DeprecationWarning: The sql_alchemy_conn option in [core] has been moved to the sql_alchemy_conn option in [database] - the old setting has been used, but please update your config.
[2025-09-03T20:02:18.550+0000] {taskinstance.py:1103} INFO - Dependencies all met for dep_context=non-requeueable deps ti=<TaskInstance: raw_to_dds.load_dds scheduled__2025-09-03T18:51:05.408048+00:00 [queued]>
[2025-09-03T20:02:18.629+0000] {taskinstance.py:1103} INFO - Dependencies all met for dep_context=requeueable deps ti=<TaskInstance: raw_to_dds.load_dds scheduled__2025-09-03T18:51:05.408048+00:00 [queued]>
[2025-09-03T20:02:18.631+0000] {taskinstance.py:1308} INFO - Starting attempt 3 of 3
[2025-09-03T20:02:19.026+0000] {taskinstance.py:1327} INFO - Executing <Task(PythonOperator): load_dds> on 2025-09-03 18:51:05.408048+00:00
[2025-09-03T20:02:19.089+0000] {standard_task_runner.py:57} INFO - Started process 2344 to run task
[2025-09-03T20:02:20.859+0000] {standard_task_runner.py:84} INFO - Running: ['***', 'tasks', 'run', 'raw_to_dds', 'load_dds', 'scheduled__2025-09-03T18:51:05.408048+00:00', '--job-id', '275', '--raw', '--subdir', 'DAGS_FOLDER/raw_to_dds.py', '--cfg-path', '/tmp/tmpn1liwxb1']
[2025-09-03T20:02:21.455+0000] {standard_task_runner.py:85} INFO - Job 275: Subtask load_dds
[2025-09-03T20:02:21.632+0000] {logging_mixin.py:150} WARNING - /home/***/.local/lib/python3.7/site-packages/***/settings.py:195 DeprecationWarning: The sql_alchemy_conn option in [core] has been moved to the sql_alchemy_conn option in [database] - the old setting has been used, but please update your config.
[2025-09-03T20:02:21.919+0000] {task_command.py:410} INFO - Running <TaskInstance: raw_to_dds.load_dds scheduled__2025-09-03T18:51:05.408048+00:00 [running]> on host 566c672cfab0
[2025-09-03T20:02:22.202+0000] {logging_mixin.py:150} WARNING - /home/***/.local/lib/python3.7/site-packages/***/utils/sqlalchemy.py:124 DeprecationWarning: The sql_alchemy_conn option in [core] has been moved to the sql_alchemy_conn option in [database] - the old setting has been used, but please update your config.
[2025-09-03T20:02:22.979+0000] {taskinstance.py:1547} INFO - Exporting env vars: AIRFLOW_CTX_DAG_OWNER='***' AIRFLOW_CTX_DAG_ID='raw_to_dds' AIRFLOW_CTX_TASK_ID='load_dds' AIRFLOW_CTX_EXECUTION_DATE='2025-09-03T18:51:05.408048+00:00' AIRFLOW_CTX_TRY_NUMBER='3' AIRFLOW_CTX_DAG_RUN_ID='scheduled__2025-09-03T18:51:05.408048+00:00'
[2025-09-03T20:02:23.416+0000] {taskinstance.py:1824} ERROR - Task failed with exception
Traceback (most recent call last):
  File "/home/airflow/.local/lib/python3.7/site-packages/airflow/operators/python.py", line 181, in execute
    return_value = self.execute_callable()
  File "/home/airflow/.local/lib/python3.7/site-packages/airflow/operators/python.py", line 198, in execute_callable
    return self.python_callable(*self.op_args, **self.op_kwargs)
  File "/opt/airflow/dags/raw_to_dds.py", line 35, in load_dds
    """)
psycopg2.errors.InvalidColumnReference: there is no unique or exclusion constraint matching the ON CONFLICT specification

[2025-09-03T20:02:23.693+0000] {taskinstance.py:1350} INFO - Marking task as FAILED. dag_id=raw_to_dds, task_id=load_dds, execution_date=20250903T185105, start_date=20250903T200218, end_date=20250903T200223
[2025-09-03T20:02:23.854+0000] {standard_task_runner.py:109} ERROR - Failed to execute job 275 for task load_dds (there is no unique or exclusion constraint matching the ON CONFLICT specification
; 2344)
[2025-09-03T20:02:23.923+0000] {local_task_job_runner.py:225} INFO - Task exited with return code 1
[2025-09-03T20:02:24.069+0000] {taskinstance.py:2653} INFO - 0 downstream tasks scheduled from follow-on schedule check
