[2025-09-14T12:14:33.958+0000] {taskinstance.py:1103} INFO - Dependencies all met for dep_context=non-requeueable deps ti=<TaskInstance: raw_to_dds_enhanced.upsert_users manual__2025-09-14T12:09:17.333529+00:00 [queued]>
[2025-09-14T12:14:33.980+0000] {taskinstance.py:1103} INFO - Dependencies all met for dep_context=requeueable deps ti=<TaskInstance: raw_to_dds_enhanced.upsert_users manual__2025-09-14T12:09:17.333529+00:00 [queued]>
[2025-09-14T12:14:33.982+0000] {taskinstance.py:1308} INFO - Starting attempt 2 of 3
[2025-09-14T12:14:34.015+0000] {taskinstance.py:1327} INFO - Executing <Task(PythonOperator): upsert_users> on 2025-09-14 12:09:17.333529+00:00
[2025-09-14T12:14:34.038+0000] {standard_task_runner.py:57} INFO - Started process 3386 to run task
[2025-09-14T12:14:34.044+0000] {standard_task_runner.py:84} INFO - Running: ['***', 'tasks', 'run', 'raw_to_dds_enhanced', 'upsert_users', 'manual__2025-09-14T12:09:17.333529+00:00', '--job-id', '89', '--raw', '--subdir', 'DAGS_FOLDER/raw_to_dds.py', '--cfg-path', '/tmp/tmpnd9jbueu']
[2025-09-14T12:14:34.048+0000] {standard_task_runner.py:85} INFO - Job 89: Subtask upsert_users
[2025-09-14T12:14:34.079+0000] {logging_mixin.py:150} WARNING - /home/***/.local/lib/python3.7/site-packages/***/settings.py:195 DeprecationWarning: The sql_alchemy_conn option in [core] has been moved to the sql_alchemy_conn option in [database] - the old setting has been used, but please update your config.
[2025-09-14T12:14:34.163+0000] {task_command.py:410} INFO - Running <TaskInstance: raw_to_dds_enhanced.upsert_users manual__2025-09-14T12:09:17.333529+00:00 [running]> on host 3deaa5b4a23c
[2025-09-14T12:14:34.359+0000] {taskinstance.py:1547} INFO - Exporting env vars: AIRFLOW_CTX_DAG_OWNER='***' AIRFLOW_CTX_DAG_ID='raw_to_dds_enhanced' AIRFLOW_CTX_TASK_ID='upsert_users' AIRFLOW_CTX_EXECUTION_DATE='2025-09-14T12:09:17.333529+00:00' AIRFLOW_CTX_TRY_NUMBER='2' AIRFLOW_CTX_DAG_RUN_ID='manual__2025-09-14T12:09:17.333529+00:00'
[2025-09-14T12:14:34.533+0000] {taskinstance.py:1824} ERROR - Task failed with exception
Traceback (most recent call last):
  File "/home/airflow/.local/lib/python3.7/site-packages/airflow/operators/python.py", line 181, in execute
    return_value = self.execute_callable()
  File "/home/airflow/.local/lib/python3.7/site-packages/airflow/operators/python.py", line 198, in execute_callable
    return self.python_callable(*self.op_args, **self.op_kwargs)
  File "/opt/airflow/dags/raw_to_dds.py", line 62, in upsert_users_from_raw
    row.get("city"), row.get("country")
psycopg2.errors.CheckViolation: new row for relation "users" violates check constraint "users_gender_check"
DETAIL:  Failing row contains (4567, Jennifer Gordon, utaylor@example.net, 1957-10-05, other, Манастир Рача, Serbia).

[2025-09-14T12:14:34.597+0000] {taskinstance.py:1350} INFO - Marking task as UP_FOR_RETRY. dag_id=raw_to_dds_enhanced, task_id=upsert_users, execution_date=20250914T120917, start_date=20250914T121433, end_date=20250914T121434
[2025-09-14T12:14:34.638+0000] {standard_task_runner.py:109} ERROR - Failed to execute job 89 for task upsert_users (new row for relation "users" violates check constraint "users_gender_check"
DETAIL:  Failing row contains (4567, Jennifer Gordon, utaylor@example.net, 1957-10-05, other, Манастир Рача, Serbia).
; 3386)
[2025-09-14T12:14:34.659+0000] {local_task_job_runner.py:225} INFO - Task exited with return code 1
[2025-09-14T12:14:34.720+0000] {taskinstance.py:2653} INFO - 0 downstream tasks scheduled from follow-on schedule check
