[2025-09-03T19:51:29.083+0000] {taskinstance.py:1103} INFO - Dependencies all met for dep_context=non-requeueable deps ti=<TaskInstance: raw_to_dds.create_schemas manual__2025-09-03T19:51:14.314123+00:00 [queued]>
[2025-09-03T19:51:29.151+0000] {taskinstance.py:1103} INFO - Dependencies all met for dep_context=requeueable deps ti=<TaskInstance: raw_to_dds.create_schemas manual__2025-09-03T19:51:14.314123+00:00 [queued]>
[2025-09-03T19:51:29.153+0000] {taskinstance.py:1308} INFO - Starting attempt 1 of 3
[2025-09-03T19:51:29.237+0000] {taskinstance.py:1327} INFO - Executing <Task(PostgresOperator): create_schemas> on 2025-09-03 19:51:14.314123+00:00
[2025-09-03T19:51:29.295+0000] {standard_task_runner.py:57} INFO - Started process 2120 to run task
[2025-09-03T19:51:29.311+0000] {standard_task_runner.py:84} INFO - Running: ['***', 'tasks', 'run', 'raw_to_dds', 'create_schemas', 'manual__2025-09-03T19:51:14.314123+00:00', '--job-id', '267', '--raw', '--subdir', 'DAGS_FOLDER/raw_to_dds.py', '--cfg-path', '/tmp/tmp5xsptz4e']
[2025-09-03T19:51:29.378+0000] {standard_task_runner.py:85} INFO - Job 267: Subtask create_schemas
[2025-09-03T19:51:29.706+0000] {logging_mixin.py:150} WARNING - /home/***/.local/lib/python3.7/site-packages/***/settings.py:195 DeprecationWarning: The sql_alchemy_conn option in [core] has been moved to the sql_alchemy_conn option in [database] - the old setting has been used, but please update your config.
[2025-09-03T19:51:30.462+0000] {task_command.py:410} INFO - Running <TaskInstance: raw_to_dds.create_schemas manual__2025-09-03T19:51:14.314123+00:00 [running]> on host 566c672cfab0
[2025-09-03T19:51:31.060+0000] {taskinstance.py:1547} INFO - Exporting env vars: AIRFLOW_CTX_DAG_OWNER='***' AIRFLOW_CTX_DAG_ID='raw_to_dds' AIRFLOW_CTX_TASK_ID='create_schemas' AIRFLOW_CTX_EXECUTION_DATE='2025-09-03T19:51:14.314123+00:00' AIRFLOW_CTX_TRY_NUMBER='1' AIRFLOW_CTX_DAG_RUN_ID='manual__2025-09-03T19:51:14.314123+00:00'
[2025-09-03T19:51:31.069+0000] {sql.py:265} INFO - Executing: 
        CREATE SCHEMA IF NOT EXISTS dds;
        CREATE SCHEMA IF NOT EXISTS dictionary;
        
[2025-09-03T19:51:31.112+0000] {base.py:73} INFO - Using connection ID 'postgres_default' for task execution.
[2025-09-03T19:51:31.407+0000] {base.py:73} INFO - Using connection ID 'postgres_default' for task execution.
[2025-09-03T19:51:31.449+0000] {sql.py:375} INFO - Running statement: 
        CREATE SCHEMA IF NOT EXISTS dds;
        CREATE SCHEMA IF NOT EXISTS dictionary;
        , parameters: None
[2025-09-03T19:51:31.488+0000] {taskinstance.py:1350} INFO - Marking task as SUCCESS. dag_id=raw_to_dds, task_id=create_schemas, execution_date=20250903T195114, start_date=20250903T195129, end_date=20250903T195131
[2025-09-03T19:51:31.531+0000] {local_task_job_runner.py:225} INFO - Task exited with return code 0
[2025-09-03T19:51:31.626+0000] {taskinstance.py:2653} INFO - 1 downstream tasks scheduled from follow-on schedule check
