[2025-09-03T19:38:57.011+0000] {logging_mixin.py:150} WARNING - /home/***/.local/lib/python3.7/site-packages/***/utils/sqlalchemy.py:124 DeprecationWarning: The sql_alchemy_conn option in [core] has been moved to the sql_alchemy_conn option in [database] - the old setting has been used, but please update your config.
[2025-09-03T19:38:57.166+0000] {taskinstance.py:1103} INFO - Dependencies all met for dep_context=non-requeueable deps ti=<TaskInstance: kafka_to_postgres.create_dictionary_tables scheduled__2025-09-02T20:25:00+00:00 [queued]>
[2025-09-03T19:38:57.268+0000] {taskinstance.py:1103} INFO - Dependencies all met for dep_context=requeueable deps ti=<TaskInstance: kafka_to_postgres.create_dictionary_tables scheduled__2025-09-02T20:25:00+00:00 [queued]>
[2025-09-03T19:38:57.271+0000] {taskinstance.py:1308} INFO - Starting attempt 1 of 3
[2025-09-03T19:38:57.477+0000] {taskinstance.py:1327} INFO - Executing <Task(PostgresOperator): create_dictionary_tables> on 2025-09-02 20:25:00+00:00
[2025-09-03T19:38:57.675+0000] {standard_task_runner.py:57} INFO - Started process 1873 to run task
[2025-09-03T19:38:57.677+0000] {standard_task_runner.py:84} INFO - Running: ['***', 'tasks', 'run', 'kafka_to_postgres', 'create_dictionary_tables', 'scheduled__2025-09-02T20:25:00+00:00', '--job-id', '230', '--raw', '--subdir', 'DAGS_FOLDER/dags.py', '--cfg-path', '/tmp/tmp4m5vhmsu']
[2025-09-03T19:38:57.748+0000] {standard_task_runner.py:85} INFO - Job 230: Subtask create_dictionary_tables
[2025-09-03T19:38:58.105+0000] {logging_mixin.py:150} WARNING - /home/***/.local/lib/python3.7/site-packages/***/settings.py:195 DeprecationWarning: The sql_alchemy_conn option in [core] has been moved to the sql_alchemy_conn option in [database] - the old setting has been used, but please update your config.
[2025-09-03T19:38:59.134+0000] {task_command.py:410} INFO - Running <TaskInstance: kafka_to_postgres.create_dictionary_tables scheduled__2025-09-02T20:25:00+00:00 [running]> on host 566c672cfab0
[2025-09-03T19:38:59.340+0000] {logging_mixin.py:150} WARNING - /home/***/.local/lib/python3.7/site-packages/***/utils/sqlalchemy.py:124 DeprecationWarning: The sql_alchemy_conn option in [core] has been moved to the sql_alchemy_conn option in [database] - the old setting has been used, but please update your config.
[2025-09-03T19:39:00.336+0000] {taskinstance.py:1547} INFO - Exporting env vars: AIRFLOW_CTX_DAG_OWNER='***' AIRFLOW_CTX_DAG_ID='kafka_to_postgres' AIRFLOW_CTX_TASK_ID='create_dictionary_tables' AIRFLOW_CTX_EXECUTION_DATE='2025-09-02T20:25:00+00:00' AIRFLOW_CTX_TRY_NUMBER='1' AIRFLOW_CTX_DAG_RUN_ID='scheduled__2025-09-02T20:25:00+00:00'
[2025-09-03T19:39:00.353+0000] {sql.py:265} INFO - Executing: 
        CREATE TABLE IF NOT EXISTS dictionary.countries (
            id SERIAL PRIMARY KEY,
            country_name TEXT UNIQUE
        );

        CREATE TABLE IF NOT EXISTS dictionary.cities (
            id SERIAL PRIMARY KEY,
            city_name TEXT,
            country_id INT REFERENCES dictionary.countries(id)
        );

        CREATE TABLE IF NOT EXISTS dictionary.event_types (
            id SERIAL PRIMARY KEY,
            event_type_name TEXT UNIQUE
        );
        
[2025-09-03T19:39:00.540+0000] {base.py:73} INFO - Using connection ID 'postgres_default' for task execution.
[2025-09-03T19:39:02.590+0000] {base.py:73} INFO - Using connection ID 'postgres_default' for task execution.
[2025-09-03T19:39:02.657+0000] {sql.py:375} INFO - Running statement: 
        CREATE TABLE IF NOT EXISTS dictionary.countries (
            id SERIAL PRIMARY KEY,
            country_name TEXT UNIQUE
        );

        CREATE TABLE IF NOT EXISTS dictionary.cities (
            id SERIAL PRIMARY KEY,
            city_name TEXT,
            country_id INT REFERENCES dictionary.countries(id)
        );

        CREATE TABLE IF NOT EXISTS dictionary.event_types (
            id SERIAL PRIMARY KEY,
            event_type_name TEXT UNIQUE
        );
        , parameters: None
[2025-09-03T19:39:03.539+0000] {taskinstance.py:1350} INFO - Marking task as SUCCESS. dag_id=kafka_to_postgres, task_id=create_dictionary_tables, execution_date=20250902T202500, start_date=20250903T193857, end_date=20250903T193903
[2025-09-03T19:39:03.723+0000] {local_task_job_runner.py:225} INFO - Task exited with return code 0
[2025-09-03T19:39:04.087+0000] {taskinstance.py:2653} INFO - 1 downstream tasks scheduled from follow-on schedule check
