[2025-09-03T19:46:23.903+0000] {logging_mixin.py:150} WARNING - /home/***/.local/lib/python3.7/site-packages/***/utils/sqlalchemy.py:124 DeprecationWarning: The sql_alchemy_conn option in [core] has been moved to the sql_alchemy_conn option in [database] - the old setting has been used, but please update your config.
[2025-09-03T19:46:24.741+0000] {taskinstance.py:1103} INFO - Dependencies all met for dep_context=non-requeueable deps ti=<TaskInstance: kafka_to_postgres.create_raw_events scheduled__2025-09-03T19:15:57.550361+00:00 [queued]>
[2025-09-03T19:46:24.768+0000] {taskinstance.py:1103} INFO - Dependencies all met for dep_context=requeueable deps ti=<TaskInstance: kafka_to_postgres.create_raw_events scheduled__2025-09-03T19:15:57.550361+00:00 [queued]>
[2025-09-03T19:46:24.769+0000] {taskinstance.py:1308} INFO - Starting attempt 1 of 3
[2025-09-03T19:46:24.830+0000] {taskinstance.py:1327} INFO - Executing <Task(PostgresOperator): create_raw_events> on 2025-09-03 19:15:57.550361+00:00
[2025-09-03T19:46:24.853+0000] {standard_task_runner.py:57} INFO - Started process 2009 to run task
[2025-09-03T19:46:24.860+0000] {standard_task_runner.py:84} INFO - Running: ['***', 'tasks', 'run', 'kafka_to_postgres', 'create_raw_events', 'scheduled__2025-09-03T19:15:57.550361+00:00', '--job-id', '262', '--raw', '--subdir', 'DAGS_FOLDER/dags.py', '--cfg-path', '/tmp/tmpmk2jz0_t']
[2025-09-03T19:46:24.866+0000] {standard_task_runner.py:85} INFO - Job 262: Subtask create_raw_events
[2025-09-03T19:46:24.912+0000] {logging_mixin.py:150} WARNING - /home/***/.local/lib/python3.7/site-packages/***/settings.py:195 DeprecationWarning: The sql_alchemy_conn option in [core] has been moved to the sql_alchemy_conn option in [database] - the old setting has been used, but please update your config.
[2025-09-03T19:46:25.008+0000] {task_command.py:410} INFO - Running <TaskInstance: kafka_to_postgres.create_raw_events scheduled__2025-09-03T19:15:57.550361+00:00 [running]> on host 566c672cfab0
[2025-09-03T19:46:25.054+0000] {logging_mixin.py:150} WARNING - /home/***/.local/lib/python3.7/site-packages/***/utils/sqlalchemy.py:124 DeprecationWarning: The sql_alchemy_conn option in [core] has been moved to the sql_alchemy_conn option in [database] - the old setting has been used, but please update your config.
[2025-09-03T19:46:25.318+0000] {taskinstance.py:1547} INFO - Exporting env vars: AIRFLOW_CTX_DAG_OWNER='***' AIRFLOW_CTX_DAG_ID='kafka_to_postgres' AIRFLOW_CTX_TASK_ID='create_raw_events' AIRFLOW_CTX_EXECUTION_DATE='2025-09-03T19:15:57.550361+00:00' AIRFLOW_CTX_TRY_NUMBER='1' AIRFLOW_CTX_DAG_RUN_ID='scheduled__2025-09-03T19:15:57.550361+00:00'
[2025-09-03T19:46:25.319+0000] {sql.py:265} INFO - Executing: 
        CREATE TABLE IF NOT EXISTS raw.events (
            id SERIAL PRIMARY KEY,
            user_id INT,
            event_type TEXT,
            city TEXT,
            country TEXT,
            lat DOUBLE PRECISION,
            lon DOUBLE PRECISION,
            cost_usd NUMERIC(10,2),
            cost_eur NUMERIC(10,2),
            cost_rub NUMERIC(10,2),
            weather_temp NUMERIC(5,2),
            weather_desc TEXT,
            timestamp TIMESTAMPTZ DEFAULT NOW()
        );
        
[2025-09-03T19:46:25.344+0000] {base.py:73} INFO - Using connection ID 'postgres_default' for task execution.
[2025-09-03T19:46:26.130+0000] {base.py:73} INFO - Using connection ID 'postgres_default' for task execution.
[2025-09-03T19:46:26.164+0000] {sql.py:375} INFO - Running statement: 
        CREATE TABLE IF NOT EXISTS raw.events (
            id SERIAL PRIMARY KEY,
            user_id INT,
            event_type TEXT,
            city TEXT,
            country TEXT,
            lat DOUBLE PRECISION,
            lon DOUBLE PRECISION,
            cost_usd NUMERIC(10,2),
            cost_eur NUMERIC(10,2),
            cost_rub NUMERIC(10,2),
            weather_temp NUMERIC(5,2),
            weather_desc TEXT,
            timestamp TIMESTAMPTZ DEFAULT NOW()
        );
        , parameters: None
[2025-09-03T19:46:26.210+0000] {taskinstance.py:1350} INFO - Marking task as SUCCESS. dag_id=kafka_to_postgres, task_id=create_raw_events, execution_date=20250903T191557, start_date=20250903T194624, end_date=20250903T194626
[2025-09-03T19:46:26.278+0000] {local_task_job_runner.py:225} INFO - Task exited with return code 0
[2025-09-03T19:46:26.389+0000] {taskinstance.py:2653} INFO - 1 downstream tasks scheduled from follow-on schedule check
