[2025-09-03T19:51:35.197+0000] {logging_mixin.py:150} WARNING - /home/***/.local/lib/python3.7/site-packages/***/utils/sqlalchemy.py:124 DeprecationWarning: The sql_alchemy_conn option in [core] has been moved to the sql_alchemy_conn option in [database] - the old setting has been used, but please update your config.
[2025-09-03T19:51:35.231+0000] {taskinstance.py:1103} INFO - Dependencies all met for dep_context=non-requeueable deps ti=<TaskInstance: raw_to_dds.create_tables scheduled__2025-09-03T18:51:05.408048+00:00 [queued]>
[2025-09-03T19:51:35.253+0000] {taskinstance.py:1103} INFO - Dependencies all met for dep_context=requeueable deps ti=<TaskInstance: raw_to_dds.create_tables scheduled__2025-09-03T18:51:05.408048+00:00 [queued]>
[2025-09-03T19:51:35.254+0000] {taskinstance.py:1308} INFO - Starting attempt 1 of 3
[2025-09-03T19:51:35.294+0000] {taskinstance.py:1327} INFO - Executing <Task(PostgresOperator): create_tables> on 2025-09-03 18:51:05.408048+00:00
[2025-09-03T19:51:35.310+0000] {standard_task_runner.py:57} INFO - Started process 2125 to run task
[2025-09-03T19:51:35.319+0000] {standard_task_runner.py:84} INFO - Running: ['***', 'tasks', 'run', 'raw_to_dds', 'create_tables', 'scheduled__2025-09-03T18:51:05.408048+00:00', '--job-id', '270', '--raw', '--subdir', 'DAGS_FOLDER/raw_to_dds.py', '--cfg-path', '/tmp/tmp50x3nxc4']
[2025-09-03T19:51:35.325+0000] {standard_task_runner.py:85} INFO - Job 270: Subtask create_tables
[2025-09-03T19:51:35.381+0000] {logging_mixin.py:150} WARNING - /home/***/.local/lib/python3.7/site-packages/***/settings.py:195 DeprecationWarning: The sql_alchemy_conn option in [core] has been moved to the sql_alchemy_conn option in [database] - the old setting has been used, but please update your config.
[2025-09-03T19:51:35.514+0000] {task_command.py:410} INFO - Running <TaskInstance: raw_to_dds.create_tables scheduled__2025-09-03T18:51:05.408048+00:00 [running]> on host 566c672cfab0
[2025-09-03T19:51:35.624+0000] {logging_mixin.py:150} WARNING - /home/***/.local/lib/python3.7/site-packages/***/utils/sqlalchemy.py:124 DeprecationWarning: The sql_alchemy_conn option in [core] has been moved to the sql_alchemy_conn option in [database] - the old setting has been used, but please update your config.
[2025-09-03T19:51:35.841+0000] {taskinstance.py:1547} INFO - Exporting env vars: AIRFLOW_CTX_DAG_OWNER='***' AIRFLOW_CTX_DAG_ID='raw_to_dds' AIRFLOW_CTX_TASK_ID='create_tables' AIRFLOW_CTX_EXECUTION_DATE='2025-09-03T18:51:05.408048+00:00' AIRFLOW_CTX_TRY_NUMBER='1' AIRFLOW_CTX_DAG_RUN_ID='scheduled__2025-09-03T18:51:05.408048+00:00'
[2025-09-03T19:51:35.842+0000] {sql.py:265} INFO - Executing: 
        CREATE TABLE IF NOT EXISTS dictionary.countries (
            id SERIAL PRIMARY KEY,
            country_name TEXT UNIQUE
        );

        CREATE TABLE IF NOT EXISTS dictionary.cities (
            id SERIAL PRIMARY KEY,
            city_name TEXT,
            country_id INT REFERENCES dictionary.countries(id),
            UNIQUE(city_name, country_id)
        );

        CREATE TABLE IF NOT EXISTS dictionary.event_types (
            id SERIAL PRIMARY KEY,
            event_type_name TEXT UNIQUE
        );

        CREATE TABLE IF NOT EXISTS dds.users (
            id SERIAL PRIMARY KEY,
            user_id INT UNIQUE
        );

        CREATE TABLE IF NOT EXISTS dds.facts_events (
            id SERIAL PRIMARY KEY,
            user_id INT REFERENCES dds.users(id),
            event_type_id INT REFERENCES dictionary.event_types(id),
            city_id INT REFERENCES dictionary.cities(id),
            lat DOUBLE PRECISION,
            lon DOUBLE PRECISION,
            cost_usd NUMERIC(10,2),
            cost_eur NUMERIC(10,2),
            cost_rub NUMERIC(10,2),
            weather_temp NUMERIC(5,2),
            weather_desc TEXT,
            timestamp TIMESTAMPTZ
        );
        
[2025-09-03T19:51:35.871+0000] {base.py:73} INFO - Using connection ID 'postgres_default' for task execution.
[2025-09-03T19:51:36.041+0000] {base.py:73} INFO - Using connection ID 'postgres_default' for task execution.
[2025-09-03T19:51:36.059+0000] {sql.py:375} INFO - Running statement: 
        CREATE TABLE IF NOT EXISTS dictionary.countries (
            id SERIAL PRIMARY KEY,
            country_name TEXT UNIQUE
        );

        CREATE TABLE IF NOT EXISTS dictionary.cities (
            id SERIAL PRIMARY KEY,
            city_name TEXT,
            country_id INT REFERENCES dictionary.countries(id),
            UNIQUE(city_name, country_id)
        );

        CREATE TABLE IF NOT EXISTS dictionary.event_types (
            id SERIAL PRIMARY KEY,
            event_type_name TEXT UNIQUE
        );

        CREATE TABLE IF NOT EXISTS dds.users (
            id SERIAL PRIMARY KEY,
            user_id INT UNIQUE
        );

        CREATE TABLE IF NOT EXISTS dds.facts_events (
            id SERIAL PRIMARY KEY,
            user_id INT REFERENCES dds.users(id),
            event_type_id INT REFERENCES dictionary.event_types(id),
            city_id INT REFERENCES dictionary.cities(id),
            lat DOUBLE PRECISION,
            lon DOUBLE PRECISION,
            cost_usd NUMERIC(10,2),
            cost_eur NUMERIC(10,2),
            cost_rub NUMERIC(10,2),
            weather_temp NUMERIC(5,2),
            weather_desc TEXT,
            timestamp TIMESTAMPTZ
        );
        , parameters: None
[2025-09-03T19:51:36.089+0000] {taskinstance.py:1350} INFO - Marking task as SUCCESS. dag_id=raw_to_dds, task_id=create_tables, execution_date=20250903T185105, start_date=20250903T195135, end_date=20250903T195136
[2025-09-03T19:51:36.134+0000] {local_task_job_runner.py:225} INFO - Task exited with return code 0
[2025-09-03T19:51:36.213+0000] {taskinstance.py:2653} INFO - 0 downstream tasks scheduled from follow-on schedule check
