[2025-09-10T13:18:20.175+0000] {logging_mixin.py:150} WARNING - /home/***/.local/lib/python3.7/site-packages/***/utils/sqlalchemy.py:124 DeprecationWarning: The sql_alchemy_conn option in [core] has been moved to the sql_alchemy_conn option in [database] - the old setting has been used, but please update your config.
[2025-09-10T13:18:20.722+0000] {taskinstance.py:1103} INFO - Dependencies all met for dep_context=non-requeueable deps ti=<TaskInstance: raw_to_dds.load_dds_users scheduled__2025-09-10T12:17:23.250163+00:00 [queued]>
[2025-09-10T13:18:20.744+0000] {taskinstance.py:1103} INFO - Dependencies all met for dep_context=requeueable deps ti=<TaskInstance: raw_to_dds.load_dds_users scheduled__2025-09-10T12:17:23.250163+00:00 [queued]>
[2025-09-10T13:18:20.915+0000] {taskinstance.py:1308} INFO - Starting attempt 1 of 3
[2025-09-10T13:18:21.032+0000] {taskinstance.py:1327} INFO - Executing <Task(PostgresOperator): load_dds_users> on 2025-09-10 12:17:23.250163+00:00
[2025-09-10T13:18:21.055+0000] {standard_task_runner.py:57} INFO - Started process 186 to run task
[2025-09-10T13:18:21.103+0000] {standard_task_runner.py:84} INFO - Running: ['***', 'tasks', 'run', 'raw_to_dds', 'load_dds_users', 'scheduled__2025-09-10T12:17:23.250163+00:00', '--job-id', '77', '--raw', '--subdir', 'DAGS_FOLDER/raw_to_dds.py', '--cfg-path', '/tmp/tmp8ru2tqqu']
[2025-09-10T13:18:21.112+0000] {standard_task_runner.py:85} INFO - Job 77: Subtask load_dds_users
[2025-09-10T13:18:21.247+0000] {logging_mixin.py:150} WARNING - /home/***/.local/lib/python3.7/site-packages/***/settings.py:195 DeprecationWarning: The sql_alchemy_conn option in [core] has been moved to the sql_alchemy_conn option in [database] - the old setting has been used, but please update your config.
[2025-09-10T13:18:21.376+0000] {task_command.py:410} INFO - Running <TaskInstance: raw_to_dds.load_dds_users scheduled__2025-09-10T12:17:23.250163+00:00 [running]> on host c905ba028b15
[2025-09-10T13:18:21.434+0000] {logging_mixin.py:150} WARNING - /home/***/.local/lib/python3.7/site-packages/***/utils/sqlalchemy.py:124 DeprecationWarning: The sql_alchemy_conn option in [core] has been moved to the sql_alchemy_conn option in [database] - the old setting has been used, but please update your config.
[2025-09-10T13:18:22.192+0000] {taskinstance.py:1547} INFO - Exporting env vars: AIRFLOW_CTX_DAG_OWNER='***' AIRFLOW_CTX_DAG_ID='raw_to_dds' AIRFLOW_CTX_TASK_ID='load_dds_users' AIRFLOW_CTX_EXECUTION_DATE='2025-09-10T12:17:23.250163+00:00' AIRFLOW_CTX_TRY_NUMBER='1' AIRFLOW_CTX_DAG_RUN_ID='scheduled__2025-09-10T12:17:23.250163+00:00'
[2025-09-10T13:18:22.210+0000] {sql.py:265} INFO - Executing: 
        INSERT INTO dds.users (user_id, city, country)
        SELECT DISTINCT user_id, city, country
        FROM raw.events
        ON CONFLICT (user_id) DO NOTHING;
        
[2025-09-10T13:18:22.335+0000] {base.py:73} INFO - Using connection ID 'postgres_default' for task execution.
[2025-09-10T13:18:23.986+0000] {base.py:73} INFO - Using connection ID 'postgres_default' for task execution.
[2025-09-10T13:18:24.148+0000] {sql.py:375} INFO - Running statement: 
        INSERT INTO dds.users (user_id, city, country)
        SELECT DISTINCT user_id, city, country
        FROM raw.events
        ON CONFLICT (user_id) DO NOTHING;
        , parameters: None
[2025-09-10T13:18:24.362+0000] {sql.py:384} INFO - Rows affected: 1
[2025-09-10T13:18:24.442+0000] {taskinstance.py:1350} INFO - Marking task as SUCCESS. dag_id=raw_to_dds, task_id=load_dds_users, execution_date=20250910T121723, start_date=20250910T131820, end_date=20250910T131824
[2025-09-10T13:18:24.532+0000] {local_task_job_runner.py:225} INFO - Task exited with return code 0
[2025-09-10T13:18:24.628+0000] {taskinstance.py:2653} INFO - 1 downstream tasks scheduled from follow-on schedule check
