[2025-09-06T18:10:40.385+0000] {taskinstance.py:1103} INFO - Dependencies all met for dep_context=non-requeueable deps ti=<TaskInstance: raw_to_dds.load_dds_events manual__2025-09-06T18:10:22.699813+00:00 [queued]>
[2025-09-06T18:10:40.428+0000] {taskinstance.py:1103} INFO - Dependencies all met for dep_context=requeueable deps ti=<TaskInstance: raw_to_dds.load_dds_events manual__2025-09-06T18:10:22.699813+00:00 [queued]>
[2025-09-06T18:10:40.429+0000] {taskinstance.py:1308} INFO - Starting attempt 1 of 3
[2025-09-06T18:10:40.472+0000] {taskinstance.py:1327} INFO - Executing <Task(PostgresOperator): load_dds_events> on 2025-09-06 18:10:22.699813+00:00
[2025-09-06T18:10:40.525+0000] {standard_task_runner.py:57} INFO - Started process 619 to run task
[2025-09-06T18:10:40.531+0000] {standard_task_runner.py:84} INFO - Running: ['***', 'tasks', 'run', 'raw_to_dds', 'load_dds_events', 'manual__2025-09-06T18:10:22.699813+00:00', '--job-id', '61', '--raw', '--subdir', 'DAGS_FOLDER/raw_to_dds.py', '--cfg-path', '/tmp/tmpb4le9yh0']
[2025-09-06T18:10:40.536+0000] {standard_task_runner.py:85} INFO - Job 61: Subtask load_dds_events
[2025-09-06T18:10:40.590+0000] {logging_mixin.py:150} WARNING - /home/***/.local/lib/python3.7/site-packages/***/settings.py:195 DeprecationWarning: The sql_alchemy_conn option in [core] has been moved to the sql_alchemy_conn option in [database] - the old setting has been used, but please update your config.
[2025-09-06T18:10:40.716+0000] {task_command.py:410} INFO - Running <TaskInstance: raw_to_dds.load_dds_events manual__2025-09-06T18:10:22.699813+00:00 [running]> on host ef9bb72bce84
[2025-09-06T18:10:40.994+0000] {taskinstance.py:1547} INFO - Exporting env vars: AIRFLOW_CTX_DAG_OWNER='***' AIRFLOW_CTX_DAG_ID='raw_to_dds' AIRFLOW_CTX_TASK_ID='load_dds_events' AIRFLOW_CTX_EXECUTION_DATE='2025-09-06T18:10:22.699813+00:00' AIRFLOW_CTX_TRY_NUMBER='1' AIRFLOW_CTX_DAG_RUN_ID='manual__2025-09-06T18:10:22.699813+00:00'
[2025-09-06T18:10:40.995+0000] {sql.py:265} INFO - Executing: 
        INSERT INTO dds.events (user_id, event_type, timestamp)
        SELECT re.user_id, re.event_type, re.timestamp
        FROM raw.events re
        LEFT JOIN dds.events de
        ON re.user_id = de.user_id AND re.timestamp = de.timestamp
        WHERE de.event_id IS NULL;
        
[2025-09-06T18:10:41.020+0000] {base.py:73} INFO - Using connection ID 'postgres_default' for task execution.
[2025-09-06T18:10:41.152+0000] {base.py:73} INFO - Using connection ID 'postgres_default' for task execution.
[2025-09-06T18:10:41.165+0000] {sql.py:375} INFO - Running statement: 
        INSERT INTO dds.events (user_id, event_type, timestamp)
        SELECT re.user_id, re.event_type, re.timestamp
        FROM raw.events re
        LEFT JOIN dds.events de
        ON re.user_id = de.user_id AND re.timestamp = de.timestamp
        WHERE de.event_id IS NULL;
        , parameters: None
[2025-09-06T18:10:41.171+0000] {sql.py:384} INFO - Rows affected: 0
[2025-09-06T18:10:41.196+0000] {taskinstance.py:1350} INFO - Marking task as SUCCESS. dag_id=raw_to_dds, task_id=load_dds_events, execution_date=20250906T181022, start_date=20250906T181040, end_date=20250906T181041
[2025-09-06T18:10:41.227+0000] {local_task_job_runner.py:225} INFO - Task exited with return code 0
[2025-09-06T18:10:41.277+0000] {taskinstance.py:2653} INFO - 2 downstream tasks scheduled from follow-on schedule check
