[2025-09-04T14:22:10.341+0000] {taskinstance.py:1103} INFO - Dependencies all met for dep_context=non-requeueable deps ti=<TaskInstance: kafka_to_postgres_batch.init_schema manual__2025-09-04T14:21:53.129556+00:00 [queued]>
[2025-09-04T14:22:10.385+0000] {taskinstance.py:1103} INFO - Dependencies all met for dep_context=requeueable deps ti=<TaskInstance: kafka_to_postgres_batch.init_schema manual__2025-09-04T14:21:53.129556+00:00 [queued]>
[2025-09-04T14:22:10.387+0000] {taskinstance.py:1308} INFO - Starting attempt 1 of 3
[2025-09-04T14:22:10.445+0000] {taskinstance.py:1327} INFO - Executing <Task(PostgresOperator): init_schema> on 2025-09-04 14:21:53.129556+00:00
[2025-09-04T14:22:10.480+0000] {standard_task_runner.py:57} INFO - Started process 236 to run task
[2025-09-04T14:22:10.584+0000] {standard_task_runner.py:84} INFO - Running: ['***', 'tasks', 'run', 'kafka_to_postgres_batch', 'init_schema', 'manual__2025-09-04T14:21:53.129556+00:00', '--job-id', '21', '--raw', '--subdir', 'DAGS_FOLDER/dags.py', '--cfg-path', '/tmp/tmpc5skof94']
[2025-09-04T14:22:10.682+0000] {standard_task_runner.py:85} INFO - Job 21: Subtask init_schema
[2025-09-04T14:22:10.771+0000] {logging_mixin.py:150} WARNING - /home/***/.local/lib/python3.7/site-packages/***/settings.py:195 DeprecationWarning: The sql_alchemy_conn option in [core] has been moved to the sql_alchemy_conn option in [database] - the old setting has been used, but please update your config.
[2025-09-04T14:22:11.724+0000] {task_command.py:410} INFO - Running <TaskInstance: kafka_to_postgres_batch.init_schema manual__2025-09-04T14:21:53.129556+00:00 [running]> on host 088ae817f34b
[2025-09-04T14:22:12.969+0000] {abstractoperator.py:598} ERROR - Exception rendering Jinja template for task 'init_schema', field 'sql'. Template: '/sql/init_schema.sql'
Traceback (most recent call last):
  File "/home/airflow/.local/lib/python3.7/site-packages/airflow/models/abstractoperator.py", line 590, in _do_render_template_fields
    seen_oids,
  File "/home/airflow/.local/lib/python3.7/site-packages/airflow/template/templater.py", line 153, in render_template
    template = jinja_env.get_template(value)
  File "/home/airflow/.local/lib/python3.7/site-packages/jinja2/environment.py", line 1010, in get_template
    return self._load_template(name, globals)
  File "/home/airflow/.local/lib/python3.7/site-packages/jinja2/environment.py", line 969, in _load_template
    template = self.loader.load(self, name, self.make_globals(globals))
  File "/home/airflow/.local/lib/python3.7/site-packages/jinja2/loaders.py", line 126, in load
    source, filename, uptodate = self.get_source(environment, name)
  File "/home/airflow/.local/lib/python3.7/site-packages/jinja2/loaders.py", line 218, in get_source
    raise TemplateNotFound(template)
jinja2.exceptions.TemplateNotFound: /sql/init_schema.sql
[2025-09-04T14:22:12.974+0000] {taskinstance.py:1824} ERROR - Task failed with exception
Traceback (most recent call last):
  File "/home/airflow/.local/lib/python3.7/site-packages/airflow/models/taskinstance.py", line 1407, in _run_raw_task
    self._execute_task_with_callbacks(context, test_mode)
  File "/home/airflow/.local/lib/python3.7/site-packages/airflow/models/taskinstance.py", line 1531, in _execute_task_with_callbacks
    task_orig = self.render_templates(context=context)
  File "/home/airflow/.local/lib/python3.7/site-packages/airflow/models/taskinstance.py", line 2179, in render_templates
    original_task.render_template_fields(context)
  File "/home/airflow/.local/lib/python3.7/site-packages/airflow/models/baseoperator.py", line 1254, in render_template_fields
    self._do_render_template_fields(self, self.template_fields, context, jinja_env, set())
  File "/home/airflow/.local/lib/python3.7/site-packages/airflow/utils/session.py", line 76, in wrapper
    return func(*args, session=session, **kwargs)
  File "/home/airflow/.local/lib/python3.7/site-packages/airflow/models/abstractoperator.py", line 590, in _do_render_template_fields
    seen_oids,
  File "/home/airflow/.local/lib/python3.7/site-packages/airflow/template/templater.py", line 153, in render_template
    template = jinja_env.get_template(value)
  File "/home/airflow/.local/lib/python3.7/site-packages/jinja2/environment.py", line 1010, in get_template
    return self._load_template(name, globals)
  File "/home/airflow/.local/lib/python3.7/site-packages/jinja2/environment.py", line 969, in _load_template
    template = self.loader.load(self, name, self.make_globals(globals))
  File "/home/airflow/.local/lib/python3.7/site-packages/jinja2/loaders.py", line 126, in load
    source, filename, uptodate = self.get_source(environment, name)
  File "/home/airflow/.local/lib/python3.7/site-packages/jinja2/loaders.py", line 218, in get_source
    raise TemplateNotFound(template)
jinja2.exceptions.TemplateNotFound: /sql/init_schema.sql
[2025-09-04T14:22:13.015+0000] {taskinstance.py:1350} INFO - Marking task as UP_FOR_RETRY. dag_id=kafka_to_postgres_batch, task_id=init_schema, execution_date=20250904T142153, start_date=20250904T142210, end_date=20250904T142213
[2025-09-04T14:22:13.043+0000] {standard_task_runner.py:109} ERROR - Failed to execute job 21 for task init_schema (/sql/init_schema.sql; 236)
[2025-09-04T14:22:13.088+0000] {local_task_job_runner.py:225} INFO - Task exited with return code 1
[2025-09-04T14:22:13.132+0000] {taskinstance.py:2653} INFO - 0 downstream tasks scheduled from follow-on schedule check
