[2025-08-31T21:04:54.206+0000] {processor.py:157} INFO - Started process (PID=563) to work on /opt/airflow/dags/dags.py
[2025-08-31T21:04:54.270+0000] {processor.py:826} INFO - Processing file /opt/airflow/dags/dags.py for tasks to queue
[2025-08-31T21:04:54.359+0000] {logging_mixin.py:150} INFO - [2025-08-31T21:04:54.323+0000] {dagbag.py:541} INFO - Filling up the DagBag from /opt/airflow/dags/dags.py
[2025-08-31T21:05:08.417+0000] {logging_mixin.py:150} INFO - [2025-08-31T21:05:06.589+0000] {dagbag.py:350} ERROR - Failed to import: /opt/airflow/dags/dags.py
Traceback (most recent call last):
  File "/home/airflow/.local/lib/python3.7/site-packages/airflow/models/dagbag.py", line 346, in parse
    loader.exec_module(new_module)
  File "<frozen importlib._bootstrap_external>", line 728, in exec_module
  File "<frozen importlib._bootstrap>", line 219, in _call_with_frames_removed
  File "/opt/airflow/dags/dags.py", line 4, in <module>
    from kafka_postgres_utils import consume_and_save
ModuleNotFoundError: No module named 'kafka_postgres_utils'
[2025-08-31T21:05:08.999+0000] {processor.py:838} WARNING - No viable dags retrieved from /opt/airflow/dags/dags.py
[2025-08-31T21:05:14.201+0000] {processor.py:179} INFO - Processing /opt/airflow/dags/dags.py took 20.378 seconds
[2025-08-31T21:05:47.370+0000] {processor.py:157} INFO - Started process (PID=573) to work on /opt/airflow/dags/dags.py
[2025-08-31T21:05:47.389+0000] {processor.py:826} INFO - Processing file /opt/airflow/dags/dags.py for tasks to queue
[2025-08-31T21:05:47.438+0000] {logging_mixin.py:150} INFO - [2025-08-31T21:05:47.415+0000] {dagbag.py:541} INFO - Filling up the DagBag from /opt/airflow/dags/dags.py
[2025-08-31T21:05:48.374+0000] {logging_mixin.py:150} INFO - [2025-08-31T21:05:48.315+0000] {dagbag.py:350} ERROR - Failed to import: /opt/airflow/dags/dags.py
Traceback (most recent call last):
  File "/home/airflow/.local/lib/python3.7/site-packages/airflow/models/dagbag.py", line 346, in parse
    loader.exec_module(new_module)
  File "<frozen importlib._bootstrap_external>", line 728, in exec_module
  File "<frozen importlib._bootstrap>", line 219, in _call_with_frames_removed
  File "/opt/airflow/dags/dags.py", line 4, in <module>
    from kafka_postgres_utils import consume_and_save
ModuleNotFoundError: No module named 'kafka_postgres_utils'
[2025-08-31T21:05:48.384+0000] {processor.py:838} WARNING - No viable dags retrieved from /opt/airflow/dags/dags.py
[2025-08-31T21:05:49.868+0000] {processor.py:179} INFO - Processing /opt/airflow/dags/dags.py took 2.670 seconds
[2025-08-31T21:06:19.019+0000] {processor.py:157} INFO - Started process (PID=583) to work on /opt/airflow/dags/dags.py
[2025-08-31T21:06:19.080+0000] {processor.py:826} INFO - Processing file /opt/airflow/dags/dags.py for tasks to queue
[2025-08-31T21:06:19.125+0000] {logging_mixin.py:150} INFO - [2025-08-31T21:06:19.105+0000] {dagbag.py:541} INFO - Filling up the DagBag from /opt/airflow/dags/dags.py
[2025-08-31T21:06:19.808+0000] {logging_mixin.py:150} INFO - [2025-08-31T21:06:19.715+0000] {dagbag.py:350} ERROR - Failed to import: /opt/airflow/dags/dags.py
Traceback (most recent call last):
  File "/home/airflow/.local/lib/python3.7/site-packages/airflow/models/dagbag.py", line 346, in parse
    loader.exec_module(new_module)
  File "<frozen importlib._bootstrap_external>", line 728, in exec_module
  File "<frozen importlib._bootstrap>", line 219, in _call_with_frames_removed
  File "/opt/airflow/dags/dags.py", line 4, in <module>
    from dags_utils import consume_and_save
  File "/opt/airflow/dags/dags_utils.py", line 3, in <module>
    from kafka import KafkaConsumer
ModuleNotFoundError: No module named 'kafka'
[2025-08-31T21:06:19.826+0000] {processor.py:838} WARNING - No viable dags retrieved from /opt/airflow/dags/dags.py
[2025-08-31T21:06:23.828+0000] {processor.py:179} INFO - Processing /opt/airflow/dags/dags.py took 5.018 seconds
[2025-08-31T21:06:55.797+0000] {processor.py:157} INFO - Started process (PID=593) to work on /opt/airflow/dags/dags.py
[2025-08-31T21:06:55.812+0000] {processor.py:826} INFO - Processing file /opt/airflow/dags/dags.py for tasks to queue
[2025-08-31T21:06:55.859+0000] {logging_mixin.py:150} INFO - [2025-08-31T21:06:55.840+0000] {dagbag.py:541} INFO - Filling up the DagBag from /opt/airflow/dags/dags.py
[2025-08-31T21:06:56.344+0000] {logging_mixin.py:150} INFO - [2025-08-31T21:06:56.189+0000] {dagbag.py:350} ERROR - Failed to import: /opt/airflow/dags/dags.py
Traceback (most recent call last):
  File "/home/airflow/.local/lib/python3.7/site-packages/airflow/models/dagbag.py", line 346, in parse
    loader.exec_module(new_module)
  File "<frozen importlib._bootstrap_external>", line 728, in exec_module
  File "<frozen importlib._bootstrap>", line 219, in _call_with_frames_removed
  File "/opt/airflow/dags/dags.py", line 4, in <module>
    from dags_utils import consume_and_save
  File "/opt/airflow/dags/dags_utils.py", line 3, in <module>
    from kafka import KafkaConsumer
ModuleNotFoundError: No module named 'kafka'
[2025-08-31T21:06:56.355+0000] {processor.py:838} WARNING - No viable dags retrieved from /opt/airflow/dags/dags.py
[2025-08-31T21:06:57.279+0000] {processor.py:179} INFO - Processing /opt/airflow/dags/dags.py took 1.707 seconds
[2025-08-31T21:07:27.909+0000] {processor.py:157} INFO - Started process (PID=603) to work on /opt/airflow/dags/dags.py
[2025-08-31T21:07:27.913+0000] {processor.py:826} INFO - Processing file /opt/airflow/dags/dags.py for tasks to queue
[2025-08-31T21:07:27.917+0000] {logging_mixin.py:150} INFO - [2025-08-31T21:07:27.916+0000] {dagbag.py:541} INFO - Filling up the DagBag from /opt/airflow/dags/dags.py
[2025-08-31T21:07:28.024+0000] {logging_mixin.py:150} INFO - [2025-08-31T21:07:27.997+0000] {dagbag.py:350} ERROR - Failed to import: /opt/airflow/dags/dags.py
Traceback (most recent call last):
  File "/home/airflow/.local/lib/python3.7/site-packages/airflow/models/dagbag.py", line 346, in parse
    loader.exec_module(new_module)
  File "<frozen importlib._bootstrap_external>", line 728, in exec_module
  File "<frozen importlib._bootstrap>", line 219, in _call_with_frames_removed
  File "/opt/airflow/dags/dags.py", line 4, in <module>
    from dags_utils import consume_and_save
  File "/opt/airflow/dags/dags_utils.py", line 3, in <module>
    from kafka import KafkaConsumer
ModuleNotFoundError: No module named 'kafka'
[2025-08-31T21:07:28.029+0000] {processor.py:838} WARNING - No viable dags retrieved from /opt/airflow/dags/dags.py
[2025-08-31T21:07:28.159+0000] {processor.py:179} INFO - Processing /opt/airflow/dags/dags.py took 0.283 seconds
[2025-08-31T21:07:58.636+0000] {processor.py:157} INFO - Started process (PID=613) to work on /opt/airflow/dags/dags.py
[2025-08-31T21:07:58.640+0000] {processor.py:826} INFO - Processing file /opt/airflow/dags/dags.py for tasks to queue
[2025-08-31T21:07:58.644+0000] {logging_mixin.py:150} INFO - [2025-08-31T21:07:58.643+0000] {dagbag.py:541} INFO - Filling up the DagBag from /opt/airflow/dags/dags.py
[2025-08-31T21:07:58.691+0000] {logging_mixin.py:150} INFO - [2025-08-31T21:07:58.680+0000] {dagbag.py:350} ERROR - Failed to import: /opt/airflow/dags/dags.py
Traceback (most recent call last):
  File "/home/airflow/.local/lib/python3.7/site-packages/airflow/models/dagbag.py", line 346, in parse
    loader.exec_module(new_module)
  File "<frozen importlib._bootstrap_external>", line 728, in exec_module
  File "<frozen importlib._bootstrap>", line 219, in _call_with_frames_removed
  File "/opt/airflow/dags/dags.py", line 4, in <module>
    from dags_utils import consume_and_save
  File "/opt/airflow/dags/dags_utils.py", line 3, in <module>
    from kafka import KafkaConsumer
ModuleNotFoundError: No module named 'kafka'
[2025-08-31T21:07:58.694+0000] {processor.py:838} WARNING - No viable dags retrieved from /opt/airflow/dags/dags.py
[2025-08-31T21:07:58.756+0000] {processor.py:179} INFO - Processing /opt/airflow/dags/dags.py took 0.132 seconds
[2025-08-31T21:08:29.587+0000] {processor.py:157} INFO - Started process (PID=623) to work on /opt/airflow/dags/dags.py
[2025-08-31T21:08:29.602+0000] {processor.py:826} INFO - Processing file /opt/airflow/dags/dags.py for tasks to queue
[2025-08-31T21:08:29.661+0000] {logging_mixin.py:150} INFO - [2025-08-31T21:08:29.648+0000] {dagbag.py:541} INFO - Filling up the DagBag from /opt/airflow/dags/dags.py
[2025-08-31T21:08:30.402+0000] {logging_mixin.py:150} INFO - [2025-08-31T21:08:30.252+0000] {dagbag.py:350} ERROR - Failed to import: /opt/airflow/dags/dags.py
Traceback (most recent call last):
  File "/home/airflow/.local/lib/python3.7/site-packages/airflow/models/dagbag.py", line 346, in parse
    loader.exec_module(new_module)
  File "<frozen importlib._bootstrap_external>", line 728, in exec_module
  File "<frozen importlib._bootstrap>", line 219, in _call_with_frames_removed
  File "/opt/airflow/dags/dags.py", line 4, in <module>
    from dags_utils import consume_and_save
  File "/opt/airflow/dags/dags_utils.py", line 3, in <module>
    from kafka import KafkaConsumer
ModuleNotFoundError: No module named 'kafka'
[2025-08-31T21:08:30.456+0000] {processor.py:838} WARNING - No viable dags retrieved from /opt/airflow/dags/dags.py
[2025-08-31T21:08:32.667+0000] {processor.py:179} INFO - Processing /opt/airflow/dags/dags.py took 3.275 seconds
[2025-08-31T21:09:03.373+0000] {processor.py:157} INFO - Started process (PID=633) to work on /opt/airflow/dags/dags.py
[2025-08-31T21:09:03.379+0000] {processor.py:826} INFO - Processing file /opt/airflow/dags/dags.py for tasks to queue
[2025-08-31T21:09:03.387+0000] {logging_mixin.py:150} INFO - [2025-08-31T21:09:03.386+0000] {dagbag.py:541} INFO - Filling up the DagBag from /opt/airflow/dags/dags.py
[2025-08-31T21:09:03.492+0000] {logging_mixin.py:150} INFO - [2025-08-31T21:09:03.470+0000] {dagbag.py:350} ERROR - Failed to import: /opt/airflow/dags/dags.py
Traceback (most recent call last):
  File "/home/airflow/.local/lib/python3.7/site-packages/airflow/models/dagbag.py", line 346, in parse
    loader.exec_module(new_module)
  File "<frozen importlib._bootstrap_external>", line 728, in exec_module
  File "<frozen importlib._bootstrap>", line 219, in _call_with_frames_removed
  File "/opt/airflow/dags/dags.py", line 4, in <module>
    from dags_utils import consume_and_save
  File "/opt/airflow/dags/dags_utils.py", line 3, in <module>
    from kafka import KafkaConsumer
ModuleNotFoundError: No module named 'kafka'
[2025-08-31T21:09:03.499+0000] {processor.py:838} WARNING - No viable dags retrieved from /opt/airflow/dags/dags.py
[2025-08-31T21:09:03.673+0000] {processor.py:179} INFO - Processing /opt/airflow/dags/dags.py took 0.332 seconds
[2025-08-31T21:09:34.191+0000] {processor.py:157} INFO - Started process (PID=643) to work on /opt/airflow/dags/dags.py
[2025-08-31T21:09:34.196+0000] {processor.py:826} INFO - Processing file /opt/airflow/dags/dags.py for tasks to queue
[2025-08-31T21:09:34.199+0000] {logging_mixin.py:150} INFO - [2025-08-31T21:09:34.198+0000] {dagbag.py:541} INFO - Filling up the DagBag from /opt/airflow/dags/dags.py
[2025-08-31T21:09:34.259+0000] {logging_mixin.py:150} INFO - [2025-08-31T21:09:34.244+0000] {dagbag.py:350} ERROR - Failed to import: /opt/airflow/dags/dags.py
Traceback (most recent call last):
  File "/home/airflow/.local/lib/python3.7/site-packages/airflow/models/dagbag.py", line 346, in parse
    loader.exec_module(new_module)
  File "<frozen importlib._bootstrap_external>", line 728, in exec_module
  File "<frozen importlib._bootstrap>", line 219, in _call_with_frames_removed
  File "/opt/airflow/dags/dags.py", line 4, in <module>
    from dags_utils import consume_and_save
  File "/opt/airflow/dags/dags_utils.py", line 3, in <module>
    from kafka import KafkaConsumer
ModuleNotFoundError: No module named 'kafka'
[2025-08-31T21:09:34.263+0000] {processor.py:838} WARNING - No viable dags retrieved from /opt/airflow/dags/dags.py
[2025-08-31T21:09:34.357+0000] {processor.py:179} INFO - Processing /opt/airflow/dags/dags.py took 0.180 seconds
[2025-08-31T21:10:04.975+0000] {processor.py:157} INFO - Started process (PID=653) to work on /opt/airflow/dags/dags.py
[2025-08-31T21:10:04.982+0000] {processor.py:826} INFO - Processing file /opt/airflow/dags/dags.py for tasks to queue
[2025-08-31T21:10:04.987+0000] {logging_mixin.py:150} INFO - [2025-08-31T21:10:04.986+0000] {dagbag.py:541} INFO - Filling up the DagBag from /opt/airflow/dags/dags.py
[2025-08-31T21:10:05.031+0000] {logging_mixin.py:150} INFO - [2025-08-31T21:10:05.020+0000] {dagbag.py:350} ERROR - Failed to import: /opt/airflow/dags/dags.py
Traceback (most recent call last):
  File "/home/airflow/.local/lib/python3.7/site-packages/airflow/models/dagbag.py", line 346, in parse
    loader.exec_module(new_module)
  File "<frozen importlib._bootstrap_external>", line 728, in exec_module
  File "<frozen importlib._bootstrap>", line 219, in _call_with_frames_removed
  File "/opt/airflow/dags/dags.py", line 4, in <module>
    from dags_utils import consume_and_save
  File "/opt/airflow/dags/dags_utils.py", line 3, in <module>
    from kafka import KafkaConsumer
ModuleNotFoundError: No module named 'kafka'
[2025-08-31T21:10:05.035+0000] {processor.py:838} WARNING - No viable dags retrieved from /opt/airflow/dags/dags.py
[2025-08-31T21:10:05.122+0000] {processor.py:179} INFO - Processing /opt/airflow/dags/dags.py took 0.206 seconds
[2025-08-31T21:10:35.461+0000] {processor.py:157} INFO - Started process (PID=663) to work on /opt/airflow/dags/dags.py
[2025-08-31T21:10:35.466+0000] {processor.py:826} INFO - Processing file /opt/airflow/dags/dags.py for tasks to queue
[2025-08-31T21:10:35.470+0000] {logging_mixin.py:150} INFO - [2025-08-31T21:10:35.468+0000] {dagbag.py:541} INFO - Filling up the DagBag from /opt/airflow/dags/dags.py
[2025-08-31T21:10:35.518+0000] {logging_mixin.py:150} INFO - [2025-08-31T21:10:35.507+0000] {dagbag.py:350} ERROR - Failed to import: /opt/airflow/dags/dags.py
Traceback (most recent call last):
  File "/home/airflow/.local/lib/python3.7/site-packages/airflow/models/dagbag.py", line 346, in parse
    loader.exec_module(new_module)
  File "<frozen importlib._bootstrap_external>", line 728, in exec_module
  File "<frozen importlib._bootstrap>", line 219, in _call_with_frames_removed
  File "/opt/airflow/dags/dags.py", line 4, in <module>
    from dags_utils import consume_and_save
  File "/opt/airflow/dags/dags_utils.py", line 3, in <module>
    from kafka import KafkaConsumer
ModuleNotFoundError: No module named 'kafka'
[2025-08-31T21:10:35.521+0000] {processor.py:838} WARNING - No viable dags retrieved from /opt/airflow/dags/dags.py
[2025-08-31T21:10:35.619+0000] {processor.py:179} INFO - Processing /opt/airflow/dags/dags.py took 0.179 seconds
[2025-08-31T21:11:08.076+0000] {processor.py:157} INFO - Started process (PID=673) to work on /opt/airflow/dags/dags.py
[2025-08-31T21:11:08.107+0000] {processor.py:826} INFO - Processing file /opt/airflow/dags/dags.py for tasks to queue
[2025-08-31T21:11:08.132+0000] {logging_mixin.py:150} INFO - [2025-08-31T21:11:08.126+0000] {dagbag.py:541} INFO - Filling up the DagBag from /opt/airflow/dags/dags.py
[2025-08-31T21:11:08.315+0000] {logging_mixin.py:150} INFO - [2025-08-31T21:11:08.283+0000] {dagbag.py:350} ERROR - Failed to import: /opt/airflow/dags/dags.py
Traceback (most recent call last):
  File "/home/airflow/.local/lib/python3.7/site-packages/airflow/models/dagbag.py", line 346, in parse
    loader.exec_module(new_module)
  File "<frozen importlib._bootstrap_external>", line 728, in exec_module
  File "<frozen importlib._bootstrap>", line 219, in _call_with_frames_removed
  File "/opt/airflow/dags/dags.py", line 4, in <module>
    from dags_utils import consume_and_save
  File "/opt/airflow/dags/dags_utils.py", line 3, in <module>
    from kafka import KafkaConsumer
ModuleNotFoundError: No module named 'kafka'
[2025-08-31T21:11:08.322+0000] {processor.py:838} WARNING - No viable dags retrieved from /opt/airflow/dags/dags.py
[2025-08-31T21:11:08.647+0000] {processor.py:179} INFO - Processing /opt/airflow/dags/dags.py took 0.684 seconds
[2025-08-31T21:11:40.497+0000] {processor.py:157} INFO - Started process (PID=683) to work on /opt/airflow/dags/dags.py
[2025-08-31T21:11:40.582+0000] {processor.py:826} INFO - Processing file /opt/airflow/dags/dags.py for tasks to queue
[2025-08-31T21:11:40.652+0000] {logging_mixin.py:150} INFO - [2025-08-31T21:11:40.634+0000] {dagbag.py:541} INFO - Filling up the DagBag from /opt/airflow/dags/dags.py
[2025-08-31T21:11:41.310+0000] {logging_mixin.py:150} INFO - [2025-08-31T21:11:41.251+0000] {dagbag.py:350} ERROR - Failed to import: /opt/airflow/dags/dags.py
Traceback (most recent call last):
  File "/home/airflow/.local/lib/python3.7/site-packages/airflow/models/dagbag.py", line 346, in parse
    loader.exec_module(new_module)
  File "<frozen importlib._bootstrap_external>", line 728, in exec_module
  File "<frozen importlib._bootstrap>", line 219, in _call_with_frames_removed
  File "/opt/airflow/dags/dags.py", line 4, in <module>
    from dags_utils import consume_and_save
  File "/opt/airflow/dags/dags_utils.py", line 3, in <module>
    from kafka import KafkaConsumer
ModuleNotFoundError: No module named 'kafka'
[2025-08-31T21:11:41.324+0000] {processor.py:838} WARNING - No viable dags retrieved from /opt/airflow/dags/dags.py
[2025-08-31T21:11:42.025+0000] {processor.py:179} INFO - Processing /opt/airflow/dags/dags.py took 1.715 seconds
[2025-08-31T21:12:15.656+0000] {processor.py:157} INFO - Started process (PID=693) to work on /opt/airflow/dags/dags.py
[2025-08-31T21:12:15.721+0000] {processor.py:826} INFO - Processing file /opt/airflow/dags/dags.py for tasks to queue
[2025-08-31T21:12:15.746+0000] {logging_mixin.py:150} INFO - [2025-08-31T21:12:15.734+0000] {dagbag.py:541} INFO - Filling up the DagBag from /opt/airflow/dags/dags.py
[2025-08-31T21:12:15.968+0000] {logging_mixin.py:150} INFO - [2025-08-31T21:12:15.919+0000] {dagbag.py:350} ERROR - Failed to import: /opt/airflow/dags/dags.py
Traceback (most recent call last):
  File "/home/airflow/.local/lib/python3.7/site-packages/airflow/models/dagbag.py", line 346, in parse
    loader.exec_module(new_module)
  File "<frozen importlib._bootstrap_external>", line 728, in exec_module
  File "<frozen importlib._bootstrap>", line 219, in _call_with_frames_removed
  File "/opt/airflow/dags/dags.py", line 4, in <module>
    from dags_utils import consume_and_save
  File "/opt/airflow/dags/dags_utils.py", line 3, in <module>
    from kafka import KafkaConsumer
ModuleNotFoundError: No module named 'kafka'
[2025-08-31T21:12:15.988+0000] {processor.py:838} WARNING - No viable dags retrieved from /opt/airflow/dags/dags.py
[2025-08-31T21:12:16.316+0000] {processor.py:179} INFO - Processing /opt/airflow/dags/dags.py took 1.351 seconds
[2025-08-31T21:12:48.901+0000] {processor.py:157} INFO - Started process (PID=703) to work on /opt/airflow/dags/dags.py
[2025-08-31T21:12:48.921+0000] {processor.py:826} INFO - Processing file /opt/airflow/dags/dags.py for tasks to queue
[2025-08-31T21:12:48.938+0000] {logging_mixin.py:150} INFO - [2025-08-31T21:12:48.930+0000] {dagbag.py:541} INFO - Filling up the DagBag from /opt/airflow/dags/dags.py
[2025-08-31T21:12:49.044+0000] {logging_mixin.py:150} INFO - [2025-08-31T21:12:49.027+0000] {dagbag.py:350} ERROR - Failed to import: /opt/airflow/dags/dags.py
Traceback (most recent call last):
  File "/home/airflow/.local/lib/python3.7/site-packages/airflow/models/dagbag.py", line 346, in parse
    loader.exec_module(new_module)
  File "<frozen importlib._bootstrap_external>", line 728, in exec_module
  File "<frozen importlib._bootstrap>", line 219, in _call_with_frames_removed
  File "/opt/airflow/dags/dags.py", line 4, in <module>
    from dags_utils import consume_and_save
  File "/opt/airflow/dags/dags_utils.py", line 3, in <module>
    from kafka import KafkaConsumer
ModuleNotFoundError: No module named 'kafka'
[2025-08-31T21:12:49.051+0000] {processor.py:838} WARNING - No viable dags retrieved from /opt/airflow/dags/dags.py
[2025-08-31T21:12:49.372+0000] {processor.py:179} INFO - Processing /opt/airflow/dags/dags.py took 0.565 seconds
[2025-08-31T21:13:24.083+0000] {processor.py:157} INFO - Started process (PID=713) to work on /opt/airflow/dags/dags.py
[2025-08-31T21:13:24.179+0000] {processor.py:826} INFO - Processing file /opt/airflow/dags/dags.py for tasks to queue
[2025-08-31T21:13:24.232+0000] {logging_mixin.py:150} INFO - [2025-08-31T21:13:24.219+0000] {dagbag.py:541} INFO - Filling up the DagBag from /opt/airflow/dags/dags.py
[2025-08-31T21:13:24.852+0000] {logging_mixin.py:150} INFO - [2025-08-31T21:13:24.779+0000] {dagbag.py:350} ERROR - Failed to import: /opt/airflow/dags/dags.py
Traceback (most recent call last):
  File "/home/airflow/.local/lib/python3.7/site-packages/airflow/models/dagbag.py", line 346, in parse
    loader.exec_module(new_module)
  File "<frozen importlib._bootstrap_external>", line 728, in exec_module
  File "<frozen importlib._bootstrap>", line 219, in _call_with_frames_removed
  File "/opt/airflow/dags/dags.py", line 4, in <module>
    from dags_utils import consume_and_save
  File "/opt/airflow/dags/dags_utils.py", line 3, in <module>
    from kafka import KafkaConsumer
ModuleNotFoundError: No module named 'kafka'
[2025-08-31T21:13:24.860+0000] {processor.py:838} WARNING - No viable dags retrieved from /opt/airflow/dags/dags.py
[2025-08-31T21:13:25.999+0000] {processor.py:179} INFO - Processing /opt/airflow/dags/dags.py took 2.497 seconds
[2025-08-31T21:13:56.856+0000] {processor.py:157} INFO - Started process (PID=723) to work on /opt/airflow/dags/dags.py
[2025-08-31T21:13:56.881+0000] {processor.py:826} INFO - Processing file /opt/airflow/dags/dags.py for tasks to queue
[2025-08-31T21:13:56.899+0000] {logging_mixin.py:150} INFO - [2025-08-31T21:13:56.893+0000] {dagbag.py:541} INFO - Filling up the DagBag from /opt/airflow/dags/dags.py
[2025-08-31T21:13:57.016+0000] {logging_mixin.py:150} INFO - [2025-08-31T21:13:56.990+0000] {dagbag.py:350} ERROR - Failed to import: /opt/airflow/dags/dags.py
Traceback (most recent call last):
  File "/home/airflow/.local/lib/python3.7/site-packages/airflow/models/dagbag.py", line 346, in parse
    loader.exec_module(new_module)
  File "<frozen importlib._bootstrap_external>", line 728, in exec_module
  File "<frozen importlib._bootstrap>", line 219, in _call_with_frames_removed
  File "/opt/airflow/dags/dags.py", line 4, in <module>
    from dags_utils import consume_and_save
  File "/opt/airflow/dags/dags_utils.py", line 3, in <module>
    from kafka import KafkaConsumer
ModuleNotFoundError: No module named 'kafka'
[2025-08-31T21:13:57.021+0000] {processor.py:838} WARNING - No viable dags retrieved from /opt/airflow/dags/dags.py
[2025-08-31T21:13:57.625+0000] {processor.py:179} INFO - Processing /opt/airflow/dags/dags.py took 0.842 seconds
[2025-08-31T21:14:28.329+0000] {processor.py:157} INFO - Started process (PID=733) to work on /opt/airflow/dags/dags.py
[2025-08-31T21:14:28.348+0000] {processor.py:826} INFO - Processing file /opt/airflow/dags/dags.py for tasks to queue
[2025-08-31T21:14:28.357+0000] {logging_mixin.py:150} INFO - [2025-08-31T21:14:28.355+0000] {dagbag.py:541} INFO - Filling up the DagBag from /opt/airflow/dags/dags.py
[2025-08-31T21:14:28.525+0000] {logging_mixin.py:150} INFO - [2025-08-31T21:14:28.482+0000] {dagbag.py:350} ERROR - Failed to import: /opt/airflow/dags/dags.py
Traceback (most recent call last):
  File "/home/airflow/.local/lib/python3.7/site-packages/airflow/models/dagbag.py", line 346, in parse
    loader.exec_module(new_module)
  File "<frozen importlib._bootstrap_external>", line 728, in exec_module
  File "<frozen importlib._bootstrap>", line 219, in _call_with_frames_removed
  File "/opt/airflow/dags/dags.py", line 4, in <module>
    from dags_utils import consume_and_save
  File "/opt/airflow/dags/dags_utils.py", line 3, in <module>
    from kafka import KafkaConsumer
ModuleNotFoundError: No module named 'kafka'
[2025-08-31T21:14:28.543+0000] {processor.py:838} WARNING - No viable dags retrieved from /opt/airflow/dags/dags.py
[2025-08-31T21:14:28.767+0000] {processor.py:179} INFO - Processing /opt/airflow/dags/dags.py took 0.484 seconds
[2025-08-31T21:14:59.408+0000] {processor.py:157} INFO - Started process (PID=743) to work on /opt/airflow/dags/dags.py
[2025-08-31T21:14:59.411+0000] {processor.py:826} INFO - Processing file /opt/airflow/dags/dags.py for tasks to queue
[2025-08-31T21:14:59.415+0000] {logging_mixin.py:150} INFO - [2025-08-31T21:14:59.414+0000] {dagbag.py:541} INFO - Filling up the DagBag from /opt/airflow/dags/dags.py
[2025-08-31T21:14:59.516+0000] {logging_mixin.py:150} INFO - [2025-08-31T21:14:59.483+0000] {dagbag.py:350} ERROR - Failed to import: /opt/airflow/dags/dags.py
Traceback (most recent call last):
  File "/home/airflow/.local/lib/python3.7/site-packages/airflow/models/dagbag.py", line 346, in parse
    loader.exec_module(new_module)
  File "<frozen importlib._bootstrap_external>", line 728, in exec_module
  File "<frozen importlib._bootstrap>", line 219, in _call_with_frames_removed
  File "/opt/airflow/dags/dags.py", line 4, in <module>
    from dags_utils import consume_and_save
  File "/opt/airflow/dags/dags_utils.py", line 3, in <module>
    from kafka import KafkaConsumer
ModuleNotFoundError: No module named 'kafka'
[2025-08-31T21:14:59.521+0000] {processor.py:838} WARNING - No viable dags retrieved from /opt/airflow/dags/dags.py
[2025-08-31T21:14:59.628+0000] {processor.py:179} INFO - Processing /opt/airflow/dags/dags.py took 0.233 seconds
[2025-08-31T21:15:30.282+0000] {processor.py:157} INFO - Started process (PID=753) to work on /opt/airflow/dags/dags.py
[2025-08-31T21:15:30.286+0000] {processor.py:826} INFO - Processing file /opt/airflow/dags/dags.py for tasks to queue
[2025-08-31T21:15:30.292+0000] {logging_mixin.py:150} INFO - [2025-08-31T21:15:30.291+0000] {dagbag.py:541} INFO - Filling up the DagBag from /opt/airflow/dags/dags.py
[2025-08-31T21:15:30.360+0000] {logging_mixin.py:150} INFO - [2025-08-31T21:15:30.344+0000] {dagbag.py:350} ERROR - Failed to import: /opt/airflow/dags/dags.py
Traceback (most recent call last):
  File "/home/airflow/.local/lib/python3.7/site-packages/airflow/models/dagbag.py", line 346, in parse
    loader.exec_module(new_module)
  File "<frozen importlib._bootstrap_external>", line 728, in exec_module
  File "<frozen importlib._bootstrap>", line 219, in _call_with_frames_removed
  File "/opt/airflow/dags/dags.py", line 4, in <module>
    from dags_utils import consume_and_save
  File "/opt/airflow/dags/dags_utils.py", line 3, in <module>
    from kafka import KafkaConsumer
ModuleNotFoundError: No module named 'kafka'
[2025-08-31T21:15:30.366+0000] {processor.py:838} WARNING - No viable dags retrieved from /opt/airflow/dags/dags.py
[2025-08-31T21:15:30.515+0000] {processor.py:179} INFO - Processing /opt/airflow/dags/dags.py took 0.308 seconds
[2025-08-31T21:16:00.927+0000] {processor.py:157} INFO - Started process (PID=763) to work on /opt/airflow/dags/dags.py
[2025-08-31T21:16:00.930+0000] {processor.py:826} INFO - Processing file /opt/airflow/dags/dags.py for tasks to queue
[2025-08-31T21:16:00.934+0000] {logging_mixin.py:150} INFO - [2025-08-31T21:16:00.933+0000] {dagbag.py:541} INFO - Filling up the DagBag from /opt/airflow/dags/dags.py
[2025-08-31T21:16:00.989+0000] {logging_mixin.py:150} INFO - [2025-08-31T21:16:00.974+0000] {dagbag.py:350} ERROR - Failed to import: /opt/airflow/dags/dags.py
Traceback (most recent call last):
  File "/home/airflow/.local/lib/python3.7/site-packages/airflow/models/dagbag.py", line 346, in parse
    loader.exec_module(new_module)
  File "<frozen importlib._bootstrap_external>", line 728, in exec_module
  File "<frozen importlib._bootstrap>", line 219, in _call_with_frames_removed
  File "/opt/airflow/dags/dags.py", line 4, in <module>
    from dags_utils import consume_and_save
  File "/opt/airflow/dags/dags_utils.py", line 3, in <module>
    from kafka import KafkaConsumer
ModuleNotFoundError: No module named 'kafka'
[2025-08-31T21:16:00.992+0000] {processor.py:838} WARNING - No viable dags retrieved from /opt/airflow/dags/dags.py
[2025-08-31T21:16:01.062+0000] {processor.py:179} INFO - Processing /opt/airflow/dags/dags.py took 0.146 seconds
[2025-08-31T21:16:31.923+0000] {processor.py:157} INFO - Started process (PID=773) to work on /opt/airflow/dags/dags.py
[2025-08-31T21:16:31.966+0000] {processor.py:826} INFO - Processing file /opt/airflow/dags/dags.py for tasks to queue
[2025-08-31T21:16:32.015+0000] {logging_mixin.py:150} INFO - [2025-08-31T21:16:32.009+0000] {dagbag.py:541} INFO - Filling up the DagBag from /opt/airflow/dags/dags.py
[2025-08-31T21:16:33.118+0000] {logging_mixin.py:150} INFO - [2025-08-31T21:16:33.002+0000] {dagbag.py:350} ERROR - Failed to import: /opt/airflow/dags/dags.py
Traceback (most recent call last):
  File "/home/airflow/.local/lib/python3.7/site-packages/airflow/models/dagbag.py", line 346, in parse
    loader.exec_module(new_module)
  File "<frozen importlib._bootstrap_external>", line 728, in exec_module
  File "<frozen importlib._bootstrap>", line 219, in _call_with_frames_removed
  File "/opt/airflow/dags/dags.py", line 4, in <module>
    from dags_utils import consume_and_save
  File "/opt/airflow/dags/dags_utils.py", line 3, in <module>
    from kafka import KafkaConsumer
ModuleNotFoundError: No module named 'kafka'
[2025-08-31T21:16:33.129+0000] {processor.py:838} WARNING - No viable dags retrieved from /opt/airflow/dags/dags.py
[2025-08-31T21:16:33.546+0000] {processor.py:179} INFO - Processing /opt/airflow/dags/dags.py took 1.794 seconds
[2025-08-31T21:17:09.881+0000] {processor.py:157} INFO - Started process (PID=783) to work on /opt/airflow/dags/dags.py
[2025-08-31T21:17:10.301+0000] {processor.py:826} INFO - Processing file /opt/airflow/dags/dags.py for tasks to queue
[2025-08-31T21:17:10.311+0000] {logging_mixin.py:150} INFO - [2025-08-31T21:17:10.310+0000] {dagbag.py:541} INFO - Filling up the DagBag from /opt/airflow/dags/dags.py
[2025-08-31T21:17:10.742+0000] {logging_mixin.py:150} INFO - [2025-08-31T21:17:10.649+0000] {dagbag.py:350} ERROR - Failed to import: /opt/airflow/dags/dags.py
Traceback (most recent call last):
  File "/home/airflow/.local/lib/python3.7/site-packages/airflow/models/dagbag.py", line 346, in parse
    loader.exec_module(new_module)
  File "<frozen importlib._bootstrap_external>", line 728, in exec_module
  File "<frozen importlib._bootstrap>", line 219, in _call_with_frames_removed
  File "/opt/airflow/dags/dags.py", line 4, in <module>
    from dags_utils import consume_and_save
  File "/opt/airflow/dags/dags_utils.py", line 3, in <module>
    from kafka import KafkaConsumer
ModuleNotFoundError: No module named 'kafka'
[2025-08-31T21:17:10.750+0000] {processor.py:838} WARNING - No viable dags retrieved from /opt/airflow/dags/dags.py
[2025-08-31T21:17:11.033+0000] {processor.py:179} INFO - Processing /opt/airflow/dags/dags.py took 1.994 seconds
[2025-08-31T21:17:43.120+0000] {processor.py:157} INFO - Started process (PID=793) to work on /opt/airflow/dags/dags.py
[2025-08-31T21:17:43.148+0000] {processor.py:826} INFO - Processing file /opt/airflow/dags/dags.py for tasks to queue
[2025-08-31T21:17:43.182+0000] {logging_mixin.py:150} INFO - [2025-08-31T21:17:43.168+0000] {dagbag.py:541} INFO - Filling up the DagBag from /opt/airflow/dags/dags.py
[2025-08-31T21:17:43.387+0000] {logging_mixin.py:150} INFO - [2025-08-31T21:17:43.348+0000] {dagbag.py:350} ERROR - Failed to import: /opt/airflow/dags/dags.py
Traceback (most recent call last):
  File "/home/airflow/.local/lib/python3.7/site-packages/airflow/models/dagbag.py", line 346, in parse
    loader.exec_module(new_module)
  File "<frozen importlib._bootstrap_external>", line 728, in exec_module
  File "<frozen importlib._bootstrap>", line 219, in _call_with_frames_removed
  File "/opt/airflow/dags/dags.py", line 4, in <module>
    from dags_utils import consume_and_save
  File "/opt/airflow/dags/dags_utils.py", line 3, in <module>
    from kafka import KafkaConsumer
ModuleNotFoundError: No module named 'kafka'
[2025-08-31T21:17:43.396+0000] {processor.py:838} WARNING - No viable dags retrieved from /opt/airflow/dags/dags.py
[2025-08-31T21:17:44.433+0000] {processor.py:179} INFO - Processing /opt/airflow/dags/dags.py took 1.431 seconds
[2025-08-31T21:18:21.306+0000] {processor.py:157} INFO - Started process (PID=803) to work on /opt/airflow/dags/dags.py
[2025-08-31T21:18:21.529+0000] {processor.py:826} INFO - Processing file /opt/airflow/dags/dags.py for tasks to queue
[2025-08-31T21:18:22.801+0000] {logging_mixin.py:150} INFO - [2025-08-31T21:18:22.687+0000] {dagbag.py:541} INFO - Filling up the DagBag from /opt/airflow/dags/dags.py
[2025-08-31T21:18:28.591+0000] {logging_mixin.py:150} INFO - [2025-08-31T21:18:28.379+0000] {dagbag.py:350} ERROR - Failed to import: /opt/airflow/dags/dags.py
Traceback (most recent call last):
  File "/home/airflow/.local/lib/python3.7/site-packages/airflow/models/dagbag.py", line 346, in parse
    loader.exec_module(new_module)
  File "<frozen importlib._bootstrap_external>", line 728, in exec_module
  File "<frozen importlib._bootstrap>", line 219, in _call_with_frames_removed
  File "/opt/airflow/dags/dags.py", line 4, in <module>
    from dags_utils import consume_and_save
  File "/opt/airflow/dags/dags_utils.py", line 3, in <module>
    from kafka import KafkaConsumer
ModuleNotFoundError: No module named 'kafka'
[2025-08-31T21:18:28.604+0000] {processor.py:838} WARNING - No viable dags retrieved from /opt/airflow/dags/dags.py
[2025-08-31T21:18:30.738+0000] {processor.py:179} INFO - Processing /opt/airflow/dags/dags.py took 9.668 seconds
[2025-08-31T21:19:05.347+0000] {processor.py:157} INFO - Started process (PID=816) to work on /opt/airflow/dags/dags.py
[2025-08-31T21:19:06.052+0000] {processor.py:826} INFO - Processing file /opt/airflow/dags/dags.py for tasks to queue
[2025-08-31T21:19:06.096+0000] {logging_mixin.py:150} INFO - [2025-08-31T21:19:06.076+0000] {dagbag.py:541} INFO - Filling up the DagBag from /opt/airflow/dags/dags.py
[2025-08-31T21:19:06.726+0000] {logging_mixin.py:150} INFO - [2025-08-31T21:19:06.597+0000] {dagbag.py:350} ERROR - Failed to import: /opt/airflow/dags/dags.py
Traceback (most recent call last):
  File "/home/airflow/.local/lib/python3.7/site-packages/airflow/models/dagbag.py", line 346, in parse
    loader.exec_module(new_module)
  File "<frozen importlib._bootstrap_external>", line 728, in exec_module
  File "<frozen importlib._bootstrap>", line 219, in _call_with_frames_removed
  File "/opt/airflow/dags/dags.py", line 4, in <module>
    from dags_utils import consume_and_save
  File "/opt/airflow/dags/dags_utils.py", line 3, in <module>
    from kafka import KafkaConsumer
ModuleNotFoundError: No module named 'kafka'
[2025-08-31T21:19:06.764+0000] {processor.py:838} WARNING - No viable dags retrieved from /opt/airflow/dags/dags.py
[2025-08-31T21:19:07.642+0000] {processor.py:179} INFO - Processing /opt/airflow/dags/dags.py took 2.510 seconds
[2025-08-31T21:19:40.092+0000] {processor.py:157} INFO - Started process (PID=826) to work on /opt/airflow/dags/dags.py
[2025-08-31T21:19:40.224+0000] {processor.py:826} INFO - Processing file /opt/airflow/dags/dags.py for tasks to queue
[2025-08-31T21:19:40.278+0000] {logging_mixin.py:150} INFO - [2025-08-31T21:19:40.256+0000] {dagbag.py:541} INFO - Filling up the DagBag from /opt/airflow/dags/dags.py
[2025-08-31T21:19:41.037+0000] {logging_mixin.py:150} INFO - [2025-08-31T21:19:40.932+0000] {dagbag.py:350} ERROR - Failed to import: /opt/airflow/dags/dags.py
Traceback (most recent call last):
  File "/home/airflow/.local/lib/python3.7/site-packages/airflow/models/dagbag.py", line 346, in parse
    loader.exec_module(new_module)
  File "<frozen importlib._bootstrap_external>", line 728, in exec_module
  File "<frozen importlib._bootstrap>", line 219, in _call_with_frames_removed
  File "/opt/airflow/dags/dags.py", line 4, in <module>
    from dags_utils import consume_and_save
  File "/opt/airflow/dags/dags_utils.py", line 3, in <module>
    from kafka import KafkaConsumer
ModuleNotFoundError: No module named 'kafka'
[2025-08-31T21:19:41.047+0000] {processor.py:838} WARNING - No viable dags retrieved from /opt/airflow/dags/dags.py
[2025-08-31T21:19:42.735+0000] {processor.py:179} INFO - Processing /opt/airflow/dags/dags.py took 2.934 seconds
