[2025-08-31T21:04:54.544+0000] {processor.py:157} INFO - Started process (PID=566) to work on /opt/airflow/dags/dags_utils.py
[2025-08-31T21:04:54.628+0000] {processor.py:826} INFO - Processing file /opt/airflow/dags/dags_utils.py for tasks to queue
[2025-08-31T21:04:54.642+0000] {logging_mixin.py:150} INFO - [2025-08-31T21:04:54.638+0000] {dagbag.py:541} INFO - Filling up the DagBag from /opt/airflow/dags/dags_utils.py
[2025-08-31T21:05:09.156+0000] {logging_mixin.py:150} INFO - [2025-08-31T21:05:06.756+0000] {dagbag.py:350} ERROR - Failed to import: /opt/airflow/dags/dags_utils.py
Traceback (most recent call last):
  File "/home/airflow/.local/lib/python3.7/site-packages/airflow/models/dagbag.py", line 346, in parse
    loader.exec_module(new_module)
  File "<frozen importlib._bootstrap_external>", line 728, in exec_module
  File "<frozen importlib._bootstrap>", line 219, in _call_with_frames_removed
  File "/opt/airflow/dags/dags_utils.py", line 3, in <module>
    from kafka import KafkaConsumer
ModuleNotFoundError: No module named 'kafka'
[2025-08-31T21:05:09.183+0000] {processor.py:838} WARNING - No viable dags retrieved from /opt/airflow/dags/dags_utils.py
[2025-08-31T21:05:14.209+0000] {processor.py:179} INFO - Processing /opt/airflow/dags/dags_utils.py took 19.850 seconds
[2025-08-31T21:05:48.408+0000] {processor.py:157} INFO - Started process (PID=576) to work on /opt/airflow/dags/dags_utils.py
[2025-08-31T21:05:48.430+0000] {processor.py:826} INFO - Processing file /opt/airflow/dags/dags_utils.py for tasks to queue
[2025-08-31T21:05:48.460+0000] {logging_mixin.py:150} INFO - [2025-08-31T21:05:48.453+0000] {dagbag.py:541} INFO - Filling up the DagBag from /opt/airflow/dags/dags_utils.py
[2025-08-31T21:05:49.517+0000] {logging_mixin.py:150} INFO - [2025-08-31T21:05:49.167+0000] {dagbag.py:350} ERROR - Failed to import: /opt/airflow/dags/dags_utils.py
Traceback (most recent call last):
  File "/home/airflow/.local/lib/python3.7/site-packages/airflow/models/dagbag.py", line 346, in parse
    loader.exec_module(new_module)
  File "<frozen importlib._bootstrap_external>", line 728, in exec_module
  File "<frozen importlib._bootstrap>", line 219, in _call_with_frames_removed
  File "/opt/airflow/dags/dags_utils.py", line 3, in <module>
    from kafka import KafkaConsumer
ModuleNotFoundError: No module named 'kafka'
[2025-08-31T21:05:49.537+0000] {processor.py:838} WARNING - No viable dags retrieved from /opt/airflow/dags/dags_utils.py
[2025-08-31T21:05:50.019+0000] {processor.py:179} INFO - Processing /opt/airflow/dags/dags_utils.py took 2.053 seconds
[2025-08-31T21:06:20.995+0000] {processor.py:157} INFO - Started process (PID=586) to work on /opt/airflow/dags/dags_utils.py
[2025-08-31T21:06:21.119+0000] {processor.py:826} INFO - Processing file /opt/airflow/dags/dags_utils.py for tasks to queue
[2025-08-31T21:06:21.203+0000] {logging_mixin.py:150} INFO - [2025-08-31T21:06:21.201+0000] {dagbag.py:541} INFO - Filling up the DagBag from /opt/airflow/dags/dags_utils.py
[2025-08-31T21:06:21.501+0000] {logging_mixin.py:150} INFO - [2025-08-31T21:06:21.433+0000] {dagbag.py:350} ERROR - Failed to import: /opt/airflow/dags/dags_utils.py
Traceback (most recent call last):
  File "/home/airflow/.local/lib/python3.7/site-packages/airflow/models/dagbag.py", line 346, in parse
    loader.exec_module(new_module)
  File "<frozen importlib._bootstrap_external>", line 728, in exec_module
  File "<frozen importlib._bootstrap>", line 219, in _call_with_frames_removed
  File "/opt/airflow/dags/dags_utils.py", line 3, in <module>
    from kafka import KafkaConsumer
ModuleNotFoundError: No module named 'kafka'
[2025-08-31T21:06:21.541+0000] {processor.py:838} WARNING - No viable dags retrieved from /opt/airflow/dags/dags_utils.py
[2025-08-31T21:06:23.829+0000] {processor.py:179} INFO - Processing /opt/airflow/dags/dags_utils.py took 3.057 seconds
[2025-08-31T21:06:55.803+0000] {processor.py:157} INFO - Started process (PID=595) to work on /opt/airflow/dags/dags_utils.py
[2025-08-31T21:06:55.837+0000] {processor.py:826} INFO - Processing file /opt/airflow/dags/dags_utils.py for tasks to queue
[2025-08-31T21:06:55.860+0000] {logging_mixin.py:150} INFO - [2025-08-31T21:06:55.853+0000] {dagbag.py:541} INFO - Filling up the DagBag from /opt/airflow/dags/dags_utils.py
[2025-08-31T21:06:56.346+0000] {logging_mixin.py:150} INFO - [2025-08-31T21:06:56.223+0000] {dagbag.py:350} ERROR - Failed to import: /opt/airflow/dags/dags_utils.py
Traceback (most recent call last):
  File "/home/airflow/.local/lib/python3.7/site-packages/airflow/models/dagbag.py", line 346, in parse
    loader.exec_module(new_module)
  File "<frozen importlib._bootstrap_external>", line 728, in exec_module
  File "<frozen importlib._bootstrap>", line 219, in _call_with_frames_removed
  File "/opt/airflow/dags/dags_utils.py", line 3, in <module>
    from kafka import KafkaConsumer
ModuleNotFoundError: No module named 'kafka'
[2025-08-31T21:06:56.355+0000] {processor.py:838} WARNING - No viable dags retrieved from /opt/airflow/dags/dags_utils.py
[2025-08-31T21:06:58.224+0000] {processor.py:179} INFO - Processing /opt/airflow/dags/dags_utils.py took 2.651 seconds
[2025-08-31T21:07:29.074+0000] {processor.py:157} INFO - Started process (PID=608) to work on /opt/airflow/dags/dags_utils.py
[2025-08-31T21:07:29.078+0000] {processor.py:826} INFO - Processing file /opt/airflow/dags/dags_utils.py for tasks to queue
[2025-08-31T21:07:29.080+0000] {logging_mixin.py:150} INFO - [2025-08-31T21:07:29.079+0000] {dagbag.py:541} INFO - Filling up the DagBag from /opt/airflow/dags/dags_utils.py
[2025-08-31T21:07:29.120+0000] {logging_mixin.py:150} INFO - [2025-08-31T21:07:29.111+0000] {dagbag.py:350} ERROR - Failed to import: /opt/airflow/dags/dags_utils.py
Traceback (most recent call last):
  File "/home/airflow/.local/lib/python3.7/site-packages/airflow/models/dagbag.py", line 346, in parse
    loader.exec_module(new_module)
  File "<frozen importlib._bootstrap_external>", line 728, in exec_module
  File "<frozen importlib._bootstrap>", line 219, in _call_with_frames_removed
  File "/opt/airflow/dags/dags_utils.py", line 3, in <module>
    from kafka import KafkaConsumer
ModuleNotFoundError: No module named 'kafka'
[2025-08-31T21:07:29.123+0000] {processor.py:838} WARNING - No viable dags retrieved from /opt/airflow/dags/dags_utils.py
[2025-08-31T21:07:29.203+0000] {processor.py:179} INFO - Processing /opt/airflow/dags/dags_utils.py took 0.139 seconds
[2025-08-31T21:07:59.697+0000] {processor.py:157} INFO - Started process (PID=618) to work on /opt/airflow/dags/dags_utils.py
[2025-08-31T21:07:59.701+0000] {processor.py:826} INFO - Processing file /opt/airflow/dags/dags_utils.py for tasks to queue
[2025-08-31T21:07:59.706+0000] {logging_mixin.py:150} INFO - [2025-08-31T21:07:59.704+0000] {dagbag.py:541} INFO - Filling up the DagBag from /opt/airflow/dags/dags_utils.py
[2025-08-31T21:07:59.750+0000] {logging_mixin.py:150} INFO - [2025-08-31T21:07:59.739+0000] {dagbag.py:350} ERROR - Failed to import: /opt/airflow/dags/dags_utils.py
Traceback (most recent call last):
  File "/home/airflow/.local/lib/python3.7/site-packages/airflow/models/dagbag.py", line 346, in parse
    loader.exec_module(new_module)
  File "<frozen importlib._bootstrap_external>", line 728, in exec_module
  File "<frozen importlib._bootstrap>", line 219, in _call_with_frames_removed
  File "/opt/airflow/dags/dags_utils.py", line 3, in <module>
    from kafka import KafkaConsumer
ModuleNotFoundError: No module named 'kafka'
[2025-08-31T21:07:59.753+0000] {processor.py:838} WARNING - No viable dags retrieved from /opt/airflow/dags/dags_utils.py
[2025-08-31T21:07:59.892+0000] {processor.py:179} INFO - Processing /opt/airflow/dags/dags_utils.py took 0.202 seconds
[2025-08-31T21:08:30.831+0000] {processor.py:157} INFO - Started process (PID=626) to work on /opt/airflow/dags/dags_utils.py
[2025-08-31T21:08:30.854+0000] {processor.py:826} INFO - Processing file /opt/airflow/dags/dags_utils.py for tasks to queue
[2025-08-31T21:08:30.868+0000] {logging_mixin.py:150} INFO - [2025-08-31T21:08:30.862+0000] {dagbag.py:541} INFO - Filling up the DagBag from /opt/airflow/dags/dags_utils.py
[2025-08-31T21:08:31.026+0000] {logging_mixin.py:150} INFO - [2025-08-31T21:08:31.006+0000] {dagbag.py:350} ERROR - Failed to import: /opt/airflow/dags/dags_utils.py
Traceback (most recent call last):
  File "/home/airflow/.local/lib/python3.7/site-packages/airflow/models/dagbag.py", line 346, in parse
    loader.exec_module(new_module)
  File "<frozen importlib._bootstrap_external>", line 728, in exec_module
  File "<frozen importlib._bootstrap>", line 219, in _call_with_frames_removed
  File "/opt/airflow/dags/dags_utils.py", line 3, in <module>
    from kafka import KafkaConsumer
ModuleNotFoundError: No module named 'kafka'
[2025-08-31T21:08:31.031+0000] {processor.py:838} WARNING - No viable dags retrieved from /opt/airflow/dags/dags_utils.py
[2025-08-31T21:08:32.667+0000] {processor.py:179} INFO - Processing /opt/airflow/dags/dags_utils.py took 1.912 seconds
[2025-08-31T21:09:03.440+0000] {processor.py:157} INFO - Started process (PID=636) to work on /opt/airflow/dags/dags_utils.py
[2025-08-31T21:09:03.451+0000] {processor.py:826} INFO - Processing file /opt/airflow/dags/dags_utils.py for tasks to queue
[2025-08-31T21:09:03.458+0000] {logging_mixin.py:150} INFO - [2025-08-31T21:09:03.457+0000] {dagbag.py:541} INFO - Filling up the DagBag from /opt/airflow/dags/dags_utils.py
[2025-08-31T21:09:03.518+0000] {logging_mixin.py:150} INFO - [2025-08-31T21:09:03.504+0000] {dagbag.py:350} ERROR - Failed to import: /opt/airflow/dags/dags_utils.py
Traceback (most recent call last):
  File "/home/airflow/.local/lib/python3.7/site-packages/airflow/models/dagbag.py", line 346, in parse
    loader.exec_module(new_module)
  File "<frozen importlib._bootstrap_external>", line 728, in exec_module
  File "<frozen importlib._bootstrap>", line 219, in _call_with_frames_removed
  File "/opt/airflow/dags/dags_utils.py", line 3, in <module>
    from kafka import KafkaConsumer
ModuleNotFoundError: No module named 'kafka'
[2025-08-31T21:09:03.525+0000] {processor.py:838} WARNING - No viable dags retrieved from /opt/airflow/dags/dags_utils.py
[2025-08-31T21:09:03.675+0000] {processor.py:179} INFO - Processing /opt/airflow/dags/dags_utils.py took 0.271 seconds
[2025-08-31T21:09:34.226+0000] {processor.py:157} INFO - Started process (PID=646) to work on /opt/airflow/dags/dags_utils.py
[2025-08-31T21:09:34.231+0000] {processor.py:826} INFO - Processing file /opt/airflow/dags/dags_utils.py for tasks to queue
[2025-08-31T21:09:34.233+0000] {logging_mixin.py:150} INFO - [2025-08-31T21:09:34.232+0000] {dagbag.py:541} INFO - Filling up the DagBag from /opt/airflow/dags/dags_utils.py
[2025-08-31T21:09:34.276+0000] {logging_mixin.py:150} INFO - [2025-08-31T21:09:34.264+0000] {dagbag.py:350} ERROR - Failed to import: /opt/airflow/dags/dags_utils.py
Traceback (most recent call last):
  File "/home/airflow/.local/lib/python3.7/site-packages/airflow/models/dagbag.py", line 346, in parse
    loader.exec_module(new_module)
  File "<frozen importlib._bootstrap_external>", line 728, in exec_module
  File "<frozen importlib._bootstrap>", line 219, in _call_with_frames_removed
  File "/opt/airflow/dags/dags_utils.py", line 3, in <module>
    from kafka import KafkaConsumer
ModuleNotFoundError: No module named 'kafka'
[2025-08-31T21:09:34.281+0000] {processor.py:838} WARNING - No viable dags retrieved from /opt/airflow/dags/dags_utils.py
[2025-08-31T21:09:34.405+0000] {processor.py:179} INFO - Processing /opt/airflow/dags/dags_utils.py took 0.189 seconds
[2025-08-31T21:10:04.975+0000] {processor.py:157} INFO - Started process (PID=656) to work on /opt/airflow/dags/dags_utils.py
[2025-08-31T21:10:04.982+0000] {processor.py:826} INFO - Processing file /opt/airflow/dags/dags_utils.py for tasks to queue
[2025-08-31T21:10:04.986+0000] {logging_mixin.py:150} INFO - [2025-08-31T21:10:04.984+0000] {dagbag.py:541} INFO - Filling up the DagBag from /opt/airflow/dags/dags_utils.py
[2025-08-31T21:10:05.028+0000] {logging_mixin.py:150} INFO - [2025-08-31T21:10:05.018+0000] {dagbag.py:350} ERROR - Failed to import: /opt/airflow/dags/dags_utils.py
Traceback (most recent call last):
  File "/home/airflow/.local/lib/python3.7/site-packages/airflow/models/dagbag.py", line 346, in parse
    loader.exec_module(new_module)
  File "<frozen importlib._bootstrap_external>", line 728, in exec_module
  File "<frozen importlib._bootstrap>", line 219, in _call_with_frames_removed
  File "/opt/airflow/dags/dags_utils.py", line 3, in <module>
    from kafka import KafkaConsumer
ModuleNotFoundError: No module named 'kafka'
[2025-08-31T21:10:05.030+0000] {processor.py:838} WARNING - No viable dags retrieved from /opt/airflow/dags/dags_utils.py
[2025-08-31T21:10:05.125+0000] {processor.py:179} INFO - Processing /opt/airflow/dags/dags_utils.py took 0.184 seconds
[2025-08-31T21:10:35.461+0000] {processor.py:157} INFO - Started process (PID=666) to work on /opt/airflow/dags/dags_utils.py
[2025-08-31T21:10:35.466+0000] {processor.py:826} INFO - Processing file /opt/airflow/dags/dags_utils.py for tasks to queue
[2025-08-31T21:10:35.470+0000] {logging_mixin.py:150} INFO - [2025-08-31T21:10:35.468+0000] {dagbag.py:541} INFO - Filling up the DagBag from /opt/airflow/dags/dags_utils.py
[2025-08-31T21:10:35.518+0000] {logging_mixin.py:150} INFO - [2025-08-31T21:10:35.511+0000] {dagbag.py:350} ERROR - Failed to import: /opt/airflow/dags/dags_utils.py
Traceback (most recent call last):
  File "/home/airflow/.local/lib/python3.7/site-packages/airflow/models/dagbag.py", line 346, in parse
    loader.exec_module(new_module)
  File "<frozen importlib._bootstrap_external>", line 728, in exec_module
  File "<frozen importlib._bootstrap>", line 219, in _call_with_frames_removed
  File "/opt/airflow/dags/dags_utils.py", line 3, in <module>
    from kafka import KafkaConsumer
ModuleNotFoundError: No module named 'kafka'
[2025-08-31T21:10:35.520+0000] {processor.py:838} WARNING - No viable dags retrieved from /opt/airflow/dags/dags_utils.py
[2025-08-31T21:10:35.610+0000] {processor.py:179} INFO - Processing /opt/airflow/dags/dags_utils.py took 0.169 seconds
[2025-08-31T21:11:08.068+0000] {processor.py:157} INFO - Started process (PID=676) to work on /opt/airflow/dags/dags_utils.py
[2025-08-31T21:11:08.102+0000] {processor.py:826} INFO - Processing file /opt/airflow/dags/dags_utils.py for tasks to queue
[2025-08-31T21:11:08.132+0000] {logging_mixin.py:150} INFO - [2025-08-31T21:11:08.118+0000] {dagbag.py:541} INFO - Filling up the DagBag from /opt/airflow/dags/dags_utils.py
[2025-08-31T21:11:08.299+0000] {logging_mixin.py:150} INFO - [2025-08-31T21:11:08.260+0000] {dagbag.py:350} ERROR - Failed to import: /opt/airflow/dags/dags_utils.py
Traceback (most recent call last):
  File "/home/airflow/.local/lib/python3.7/site-packages/airflow/models/dagbag.py", line 346, in parse
    loader.exec_module(new_module)
  File "<frozen importlib._bootstrap_external>", line 728, in exec_module
  File "<frozen importlib._bootstrap>", line 219, in _call_with_frames_removed
  File "/opt/airflow/dags/dags_utils.py", line 3, in <module>
    from kafka import KafkaConsumer
ModuleNotFoundError: No module named 'kafka'
[2025-08-31T21:11:08.305+0000] {processor.py:838} WARNING - No viable dags retrieved from /opt/airflow/dags/dags_utils.py
[2025-08-31T21:11:08.642+0000] {processor.py:179} INFO - Processing /opt/airflow/dags/dags_utils.py took 0.693 seconds
[2025-08-31T21:11:40.779+0000] {processor.py:157} INFO - Started process (PID=684) to work on /opt/airflow/dags/dags_utils.py
[2025-08-31T21:11:40.820+0000] {processor.py:826} INFO - Processing file /opt/airflow/dags/dags_utils.py for tasks to queue
[2025-08-31T21:11:40.864+0000] {logging_mixin.py:150} INFO - [2025-08-31T21:11:40.846+0000] {dagbag.py:541} INFO - Filling up the DagBag from /opt/airflow/dags/dags_utils.py
[2025-08-31T21:11:41.307+0000] {logging_mixin.py:150} INFO - [2025-08-31T21:11:41.244+0000] {dagbag.py:350} ERROR - Failed to import: /opt/airflow/dags/dags_utils.py
Traceback (most recent call last):
  File "/home/airflow/.local/lib/python3.7/site-packages/airflow/models/dagbag.py", line 346, in parse
    loader.exec_module(new_module)
  File "<frozen importlib._bootstrap_external>", line 728, in exec_module
  File "<frozen importlib._bootstrap>", line 219, in _call_with_frames_removed
  File "/opt/airflow/dags/dags_utils.py", line 3, in <module>
    from kafka import KafkaConsumer
ModuleNotFoundError: No module named 'kafka'
[2025-08-31T21:11:41.317+0000] {processor.py:838} WARNING - No viable dags retrieved from /opt/airflow/dags/dags_utils.py
[2025-08-31T21:11:42.012+0000] {processor.py:179} INFO - Processing /opt/airflow/dags/dags_utils.py took 1.582 seconds
[2025-08-31T21:12:15.686+0000] {processor.py:157} INFO - Started process (PID=696) to work on /opt/airflow/dags/dags_utils.py
[2025-08-31T21:12:15.721+0000] {processor.py:826} INFO - Processing file /opt/airflow/dags/dags_utils.py for tasks to queue
[2025-08-31T21:12:15.744+0000] {logging_mixin.py:150} INFO - [2025-08-31T21:12:15.736+0000] {dagbag.py:541} INFO - Filling up the DagBag from /opt/airflow/dags/dags_utils.py
[2025-08-31T21:12:15.944+0000] {logging_mixin.py:150} INFO - [2025-08-31T21:12:15.910+0000] {dagbag.py:350} ERROR - Failed to import: /opt/airflow/dags/dags_utils.py
Traceback (most recent call last):
  File "/home/airflow/.local/lib/python3.7/site-packages/airflow/models/dagbag.py", line 346, in parse
    loader.exec_module(new_module)
  File "<frozen importlib._bootstrap_external>", line 728, in exec_module
  File "<frozen importlib._bootstrap>", line 219, in _call_with_frames_removed
  File "/opt/airflow/dags/dags_utils.py", line 3, in <module>
    from kafka import KafkaConsumer
ModuleNotFoundError: No module named 'kafka'
[2025-08-31T21:12:15.948+0000] {processor.py:838} WARNING - No viable dags retrieved from /opt/airflow/dags/dags_utils.py
[2025-08-31T21:12:16.318+0000] {processor.py:179} INFO - Processing /opt/airflow/dags/dags_utils.py took 1.172 seconds
[2025-08-31T21:12:48.902+0000] {processor.py:157} INFO - Started process (PID=705) to work on /opt/airflow/dags/dags_utils.py
[2025-08-31T21:12:48.921+0000] {processor.py:826} INFO - Processing file /opt/airflow/dags/dags_utils.py for tasks to queue
[2025-08-31T21:12:48.938+0000] {logging_mixin.py:150} INFO - [2025-08-31T21:12:48.930+0000] {dagbag.py:541} INFO - Filling up the DagBag from /opt/airflow/dags/dags_utils.py
[2025-08-31T21:12:49.041+0000] {logging_mixin.py:150} INFO - [2025-08-31T21:12:49.023+0000] {dagbag.py:350} ERROR - Failed to import: /opt/airflow/dags/dags_utils.py
Traceback (most recent call last):
  File "/home/airflow/.local/lib/python3.7/site-packages/airflow/models/dagbag.py", line 346, in parse
    loader.exec_module(new_module)
  File "<frozen importlib._bootstrap_external>", line 728, in exec_module
  File "<frozen importlib._bootstrap>", line 219, in _call_with_frames_removed
  File "/opt/airflow/dags/dags_utils.py", line 3, in <module>
    from kafka import KafkaConsumer
ModuleNotFoundError: No module named 'kafka'
[2025-08-31T21:12:49.045+0000] {processor.py:838} WARNING - No viable dags retrieved from /opt/airflow/dags/dags_utils.py
[2025-08-31T21:12:49.370+0000] {processor.py:179} INFO - Processing /opt/airflow/dags/dags_utils.py took 0.563 seconds
[2025-08-31T21:13:24.100+0000] {processor.py:157} INFO - Started process (PID=716) to work on /opt/airflow/dags/dags_utils.py
[2025-08-31T21:13:24.283+0000] {processor.py:826} INFO - Processing file /opt/airflow/dags/dags_utils.py for tasks to queue
[2025-08-31T21:13:24.308+0000] {logging_mixin.py:150} INFO - [2025-08-31T21:13:24.307+0000] {dagbag.py:541} INFO - Filling up the DagBag from /opt/airflow/dags/dags_utils.py
[2025-08-31T21:13:24.823+0000] {logging_mixin.py:150} INFO - [2025-08-31T21:13:24.778+0000] {dagbag.py:350} ERROR - Failed to import: /opt/airflow/dags/dags_utils.py
Traceback (most recent call last):
  File "/home/airflow/.local/lib/python3.7/site-packages/airflow/models/dagbag.py", line 346, in parse
    loader.exec_module(new_module)
  File "<frozen importlib._bootstrap_external>", line 728, in exec_module
  File "<frozen importlib._bootstrap>", line 219, in _call_with_frames_removed
  File "/opt/airflow/dags/dags_utils.py", line 3, in <module>
    from kafka import KafkaConsumer
ModuleNotFoundError: No module named 'kafka'
[2025-08-31T21:13:24.833+0000] {processor.py:838} WARNING - No viable dags retrieved from /opt/airflow/dags/dags_utils.py
[2025-08-31T21:13:25.997+0000] {processor.py:179} INFO - Processing /opt/airflow/dags/dags_utils.py took 2.264 seconds
[2025-08-31T21:13:56.857+0000] {processor.py:157} INFO - Started process (PID=725) to work on /opt/airflow/dags/dags_utils.py
[2025-08-31T21:13:56.882+0000] {processor.py:826} INFO - Processing file /opt/airflow/dags/dags_utils.py for tasks to queue
[2025-08-31T21:13:56.899+0000] {logging_mixin.py:150} INFO - [2025-08-31T21:13:56.893+0000] {dagbag.py:541} INFO - Filling up the DagBag from /opt/airflow/dags/dags_utils.py
[2025-08-31T21:13:57.004+0000] {logging_mixin.py:150} INFO - [2025-08-31T21:13:56.981+0000] {dagbag.py:350} ERROR - Failed to import: /opt/airflow/dags/dags_utils.py
Traceback (most recent call last):
  File "/home/airflow/.local/lib/python3.7/site-packages/airflow/models/dagbag.py", line 346, in parse
    loader.exec_module(new_module)
  File "<frozen importlib._bootstrap_external>", line 728, in exec_module
  File "<frozen importlib._bootstrap>", line 219, in _call_with_frames_removed
  File "/opt/airflow/dags/dags_utils.py", line 3, in <module>
    from kafka import KafkaConsumer
ModuleNotFoundError: No module named 'kafka'
[2025-08-31T21:13:57.007+0000] {processor.py:838} WARNING - No viable dags retrieved from /opt/airflow/dags/dags_utils.py
[2025-08-31T21:13:57.628+0000] {processor.py:179} INFO - Processing /opt/airflow/dags/dags_utils.py took 0.845 seconds
[2025-08-31T21:14:28.455+0000] {processor.py:157} INFO - Started process (PID=736) to work on /opt/airflow/dags/dags_utils.py
[2025-08-31T21:14:28.470+0000] {processor.py:826} INFO - Processing file /opt/airflow/dags/dags_utils.py for tasks to queue
[2025-08-31T21:14:28.484+0000] {logging_mixin.py:150} INFO - [2025-08-31T21:14:28.481+0000] {dagbag.py:541} INFO - Filling up the DagBag from /opt/airflow/dags/dags_utils.py
[2025-08-31T21:14:28.633+0000] {logging_mixin.py:150} INFO - [2025-08-31T21:14:28.612+0000] {dagbag.py:350} ERROR - Failed to import: /opt/airflow/dags/dags_utils.py
Traceback (most recent call last):
  File "/home/airflow/.local/lib/python3.7/site-packages/airflow/models/dagbag.py", line 346, in parse
    loader.exec_module(new_module)
  File "<frozen importlib._bootstrap_external>", line 728, in exec_module
  File "<frozen importlib._bootstrap>", line 219, in _call_with_frames_removed
  File "/opt/airflow/dags/dags_utils.py", line 3, in <module>
    from kafka import KafkaConsumer
ModuleNotFoundError: No module named 'kafka'
[2025-08-31T21:14:28.638+0000] {processor.py:838} WARNING - No viable dags retrieved from /opt/airflow/dags/dags_utils.py
[2025-08-31T21:14:28.863+0000] {processor.py:179} INFO - Processing /opt/airflow/dags/dags_utils.py took 0.447 seconds
[2025-08-31T21:14:59.443+0000] {processor.py:157} INFO - Started process (PID=746) to work on /opt/airflow/dags/dags_utils.py
[2025-08-31T21:14:59.447+0000] {processor.py:826} INFO - Processing file /opt/airflow/dags/dags_utils.py for tasks to queue
[2025-08-31T21:14:59.460+0000] {logging_mixin.py:150} INFO - [2025-08-31T21:14:59.459+0000] {dagbag.py:541} INFO - Filling up the DagBag from /opt/airflow/dags/dags_utils.py
[2025-08-31T21:14:59.534+0000] {logging_mixin.py:150} INFO - [2025-08-31T21:14:59.526+0000] {dagbag.py:350} ERROR - Failed to import: /opt/airflow/dags/dags_utils.py
Traceback (most recent call last):
  File "/home/airflow/.local/lib/python3.7/site-packages/airflow/models/dagbag.py", line 346, in parse
    loader.exec_module(new_module)
  File "<frozen importlib._bootstrap_external>", line 728, in exec_module
  File "<frozen importlib._bootstrap>", line 219, in _call_with_frames_removed
  File "/opt/airflow/dags/dags_utils.py", line 3, in <module>
    from kafka import KafkaConsumer
ModuleNotFoundError: No module named 'kafka'
[2025-08-31T21:14:59.536+0000] {processor.py:838} WARNING - No viable dags retrieved from /opt/airflow/dags/dags_utils.py
[2025-08-31T21:14:59.655+0000] {processor.py:179} INFO - Processing /opt/airflow/dags/dags_utils.py took 0.223 seconds
[2025-08-31T21:15:30.504+0000] {processor.py:157} INFO - Started process (PID=756) to work on /opt/airflow/dags/dags_utils.py
[2025-08-31T21:15:30.519+0000] {processor.py:826} INFO - Processing file /opt/airflow/dags/dags_utils.py for tasks to queue
[2025-08-31T21:15:30.533+0000] {logging_mixin.py:150} INFO - [2025-08-31T21:15:30.532+0000] {dagbag.py:541} INFO - Filling up the DagBag from /opt/airflow/dags/dags_utils.py
[2025-08-31T21:15:30.665+0000] {logging_mixin.py:150} INFO - [2025-08-31T21:15:30.650+0000] {dagbag.py:350} ERROR - Failed to import: /opt/airflow/dags/dags_utils.py
Traceback (most recent call last):
  File "/home/airflow/.local/lib/python3.7/site-packages/airflow/models/dagbag.py", line 346, in parse
    loader.exec_module(new_module)
  File "<frozen importlib._bootstrap_external>", line 728, in exec_module
  File "<frozen importlib._bootstrap>", line 219, in _call_with_frames_removed
  File "/opt/airflow/dags/dags_utils.py", line 3, in <module>
    from kafka import KafkaConsumer
ModuleNotFoundError: No module named 'kafka'
[2025-08-31T21:15:30.669+0000] {processor.py:838} WARNING - No viable dags retrieved from /opt/airflow/dags/dags_utils.py
[2025-08-31T21:15:30.829+0000] {processor.py:179} INFO - Processing /opt/airflow/dags/dags_utils.py took 0.418 seconds
[2025-08-31T21:16:00.950+0000] {processor.py:157} INFO - Started process (PID=766) to work on /opt/airflow/dags/dags_utils.py
[2025-08-31T21:16:00.952+0000] {processor.py:826} INFO - Processing file /opt/airflow/dags/dags_utils.py for tasks to queue
[2025-08-31T21:16:00.955+0000] {logging_mixin.py:150} INFO - [2025-08-31T21:16:00.954+0000] {dagbag.py:541} INFO - Filling up the DagBag from /opt/airflow/dags/dags_utils.py
[2025-08-31T21:16:00.993+0000] {logging_mixin.py:150} INFO - [2025-08-31T21:16:00.985+0000] {dagbag.py:350} ERROR - Failed to import: /opt/airflow/dags/dags_utils.py
Traceback (most recent call last):
  File "/home/airflow/.local/lib/python3.7/site-packages/airflow/models/dagbag.py", line 346, in parse
    loader.exec_module(new_module)
  File "<frozen importlib._bootstrap_external>", line 728, in exec_module
  File "<frozen importlib._bootstrap>", line 219, in _call_with_frames_removed
  File "/opt/airflow/dags/dags_utils.py", line 3, in <module>
    from kafka import KafkaConsumer
ModuleNotFoundError: No module named 'kafka'
[2025-08-31T21:16:00.996+0000] {processor.py:838} WARNING - No viable dags retrieved from /opt/airflow/dags/dags_utils.py
[2025-08-31T21:16:01.065+0000] {processor.py:179} INFO - Processing /opt/airflow/dags/dags_utils.py took 0.128 seconds
[2025-08-31T21:16:32.294+0000] {processor.py:157} INFO - Started process (PID=776) to work on /opt/airflow/dags/dags_utils.py
[2025-08-31T21:16:32.414+0000] {processor.py:826} INFO - Processing file /opt/airflow/dags/dags_utils.py for tasks to queue
[2025-08-31T21:16:32.430+0000] {logging_mixin.py:150} INFO - [2025-08-31T21:16:32.426+0000] {dagbag.py:541} INFO - Filling up the DagBag from /opt/airflow/dags/dags_utils.py
[2025-08-31T21:16:33.148+0000] {logging_mixin.py:150} INFO - [2025-08-31T21:16:33.122+0000] {dagbag.py:350} ERROR - Failed to import: /opt/airflow/dags/dags_utils.py
Traceback (most recent call last):
  File "/home/airflow/.local/lib/python3.7/site-packages/airflow/models/dagbag.py", line 346, in parse
    loader.exec_module(new_module)
  File "<frozen importlib._bootstrap_external>", line 728, in exec_module
  File "<frozen importlib._bootstrap>", line 219, in _call_with_frames_removed
  File "/opt/airflow/dags/dags_utils.py", line 3, in <module>
    from kafka import KafkaConsumer
ModuleNotFoundError: No module named 'kafka'
[2025-08-31T21:16:33.155+0000] {processor.py:838} WARNING - No viable dags retrieved from /opt/airflow/dags/dags_utils.py
[2025-08-31T21:16:33.554+0000] {processor.py:179} INFO - Processing /opt/airflow/dags/dags_utils.py took 1.522 seconds
[2025-08-31T21:17:10.190+0000] {processor.py:157} INFO - Started process (PID=786) to work on /opt/airflow/dags/dags_utils.py
[2025-08-31T21:17:10.343+0000] {processor.py:826} INFO - Processing file /opt/airflow/dags/dags_utils.py for tasks to queue
[2025-08-31T21:17:10.408+0000] {logging_mixin.py:150} INFO - [2025-08-31T21:17:10.361+0000] {dagbag.py:541} INFO - Filling up the DagBag from /opt/airflow/dags/dags_utils.py
[2025-08-31T21:17:10.902+0000] {logging_mixin.py:150} INFO - [2025-08-31T21:17:10.766+0000] {dagbag.py:350} ERROR - Failed to import: /opt/airflow/dags/dags_utils.py
Traceback (most recent call last):
  File "/home/airflow/.local/lib/python3.7/site-packages/airflow/models/dagbag.py", line 346, in parse
    loader.exec_module(new_module)
  File "<frozen importlib._bootstrap_external>", line 728, in exec_module
  File "<frozen importlib._bootstrap>", line 219, in _call_with_frames_removed
  File "/opt/airflow/dags/dags_utils.py", line 3, in <module>
    from kafka import KafkaConsumer
ModuleNotFoundError: No module named 'kafka'
[2025-08-31T21:17:10.925+0000] {processor.py:838} WARNING - No viable dags retrieved from /opt/airflow/dags/dags_utils.py
[2025-08-31T21:17:11.237+0000] {processor.py:179} INFO - Processing /opt/airflow/dags/dags_utils.py took 2.117 seconds
[2025-08-31T21:17:43.117+0000] {processor.py:157} INFO - Started process (PID=796) to work on /opt/airflow/dags/dags_utils.py
[2025-08-31T21:17:43.148+0000] {processor.py:826} INFO - Processing file /opt/airflow/dags/dags_utils.py for tasks to queue
[2025-08-31T21:17:43.182+0000] {logging_mixin.py:150} INFO - [2025-08-31T21:17:43.170+0000] {dagbag.py:541} INFO - Filling up the DagBag from /opt/airflow/dags/dags_utils.py
[2025-08-31T21:17:43.385+0000] {logging_mixin.py:150} INFO - [2025-08-31T21:17:43.347+0000] {dagbag.py:350} ERROR - Failed to import: /opt/airflow/dags/dags_utils.py
Traceback (most recent call last):
  File "/home/airflow/.local/lib/python3.7/site-packages/airflow/models/dagbag.py", line 346, in parse
    loader.exec_module(new_module)
  File "<frozen importlib._bootstrap_external>", line 728, in exec_module
  File "<frozen importlib._bootstrap>", line 219, in _call_with_frames_removed
  File "/opt/airflow/dags/dags_utils.py", line 3, in <module>
    from kafka import KafkaConsumer
ModuleNotFoundError: No module named 'kafka'
[2025-08-31T21:17:43.391+0000] {processor.py:838} WARNING - No viable dags retrieved from /opt/airflow/dags/dags_utils.py
[2025-08-31T21:17:44.440+0000] {processor.py:179} INFO - Processing /opt/airflow/dags/dags_utils.py took 1.431 seconds
[2025-08-31T21:18:29.047+0000] {processor.py:157} INFO - Started process (PID=806) to work on /opt/airflow/dags/dags_utils.py
[2025-08-31T21:18:29.063+0000] {processor.py:826} INFO - Processing file /opt/airflow/dags/dags_utils.py for tasks to queue
[2025-08-31T21:18:29.073+0000] {logging_mixin.py:150} INFO - [2025-08-31T21:18:29.071+0000] {dagbag.py:541} INFO - Filling up the DagBag from /opt/airflow/dags/dags_utils.py
[2025-08-31T21:18:29.721+0000] {logging_mixin.py:150} INFO - [2025-08-31T21:18:29.629+0000] {dagbag.py:350} ERROR - Failed to import: /opt/airflow/dags/dags_utils.py
Traceback (most recent call last):
  File "/home/airflow/.local/lib/python3.7/site-packages/airflow/models/dagbag.py", line 346, in parse
    loader.exec_module(new_module)
  File "<frozen importlib._bootstrap_external>", line 728, in exec_module
  File "<frozen importlib._bootstrap>", line 219, in _call_with_frames_removed
  File "/opt/airflow/dags/dags_utils.py", line 3, in <module>
    from kafka import KafkaConsumer
ModuleNotFoundError: No module named 'kafka'
[2025-08-31T21:18:29.814+0000] {processor.py:838} WARNING - No viable dags retrieved from /opt/airflow/dags/dags_utils.py
[2025-08-31T21:18:30.636+0000] {processor.py:179} INFO - Processing /opt/airflow/dags/dags_utils.py took 1.664 seconds
[2025-08-31T21:19:04.851+0000] {processor.py:157} INFO - Started process (PID=813) to work on /opt/airflow/dags/dags_utils.py
[2025-08-31T21:19:04.927+0000] {processor.py:826} INFO - Processing file /opt/airflow/dags/dags_utils.py for tasks to queue
[2025-08-31T21:19:04.994+0000] {logging_mixin.py:150} INFO - [2025-08-31T21:19:04.948+0000] {dagbag.py:541} INFO - Filling up the DagBag from /opt/airflow/dags/dags_utils.py
[2025-08-31T21:19:06.288+0000] {logging_mixin.py:150} INFO - [2025-08-31T21:19:06.198+0000] {dagbag.py:350} ERROR - Failed to import: /opt/airflow/dags/dags_utils.py
Traceback (most recent call last):
  File "/home/airflow/.local/lib/python3.7/site-packages/airflow/models/dagbag.py", line 346, in parse
    loader.exec_module(new_module)
  File "<frozen importlib._bootstrap_external>", line 728, in exec_module
  File "<frozen importlib._bootstrap>", line 219, in _call_with_frames_removed
  File "/opt/airflow/dags/dags_utils.py", line 3, in <module>
    from kafka import KafkaConsumer
ModuleNotFoundError: No module named 'kafka'
[2025-08-31T21:19:06.332+0000] {processor.py:838} WARNING - No viable dags retrieved from /opt/airflow/dags/dags_utils.py
[2025-08-31T21:19:07.641+0000] {processor.py:179} INFO - Processing /opt/airflow/dags/dags_utils.py took 3.286 seconds
[2025-08-31T21:19:40.079+0000] {processor.py:157} INFO - Started process (PID=823) to work on /opt/airflow/dags/dags_utils.py
[2025-08-31T21:19:40.223+0000] {processor.py:826} INFO - Processing file /opt/airflow/dags/dags_utils.py for tasks to queue
[2025-08-31T21:19:40.278+0000] {logging_mixin.py:150} INFO - [2025-08-31T21:19:40.256+0000] {dagbag.py:541} INFO - Filling up the DagBag from /opt/airflow/dags/dags_utils.py
[2025-08-31T21:19:40.992+0000] {logging_mixin.py:150} INFO - [2025-08-31T21:19:40.821+0000] {dagbag.py:350} ERROR - Failed to import: /opt/airflow/dags/dags_utils.py
Traceback (most recent call last):
  File "/home/airflow/.local/lib/python3.7/site-packages/airflow/models/dagbag.py", line 346, in parse
    loader.exec_module(new_module)
  File "<frozen importlib._bootstrap_external>", line 728, in exec_module
  File "<frozen importlib._bootstrap>", line 219, in _call_with_frames_removed
  File "/opt/airflow/dags/dags_utils.py", line 3, in <module>
    from kafka import KafkaConsumer
ModuleNotFoundError: No module named 'kafka'
[2025-08-31T21:19:41.002+0000] {processor.py:838} WARNING - No viable dags retrieved from /opt/airflow/dags/dags_utils.py
[2025-08-31T21:19:42.683+0000] {processor.py:179} INFO - Processing /opt/airflow/dags/dags_utils.py took 2.919 seconds
