[2025-09-12T22:49:08.849+0000] {processor.py:157} INFO - Started process (PID=189) to work on /opt/airflow/dags/generator_dag.py
[2025-09-12T22:49:08.851+0000] {processor.py:826} INFO - Processing file /opt/airflow/dags/generator_dag.py for tasks to queue
[2025-09-12T22:49:08.853+0000] {logging_mixin.py:150} INFO - [2025-09-12T22:49:08.853+0000] {dagbag.py:541} INFO - Filling up the DagBag from /opt/airflow/dags/generator_dag.py
[2025-09-12T22:49:08.898+0000] {logging_mixin.py:150} INFO - [2025-09-12T22:49:08.885+0000] {dagbag.py:350} ERROR - Failed to import: /opt/airflow/dags/generator_dag.py
Traceback (most recent call last):
  File "/home/airflow/.local/lib/python3.7/site-packages/airflow/models/dagbag.py", line 346, in parse
    loader.exec_module(new_module)
  File "<frozen importlib._bootstrap_external>", line 728, in exec_module
  File "<frozen importlib._bootstrap>", line 219, in _call_with_frames_removed
  File "/opt/airflow/dags/generator_dag.py", line 6, in <module>
    from generator import produce_batch, KAFKA_BROKER
  File "/opt/airflow/dags/generator.py", line 8, in <module>
    from faker import Faker
ModuleNotFoundError: No module named 'faker'
[2025-09-12T22:49:08.905+0000] {processor.py:838} WARNING - No viable dags retrieved from /opt/airflow/dags/generator_dag.py
[2025-09-12T22:49:08.968+0000] {processor.py:179} INFO - Processing /opt/airflow/dags/generator_dag.py took 0.125 seconds
[2025-09-12T23:09:54.071+0000] {processor.py:157} INFO - Started process (PID=191) to work on /opt/airflow/dags/generator_dag.py
[2025-09-12T23:09:54.082+0000] {processor.py:826} INFO - Processing file /opt/airflow/dags/generator_dag.py for tasks to queue
[2025-09-12T23:09:54.084+0000] {logging_mixin.py:150} INFO - [2025-09-12T23:09:54.083+0000] {dagbag.py:541} INFO - Filling up the DagBag from /opt/airflow/dags/generator_dag.py
[2025-09-12T23:09:54.135+0000] {logging_mixin.py:150} INFO - [2025-09-12T23:09:54.129+0000] {dagbag.py:350} ERROR - Failed to import: /opt/airflow/dags/generator_dag.py
Traceback (most recent call last):
  File "/home/airflow/.local/lib/python3.7/site-packages/airflow/models/dagbag.py", line 346, in parse
    loader.exec_module(new_module)
  File "<frozen importlib._bootstrap_external>", line 728, in exec_module
  File "<frozen importlib._bootstrap>", line 219, in _call_with_frames_removed
  File "/opt/airflow/dags/generator_dag.py", line 6, in <module>
    from generator import produce_batch, KAFKA_BROKER
  File "/opt/airflow/dags/generator.py", line 8, in <module>
    from faker import Faker
ModuleNotFoundError: No module named 'faker'
[2025-09-12T23:09:54.136+0000] {processor.py:838} WARNING - No viable dags retrieved from /opt/airflow/dags/generator_dag.py
[2025-09-12T23:09:54.252+0000] {processor.py:179} INFO - Processing /opt/airflow/dags/generator_dag.py took 0.185 seconds
[2025-09-12T23:10:25.398+0000] {processor.py:157} INFO - Started process (PID=230) to work on /opt/airflow/dags/generator_dag.py
[2025-09-12T23:10:25.400+0000] {processor.py:826} INFO - Processing file /opt/airflow/dags/generator_dag.py for tasks to queue
[2025-09-12T23:10:25.401+0000] {logging_mixin.py:150} INFO - [2025-09-12T23:10:25.401+0000] {dagbag.py:541} INFO - Filling up the DagBag from /opt/airflow/dags/generator_dag.py
[2025-09-12T23:10:25.424+0000] {logging_mixin.py:150} INFO - [2025-09-12T23:10:25.418+0000] {dagbag.py:350} ERROR - Failed to import: /opt/airflow/dags/generator_dag.py
Traceback (most recent call last):
  File "/home/airflow/.local/lib/python3.7/site-packages/airflow/models/dagbag.py", line 346, in parse
    loader.exec_module(new_module)
  File "<frozen importlib._bootstrap_external>", line 728, in exec_module
  File "<frozen importlib._bootstrap>", line 219, in _call_with_frames_removed
  File "/opt/airflow/dags/generator_dag.py", line 6, in <module>
    from generator import produce_batch, KAFKA_BROKER
  File "/opt/airflow/dags/generator.py", line 8, in <module>
    from faker import Faker
ModuleNotFoundError: No module named 'faker'
[2025-09-12T23:10:25.426+0000] {processor.py:838} WARNING - No viable dags retrieved from /opt/airflow/dags/generator_dag.py
[2025-09-12T23:10:25.455+0000] {processor.py:179} INFO - Processing /opt/airflow/dags/generator_dag.py took 0.060 seconds
[2025-09-12T23:10:56.891+0000] {processor.py:157} INFO - Started process (PID=271) to work on /opt/airflow/dags/generator_dag.py
[2025-09-12T23:10:56.892+0000] {processor.py:826} INFO - Processing file /opt/airflow/dags/generator_dag.py for tasks to queue
[2025-09-12T23:10:56.893+0000] {logging_mixin.py:150} INFO - [2025-09-12T23:10:56.892+0000] {dagbag.py:541} INFO - Filling up the DagBag from /opt/airflow/dags/generator_dag.py
[2025-09-12T23:10:56.915+0000] {logging_mixin.py:150} INFO - [2025-09-12T23:10:56.909+0000] {dagbag.py:350} ERROR - Failed to import: /opt/airflow/dags/generator_dag.py
Traceback (most recent call last):
  File "/home/airflow/.local/lib/python3.7/site-packages/airflow/models/dagbag.py", line 346, in parse
    loader.exec_module(new_module)
  File "<frozen importlib._bootstrap_external>", line 728, in exec_module
  File "<frozen importlib._bootstrap>", line 219, in _call_with_frames_removed
  File "/opt/airflow/dags/generator_dag.py", line 6, in <module>
    from generator import produce_batch, KAFKA_BROKER
  File "/opt/airflow/dags/generator.py", line 8, in <module>
    from faker import Faker
ModuleNotFoundError: No module named 'faker'
[2025-09-12T23:10:56.916+0000] {processor.py:838} WARNING - No viable dags retrieved from /opt/airflow/dags/generator_dag.py
[2025-09-12T23:10:56.942+0000] {processor.py:179} INFO - Processing /opt/airflow/dags/generator_dag.py took 0.055 seconds
[2025-09-12T23:11:28.553+0000] {processor.py:157} INFO - Started process (PID=312) to work on /opt/airflow/dags/generator_dag.py
[2025-09-12T23:11:28.554+0000] {processor.py:826} INFO - Processing file /opt/airflow/dags/generator_dag.py for tasks to queue
[2025-09-12T23:11:28.555+0000] {logging_mixin.py:150} INFO - [2025-09-12T23:11:28.555+0000] {dagbag.py:541} INFO - Filling up the DagBag from /opt/airflow/dags/generator_dag.py
[2025-09-12T23:11:28.577+0000] {logging_mixin.py:150} INFO - [2025-09-12T23:11:28.572+0000] {dagbag.py:350} ERROR - Failed to import: /opt/airflow/dags/generator_dag.py
Traceback (most recent call last):
  File "/home/airflow/.local/lib/python3.7/site-packages/airflow/models/dagbag.py", line 346, in parse
    loader.exec_module(new_module)
  File "<frozen importlib._bootstrap_external>", line 728, in exec_module
  File "<frozen importlib._bootstrap>", line 219, in _call_with_frames_removed
  File "/opt/airflow/dags/generator_dag.py", line 6, in <module>
    from generator import produce_batch, KAFKA_BROKER
  File "/opt/airflow/dags/generator.py", line 8, in <module>
    from faker import Faker
ModuleNotFoundError: No module named 'faker'
[2025-09-12T23:11:28.579+0000] {processor.py:838} WARNING - No viable dags retrieved from /opt/airflow/dags/generator_dag.py
[2025-09-12T23:11:28.603+0000] {processor.py:179} INFO - Processing /opt/airflow/dags/generator_dag.py took 0.054 seconds
[2025-09-12T23:11:59.979+0000] {processor.py:157} INFO - Started process (PID=353) to work on /opt/airflow/dags/generator_dag.py
[2025-09-12T23:11:59.980+0000] {processor.py:826} INFO - Processing file /opt/airflow/dags/generator_dag.py for tasks to queue
[2025-09-12T23:11:59.982+0000] {logging_mixin.py:150} INFO - [2025-09-12T23:11:59.982+0000] {dagbag.py:541} INFO - Filling up the DagBag from /opt/airflow/dags/generator_dag.py
[2025-09-12T23:12:00.005+0000] {logging_mixin.py:150} INFO - [2025-09-12T23:12:00.000+0000] {dagbag.py:350} ERROR - Failed to import: /opt/airflow/dags/generator_dag.py
Traceback (most recent call last):
  File "/home/airflow/.local/lib/python3.7/site-packages/airflow/models/dagbag.py", line 346, in parse
    loader.exec_module(new_module)
  File "<frozen importlib._bootstrap_external>", line 728, in exec_module
  File "<frozen importlib._bootstrap>", line 219, in _call_with_frames_removed
  File "/opt/airflow/dags/generator_dag.py", line 6, in <module>
    from generator import produce_batch, KAFKA_BROKER
  File "/opt/airflow/dags/generator.py", line 8, in <module>
    from faker import Faker
ModuleNotFoundError: No module named 'faker'
[2025-09-12T23:12:00.007+0000] {processor.py:838} WARNING - No viable dags retrieved from /opt/airflow/dags/generator_dag.py
[2025-09-12T23:12:00.037+0000] {processor.py:179} INFO - Processing /opt/airflow/dags/generator_dag.py took 0.061 seconds
[2025-09-12T23:12:31.481+0000] {processor.py:157} INFO - Started process (PID=394) to work on /opt/airflow/dags/generator_dag.py
[2025-09-12T23:12:31.482+0000] {processor.py:826} INFO - Processing file /opt/airflow/dags/generator_dag.py for tasks to queue
[2025-09-12T23:12:31.483+0000] {logging_mixin.py:150} INFO - [2025-09-12T23:12:31.483+0000] {dagbag.py:541} INFO - Filling up the DagBag from /opt/airflow/dags/generator_dag.py
[2025-09-12T23:12:31.505+0000] {logging_mixin.py:150} INFO - [2025-09-12T23:12:31.500+0000] {dagbag.py:350} ERROR - Failed to import: /opt/airflow/dags/generator_dag.py
Traceback (most recent call last):
  File "/home/airflow/.local/lib/python3.7/site-packages/airflow/models/dagbag.py", line 346, in parse
    loader.exec_module(new_module)
  File "<frozen importlib._bootstrap_external>", line 728, in exec_module
  File "<frozen importlib._bootstrap>", line 219, in _call_with_frames_removed
  File "/opt/airflow/dags/generator_dag.py", line 6, in <module>
    from generator import produce_batch, KAFKA_BROKER
  File "/opt/airflow/dags/generator.py", line 8, in <module>
    from faker import Faker
ModuleNotFoundError: No module named 'faker'
[2025-09-12T23:12:31.506+0000] {processor.py:838} WARNING - No viable dags retrieved from /opt/airflow/dags/generator_dag.py
[2025-09-12T23:12:31.532+0000] {processor.py:179} INFO - Processing /opt/airflow/dags/generator_dag.py took 0.054 seconds
[2025-09-12T23:13:03.179+0000] {processor.py:157} INFO - Started process (PID=435) to work on /opt/airflow/dags/generator_dag.py
[2025-09-12T23:13:03.180+0000] {processor.py:826} INFO - Processing file /opt/airflow/dags/generator_dag.py for tasks to queue
[2025-09-12T23:13:03.182+0000] {logging_mixin.py:150} INFO - [2025-09-12T23:13:03.181+0000] {dagbag.py:541} INFO - Filling up the DagBag from /opt/airflow/dags/generator_dag.py
[2025-09-12T23:13:03.212+0000] {logging_mixin.py:150} INFO - [2025-09-12T23:13:03.203+0000] {dagbag.py:350} ERROR - Failed to import: /opt/airflow/dags/generator_dag.py
Traceback (most recent call last):
  File "/home/airflow/.local/lib/python3.7/site-packages/airflow/models/dagbag.py", line 346, in parse
    loader.exec_module(new_module)
  File "<frozen importlib._bootstrap_external>", line 728, in exec_module
  File "<frozen importlib._bootstrap>", line 219, in _call_with_frames_removed
  File "/opt/airflow/dags/generator_dag.py", line 6, in <module>
    from generator import produce_batch, KAFKA_BROKER
  File "/opt/airflow/dags/generator.py", line 8, in <module>
    from faker import Faker
ModuleNotFoundError: No module named 'faker'
[2025-09-12T23:13:03.214+0000] {processor.py:838} WARNING - No viable dags retrieved from /opt/airflow/dags/generator_dag.py
[2025-09-12T23:13:03.251+0000] {processor.py:179} INFO - Processing /opt/airflow/dags/generator_dag.py took 0.078 seconds
[2025-09-12T23:13:34.812+0000] {processor.py:157} INFO - Started process (PID=476) to work on /opt/airflow/dags/generator_dag.py
[2025-09-12T23:13:34.813+0000] {processor.py:826} INFO - Processing file /opt/airflow/dags/generator_dag.py for tasks to queue
[2025-09-12T23:13:34.814+0000] {logging_mixin.py:150} INFO - [2025-09-12T23:13:34.814+0000] {dagbag.py:541} INFO - Filling up the DagBag from /opt/airflow/dags/generator_dag.py
[2025-09-12T23:13:34.838+0000] {logging_mixin.py:150} INFO - [2025-09-12T23:13:34.832+0000] {dagbag.py:350} ERROR - Failed to import: /opt/airflow/dags/generator_dag.py
Traceback (most recent call last):
  File "/home/airflow/.local/lib/python3.7/site-packages/airflow/models/dagbag.py", line 346, in parse
    loader.exec_module(new_module)
  File "<frozen importlib._bootstrap_external>", line 728, in exec_module
  File "<frozen importlib._bootstrap>", line 219, in _call_with_frames_removed
  File "/opt/airflow/dags/generator_dag.py", line 6, in <module>
    from generator import produce_batch, KAFKA_BROKER
  File "/opt/airflow/dags/generator.py", line 8, in <module>
    from faker import Faker
ModuleNotFoundError: No module named 'faker'
[2025-09-12T23:13:34.840+0000] {processor.py:838} WARNING - No viable dags retrieved from /opt/airflow/dags/generator_dag.py
[2025-09-12T23:13:34.867+0000] {processor.py:179} INFO - Processing /opt/airflow/dags/generator_dag.py took 0.060 seconds
[2025-09-12T23:14:07.029+0000] {processor.py:157} INFO - Started process (PID=517) to work on /opt/airflow/dags/generator_dag.py
[2025-09-12T23:14:07.030+0000] {processor.py:826} INFO - Processing file /opt/airflow/dags/generator_dag.py for tasks to queue
[2025-09-12T23:14:07.031+0000] {logging_mixin.py:150} INFO - [2025-09-12T23:14:07.031+0000] {dagbag.py:541} INFO - Filling up the DagBag from /opt/airflow/dags/generator_dag.py
[2025-09-12T23:14:07.060+0000] {logging_mixin.py:150} INFO - [2025-09-12T23:14:07.053+0000] {dagbag.py:350} ERROR - Failed to import: /opt/airflow/dags/generator_dag.py
Traceback (most recent call last):
  File "/home/airflow/.local/lib/python3.7/site-packages/airflow/models/dagbag.py", line 346, in parse
    loader.exec_module(new_module)
  File "<frozen importlib._bootstrap_external>", line 728, in exec_module
  File "<frozen importlib._bootstrap>", line 219, in _call_with_frames_removed
  File "/opt/airflow/dags/generator_dag.py", line 6, in <module>
    from generator import produce_batch, KAFKA_BROKER
  File "/opt/airflow/dags/generator.py", line 8, in <module>
    from faker import Faker
ModuleNotFoundError: No module named 'faker'
[2025-09-12T23:14:07.062+0000] {processor.py:838} WARNING - No viable dags retrieved from /opt/airflow/dags/generator_dag.py
[2025-09-12T23:14:07.101+0000] {processor.py:179} INFO - Processing /opt/airflow/dags/generator_dag.py took 0.076 seconds
[2025-09-12T23:14:38.437+0000] {processor.py:157} INFO - Started process (PID=566) to work on /opt/airflow/dags/generator_dag.py
[2025-09-12T23:14:38.438+0000] {processor.py:826} INFO - Processing file /opt/airflow/dags/generator_dag.py for tasks to queue
[2025-09-12T23:14:38.440+0000] {logging_mixin.py:150} INFO - [2025-09-12T23:14:38.439+0000] {dagbag.py:541} INFO - Filling up the DagBag from /opt/airflow/dags/generator_dag.py
[2025-09-12T23:14:38.466+0000] {logging_mixin.py:150} INFO - [2025-09-12T23:14:38.459+0000] {dagbag.py:350} ERROR - Failed to import: /opt/airflow/dags/generator_dag.py
Traceback (most recent call last):
  File "/home/airflow/.local/lib/python3.7/site-packages/airflow/models/dagbag.py", line 346, in parse
    loader.exec_module(new_module)
  File "<frozen importlib._bootstrap_external>", line 728, in exec_module
  File "<frozen importlib._bootstrap>", line 219, in _call_with_frames_removed
  File "/opt/airflow/dags/generator_dag.py", line 6, in <module>
    from generator import produce_batch, KAFKA_BROKER
  File "/opt/airflow/dags/generator.py", line 8, in <module>
    from faker import Faker
ModuleNotFoundError: No module named 'faker'
[2025-09-12T23:14:38.468+0000] {processor.py:838} WARNING - No viable dags retrieved from /opt/airflow/dags/generator_dag.py
[2025-09-12T23:14:38.525+0000] {processor.py:179} INFO - Processing /opt/airflow/dags/generator_dag.py took 0.093 seconds
[2025-09-12T23:17:41.597+0000] {processor.py:157} INFO - Started process (PID=189) to work on /opt/airflow/dags/generator_dag.py
[2025-09-12T23:17:41.600+0000] {processor.py:826} INFO - Processing file /opt/airflow/dags/generator_dag.py for tasks to queue
[2025-09-12T23:17:41.603+0000] {logging_mixin.py:150} INFO - [2025-09-12T23:17:41.602+0000] {dagbag.py:541} INFO - Filling up the DagBag from /opt/airflow/dags/generator_dag.py
[2025-09-12T23:17:41.641+0000] {logging_mixin.py:150} INFO - [2025-09-12T23:17:41.632+0000] {dagbag.py:350} ERROR - Failed to import: /opt/airflow/dags/generator_dag.py
Traceback (most recent call last):
  File "/home/airflow/.local/lib/python3.7/site-packages/airflow/models/dagbag.py", line 346, in parse
    loader.exec_module(new_module)
  File "<frozen importlib._bootstrap_external>", line 728, in exec_module
  File "<frozen importlib._bootstrap>", line 219, in _call_with_frames_removed
  File "/opt/airflow/dags/generator_dag.py", line 6, in <module>
    from generator import produce_batch, KAFKA_BROKER
  File "/opt/airflow/dags/generator.py", line 8, in <module>
    from faker import Faker
ModuleNotFoundError: No module named 'faker'
[2025-09-12T23:17:41.644+0000] {processor.py:838} WARNING - No viable dags retrieved from /opt/airflow/dags/generator_dag.py
[2025-09-12T23:17:41.702+0000] {processor.py:179} INFO - Processing /opt/airflow/dags/generator_dag.py took 0.113 seconds
[2025-09-12T23:18:11.915+0000] {processor.py:157} INFO - Started process (PID=209) to work on /opt/airflow/dags/generator_dag.py
[2025-09-12T23:18:11.932+0000] {processor.py:826} INFO - Processing file /opt/airflow/dags/generator_dag.py for tasks to queue
[2025-09-12T23:18:11.940+0000] {logging_mixin.py:150} INFO - [2025-09-12T23:18:11.939+0000] {dagbag.py:541} INFO - Filling up the DagBag from /opt/airflow/dags/generator_dag.py
[2025-09-12T23:18:12.007+0000] {logging_mixin.py:150} INFO - [2025-09-12T23:18:11.996+0000] {dagbag.py:350} ERROR - Failed to import: /opt/airflow/dags/generator_dag.py
Traceback (most recent call last):
  File "/home/airflow/.local/lib/python3.7/site-packages/airflow/models/dagbag.py", line 346, in parse
    loader.exec_module(new_module)
  File "<frozen importlib._bootstrap_external>", line 728, in exec_module
  File "<frozen importlib._bootstrap>", line 219, in _call_with_frames_removed
  File "/opt/airflow/dags/generator_dag.py", line 6, in <module>
    from generator import produce_batch, KAFKA_BROKER
  File "/opt/airflow/dags/generator.py", line 8, in <module>
    from faker import Faker
ModuleNotFoundError: No module named 'faker'
[2025-09-12T23:18:12.011+0000] {processor.py:838} WARNING - No viable dags retrieved from /opt/airflow/dags/generator_dag.py
[2025-09-12T23:18:12.152+0000] {processor.py:179} INFO - Processing /opt/airflow/dags/generator_dag.py took 0.245 seconds
[2025-09-12T23:18:42.457+0000] {processor.py:157} INFO - Started process (PID=247) to work on /opt/airflow/dags/generator_dag.py
[2025-09-12T23:18:42.459+0000] {processor.py:826} INFO - Processing file /opt/airflow/dags/generator_dag.py for tasks to queue
[2025-09-12T23:18:42.460+0000] {logging_mixin.py:150} INFO - [2025-09-12T23:18:42.460+0000] {dagbag.py:541} INFO - Filling up the DagBag from /opt/airflow/dags/generator_dag.py
[2025-09-12T23:18:42.490+0000] {logging_mixin.py:150} INFO - [2025-09-12T23:18:42.483+0000] {dagbag.py:350} ERROR - Failed to import: /opt/airflow/dags/generator_dag.py
Traceback (most recent call last):
  File "/home/airflow/.local/lib/python3.7/site-packages/airflow/models/dagbag.py", line 346, in parse
    loader.exec_module(new_module)
  File "<frozen importlib._bootstrap_external>", line 728, in exec_module
  File "<frozen importlib._bootstrap>", line 219, in _call_with_frames_removed
  File "/opt/airflow/dags/generator_dag.py", line 6, in <module>
    from generator import produce_batch, KAFKA_BROKER
  File "/opt/airflow/dags/generator.py", line 8, in <module>
    from faker import Faker
ModuleNotFoundError: No module named 'faker'
[2025-09-12T23:18:42.494+0000] {processor.py:838} WARNING - No viable dags retrieved from /opt/airflow/dags/generator_dag.py
[2025-09-12T23:18:42.532+0000] {processor.py:179} INFO - Processing /opt/airflow/dags/generator_dag.py took 0.080 seconds
[2025-09-12T23:19:12.942+0000] {processor.py:157} INFO - Started process (PID=288) to work on /opt/airflow/dags/generator_dag.py
[2025-09-12T23:19:12.943+0000] {processor.py:826} INFO - Processing file /opt/airflow/dags/generator_dag.py for tasks to queue
[2025-09-12T23:19:12.945+0000] {logging_mixin.py:150} INFO - [2025-09-12T23:19:12.944+0000] {dagbag.py:541} INFO - Filling up the DagBag from /opt/airflow/dags/generator_dag.py
[2025-09-12T23:19:12.979+0000] {logging_mixin.py:150} INFO - [2025-09-12T23:19:12.968+0000] {dagbag.py:350} ERROR - Failed to import: /opt/airflow/dags/generator_dag.py
Traceback (most recent call last):
  File "/home/airflow/.local/lib/python3.7/site-packages/airflow/models/dagbag.py", line 346, in parse
    loader.exec_module(new_module)
  File "<frozen importlib._bootstrap_external>", line 728, in exec_module
  File "<frozen importlib._bootstrap>", line 219, in _call_with_frames_removed
  File "/opt/airflow/dags/generator_dag.py", line 6, in <module>
    from generator import produce_batch, KAFKA_BROKER
  File "/opt/airflow/dags/generator.py", line 8, in <module>
    from faker import Faker
ModuleNotFoundError: No module named 'faker'
[2025-09-12T23:19:12.981+0000] {processor.py:838} WARNING - No viable dags retrieved from /opt/airflow/dags/generator_dag.py
[2025-09-12T23:19:13.075+0000] {processor.py:179} INFO - Processing /opt/airflow/dags/generator_dag.py took 0.138 seconds
[2025-09-12T23:19:43.506+0000] {processor.py:157} INFO - Started process (PID=329) to work on /opt/airflow/dags/generator_dag.py
[2025-09-12T23:19:43.508+0000] {processor.py:826} INFO - Processing file /opt/airflow/dags/generator_dag.py for tasks to queue
[2025-09-12T23:19:43.512+0000] {logging_mixin.py:150} INFO - [2025-09-12T23:19:43.511+0000] {dagbag.py:541} INFO - Filling up the DagBag from /opt/airflow/dags/generator_dag.py
[2025-09-12T23:19:43.556+0000] {logging_mixin.py:150} INFO - [2025-09-12T23:19:43.547+0000] {dagbag.py:350} ERROR - Failed to import: /opt/airflow/dags/generator_dag.py
Traceback (most recent call last):
  File "/home/airflow/.local/lib/python3.7/site-packages/airflow/models/dagbag.py", line 346, in parse
    loader.exec_module(new_module)
  File "<frozen importlib._bootstrap_external>", line 728, in exec_module
  File "<frozen importlib._bootstrap>", line 219, in _call_with_frames_removed
  File "/opt/airflow/dags/generator_dag.py", line 6, in <module>
    from generator import produce_batch, KAFKA_BROKER
  File "/opt/airflow/dags/generator.py", line 8, in <module>
    from faker import Faker
ModuleNotFoundError: No module named 'faker'
[2025-09-12T23:19:43.558+0000] {processor.py:838} WARNING - No viable dags retrieved from /opt/airflow/dags/generator_dag.py
[2025-09-12T23:19:43.618+0000] {processor.py:179} INFO - Processing /opt/airflow/dags/generator_dag.py took 0.117 seconds
[2025-09-12T23:20:14.300+0000] {processor.py:157} INFO - Started process (PID=370) to work on /opt/airflow/dags/generator_dag.py
[2025-09-12T23:20:14.303+0000] {processor.py:826} INFO - Processing file /opt/airflow/dags/generator_dag.py for tasks to queue
[2025-09-12T23:20:14.308+0000] {logging_mixin.py:150} INFO - [2025-09-12T23:20:14.306+0000] {dagbag.py:541} INFO - Filling up the DagBag from /opt/airflow/dags/generator_dag.py
[2025-09-12T23:20:14.418+0000] {logging_mixin.py:150} INFO - [2025-09-12T23:20:14.381+0000] {dagbag.py:350} ERROR - Failed to import: /opt/airflow/dags/generator_dag.py
Traceback (most recent call last):
  File "/home/airflow/.local/lib/python3.7/site-packages/airflow/models/dagbag.py", line 346, in parse
    loader.exec_module(new_module)
  File "<frozen importlib._bootstrap_external>", line 728, in exec_module
  File "<frozen importlib._bootstrap>", line 219, in _call_with_frames_removed
  File "/opt/airflow/dags/generator_dag.py", line 6, in <module>
    from generator import produce_batch, KAFKA_BROKER
  File "/opt/airflow/dags/generator.py", line 8, in <module>
    from faker import Faker
ModuleNotFoundError: No module named 'faker'
[2025-09-12T23:20:14.440+0000] {processor.py:838} WARNING - No viable dags retrieved from /opt/airflow/dags/generator_dag.py
[2025-09-12T23:20:14.587+0000] {processor.py:179} INFO - Processing /opt/airflow/dags/generator_dag.py took 0.300 seconds
[2025-09-12T23:20:46.426+0000] {processor.py:157} INFO - Started process (PID=411) to work on /opt/airflow/dags/generator_dag.py
[2025-09-12T23:20:46.434+0000] {processor.py:826} INFO - Processing file /opt/airflow/dags/generator_dag.py for tasks to queue
[2025-09-12T23:20:46.439+0000] {logging_mixin.py:150} INFO - [2025-09-12T23:20:46.438+0000] {dagbag.py:541} INFO - Filling up the DagBag from /opt/airflow/dags/generator_dag.py
[2025-09-12T23:20:46.532+0000] {logging_mixin.py:150} INFO - [2025-09-12T23:20:46.522+0000] {dagbag.py:350} ERROR - Failed to import: /opt/airflow/dags/generator_dag.py
Traceback (most recent call last):
  File "/home/airflow/.local/lib/python3.7/site-packages/airflow/models/dagbag.py", line 346, in parse
    loader.exec_module(new_module)
  File "<frozen importlib._bootstrap_external>", line 728, in exec_module
  File "<frozen importlib._bootstrap>", line 219, in _call_with_frames_removed
  File "/opt/airflow/dags/generator_dag.py", line 6, in <module>
    from generator import produce_batch, KAFKA_BROKER
  File "/opt/airflow/dags/generator.py", line 8, in <module>
    from faker import Faker
ModuleNotFoundError: No module named 'faker'
[2025-09-12T23:20:46.534+0000] {processor.py:838} WARNING - No viable dags retrieved from /opt/airflow/dags/generator_dag.py
[2025-09-12T23:20:46.622+0000] {processor.py:179} INFO - Processing /opt/airflow/dags/generator_dag.py took 0.425 seconds
[2025-09-12T23:21:16.905+0000] {processor.py:157} INFO - Started process (PID=452) to work on /opt/airflow/dags/generator_dag.py
[2025-09-12T23:21:16.906+0000] {processor.py:826} INFO - Processing file /opt/airflow/dags/generator_dag.py for tasks to queue
[2025-09-12T23:21:16.909+0000] {logging_mixin.py:150} INFO - [2025-09-12T23:21:16.908+0000] {dagbag.py:541} INFO - Filling up the DagBag from /opt/airflow/dags/generator_dag.py
[2025-09-12T23:21:16.959+0000] {logging_mixin.py:150} INFO - [2025-09-12T23:21:16.947+0000] {dagbag.py:350} ERROR - Failed to import: /opt/airflow/dags/generator_dag.py
Traceback (most recent call last):
  File "/home/airflow/.local/lib/python3.7/site-packages/airflow/models/dagbag.py", line 346, in parse
    loader.exec_module(new_module)
  File "<frozen importlib._bootstrap_external>", line 728, in exec_module
  File "<frozen importlib._bootstrap>", line 219, in _call_with_frames_removed
  File "/opt/airflow/dags/generator_dag.py", line 6, in <module>
    from generator import produce_batch, KAFKA_BROKER
  File "/opt/airflow/dags/generator.py", line 8, in <module>
    from faker import Faker
ModuleNotFoundError: No module named 'faker'
[2025-09-12T23:21:16.962+0000] {processor.py:838} WARNING - No viable dags retrieved from /opt/airflow/dags/generator_dag.py
[2025-09-12T23:21:17.019+0000] {processor.py:179} INFO - Processing /opt/airflow/dags/generator_dag.py took 0.120 seconds
[2025-09-12T23:21:47.264+0000] {processor.py:157} INFO - Started process (PID=493) to work on /opt/airflow/dags/generator_dag.py
[2025-09-12T23:21:47.266+0000] {processor.py:826} INFO - Processing file /opt/airflow/dags/generator_dag.py for tasks to queue
[2025-09-12T23:21:47.267+0000] {logging_mixin.py:150} INFO - [2025-09-12T23:21:47.267+0000] {dagbag.py:541} INFO - Filling up the DagBag from /opt/airflow/dags/generator_dag.py
[2025-09-12T23:21:47.309+0000] {logging_mixin.py:150} INFO - [2025-09-12T23:21:47.298+0000] {dagbag.py:350} ERROR - Failed to import: /opt/airflow/dags/generator_dag.py
Traceback (most recent call last):
  File "/home/airflow/.local/lib/python3.7/site-packages/airflow/models/dagbag.py", line 346, in parse
    loader.exec_module(new_module)
  File "<frozen importlib._bootstrap_external>", line 728, in exec_module
  File "<frozen importlib._bootstrap>", line 219, in _call_with_frames_removed
  File "/opt/airflow/dags/generator_dag.py", line 6, in <module>
    from generator import produce_batch, KAFKA_BROKER
  File "/opt/airflow/dags/generator.py", line 8, in <module>
    from faker import Faker
ModuleNotFoundError: No module named 'faker'
[2025-09-12T23:21:47.311+0000] {processor.py:838} WARNING - No viable dags retrieved from /opt/airflow/dags/generator_dag.py
[2025-09-12T23:21:47.346+0000] {processor.py:179} INFO - Processing /opt/airflow/dags/generator_dag.py took 0.090 seconds
[2025-09-12T23:22:17.668+0000] {processor.py:157} INFO - Started process (PID=534) to work on /opt/airflow/dags/generator_dag.py
[2025-09-12T23:22:17.673+0000] {processor.py:826} INFO - Processing file /opt/airflow/dags/generator_dag.py for tasks to queue
[2025-09-12T23:22:17.676+0000] {logging_mixin.py:150} INFO - [2025-09-12T23:22:17.675+0000] {dagbag.py:541} INFO - Filling up the DagBag from /opt/airflow/dags/generator_dag.py
[2025-09-12T23:22:17.734+0000] {logging_mixin.py:150} INFO - [2025-09-12T23:22:17.721+0000] {dagbag.py:350} ERROR - Failed to import: /opt/airflow/dags/generator_dag.py
Traceback (most recent call last):
  File "/home/airflow/.local/lib/python3.7/site-packages/airflow/models/dagbag.py", line 346, in parse
    loader.exec_module(new_module)
  File "<frozen importlib._bootstrap_external>", line 728, in exec_module
  File "<frozen importlib._bootstrap>", line 219, in _call_with_frames_removed
  File "/opt/airflow/dags/generator_dag.py", line 6, in <module>
    from generator import produce_batch, KAFKA_BROKER
  File "/opt/airflow/dags/generator.py", line 8, in <module>
    from faker import Faker
ModuleNotFoundError: No module named 'faker'
[2025-09-12T23:22:17.738+0000] {processor.py:838} WARNING - No viable dags retrieved from /opt/airflow/dags/generator_dag.py
[2025-09-12T23:22:17.803+0000] {processor.py:179} INFO - Processing /opt/airflow/dags/generator_dag.py took 0.147 seconds
[2025-09-12T23:22:48.636+0000] {processor.py:157} INFO - Started process (PID=575) to work on /opt/airflow/dags/generator_dag.py
[2025-09-12T23:22:48.639+0000] {processor.py:826} INFO - Processing file /opt/airflow/dags/generator_dag.py for tasks to queue
[2025-09-12T23:22:48.641+0000] {logging_mixin.py:150} INFO - [2025-09-12T23:22:48.641+0000] {dagbag.py:541} INFO - Filling up the DagBag from /opt/airflow/dags/generator_dag.py
[2025-09-12T23:22:48.688+0000] {logging_mixin.py:150} INFO - [2025-09-12T23:22:48.680+0000] {dagbag.py:350} ERROR - Failed to import: /opt/airflow/dags/generator_dag.py
Traceback (most recent call last):
  File "/home/airflow/.local/lib/python3.7/site-packages/airflow/models/dagbag.py", line 346, in parse
    loader.exec_module(new_module)
  File "<frozen importlib._bootstrap_external>", line 728, in exec_module
  File "<frozen importlib._bootstrap>", line 219, in _call_with_frames_removed
  File "/opt/airflow/dags/generator_dag.py", line 6, in <module>
    from generator import produce_batch, KAFKA_BROKER
  File "/opt/airflow/dags/generator.py", line 8, in <module>
    from faker import Faker
ModuleNotFoundError: No module named 'faker'
[2025-09-12T23:22:48.691+0000] {processor.py:838} WARNING - No viable dags retrieved from /opt/airflow/dags/generator_dag.py
[2025-09-12T23:22:48.737+0000] {processor.py:179} INFO - Processing /opt/airflow/dags/generator_dag.py took 0.114 seconds
[2025-09-12T23:34:26.208+0000] {processor.py:157} INFO - Started process (PID=213) to work on /opt/airflow/dags/generator_dag.py
[2025-09-12T23:34:26.211+0000] {processor.py:826} INFO - Processing file /opt/airflow/dags/generator_dag.py for tasks to queue
[2025-09-12T23:34:26.213+0000] {logging_mixin.py:150} INFO - [2025-09-12T23:34:26.212+0000] {dagbag.py:541} INFO - Filling up the DagBag from /opt/airflow/dags/generator_dag.py
[2025-09-12T23:34:28.794+0000] {processor.py:836} INFO - DAG(s) dict_keys(['generate_events_minutely']) retrieved from /opt/airflow/dags/generator_dag.py
[2025-09-12T23:34:29.231+0000] {logging_mixin.py:150} INFO - [2025-09-12T23:34:29.230+0000] {manager.py:504} INFO - Created Permission View: can delete on DAG:generate_events_minutely
[2025-09-12T23:34:29.262+0000] {logging_mixin.py:150} INFO - [2025-09-12T23:34:29.261+0000] {manager.py:504} INFO - Created Permission View: can edit on DAG:generate_events_minutely
[2025-09-12T23:34:29.283+0000] {logging_mixin.py:150} INFO - [2025-09-12T23:34:29.283+0000] {manager.py:504} INFO - Created Permission View: can read on DAG:generate_events_minutely
[2025-09-12T23:34:29.326+0000] {logging_mixin.py:150} INFO - [2025-09-12T23:34:29.326+0000] {dag.py:2742} INFO - Sync 1 DAGs
[2025-09-12T23:34:29.365+0000] {logging_mixin.py:150} INFO - [2025-09-12T23:34:29.364+0000] {dag.py:2763} INFO - Creating ORM DAG for generate_events_minutely
[2025-09-12T23:34:29.396+0000] {logging_mixin.py:150} INFO - [2025-09-12T23:34:29.396+0000] {dag.py:3508} INFO - Setting next_dagrun for generate_events_minutely to 2025-09-12T23:33:29.395281+00:00, run_after=2025-09-12T23:34:29.395281+00:00
[2025-09-12T23:34:29.465+0000] {processor.py:179} INFO - Processing /opt/airflow/dags/generator_dag.py took 3.262 seconds
[2025-09-12T23:34:59.635+0000] {processor.py:157} INFO - Started process (PID=254) to work on /opt/airflow/dags/generator_dag.py
[2025-09-12T23:34:59.637+0000] {processor.py:826} INFO - Processing file /opt/airflow/dags/generator_dag.py for tasks to queue
[2025-09-12T23:34:59.654+0000] {logging_mixin.py:150} INFO - [2025-09-12T23:34:59.653+0000] {dagbag.py:541} INFO - Filling up the DagBag from /opt/airflow/dags/generator_dag.py
[2025-09-12T23:35:00.109+0000] {processor.py:836} INFO - DAG(s) dict_keys(['generate_events_minutely']) retrieved from /opt/airflow/dags/generator_dag.py
[2025-09-12T23:35:00.178+0000] {logging_mixin.py:150} INFO - [2025-09-12T23:35:00.178+0000] {dag.py:2742} INFO - Sync 1 DAGs
[2025-09-12T23:35:00.277+0000] {logging_mixin.py:150} INFO - [2025-09-12T23:35:00.276+0000] {dag.py:3508} INFO - Setting next_dagrun for generate_events_minutely to 2025-09-12T23:34:00.274066+00:00, run_after=2025-09-12T23:35:00.274066+00:00
[2025-09-12T23:35:00.336+0000] {processor.py:179} INFO - Processing /opt/airflow/dags/generator_dag.py took 0.709 seconds
[2025-09-12T23:35:35.559+0000] {processor.py:157} INFO - Started process (PID=288) to work on /opt/airflow/dags/generator_dag.py
[2025-09-12T23:35:35.560+0000] {processor.py:826} INFO - Processing file /opt/airflow/dags/generator_dag.py for tasks to queue
[2025-09-12T23:35:35.562+0000] {logging_mixin.py:150} INFO - [2025-09-12T23:35:35.561+0000] {dagbag.py:541} INFO - Filling up the DagBag from /opt/airflow/dags/generator_dag.py
[2025-09-12T23:35:36.295+0000] {processor.py:836} INFO - DAG(s) dict_keys(['generate_events_minutely']) retrieved from /opt/airflow/dags/generator_dag.py
[2025-09-12T23:35:36.375+0000] {logging_mixin.py:150} INFO - [2025-09-12T23:35:36.375+0000] {dag.py:2742} INFO - Sync 1 DAGs
[2025-09-12T23:35:36.446+0000] {logging_mixin.py:150} INFO - [2025-09-12T23:35:36.445+0000] {dag.py:3508} INFO - Setting next_dagrun for generate_events_minutely to 2025-09-12T23:34:36.445545+00:00, run_after=2025-09-12T23:35:36.445545+00:00
[2025-09-12T23:35:36.490+0000] {processor.py:179} INFO - Processing /opt/airflow/dags/generator_dag.py took 0.935 seconds
[2025-09-12T23:36:20.144+0000] {processor.py:157} INFO - Started process (PID=378) to work on /opt/airflow/dags/generator_dag.py
[2025-09-12T23:36:20.152+0000] {processor.py:826} INFO - Processing file /opt/airflow/dags/generator_dag.py for tasks to queue
[2025-09-12T23:36:20.186+0000] {logging_mixin.py:150} INFO - [2025-09-12T23:36:20.163+0000] {dagbag.py:541} INFO - Filling up the DagBag from /opt/airflow/dags/generator_dag.py
[2025-09-12T23:36:22.741+0000] {processor.py:836} INFO - DAG(s) dict_keys(['generate_events_minutely']) retrieved from /opt/airflow/dags/generator_dag.py
[2025-09-12T23:36:22.801+0000] {logging_mixin.py:150} INFO - [2025-09-12T23:36:22.801+0000] {dag.py:2742} INFO - Sync 1 DAGs
[2025-09-12T23:36:22.873+0000] {processor.py:179} INFO - Processing /opt/airflow/dags/generator_dag.py took 2.820 seconds
[2025-09-12T23:36:53.292+0000] {processor.py:157} INFO - Started process (PID=434) to work on /opt/airflow/dags/generator_dag.py
[2025-09-12T23:36:53.294+0000] {processor.py:826} INFO - Processing file /opt/airflow/dags/generator_dag.py for tasks to queue
[2025-09-12T23:36:53.295+0000] {logging_mixin.py:150} INFO - [2025-09-12T23:36:53.295+0000] {dagbag.py:541} INFO - Filling up the DagBag from /opt/airflow/dags/generator_dag.py
[2025-09-12T23:36:53.754+0000] {processor.py:836} INFO - DAG(s) dict_keys(['generate_events_minutely']) retrieved from /opt/airflow/dags/generator_dag.py
[2025-09-12T23:36:53.813+0000] {logging_mixin.py:150} INFO - [2025-09-12T23:36:53.813+0000] {dag.py:2742} INFO - Sync 1 DAGs
[2025-09-12T23:36:53.896+0000] {processor.py:179} INFO - Processing /opt/airflow/dags/generator_dag.py took 0.608 seconds
[2025-09-12T23:37:24.257+0000] {processor.py:157} INFO - Started process (PID=475) to work on /opt/airflow/dags/generator_dag.py
[2025-09-12T23:37:24.290+0000] {processor.py:826} INFO - Processing file /opt/airflow/dags/generator_dag.py for tasks to queue
[2025-09-12T23:37:24.293+0000] {logging_mixin.py:150} INFO - [2025-09-12T23:37:24.292+0000] {dagbag.py:541} INFO - Filling up the DagBag from /opt/airflow/dags/generator_dag.py
[2025-09-12T23:37:24.760+0000] {processor.py:836} INFO - DAG(s) dict_keys(['generate_events_minutely']) retrieved from /opt/airflow/dags/generator_dag.py
[2025-09-12T23:37:24.820+0000] {logging_mixin.py:150} INFO - [2025-09-12T23:37:24.819+0000] {dag.py:2742} INFO - Sync 1 DAGs
[2025-09-12T23:37:24.894+0000] {processor.py:179} INFO - Processing /opt/airflow/dags/generator_dag.py took 0.642 seconds
[2025-09-12T23:37:54.973+0000] {processor.py:157} INFO - Started process (PID=518) to work on /opt/airflow/dags/generator_dag.py
[2025-09-12T23:37:54.974+0000] {processor.py:826} INFO - Processing file /opt/airflow/dags/generator_dag.py for tasks to queue
[2025-09-12T23:37:54.976+0000] {logging_mixin.py:150} INFO - [2025-09-12T23:37:54.975+0000] {dagbag.py:541} INFO - Filling up the DagBag from /opt/airflow/dags/generator_dag.py
[2025-09-12T23:37:55.354+0000] {processor.py:836} INFO - DAG(s) dict_keys(['generate_events_minutely']) retrieved from /opt/airflow/dags/generator_dag.py
[2025-09-12T23:37:55.401+0000] {logging_mixin.py:150} INFO - [2025-09-12T23:37:55.401+0000] {dag.py:2742} INFO - Sync 1 DAGs
[2025-09-12T23:37:55.456+0000] {processor.py:179} INFO - Processing /opt/airflow/dags/generator_dag.py took 0.487 seconds
[2025-09-12T23:38:25.834+0000] {processor.py:157} INFO - Started process (PID=548) to work on /opt/airflow/dags/generator_dag.py
[2025-09-12T23:38:25.835+0000] {processor.py:826} INFO - Processing file /opt/airflow/dags/generator_dag.py for tasks to queue
[2025-09-12T23:38:25.836+0000] {logging_mixin.py:150} INFO - [2025-09-12T23:38:25.836+0000] {dagbag.py:541} INFO - Filling up the DagBag from /opt/airflow/dags/generator_dag.py
[2025-09-12T23:38:26.232+0000] {processor.py:836} INFO - DAG(s) dict_keys(['generate_events_minutely']) retrieved from /opt/airflow/dags/generator_dag.py
[2025-09-12T23:38:26.295+0000] {logging_mixin.py:150} INFO - [2025-09-12T23:38:26.295+0000] {dag.py:2742} INFO - Sync 1 DAGs
[2025-09-12T23:38:26.356+0000] {processor.py:179} INFO - Processing /opt/airflow/dags/generator_dag.py took 0.527 seconds
[2025-09-12T23:38:57.104+0000] {processor.py:157} INFO - Started process (PID=586) to work on /opt/airflow/dags/generator_dag.py
[2025-09-12T23:38:57.105+0000] {processor.py:826} INFO - Processing file /opt/airflow/dags/generator_dag.py for tasks to queue
[2025-09-12T23:38:57.106+0000] {logging_mixin.py:150} INFO - [2025-09-12T23:38:57.106+0000] {dagbag.py:541} INFO - Filling up the DagBag from /opt/airflow/dags/generator_dag.py
[2025-09-12T23:38:57.557+0000] {processor.py:836} INFO - DAG(s) dict_keys(['generate_events_minutely']) retrieved from /opt/airflow/dags/generator_dag.py
[2025-09-12T23:38:57.604+0000] {logging_mixin.py:150} INFO - [2025-09-12T23:38:57.604+0000] {dag.py:2742} INFO - Sync 1 DAGs
[2025-09-12T23:38:57.663+0000] {processor.py:179} INFO - Processing /opt/airflow/dags/generator_dag.py took 0.562 seconds
[2025-09-12T23:40:14.457+0000] {processor.py:157} INFO - Started process (PID=189) to work on /opt/airflow/dags/generator_dag.py
[2025-09-12T23:40:14.459+0000] {processor.py:826} INFO - Processing file /opt/airflow/dags/generator_dag.py for tasks to queue
[2025-09-12T23:40:14.461+0000] {logging_mixin.py:150} INFO - [2025-09-12T23:40:14.460+0000] {dagbag.py:541} INFO - Filling up the DagBag from /opt/airflow/dags/generator_dag.py
[2025-09-12T23:40:15.249+0000] {processor.py:836} INFO - DAG(s) dict_keys(['generate_events_minutely']) retrieved from /opt/airflow/dags/generator_dag.py
[2025-09-12T23:40:15.535+0000] {logging_mixin.py:150} INFO - [2025-09-12T23:40:15.535+0000] {dag.py:2742} INFO - Sync 1 DAGs
[2025-09-12T23:40:15.651+0000] {processor.py:179} INFO - Processing /opt/airflow/dags/generator_dag.py took 1.199 seconds
[2025-09-12T23:40:47.565+0000] {processor.py:157} INFO - Started process (PID=246) to work on /opt/airflow/dags/generator_dag.py
[2025-09-12T23:40:47.566+0000] {processor.py:826} INFO - Processing file /opt/airflow/dags/generator_dag.py for tasks to queue
[2025-09-12T23:40:47.567+0000] {logging_mixin.py:150} INFO - [2025-09-12T23:40:47.567+0000] {dagbag.py:541} INFO - Filling up the DagBag from /opt/airflow/dags/generator_dag.py
[2025-09-12T23:40:47.941+0000] {processor.py:836} INFO - DAG(s) dict_keys(['generate_events_minutely']) retrieved from /opt/airflow/dags/generator_dag.py
[2025-09-12T23:40:47.990+0000] {logging_mixin.py:150} INFO - [2025-09-12T23:40:47.990+0000] {dag.py:2742} INFO - Sync 1 DAGs
[2025-09-12T23:40:48.049+0000] {processor.py:179} INFO - Processing /opt/airflow/dags/generator_dag.py took 0.488 seconds
[2025-09-12T23:41:21.068+0000] {processor.py:157} INFO - Started process (PID=282) to work on /opt/airflow/dags/generator_dag.py
[2025-09-12T23:41:21.073+0000] {processor.py:826} INFO - Processing file /opt/airflow/dags/generator_dag.py for tasks to queue
[2025-09-12T23:41:21.076+0000] {logging_mixin.py:150} INFO - [2025-09-12T23:41:21.075+0000] {dagbag.py:541} INFO - Filling up the DagBag from /opt/airflow/dags/generator_dag.py
[2025-09-12T23:41:21.724+0000] {processor.py:836} INFO - DAG(s) dict_keys(['generate_events_minutely']) retrieved from /opt/airflow/dags/generator_dag.py
[2025-09-12T23:41:21.799+0000] {logging_mixin.py:150} INFO - [2025-09-12T23:41:21.799+0000] {dag.py:2742} INFO - Sync 1 DAGs
[2025-09-12T23:41:21.877+0000] {processor.py:179} INFO - Processing /opt/airflow/dags/generator_dag.py took 0.816 seconds
[2025-09-12T23:41:52.674+0000] {processor.py:157} INFO - Started process (PID=365) to work on /opt/airflow/dags/generator_dag.py
[2025-09-12T23:41:52.676+0000] {processor.py:826} INFO - Processing file /opt/airflow/dags/generator_dag.py for tasks to queue
[2025-09-12T23:41:52.678+0000] {logging_mixin.py:150} INFO - [2025-09-12T23:41:52.678+0000] {dagbag.py:541} INFO - Filling up the DagBag from /opt/airflow/dags/generator_dag.py
[2025-09-12T23:41:53.682+0000] {processor.py:836} INFO - DAG(s) dict_keys(['generate_events_minutely']) retrieved from /opt/airflow/dags/generator_dag.py
[2025-09-12T23:41:53.799+0000] {logging_mixin.py:150} INFO - [2025-09-12T23:41:53.798+0000] {dag.py:2742} INFO - Sync 1 DAGs
[2025-09-12T23:41:53.883+0000] {processor.py:179} INFO - Processing /opt/airflow/dags/generator_dag.py took 1.217 seconds
[2025-09-12T23:42:24.089+0000] {processor.py:157} INFO - Started process (PID=413) to work on /opt/airflow/dags/generator_dag.py
[2025-09-12T23:42:24.091+0000] {processor.py:826} INFO - Processing file /opt/airflow/dags/generator_dag.py for tasks to queue
[2025-09-12T23:42:24.092+0000] {logging_mixin.py:150} INFO - [2025-09-12T23:42:24.092+0000] {dagbag.py:541} INFO - Filling up the DagBag from /opt/airflow/dags/generator_dag.py
[2025-09-12T23:42:24.497+0000] {processor.py:836} INFO - DAG(s) dict_keys(['generate_events_minutely']) retrieved from /opt/airflow/dags/generator_dag.py
[2025-09-12T23:42:24.538+0000] {logging_mixin.py:150} INFO - [2025-09-12T23:42:24.538+0000] {dag.py:2742} INFO - Sync 1 DAGs
[2025-09-12T23:42:24.565+0000] {logging_mixin.py:150} INFO - [2025-09-12T23:42:24.565+0000] {dag.py:3508} INFO - Setting next_dagrun for generate_events_minutely to 2025-09-12T23:41:24.565491+00:00, run_after=2025-09-12T23:42:24.565491+00:00
[2025-09-12T23:42:24.592+0000] {processor.py:179} INFO - Processing /opt/airflow/dags/generator_dag.py took 0.507 seconds
[2025-09-12T23:42:55.034+0000] {processor.py:157} INFO - Started process (PID=452) to work on /opt/airflow/dags/generator_dag.py
[2025-09-12T23:42:55.035+0000] {processor.py:826} INFO - Processing file /opt/airflow/dags/generator_dag.py for tasks to queue
[2025-09-12T23:42:55.037+0000] {logging_mixin.py:150} INFO - [2025-09-12T23:42:55.036+0000] {dagbag.py:541} INFO - Filling up the DagBag from /opt/airflow/dags/generator_dag.py
[2025-09-12T23:42:55.424+0000] {processor.py:836} INFO - DAG(s) dict_keys(['generate_events_minutely']) retrieved from /opt/airflow/dags/generator_dag.py
[2025-09-12T23:42:55.478+0000] {logging_mixin.py:150} INFO - [2025-09-12T23:42:55.478+0000] {dag.py:2742} INFO - Sync 1 DAGs
[2025-09-12T23:42:55.510+0000] {logging_mixin.py:150} INFO - [2025-09-12T23:42:55.510+0000] {dag.py:3508} INFO - Setting next_dagrun for generate_events_minutely to 2025-09-12T23:41:55.510103+00:00, run_after=2025-09-12T23:42:55.510103+00:00
[2025-09-12T23:42:55.541+0000] {processor.py:179} INFO - Processing /opt/airflow/dags/generator_dag.py took 0.511 seconds
