[2025-09-12T22:49:09.037+0000] {processor.py:157} INFO - Started process (PID=195) to work on /opt/airflow/dags/init_dwh.py
[2025-09-12T22:49:09.039+0000] {processor.py:826} INFO - Processing file /opt/airflow/dags/init_dwh.py for tasks to queue
[2025-09-12T22:49:09.041+0000] {logging_mixin.py:150} INFO - [2025-09-12T22:49:09.041+0000] {dagbag.py:541} INFO - Filling up the DagBag from /opt/airflow/dags/init_dwh.py
[2025-09-12T22:49:09.076+0000] {logging_mixin.py:150} INFO - [2025-09-12T22:49:09.075+0000] {templater.py:77} ERROR - Failed to resolve template field 'sql'
Traceback (most recent call last):
  File "/home/airflow/.local/lib/python3.7/site-packages/airflow/template/templater.py", line 75, in resolve_template_files
    setattr(self, field, env.loader.get_source(env, content)[0])  # type: ignore
  File "/home/airflow/.local/lib/python3.7/site-packages/jinja2/loaders.py", line 218, in get_source
    raise TemplateNotFound(template)
jinja2.exceptions.TemplateNotFound: init_schema.sql
[2025-09-12T22:49:09.082+0000] {processor.py:836} INFO - DAG(s) dict_keys(['init_dwh']) retrieved from /opt/airflow/dags/init_dwh.py
[2025-09-12T22:49:09.149+0000] {logging_mixin.py:150} INFO - [2025-09-12T22:49:09.148+0000] {dag.py:2742} INFO - Sync 1 DAGs
[2025-09-12T22:49:09.200+0000] {logging_mixin.py:150} INFO - [2025-09-12T22:49:09.200+0000] {dag.py:3508} INFO - Setting next_dagrun for init_dwh to None, run_after=None
[2025-09-12T22:49:09.238+0000] {processor.py:179} INFO - Processing /opt/airflow/dags/init_dwh.py took 0.208 seconds
[2025-09-12T23:09:54.406+0000] {processor.py:157} INFO - Started process (PID=196) to work on /opt/airflow/dags/init_dwh.py
[2025-09-12T23:09:54.407+0000] {processor.py:826} INFO - Processing file /opt/airflow/dags/init_dwh.py for tasks to queue
[2025-09-12T23:09:54.409+0000] {logging_mixin.py:150} INFO - [2025-09-12T23:09:54.408+0000] {dagbag.py:541} INFO - Filling up the DagBag from /opt/airflow/dags/init_dwh.py
[2025-09-12T23:09:54.445+0000] {logging_mixin.py:150} INFO - [2025-09-12T23:09:54.440+0000] {templater.py:77} ERROR - Failed to resolve template field 'sql'
Traceback (most recent call last):
  File "/home/airflow/.local/lib/python3.7/site-packages/airflow/template/templater.py", line 75, in resolve_template_files
    setattr(self, field, env.loader.get_source(env, content)[0])  # type: ignore
  File "/home/airflow/.local/lib/python3.7/site-packages/jinja2/loaders.py", line 218, in get_source
    raise TemplateNotFound(template)
jinja2.exceptions.TemplateNotFound: init_schema.sql
[2025-09-12T23:09:54.451+0000] {processor.py:836} INFO - DAG(s) dict_keys(['init_dwh']) retrieved from /opt/airflow/dags/init_dwh.py
[2025-09-12T23:09:54.491+0000] {logging_mixin.py:150} INFO - [2025-09-12T23:09:54.490+0000] {dag.py:2742} INFO - Sync 1 DAGs
[2025-09-12T23:09:54.530+0000] {logging_mixin.py:150} INFO - [2025-09-12T23:09:54.529+0000] {dag.py:3508} INFO - Setting next_dagrun for init_dwh to None, run_after=None
[2025-09-12T23:09:54.592+0000] {processor.py:179} INFO - Processing /opt/airflow/dags/init_dwh.py took 0.192 seconds
[2025-09-12T23:10:25.431+0000] {processor.py:157} INFO - Started process (PID=235) to work on /opt/airflow/dags/init_dwh.py
[2025-09-12T23:10:25.432+0000] {processor.py:826} INFO - Processing file /opt/airflow/dags/init_dwh.py for tasks to queue
[2025-09-12T23:10:25.433+0000] {logging_mixin.py:150} INFO - [2025-09-12T23:10:25.433+0000] {dagbag.py:541} INFO - Filling up the DagBag from /opt/airflow/dags/init_dwh.py
[2025-09-12T23:10:25.451+0000] {logging_mixin.py:150} INFO - [2025-09-12T23:10:25.450+0000] {templater.py:77} ERROR - Failed to resolve template field 'sql'
Traceback (most recent call last):
  File "/home/airflow/.local/lib/python3.7/site-packages/airflow/template/templater.py", line 75, in resolve_template_files
    setattr(self, field, env.loader.get_source(env, content)[0])  # type: ignore
  File "/home/airflow/.local/lib/python3.7/site-packages/jinja2/loaders.py", line 218, in get_source
    raise TemplateNotFound(template)
jinja2.exceptions.TemplateNotFound: init_schema.sql
[2025-09-12T23:10:25.457+0000] {processor.py:836} INFO - DAG(s) dict_keys(['init_dwh']) retrieved from /opt/airflow/dags/init_dwh.py
[2025-09-12T23:10:25.495+0000] {logging_mixin.py:150} INFO - [2025-09-12T23:10:25.495+0000] {dag.py:2742} INFO - Sync 1 DAGs
[2025-09-12T23:10:25.528+0000] {logging_mixin.py:150} INFO - [2025-09-12T23:10:25.528+0000] {dag.py:3508} INFO - Setting next_dagrun for init_dwh to None, run_after=None
[2025-09-12T23:10:25.564+0000] {processor.py:179} INFO - Processing /opt/airflow/dags/init_dwh.py took 0.136 seconds
[2025-09-12T23:10:56.979+0000] {processor.py:157} INFO - Started process (PID=278) to work on /opt/airflow/dags/init_dwh.py
[2025-09-12T23:10:56.980+0000] {processor.py:826} INFO - Processing file /opt/airflow/dags/init_dwh.py for tasks to queue
[2025-09-12T23:10:56.981+0000] {logging_mixin.py:150} INFO - [2025-09-12T23:10:56.981+0000] {dagbag.py:541} INFO - Filling up the DagBag from /opt/airflow/dags/init_dwh.py
[2025-09-12T23:10:57.001+0000] {logging_mixin.py:150} INFO - [2025-09-12T23:10:57.000+0000] {templater.py:77} ERROR - Failed to resolve template field 'sql'
Traceback (most recent call last):
  File "/home/airflow/.local/lib/python3.7/site-packages/airflow/template/templater.py", line 75, in resolve_template_files
    setattr(self, field, env.loader.get_source(env, content)[0])  # type: ignore
  File "/home/airflow/.local/lib/python3.7/site-packages/jinja2/loaders.py", line 218, in get_source
    raise TemplateNotFound(template)
jinja2.exceptions.TemplateNotFound: init_schema.sql
[2025-09-12T23:10:57.004+0000] {processor.py:836} INFO - DAG(s) dict_keys(['init_dwh']) retrieved from /opt/airflow/dags/init_dwh.py
[2025-09-12T23:10:57.044+0000] {logging_mixin.py:150} INFO - [2025-09-12T23:10:57.044+0000] {dag.py:2742} INFO - Sync 1 DAGs
[2025-09-12T23:10:57.086+0000] {logging_mixin.py:150} INFO - [2025-09-12T23:10:57.085+0000] {dag.py:3508} INFO - Setting next_dagrun for init_dwh to None, run_after=None
[2025-09-12T23:10:57.116+0000] {processor.py:179} INFO - Processing /opt/airflow/dags/init_dwh.py took 0.141 seconds
[2025-09-12T23:11:28.640+0000] {processor.py:157} INFO - Started process (PID=319) to work on /opt/airflow/dags/init_dwh.py
[2025-09-12T23:11:28.641+0000] {processor.py:826} INFO - Processing file /opt/airflow/dags/init_dwh.py for tasks to queue
[2025-09-12T23:11:28.642+0000] {logging_mixin.py:150} INFO - [2025-09-12T23:11:28.642+0000] {dagbag.py:541} INFO - Filling up the DagBag from /opt/airflow/dags/init_dwh.py
[2025-09-12T23:11:28.662+0000] {logging_mixin.py:150} INFO - [2025-09-12T23:11:28.661+0000] {templater.py:77} ERROR - Failed to resolve template field 'sql'
Traceback (most recent call last):
  File "/home/airflow/.local/lib/python3.7/site-packages/airflow/template/templater.py", line 75, in resolve_template_files
    setattr(self, field, env.loader.get_source(env, content)[0])  # type: ignore
  File "/home/airflow/.local/lib/python3.7/site-packages/jinja2/loaders.py", line 218, in get_source
    raise TemplateNotFound(template)
jinja2.exceptions.TemplateNotFound: init_schema.sql
[2025-09-12T23:11:28.665+0000] {processor.py:836} INFO - DAG(s) dict_keys(['init_dwh']) retrieved from /opt/airflow/dags/init_dwh.py
[2025-09-12T23:11:28.700+0000] {logging_mixin.py:150} INFO - [2025-09-12T23:11:28.700+0000] {dag.py:2742} INFO - Sync 1 DAGs
[2025-09-12T23:11:28.732+0000] {logging_mixin.py:150} INFO - [2025-09-12T23:11:28.731+0000] {dag.py:3508} INFO - Setting next_dagrun for init_dwh to None, run_after=None
[2025-09-12T23:11:28.762+0000] {processor.py:179} INFO - Processing /opt/airflow/dags/init_dwh.py took 0.127 seconds
[2025-09-12T23:12:00.069+0000] {processor.py:157} INFO - Started process (PID=358) to work on /opt/airflow/dags/init_dwh.py
[2025-09-12T23:12:00.070+0000] {processor.py:826} INFO - Processing file /opt/airflow/dags/init_dwh.py for tasks to queue
[2025-09-12T23:12:00.071+0000] {logging_mixin.py:150} INFO - [2025-09-12T23:12:00.071+0000] {dagbag.py:541} INFO - Filling up the DagBag from /opt/airflow/dags/init_dwh.py
[2025-09-12T23:12:00.091+0000] {logging_mixin.py:150} INFO - [2025-09-12T23:12:00.090+0000] {templater.py:77} ERROR - Failed to resolve template field 'sql'
Traceback (most recent call last):
  File "/home/airflow/.local/lib/python3.7/site-packages/airflow/template/templater.py", line 75, in resolve_template_files
    setattr(self, field, env.loader.get_source(env, content)[0])  # type: ignore
  File "/home/airflow/.local/lib/python3.7/site-packages/jinja2/loaders.py", line 218, in get_source
    raise TemplateNotFound(template)
jinja2.exceptions.TemplateNotFound: init_schema.sql
[2025-09-12T23:12:00.094+0000] {processor.py:836} INFO - DAG(s) dict_keys(['init_dwh']) retrieved from /opt/airflow/dags/init_dwh.py
[2025-09-12T23:12:00.129+0000] {logging_mixin.py:150} INFO - [2025-09-12T23:12:00.129+0000] {dag.py:2742} INFO - Sync 1 DAGs
[2025-09-12T23:12:00.162+0000] {logging_mixin.py:150} INFO - [2025-09-12T23:12:00.161+0000] {dag.py:3508} INFO - Setting next_dagrun for init_dwh to None, run_after=None
[2025-09-12T23:12:00.189+0000] {processor.py:179} INFO - Processing /opt/airflow/dags/init_dwh.py took 0.123 seconds
[2025-09-12T23:12:31.563+0000] {processor.py:157} INFO - Started process (PID=401) to work on /opt/airflow/dags/init_dwh.py
[2025-09-12T23:12:31.564+0000] {processor.py:826} INFO - Processing file /opt/airflow/dags/init_dwh.py for tasks to queue
[2025-09-12T23:12:31.565+0000] {logging_mixin.py:150} INFO - [2025-09-12T23:12:31.565+0000] {dagbag.py:541} INFO - Filling up the DagBag from /opt/airflow/dags/init_dwh.py
[2025-09-12T23:12:31.584+0000] {logging_mixin.py:150} INFO - [2025-09-12T23:12:31.583+0000] {templater.py:77} ERROR - Failed to resolve template field 'sql'
Traceback (most recent call last):
  File "/home/airflow/.local/lib/python3.7/site-packages/airflow/template/templater.py", line 75, in resolve_template_files
    setattr(self, field, env.loader.get_source(env, content)[0])  # type: ignore
  File "/home/airflow/.local/lib/python3.7/site-packages/jinja2/loaders.py", line 218, in get_source
    raise TemplateNotFound(template)
jinja2.exceptions.TemplateNotFound: init_schema.sql
[2025-09-12T23:12:31.587+0000] {processor.py:836} INFO - DAG(s) dict_keys(['init_dwh']) retrieved from /opt/airflow/dags/init_dwh.py
[2025-09-12T23:12:31.621+0000] {logging_mixin.py:150} INFO - [2025-09-12T23:12:31.621+0000] {dag.py:2742} INFO - Sync 1 DAGs
[2025-09-12T23:12:31.657+0000] {logging_mixin.py:150} INFO - [2025-09-12T23:12:31.656+0000] {dag.py:3508} INFO - Setting next_dagrun for init_dwh to None, run_after=None
[2025-09-12T23:12:31.803+0000] {processor.py:179} INFO - Processing /opt/airflow/dags/init_dwh.py took 0.244 seconds
[2025-09-12T23:13:03.300+0000] {processor.py:157} INFO - Started process (PID=440) to work on /opt/airflow/dags/init_dwh.py
[2025-09-12T23:13:03.302+0000] {processor.py:826} INFO - Processing file /opt/airflow/dags/init_dwh.py for tasks to queue
[2025-09-12T23:13:03.304+0000] {logging_mixin.py:150} INFO - [2025-09-12T23:13:03.303+0000] {dagbag.py:541} INFO - Filling up the DagBag from /opt/airflow/dags/init_dwh.py
[2025-09-12T23:13:03.326+0000] {logging_mixin.py:150} INFO - [2025-09-12T23:13:03.325+0000] {templater.py:77} ERROR - Failed to resolve template field 'sql'
Traceback (most recent call last):
  File "/home/airflow/.local/lib/python3.7/site-packages/airflow/template/templater.py", line 75, in resolve_template_files
    setattr(self, field, env.loader.get_source(env, content)[0])  # type: ignore
  File "/home/airflow/.local/lib/python3.7/site-packages/jinja2/loaders.py", line 218, in get_source
    raise TemplateNotFound(template)
jinja2.exceptions.TemplateNotFound: init_schema.sql
[2025-09-12T23:13:03.329+0000] {processor.py:836} INFO - DAG(s) dict_keys(['init_dwh']) retrieved from /opt/airflow/dags/init_dwh.py
[2025-09-12T23:13:03.365+0000] {logging_mixin.py:150} INFO - [2025-09-12T23:13:03.364+0000] {dag.py:2742} INFO - Sync 1 DAGs
[2025-09-12T23:13:03.567+0000] {logging_mixin.py:150} INFO - [2025-09-12T23:13:03.567+0000] {dag.py:3508} INFO - Setting next_dagrun for init_dwh to None, run_after=None
[2025-09-12T23:13:03.600+0000] {processor.py:179} INFO - Processing /opt/airflow/dags/init_dwh.py took 0.306 seconds
[2025-09-12T23:13:34.855+0000] {processor.py:157} INFO - Started process (PID=481) to work on /opt/airflow/dags/init_dwh.py
[2025-09-12T23:13:34.856+0000] {processor.py:826} INFO - Processing file /opt/airflow/dags/init_dwh.py for tasks to queue
[2025-09-12T23:13:34.857+0000] {logging_mixin.py:150} INFO - [2025-09-12T23:13:34.857+0000] {dagbag.py:541} INFO - Filling up the DagBag from /opt/airflow/dags/init_dwh.py
[2025-09-12T23:13:34.879+0000] {logging_mixin.py:150} INFO - [2025-09-12T23:13:34.878+0000] {templater.py:77} ERROR - Failed to resolve template field 'sql'
Traceback (most recent call last):
  File "/home/airflow/.local/lib/python3.7/site-packages/airflow/template/templater.py", line 75, in resolve_template_files
    setattr(self, field, env.loader.get_source(env, content)[0])  # type: ignore
  File "/home/airflow/.local/lib/python3.7/site-packages/jinja2/loaders.py", line 218, in get_source
    raise TemplateNotFound(template)
jinja2.exceptions.TemplateNotFound: init_schema.sql
[2025-09-12T23:13:34.882+0000] {processor.py:836} INFO - DAG(s) dict_keys(['init_dwh']) retrieved from /opt/airflow/dags/init_dwh.py
[2025-09-12T23:13:35.030+0000] {logging_mixin.py:150} INFO - [2025-09-12T23:13:35.030+0000] {dag.py:2742} INFO - Sync 1 DAGs
[2025-09-12T23:13:35.066+0000] {logging_mixin.py:150} INFO - [2025-09-12T23:13:35.066+0000] {dag.py:3508} INFO - Setting next_dagrun for init_dwh to None, run_after=None
[2025-09-12T23:13:35.093+0000] {processor.py:179} INFO - Processing /opt/airflow/dags/init_dwh.py took 0.242 seconds
[2025-09-12T23:14:07.120+0000] {processor.py:157} INFO - Started process (PID=524) to work on /opt/airflow/dags/init_dwh.py
[2025-09-12T23:14:07.121+0000] {processor.py:826} INFO - Processing file /opt/airflow/dags/init_dwh.py for tasks to queue
[2025-09-12T23:14:07.122+0000] {logging_mixin.py:150} INFO - [2025-09-12T23:14:07.122+0000] {dagbag.py:541} INFO - Filling up the DagBag from /opt/airflow/dags/init_dwh.py
[2025-09-12T23:14:07.143+0000] {logging_mixin.py:150} INFO - [2025-09-12T23:14:07.142+0000] {templater.py:77} ERROR - Failed to resolve template field 'sql'
Traceback (most recent call last):
  File "/home/airflow/.local/lib/python3.7/site-packages/airflow/template/templater.py", line 75, in resolve_template_files
    setattr(self, field, env.loader.get_source(env, content)[0])  # type: ignore
  File "/home/airflow/.local/lib/python3.7/site-packages/jinja2/loaders.py", line 218, in get_source
    raise TemplateNotFound(template)
jinja2.exceptions.TemplateNotFound: init_schema.sql
[2025-09-12T23:14:07.148+0000] {processor.py:836} INFO - DAG(s) dict_keys(['init_dwh']) retrieved from /opt/airflow/dags/init_dwh.py
[2025-09-12T23:14:07.320+0000] {logging_mixin.py:150} INFO - [2025-09-12T23:14:07.319+0000] {dag.py:2742} INFO - Sync 1 DAGs
[2025-09-12T23:14:07.356+0000] {logging_mixin.py:150} INFO - [2025-09-12T23:14:07.356+0000] {dag.py:3508} INFO - Setting next_dagrun for init_dwh to None, run_after=None
[2025-09-12T23:14:07.400+0000] {processor.py:179} INFO - Processing /opt/airflow/dags/init_dwh.py took 0.285 seconds
[2025-09-12T23:14:38.565+0000] {processor.py:157} INFO - Started process (PID=571) to work on /opt/airflow/dags/init_dwh.py
[2025-09-12T23:14:38.566+0000] {processor.py:826} INFO - Processing file /opt/airflow/dags/init_dwh.py for tasks to queue
[2025-09-12T23:14:38.567+0000] {logging_mixin.py:150} INFO - [2025-09-12T23:14:38.567+0000] {dagbag.py:541} INFO - Filling up the DagBag from /opt/airflow/dags/init_dwh.py
[2025-09-12T23:14:38.590+0000] {logging_mixin.py:150} INFO - [2025-09-12T23:14:38.589+0000] {templater.py:77} ERROR - Failed to resolve template field 'sql'
Traceback (most recent call last):
  File "/home/airflow/.local/lib/python3.7/site-packages/airflow/template/templater.py", line 75, in resolve_template_files
    setattr(self, field, env.loader.get_source(env, content)[0])  # type: ignore
  File "/home/airflow/.local/lib/python3.7/site-packages/jinja2/loaders.py", line 218, in get_source
    raise TemplateNotFound(template)
jinja2.exceptions.TemplateNotFound: init_schema.sql
[2025-09-12T23:14:38.594+0000] {processor.py:836} INFO - DAG(s) dict_keys(['init_dwh']) retrieved from /opt/airflow/dags/init_dwh.py
[2025-09-12T23:14:38.637+0000] {logging_mixin.py:150} INFO - [2025-09-12T23:14:38.637+0000] {dag.py:2742} INFO - Sync 1 DAGs
[2025-09-12T23:14:38.684+0000] {logging_mixin.py:150} INFO - [2025-09-12T23:14:38.684+0000] {dag.py:3508} INFO - Setting next_dagrun for init_dwh to None, run_after=None
[2025-09-12T23:14:38.714+0000] {processor.py:179} INFO - Processing /opt/airflow/dags/init_dwh.py took 0.154 seconds
[2025-09-12T23:17:42.053+0000] {processor.py:157} INFO - Started process (PID=196) to work on /opt/airflow/dags/init_dwh.py
[2025-09-12T23:17:42.054+0000] {processor.py:826} INFO - Processing file /opt/airflow/dags/init_dwh.py for tasks to queue
[2025-09-12T23:17:42.056+0000] {logging_mixin.py:150} INFO - [2025-09-12T23:17:42.055+0000] {dagbag.py:541} INFO - Filling up the DagBag from /opt/airflow/dags/init_dwh.py
[2025-09-12T23:17:42.080+0000] {logging_mixin.py:150} INFO - [2025-09-12T23:17:42.078+0000] {templater.py:77} ERROR - Failed to resolve template field 'sql'
Traceback (most recent call last):
  File "/home/airflow/.local/lib/python3.7/site-packages/airflow/template/templater.py", line 75, in resolve_template_files
    setattr(self, field, env.loader.get_source(env, content)[0])  # type: ignore
  File "/home/airflow/.local/lib/python3.7/site-packages/jinja2/loaders.py", line 218, in get_source
    raise TemplateNotFound(template)
jinja2.exceptions.TemplateNotFound: init_schema.sql
[2025-09-12T23:17:42.083+0000] {processor.py:836} INFO - DAG(s) dict_keys(['init_dwh']) retrieved from /opt/airflow/dags/init_dwh.py
[2025-09-12T23:17:42.134+0000] {logging_mixin.py:150} INFO - [2025-09-12T23:17:42.134+0000] {dag.py:2742} INFO - Sync 1 DAGs
[2025-09-12T23:17:42.188+0000] {logging_mixin.py:150} INFO - [2025-09-12T23:17:42.188+0000] {dag.py:3508} INFO - Setting next_dagrun for init_dwh to None, run_after=None
[2025-09-12T23:17:42.225+0000] {processor.py:179} INFO - Processing /opt/airflow/dags/init_dwh.py took 0.176 seconds
[2025-09-12T23:18:16.424+0000] {processor.py:157} INFO - Started process (PID=235) to work on /opt/airflow/dags/init_dwh.py
[2025-09-12T23:18:16.426+0000] {processor.py:826} INFO - Processing file /opt/airflow/dags/init_dwh.py for tasks to queue
[2025-09-12T23:18:16.428+0000] {logging_mixin.py:150} INFO - [2025-09-12T23:18:16.428+0000] {dagbag.py:541} INFO - Filling up the DagBag from /opt/airflow/dags/init_dwh.py
[2025-09-12T23:18:16.463+0000] {logging_mixin.py:150} INFO - [2025-09-12T23:18:16.461+0000] {templater.py:77} ERROR - Failed to resolve template field 'sql'
Traceback (most recent call last):
  File "/home/airflow/.local/lib/python3.7/site-packages/airflow/template/templater.py", line 75, in resolve_template_files
    setattr(self, field, env.loader.get_source(env, content)[0])  # type: ignore
  File "/home/airflow/.local/lib/python3.7/site-packages/jinja2/loaders.py", line 218, in get_source
    raise TemplateNotFound(template)
jinja2.exceptions.TemplateNotFound: init_schema.sql
[2025-09-12T23:18:16.467+0000] {processor.py:836} INFO - DAG(s) dict_keys(['init_dwh']) retrieved from /opt/airflow/dags/init_dwh.py
[2025-09-12T23:18:16.714+0000] {logging_mixin.py:150} INFO - [2025-09-12T23:18:16.713+0000] {dag.py:2742} INFO - Sync 1 DAGs
[2025-09-12T23:18:16.837+0000] {logging_mixin.py:150} INFO - [2025-09-12T23:18:16.837+0000] {dag.py:3508} INFO - Setting next_dagrun for init_dwh to None, run_after=None
[2025-09-12T23:18:16.883+0000] {processor.py:179} INFO - Processing /opt/airflow/dags/init_dwh.py took 0.469 seconds
[2025-09-12T23:18:47.683+0000] {processor.py:157} INFO - Started process (PID=275) to work on /opt/airflow/dags/init_dwh.py
[2025-09-12T23:18:47.686+0000] {processor.py:826} INFO - Processing file /opt/airflow/dags/init_dwh.py for tasks to queue
[2025-09-12T23:18:47.688+0000] {logging_mixin.py:150} INFO - [2025-09-12T23:18:47.688+0000] {dagbag.py:541} INFO - Filling up the DagBag from /opt/airflow/dags/init_dwh.py
[2025-09-12T23:18:47.730+0000] {logging_mixin.py:150} INFO - [2025-09-12T23:18:47.729+0000] {templater.py:77} ERROR - Failed to resolve template field 'sql'
Traceback (most recent call last):
  File "/home/airflow/.local/lib/python3.7/site-packages/airflow/template/templater.py", line 75, in resolve_template_files
    setattr(self, field, env.loader.get_source(env, content)[0])  # type: ignore
  File "/home/airflow/.local/lib/python3.7/site-packages/jinja2/loaders.py", line 218, in get_source
    raise TemplateNotFound(template)
jinja2.exceptions.TemplateNotFound: init_schema.sql
[2025-09-12T23:18:47.739+0000] {processor.py:836} INFO - DAG(s) dict_keys(['init_dwh']) retrieved from /opt/airflow/dags/init_dwh.py
[2025-09-12T23:18:47.785+0000] {logging_mixin.py:150} INFO - [2025-09-12T23:18:47.785+0000] {dag.py:2742} INFO - Sync 1 DAGs
[2025-09-12T23:18:47.817+0000] {logging_mixin.py:150} INFO - [2025-09-12T23:18:47.816+0000] {dag.py:3508} INFO - Setting next_dagrun for init_dwh to None, run_after=None
[2025-09-12T23:18:47.848+0000] {processor.py:179} INFO - Processing /opt/airflow/dags/init_dwh.py took 0.171 seconds
[2025-09-12T23:19:18.885+0000] {processor.py:157} INFO - Started process (PID=296) to work on /opt/airflow/dags/init_dwh.py
[2025-09-12T23:19:18.890+0000] {processor.py:826} INFO - Processing file /opt/airflow/dags/init_dwh.py for tasks to queue
[2025-09-12T23:19:18.900+0000] {logging_mixin.py:150} INFO - [2025-09-12T23:19:18.899+0000] {dagbag.py:541} INFO - Filling up the DagBag from /opt/airflow/dags/init_dwh.py
[2025-09-12T23:19:19.022+0000] {logging_mixin.py:150} INFO - [2025-09-12T23:19:19.018+0000] {templater.py:77} ERROR - Failed to resolve template field 'sql'
Traceback (most recent call last):
  File "/home/airflow/.local/lib/python3.7/site-packages/airflow/template/templater.py", line 75, in resolve_template_files
    setattr(self, field, env.loader.get_source(env, content)[0])  # type: ignore
  File "/home/airflow/.local/lib/python3.7/site-packages/jinja2/loaders.py", line 218, in get_source
    raise TemplateNotFound(template)
jinja2.exceptions.TemplateNotFound: init_schema.sql
[2025-09-12T23:19:19.038+0000] {processor.py:836} INFO - DAG(s) dict_keys(['init_dwh']) retrieved from /opt/airflow/dags/init_dwh.py
[2025-09-12T23:19:19.232+0000] {logging_mixin.py:150} INFO - [2025-09-12T23:19:19.231+0000] {dag.py:2742} INFO - Sync 1 DAGs
[2025-09-12T23:19:19.357+0000] {logging_mixin.py:150} INFO - [2025-09-12T23:19:19.356+0000] {dag.py:3508} INFO - Setting next_dagrun for init_dwh to None, run_after=None
[2025-09-12T23:19:19.492+0000] {processor.py:179} INFO - Processing /opt/airflow/dags/init_dwh.py took 0.614 seconds
[2025-09-12T23:19:49.592+0000] {processor.py:157} INFO - Started process (PID=334) to work on /opt/airflow/dags/init_dwh.py
[2025-09-12T23:19:49.595+0000] {processor.py:826} INFO - Processing file /opt/airflow/dags/init_dwh.py for tasks to queue
[2025-09-12T23:19:49.597+0000] {logging_mixin.py:150} INFO - [2025-09-12T23:19:49.597+0000] {dagbag.py:541} INFO - Filling up the DagBag from /opt/airflow/dags/init_dwh.py
[2025-09-12T23:19:49.632+0000] {logging_mixin.py:150} INFO - [2025-09-12T23:19:49.630+0000] {templater.py:77} ERROR - Failed to resolve template field 'sql'
Traceback (most recent call last):
  File "/home/airflow/.local/lib/python3.7/site-packages/airflow/template/templater.py", line 75, in resolve_template_files
    setattr(self, field, env.loader.get_source(env, content)[0])  # type: ignore
  File "/home/airflow/.local/lib/python3.7/site-packages/jinja2/loaders.py", line 218, in get_source
    raise TemplateNotFound(template)
jinja2.exceptions.TemplateNotFound: init_schema.sql
[2025-09-12T23:19:49.636+0000] {processor.py:836} INFO - DAG(s) dict_keys(['init_dwh']) retrieved from /opt/airflow/dags/init_dwh.py
[2025-09-12T23:19:49.704+0000] {logging_mixin.py:150} INFO - [2025-09-12T23:19:49.704+0000] {dag.py:2742} INFO - Sync 1 DAGs
[2025-09-12T23:19:49.751+0000] {logging_mixin.py:150} INFO - [2025-09-12T23:19:49.751+0000] {dag.py:3508} INFO - Setting next_dagrun for init_dwh to None, run_after=None
[2025-09-12T23:19:49.791+0000] {processor.py:179} INFO - Processing /opt/airflow/dags/init_dwh.py took 0.206 seconds
[2025-09-12T23:20:20.402+0000] {processor.py:157} INFO - Started process (PID=375) to work on /opt/airflow/dags/init_dwh.py
[2025-09-12T23:20:20.406+0000] {processor.py:826} INFO - Processing file /opt/airflow/dags/init_dwh.py for tasks to queue
[2025-09-12T23:20:20.409+0000] {logging_mixin.py:150} INFO - [2025-09-12T23:20:20.408+0000] {dagbag.py:541} INFO - Filling up the DagBag from /opt/airflow/dags/init_dwh.py
[2025-09-12T23:20:20.461+0000] {logging_mixin.py:150} INFO - [2025-09-12T23:20:20.459+0000] {templater.py:77} ERROR - Failed to resolve template field 'sql'
Traceback (most recent call last):
  File "/home/airflow/.local/lib/python3.7/site-packages/airflow/template/templater.py", line 75, in resolve_template_files
    setattr(self, field, env.loader.get_source(env, content)[0])  # type: ignore
  File "/home/airflow/.local/lib/python3.7/site-packages/jinja2/loaders.py", line 218, in get_source
    raise TemplateNotFound(template)
jinja2.exceptions.TemplateNotFound: init_schema.sql
[2025-09-12T23:20:20.472+0000] {processor.py:836} INFO - DAG(s) dict_keys(['init_dwh']) retrieved from /opt/airflow/dags/init_dwh.py
[2025-09-12T23:20:20.586+0000] {logging_mixin.py:150} INFO - [2025-09-12T23:20:20.585+0000] {dag.py:2742} INFO - Sync 1 DAGs
[2025-09-12T23:20:20.684+0000] {logging_mixin.py:150} INFO - [2025-09-12T23:20:20.683+0000] {dag.py:3508} INFO - Setting next_dagrun for init_dwh to None, run_after=None
[2025-09-12T23:20:20.747+0000] {processor.py:179} INFO - Processing /opt/airflow/dags/init_dwh.py took 0.355 seconds
[2025-09-12T23:20:51.377+0000] {processor.py:157} INFO - Started process (PID=416) to work on /opt/airflow/dags/init_dwh.py
[2025-09-12T23:20:51.381+0000] {processor.py:826} INFO - Processing file /opt/airflow/dags/init_dwh.py for tasks to queue
[2025-09-12T23:20:51.383+0000] {logging_mixin.py:150} INFO - [2025-09-12T23:20:51.382+0000] {dagbag.py:541} INFO - Filling up the DagBag from /opt/airflow/dags/init_dwh.py
[2025-09-12T23:20:51.465+0000] {logging_mixin.py:150} INFO - [2025-09-12T23:20:51.461+0000] {templater.py:77} ERROR - Failed to resolve template field 'sql'
Traceback (most recent call last):
  File "/home/airflow/.local/lib/python3.7/site-packages/airflow/template/templater.py", line 75, in resolve_template_files
    setattr(self, field, env.loader.get_source(env, content)[0])  # type: ignore
  File "/home/airflow/.local/lib/python3.7/site-packages/jinja2/loaders.py", line 218, in get_source
    raise TemplateNotFound(template)
jinja2.exceptions.TemplateNotFound: init_schema.sql
[2025-09-12T23:20:51.475+0000] {processor.py:836} INFO - DAG(s) dict_keys(['init_dwh']) retrieved from /opt/airflow/dags/init_dwh.py
[2025-09-12T23:20:51.755+0000] {logging_mixin.py:150} INFO - [2025-09-12T23:20:51.755+0000] {dag.py:2742} INFO - Sync 1 DAGs
[2025-09-12T23:20:51.843+0000] {logging_mixin.py:150} INFO - [2025-09-12T23:20:51.843+0000] {dag.py:3508} INFO - Setting next_dagrun for init_dwh to None, run_after=None
[2025-09-12T23:20:52.944+0000] {processor.py:179} INFO - Processing /opt/airflow/dags/init_dwh.py took 1.576 seconds
[2025-09-12T23:21:23.048+0000] {processor.py:157} INFO - Started process (PID=457) to work on /opt/airflow/dags/init_dwh.py
[2025-09-12T23:21:23.055+0000] {processor.py:826} INFO - Processing file /opt/airflow/dags/init_dwh.py for tasks to queue
[2025-09-12T23:21:23.058+0000] {logging_mixin.py:150} INFO - [2025-09-12T23:21:23.058+0000] {dagbag.py:541} INFO - Filling up the DagBag from /opt/airflow/dags/init_dwh.py
[2025-09-12T23:21:23.165+0000] {logging_mixin.py:150} INFO - [2025-09-12T23:21:23.157+0000] {templater.py:77} ERROR - Failed to resolve template field 'sql'
Traceback (most recent call last):
  File "/home/airflow/.local/lib/python3.7/site-packages/airflow/template/templater.py", line 75, in resolve_template_files
    setattr(self, field, env.loader.get_source(env, content)[0])  # type: ignore
  File "/home/airflow/.local/lib/python3.7/site-packages/jinja2/loaders.py", line 218, in get_source
    raise TemplateNotFound(template)
jinja2.exceptions.TemplateNotFound: init_schema.sql
[2025-09-12T23:21:23.175+0000] {processor.py:836} INFO - DAG(s) dict_keys(['init_dwh']) retrieved from /opt/airflow/dags/init_dwh.py
[2025-09-12T23:21:23.287+0000] {logging_mixin.py:150} INFO - [2025-09-12T23:21:23.286+0000] {dag.py:2742} INFO - Sync 1 DAGs
[2025-09-12T23:21:23.725+0000] {logging_mixin.py:150} INFO - [2025-09-12T23:21:23.724+0000] {dag.py:3508} INFO - Setting next_dagrun for init_dwh to None, run_after=None
[2025-09-12T23:21:23.818+0000] {processor.py:179} INFO - Processing /opt/airflow/dags/init_dwh.py took 0.784 seconds
[2025-09-12T23:21:54.363+0000] {processor.py:157} INFO - Started process (PID=503) to work on /opt/airflow/dags/init_dwh.py
[2025-09-12T23:21:54.364+0000] {processor.py:826} INFO - Processing file /opt/airflow/dags/init_dwh.py for tasks to queue
[2025-09-12T23:21:54.365+0000] {logging_mixin.py:150} INFO - [2025-09-12T23:21:54.365+0000] {dagbag.py:541} INFO - Filling up the DagBag from /opt/airflow/dags/init_dwh.py
[2025-09-12T23:21:54.386+0000] {logging_mixin.py:150} INFO - [2025-09-12T23:21:54.385+0000] {templater.py:77} ERROR - Failed to resolve template field 'sql'
Traceback (most recent call last):
  File "/home/airflow/.local/lib/python3.7/site-packages/airflow/template/templater.py", line 75, in resolve_template_files
    setattr(self, field, env.loader.get_source(env, content)[0])  # type: ignore
  File "/home/airflow/.local/lib/python3.7/site-packages/jinja2/loaders.py", line 218, in get_source
    raise TemplateNotFound(template)
jinja2.exceptions.TemplateNotFound: init_schema.sql
[2025-09-12T23:21:54.389+0000] {processor.py:836} INFO - DAG(s) dict_keys(['init_dwh']) retrieved from /opt/airflow/dags/init_dwh.py
[2025-09-12T23:21:54.545+0000] {logging_mixin.py:150} INFO - [2025-09-12T23:21:54.545+0000] {dag.py:2742} INFO - Sync 1 DAGs
[2025-09-12T23:21:54.584+0000] {logging_mixin.py:150} INFO - [2025-09-12T23:21:54.583+0000] {dag.py:3508} INFO - Setting next_dagrun for init_dwh to None, run_after=None
[2025-09-12T23:21:54.614+0000] {processor.py:179} INFO - Processing /opt/airflow/dags/init_dwh.py took 0.255 seconds
[2025-09-12T23:22:24.786+0000] {processor.py:157} INFO - Started process (PID=544) to work on /opt/airflow/dags/init_dwh.py
[2025-09-12T23:22:24.787+0000] {processor.py:826} INFO - Processing file /opt/airflow/dags/init_dwh.py for tasks to queue
[2025-09-12T23:22:24.788+0000] {logging_mixin.py:150} INFO - [2025-09-12T23:22:24.788+0000] {dagbag.py:541} INFO - Filling up the DagBag from /opt/airflow/dags/init_dwh.py
[2025-09-12T23:22:24.810+0000] {logging_mixin.py:150} INFO - [2025-09-12T23:22:24.808+0000] {templater.py:77} ERROR - Failed to resolve template field 'sql'
Traceback (most recent call last):
  File "/home/airflow/.local/lib/python3.7/site-packages/airflow/template/templater.py", line 75, in resolve_template_files
    setattr(self, field, env.loader.get_source(env, content)[0])  # type: ignore
  File "/home/airflow/.local/lib/python3.7/site-packages/jinja2/loaders.py", line 218, in get_source
    raise TemplateNotFound(template)
jinja2.exceptions.TemplateNotFound: init_schema.sql
[2025-09-12T23:22:24.813+0000] {processor.py:836} INFO - DAG(s) dict_keys(['init_dwh']) retrieved from /opt/airflow/dags/init_dwh.py
[2025-09-12T23:22:25.055+0000] {logging_mixin.py:150} INFO - [2025-09-12T23:22:25.055+0000] {dag.py:2742} INFO - Sync 1 DAGs
[2025-09-12T23:22:25.090+0000] {logging_mixin.py:150} INFO - [2025-09-12T23:22:25.089+0000] {dag.py:3508} INFO - Setting next_dagrun for init_dwh to None, run_after=None
[2025-09-12T23:22:25.118+0000] {processor.py:179} INFO - Processing /opt/airflow/dags/init_dwh.py took 0.336 seconds
[2025-09-12T23:22:55.946+0000] {processor.py:157} INFO - Started process (PID=585) to work on /opt/airflow/dags/init_dwh.py
[2025-09-12T23:22:55.948+0000] {processor.py:826} INFO - Processing file /opt/airflow/dags/init_dwh.py for tasks to queue
[2025-09-12T23:22:55.950+0000] {logging_mixin.py:150} INFO - [2025-09-12T23:22:55.950+0000] {dagbag.py:541} INFO - Filling up the DagBag from /opt/airflow/dags/init_dwh.py
[2025-09-12T23:22:55.986+0000] {logging_mixin.py:150} INFO - [2025-09-12T23:22:55.983+0000] {templater.py:77} ERROR - Failed to resolve template field 'sql'
Traceback (most recent call last):
  File "/home/airflow/.local/lib/python3.7/site-packages/airflow/template/templater.py", line 75, in resolve_template_files
    setattr(self, field, env.loader.get_source(env, content)[0])  # type: ignore
  File "/home/airflow/.local/lib/python3.7/site-packages/jinja2/loaders.py", line 218, in get_source
    raise TemplateNotFound(template)
jinja2.exceptions.TemplateNotFound: init_schema.sql
[2025-09-12T23:22:55.992+0000] {processor.py:836} INFO - DAG(s) dict_keys(['init_dwh']) retrieved from /opt/airflow/dags/init_dwh.py
[2025-09-12T23:22:56.047+0000] {logging_mixin.py:150} INFO - [2025-09-12T23:22:56.047+0000] {dag.py:2742} INFO - Sync 1 DAGs
[2025-09-12T23:22:56.090+0000] {logging_mixin.py:150} INFO - [2025-09-12T23:22:56.089+0000] {dag.py:3508} INFO - Setting next_dagrun for init_dwh to None, run_after=None
[2025-09-12T23:22:56.121+0000] {processor.py:179} INFO - Processing /opt/airflow/dags/init_dwh.py took 0.180 seconds
[2025-09-12T23:34:28.024+0000] {processor.py:157} INFO - Started process (PID=218) to work on /opt/airflow/dags/init_dwh.py
[2025-09-12T23:34:28.027+0000] {processor.py:826} INFO - Processing file /opt/airflow/dags/init_dwh.py for tasks to queue
[2025-09-12T23:34:28.031+0000] {logging_mixin.py:150} INFO - [2025-09-12T23:34:28.030+0000] {dagbag.py:541} INFO - Filling up the DagBag from /opt/airflow/dags/init_dwh.py
[2025-09-12T23:34:28.105+0000] {logging_mixin.py:150} INFO - [2025-09-12T23:34:28.101+0000] {templater.py:77} ERROR - Failed to resolve template field 'sql'
Traceback (most recent call last):
  File "/home/airflow/.local/lib/python3.7/site-packages/airflow/template/templater.py", line 75, in resolve_template_files
    setattr(self, field, env.loader.get_source(env, content)[0])  # type: ignore
  File "/home/airflow/.local/lib/python3.7/site-packages/jinja2/loaders.py", line 218, in get_source
    raise TemplateNotFound(template)
jinja2.exceptions.TemplateNotFound: init_schema.sql
[2025-09-12T23:34:28.116+0000] {processor.py:836} INFO - DAG(s) dict_keys(['init_dwh']) retrieved from /opt/airflow/dags/init_dwh.py
[2025-09-12T23:34:28.242+0000] {logging_mixin.py:150} INFO - [2025-09-12T23:34:28.242+0000] {dag.py:2742} INFO - Sync 1 DAGs
[2025-09-12T23:34:28.361+0000] {logging_mixin.py:150} INFO - [2025-09-12T23:34:28.360+0000] {dag.py:3508} INFO - Setting next_dagrun for init_dwh to None, run_after=None
[2025-09-12T23:34:28.567+0000] {processor.py:179} INFO - Processing /opt/airflow/dags/init_dwh.py took 0.551 seconds
[2025-09-12T23:35:00.372+0000] {processor.py:157} INFO - Started process (PID=262) to work on /opt/airflow/dags/init_dwh.py
[2025-09-12T23:35:00.374+0000] {processor.py:826} INFO - Processing file /opt/airflow/dags/init_dwh.py for tasks to queue
[2025-09-12T23:35:00.375+0000] {logging_mixin.py:150} INFO - [2025-09-12T23:35:00.375+0000] {dagbag.py:541} INFO - Filling up the DagBag from /opt/airflow/dags/init_dwh.py
[2025-09-12T23:35:00.398+0000] {logging_mixin.py:150} INFO - [2025-09-12T23:35:00.397+0000] {templater.py:77} ERROR - Failed to resolve template field 'sql'
Traceback (most recent call last):
  File "/home/airflow/.local/lib/python3.7/site-packages/airflow/template/templater.py", line 75, in resolve_template_files
    setattr(self, field, env.loader.get_source(env, content)[0])  # type: ignore
  File "/home/airflow/.local/lib/python3.7/site-packages/jinja2/loaders.py", line 218, in get_source
    raise TemplateNotFound(template)
jinja2.exceptions.TemplateNotFound: init_schema.sql
[2025-09-12T23:35:00.401+0000] {processor.py:836} INFO - DAG(s) dict_keys(['init_dwh']) retrieved from /opt/airflow/dags/init_dwh.py
[2025-09-12T23:35:00.444+0000] {logging_mixin.py:150} INFO - [2025-09-12T23:35:00.444+0000] {dag.py:2742} INFO - Sync 1 DAGs
[2025-09-12T23:35:00.485+0000] {logging_mixin.py:150} INFO - [2025-09-12T23:35:00.485+0000] {dag.py:3508} INFO - Setting next_dagrun for init_dwh to None, run_after=None
[2025-09-12T23:35:00.520+0000] {processor.py:179} INFO - Processing /opt/airflow/dags/init_dwh.py took 0.151 seconds
[2025-09-12T23:35:36.537+0000] {processor.py:157} INFO - Started process (PID=301) to work on /opt/airflow/dags/init_dwh.py
[2025-09-12T23:35:36.539+0000] {processor.py:826} INFO - Processing file /opt/airflow/dags/init_dwh.py for tasks to queue
[2025-09-12T23:35:36.541+0000] {logging_mixin.py:150} INFO - [2025-09-12T23:35:36.540+0000] {dagbag.py:541} INFO - Filling up the DagBag from /opt/airflow/dags/init_dwh.py
[2025-09-12T23:35:36.574+0000] {logging_mixin.py:150} INFO - [2025-09-12T23:35:36.571+0000] {templater.py:77} ERROR - Failed to resolve template field 'sql'
Traceback (most recent call last):
  File "/home/airflow/.local/lib/python3.7/site-packages/airflow/template/templater.py", line 75, in resolve_template_files
    setattr(self, field, env.loader.get_source(env, content)[0])  # type: ignore
  File "/home/airflow/.local/lib/python3.7/site-packages/jinja2/loaders.py", line 218, in get_source
    raise TemplateNotFound(template)
jinja2.exceptions.TemplateNotFound: init_schema.sql
[2025-09-12T23:35:36.578+0000] {processor.py:836} INFO - DAG(s) dict_keys(['init_dwh']) retrieved from /opt/airflow/dags/init_dwh.py
[2025-09-12T23:35:36.640+0000] {logging_mixin.py:150} INFO - [2025-09-12T23:35:36.640+0000] {dag.py:2742} INFO - Sync 1 DAGs
[2025-09-12T23:35:36.700+0000] {logging_mixin.py:150} INFO - [2025-09-12T23:35:36.700+0000] {dag.py:3508} INFO - Setting next_dagrun for init_dwh to None, run_after=None
[2025-09-12T23:35:36.774+0000] {processor.py:179} INFO - Processing /opt/airflow/dags/init_dwh.py took 0.243 seconds
[2025-09-12T23:36:20.288+0000] {processor.py:157} INFO - Started process (PID=383) to work on /opt/airflow/dags/init_dwh.py
[2025-09-12T23:36:20.291+0000] {processor.py:826} INFO - Processing file /opt/airflow/dags/init_dwh.py for tasks to queue
[2025-09-12T23:36:20.296+0000] {logging_mixin.py:150} INFO - [2025-09-12T23:36:20.293+0000] {dagbag.py:541} INFO - Filling up the DagBag from /opt/airflow/dags/init_dwh.py
[2025-09-12T23:36:20.575+0000] {logging_mixin.py:150} INFO - [2025-09-12T23:36:20.542+0000] {templater.py:77} ERROR - Failed to resolve template field 'sql'
Traceback (most recent call last):
  File "/home/airflow/.local/lib/python3.7/site-packages/airflow/template/templater.py", line 75, in resolve_template_files
    setattr(self, field, env.loader.get_source(env, content)[0])  # type: ignore
  File "/home/airflow/.local/lib/python3.7/site-packages/jinja2/loaders.py", line 218, in get_source
    raise TemplateNotFound(template)
jinja2.exceptions.TemplateNotFound: init_schema.sql
[2025-09-12T23:36:20.587+0000] {processor.py:836} INFO - DAG(s) dict_keys(['init_dwh']) retrieved from /opt/airflow/dags/init_dwh.py
[2025-09-12T23:36:20.759+0000] {logging_mixin.py:150} INFO - [2025-09-12T23:36:20.759+0000] {dag.py:2742} INFO - Sync 1 DAGs
[2025-09-12T23:36:20.865+0000] {logging_mixin.py:150} INFO - [2025-09-12T23:36:20.865+0000] {dag.py:3508} INFO - Setting next_dagrun for init_dwh to None, run_after=None
[2025-09-12T23:36:20.923+0000] {processor.py:179} INFO - Processing /opt/airflow/dags/init_dwh.py took 0.649 seconds
[2025-09-12T23:36:52.094+0000] {processor.py:157} INFO - Started process (PID=422) to work on /opt/airflow/dags/init_dwh.py
[2025-09-12T23:36:52.096+0000] {processor.py:826} INFO - Processing file /opt/airflow/dags/init_dwh.py for tasks to queue
[2025-09-12T23:36:52.098+0000] {logging_mixin.py:150} INFO - [2025-09-12T23:36:52.098+0000] {dagbag.py:541} INFO - Filling up the DagBag from /opt/airflow/dags/init_dwh.py
[2025-09-12T23:36:52.129+0000] {logging_mixin.py:150} INFO - [2025-09-12T23:36:52.128+0000] {templater.py:77} ERROR - Failed to resolve template field 'sql'
Traceback (most recent call last):
  File "/home/airflow/.local/lib/python3.7/site-packages/airflow/template/templater.py", line 75, in resolve_template_files
    setattr(self, field, env.loader.get_source(env, content)[0])  # type: ignore
  File "/home/airflow/.local/lib/python3.7/site-packages/jinja2/loaders.py", line 218, in get_source
    raise TemplateNotFound(template)
jinja2.exceptions.TemplateNotFound: init_schema.sql
[2025-09-12T23:36:52.134+0000] {processor.py:836} INFO - DAG(s) dict_keys(['init_dwh']) retrieved from /opt/airflow/dags/init_dwh.py
[2025-09-12T23:36:52.199+0000] {logging_mixin.py:150} INFO - [2025-09-12T23:36:52.199+0000] {dag.py:2742} INFO - Sync 1 DAGs
[2025-09-12T23:36:52.262+0000] {logging_mixin.py:150} INFO - [2025-09-12T23:36:52.261+0000] {dag.py:3508} INFO - Setting next_dagrun for init_dwh to None, run_after=None
[2025-09-12T23:36:52.305+0000] {processor.py:179} INFO - Processing /opt/airflow/dags/init_dwh.py took 0.217 seconds
[2025-09-12T23:37:23.531+0000] {processor.py:157} INFO - Started process (PID=465) to work on /opt/airflow/dags/init_dwh.py
[2025-09-12T23:37:23.533+0000] {processor.py:826} INFO - Processing file /opt/airflow/dags/init_dwh.py for tasks to queue
[2025-09-12T23:37:23.535+0000] {logging_mixin.py:150} INFO - [2025-09-12T23:37:23.534+0000] {dagbag.py:541} INFO - Filling up the DagBag from /opt/airflow/dags/init_dwh.py
[2025-09-12T23:37:23.560+0000] {logging_mixin.py:150} INFO - [2025-09-12T23:37:23.559+0000] {templater.py:77} ERROR - Failed to resolve template field 'sql'
Traceback (most recent call last):
  File "/home/airflow/.local/lib/python3.7/site-packages/airflow/template/templater.py", line 75, in resolve_template_files
    setattr(self, field, env.loader.get_source(env, content)[0])  # type: ignore
  File "/home/airflow/.local/lib/python3.7/site-packages/jinja2/loaders.py", line 218, in get_source
    raise TemplateNotFound(template)
jinja2.exceptions.TemplateNotFound: init_schema.sql
[2025-09-12T23:37:23.564+0000] {processor.py:836} INFO - DAG(s) dict_keys(['init_dwh']) retrieved from /opt/airflow/dags/init_dwh.py
[2025-09-12T23:37:23.663+0000] {logging_mixin.py:150} INFO - [2025-09-12T23:37:23.662+0000] {dag.py:2742} INFO - Sync 1 DAGs
[2025-09-12T23:37:23.698+0000] {logging_mixin.py:150} INFO - [2025-09-12T23:37:23.698+0000] {dag.py:3508} INFO - Setting next_dagrun for init_dwh to None, run_after=None
[2025-09-12T23:37:23.942+0000] {processor.py:179} INFO - Processing /opt/airflow/dags/init_dwh.py took 0.418 seconds
[2025-09-12T23:37:54.803+0000] {processor.py:157} INFO - Started process (PID=508) to work on /opt/airflow/dags/init_dwh.py
[2025-09-12T23:37:54.804+0000] {processor.py:826} INFO - Processing file /opt/airflow/dags/init_dwh.py for tasks to queue
[2025-09-12T23:37:54.805+0000] {logging_mixin.py:150} INFO - [2025-09-12T23:37:54.805+0000] {dagbag.py:541} INFO - Filling up the DagBag from /opt/airflow/dags/init_dwh.py
[2025-09-12T23:37:54.827+0000] {logging_mixin.py:150} INFO - [2025-09-12T23:37:54.826+0000] {templater.py:77} ERROR - Failed to resolve template field 'sql'
Traceback (most recent call last):
  File "/home/airflow/.local/lib/python3.7/site-packages/airflow/template/templater.py", line 75, in resolve_template_files
    setattr(self, field, env.loader.get_source(env, content)[0])  # type: ignore
  File "/home/airflow/.local/lib/python3.7/site-packages/jinja2/loaders.py", line 218, in get_source
    raise TemplateNotFound(template)
jinja2.exceptions.TemplateNotFound: init_schema.sql
[2025-09-12T23:37:54.831+0000] {processor.py:836} INFO - DAG(s) dict_keys(['init_dwh']) retrieved from /opt/airflow/dags/init_dwh.py
[2025-09-12T23:37:54.873+0000] {logging_mixin.py:150} INFO - [2025-09-12T23:37:54.873+0000] {dag.py:2742} INFO - Sync 1 DAGs
[2025-09-12T23:37:55.032+0000] {logging_mixin.py:150} INFO - [2025-09-12T23:37:55.032+0000] {dag.py:3508} INFO - Setting next_dagrun for init_dwh to None, run_after=None
[2025-09-12T23:37:55.060+0000] {processor.py:179} INFO - Processing /opt/airflow/dags/init_dwh.py took 0.261 seconds
[2025-09-12T23:38:26.392+0000] {processor.py:157} INFO - Started process (PID=554) to work on /opt/airflow/dags/init_dwh.py
[2025-09-12T23:38:26.393+0000] {processor.py:826} INFO - Processing file /opt/airflow/dags/init_dwh.py for tasks to queue
[2025-09-12T23:38:26.394+0000] {logging_mixin.py:150} INFO - [2025-09-12T23:38:26.394+0000] {dagbag.py:541} INFO - Filling up the DagBag from /opt/airflow/dags/init_dwh.py
[2025-09-12T23:38:26.413+0000] {logging_mixin.py:150} INFO - [2025-09-12T23:38:26.412+0000] {templater.py:77} ERROR - Failed to resolve template field 'sql'
Traceback (most recent call last):
  File "/home/airflow/.local/lib/python3.7/site-packages/airflow/template/templater.py", line 75, in resolve_template_files
    setattr(self, field, env.loader.get_source(env, content)[0])  # type: ignore
  File "/home/airflow/.local/lib/python3.7/site-packages/jinja2/loaders.py", line 218, in get_source
    raise TemplateNotFound(template)
jinja2.exceptions.TemplateNotFound: init_schema.sql
[2025-09-12T23:38:26.416+0000] {processor.py:836} INFO - DAG(s) dict_keys(['init_dwh']) retrieved from /opt/airflow/dags/init_dwh.py
[2025-09-12T23:38:26.582+0000] {logging_mixin.py:150} INFO - [2025-09-12T23:38:26.581+0000] {dag.py:2742} INFO - Sync 1 DAGs
[2025-09-12T23:38:26.620+0000] {logging_mixin.py:150} INFO - [2025-09-12T23:38:26.620+0000] {dag.py:3508} INFO - Setting next_dagrun for init_dwh to None, run_after=None
[2025-09-12T23:38:26.646+0000] {processor.py:179} INFO - Processing /opt/airflow/dags/init_dwh.py took 0.258 seconds
[2025-09-12T23:38:57.703+0000] {processor.py:157} INFO - Started process (PID=599) to work on /opt/airflow/dags/init_dwh.py
[2025-09-12T23:38:57.704+0000] {processor.py:826} INFO - Processing file /opt/airflow/dags/init_dwh.py for tasks to queue
[2025-09-12T23:38:57.705+0000] {logging_mixin.py:150} INFO - [2025-09-12T23:38:57.705+0000] {dagbag.py:541} INFO - Filling up the DagBag from /opt/airflow/dags/init_dwh.py
[2025-09-12T23:38:57.725+0000] {logging_mixin.py:150} INFO - [2025-09-12T23:38:57.724+0000] {templater.py:77} ERROR - Failed to resolve template field 'sql'
Traceback (most recent call last):
  File "/home/airflow/.local/lib/python3.7/site-packages/airflow/template/templater.py", line 75, in resolve_template_files
    setattr(self, field, env.loader.get_source(env, content)[0])  # type: ignore
  File "/home/airflow/.local/lib/python3.7/site-packages/jinja2/loaders.py", line 218, in get_source
    raise TemplateNotFound(template)
jinja2.exceptions.TemplateNotFound: init_schema.sql
[2025-09-12T23:38:57.728+0000] {processor.py:836} INFO - DAG(s) dict_keys(['init_dwh']) retrieved from /opt/airflow/dags/init_dwh.py
[2025-09-12T23:38:57.877+0000] {logging_mixin.py:150} INFO - [2025-09-12T23:38:57.876+0000] {dag.py:2742} INFO - Sync 1 DAGs
[2025-09-12T23:38:57.909+0000] {logging_mixin.py:150} INFO - [2025-09-12T23:38:57.909+0000] {dag.py:3508} INFO - Setting next_dagrun for init_dwh to None, run_after=None
[2025-09-12T23:38:57.941+0000] {processor.py:179} INFO - Processing /opt/airflow/dags/init_dwh.py took 0.241 seconds
[2025-09-12T23:40:14.518+0000] {processor.py:157} INFO - Started process (PID=194) to work on /opt/airflow/dags/init_dwh.py
[2025-09-12T23:40:14.520+0000] {processor.py:826} INFO - Processing file /opt/airflow/dags/init_dwh.py for tasks to queue
[2025-09-12T23:40:14.521+0000] {logging_mixin.py:150} INFO - [2025-09-12T23:40:14.521+0000] {dagbag.py:541} INFO - Filling up the DagBag from /opt/airflow/dags/init_dwh.py
[2025-09-12T23:40:14.552+0000] {logging_mixin.py:150} INFO - [2025-09-12T23:40:14.550+0000] {templater.py:77} ERROR - Failed to resolve template field 'sql'
Traceback (most recent call last):
  File "/home/airflow/.local/lib/python3.7/site-packages/airflow/template/templater.py", line 75, in resolve_template_files
    setattr(self, field, env.loader.get_source(env, content)[0])  # type: ignore
  File "/home/airflow/.local/lib/python3.7/site-packages/jinja2/loaders.py", line 218, in get_source
    raise TemplateNotFound(template)
jinja2.exceptions.TemplateNotFound: init_schema.sql
[2025-09-12T23:40:14.557+0000] {processor.py:836} INFO - DAG(s) dict_keys(['init_dwh']) retrieved from /opt/airflow/dags/init_dwh.py
[2025-09-12T23:40:14.590+0000] {logging_mixin.py:150} INFO - [2025-09-12T23:40:14.589+0000] {dag.py:2742} INFO - Sync 1 DAGs
[2025-09-12T23:40:14.646+0000] {logging_mixin.py:150} INFO - [2025-09-12T23:40:14.645+0000] {dag.py:3508} INFO - Setting next_dagrun for init_dwh to None, run_after=None
[2025-09-12T23:40:14.720+0000] {processor.py:179} INFO - Processing /opt/airflow/dags/init_dwh.py took 0.208 seconds
[2025-09-12T23:40:47.390+0000] {processor.py:157} INFO - Started process (PID=234) to work on /opt/airflow/dags/init_dwh.py
[2025-09-12T23:40:47.392+0000] {processor.py:826} INFO - Processing file /opt/airflow/dags/init_dwh.py for tasks to queue
[2025-09-12T23:40:47.393+0000] {logging_mixin.py:150} INFO - [2025-09-12T23:40:47.393+0000] {dagbag.py:541} INFO - Filling up the DagBag from /opt/airflow/dags/init_dwh.py
[2025-09-12T23:40:47.413+0000] {logging_mixin.py:150} INFO - [2025-09-12T23:40:47.412+0000] {templater.py:77} ERROR - Failed to resolve template field 'sql'
Traceback (most recent call last):
  File "/home/airflow/.local/lib/python3.7/site-packages/airflow/template/templater.py", line 75, in resolve_template_files
    setattr(self, field, env.loader.get_source(env, content)[0])  # type: ignore
  File "/home/airflow/.local/lib/python3.7/site-packages/jinja2/loaders.py", line 218, in get_source
    raise TemplateNotFound(template)
jinja2.exceptions.TemplateNotFound: init_schema.sql
[2025-09-12T23:40:47.416+0000] {processor.py:836} INFO - DAG(s) dict_keys(['init_dwh']) retrieved from /opt/airflow/dags/init_dwh.py
[2025-09-12T23:40:47.459+0000] {logging_mixin.py:150} INFO - [2025-09-12T23:40:47.459+0000] {dag.py:2742} INFO - Sync 1 DAGs
[2025-09-12T23:40:47.493+0000] {logging_mixin.py:150} INFO - [2025-09-12T23:40:47.492+0000] {dag.py:3508} INFO - Setting next_dagrun for init_dwh to None, run_after=None
[2025-09-12T23:40:47.522+0000] {processor.py:179} INFO - Processing /opt/airflow/dags/init_dwh.py took 0.135 seconds
[2025-09-12T23:41:20.378+0000] {processor.py:157} INFO - Started process (PID=275) to work on /opt/airflow/dags/init_dwh.py
[2025-09-12T23:41:20.380+0000] {processor.py:826} INFO - Processing file /opt/airflow/dags/init_dwh.py for tasks to queue
[2025-09-12T23:41:20.386+0000] {logging_mixin.py:150} INFO - [2025-09-12T23:41:20.384+0000] {dagbag.py:541} INFO - Filling up the DagBag from /opt/airflow/dags/init_dwh.py
[2025-09-12T23:41:20.457+0000] {logging_mixin.py:150} INFO - [2025-09-12T23:41:20.455+0000] {templater.py:77} ERROR - Failed to resolve template field 'sql'
Traceback (most recent call last):
  File "/home/airflow/.local/lib/python3.7/site-packages/airflow/template/templater.py", line 75, in resolve_template_files
    setattr(self, field, env.loader.get_source(env, content)[0])  # type: ignore
  File "/home/airflow/.local/lib/python3.7/site-packages/jinja2/loaders.py", line 218, in get_source
    raise TemplateNotFound(template)
jinja2.exceptions.TemplateNotFound: init_schema.sql
[2025-09-12T23:41:20.473+0000] {processor.py:836} INFO - DAG(s) dict_keys(['init_dwh']) retrieved from /opt/airflow/dags/init_dwh.py
[2025-09-12T23:41:20.579+0000] {logging_mixin.py:150} INFO - [2025-09-12T23:41:20.578+0000] {dag.py:2742} INFO - Sync 1 DAGs
[2025-09-12T23:41:20.679+0000] {logging_mixin.py:150} INFO - [2025-09-12T23:41:20.678+0000] {dag.py:3508} INFO - Setting next_dagrun for init_dwh to None, run_after=None
[2025-09-12T23:41:20.822+0000] {processor.py:179} INFO - Processing /opt/airflow/dags/init_dwh.py took 0.452 seconds
[2025-09-12T23:41:52.309+0000] {processor.py:157} INFO - Started process (PID=360) to work on /opt/airflow/dags/init_dwh.py
[2025-09-12T23:41:52.316+0000] {processor.py:826} INFO - Processing file /opt/airflow/dags/init_dwh.py for tasks to queue
[2025-09-12T23:41:52.318+0000] {logging_mixin.py:150} INFO - [2025-09-12T23:41:52.317+0000] {dagbag.py:541} INFO - Filling up the DagBag from /opt/airflow/dags/init_dwh.py
[2025-09-12T23:41:52.363+0000] {logging_mixin.py:150} INFO - [2025-09-12T23:41:52.361+0000] {templater.py:77} ERROR - Failed to resolve template field 'sql'
Traceback (most recent call last):
  File "/home/airflow/.local/lib/python3.7/site-packages/airflow/template/templater.py", line 75, in resolve_template_files
    setattr(self, field, env.loader.get_source(env, content)[0])  # type: ignore
  File "/home/airflow/.local/lib/python3.7/site-packages/jinja2/loaders.py", line 218, in get_source
    raise TemplateNotFound(template)
jinja2.exceptions.TemplateNotFound: init_schema.sql
[2025-09-12T23:41:52.370+0000] {processor.py:836} INFO - DAG(s) dict_keys(['init_dwh']) retrieved from /opt/airflow/dags/init_dwh.py
[2025-09-12T23:41:52.460+0000] {logging_mixin.py:150} INFO - [2025-09-12T23:41:52.460+0000] {dag.py:2742} INFO - Sync 1 DAGs
[2025-09-12T23:41:52.539+0000] {logging_mixin.py:150} INFO - [2025-09-12T23:41:52.539+0000] {dag.py:3508} INFO - Setting next_dagrun for init_dwh to None, run_after=None
[2025-09-12T23:41:52.650+0000] {processor.py:179} INFO - Processing /opt/airflow/dags/init_dwh.py took 0.346 seconds
[2025-09-12T23:42:23.269+0000] {processor.py:157} INFO - Started process (PID=393) to work on /opt/airflow/dags/init_dwh.py
[2025-09-12T23:42:23.270+0000] {processor.py:826} INFO - Processing file /opt/airflow/dags/init_dwh.py for tasks to queue
[2025-09-12T23:42:23.271+0000] {logging_mixin.py:150} INFO - [2025-09-12T23:42:23.271+0000] {dagbag.py:541} INFO - Filling up the DagBag from /opt/airflow/dags/init_dwh.py
[2025-09-12T23:42:23.290+0000] {logging_mixin.py:150} INFO - [2025-09-12T23:42:23.289+0000] {templater.py:77} ERROR - Failed to resolve template field 'sql'
Traceback (most recent call last):
  File "/home/airflow/.local/lib/python3.7/site-packages/airflow/template/templater.py", line 75, in resolve_template_files
    setattr(self, field, env.loader.get_source(env, content)[0])  # type: ignore
  File "/home/airflow/.local/lib/python3.7/site-packages/jinja2/loaders.py", line 218, in get_source
    raise TemplateNotFound(template)
jinja2.exceptions.TemplateNotFound: init_schema.sql
[2025-09-12T23:42:23.293+0000] {processor.py:836} INFO - DAG(s) dict_keys(['init_dwh']) retrieved from /opt/airflow/dags/init_dwh.py
[2025-09-12T23:42:23.331+0000] {logging_mixin.py:150} INFO - [2025-09-12T23:42:23.331+0000] {dag.py:2742} INFO - Sync 1 DAGs
[2025-09-12T23:42:23.364+0000] {logging_mixin.py:150} INFO - [2025-09-12T23:42:23.363+0000] {dag.py:3508} INFO - Setting next_dagrun for init_dwh to None, run_after=None
[2025-09-12T23:42:23.397+0000] {processor.py:179} INFO - Processing /opt/airflow/dags/init_dwh.py took 0.132 seconds
[2025-09-12T23:42:54.076+0000] {processor.py:157} INFO - Started process (PID=421) to work on /opt/airflow/dags/init_dwh.py
[2025-09-12T23:42:54.077+0000] {processor.py:826} INFO - Processing file /opt/airflow/dags/init_dwh.py for tasks to queue
[2025-09-12T23:42:54.078+0000] {logging_mixin.py:150} INFO - [2025-09-12T23:42:54.077+0000] {dagbag.py:541} INFO - Filling up the DagBag from /opt/airflow/dags/init_dwh.py
[2025-09-12T23:42:54.109+0000] {logging_mixin.py:150} INFO - [2025-09-12T23:42:54.108+0000] {templater.py:77} ERROR - Failed to resolve template field 'sql'
Traceback (most recent call last):
  File "/home/airflow/.local/lib/python3.7/site-packages/airflow/template/templater.py", line 75, in resolve_template_files
    setattr(self, field, env.loader.get_source(env, content)[0])  # type: ignore
  File "/home/airflow/.local/lib/python3.7/site-packages/jinja2/loaders.py", line 218, in get_source
    raise TemplateNotFound(template)
jinja2.exceptions.TemplateNotFound: init_schema.sql
[2025-09-12T23:42:54.114+0000] {processor.py:836} INFO - DAG(s) dict_keys(['init_dwh']) retrieved from /opt/airflow/dags/init_dwh.py
[2025-09-12T23:42:54.202+0000] {logging_mixin.py:150} INFO - [2025-09-12T23:42:54.202+0000] {dag.py:2742} INFO - Sync 1 DAGs
[2025-09-12T23:42:54.235+0000] {logging_mixin.py:150} INFO - [2025-09-12T23:42:54.235+0000] {dag.py:3508} INFO - Setting next_dagrun for init_dwh to None, run_after=None
[2025-09-12T23:42:54.264+0000] {processor.py:179} INFO - Processing /opt/airflow/dags/init_dwh.py took 0.192 seconds
