[2025-09-12T22:49:03.135+0000] {processor.py:157} INFO - Started process (PID=165) to work on /opt/airflow/dags/raw_to_dds.py
[2025-09-12T22:49:03.148+0000] {processor.py:826} INFO - Processing file /opt/airflow/dags/raw_to_dds.py for tasks to queue
[2025-09-12T22:49:03.152+0000] {logging_mixin.py:150} INFO - [2025-09-12T22:49:03.151+0000] {dagbag.py:541} INFO - Filling up the DagBag from /opt/airflow/dags/raw_to_dds.py
[2025-09-12T22:49:08.516+0000] {logging_mixin.py:150} INFO - [2025-09-12T22:49:08.515+0000] {base.py:73} INFO - Using connection ID 'postgres_default' for task execution.
[2025-09-12T22:49:08.527+0000] {processor.py:836} INFO - DAG(s) dict_keys(['raw_to_dds_enhanced']) retrieved from /opt/airflow/dags/raw_to_dds.py
[2025-09-12T22:49:08.787+0000] {logging_mixin.py:150} INFO - [2025-09-12T22:49:08.787+0000] {manager.py:504} INFO - Created Permission View: can delete on DAG:raw_to_dds_enhanced
[2025-09-12T22:49:08.813+0000] {logging_mixin.py:150} INFO - [2025-09-12T22:49:08.813+0000] {manager.py:504} INFO - Created Permission View: can edit on DAG:raw_to_dds_enhanced
[2025-09-12T22:49:08.834+0000] {logging_mixin.py:150} INFO - [2025-09-12T22:49:08.834+0000] {manager.py:504} INFO - Created Permission View: can read on DAG:raw_to_dds_enhanced
[2025-09-12T22:49:08.876+0000] {logging_mixin.py:150} INFO - [2025-09-12T22:49:08.875+0000] {dag.py:2742} INFO - Sync 1 DAGs
[2025-09-12T22:49:08.924+0000] {logging_mixin.py:150} INFO - [2025-09-12T22:49:08.915+0000] {dag.py:2763} INFO - Creating ORM DAG for raw_to_dds_enhanced
[2025-09-12T22:49:08.947+0000] {logging_mixin.py:150} INFO - [2025-09-12T22:49:08.947+0000] {dag.py:3508} INFO - Setting next_dagrun for raw_to_dds_enhanced to 2025-09-12T21:49:08.947273+00:00, run_after=2025-09-12T22:49:08.947273+00:00
[2025-09-12T22:49:09.007+0000] {processor.py:179} INFO - Processing /opt/airflow/dags/raw_to_dds.py took 5.894 seconds
[2025-09-12T22:49:39.672+0000] {processor.py:157} INFO - Started process (PID=206) to work on /opt/airflow/dags/raw_to_dds.py
[2025-09-12T22:49:39.674+0000] {processor.py:826} INFO - Processing file /opt/airflow/dags/raw_to_dds.py for tasks to queue
[2025-09-12T22:49:39.677+0000] {logging_mixin.py:150} INFO - [2025-09-12T22:49:39.676+0000] {dagbag.py:541} INFO - Filling up the DagBag from /opt/airflow/dags/raw_to_dds.py
[2025-09-12T23:09:51.166+0000] {processor.py:157} INFO - Started process (PID=165) to work on /opt/airflow/dags/raw_to_dds.py
[2025-09-12T23:09:51.168+0000] {processor.py:826} INFO - Processing file /opt/airflow/dags/raw_to_dds.py for tasks to queue
[2025-09-12T23:09:51.169+0000] {logging_mixin.py:150} INFO - [2025-09-12T23:09:51.168+0000] {dagbag.py:541} INFO - Filling up the DagBag from /opt/airflow/dags/raw_to_dds.py
[2025-09-12T23:09:52.512+0000] {logging_mixin.py:150} INFO - [2025-09-12T23:09:52.511+0000] {base.py:73} INFO - Using connection ID 'postgres_default' for task execution.
[2025-09-12T23:09:52.596+0000] {processor.py:836} INFO - DAG(s) dict_keys(['raw_to_dds_enhanced']) retrieved from /opt/airflow/dags/raw_to_dds.py
[2025-09-12T23:09:53.237+0000] {logging_mixin.py:150} INFO - [2025-09-12T23:09:53.236+0000] {dag.py:2742} INFO - Sync 1 DAGs
[2025-09-12T23:09:53.281+0000] {logging_mixin.py:150} INFO - [2025-09-12T23:09:53.281+0000] {dag.py:3508} INFO - Setting next_dagrun for raw_to_dds_enhanced to 2025-09-12T22:09:53.281187+00:00, run_after=2025-09-12T23:09:53.281187+00:00
[2025-09-12T23:09:53.905+0000] {processor.py:179} INFO - Processing /opt/airflow/dags/raw_to_dds.py took 2.742 seconds
[2025-09-12T23:10:24.130+0000] {processor.py:157} INFO - Started process (PID=206) to work on /opt/airflow/dags/raw_to_dds.py
[2025-09-12T23:10:24.132+0000] {processor.py:826} INFO - Processing file /opt/airflow/dags/raw_to_dds.py for tasks to queue
[2025-09-12T23:10:24.133+0000] {logging_mixin.py:150} INFO - [2025-09-12T23:10:24.133+0000] {dagbag.py:541} INFO - Filling up the DagBag from /opt/airflow/dags/raw_to_dds.py
[2025-09-12T23:10:25.276+0000] {logging_mixin.py:150} INFO - [2025-09-12T23:10:25.275+0000] {base.py:73} INFO - Using connection ID 'postgres_default' for task execution.
[2025-09-12T23:10:25.282+0000] {processor.py:836} INFO - DAG(s) dict_keys(['raw_to_dds_enhanced']) retrieved from /opt/airflow/dags/raw_to_dds.py
[2025-09-12T23:10:25.338+0000] {logging_mixin.py:150} INFO - [2025-09-12T23:10:25.337+0000] {dag.py:2742} INFO - Sync 1 DAGs
[2025-09-12T23:10:25.366+0000] {logging_mixin.py:150} INFO - [2025-09-12T23:10:25.365+0000] {dag.py:3508} INFO - Setting next_dagrun for raw_to_dds_enhanced to 2025-09-12T22:10:25.365692+00:00, run_after=2025-09-12T23:10:25.365692+00:00
[2025-09-12T23:10:25.393+0000] {processor.py:179} INFO - Processing /opt/airflow/dags/raw_to_dds.py took 1.267 seconds
[2025-09-12T23:10:55.986+0000] {processor.py:157} INFO - Started process (PID=247) to work on /opt/airflow/dags/raw_to_dds.py
[2025-09-12T23:10:55.988+0000] {processor.py:826} INFO - Processing file /opt/airflow/dags/raw_to_dds.py for tasks to queue
[2025-09-12T23:10:55.989+0000] {logging_mixin.py:150} INFO - [2025-09-12T23:10:55.989+0000] {dagbag.py:541} INFO - Filling up the DagBag from /opt/airflow/dags/raw_to_dds.py
[2025-09-12T23:10:56.838+0000] {logging_mixin.py:150} INFO - [2025-09-12T23:10:56.837+0000] {base.py:73} INFO - Using connection ID 'postgres_default' for task execution.
[2025-09-12T23:10:56.844+0000] {processor.py:836} INFO - DAG(s) dict_keys(['raw_to_dds_enhanced']) retrieved from /opt/airflow/dags/raw_to_dds.py
[2025-09-12T23:10:56.891+0000] {logging_mixin.py:150} INFO - [2025-09-12T23:10:56.890+0000] {dag.py:2742} INFO - Sync 1 DAGs
[2025-09-12T23:10:56.919+0000] {logging_mixin.py:150} INFO - [2025-09-12T23:10:56.919+0000] {dag.py:3508} INFO - Setting next_dagrun for raw_to_dds_enhanced to 2025-09-12T22:10:56.919317+00:00, run_after=2025-09-12T23:10:56.919317+00:00
[2025-09-12T23:10:56.943+0000] {processor.py:179} INFO - Processing /opt/airflow/dags/raw_to_dds.py took 0.961 seconds
[2025-09-12T23:11:27.666+0000] {processor.py:157} INFO - Started process (PID=288) to work on /opt/airflow/dags/raw_to_dds.py
[2025-09-12T23:11:27.667+0000] {processor.py:826} INFO - Processing file /opt/airflow/dags/raw_to_dds.py for tasks to queue
[2025-09-12T23:11:27.668+0000] {logging_mixin.py:150} INFO - [2025-09-12T23:11:27.668+0000] {dagbag.py:541} INFO - Filling up the DagBag from /opt/airflow/dags/raw_to_dds.py
[2025-09-12T23:11:28.506+0000] {logging_mixin.py:150} INFO - [2025-09-12T23:11:28.505+0000] {base.py:73} INFO - Using connection ID 'postgres_default' for task execution.
[2025-09-12T23:11:28.512+0000] {processor.py:836} INFO - DAG(s) dict_keys(['raw_to_dds_enhanced']) retrieved from /opt/airflow/dags/raw_to_dds.py
[2025-09-12T23:11:28.564+0000] {logging_mixin.py:150} INFO - [2025-09-12T23:11:28.563+0000] {dag.py:2742} INFO - Sync 1 DAGs
[2025-09-12T23:11:28.592+0000] {logging_mixin.py:150} INFO - [2025-09-12T23:11:28.592+0000] {dag.py:3508} INFO - Setting next_dagrun for raw_to_dds_enhanced to 2025-09-12T22:11:28.592314+00:00, run_after=2025-09-12T23:11:28.592314+00:00
[2025-09-12T23:11:28.620+0000] {processor.py:179} INFO - Processing /opt/airflow/dags/raw_to_dds.py took 0.957 seconds
[2025-09-12T23:11:59.174+0000] {processor.py:157} INFO - Started process (PID=329) to work on /opt/airflow/dags/raw_to_dds.py
[2025-09-12T23:11:59.175+0000] {processor.py:826} INFO - Processing file /opt/airflow/dags/raw_to_dds.py for tasks to queue
[2025-09-12T23:11:59.176+0000] {logging_mixin.py:150} INFO - [2025-09-12T23:11:59.176+0000] {dagbag.py:541} INFO - Filling up the DagBag from /opt/airflow/dags/raw_to_dds.py
[2025-09-12T23:11:59.943+0000] {logging_mixin.py:150} INFO - [2025-09-12T23:11:59.942+0000] {base.py:73} INFO - Using connection ID 'postgres_default' for task execution.
[2025-09-12T23:11:59.949+0000] {processor.py:836} INFO - DAG(s) dict_keys(['raw_to_dds_enhanced']) retrieved from /opt/airflow/dags/raw_to_dds.py
[2025-09-12T23:12:00.000+0000] {logging_mixin.py:150} INFO - [2025-09-12T23:11:59.999+0000] {dag.py:2742} INFO - Sync 1 DAGs
[2025-09-12T23:12:00.032+0000] {logging_mixin.py:150} INFO - [2025-09-12T23:12:00.032+0000] {dag.py:3508} INFO - Setting next_dagrun for raw_to_dds_enhanced to 2025-09-12T22:12:00.031693+00:00, run_after=2025-09-12T23:12:00.031693+00:00
[2025-09-12T23:12:00.059+0000] {processor.py:179} INFO - Processing /opt/airflow/dags/raw_to_dds.py took 0.889 seconds
[2025-09-12T23:12:30.638+0000] {processor.py:157} INFO - Started process (PID=370) to work on /opt/airflow/dags/raw_to_dds.py
[2025-09-12T23:12:30.639+0000] {processor.py:826} INFO - Processing file /opt/airflow/dags/raw_to_dds.py for tasks to queue
[2025-09-12T23:12:30.640+0000] {logging_mixin.py:150} INFO - [2025-09-12T23:12:30.640+0000] {dagbag.py:541} INFO - Filling up the DagBag from /opt/airflow/dags/raw_to_dds.py
[2025-09-12T23:12:31.432+0000] {logging_mixin.py:150} INFO - [2025-09-12T23:12:31.431+0000] {base.py:73} INFO - Using connection ID 'postgres_default' for task execution.
[2025-09-12T23:12:31.438+0000] {processor.py:836} INFO - DAG(s) dict_keys(['raw_to_dds_enhanced']) retrieved from /opt/airflow/dags/raw_to_dds.py
[2025-09-12T23:12:31.489+0000] {logging_mixin.py:150} INFO - [2025-09-12T23:12:31.489+0000] {dag.py:2742} INFO - Sync 1 DAGs
[2025-09-12T23:12:31.518+0000] {logging_mixin.py:150} INFO - [2025-09-12T23:12:31.518+0000] {dag.py:3508} INFO - Setting next_dagrun for raw_to_dds_enhanced to 2025-09-12T22:12:31.518247+00:00, run_after=2025-09-12T23:12:31.518247+00:00
[2025-09-12T23:12:31.546+0000] {processor.py:179} INFO - Processing /opt/airflow/dags/raw_to_dds.py took 0.912 seconds
[2025-09-12T23:13:02.107+0000] {processor.py:157} INFO - Started process (PID=411) to work on /opt/airflow/dags/raw_to_dds.py
[2025-09-12T23:13:02.109+0000] {processor.py:826} INFO - Processing file /opt/airflow/dags/raw_to_dds.py for tasks to queue
[2025-09-12T23:13:02.110+0000] {logging_mixin.py:150} INFO - [2025-09-12T23:13:02.109+0000] {dagbag.py:541} INFO - Filling up the DagBag from /opt/airflow/dags/raw_to_dds.py
[2025-09-12T23:13:03.008+0000] {logging_mixin.py:150} INFO - [2025-09-12T23:13:03.007+0000] {base.py:73} INFO - Using connection ID 'postgres_default' for task execution.
[2025-09-12T23:13:03.022+0000] {processor.py:836} INFO - DAG(s) dict_keys(['raw_to_dds_enhanced']) retrieved from /opt/airflow/dags/raw_to_dds.py
[2025-09-12T23:13:03.089+0000] {logging_mixin.py:150} INFO - [2025-09-12T23:13:03.088+0000] {dag.py:2742} INFO - Sync 1 DAGs
[2025-09-12T23:13:03.253+0000] {logging_mixin.py:150} INFO - [2025-09-12T23:13:03.253+0000] {dag.py:3508} INFO - Setting next_dagrun for raw_to_dds_enhanced to 2025-09-12T22:13:03.127777+00:00, run_after=2025-09-12T23:13:03.127777+00:00
[2025-09-12T23:13:03.295+0000] {processor.py:179} INFO - Processing /opt/airflow/dags/raw_to_dds.py took 1.191 seconds
[2025-09-12T23:13:33.781+0000] {processor.py:157} INFO - Started process (PID=452) to work on /opt/airflow/dags/raw_to_dds.py
[2025-09-12T23:13:33.782+0000] {processor.py:826} INFO - Processing file /opt/airflow/dags/raw_to_dds.py for tasks to queue
[2025-09-12T23:13:33.784+0000] {logging_mixin.py:150} INFO - [2025-09-12T23:13:33.783+0000] {dagbag.py:541} INFO - Filling up the DagBag from /opt/airflow/dags/raw_to_dds.py
[2025-09-12T23:13:34.580+0000] {logging_mixin.py:150} INFO - [2025-09-12T23:13:34.579+0000] {base.py:73} INFO - Using connection ID 'postgres_default' for task execution.
[2025-09-12T23:13:34.585+0000] {processor.py:836} INFO - DAG(s) dict_keys(['raw_to_dds_enhanced']) retrieved from /opt/airflow/dags/raw_to_dds.py
[2025-09-12T23:13:34.633+0000] {logging_mixin.py:150} INFO - [2025-09-12T23:13:34.633+0000] {dag.py:2742} INFO - Sync 1 DAGs
[2025-09-12T23:13:34.777+0000] {logging_mixin.py:150} INFO - [2025-09-12T23:13:34.776+0000] {dag.py:3508} INFO - Setting next_dagrun for raw_to_dds_enhanced to 2025-09-12T22:13:34.776561+00:00, run_after=2025-09-12T23:13:34.776561+00:00
[2025-09-12T23:13:34.808+0000] {processor.py:179} INFO - Processing /opt/airflow/dags/raw_to_dds.py took 1.034 seconds
[2025-09-12T23:14:05.431+0000] {processor.py:157} INFO - Started process (PID=493) to work on /opt/airflow/dags/raw_to_dds.py
[2025-09-12T23:14:05.432+0000] {processor.py:826} INFO - Processing file /opt/airflow/dags/raw_to_dds.py for tasks to queue
[2025-09-12T23:14:05.434+0000] {logging_mixin.py:150} INFO - [2025-09-12T23:14:05.433+0000] {dagbag.py:541} INFO - Filling up the DagBag from /opt/airflow/dags/raw_to_dds.py
[2025-09-12T23:14:06.775+0000] {logging_mixin.py:150} INFO - [2025-09-12T23:14:06.774+0000] {base.py:73} INFO - Using connection ID 'postgres_default' for task execution.
[2025-09-12T23:14:06.781+0000] {processor.py:836} INFO - DAG(s) dict_keys(['raw_to_dds_enhanced']) retrieved from /opt/airflow/dags/raw_to_dds.py
[2025-09-12T23:14:06.988+0000] {logging_mixin.py:150} INFO - [2025-09-12T23:14:06.987+0000] {dag.py:2742} INFO - Sync 1 DAGs
[2025-09-12T23:14:07.040+0000] {logging_mixin.py:150} INFO - [2025-09-12T23:14:07.040+0000] {dag.py:3508} INFO - Setting next_dagrun for raw_to_dds_enhanced to 2025-09-12T22:14:07.040146+00:00, run_after=2025-09-12T23:14:07.040146+00:00
[2025-09-12T23:14:07.070+0000] {processor.py:179} INFO - Processing /opt/airflow/dags/raw_to_dds.py took 1.645 seconds
[2025-09-12T23:14:37.576+0000] {processor.py:157} INFO - Started process (PID=542) to work on /opt/airflow/dags/raw_to_dds.py
[2025-09-12T23:14:37.577+0000] {processor.py:826} INFO - Processing file /opt/airflow/dags/raw_to_dds.py for tasks to queue
[2025-09-12T23:14:37.579+0000] {logging_mixin.py:150} INFO - [2025-09-12T23:14:37.578+0000] {dagbag.py:541} INFO - Filling up the DagBag from /opt/airflow/dags/raw_to_dds.py
[2025-09-12T23:14:38.299+0000] {logging_mixin.py:150} INFO - [2025-09-12T23:14:38.298+0000] {base.py:73} INFO - Using connection ID 'postgres_default' for task execution.
[2025-09-12T23:14:38.308+0000] {processor.py:836} INFO - DAG(s) dict_keys(['raw_to_dds_enhanced']) retrieved from /opt/airflow/dags/raw_to_dds.py
[2025-09-12T23:14:38.362+0000] {logging_mixin.py:150} INFO - [2025-09-12T23:14:38.361+0000] {dag.py:2742} INFO - Sync 1 DAGs
[2025-09-12T23:14:38.414+0000] {logging_mixin.py:150} INFO - [2025-09-12T23:14:38.414+0000] {dag.py:3508} INFO - Setting next_dagrun for raw_to_dds_enhanced to 2025-09-12T22:14:38.412191+00:00, run_after=2025-09-12T23:14:38.412191+00:00
[2025-09-12T23:14:38.572+0000] {processor.py:179} INFO - Processing /opt/airflow/dags/raw_to_dds.py took 0.999 seconds
[2025-09-12T23:15:09.123+0000] {processor.py:157} INFO - Started process (PID=600) to work on /opt/airflow/dags/raw_to_dds.py
[2025-09-12T23:15:09.125+0000] {processor.py:826} INFO - Processing file /opt/airflow/dags/raw_to_dds.py for tasks to queue
[2025-09-12T23:15:09.126+0000] {logging_mixin.py:150} INFO - [2025-09-12T23:15:09.126+0000] {dagbag.py:541} INFO - Filling up the DagBag from /opt/airflow/dags/raw_to_dds.py
[2025-09-12T23:15:11.185+0000] {logging_mixin.py:150} INFO - [2025-09-12T23:15:11.129+0000] {dagbag.py:350} ERROR - Failed to import: /opt/airflow/dags/raw_to_dds.py
Traceback (most recent call last):
  File "/home/airflow/.local/lib/python3.7/site-packages/airflow/models/dagbag.py", line 346, in parse
    loader.exec_module(new_module)
  File "<frozen importlib._bootstrap_external>", line 728, in exec_module
  File "<frozen importlib._bootstrap>", line 219, in _call_with_frames_removed
  File "/opt/airflow/dags/raw_to_dds.py", line 18, in <module>
    engine = pg_hook.get_sqlalchemy_engine()
  File "/home/airflow/.local/lib/python3.7/site-packages/airflow/providers/common/sql/hooks/sql.py", line 181, in get_sqlalchemy_engine
    return create_engine(self.get_uri(), **engine_kwargs)
  File "/home/airflow/.local/lib/python3.7/site-packages/airflow/providers/postgres/hooks/postgres.py", line 176, in get_uri
    conn = self.get_connection(getattr(self, self.conn_name_attr))
  File "/home/airflow/.local/lib/python3.7/site-packages/airflow/hooks/base.py", line 72, in get_connection
    conn = Connection.get_connection_from_secrets(conn_id)
  File "/home/airflow/.local/lib/python3.7/site-packages/airflow/models/connection.py", line 463, in get_connection_from_secrets
    raise AirflowNotFoundException(f"The conn_id `{conn_id}` isn't defined")
airflow.exceptions.AirflowNotFoundException: The conn_id `postgres_default` isn't defined
[2025-09-12T23:15:11.187+0000] {processor.py:838} WARNING - No viable dags retrieved from /opt/airflow/dags/raw_to_dds.py
[2025-09-12T23:15:11.216+0000] {processor.py:179} INFO - Processing /opt/airflow/dags/raw_to_dds.py took 2.099 seconds
[2025-09-12T23:17:36.313+0000] {processor.py:157} INFO - Started process (PID=164) to work on /opt/airflow/dags/raw_to_dds.py
[2025-09-12T23:17:36.342+0000] {processor.py:826} INFO - Processing file /opt/airflow/dags/raw_to_dds.py for tasks to queue
[2025-09-12T23:17:36.347+0000] {logging_mixin.py:150} INFO - [2025-09-12T23:17:36.344+0000] {dagbag.py:541} INFO - Filling up the DagBag from /opt/airflow/dags/raw_to_dds.py
[2025-09-12T23:17:41.224+0000] {logging_mixin.py:150} INFO - [2025-09-12T23:17:41.223+0000] {base.py:73} INFO - Using connection ID 'postgres_default' for task execution.
[2025-09-12T23:17:41.237+0000] {processor.py:836} INFO - DAG(s) dict_keys(['raw_to_dds_enhanced']) retrieved from /opt/airflow/dags/raw_to_dds.py
[2025-09-12T23:17:41.586+0000] {logging_mixin.py:150} INFO - [2025-09-12T23:17:41.585+0000] {dag.py:2742} INFO - Sync 1 DAGs
[2025-09-12T23:17:41.641+0000] {logging_mixin.py:150} INFO - [2025-09-12T23:17:41.641+0000] {dag.py:3508} INFO - Setting next_dagrun for raw_to_dds_enhanced to 2025-09-12T22:17:41.640707+00:00, run_after=2025-09-12T23:17:41.640707+00:00
[2025-09-12T23:17:41.694+0000] {processor.py:179} INFO - Processing /opt/airflow/dags/raw_to_dds.py took 5.453 seconds
[2025-09-12T23:18:12.338+0000] {processor.py:157} INFO - Started process (PID=214) to work on /opt/airflow/dags/raw_to_dds.py
[2025-09-12T23:18:12.353+0000] {processor.py:826} INFO - Processing file /opt/airflow/dags/raw_to_dds.py for tasks to queue
[2025-09-12T23:18:12.365+0000] {logging_mixin.py:150} INFO - [2025-09-12T23:18:12.362+0000] {dagbag.py:541} INFO - Filling up the DagBag from /opt/airflow/dags/raw_to_dds.py
[2025-09-12T23:18:16.819+0000] {logging_mixin.py:150} INFO - [2025-09-12T23:18:16.818+0000] {base.py:73} INFO - Using connection ID 'postgres_default' for task execution.
[2025-09-12T23:18:16.826+0000] {processor.py:836} INFO - DAG(s) dict_keys(['raw_to_dds_enhanced']) retrieved from /opt/airflow/dags/raw_to_dds.py
[2025-09-12T23:18:16.895+0000] {logging_mixin.py:150} INFO - [2025-09-12T23:18:16.895+0000] {dag.py:2742} INFO - Sync 1 DAGs
[2025-09-12T23:18:16.956+0000] {logging_mixin.py:150} INFO - [2025-09-12T23:18:16.956+0000] {dag.py:3508} INFO - Setting next_dagrun for raw_to_dds_enhanced to 2025-09-12T22:18:16.956113+00:00, run_after=2025-09-12T23:18:16.956113+00:00
[2025-09-12T23:18:17.023+0000] {processor.py:179} INFO - Processing /opt/airflow/dags/raw_to_dds.py took 4.744 seconds
[2025-09-12T23:18:47.605+0000] {processor.py:157} INFO - Started process (PID=263) to work on /opt/airflow/dags/raw_to_dds.py
[2025-09-12T23:18:47.607+0000] {processor.py:826} INFO - Processing file /opt/airflow/dags/raw_to_dds.py for tasks to queue
[2025-09-12T23:18:47.608+0000] {logging_mixin.py:150} INFO - [2025-09-12T23:18:47.608+0000] {dagbag.py:541} INFO - Filling up the DagBag from /opt/airflow/dags/raw_to_dds.py
[2025-09-12T23:18:48.365+0000] {logging_mixin.py:150} INFO - [2025-09-12T23:18:48.362+0000] {base.py:73} INFO - Using connection ID 'postgres_default' for task execution.
[2025-09-12T23:18:48.374+0000] {processor.py:836} INFO - DAG(s) dict_keys(['raw_to_dds_enhanced']) retrieved from /opt/airflow/dags/raw_to_dds.py
[2025-09-12T23:18:48.447+0000] {logging_mixin.py:150} INFO - [2025-09-12T23:18:48.446+0000] {dag.py:2742} INFO - Sync 1 DAGs
[2025-09-12T23:18:48.493+0000] {logging_mixin.py:150} INFO - [2025-09-12T23:18:48.492+0000] {dag.py:3508} INFO - Setting next_dagrun for raw_to_dds_enhanced to 2025-09-12T22:18:48.492600+00:00, run_after=2025-09-12T23:18:48.492600+00:00
[2025-09-12T23:18:48.534+0000] {processor.py:179} INFO - Processing /opt/airflow/dags/raw_to_dds.py took 0.933 seconds
[2025-09-12T23:19:20.135+0000] {processor.py:157} INFO - Started process (PID=306) to work on /opt/airflow/dags/raw_to_dds.py
[2025-09-12T23:19:20.140+0000] {processor.py:826} INFO - Processing file /opt/airflow/dags/raw_to_dds.py for tasks to queue
[2025-09-12T23:19:20.156+0000] {logging_mixin.py:150} INFO - [2025-09-12T23:19:20.155+0000] {dagbag.py:541} INFO - Filling up the DagBag from /opt/airflow/dags/raw_to_dds.py
[2025-09-12T23:19:27.120+0000] {logging_mixin.py:150} INFO - [2025-09-12T23:19:27.118+0000] {base.py:73} INFO - Using connection ID 'postgres_default' for task execution.
[2025-09-12T23:19:27.128+0000] {processor.py:836} INFO - DAG(s) dict_keys(['raw_to_dds_enhanced']) retrieved from /opt/airflow/dags/raw_to_dds.py
[2025-09-12T23:19:27.202+0000] {logging_mixin.py:150} INFO - [2025-09-12T23:19:27.201+0000] {dag.py:2742} INFO - Sync 1 DAGs
[2025-09-12T23:19:27.246+0000] {logging_mixin.py:150} INFO - [2025-09-12T23:19:27.246+0000] {dag.py:3508} INFO - Setting next_dagrun for raw_to_dds_enhanced to 2025-09-12T22:19:27.246331+00:00, run_after=2025-09-12T23:19:27.246331+00:00
[2025-09-12T23:19:27.280+0000] {processor.py:179} INFO - Processing /opt/airflow/dags/raw_to_dds.py took 7.235 seconds
[2025-09-12T23:19:57.871+0000] {processor.py:157} INFO - Started process (PID=354) to work on /opt/airflow/dags/raw_to_dds.py
[2025-09-12T23:19:57.873+0000] {processor.py:826} INFO - Processing file /opt/airflow/dags/raw_to_dds.py for tasks to queue
[2025-09-12T23:19:57.875+0000] {logging_mixin.py:150} INFO - [2025-09-12T23:19:57.874+0000] {dagbag.py:541} INFO - Filling up the DagBag from /opt/airflow/dags/raw_to_dds.py
[2025-09-12T23:19:59.691+0000] {logging_mixin.py:150} INFO - [2025-09-12T23:19:59.689+0000] {base.py:73} INFO - Using connection ID 'postgres_default' for task execution.
[2025-09-12T23:19:59.699+0000] {processor.py:836} INFO - DAG(s) dict_keys(['raw_to_dds_enhanced']) retrieved from /opt/airflow/dags/raw_to_dds.py
[2025-09-12T23:19:59.777+0000] {logging_mixin.py:150} INFO - [2025-09-12T23:19:59.777+0000] {dag.py:2742} INFO - Sync 1 DAGs
[2025-09-12T23:19:59.814+0000] {logging_mixin.py:150} INFO - [2025-09-12T23:19:59.814+0000] {dag.py:3508} INFO - Setting next_dagrun for raw_to_dds_enhanced to 2025-09-12T22:19:59.814320+00:00, run_after=2025-09-12T23:19:59.814320+00:00
[2025-09-12T23:19:59.849+0000] {processor.py:179} INFO - Processing /opt/airflow/dags/raw_to_dds.py took 1.982 seconds
[2025-09-12T23:20:30.011+0000] {processor.py:157} INFO - Started process (PID=388) to work on /opt/airflow/dags/raw_to_dds.py
[2025-09-12T23:20:30.013+0000] {processor.py:826} INFO - Processing file /opt/airflow/dags/raw_to_dds.py for tasks to queue
[2025-09-12T23:20:30.015+0000] {logging_mixin.py:150} INFO - [2025-09-12T23:20:30.014+0000] {dagbag.py:541} INFO - Filling up the DagBag from /opt/airflow/dags/raw_to_dds.py
[2025-09-12T23:20:33.095+0000] {logging_mixin.py:150} INFO - [2025-09-12T23:20:33.093+0000] {base.py:73} INFO - Using connection ID 'postgres_default' for task execution.
[2025-09-12T23:20:33.112+0000] {processor.py:836} INFO - DAG(s) dict_keys(['raw_to_dds_enhanced']) retrieved from /opt/airflow/dags/raw_to_dds.py
[2025-09-12T23:20:33.251+0000] {logging_mixin.py:150} INFO - [2025-09-12T23:20:33.250+0000] {dag.py:2742} INFO - Sync 1 DAGs
[2025-09-12T23:20:33.329+0000] {logging_mixin.py:150} INFO - [2025-09-12T23:20:33.329+0000] {dag.py:3508} INFO - Setting next_dagrun for raw_to_dds_enhanced to 2025-09-12T22:20:33.328669+00:00, run_after=2025-09-12T23:20:33.328669+00:00
[2025-09-12T23:20:33.381+0000] {processor.py:179} INFO - Processing /opt/airflow/dags/raw_to_dds.py took 3.392 seconds
[2025-09-12T23:21:03.768+0000] {processor.py:157} INFO - Started process (PID=429) to work on /opt/airflow/dags/raw_to_dds.py
[2025-09-12T23:21:03.773+0000] {processor.py:826} INFO - Processing file /opt/airflow/dags/raw_to_dds.py for tasks to queue
[2025-09-12T23:21:03.776+0000] {logging_mixin.py:150} INFO - [2025-09-12T23:21:03.775+0000] {dagbag.py:541} INFO - Filling up the DagBag from /opt/airflow/dags/raw_to_dds.py
[2025-09-12T23:21:06.849+0000] {logging_mixin.py:150} INFO - [2025-09-12T23:21:06.847+0000] {base.py:73} INFO - Using connection ID 'postgres_default' for task execution.
[2025-09-12T23:21:06.858+0000] {processor.py:836} INFO - DAG(s) dict_keys(['raw_to_dds_enhanced']) retrieved from /opt/airflow/dags/raw_to_dds.py
[2025-09-12T23:21:06.937+0000] {logging_mixin.py:150} INFO - [2025-09-12T23:21:06.936+0000] {dag.py:2742} INFO - Sync 1 DAGs
[2025-09-12T23:21:06.974+0000] {logging_mixin.py:150} INFO - [2025-09-12T23:21:06.974+0000] {dag.py:3508} INFO - Setting next_dagrun for raw_to_dds_enhanced to 2025-09-12T22:21:06.973845+00:00, run_after=2025-09-12T23:21:06.973845+00:00
[2025-09-12T23:21:07.111+0000] {processor.py:179} INFO - Processing /opt/airflow/dags/raw_to_dds.py took 3.366 seconds
[2025-09-12T23:21:37.717+0000] {processor.py:157} INFO - Started process (PID=477) to work on /opt/airflow/dags/raw_to_dds.py
[2025-09-12T23:21:37.718+0000] {processor.py:826} INFO - Processing file /opt/airflow/dags/raw_to_dds.py for tasks to queue
[2025-09-12T23:21:37.720+0000] {logging_mixin.py:150} INFO - [2025-09-12T23:21:37.719+0000] {dagbag.py:541} INFO - Filling up the DagBag from /opt/airflow/dags/raw_to_dds.py
[2025-09-12T23:21:39.110+0000] {logging_mixin.py:150} INFO - [2025-09-12T23:21:39.109+0000] {base.py:73} INFO - Using connection ID 'postgres_default' for task execution.
[2025-09-12T23:21:39.120+0000] {processor.py:836} INFO - DAG(s) dict_keys(['raw_to_dds_enhanced']) retrieved from /opt/airflow/dags/raw_to_dds.py
[2025-09-12T23:21:39.244+0000] {logging_mixin.py:150} INFO - [2025-09-12T23:21:39.243+0000] {dag.py:2742} INFO - Sync 1 DAGs
[2025-09-12T23:21:39.485+0000] {logging_mixin.py:150} INFO - [2025-09-12T23:21:39.484+0000] {dag.py:3508} INFO - Setting next_dagrun for raw_to_dds_enhanced to 2025-09-12T22:21:39.484507+00:00, run_after=2025-09-12T23:21:39.484507+00:00
[2025-09-12T23:21:39.535+0000] {processor.py:179} INFO - Processing /opt/airflow/dags/raw_to_dds.py took 1.829 seconds
[2025-09-12T23:22:09.604+0000] {processor.py:157} INFO - Started process (PID=519) to work on /opt/airflow/dags/raw_to_dds.py
[2025-09-12T23:22:09.606+0000] {processor.py:826} INFO - Processing file /opt/airflow/dags/raw_to_dds.py for tasks to queue
[2025-09-12T23:22:09.607+0000] {logging_mixin.py:150} INFO - [2025-09-12T23:22:09.607+0000] {dagbag.py:541} INFO - Filling up the DagBag from /opt/airflow/dags/raw_to_dds.py
[2025-09-12T23:22:11.635+0000] {logging_mixin.py:150} INFO - [2025-09-12T23:22:11.634+0000] {base.py:73} INFO - Using connection ID 'postgres_default' for task execution.
[2025-09-12T23:22:11.641+0000] {processor.py:836} INFO - DAG(s) dict_keys(['raw_to_dds_enhanced']) retrieved from /opt/airflow/dags/raw_to_dds.py
[2025-09-12T23:22:11.717+0000] {logging_mixin.py:150} INFO - [2025-09-12T23:22:11.716+0000] {dag.py:2742} INFO - Sync 1 DAGs
[2025-09-12T23:22:11.749+0000] {logging_mixin.py:150} INFO - [2025-09-12T23:22:11.749+0000] {dag.py:3508} INFO - Setting next_dagrun for raw_to_dds_enhanced to 2025-09-12T22:22:11.748863+00:00, run_after=2025-09-12T23:22:11.748863+00:00
[2025-09-12T23:22:11.778+0000] {processor.py:179} INFO - Processing /opt/airflow/dags/raw_to_dds.py took 2.178 seconds
[2025-09-12T23:22:42.640+0000] {processor.py:157} INFO - Started process (PID=562) to work on /opt/airflow/dags/raw_to_dds.py
[2025-09-12T23:22:42.641+0000] {processor.py:826} INFO - Processing file /opt/airflow/dags/raw_to_dds.py for tasks to queue
[2025-09-12T23:22:42.642+0000] {logging_mixin.py:150} INFO - [2025-09-12T23:22:42.642+0000] {dagbag.py:541} INFO - Filling up the DagBag from /opt/airflow/dags/raw_to_dds.py
[2025-09-12T23:22:43.320+0000] {logging_mixin.py:150} INFO - [2025-09-12T23:22:43.318+0000] {base.py:73} INFO - Using connection ID 'postgres_default' for task execution.
[2025-09-12T23:22:43.330+0000] {processor.py:836} INFO - DAG(s) dict_keys(['raw_to_dds_enhanced']) retrieved from /opt/airflow/dags/raw_to_dds.py
[2025-09-12T23:22:43.398+0000] {logging_mixin.py:150} INFO - [2025-09-12T23:22:43.397+0000] {dag.py:2742} INFO - Sync 1 DAGs
[2025-09-12T23:22:43.440+0000] {logging_mixin.py:150} INFO - [2025-09-12T23:22:43.439+0000] {dag.py:3508} INFO - Setting next_dagrun for raw_to_dds_enhanced to 2025-09-12T22:22:43.439547+00:00, run_after=2025-09-12T23:22:43.439547+00:00
[2025-09-12T23:22:43.478+0000] {processor.py:179} INFO - Processing /opt/airflow/dags/raw_to_dds.py took 0.842 seconds
[2025-09-12T23:29:41.343+0000] {processor.py:157} INFO - Started process (PID=166) to work on /opt/airflow/dags/raw_to_dds.py
[2025-09-12T23:29:41.366+0000] {processor.py:826} INFO - Processing file /opt/airflow/dags/raw_to_dds.py for tasks to queue
[2025-09-12T23:29:41.375+0000] {logging_mixin.py:150} INFO - [2025-09-12T23:29:41.372+0000] {dagbag.py:541} INFO - Filling up the DagBag from /opt/airflow/dags/raw_to_dds.py
[2025-09-12T23:34:20.453+0000] {processor.py:157} INFO - Started process (PID=188) to work on /opt/airflow/dags/raw_to_dds.py
[2025-09-12T23:34:20.477+0000] {processor.py:826} INFO - Processing file /opt/airflow/dags/raw_to_dds.py for tasks to queue
[2025-09-12T23:34:20.492+0000] {logging_mixin.py:150} INFO - [2025-09-12T23:34:20.491+0000] {dagbag.py:541} INFO - Filling up the DagBag from /opt/airflow/dags/raw_to_dds.py
[2025-09-12T23:34:26.072+0000] {logging_mixin.py:150} INFO - [2025-09-12T23:34:26.057+0000] {dagbag.py:350} ERROR - Failed to import: /opt/airflow/dags/raw_to_dds.py
Traceback (most recent call last):
  File "/home/airflow/.local/lib/python3.7/site-packages/airflow/models/dagbag.py", line 346, in parse
    loader.exec_module(new_module)
  File "<frozen importlib._bootstrap_external>", line 728, in exec_module
  File "<frozen importlib._bootstrap>", line 219, in _call_with_frames_removed
  File "/opt/airflow/dags/raw_to_dds.py", line 18, in <module>
    engine = pg_hook.get_sqlalchemy_engine()
  File "/home/airflow/.local/lib/python3.7/site-packages/airflow/providers/common/sql/hooks/sql.py", line 181, in get_sqlalchemy_engine
    return create_engine(self.get_uri(), **engine_kwargs)
  File "/home/airflow/.local/lib/python3.7/site-packages/airflow/providers/postgres/hooks/postgres.py", line 176, in get_uri
    conn = self.get_connection(getattr(self, self.conn_name_attr))
  File "/home/airflow/.local/lib/python3.7/site-packages/airflow/hooks/base.py", line 72, in get_connection
    conn = Connection.get_connection_from_secrets(conn_id)
  File "/home/airflow/.local/lib/python3.7/site-packages/airflow/models/connection.py", line 463, in get_connection_from_secrets
    raise AirflowNotFoundException(f"The conn_id `{conn_id}` isn't defined")
airflow.exceptions.AirflowNotFoundException: The conn_id `postgres_default` isn't defined
[2025-09-12T23:34:26.073+0000] {processor.py:838} WARNING - No viable dags retrieved from /opt/airflow/dags/raw_to_dds.py
[2025-09-12T23:34:26.099+0000] {processor.py:179} INFO - Processing /opt/airflow/dags/raw_to_dds.py took 5.662 seconds
[2025-09-12T23:34:56.475+0000] {processor.py:157} INFO - Started process (PID=231) to work on /opt/airflow/dags/raw_to_dds.py
[2025-09-12T23:34:56.477+0000] {processor.py:826} INFO - Processing file /opt/airflow/dags/raw_to_dds.py for tasks to queue
[2025-09-12T23:34:56.479+0000] {logging_mixin.py:150} INFO - [2025-09-12T23:34:56.478+0000] {dagbag.py:541} INFO - Filling up the DagBag from /opt/airflow/dags/raw_to_dds.py
[2025-09-12T23:34:59.231+0000] {logging_mixin.py:150} INFO - [2025-09-12T23:34:59.226+0000] {base.py:73} INFO - Using connection ID 'postgres_default' for task execution.
[2025-09-12T23:34:59.242+0000] {processor.py:836} INFO - DAG(s) dict_keys(['raw_to_dds_enhanced']) retrieved from /opt/airflow/dags/raw_to_dds.py
[2025-09-12T23:34:59.470+0000] {logging_mixin.py:150} INFO - [2025-09-12T23:34:59.469+0000] {dag.py:2742} INFO - Sync 1 DAGs
[2025-09-12T23:34:59.518+0000] {logging_mixin.py:150} INFO - [2025-09-12T23:34:59.518+0000] {dag.py:3508} INFO - Setting next_dagrun for raw_to_dds_enhanced to 2025-09-12T22:34:59.516300+00:00, run_after=2025-09-12T23:34:59.516300+00:00
[2025-09-12T23:34:59.559+0000] {processor.py:179} INFO - Processing /opt/airflow/dags/raw_to_dds.py took 3.090 seconds
[2025-09-12T23:35:29.967+0000] {processor.py:157} INFO - Started process (PID=272) to work on /opt/airflow/dags/raw_to_dds.py
[2025-09-12T23:35:29.968+0000] {processor.py:826} INFO - Processing file /opt/airflow/dags/raw_to_dds.py for tasks to queue
[2025-09-12T23:35:29.970+0000] {logging_mixin.py:150} INFO - [2025-09-12T23:35:29.969+0000] {dagbag.py:541} INFO - Filling up the DagBag from /opt/airflow/dags/raw_to_dds.py
[2025-09-12T23:35:35.207+0000] {logging_mixin.py:150} INFO - [2025-09-12T23:35:35.202+0000] {base.py:73} INFO - Using connection ID 'postgres_default' for task execution.
[2025-09-12T23:35:35.215+0000] {processor.py:836} INFO - DAG(s) dict_keys(['raw_to_dds_enhanced']) retrieved from /opt/airflow/dags/raw_to_dds.py
[2025-09-12T23:35:35.281+0000] {logging_mixin.py:150} INFO - [2025-09-12T23:35:35.280+0000] {dag.py:2742} INFO - Sync 1 DAGs
[2025-09-12T23:35:35.342+0000] {logging_mixin.py:150} INFO - [2025-09-12T23:35:35.342+0000] {dag.py:3508} INFO - Setting next_dagrun for raw_to_dds_enhanced to 2025-09-12T22:35:35.341851+00:00, run_after=2025-09-12T23:35:35.341851+00:00
[2025-09-12T23:35:35.394+0000] {processor.py:179} INFO - Processing /opt/airflow/dags/raw_to_dds.py took 5.436 seconds
[2025-09-12T23:36:06.660+0000] {processor.py:157} INFO - Started process (PID=318) to work on /opt/airflow/dags/raw_to_dds.py
[2025-09-12T23:36:06.697+0000] {processor.py:826} INFO - Processing file /opt/airflow/dags/raw_to_dds.py for tasks to queue
[2025-09-12T23:36:06.712+0000] {logging_mixin.py:150} INFO - [2025-09-12T23:36:06.709+0000] {dagbag.py:541} INFO - Filling up the DagBag from /opt/airflow/dags/raw_to_dds.py
[2025-09-12T23:36:19.598+0000] {logging_mixin.py:150} INFO - [2025-09-12T23:36:19.590+0000] {base.py:73} INFO - Using connection ID 'postgres_default' for task execution.
[2025-09-12T23:36:19.637+0000] {processor.py:836} INFO - DAG(s) dict_keys(['raw_to_dds_enhanced']) retrieved from /opt/airflow/dags/raw_to_dds.py
[2025-09-12T23:36:19.888+0000] {logging_mixin.py:150} INFO - [2025-09-12T23:36:19.886+0000] {dag.py:2742} INFO - Sync 1 DAGs
[2025-09-12T23:36:20.000+0000] {logging_mixin.py:150} INFO - [2025-09-12T23:36:19.999+0000] {dag.py:3508} INFO - Setting next_dagrun for raw_to_dds_enhanced to 2025-09-12T23:35:35.341851+00:00, run_after=2025-09-13T00:35:35.341851+00:00
[2025-09-12T23:36:20.141+0000] {processor.py:179} INFO - Processing /opt/airflow/dags/raw_to_dds.py took 13.666 seconds
[2025-09-12T23:36:50.297+0000] {processor.py:157} INFO - Started process (PID=398) to work on /opt/airflow/dags/raw_to_dds.py
[2025-09-12T23:36:50.300+0000] {processor.py:826} INFO - Processing file /opt/airflow/dags/raw_to_dds.py for tasks to queue
[2025-09-12T23:36:50.303+0000] {logging_mixin.py:150} INFO - [2025-09-12T23:36:50.302+0000] {dagbag.py:541} INFO - Filling up the DagBag from /opt/airflow/dags/raw_to_dds.py
[2025-09-12T23:36:51.931+0000] {logging_mixin.py:150} INFO - [2025-09-12T23:36:51.930+0000] {base.py:73} INFO - Using connection ID 'postgres_default' for task execution.
[2025-09-12T23:36:51.941+0000] {processor.py:836} INFO - DAG(s) dict_keys(['raw_to_dds_enhanced']) retrieved from /opt/airflow/dags/raw_to_dds.py
[2025-09-12T23:36:52.023+0000] {logging_mixin.py:150} INFO - [2025-09-12T23:36:52.022+0000] {dag.py:2742} INFO - Sync 1 DAGs
[2025-09-12T23:36:52.075+0000] {logging_mixin.py:150} INFO - [2025-09-12T23:36:52.075+0000] {dag.py:3508} INFO - Setting next_dagrun for raw_to_dds_enhanced to 2025-09-12T23:35:35.341851+00:00, run_after=2025-09-13T00:35:35.341851+00:00
[2025-09-12T23:36:52.116+0000] {processor.py:179} INFO - Processing /opt/airflow/dags/raw_to_dds.py took 1.829 seconds
[2025-09-12T23:37:22.274+0000] {processor.py:157} INFO - Started process (PID=439) to work on /opt/airflow/dags/raw_to_dds.py
[2025-09-12T23:37:22.277+0000] {processor.py:826} INFO - Processing file /opt/airflow/dags/raw_to_dds.py for tasks to queue
[2025-09-12T23:37:22.279+0000] {logging_mixin.py:150} INFO - [2025-09-12T23:37:22.279+0000] {dagbag.py:541} INFO - Filling up the DagBag from /opt/airflow/dags/raw_to_dds.py
[2025-09-12T23:37:23.352+0000] {logging_mixin.py:150} INFO - [2025-09-12T23:37:23.350+0000] {base.py:73} INFO - Using connection ID 'postgres_default' for task execution.
[2025-09-12T23:37:23.359+0000] {processor.py:836} INFO - DAG(s) dict_keys(['raw_to_dds_enhanced']) retrieved from /opt/airflow/dags/raw_to_dds.py
[2025-09-12T23:37:23.419+0000] {logging_mixin.py:150} INFO - [2025-09-12T23:37:23.418+0000] {dag.py:2742} INFO - Sync 1 DAGs
[2025-09-12T23:37:23.457+0000] {logging_mixin.py:150} INFO - [2025-09-12T23:37:23.457+0000] {dag.py:3508} INFO - Setting next_dagrun for raw_to_dds_enhanced to 2025-09-12T23:35:35.341851+00:00, run_after=2025-09-13T00:35:35.341851+00:00
[2025-09-12T23:37:23.490+0000] {processor.py:179} INFO - Processing /opt/airflow/dags/raw_to_dds.py took 1.224 seconds
[2025-09-12T23:37:53.725+0000] {processor.py:157} INFO - Started process (PID=484) to work on /opt/airflow/dags/raw_to_dds.py
[2025-09-12T23:37:53.727+0000] {processor.py:826} INFO - Processing file /opt/airflow/dags/raw_to_dds.py for tasks to queue
[2025-09-12T23:37:53.728+0000] {logging_mixin.py:150} INFO - [2025-09-12T23:37:53.727+0000] {dagbag.py:541} INFO - Filling up the DagBag from /opt/airflow/dags/raw_to_dds.py
[2025-09-12T23:37:54.603+0000] {logging_mixin.py:150} INFO - [2025-09-12T23:37:54.602+0000] {base.py:73} INFO - Using connection ID 'postgres_default' for task execution.
[2025-09-12T23:37:54.610+0000] {processor.py:836} INFO - DAG(s) dict_keys(['raw_to_dds_enhanced']) retrieved from /opt/airflow/dags/raw_to_dds.py
[2025-09-12T23:37:54.686+0000] {logging_mixin.py:150} INFO - [2025-09-12T23:37:54.685+0000] {dag.py:2742} INFO - Sync 1 DAGs
[2025-09-12T23:37:54.731+0000] {logging_mixin.py:150} INFO - [2025-09-12T23:37:54.730+0000] {dag.py:3508} INFO - Setting next_dagrun for raw_to_dds_enhanced to 2025-09-12T23:35:35.341851+00:00, run_after=2025-09-13T00:35:35.341851+00:00
[2025-09-12T23:37:54.864+0000] {processor.py:179} INFO - Processing /opt/airflow/dags/raw_to_dds.py took 1.143 seconds
[2025-09-12T23:38:25.501+0000] {processor.py:157} INFO - Started process (PID=536) to work on /opt/airflow/dags/raw_to_dds.py
[2025-09-12T23:38:25.503+0000] {processor.py:826} INFO - Processing file /opt/airflow/dags/raw_to_dds.py for tasks to queue
[2025-09-12T23:38:25.504+0000] {logging_mixin.py:150} INFO - [2025-09-12T23:38:25.503+0000] {dagbag.py:541} INFO - Filling up the DagBag from /opt/airflow/dags/raw_to_dds.py
[2025-09-12T23:38:26.348+0000] {logging_mixin.py:150} INFO - [2025-09-12T23:38:26.346+0000] {base.py:73} INFO - Using connection ID 'postgres_default' for task execution.
[2025-09-12T23:38:26.356+0000] {processor.py:836} INFO - DAG(s) dict_keys(['raw_to_dds_enhanced']) retrieved from /opt/airflow/dags/raw_to_dds.py
[2025-09-12T23:38:26.409+0000] {logging_mixin.py:150} INFO - [2025-09-12T23:38:26.408+0000] {dag.py:2742} INFO - Sync 1 DAGs
[2025-09-12T23:38:26.528+0000] {logging_mixin.py:150} INFO - [2025-09-12T23:38:26.527+0000] {dag.py:3508} INFO - Setting next_dagrun for raw_to_dds_enhanced to 2025-09-12T23:35:35.341851+00:00, run_after=2025-09-13T00:35:35.341851+00:00
[2025-09-12T23:38:26.561+0000] {processor.py:179} INFO - Processing /opt/airflow/dags/raw_to_dds.py took 1.064 seconds
[2025-09-12T23:38:57.087+0000] {processor.py:157} INFO - Started process (PID=583) to work on /opt/airflow/dags/raw_to_dds.py
[2025-09-12T23:38:57.088+0000] {processor.py:826} INFO - Processing file /opt/airflow/dags/raw_to_dds.py for tasks to queue
[2025-09-12T23:38:57.090+0000] {logging_mixin.py:150} INFO - [2025-09-12T23:38:57.089+0000] {dagbag.py:541} INFO - Filling up the DagBag from /opt/airflow/dags/raw_to_dds.py
[2025-09-12T23:38:57.810+0000] {logging_mixin.py:150} INFO - [2025-09-12T23:38:57.809+0000] {base.py:73} INFO - Using connection ID 'postgres_default' for task execution.
[2025-09-12T23:38:57.816+0000] {processor.py:836} INFO - DAG(s) dict_keys(['raw_to_dds_enhanced']) retrieved from /opt/airflow/dags/raw_to_dds.py
[2025-09-12T23:38:57.966+0000] {logging_mixin.py:150} INFO - [2025-09-12T23:38:57.965+0000] {dag.py:2742} INFO - Sync 1 DAGs
[2025-09-12T23:38:58.038+0000] {logging_mixin.py:150} INFO - [2025-09-12T23:38:58.038+0000] {dag.py:3508} INFO - Setting next_dagrun for raw_to_dds_enhanced to 2025-09-12T23:35:35.341851+00:00, run_after=2025-09-13T00:35:35.341851+00:00
[2025-09-12T23:38:58.084+0000] {processor.py:179} INFO - Processing /opt/airflow/dags/raw_to_dds.py took 1.004 seconds
[2025-09-12T23:40:08.352+0000] {processor.py:157} INFO - Started process (PID=164) to work on /opt/airflow/dags/raw_to_dds.py
[2025-09-12T23:40:08.373+0000] {processor.py:826} INFO - Processing file /opt/airflow/dags/raw_to_dds.py for tasks to queue
[2025-09-12T23:40:08.383+0000] {logging_mixin.py:150} INFO - [2025-09-12T23:40:08.379+0000] {dagbag.py:541} INFO - Filling up the DagBag from /opt/airflow/dags/raw_to_dds.py
[2025-09-12T23:40:11.865+0000] {logging_mixin.py:150} INFO - [2025-09-12T23:40:11.858+0000] {base.py:73} INFO - Using connection ID 'postgres_default' for task execution.
[2025-09-12T23:40:11.892+0000] {processor.py:836} INFO - DAG(s) dict_keys(['raw_to_dds_enhanced']) retrieved from /opt/airflow/dags/raw_to_dds.py
[2025-09-12T23:40:14.317+0000] {logging_mixin.py:150} INFO - [2025-09-12T23:40:14.316+0000] {dag.py:2742} INFO - Sync 1 DAGs
[2025-09-12T23:40:14.388+0000] {logging_mixin.py:150} INFO - [2025-09-12T23:40:14.388+0000] {dag.py:3508} INFO - Setting next_dagrun for raw_to_dds_enhanced to 2025-09-12T23:35:35.341851+00:00, run_after=2025-09-13T00:35:35.341851+00:00
[2025-09-12T23:40:14.437+0000] {processor.py:179} INFO - Processing /opt/airflow/dags/raw_to_dds.py took 6.107 seconds
[2025-09-12T23:40:45.157+0000] {processor.py:157} INFO - Started process (PID=210) to work on /opt/airflow/dags/raw_to_dds.py
[2025-09-12T23:40:45.158+0000] {processor.py:826} INFO - Processing file /opt/airflow/dags/raw_to_dds.py for tasks to queue
[2025-09-12T23:40:45.159+0000] {logging_mixin.py:150} INFO - [2025-09-12T23:40:45.159+0000] {dagbag.py:541} INFO - Filling up the DagBag from /opt/airflow/dags/raw_to_dds.py
[2025-09-12T23:40:47.160+0000] {logging_mixin.py:150} INFO - [2025-09-12T23:40:47.156+0000] {base.py:73} INFO - Using connection ID 'postgres_default' for task execution.
[2025-09-12T23:40:47.173+0000] {processor.py:836} INFO - DAG(s) dict_keys(['raw_to_dds_enhanced']) retrieved from /opt/airflow/dags/raw_to_dds.py
[2025-09-12T23:40:47.247+0000] {logging_mixin.py:150} INFO - [2025-09-12T23:40:47.246+0000] {dag.py:2742} INFO - Sync 1 DAGs
[2025-09-12T23:40:47.310+0000] {logging_mixin.py:150} INFO - [2025-09-12T23:40:47.309+0000] {dag.py:3508} INFO - Setting next_dagrun for raw_to_dds_enhanced to 2025-09-12T23:35:35.341851+00:00, run_after=2025-09-13T00:35:35.341851+00:00
[2025-09-12T23:40:47.347+0000] {processor.py:179} INFO - Processing /opt/airflow/dags/raw_to_dds.py took 2.194 seconds
[2025-09-12T23:41:17.576+0000] {processor.py:157} INFO - Started process (PID=251) to work on /opt/airflow/dags/raw_to_dds.py
[2025-09-12T23:41:17.578+0000] {processor.py:826} INFO - Processing file /opt/airflow/dags/raw_to_dds.py for tasks to queue
[2025-09-12T23:41:17.579+0000] {logging_mixin.py:150} INFO - [2025-09-12T23:41:17.579+0000] {dagbag.py:541} INFO - Filling up the DagBag from /opt/airflow/dags/raw_to_dds.py
[2025-09-12T23:41:19.806+0000] {logging_mixin.py:150} INFO - [2025-09-12T23:41:19.791+0000] {base.py:73} INFO - Using connection ID 'postgres_default' for task execution.
[2025-09-12T23:41:19.838+0000] {processor.py:836} INFO - DAG(s) dict_keys(['raw_to_dds_enhanced']) retrieved from /opt/airflow/dags/raw_to_dds.py
[2025-09-12T23:41:20.018+0000] {logging_mixin.py:150} INFO - [2025-09-12T23:41:20.016+0000] {dag.py:2742} INFO - Sync 1 DAGs
[2025-09-12T23:41:20.182+0000] {logging_mixin.py:150} INFO - [2025-09-12T23:41:20.182+0000] {dag.py:3508} INFO - Setting next_dagrun for raw_to_dds_enhanced to 2025-09-12T23:35:35.341851+00:00, run_after=2025-09-13T00:35:35.341851+00:00
[2025-09-12T23:41:20.264+0000] {processor.py:179} INFO - Processing /opt/airflow/dags/raw_to_dds.py took 2.693 seconds
[2025-09-12T23:41:50.708+0000] {processor.py:157} INFO - Started process (PID=336) to work on /opt/airflow/dags/raw_to_dds.py
[2025-09-12T23:41:50.711+0000] {processor.py:826} INFO - Processing file /opt/airflow/dags/raw_to_dds.py for tasks to queue
[2025-09-12T23:41:50.714+0000] {logging_mixin.py:150} INFO - [2025-09-12T23:41:50.713+0000] {dagbag.py:541} INFO - Filling up the DagBag from /opt/airflow/dags/raw_to_dds.py
[2025-09-12T23:41:51.971+0000] {logging_mixin.py:150} INFO - [2025-09-12T23:41:51.970+0000] {base.py:73} INFO - Using connection ID 'postgres_default' for task execution.
[2025-09-12T23:41:51.982+0000] {processor.py:836} INFO - DAG(s) dict_keys(['raw_to_dds_enhanced']) retrieved from /opt/airflow/dags/raw_to_dds.py
[2025-09-12T23:41:52.074+0000] {logging_mixin.py:150} INFO - [2025-09-12T23:41:52.073+0000] {dag.py:2742} INFO - Sync 1 DAGs
[2025-09-12T23:41:52.132+0000] {logging_mixin.py:150} INFO - [2025-09-12T23:41:52.131+0000] {dag.py:3508} INFO - Setting next_dagrun for raw_to_dds_enhanced to 2025-09-12T23:35:35.341851+00:00, run_after=2025-09-13T00:35:35.341851+00:00
[2025-09-12T23:41:52.188+0000] {processor.py:179} INFO - Processing /opt/airflow/dags/raw_to_dds.py took 1.541 seconds
[2025-09-12T23:42:22.383+0000] {processor.py:157} INFO - Started process (PID=377) to work on /opt/airflow/dags/raw_to_dds.py
[2025-09-12T23:42:22.384+0000] {processor.py:826} INFO - Processing file /opt/airflow/dags/raw_to_dds.py for tasks to queue
[2025-09-12T23:42:22.385+0000] {logging_mixin.py:150} INFO - [2025-09-12T23:42:22.385+0000] {dagbag.py:541} INFO - Filling up the DagBag from /opt/airflow/dags/raw_to_dds.py
[2025-09-12T23:42:23.090+0000] {logging_mixin.py:150} INFO - [2025-09-12T23:42:23.089+0000] {base.py:73} INFO - Using connection ID 'postgres_default' for task execution.
[2025-09-12T23:42:23.097+0000] {processor.py:836} INFO - DAG(s) dict_keys(['raw_to_dds_enhanced']) retrieved from /opt/airflow/dags/raw_to_dds.py
[2025-09-12T23:42:23.154+0000] {logging_mixin.py:150} INFO - [2025-09-12T23:42:23.153+0000] {dag.py:2742} INFO - Sync 1 DAGs
[2025-09-12T23:42:23.185+0000] {logging_mixin.py:150} INFO - [2025-09-12T23:42:23.185+0000] {dag.py:3508} INFO - Setting next_dagrun for raw_to_dds_enhanced to 2025-09-12T23:35:35.341851+00:00, run_after=2025-09-13T00:35:35.341851+00:00
[2025-09-12T23:42:23.213+0000] {processor.py:179} INFO - Processing /opt/airflow/dags/raw_to_dds.py took 0.833 seconds
[2025-09-12T23:42:54.064+0000] {processor.py:157} INFO - Started process (PID=418) to work on /opt/airflow/dags/raw_to_dds.py
[2025-09-12T23:42:54.065+0000] {processor.py:826} INFO - Processing file /opt/airflow/dags/raw_to_dds.py for tasks to queue
[2025-09-12T23:42:54.066+0000] {logging_mixin.py:150} INFO - [2025-09-12T23:42:54.066+0000] {dagbag.py:541} INFO - Filling up the DagBag from /opt/airflow/dags/raw_to_dds.py
[2025-09-12T23:42:54.859+0000] {logging_mixin.py:150} INFO - [2025-09-12T23:42:54.857+0000] {base.py:73} INFO - Using connection ID 'postgres_default' for task execution.
[2025-09-12T23:42:54.865+0000] {processor.py:836} INFO - DAG(s) dict_keys(['raw_to_dds_enhanced']) retrieved from /opt/airflow/dags/raw_to_dds.py
[2025-09-12T23:42:54.920+0000] {logging_mixin.py:150} INFO - [2025-09-12T23:42:54.920+0000] {dag.py:2742} INFO - Sync 1 DAGs
[2025-09-12T23:42:54.951+0000] {logging_mixin.py:150} INFO - [2025-09-12T23:42:54.951+0000] {dag.py:3508} INFO - Setting next_dagrun for raw_to_dds_enhanced to 2025-09-12T23:35:35.341851+00:00, run_after=2025-09-13T00:35:35.341851+00:00
[2025-09-12T23:42:54.982+0000] {processor.py:179} INFO - Processing /opt/airflow/dags/raw_to_dds.py took 0.922 seconds
