[2025-09-12T22:49:09.079+0000] {processor.py:157} INFO - Started process (PID=199) to work on /opt/airflow/dags/telegram_alerts.py
[2025-09-12T22:49:09.081+0000] {processor.py:826} INFO - Processing file /opt/airflow/dags/telegram_alerts.py for tasks to queue
[2025-09-12T22:49:09.083+0000] {logging_mixin.py:150} INFO - [2025-09-12T22:49:09.082+0000] {dagbag.py:541} INFO - Filling up the DagBag from /opt/airflow/dags/telegram_alerts.py
[2025-09-12T22:49:09.100+0000] {processor.py:838} WARNING - No viable dags retrieved from /opt/airflow/dags/telegram_alerts.py
[2025-09-12T22:49:09.135+0000] {processor.py:179} INFO - Processing /opt/airflow/dags/telegram_alerts.py took 0.062 seconds
[2025-09-12T23:09:54.683+0000] {processor.py:157} INFO - Started process (PID=201) to work on /opt/airflow/dags/telegram_alerts.py
[2025-09-12T23:09:54.690+0000] {processor.py:826} INFO - Processing file /opt/airflow/dags/telegram_alerts.py for tasks to queue
[2025-09-12T23:09:54.692+0000] {logging_mixin.py:150} INFO - [2025-09-12T23:09:54.692+0000] {dagbag.py:541} INFO - Filling up the DagBag from /opt/airflow/dags/telegram_alerts.py
[2025-09-12T23:09:54.703+0000] {processor.py:838} WARNING - No viable dags retrieved from /opt/airflow/dags/telegram_alerts.py
[2025-09-12T23:09:54.734+0000] {processor.py:179} INFO - Processing /opt/airflow/dags/telegram_alerts.py took 0.055 seconds
[2025-09-12T23:10:25.491+0000] {processor.py:157} INFO - Started process (PID=240) to work on /opt/airflow/dags/telegram_alerts.py
[2025-09-12T23:10:25.492+0000] {processor.py:826} INFO - Processing file /opt/airflow/dags/telegram_alerts.py for tasks to queue
[2025-09-12T23:10:25.493+0000] {logging_mixin.py:150} INFO - [2025-09-12T23:10:25.493+0000] {dagbag.py:541} INFO - Filling up the DagBag from /opt/airflow/dags/telegram_alerts.py
[2025-09-12T23:10:25.504+0000] {processor.py:838} WARNING - No viable dags retrieved from /opt/airflow/dags/telegram_alerts.py
[2025-09-12T23:10:25.525+0000] {processor.py:179} INFO - Processing /opt/airflow/dags/telegram_alerts.py took 0.038 seconds
[2025-09-12T23:10:57.155+0000] {processor.py:157} INFO - Started process (PID=283) to work on /opt/airflow/dags/telegram_alerts.py
[2025-09-12T23:10:57.156+0000] {processor.py:826} INFO - Processing file /opt/airflow/dags/telegram_alerts.py for tasks to queue
[2025-09-12T23:10:57.157+0000] {logging_mixin.py:150} INFO - [2025-09-12T23:10:57.157+0000] {dagbag.py:541} INFO - Filling up the DagBag from /opt/airflow/dags/telegram_alerts.py
[2025-09-12T23:10:57.168+0000] {processor.py:838} WARNING - No viable dags retrieved from /opt/airflow/dags/telegram_alerts.py
[2025-09-12T23:10:57.189+0000] {processor.py:179} INFO - Processing /opt/airflow/dags/telegram_alerts.py took 0.038 seconds
[2025-09-12T23:11:28.666+0000] {processor.py:157} INFO - Started process (PID=322) to work on /opt/airflow/dags/telegram_alerts.py
[2025-09-12T23:11:28.667+0000] {processor.py:826} INFO - Processing file /opt/airflow/dags/telegram_alerts.py for tasks to queue
[2025-09-12T23:11:28.668+0000] {logging_mixin.py:150} INFO - [2025-09-12T23:11:28.667+0000] {dagbag.py:541} INFO - Filling up the DagBag from /opt/airflow/dags/telegram_alerts.py
[2025-09-12T23:11:28.677+0000] {processor.py:838} WARNING - No viable dags retrieved from /opt/airflow/dags/telegram_alerts.py
[2025-09-12T23:11:28.696+0000] {processor.py:179} INFO - Processing /opt/airflow/dags/telegram_alerts.py took 0.034 seconds
[2025-09-12T23:12:00.098+0000] {processor.py:157} INFO - Started process (PID=363) to work on /opt/airflow/dags/telegram_alerts.py
[2025-09-12T23:12:00.099+0000] {processor.py:826} INFO - Processing file /opt/airflow/dags/telegram_alerts.py for tasks to queue
[2025-09-12T23:12:00.101+0000] {logging_mixin.py:150} INFO - [2025-09-12T23:12:00.100+0000] {dagbag.py:541} INFO - Filling up the DagBag from /opt/airflow/dags/telegram_alerts.py
[2025-09-12T23:12:00.109+0000] {processor.py:838} WARNING - No viable dags retrieved from /opt/airflow/dags/telegram_alerts.py
[2025-09-12T23:12:00.128+0000] {processor.py:179} INFO - Processing /opt/airflow/dags/telegram_alerts.py took 0.034 seconds
[2025-09-12T23:12:31.585+0000] {processor.py:157} INFO - Started process (PID=404) to work on /opt/airflow/dags/telegram_alerts.py
[2025-09-12T23:12:31.586+0000] {processor.py:826} INFO - Processing file /opt/airflow/dags/telegram_alerts.py for tasks to queue
[2025-09-12T23:12:31.587+0000] {logging_mixin.py:150} INFO - [2025-09-12T23:12:31.587+0000] {dagbag.py:541} INFO - Filling up the DagBag from /opt/airflow/dags/telegram_alerts.py
[2025-09-12T23:12:31.597+0000] {processor.py:838} WARNING - No viable dags retrieved from /opt/airflow/dags/telegram_alerts.py
[2025-09-12T23:12:31.615+0000] {processor.py:179} INFO - Processing /opt/airflow/dags/telegram_alerts.py took 0.033 seconds
[2025-09-12T23:13:03.341+0000] {processor.py:157} INFO - Started process (PID=445) to work on /opt/airflow/dags/telegram_alerts.py
[2025-09-12T23:13:03.342+0000] {processor.py:826} INFO - Processing file /opt/airflow/dags/telegram_alerts.py for tasks to queue
[2025-09-12T23:13:03.343+0000] {logging_mixin.py:150} INFO - [2025-09-12T23:13:03.343+0000] {dagbag.py:541} INFO - Filling up the DagBag from /opt/airflow/dags/telegram_alerts.py
[2025-09-12T23:13:03.352+0000] {processor.py:838} WARNING - No viable dags retrieved from /opt/airflow/dags/telegram_alerts.py
[2025-09-12T23:13:03.371+0000] {processor.py:179} INFO - Processing /opt/airflow/dags/telegram_alerts.py took 0.034 seconds
[2025-09-12T23:13:34.901+0000] {processor.py:157} INFO - Started process (PID=486) to work on /opt/airflow/dags/telegram_alerts.py
[2025-09-12T23:13:34.902+0000] {processor.py:826} INFO - Processing file /opt/airflow/dags/telegram_alerts.py for tasks to queue
[2025-09-12T23:13:34.904+0000] {logging_mixin.py:150} INFO - [2025-09-12T23:13:34.903+0000] {dagbag.py:541} INFO - Filling up the DagBag from /opt/airflow/dags/telegram_alerts.py
[2025-09-12T23:13:34.916+0000] {processor.py:838} WARNING - No viable dags retrieved from /opt/airflow/dags/telegram_alerts.py
[2025-09-12T23:13:34.936+0000] {processor.py:179} INFO - Processing /opt/airflow/dags/telegram_alerts.py took 0.040 seconds
[2025-09-12T23:14:07.142+0000] {processor.py:157} INFO - Started process (PID=527) to work on /opt/airflow/dags/telegram_alerts.py
[2025-09-12T23:14:07.143+0000] {processor.py:826} INFO - Processing file /opt/airflow/dags/telegram_alerts.py for tasks to queue
[2025-09-12T23:14:07.144+0000] {logging_mixin.py:150} INFO - [2025-09-12T23:14:07.144+0000] {dagbag.py:541} INFO - Filling up the DagBag from /opt/airflow/dags/telegram_alerts.py
[2025-09-12T23:14:07.156+0000] {processor.py:838} WARNING - No viable dags retrieved from /opt/airflow/dags/telegram_alerts.py
[2025-09-12T23:14:07.177+0000] {processor.py:179} INFO - Processing /opt/airflow/dags/telegram_alerts.py took 0.039 seconds
[2025-09-12T23:14:38.617+0000] {processor.py:157} INFO - Started process (PID=576) to work on /opt/airflow/dags/telegram_alerts.py
[2025-09-12T23:14:38.618+0000] {processor.py:826} INFO - Processing file /opt/airflow/dags/telegram_alerts.py for tasks to queue
[2025-09-12T23:14:38.619+0000] {logging_mixin.py:150} INFO - [2025-09-12T23:14:38.619+0000] {dagbag.py:541} INFO - Filling up the DagBag from /opt/airflow/dags/telegram_alerts.py
[2025-09-12T23:14:38.631+0000] {processor.py:838} WARNING - No viable dags retrieved from /opt/airflow/dags/telegram_alerts.py
[2025-09-12T23:14:38.657+0000] {processor.py:179} INFO - Processing /opt/airflow/dags/telegram_alerts.py took 0.044 seconds
[2025-09-12T23:17:42.290+0000] {processor.py:157} INFO - Started process (PID=201) to work on /opt/airflow/dags/telegram_alerts.py
[2025-09-12T23:17:42.291+0000] {processor.py:826} INFO - Processing file /opt/airflow/dags/telegram_alerts.py for tasks to queue
[2025-09-12T23:17:42.293+0000] {logging_mixin.py:150} INFO - [2025-09-12T23:17:42.292+0000] {dagbag.py:541} INFO - Filling up the DagBag from /opt/airflow/dags/telegram_alerts.py
[2025-09-12T23:17:42.304+0000] {processor.py:838} WARNING - No viable dags retrieved from /opt/airflow/dags/telegram_alerts.py
[2025-09-12T23:17:42.328+0000] {processor.py:179} INFO - Processing /opt/airflow/dags/telegram_alerts.py took 0.043 seconds
[2025-09-12T23:18:17.179+0000] {processor.py:157} INFO - Started process (PID=240) to work on /opt/airflow/dags/telegram_alerts.py
[2025-09-12T23:18:17.186+0000] {processor.py:826} INFO - Processing file /opt/airflow/dags/telegram_alerts.py for tasks to queue
[2025-09-12T23:18:17.187+0000] {logging_mixin.py:150} INFO - [2025-09-12T23:18:17.187+0000] {dagbag.py:541} INFO - Filling up the DagBag from /opt/airflow/dags/telegram_alerts.py
[2025-09-12T23:18:17.198+0000] {processor.py:838} WARNING - No viable dags retrieved from /opt/airflow/dags/telegram_alerts.py
[2025-09-12T23:18:17.355+0000] {processor.py:179} INFO - Processing /opt/airflow/dags/telegram_alerts.py took 0.183 seconds
[2025-09-12T23:18:47.892+0000] {processor.py:157} INFO - Started process (PID=280) to work on /opt/airflow/dags/telegram_alerts.py
[2025-09-12T23:18:47.894+0000] {processor.py:826} INFO - Processing file /opt/airflow/dags/telegram_alerts.py for tasks to queue
[2025-09-12T23:18:47.895+0000] {logging_mixin.py:150} INFO - [2025-09-12T23:18:47.895+0000] {dagbag.py:541} INFO - Filling up the DagBag from /opt/airflow/dags/telegram_alerts.py
[2025-09-12T23:18:47.904+0000] {processor.py:838} WARNING - No viable dags retrieved from /opt/airflow/dags/telegram_alerts.py
[2025-09-12T23:18:47.928+0000] {processor.py:179} INFO - Processing /opt/airflow/dags/telegram_alerts.py took 0.040 seconds
[2025-09-12T23:19:19.636+0000] {processor.py:157} INFO - Started process (PID=301) to work on /opt/airflow/dags/telegram_alerts.py
[2025-09-12T23:19:19.638+0000] {processor.py:826} INFO - Processing file /opt/airflow/dags/telegram_alerts.py for tasks to queue
[2025-09-12T23:19:19.640+0000] {logging_mixin.py:150} INFO - [2025-09-12T23:19:19.639+0000] {dagbag.py:541} INFO - Filling up the DagBag from /opt/airflow/dags/telegram_alerts.py
[2025-09-12T23:19:19.786+0000] {processor.py:838} WARNING - No viable dags retrieved from /opt/airflow/dags/telegram_alerts.py
[2025-09-12T23:19:19.869+0000] {processor.py:179} INFO - Processing /opt/airflow/dags/telegram_alerts.py took 0.239 seconds
[2025-09-12T23:19:50.744+0000] {processor.py:157} INFO - Started process (PID=339) to work on /opt/airflow/dags/telegram_alerts.py
[2025-09-12T23:19:50.746+0000] {processor.py:826} INFO - Processing file /opt/airflow/dags/telegram_alerts.py for tasks to queue
[2025-09-12T23:19:50.748+0000] {logging_mixin.py:150} INFO - [2025-09-12T23:19:50.747+0000] {dagbag.py:541} INFO - Filling up the DagBag from /opt/airflow/dags/telegram_alerts.py
[2025-09-12T23:19:50.766+0000] {processor.py:838} WARNING - No viable dags retrieved from /opt/airflow/dags/telegram_alerts.py
[2025-09-12T23:19:50.797+0000] {processor.py:179} INFO - Processing /opt/airflow/dags/telegram_alerts.py took 0.057 seconds
[2025-09-12T23:20:21.826+0000] {processor.py:157} INFO - Started process (PID=380) to work on /opt/airflow/dags/telegram_alerts.py
[2025-09-12T23:20:21.836+0000] {processor.py:826} INFO - Processing file /opt/airflow/dags/telegram_alerts.py for tasks to queue
[2025-09-12T23:20:21.838+0000] {logging_mixin.py:150} INFO - [2025-09-12T23:20:21.837+0000] {dagbag.py:541} INFO - Filling up the DagBag from /opt/airflow/dags/telegram_alerts.py
[2025-09-12T23:20:21.966+0000] {processor.py:838} WARNING - No viable dags retrieved from /opt/airflow/dags/telegram_alerts.py
[2025-09-12T23:20:21.997+0000] {processor.py:179} INFO - Processing /opt/airflow/dags/telegram_alerts.py took 0.176 seconds
[2025-09-12T23:20:52.442+0000] {processor.py:157} INFO - Started process (PID=419) to work on /opt/airflow/dags/telegram_alerts.py
[2025-09-12T23:20:52.448+0000] {processor.py:826} INFO - Processing file /opt/airflow/dags/telegram_alerts.py for tasks to queue
[2025-09-12T23:20:52.451+0000] {logging_mixin.py:150} INFO - [2025-09-12T23:20:52.450+0000] {dagbag.py:541} INFO - Filling up the DagBag from /opt/airflow/dags/telegram_alerts.py
[2025-09-12T23:20:52.473+0000] {processor.py:838} WARNING - No viable dags retrieved from /opt/airflow/dags/telegram_alerts.py
[2025-09-12T23:20:52.517+0000] {processor.py:179} INFO - Processing /opt/airflow/dags/telegram_alerts.py took 0.114 seconds
[2025-09-12T23:21:23.078+0000] {processor.py:157} INFO - Started process (PID=460) to work on /opt/airflow/dags/telegram_alerts.py
[2025-09-12T23:21:23.084+0000] {processor.py:826} INFO - Processing file /opt/airflow/dags/telegram_alerts.py for tasks to queue
[2025-09-12T23:21:23.089+0000] {logging_mixin.py:150} INFO - [2025-09-12T23:21:23.088+0000] {dagbag.py:541} INFO - Filling up the DagBag from /opt/airflow/dags/telegram_alerts.py
[2025-09-12T23:21:23.154+0000] {processor.py:838} WARNING - No viable dags retrieved from /opt/airflow/dags/telegram_alerts.py
[2025-09-12T23:21:23.209+0000] {processor.py:179} INFO - Processing /opt/airflow/dags/telegram_alerts.py took 0.139 seconds
[2025-09-12T23:21:53.308+0000] {processor.py:157} INFO - Started process (PID=498) to work on /opt/airflow/dags/telegram_alerts.py
[2025-09-12T23:21:53.309+0000] {processor.py:826} INFO - Processing file /opt/airflow/dags/telegram_alerts.py for tasks to queue
[2025-09-12T23:21:53.310+0000] {logging_mixin.py:150} INFO - [2025-09-12T23:21:53.309+0000] {dagbag.py:541} INFO - Filling up the DagBag from /opt/airflow/dags/telegram_alerts.py
[2025-09-12T23:21:53.327+0000] {processor.py:838} WARNING - No viable dags retrieved from /opt/airflow/dags/telegram_alerts.py
[2025-09-12T23:21:53.347+0000] {processor.py:179} INFO - Processing /opt/airflow/dags/telegram_alerts.py took 0.043 seconds
[2025-09-12T23:22:23.800+0000] {processor.py:157} INFO - Started process (PID=539) to work on /opt/airflow/dags/telegram_alerts.py
[2025-09-12T23:22:23.802+0000] {processor.py:826} INFO - Processing file /opt/airflow/dags/telegram_alerts.py for tasks to queue
[2025-09-12T23:22:23.804+0000] {logging_mixin.py:150} INFO - [2025-09-12T23:22:23.803+0000] {dagbag.py:541} INFO - Filling up the DagBag from /opt/airflow/dags/telegram_alerts.py
[2025-09-12T23:22:23.825+0000] {processor.py:838} WARNING - No viable dags retrieved from /opt/airflow/dags/telegram_alerts.py
[2025-09-12T23:22:23.853+0000] {processor.py:179} INFO - Processing /opt/airflow/dags/telegram_alerts.py took 0.057 seconds
[2025-09-12T23:22:54.934+0000] {processor.py:157} INFO - Started process (PID=580) to work on /opt/airflow/dags/telegram_alerts.py
[2025-09-12T23:22:54.939+0000] {processor.py:826} INFO - Processing file /opt/airflow/dags/telegram_alerts.py for tasks to queue
[2025-09-12T23:22:54.940+0000] {logging_mixin.py:150} INFO - [2025-09-12T23:22:54.940+0000] {dagbag.py:541} INFO - Filling up the DagBag from /opt/airflow/dags/telegram_alerts.py
[2025-09-12T23:22:54.955+0000] {processor.py:838} WARNING - No viable dags retrieved from /opt/airflow/dags/telegram_alerts.py
[2025-09-12T23:22:55.068+0000] {processor.py:179} INFO - Processing /opt/airflow/dags/telegram_alerts.py took 0.138 seconds
[2025-09-12T23:34:29.253+0000] {processor.py:157} INFO - Started process (PID=223) to work on /opt/airflow/dags/telegram_alerts.py
[2025-09-12T23:34:29.255+0000] {processor.py:826} INFO - Processing file /opt/airflow/dags/telegram_alerts.py for tasks to queue
[2025-09-12T23:34:29.257+0000] {logging_mixin.py:150} INFO - [2025-09-12T23:34:29.256+0000] {dagbag.py:541} INFO - Filling up the DagBag from /opt/airflow/dags/telegram_alerts.py
[2025-09-12T23:34:29.277+0000] {processor.py:838} WARNING - No viable dags retrieved from /opt/airflow/dags/telegram_alerts.py
[2025-09-12T23:34:29.312+0000] {processor.py:179} INFO - Processing /opt/airflow/dags/telegram_alerts.py took 0.066 seconds
[2025-09-12T23:35:00.387+0000] {processor.py:157} INFO - Started process (PID=265) to work on /opt/airflow/dags/telegram_alerts.py
[2025-09-12T23:35:00.388+0000] {processor.py:826} INFO - Processing file /opt/airflow/dags/telegram_alerts.py for tasks to queue
[2025-09-12T23:35:00.390+0000] {logging_mixin.py:150} INFO - [2025-09-12T23:35:00.390+0000] {dagbag.py:541} INFO - Filling up the DagBag from /opt/airflow/dags/telegram_alerts.py
[2025-09-12T23:35:00.401+0000] {processor.py:838} WARNING - No viable dags retrieved from /opt/airflow/dags/telegram_alerts.py
[2025-09-12T23:35:00.426+0000] {processor.py:179} INFO - Processing /opt/airflow/dags/telegram_alerts.py took 0.044 seconds
[2025-09-12T23:35:36.743+0000] {processor.py:157} INFO - Started process (PID=306) to work on /opt/airflow/dags/telegram_alerts.py
[2025-09-12T23:35:36.770+0000] {processor.py:826} INFO - Processing file /opt/airflow/dags/telegram_alerts.py for tasks to queue
[2025-09-12T23:35:36.772+0000] {logging_mixin.py:150} INFO - [2025-09-12T23:35:36.772+0000] {dagbag.py:541} INFO - Filling up the DagBag from /opt/airflow/dags/telegram_alerts.py
[2025-09-12T23:35:36.796+0000] {processor.py:838} WARNING - No viable dags retrieved from /opt/airflow/dags/telegram_alerts.py
[2025-09-12T23:35:36.829+0000] {processor.py:179} INFO - Processing /opt/airflow/dags/telegram_alerts.py took 0.093 seconds
[2025-09-12T23:36:21.126+0000] {processor.py:157} INFO - Started process (PID=388) to work on /opt/airflow/dags/telegram_alerts.py
[2025-09-12T23:36:21.136+0000] {processor.py:826} INFO - Processing file /opt/airflow/dags/telegram_alerts.py for tasks to queue
[2025-09-12T23:36:21.138+0000] {logging_mixin.py:150} INFO - [2025-09-12T23:36:21.138+0000] {dagbag.py:541} INFO - Filling up the DagBag from /opt/airflow/dags/telegram_alerts.py
[2025-09-12T23:36:21.154+0000] {processor.py:838} WARNING - No viable dags retrieved from /opt/airflow/dags/telegram_alerts.py
[2025-09-12T23:36:21.179+0000] {processor.py:179} INFO - Processing /opt/airflow/dags/telegram_alerts.py took 0.064 seconds
[2025-09-12T23:36:52.179+0000] {processor.py:157} INFO - Started process (PID=427) to work on /opt/airflow/dags/telegram_alerts.py
[2025-09-12T23:36:52.181+0000] {processor.py:826} INFO - Processing file /opt/airflow/dags/telegram_alerts.py for tasks to queue
[2025-09-12T23:36:52.183+0000] {logging_mixin.py:150} INFO - [2025-09-12T23:36:52.182+0000] {dagbag.py:541} INFO - Filling up the DagBag from /opt/airflow/dags/telegram_alerts.py
[2025-09-12T23:36:52.198+0000] {processor.py:838} WARNING - No viable dags retrieved from /opt/airflow/dags/telegram_alerts.py
[2025-09-12T23:36:52.233+0000] {processor.py:179} INFO - Processing /opt/airflow/dags/telegram_alerts.py took 0.060 seconds
[2025-09-12T23:37:23.991+0000] {processor.py:157} INFO - Started process (PID=470) to work on /opt/airflow/dags/telegram_alerts.py
[2025-09-12T23:37:23.997+0000] {processor.py:826} INFO - Processing file /opt/airflow/dags/telegram_alerts.py for tasks to queue
[2025-09-12T23:37:23.999+0000] {logging_mixin.py:150} INFO - [2025-09-12T23:37:23.998+0000] {dagbag.py:541} INFO - Filling up the DagBag from /opt/airflow/dags/telegram_alerts.py
[2025-09-12T23:37:24.010+0000] {processor.py:838} WARNING - No viable dags retrieved from /opt/airflow/dags/telegram_alerts.py
[2025-09-12T23:37:24.110+0000] {processor.py:179} INFO - Processing /opt/airflow/dags/telegram_alerts.py took 0.122 seconds
[2025-09-12T23:37:54.908+0000] {processor.py:157} INFO - Started process (PID=513) to work on /opt/airflow/dags/telegram_alerts.py
[2025-09-12T23:37:54.909+0000] {processor.py:826} INFO - Processing file /opt/airflow/dags/telegram_alerts.py for tasks to queue
[2025-09-12T23:37:54.910+0000] {logging_mixin.py:150} INFO - [2025-09-12T23:37:54.910+0000] {dagbag.py:541} INFO - Filling up the DagBag from /opt/airflow/dags/telegram_alerts.py
[2025-09-12T23:37:54.919+0000] {processor.py:838} WARNING - No viable dags retrieved from /opt/airflow/dags/telegram_alerts.py
[2025-09-12T23:37:54.937+0000] {processor.py:179} INFO - Processing /opt/airflow/dags/telegram_alerts.py took 0.033 seconds
[2025-09-12T23:38:26.611+0000] {processor.py:157} INFO - Started process (PID=559) to work on /opt/airflow/dags/telegram_alerts.py
[2025-09-12T23:38:26.613+0000] {processor.py:826} INFO - Processing file /opt/airflow/dags/telegram_alerts.py for tasks to queue
[2025-09-12T23:38:26.614+0000] {logging_mixin.py:150} INFO - [2025-09-12T23:38:26.614+0000] {dagbag.py:541} INFO - Filling up the DagBag from /opt/airflow/dags/telegram_alerts.py
[2025-09-12T23:38:26.626+0000] {processor.py:838} WARNING - No viable dags retrieved from /opt/airflow/dags/telegram_alerts.py
[2025-09-12T23:38:26.646+0000] {processor.py:179} INFO - Processing /opt/airflow/dags/telegram_alerts.py took 0.039 seconds
[2025-09-12T23:38:57.999+0000] {processor.py:157} INFO - Started process (PID=604) to work on /opt/airflow/dags/telegram_alerts.py
[2025-09-12T23:38:58.001+0000] {processor.py:826} INFO - Processing file /opt/airflow/dags/telegram_alerts.py for tasks to queue
[2025-09-12T23:38:58.003+0000] {logging_mixin.py:150} INFO - [2025-09-12T23:38:58.002+0000] {dagbag.py:541} INFO - Filling up the DagBag from /opt/airflow/dags/telegram_alerts.py
[2025-09-12T23:38:58.022+0000] {processor.py:838} WARNING - No viable dags retrieved from /opt/airflow/dags/telegram_alerts.py
[2025-09-12T23:38:58.055+0000] {processor.py:179} INFO - Processing /opt/airflow/dags/telegram_alerts.py took 0.063 seconds
[2025-09-12T23:40:14.774+0000] {processor.py:157} INFO - Started process (PID=199) to work on /opt/airflow/dags/telegram_alerts.py
[2025-09-12T23:40:14.776+0000] {processor.py:826} INFO - Processing file /opt/airflow/dags/telegram_alerts.py for tasks to queue
[2025-09-12T23:40:14.778+0000] {logging_mixin.py:150} INFO - [2025-09-12T23:40:14.778+0000] {dagbag.py:541} INFO - Filling up the DagBag from /opt/airflow/dags/telegram_alerts.py
[2025-09-12T23:40:14.795+0000] {processor.py:838} WARNING - No viable dags retrieved from /opt/airflow/dags/telegram_alerts.py
[2025-09-12T23:40:14.830+0000] {processor.py:179} INFO - Processing /opt/airflow/dags/telegram_alerts.py took 0.063 seconds
[2025-09-12T23:40:47.500+0000] {processor.py:157} INFO - Started process (PID=239) to work on /opt/airflow/dags/telegram_alerts.py
[2025-09-12T23:40:47.502+0000] {processor.py:826} INFO - Processing file /opt/airflow/dags/telegram_alerts.py for tasks to queue
[2025-09-12T23:40:47.503+0000] {logging_mixin.py:150} INFO - [2025-09-12T23:40:47.503+0000] {dagbag.py:541} INFO - Filling up the DagBag from /opt/airflow/dags/telegram_alerts.py
[2025-09-12T23:40:47.513+0000] {processor.py:838} WARNING - No viable dags retrieved from /opt/airflow/dags/telegram_alerts.py
[2025-09-12T23:40:47.535+0000] {processor.py:179} INFO - Processing /opt/airflow/dags/telegram_alerts.py took 0.038 seconds
[2025-09-12T23:41:21.513+0000] {processor.py:157} INFO - Started process (PID=285) to work on /opt/airflow/dags/telegram_alerts.py
[2025-09-12T23:41:21.516+0000] {processor.py:826} INFO - Processing file /opt/airflow/dags/telegram_alerts.py for tasks to queue
[2025-09-12T23:41:21.518+0000] {logging_mixin.py:150} INFO - [2025-09-12T23:41:21.517+0000] {dagbag.py:541} INFO - Filling up the DagBag from /opt/airflow/dags/telegram_alerts.py
[2025-09-12T23:41:21.550+0000] {processor.py:838} WARNING - No viable dags retrieved from /opt/airflow/dags/telegram_alerts.py
[2025-09-12T23:41:21.609+0000] {processor.py:179} INFO - Processing /opt/airflow/dags/telegram_alerts.py took 0.103 seconds
[2025-09-12T23:41:52.722+0000] {processor.py:157} INFO - Started process (PID=370) to work on /opt/airflow/dags/telegram_alerts.py
[2025-09-12T23:41:52.724+0000] {processor.py:826} INFO - Processing file /opt/airflow/dags/telegram_alerts.py for tasks to queue
[2025-09-12T23:41:52.727+0000] {logging_mixin.py:150} INFO - [2025-09-12T23:41:52.726+0000] {dagbag.py:541} INFO - Filling up the DagBag from /opt/airflow/dags/telegram_alerts.py
[2025-09-12T23:41:52.748+0000] {processor.py:838} WARNING - No viable dags retrieved from /opt/airflow/dags/telegram_alerts.py
[2025-09-12T23:41:52.800+0000] {processor.py:179} INFO - Processing /opt/airflow/dags/telegram_alerts.py took 0.087 seconds
[2025-09-12T23:42:23.436+0000] {processor.py:157} INFO - Started process (PID=398) to work on /opt/airflow/dags/telegram_alerts.py
[2025-09-12T23:42:23.438+0000] {processor.py:826} INFO - Processing file /opt/airflow/dags/telegram_alerts.py for tasks to queue
[2025-09-12T23:42:23.439+0000] {logging_mixin.py:150} INFO - [2025-09-12T23:42:23.439+0000] {dagbag.py:541} INFO - Filling up the DagBag from /opt/airflow/dags/telegram_alerts.py
[2025-09-12T23:42:23.452+0000] {processor.py:838} WARNING - No viable dags retrieved from /opt/airflow/dags/telegram_alerts.py
[2025-09-12T23:42:23.474+0000] {processor.py:179} INFO - Processing /opt/airflow/dags/telegram_alerts.py took 0.041 seconds
[2025-09-12T23:42:54.311+0000] {processor.py:157} INFO - Started process (PID=433) to work on /opt/airflow/dags/telegram_alerts.py
[2025-09-12T23:42:54.313+0000] {processor.py:826} INFO - Processing file /opt/airflow/dags/telegram_alerts.py for tasks to queue
[2025-09-12T23:42:54.314+0000] {logging_mixin.py:150} INFO - [2025-09-12T23:42:54.314+0000] {dagbag.py:541} INFO - Filling up the DagBag from /opt/airflow/dags/telegram_alerts.py
[2025-09-12T23:42:54.325+0000] {processor.py:838} WARNING - No viable dags retrieved from /opt/airflow/dags/telegram_alerts.py
[2025-09-12T23:42:54.349+0000] {processor.py:179} INFO - Processing /opt/airflow/dags/telegram_alerts.py took 0.042 seconds
