[2025-09-13T13:28:14.838+0000] {taskinstance.py:1103} INFO - Dependencies all met for dep_context=non-requeueable deps ti=<TaskInstance: init_dwh.init_schema manual__2025-09-13T13:28:11.169381+00:00 [queued]>
[2025-09-13T13:28:14.927+0000] {taskinstance.py:1103} INFO - Dependencies all met for dep_context=requeueable deps ti=<TaskInstance: init_dwh.init_schema manual__2025-09-13T13:28:11.169381+00:00 [queued]>
[2025-09-13T13:28:14.931+0000] {taskinstance.py:1308} INFO - Starting attempt 1 of 1
[2025-09-13T13:28:15.026+0000] {taskinstance.py:1327} INFO - Executing <Task(PostgresOperator): init_schema> on 2025-09-13 13:28:11.169381+00:00
[2025-09-13T13:28:15.051+0000] {standard_task_runner.py:57} INFO - Started process 562 to run task
[2025-09-13T13:28:15.077+0000] {standard_task_runner.py:84} INFO - Running: ['***', 'tasks', 'run', 'init_dwh', 'init_schema', 'manual__2025-09-13T13:28:11.169381+00:00', '--job-id', '8', '--raw', '--subdir', 'DAGS_FOLDER/init_dwh.py', '--cfg-path', '/tmp/tmph18_2rrm']
[2025-09-13T13:28:15.085+0000] {standard_task_runner.py:85} INFO - Job 8: Subtask init_schema
[2025-09-13T13:28:15.154+0000] {logging_mixin.py:150} WARNING - /home/***/.local/lib/python3.7/site-packages/***/settings.py:195 DeprecationWarning: The sql_alchemy_conn option in [core] has been moved to the sql_alchemy_conn option in [database] - the old setting has been used, but please update your config.
[2025-09-13T13:28:15.379+0000] {task_command.py:410} INFO - Running <TaskInstance: init_dwh.init_schema manual__2025-09-13T13:28:11.169381+00:00 [running]> on host 5bd07f72ab73
[2025-09-13T13:28:15.568+0000] {abstractoperator.py:598} ERROR - Exception rendering Jinja template for task 'init_schema', field 'sql'. Template: 'init_schema.sql'
Traceback (most recent call last):
  File "/home/airflow/.local/lib/python3.7/site-packages/airflow/models/abstractoperator.py", line 590, in _do_render_template_fields
    seen_oids,
  File "/home/airflow/.local/lib/python3.7/site-packages/airflow/template/templater.py", line 153, in render_template
    template = jinja_env.get_template(value)
  File "/home/airflow/.local/lib/python3.7/site-packages/jinja2/environment.py", line 1010, in get_template
    return self._load_template(name, globals)
  File "/home/airflow/.local/lib/python3.7/site-packages/jinja2/environment.py", line 969, in _load_template
    template = self.loader.load(self, name, self.make_globals(globals))
  File "/home/airflow/.local/lib/python3.7/site-packages/jinja2/loaders.py", line 126, in load
    source, filename, uptodate = self.get_source(environment, name)
  File "/home/airflow/.local/lib/python3.7/site-packages/jinja2/loaders.py", line 218, in get_source
    raise TemplateNotFound(template)
jinja2.exceptions.TemplateNotFound: init_schema.sql
[2025-09-13T13:28:15.589+0000] {taskinstance.py:1824} ERROR - Task failed with exception
Traceback (most recent call last):
  File "/home/airflow/.local/lib/python3.7/site-packages/airflow/models/taskinstance.py", line 1407, in _run_raw_task
    self._execute_task_with_callbacks(context, test_mode)
  File "/home/airflow/.local/lib/python3.7/site-packages/airflow/models/taskinstance.py", line 1531, in _execute_task_with_callbacks
    task_orig = self.render_templates(context=context)
  File "/home/airflow/.local/lib/python3.7/site-packages/airflow/models/taskinstance.py", line 2179, in render_templates
    original_task.render_template_fields(context)
  File "/home/airflow/.local/lib/python3.7/site-packages/airflow/models/baseoperator.py", line 1254, in render_template_fields
    self._do_render_template_fields(self, self.template_fields, context, jinja_env, set())
  File "/home/airflow/.local/lib/python3.7/site-packages/airflow/utils/session.py", line 76, in wrapper
    return func(*args, session=session, **kwargs)
  File "/home/airflow/.local/lib/python3.7/site-packages/airflow/models/abstractoperator.py", line 590, in _do_render_template_fields
    seen_oids,
  File "/home/airflow/.local/lib/python3.7/site-packages/airflow/template/templater.py", line 153, in render_template
    template = jinja_env.get_template(value)
  File "/home/airflow/.local/lib/python3.7/site-packages/jinja2/environment.py", line 1010, in get_template
    return self._load_template(name, globals)
  File "/home/airflow/.local/lib/python3.7/site-packages/jinja2/environment.py", line 969, in _load_template
    template = self.loader.load(self, name, self.make_globals(globals))
  File "/home/airflow/.local/lib/python3.7/site-packages/jinja2/loaders.py", line 126, in load
    source, filename, uptodate = self.get_source(environment, name)
  File "/home/airflow/.local/lib/python3.7/site-packages/jinja2/loaders.py", line 218, in get_source
    raise TemplateNotFound(template)
jinja2.exceptions.TemplateNotFound: init_schema.sql
[2025-09-13T13:28:15.644+0000] {taskinstance.py:1350} INFO - Marking task as FAILED. dag_id=init_dwh, task_id=init_schema, execution_date=20250913T132811, start_date=20250913T132814, end_date=20250913T132815
[2025-09-13T13:28:15.693+0000] {standard_task_runner.py:109} ERROR - Failed to execute job 8 for task init_schema (init_schema.sql; 562)
[2025-09-13T13:28:15.723+0000] {local_task_job_runner.py:225} INFO - Task exited with return code 1
[2025-09-13T13:28:15.823+0000] {taskinstance.py:2653} INFO - 0 downstream tasks scheduled from follow-on schedule check
