[2025-09-04T14:41:40.775+0000] {taskinstance.py:1103} INFO - Dependencies all met for dep_context=non-requeueable deps ti=<TaskInstance: kafka_to_postgres_batch.init_schema manual__2025-09-04T14:31:26.858340+00:00 [queued]>
[2025-09-04T14:41:40.801+0000] {taskinstance.py:1103} INFO - Dependencies all met for dep_context=requeueable deps ti=<TaskInstance: kafka_to_postgres_batch.init_schema manual__2025-09-04T14:31:26.858340+00:00 [queued]>
[2025-09-04T14:41:40.802+0000] {taskinstance.py:1308} INFO - Starting attempt 3 of 3
[2025-09-04T14:41:40.837+0000] {taskinstance.py:1327} INFO - Executing <Task(PostgresOperator): init_schema> on 2025-09-04 14:31:26.858340+00:00
[2025-09-04T14:41:40.851+0000] {standard_task_runner.py:57} INFO - Started process 219 to run task
[2025-09-04T14:41:40.856+0000] {standard_task_runner.py:84} INFO - Running: ['***', 'tasks', 'run', 'kafka_to_postgres_batch', 'init_schema', 'manual__2025-09-04T14:31:26.858340+00:00', '--job-id', '40', '--raw', '--subdir', 'DAGS_FOLDER/dags.py', '--cfg-path', '/tmp/tmpd2iod7hd']
[2025-09-04T14:41:40.861+0000] {standard_task_runner.py:85} INFO - Job 40: Subtask init_schema
[2025-09-04T14:41:40.897+0000] {logging_mixin.py:150} WARNING - /home/***/.local/lib/python3.7/site-packages/***/settings.py:195 DeprecationWarning: The sql_alchemy_conn option in [core] has been moved to the sql_alchemy_conn option in [database] - the old setting has been used, but please update your config.
[2025-09-04T14:41:40.977+0000] {task_command.py:410} INFO - Running <TaskInstance: kafka_to_postgres_batch.init_schema manual__2025-09-04T14:31:26.858340+00:00 [running]> on host 85a67ea18777
[2025-09-04T14:41:41.150+0000] {taskinstance.py:1547} INFO - Exporting env vars: AIRFLOW_CTX_DAG_OWNER='***' AIRFLOW_CTX_DAG_ID='kafka_to_postgres_batch' AIRFLOW_CTX_TASK_ID='init_schema' AIRFLOW_CTX_EXECUTION_DATE='2025-09-04T14:31:26.858340+00:00' AIRFLOW_CTX_TRY_NUMBER='3' AIRFLOW_CTX_DAG_RUN_ID='manual__2025-09-04T14:31:26.858340+00:00'
[2025-09-04T14:41:41.152+0000] {sql.py:265} INFO - Executing: -- Создание схем
CREATE SCHEMA IF NOT EXISTS raw;
CREATE SCHEMA IF NOT EXISTS dds;
CREATE SCHEMA IF NOT EXISTS dictionary;

-- RAW
CREATE TABLE IF NOT EXISTS raw.events (
    id SERIAL PRIMARY KEY,
    user_id INT,
    event_type TEXT,
    city TEXT,
    country TEXT,
    lat DOUBLE PRECISION,
    lon DOUBLE PRECISION,
    cost_usd NUMERIC(10,2),
    cost_eur NUMERIC(10,2),
    cost_rub NUMERIC(10,2),
    weather_temp NUMERIC(5,2),
    weather_desc TEXT,
    timestamp TIMESTAMPTZ DEFAULT NOW()
);

CREATE INDEX IF NOT EXISTS idx_raw_events_user_id ON raw.events(user_id);
CREATE INDEX IF NOT EXISTS idx_raw_events_timestamp ON raw.events(timestamp);
CREATE INDEX IF NOT EXISTS idx_raw_events_event_type ON raw.events(event_type);

-- DDS (пример)
CREATE TABLE IF NOT EXISTS dds.users (
    user_id INT PRIMARY KEY,
    city TEXT,
    country TEXT
);

CREATE TABLE IF NOT EXISTS dds.events (
    event_id SERIAL PRIMARY KEY,
    user_id INT REFERENCES dds.users(user_id),
    event_type TEXT,
    timestamp TIMESTAMPTZ
);

-- DICTIONARY (пример)
CREATE TABLE IF NOT EXISTS dictionary.currencies (
    code TEXT PRIMARY KEY,
    rate_to_usd NUMERIC(10,4),
    updated_at TIMESTAMPTZ DEFAULT NOW()
);
[2025-09-04T14:41:41.175+0000] {base.py:73} INFO - Using connection ID 'postgres_default' for task execution.
[2025-09-04T14:41:41.637+0000] {base.py:73} INFO - Using connection ID 'postgres_default' for task execution.
[2025-09-04T14:41:41.648+0000] {taskinstance.py:1824} ERROR - Task failed with exception
Traceback (most recent call last):
  File "/home/airflow/.local/lib/python3.7/site-packages/airflow/providers/common/sql/operators/sql.py", line 277, in execute
    **extra_kwargs,
  File "/home/airflow/.local/lib/python3.7/site-packages/airflow/providers/common/sql/hooks/sql.py", line 342, in run
    with closing(self.get_conn()) as conn:
  File "/home/airflow/.local/lib/python3.7/site-packages/airflow/providers/postgres/hooks/postgres.py", line 145, in get_conn
    self.conn = psycopg2.connect(**conn_args)
  File "/home/airflow/.local/lib/python3.7/site-packages/psycopg2/__init__.py", line 122, in connect
    conn = _connect(dsn, connection_factory=connection_factory, **kwasync)
psycopg2.OperationalError: connection to server at "postgres" (172.23.0.3), port 5432 failed: FATAL:  password authentication failed for user "postgres"

[2025-09-04T14:41:41.670+0000] {taskinstance.py:1350} INFO - Marking task as FAILED. dag_id=kafka_to_postgres_batch, task_id=init_schema, execution_date=20250904T143126, start_date=20250904T144140, end_date=20250904T144141
[2025-09-04T14:41:41.694+0000] {standard_task_runner.py:109} ERROR - Failed to execute job 40 for task init_schema (connection to server at "postgres" (172.23.0.3), port 5432 failed: FATAL:  password authentication failed for user "postgres"
; 219)
[2025-09-04T14:41:41.754+0000] {local_task_job_runner.py:225} INFO - Task exited with return code 1
[2025-09-04T14:41:41.810+0000] {taskinstance.py:2653} INFO - 0 downstream tasks scheduled from follow-on schedule check
