[2025-09-03T16:58:48.832+0000] {logging_mixin.py:150} WARNING - /home/***/.local/lib/python3.7/site-packages/***/utils/sqlalchemy.py:124 DeprecationWarning: The sql_alchemy_conn option in [core] has been moved to the sql_alchemy_conn option in [database] - the old setting has been used, but please update your config.
[2025-09-03T16:58:48.856+0000] {taskinstance.py:1103} INFO - Dependencies all met for dep_context=non-requeueable deps ti=<TaskInstance: kafka_to_postgres_batch.create_schemas scheduled__2025-09-03T16:28:20.553007+00:00 [queued]>
[2025-09-03T16:58:48.883+0000] {taskinstance.py:1103} INFO - Dependencies all met for dep_context=requeueable deps ti=<TaskInstance: kafka_to_postgres_batch.create_schemas scheduled__2025-09-03T16:28:20.553007+00:00 [queued]>
[2025-09-03T16:58:48.884+0000] {taskinstance.py:1308} INFO - Starting attempt 1 of 3
[2025-09-03T16:58:48.924+0000] {taskinstance.py:1327} INFO - Executing <Task(PostgresOperator): create_schemas> on 2025-09-03 16:28:20.553007+00:00
[2025-09-03T16:58:48.965+0000] {standard_task_runner.py:57} INFO - Started process 250 to run task
[2025-09-03T16:58:49.029+0000] {standard_task_runner.py:84} INFO - Running: ['***', 'tasks', 'run', 'kafka_to_postgres_batch', 'create_schemas', 'scheduled__2025-09-03T16:28:20.553007+00:00', '--job-id', '200', '--raw', '--subdir', 'DAGS_FOLDER/dags.py', '--cfg-path', '/tmp/tmpf1ffoag8']
[2025-09-03T16:58:49.114+0000] {standard_task_runner.py:85} INFO - Job 200: Subtask create_schemas
[2025-09-03T16:58:49.529+0000] {logging_mixin.py:150} WARNING - /home/***/.local/lib/python3.7/site-packages/***/settings.py:195 DeprecationWarning: The sql_alchemy_conn option in [core] has been moved to the sql_alchemy_conn option in [database] - the old setting has been used, but please update your config.
[2025-09-03T16:58:50.020+0000] {task_command.py:410} INFO - Running <TaskInstance: kafka_to_postgres_batch.create_schemas scheduled__2025-09-03T16:28:20.553007+00:00 [running]> on host 566c672cfab0
[2025-09-03T16:58:50.096+0000] {logging_mixin.py:150} WARNING - /home/***/.local/lib/python3.7/site-packages/***/utils/sqlalchemy.py:124 DeprecationWarning: The sql_alchemy_conn option in [core] has been moved to the sql_alchemy_conn option in [database] - the old setting has been used, but please update your config.
[2025-09-03T16:58:51.205+0000] {taskinstance.py:1547} INFO - Exporting env vars: AIRFLOW_CTX_DAG_OWNER='***' AIRFLOW_CTX_DAG_ID='kafka_to_postgres_batch' AIRFLOW_CTX_TASK_ID='create_schemas' AIRFLOW_CTX_EXECUTION_DATE='2025-09-03T16:28:20.553007+00:00' AIRFLOW_CTX_TRY_NUMBER='1' AIRFLOW_CTX_DAG_RUN_ID='scheduled__2025-09-03T16:28:20.553007+00:00'
[2025-09-03T16:58:51.219+0000] {sql.py:265} INFO - Executing: 
        CREATE SCHEMA IF NOT EXISTS raw;
        CREATE SCHEMA IF NOT EXISTS dds;
        CREATE SCHEMA IF NOT EXISTS dictionary;
        
[2025-09-03T16:58:51.541+0000] {base.py:73} INFO - Using connection ID 'postgres_default' for task execution.
[2025-09-03T16:58:56.895+0000] {base.py:73} INFO - Using connection ID 'postgres_default' for task execution.
[2025-09-03T16:58:56.926+0000] {sql.py:375} INFO - Running statement: 
        CREATE SCHEMA IF NOT EXISTS raw;
        CREATE SCHEMA IF NOT EXISTS dds;
        CREATE SCHEMA IF NOT EXISTS dictionary;
        , parameters: None
[2025-09-03T16:58:56.966+0000] {taskinstance.py:1350} INFO - Marking task as SUCCESS. dag_id=kafka_to_postgres_batch, task_id=create_schemas, execution_date=20250903T162820, start_date=20250903T165848, end_date=20250903T165856
[2025-09-03T16:58:57.052+0000] {local_task_job_runner.py:225} INFO - Task exited with return code 0
[2025-09-03T16:58:57.125+0000] {taskinstance.py:2653} INFO - 1 downstream tasks scheduled from follow-on schedule check
