[2025-09-04T15:56:57.268+0000] {taskinstance.py:1103} INFO - Dependencies all met for dep_context=non-requeueable deps ti=<TaskInstance: kafka_to_postgres_batch.init_schema manual__2025-09-04T15:56:46.929537+00:00 [queued]>
[2025-09-04T15:56:57.287+0000] {taskinstance.py:1103} INFO - Dependencies all met for dep_context=requeueable deps ti=<TaskInstance: kafka_to_postgres_batch.init_schema manual__2025-09-04T15:56:46.929537+00:00 [queued]>
[2025-09-04T15:56:57.288+0000] {taskinstance.py:1308} INFO - Starting attempt 1 of 3
[2025-09-04T15:56:57.324+0000] {taskinstance.py:1327} INFO - Executing <Task(PostgresOperator): init_schema> on 2025-09-04 15:56:46.929537+00:00
[2025-09-04T15:56:57.335+0000] {standard_task_runner.py:57} INFO - Started process 1685 to run task
[2025-09-04T15:56:57.340+0000] {standard_task_runner.py:84} INFO - Running: ['***', 'tasks', 'run', 'kafka_to_postgres_batch', 'init_schema', 'manual__2025-09-04T15:56:46.929537+00:00', '--job-id', '66', '--raw', '--subdir', 'DAGS_FOLDER/dags.py', '--cfg-path', '/tmp/tmphm1hwvsu']
[2025-09-04T15:56:57.344+0000] {standard_task_runner.py:85} INFO - Job 66: Subtask init_schema
[2025-09-04T15:56:57.469+0000] {logging_mixin.py:150} WARNING - /home/***/.local/lib/python3.7/site-packages/***/settings.py:195 DeprecationWarning: The sql_alchemy_conn option in [core] has been moved to the sql_alchemy_conn option in [database] - the old setting has been used, but please update your config.
[2025-09-04T15:56:57.623+0000] {task_command.py:410} INFO - Running <TaskInstance: kafka_to_postgres_batch.init_schema manual__2025-09-04T15:56:46.929537+00:00 [running]> on host d0ffb450fc0e
[2025-09-04T15:56:57.830+0000] {taskinstance.py:1547} INFO - Exporting env vars: AIRFLOW_CTX_DAG_OWNER='***' AIRFLOW_CTX_DAG_ID='kafka_to_postgres_batch' AIRFLOW_CTX_TASK_ID='init_schema' AIRFLOW_CTX_EXECUTION_DATE='2025-09-04T15:56:46.929537+00:00' AIRFLOW_CTX_TRY_NUMBER='1' AIRFLOW_CTX_DAG_RUN_ID='manual__2025-09-04T15:56:46.929537+00:00'
[2025-09-04T15:56:57.834+0000] {sql.py:265} INFO - Executing: -- Создание схем
CREATE SCHEMA IF NOT EXISTS raw;
CREATE SCHEMA IF NOT EXISTS dds;
CREATE SCHEMA IF NOT EXISTS dictionary;

-- RAW
CREATE TABLE IF NOT EXISTS raw.events (
    id SERIAL PRIMARY KEY,
    user_id INT,
    event_type TEXT,
    city TEXT,
    country TEXT,
    lat DOUBLE PRECISION,
    lon DOUBLE PRECISION,
    cost_usd NUMERIC(10,2),
    cost_eur NUMERIC(10,2),
    cost_rub NUMERIC(10,2),
    weather_temp NUMERIC(5,2),
    weather_desc TEXT,
    timestamp TIMESTAMPTZ DEFAULT NOW()
);

CREATE INDEX IF NOT EXISTS idx_raw_events_user_id ON raw.events(user_id);
CREATE INDEX IF NOT EXISTS idx_raw_events_timestamp ON raw.events(timestamp);
CREATE INDEX IF NOT EXISTS idx_raw_events_event_type ON raw.events(event_type);

-- DDS (пример)
CREATE TABLE IF NOT EXISTS dds.users (
    user_id INT PRIMARY KEY,
    city TEXT,
    country TEXT
);

CREATE TABLE IF NOT EXISTS dds.events (
    event_id SERIAL PRIMARY KEY,
    user_id INT REFERENCES dds.users(user_id),
    event_type TEXT,
    timestamp TIMESTAMPTZ
);

-- DICTIONARY (пример)
CREATE TABLE IF NOT EXISTS dictionary.currencies (
    code TEXT PRIMARY KEY,
    rate_to_usd NUMERIC(10,4),
    updated_at TIMESTAMPTZ DEFAULT NOW()
);
[2025-09-04T15:56:57.869+0000] {base.py:73} INFO - Using connection ID 'postgres_default' for task execution.
[2025-09-04T15:56:59.230+0000] {base.py:73} INFO - Using connection ID 'postgres_default' for task execution.
[2025-09-04T15:56:59.244+0000] {sql.py:375} INFO - Running statement: -- Создание схем
CREATE SCHEMA IF NOT EXISTS raw;
CREATE SCHEMA IF NOT EXISTS dds;
CREATE SCHEMA IF NOT EXISTS dictionary;

-- RAW
CREATE TABLE IF NOT EXISTS raw.events (
    id SERIAL PRIMARY KEY,
    user_id INT,
    event_type TEXT,
    city TEXT,
    country TEXT,
    lat DOUBLE PRECISION,
    lon DOUBLE PRECISION,
    cost_usd NUMERIC(10,2),
    cost_eur NUMERIC(10,2),
    cost_rub NUMERIC(10,2),
    weather_temp NUMERIC(5,2),
    weather_desc TEXT,
    timestamp TIMESTAMPTZ DEFAULT NOW()
);

CREATE INDEX IF NOT EXISTS idx_raw_events_user_id ON raw.events(user_id);
CREATE INDEX IF NOT EXISTS idx_raw_events_timestamp ON raw.events(timestamp);
CREATE INDEX IF NOT EXISTS idx_raw_events_event_type ON raw.events(event_type);

-- DDS (пример)
CREATE TABLE IF NOT EXISTS dds.users (
    user_id INT PRIMARY KEY,
    city TEXT,
    country TEXT
);

CREATE TABLE IF NOT EXISTS dds.events (
    event_id SERIAL PRIMARY KEY,
    user_id INT REFERENCES dds.users(user_id),
    event_type TEXT,
    timestamp TIMESTAMPTZ
);

-- DICTIONARY (пример)
CREATE TABLE IF NOT EXISTS dictionary.currencies (
    code TEXT PRIMARY KEY,
    rate_to_usd NUMERIC(10,4),
    updated_at TIMESTAMPTZ DEFAULT NOW()
);, parameters: None
[2025-09-04T15:56:59.282+0000] {taskinstance.py:1350} INFO - Marking task as SUCCESS. dag_id=kafka_to_postgres_batch, task_id=init_schema, execution_date=20250904T155646, start_date=20250904T155657, end_date=20250904T155659
[2025-09-04T15:56:59.322+0000] {local_task_job_runner.py:225} INFO - Task exited with return code 0
[2025-09-04T15:56:59.392+0000] {taskinstance.py:2653} INFO - 1 downstream tasks scheduled from follow-on schedule check
