[2025-09-16T21:51:36.809+0000] {logging_mixin.py:150} WARNING - /home/***/.local/lib/python3.7/site-packages/***/utils/sqlalchemy.py:124 DeprecationWarning: The sql_alchemy_conn option in [core] has been moved to the sql_alchemy_conn option in [database] - the old setting has been used, but please update your config.
[2025-09-16T21:51:36.931+0000] {taskinstance.py:1103} INFO - Dependencies all met for dep_context=non-requeueable deps ti=<TaskInstance: kafka_to_postgres_batch.consume_and_save_batch scheduled__2025-09-16T21:21:26.775309+00:00 [queued]>
[2025-09-16T21:51:36.950+0000] {taskinstance.py:1103} INFO - Dependencies all met for dep_context=requeueable deps ti=<TaskInstance: kafka_to_postgres_batch.consume_and_save_batch scheduled__2025-09-16T21:21:26.775309+00:00 [queued]>
[2025-09-16T21:51:36.951+0000] {taskinstance.py:1308} INFO - Starting attempt 1 of 3
[2025-09-16T21:51:36.979+0000] {taskinstance.py:1327} INFO - Executing <Task(PythonOperator): consume_and_save_batch> on 2025-09-16 21:21:26.775309+00:00
[2025-09-16T21:51:36.992+0000] {standard_task_runner.py:84} INFO - Running: ['***', 'tasks', 'run', 'kafka_to_postgres_batch', 'consume_and_save_batch', 'scheduled__2025-09-16T21:21:26.775309+00:00', '--job-id', '923', '--raw', '--subdir', 'DAGS_FOLDER/dags.py', '--cfg-path', '/tmp/tmp450w2l1n']
[2025-09-16T21:51:36.992+0000] {standard_task_runner.py:57} INFO - Started process 10283 to run task
[2025-09-16T21:51:36.996+0000] {standard_task_runner.py:85} INFO - Job 923: Subtask consume_and_save_batch
[2025-09-16T21:51:37.024+0000] {logging_mixin.py:150} WARNING - /home/***/.local/lib/python3.7/site-packages/***/settings.py:195 DeprecationWarning: The sql_alchemy_conn option in [core] has been moved to the sql_alchemy_conn option in [database] - the old setting has been used, but please update your config.
[2025-09-16T21:51:37.089+0000] {task_command.py:410} INFO - Running <TaskInstance: kafka_to_postgres_batch.consume_and_save_batch scheduled__2025-09-16T21:21:26.775309+00:00 [running]> on host d6e2a7c8b3ee
[2025-09-16T21:51:37.114+0000] {logging_mixin.py:150} WARNING - /home/***/.local/lib/python3.7/site-packages/***/utils/sqlalchemy.py:124 DeprecationWarning: The sql_alchemy_conn option in [core] has been moved to the sql_alchemy_conn option in [database] - the old setting has been used, but please update your config.
[2025-09-16T21:51:37.284+0000] {taskinstance.py:1547} INFO - Exporting env vars: AIRFLOW_CTX_DAG_OWNER='***' AIRFLOW_CTX_DAG_ID='kafka_to_postgres_batch' AIRFLOW_CTX_TASK_ID='consume_and_save_batch' AIRFLOW_CTX_EXECUTION_DATE='2025-09-16T21:21:26.775309+00:00' AIRFLOW_CTX_TRY_NUMBER='1' AIRFLOW_CTX_DAG_RUN_ID='scheduled__2025-09-16T21:21:26.775309+00:00'
[2025-09-16T21:51:37.289+0000] {conn.py:397} INFO - <BrokerConnection client_id=kafka-python-2.2.15, node_id=bootstrap-0 host=kafka:29092 <connecting> [IPv4 ('172.23.0.3', 29092)]>: connecting to kafka:29092 [('172.23.0.3', 29092) IPv4]
[2025-09-16T21:51:37.300+0000] {conn.py:618} INFO - <BrokerConnection client_id=kafka-python-2.2.15, node_id=bootstrap-0 host=kafka:29092 <checking_api_versions_recv> [IPv4 ('172.23.0.3', 29092)]>: Broker version identified as 2.6
[2025-09-16T21:51:37.301+0000] {conn.py:457} INFO - <BrokerConnection client_id=kafka-python-2.2.15, node_id=bootstrap-0 host=kafka:29092 <connected> [IPv4 ('172.23.0.3', 29092)]>: Connection complete.
[2025-09-16T21:51:37.303+0000] {subscription_state.py:181} INFO - Updating subscribed topics to: ('user_events',)
[2025-09-16T21:51:37.325+0000] {conn.py:397} INFO - <BrokerConnection client_id=kafka-python-2.2.15, node_id=1 host=kafka:29092 <connecting> [IPv4 ('172.23.0.3', 29092)]>: connecting to kafka:29092 [('172.23.0.3', 29092) IPv4]
[2025-09-16T21:51:37.327+0000] {conn.py:457} INFO - <BrokerConnection client_id=kafka-python-2.2.15, node_id=1 host=kafka:29092 <connected> [IPv4 ('172.23.0.3', 29092)]>: Connection complete.
[2025-09-16T21:51:37.328+0000] {conn.py:945} INFO - <BrokerConnection client_id=kafka-python-2.2.15, node_id=bootstrap-0 host=kafka:29092 <connected> [IPv4 ('172.23.0.3', 29092)]>: Closing connection. 
[2025-09-16T21:51:37.446+0000] {cluster.py:401} INFO - Coordinator for group/***_batch_consumer is ('coordinator-1', 'kafka', 29092, None)
[2025-09-16T21:51:37.447+0000] {base.py:789} INFO - Discovered coordinator coordinator-1 for group ***_batch_consumer
[2025-09-16T21:51:37.448+0000] {base.py:848} INFO - Starting new heartbeat thread
[2025-09-16T21:51:37.449+0000] {consumer.py:366} INFO - Revoking previously assigned partitions () for group ***_batch_consumer
[2025-09-16T21:51:37.450+0000] {base.py:419} INFO - Failed to join group ***_batch_consumer: NodeNotReadyError: coordinator-1
[2025-09-16T21:51:37.452+0000] {conn.py:397} INFO - <BrokerConnection client_id=kafka-python-2.2.15, node_id=coordinator-1 host=kafka:29092 <connecting> [IPv4 ('172.23.0.3', 29092)]>: connecting to kafka:29092 [('172.23.0.3', 29092) IPv4]
[2025-09-16T21:51:37.454+0000] {conn.py:457} INFO - <BrokerConnection client_id=kafka-python-2.2.15, node_id=coordinator-1 host=kafka:29092 <connected> [IPv4 ('172.23.0.3', 29092)]>: Connection complete.
[2025-09-16T21:51:37.555+0000] {base.py:532} INFO - (Re-)joining group ***_batch_consumer
[2025-09-16T21:51:37.610+0000] {base.py:638} INFO - Received member id kafka-python-2.2.15-97db6454-f0af-46b7-b93d-77960816ec14 for group ***_batch_consumer; will retry join-group
[2025-09-16T21:51:37.611+0000] {base.py:419} INFO - Failed to join group ***_batch_consumer: [Error 79] MemberIdRequiredError
[2025-09-16T21:51:37.611+0000] {base.py:532} INFO - (Re-)joining group ***_batch_consumer
[2025-09-16T21:51:40.648+0000] {base.py:594} INFO - Successfully joined group ***_batch_consumer <Generation 31 (member_id: kafka-python-2.2.15-97db6454-f0af-46b7-b93d-77960816ec14, protocol: range)>
[2025-09-16T21:51:40.649+0000] {base.py:597} INFO - Elected group leader -- performing partition assignments using range
[2025-09-16T21:51:40.725+0000] {subscription_state.py:254} INFO - Updated partition assignment: [('user_events', 0)]
[2025-09-16T21:51:40.726+0000] {consumer.py:250} INFO - Setting newly assigned partitions (('user_events', 0),) for group ***_batch_consumer
[2025-09-16T21:51:40.750+0000] {dags_utils.py:109} INFO - Received message: {
  "type": "user_profile",
  "user_id": 3210,
  "name": "Kenneth Sawyer",
  "email": "terranceshaw@example.net",
  "birth_date": "1975-07-03",
  "gender": "female",
  "generated_at": "2025-09-16T21:22:18.016273+00:00"
}
[2025-09-16T21:51:40.751+0000] {dags_utils.py:109} INFO - Received message: {
  "type": "user_device",
  "user_id": 3210,
  "device_type": "mobile",
  "os": "MacOS",
  "browser": "Chrome",
  "generated_at": "2025-09-16T21:22:18.016332+00:00"
}
[2025-09-16T21:51:40.751+0000] {dags_utils.py:109} INFO - Received message: {
  "type": "user_location",
  "user_id": 3210,
  "city": "Bay of Bengal",
  "country": null,
  "lat": 10.739213,
  "lon": 91.319174,
  "weather_temp": 27.7,
  "weather_desc": "overcast clouds",
  "generated_at": "2025-09-16T21:22:18.016355+00:00"
}
[2025-09-16T21:51:40.751+0000] {dags_utils.py:109} INFO - Received message: {
  "type": "event",
  "user_id": 3210,
  "session_id": "fb2d99f7-d074-411b-9661-12190d2bea2d",
  "event_type": "payment_success",
  "product_id": null,
  "product_name": null,
  "product_category": null,
  "order_id": null,
  "quantity": null,
  "city": "Weddell Sea",
  "country": null,
  "lat": -75.481673,
  "lon": -24.166999,
  "cost_usd": 319.33,
  "cost_eur": 271.52,
  "cost_rub": 26454.39,
  "weather_temp": -13.04,
  "weather_desc": "light snow",
  "timestamp": "2025-09-16T21:22:19.726652+00:00"
}
[2025-09-16T21:51:40.752+0000] {dags_utils.py:109} INFO - Received message: {
  "type": "event",
  "user_id": 3210,
  "session_id": "ccc3cb43-1e71-487c-9082-c9c7e6a71929",
  "event_type": "signup",
  "product_id": null,
  "product_name": null,
  "product_category": null,
  "order_id": null,
  "quantity": null,
  "city": "Indian Ocean",
  "country": null,
  "lat": -31.2555545,
  "lon": 46.848175,
  "cost_usd": 607.51,
  "cost_eur": 516.56,
  "cost_rub": 50328.2,
  "weather_temp": 20.21,
  "weather_desc": "clear sky",
  "timestamp": "2025-09-16T21:22:21.368161+00:00"
}
[2025-09-16T21:51:40.752+0000] {dags_utils.py:109} INFO - Received message: {
  "type": "user_profile",
  "user_id": 824,
  "name": "Cynthia Sanchez",
  "email": "kennethmorgan@example.com",
  "birth_date": "1978-03-01",
  "gender": "female",
  "generated_at": "2025-09-16T21:23:18.706258+00:00"
}
[2025-09-16T21:51:40.753+0000] {dags_utils.py:109} INFO - Received message: {
  "type": "user_device",
  "user_id": 824,
  "device_type": "tablet",
  "os": "MacOS",
  "browser": "Edge",
  "generated_at": "2025-09-16T21:23:18.706305+00:00"
}
[2025-09-16T21:51:40.753+0000] {dags_utils.py:109} INFO - Received message: {
  "type": "user_location",
  "user_id": 824,
  "city": "Wrigley Gulf",
  "country": null,
  "lat": -74.2255645,
  "lon": -129.80574,
  "weather_temp": -7.02,
  "weather_desc": "light snow",
  "generated_at": "2025-09-16T21:23:18.706322+00:00"
}
[2025-09-16T21:51:40.753+0000] {dags_utils.py:109} INFO - Received message: {
  "type": "event",
  "user_id": 824,
  "session_id": "37bd52c1-4d56-41ec-a38a-7885ba36e56e",
  "event_type": "view_page",
  "product_id": null,
  "product_name": null,
  "product_category": null,
  "order_id": null,
  "quantity": null,
  "city": "North Pacific Ocean",
  "country": null,
  "lat": 19.453977,
  "lon": -109.796967,
  "cost_usd": 675.07,
  "cost_eur": 574.0,
  "cost_rub": 55925.1,
  "weather_temp": 28.76,
  "weather_desc": "overcast clouds",
  "timestamp": "2025-09-16T21:23:20.585283+00:00"
}
[2025-09-16T21:51:40.754+0000] {dags_utils.py:109} INFO - Received message: {
  "type": "event",
  "user_id": 824,
  "session_id": "2970170c-27ae-4ba9-9294-f89cdfb4e8f6",
  "event_type": "session_end",
  "product_id": null,
  "product_name": null,
  "product_category": null,
  "order_id": null,
  "quantity": null,
  "city": "County Highway 1621",
  "country": "United States",
  "lat": 47.3961015,
  "lon": -98.727177,
  "cost_usd": 709.09,
  "cost_eur": 602.93,
  "cost_rub": 58743.44,
  "weather_temp": 27.8,
  "weather_desc": "scattered clouds",
  "timestamp": "2025-09-16T21:23:22.247862+00:00"
}
[2025-09-16T21:51:40.754+0000] {dags_utils.py:109} INFO - Received message: {
  "type": "user_profile",
  "user_id": 2874,
  "name": "Selena Smith",
  "email": "breyes@example.org",
  "birth_date": "2000-10-06",
  "gender": "male",
  "generated_at": "2025-09-16T21:24:24.095942+00:00"
}
[2025-09-16T21:51:40.755+0000] {dags_utils.py:109} INFO - Received message: {
  "type": "user_device",
  "user_id": 2874,
  "device_type": "mobile",
  "os": "Linux",
  "browser": "Edge",
  "generated_at": "2025-09-16T21:24:24.096045+00:00"
}
[2025-09-16T21:51:40.755+0000] {dags_utils.py:109} INFO - Received message: {
  "type": "user_location",
  "user_id": 2874,
  "city": "Nikshahr",
  "country": "Iran",
  "lat": 26.176731,
  "lon": 61.17652,
  "weather_temp": 31.22,
  "weather_desc": "broken clouds",
  "generated_at": "2025-09-16T21:24:24.096079+00:00"
}
[2025-09-16T21:51:40.755+0000] {dags_utils.py:109} INFO - Received message: {
  "type": "event",
  "user_id": 2874,
  "session_id": "f850b988-9280-47cc-bf6e-2ae267bf64dc",
  "event_type": "signup",
  "product_id": null,
  "product_name": null,
  "product_category": null,
  "order_id": null,
  "quantity": null,
  "city": "Barents Sea",
  "country": null,
  "lat": 76.4428795,
  "lon": 22.128956,
  "cost_usd": 229.6,
  "cost_eur": 195.22,
  "cost_rub": 19020.85,
  "weather_temp": 1.85,
  "weather_desc": "overcast clouds",
  "timestamp": "2025-09-16T21:24:25.705991+00:00"
}
[2025-09-16T21:51:40.756+0000] {dags_utils.py:109} INFO - Received message: {
  "type": "event",
  "user_id": 2874,
  "session_id": "00fef6ae-ce93-4223-a4cd-8d86af06dc51",
  "event_type": "purchase",
  "product_id": 1,
  "product_name": "Redmond \u0424\u0435\u043d",
  "product_category": "electronics",
  "order_id": "70b6f666-7d0c-46f0-be45-b589e6b45cd1",
  "quantity": 4,
  "city": "Philippine Sea",
  "country": null,
  "lat": 7.6576065,
  "lon": 128.381554,
  "cost_usd": 100.58,
  "cost_eur": 85.52,
  "cost_rub": 8332.39,
  "weather_temp": 28.45,
  "weather_desc": "overcast clouds",
  "timestamp": "2025-09-16T21:24:27.343350+00:00"
}
[2025-09-16T21:51:40.756+0000] {dags_utils.py:109} INFO - Received message: {
  "type": "order",
  "order_id": "70b6f666-7d0c-46f0-be45-b589e6b45cd1",
  "user_id": 2874,
  "order_ts": "2025-09-16T21:24:27.344575+00:00",
  "total_usd": 396.0,
  "generated_at": "2025-09-16T21:24:27.344618+00:00"
}
[2025-09-16T21:51:40.757+0000] {dags_utils.py:109} INFO - Received message: {
  "type": "order_item",
  "order_id": "70b6f666-7d0c-46f0-be45-b589e6b45cd1",
  "product_id": 1,
  "quantity": 4,
  "price_usd": 99.0,
  "generated_at": "2025-09-16T21:24:27.344628+00:00"
}
[2025-09-16T21:51:40.757+0000] {dags_utils.py:109} INFO - Received message: {
  "type": "order_status",
  "order_id": "70b6f666-7d0c-46f0-be45-b589e6b45cd1",
  "status": "success",
  "generated_at": "2025-09-16T21:24:27.345044+00:00"
}
[2025-09-16T21:51:40.757+0000] {dags_utils.py:109} INFO - Received message: {
  "type": "user_profile",
  "user_id": 2396,
  "name": "Taylor Hopkins",
  "email": "michaelholland@example.net",
  "birth_date": "1962-02-03",
  "gender": "male",
  "generated_at": "2025-09-16T21:25:19.000501+00:00"
}
[2025-09-16T21:51:40.758+0000] {dags_utils.py:109} INFO - Received message: {
  "type": "user_device",
  "user_id": 2396,
  "device_type": "desktop",
  "os": "MacOS",
  "browser": "Edge",
  "generated_at": "2025-09-16T21:25:19.000531+00:00"
}
[2025-09-16T21:51:40.758+0000] {dags_utils.py:109} INFO - Received message: {
  "type": "user_location",
  "user_id": 2396,
  "city": "South Atlantic Ocean",
  "country": null,
  "lat": -41.3546975,
  "lon": -51.190446,
  "weather_temp": 13.83,
  "weather_desc": "broken clouds",
  "generated_at": "2025-09-16T21:25:19.000545+00:00"
}
[2025-09-16T21:51:40.758+0000] {dags_utils.py:109} INFO - Received message: {
  "type": "event",
  "user_id": 2396,
  "session_id": "c2ba9e87-a5d6-4a0a-841f-54a697fa98e4",
  "event_type": "purchase",
  "product_id": 5,
  "product_name": "Levi's Jeans",
  "product_category": "clothing",
  "order_id": "432e1a10-c8b1-4b3b-a9e6-daa99331318d",
  "quantity": 5,
  "city": "Antarctica",
  "country": "Antarctica",
  "lat": -86.9677355,
  "lon": 96.628378,
  "cost_usd": 713.88,
  "cost_eur": 607.0,
  "cost_rub": 59140.25,
  "weather_temp": -41.47,
  "weather_desc": "overcast clouds",
  "timestamp": "2025-09-16T21:25:20.810444+00:00"
}
[2025-09-16T21:51:40.759+0000] {dags_utils.py:109} INFO - Received message: {
  "type": "order",
  "order_id": "432e1a10-c8b1-4b3b-a9e6-daa99331318d",
  "user_id": 2396,
  "order_ts": "2025-09-16T21:25:20.812590+00:00",
  "total_usd": 448.0,
  "generated_at": "2025-09-16T21:25:20.812621+00:00"
}
[2025-09-16T21:51:40.759+0000] {dags_utils.py:109} INFO - Received message: {
  "type": "order_item",
  "order_id": "432e1a10-c8b1-4b3b-a9e6-daa99331318d",
  "product_id": 5,
  "quantity": 5,
  "price_usd": 89.6,
  "generated_at": "2025-09-16T21:25:20.812627+00:00"
}
[2025-09-16T21:51:40.759+0000] {dags_utils.py:109} INFO - Received message: {
  "type": "order_status",
  "order_id": "432e1a10-c8b1-4b3b-a9e6-daa99331318d",
  "status": "success",
  "generated_at": "2025-09-16T21:25:20.813045+00:00"
}
[2025-09-16T21:51:40.760+0000] {dags_utils.py:109} INFO - Received message: {
  "type": "event",
  "user_id": 2396,
  "session_id": "025988b9-58e1-4943-b16c-ce9e044a873c",
  "event_type": "logout",
  "product_id": null,
  "product_name": null,
  "product_category": null,
  "order_id": null,
  "quantity": null,
  "city": "Kivalliq",
  "country": "Canada",
  "lat": 67.0318305,
  "lon": -65.561625,
  "cost_usd": 576.51,
  "cost_eur": 490.2,
  "cost_rub": 47760.06,
  "weather_temp": -8.24,
  "weather_desc": "overcast clouds",
  "timestamp": "2025-09-16T21:25:22.196730+00:00"
}
[2025-09-16T21:51:40.760+0000] {dags_utils.py:109} INFO - Received message: {
  "type": "user_profile",
  "user_id": 3741,
  "name": "Tonya Mahoney",
  "email": "rachel78@example.org",
  "birth_date": "1953-09-13",
  "gender": "other",
  "generated_at": "2025-09-16T21:26:21.091858+00:00"
}
[2025-09-16T21:51:40.761+0000] {dags_utils.py:109} INFO - Received message: {
  "type": "user_device",
  "user_id": 3741,
  "device_type": "mobile",
  "os": "Windows",
  "browser": "Chrome",
  "generated_at": "2025-09-16T21:26:21.091888+00:00"
}
[2025-09-16T21:51:40.761+0000] {dags_utils.py:109} INFO - Received message: {
  "type": "user_location",
  "user_id": 3741,
  "city": "Leonora",
  "country": "Australia",
  "lat": -28.8240115,
  "lon": 121.242174,
  "weather_temp": 11.13,
  "weather_desc": "clear sky",
  "generated_at": "2025-09-16T21:26:21.091900+00:00"
}
[2025-09-16T21:51:40.762+0000] {dags_utils.py:109} INFO - Received message: {
  "type": "event",
  "user_id": 3741,
  "session_id": "8c961a32-3348-41dc-86fa-8de671f8e206",
  "event_type": "logout",
  "product_id": null,
  "product_name": null,
  "product_category": null,
  "order_id": null,
  "quantity": null,
  "city": "Ehvenkijskiy",
  "country": "Russia",
  "lat": 61.874112,
  "lon": 105.249672,
  "cost_usd": 880.85,
  "cost_eur": 748.97,
  "cost_rub": 72972.62,
  "weather_temp": -3.45,
  "weather_desc": "scattered clouds",
  "timestamp": "2025-09-16T21:26:22.486783+00:00"
}
[2025-09-16T21:51:40.762+0000] {dags_utils.py:109} INFO - Received message: {
  "type": "event",
  "user_id": 3741,
  "session_id": "b94c61da-223b-4e46-9307-6e084d4853b9",
  "event_type": "logout",
  "product_id": null,
  "product_name": null,
  "product_category": null,
  "order_id": null,
  "quantity": null,
  "city": "South Pacific Ocean",
  "country": null,
  "lat": -32.77827,
  "lon": 169.58284,
  "cost_usd": 996.75,
  "cost_eur": 847.52,
  "cost_rub": 82574.17,
  "weather_temp": 15.64,
  "weather_desc": "overcast clouds",
  "timestamp": "2025-09-16T21:26:25.751076+00:00"
}
[2025-09-16T21:51:40.763+0000] {dags_utils.py:109} INFO - Received message: {
  "type": "user_profile",
  "user_id": 3711,
  "name": "Sheri Cooper",
  "email": "oduncan@example.org",
  "birth_date": "1995-05-17",
  "gender": "other",
  "generated_at": "2025-09-16T21:27:29.740536+00:00"
}
[2025-09-16T21:51:40.763+0000] {dags_utils.py:109} INFO - Received message: {
  "type": "user_device",
  "user_id": 3711,
  "device_type": "tablet",
  "os": "Linux",
  "browser": "Safari",
  "generated_at": "2025-09-16T21:27:29.740826+00:00"
}
[2025-09-16T21:51:40.763+0000] {dags_utils.py:109} INFO - Received message: {
  "type": "user_location",
  "user_id": 3711,
  "city": "Antarctica",
  "country": "Antarctica",
  "lat": -82.8164985,
  "lon": 32.116007,
  "weather_temp": -36.18,
  "weather_desc": "overcast clouds",
  "generated_at": "2025-09-16T21:27:29.740932+00:00"
}
[2025-09-16T21:51:40.763+0000] {dags_utils.py:109} INFO - Received message: {
  "type": "event",
  "user_id": 3711,
  "session_id": "ad0a7c93-d934-4d60-9061-7d4efa33038c",
  "event_type": "filter",
  "product_id": null,
  "product_name": null,
  "product_category": null,
  "order_id": null,
  "quantity": null,
  "city": "Juledagan",
  "country": null,
  "lat": 64.8500585,
  "lon": 10.992054,
  "cost_usd": 43.5,
  "cost_eur": 36.99,
  "cost_rub": 3603.69,
  "weather_temp": 11.08,
  "weather_desc": "overcast clouds",
  "timestamp": "2025-09-16T21:27:31.246892+00:00"
}
[2025-09-16T21:51:40.764+0000] {dags_utils.py:109} INFO - Received message: {
  "type": "event",
  "user_id": 3711,
  "session_id": "a7b29901-0099-447d-a2ba-16e1c827bb28",
  "event_type": "view_page",
  "product_id": null,
  "product_name": null,
  "product_category": null,
  "order_id": null,
  "quantity": null,
  "city": "Antarctica",
  "country": "Antarctica",
  "lat": -83.427015,
  "lon": -86.186441,
  "cost_usd": 654.15,
  "cost_eur": 556.21,
  "cost_rub": 54192.02,
  "weather_temp": -28.91,
  "weather_desc": "overcast clouds",
  "timestamp": "2025-09-16T21:27:32.463503+00:00"
}
[2025-09-16T21:51:40.764+0000] {dags_utils.py:109} INFO - Received message: {
  "type": "user_profile",
  "user_id": 2791,
  "name": "Eileen Flores",
  "email": "lindsayduffy@example.net",
  "birth_date": "1987-03-10",
  "gender": "other",
  "generated_at": "2025-09-16T21:28:37.149302+00:00"
}
[2025-09-16T21:51:40.764+0000] {dags_utils.py:109} INFO - Received message: {
  "type": "user_device",
  "user_id": 2791,
  "device_type": "desktop",
  "os": "MacOS",
  "browser": "Chrome",
  "generated_at": "2025-09-16T21:28:37.149414+00:00"
}
[2025-09-16T21:51:40.765+0000] {dags_utils.py:109} INFO - Received message: {
  "type": "user_location",
  "user_id": 2791,
  "city": "Maria-Chapdelaine",
  "country": "Canada",
  "lat": 50.161432,
  "lon": -71.729122,
  "weather_temp": 20.86,
  "weather_desc": "few clouds",
  "generated_at": "2025-09-16T21:28:37.149602+00:00"
}
[2025-09-16T21:51:40.765+0000] {dags_utils.py:109} INFO - Received message: {
  "type": "campaign_event",
  "user_id": 2791,
  "campaign_id": "camp3",
  "campaign_name": "New Year",
  "channel": "search",
  "action": "conversion",
  "cost": 299.63,
  "generated_at": "2025-09-16T21:28:37.217160+00:00"
}
[2025-09-16T21:51:40.766+0000] {dags_utils.py:109} INFO - Received message: {
  "type": "event",
  "user_id": 2791,
  "session_id": "b8c0bcc4-2479-4ca4-8c2e-b8e7a95c511f",
  "event_type": "session_end",
  "product_id": null,
  "product_name": null,
  "product_category": null,
  "order_id": null,
  "quantity": null,
  "city": "United States",
  "country": "United States",
  "lat": 68.114983,
  "lon": -175.899715,
  "cost_usd": 774.17,
  "cost_eur": 658.26,
  "cost_rub": 64134.88,
  "weather_temp": 4.79,
  "weather_desc": "overcast clouds",
  "timestamp": "2025-09-16T21:28:38.853677+00:00"
}
[2025-09-16T21:51:40.767+0000] {dags_utils.py:109} INFO - Received message: {
  "type": "event",
  "user_id": 2791,
  "session_id": "d2d6e723-1b0a-4236-9101-61d7fdbde3c3",
  "event_type": "view_page",
  "product_id": null,
  "product_name": null,
  "product_category": null,
  "order_id": null,
  "quantity": null,
  "city": "Arctic Ocean",
  "country": null,
  "lat": 87.3559685,
  "lon": 75.765302,
  "cost_usd": 842.04,
  "cost_eur": 715.97,
  "cost_rub": 69757.47,
  "weather_temp": -4.79,
  "weather_desc": "overcast clouds",
  "timestamp": "2025-09-16T21:28:40.428874+00:00"
}
[2025-09-16T21:51:40.768+0000] {dags_utils.py:109} INFO - Received message: {
  "type": "user_profile",
  "user_id": 129,
  "name": "Veronica Estes",
  "email": "thorton@example.org",
  "birth_date": "2005-03-04",
  "gender": "female",
  "generated_at": "2025-09-16T21:29:23.795986+00:00"
}
[2025-09-16T21:51:40.768+0000] {dags_utils.py:109} INFO - Received message: {
  "type": "user_device",
  "user_id": 129,
  "device_type": "desktop",
  "os": "iOS",
  "browser": "Safari",
  "generated_at": "2025-09-16T21:29:23.796019+00:00"
}
[2025-09-16T21:51:40.768+0000] {dags_utils.py:109} INFO - Received message: {
  "type": "user_location",
  "user_id": 129,
  "city": "Indian Ocean",
  "country": null,
  "lat": -3.9318395,
  "lon": 66.256991,
  "weather_temp": 27.17,
  "weather_desc": "clear sky",
  "generated_at": "2025-09-16T21:29:23.796301+00:00"
}
[2025-09-16T21:51:40.769+0000] {dags_utils.py:109} INFO - Received message: {
  "type": "event",
  "user_id": 129,
  "session_id": "8175a626-ccf5-47ed-816a-042d0b91a2c7",
  "event_type": "search",
  "product_id": null,
  "product_name": null,
  "product_category": null,
  "order_id": null,
  "quantity": null,
  "city": "Southern Ocean",
  "country": null,
  "lat": -66.752337,
  "lon": -169.604417,
  "cost_usd": 714.49,
  "cost_eur": 607.52,
  "cost_rub": 59190.79,
  "weather_temp": -15.77,
  "weather_desc": "overcast clouds",
  "timestamp": "2025-09-16T21:29:25.584298+00:00"
}
[2025-09-16T21:51:40.769+0000] {dags_utils.py:109} INFO - Received message: {
  "type": "event",
  "user_id": 129,
  "session_id": "49cb4dfc-a19a-43d2-b14a-56edae8afdae",
  "event_type": "payment_success",
  "product_id": null,
  "product_name": null,
  "product_category": null,
  "order_id": null,
  "quantity": null,
  "city": "North Pacific Ocean",
  "country": null,
  "lat": 36.8239535,
  "lon": 152.067911,
  "cost_usd": 187.48,
  "cost_eur": 159.41,
  "cost_rub": 15531.48,
  "weather_temp": 23.23,
  "weather_desc": "clear sky",
  "timestamp": "2025-09-16T21:29:29.362714+00:00"
}
[2025-09-16T21:51:40.769+0000] {dags_utils.py:109} INFO - Received message: {
  "type": "user_profile",
  "user_id": 1200,
  "name": "Benjamin Esparza",
  "email": "castilloandrew@example.net",
  "birth_date": "1976-11-02",
  "gender": "other",
  "generated_at": "2025-09-16T21:30:28.617053+00:00"
}
[2025-09-16T21:51:40.770+0000] {dags_utils.py:109} INFO - Received message: {
  "type": "user_device",
  "user_id": 1200,
  "device_type": "tablet",
  "os": "Android",
  "browser": "Firefox",
  "generated_at": "2025-09-16T21:30:28.617567+00:00"
}
[2025-09-16T21:51:40.770+0000] {dags_utils.py:109} INFO - Received message: {
  "type": "user_location",
  "user_id": 1200,
  "city": "South Atlantic Ocean",
  "country": null,
  "lat": -24.031428,
  "lon": -24.223353,
  "weather_temp": 18.67,
  "weather_desc": "overcast clouds",
  "generated_at": "2025-09-16T21:30:28.617614+00:00"
}
[2025-09-16T21:51:40.804+0000] {dags_utils.py:109} INFO - Received message: {
  "type": "campaign_event",
  "user_id": 1200,
  "campaign_id": "camp4",
  "campaign_name": "Spring Collection",
  "channel": "email",
  "action": "view",
  "cost": 410.6,
  "generated_at": "2025-09-16T21:30:28.658892+00:00"
}
[2025-09-16T21:51:40.805+0000] {dags_utils.py:109} INFO - Received message: {
  "type": "event",
  "user_id": 1200,
  "session_id": "942f0015-17fb-4d1d-8729-ab6c370f9216",
  "event_type": "signup",
  "product_id": null,
  "product_name": null,
  "product_category": null,
  "order_id": null,
  "quantity": null,
  "city": "Antarctica",
  "country": "Antarctica",
  "lat": -80.039974,
  "lon": 156.675981,
  "cost_usd": 33.74,
  "cost_eur": 28.69,
  "cost_rub": 2795.14,
  "weather_temp": -25.13,
  "weather_desc": "overcast clouds",
  "timestamp": "2025-09-16T21:30:30.344709+00:00"
}
[2025-09-16T21:51:40.805+0000] {dags_utils.py:109} INFO - Received message: {
  "type": "event",
  "user_id": 1200,
  "session_id": "7ad74f54-0cb2-433f-b951-09fe6398cc99",
  "event_type": "session_start",
  "product_id": null,
  "product_name": null,
  "product_category": null,
  "order_id": null,
  "quantity": null,
  "city": "South Atlantic Ocean",
  "country": null,
  "lat": -36.7146405,
  "lon": -41.523746,
  "cost_usd": 9.66,
  "cost_eur": 8.21,
  "cost_rub": 800.27,
  "weather_temp": 14.5,
  "weather_desc": "few clouds",
  "timestamp": "2025-09-16T21:30:32.134963+00:00"
}
[2025-09-16T21:51:40.805+0000] {dags_utils.py:109} INFO - Received message: {
  "type": "user_profile",
  "user_id": 4105,
  "name": "Michael Moran",
  "email": "grobinson@example.com",
  "birth_date": "1950-01-31",
  "gender": "male",
  "generated_at": "2025-09-16T21:31:35.424348+00:00"
}
[2025-09-16T21:51:40.806+0000] {dags_utils.py:109} INFO - Received message: {
  "type": "user_device",
  "user_id": 4105,
  "device_type": "desktop",
  "os": "Linux",
  "browser": "Safari",
  "generated_at": "2025-09-16T21:31:35.424433+00:00"
}
[2025-09-16T21:51:40.806+0000] {dags_utils.py:109} INFO - Received message: {
  "type": "user_location",
  "user_id": 4105,
  "city": "Bawlakhe",
  "country": "Myanmar",
  "lat": 19.070247,
  "lon": 97.175012,
  "weather_temp": 21.53,
  "weather_desc": "overcast clouds",
  "generated_at": "2025-09-16T21:31:35.424481+00:00"
}
[2025-09-16T21:51:40.807+0000] {dags_utils.py:109} INFO - Received message: {
  "type": "event",
  "user_id": 4105,
  "session_id": "f269d44b-1a36-4402-b0bc-639b3af70a96",
  "event_type": "add_to_cart",
  "product_id": 5,
  "product_name": "Levi's Jeans",
  "product_category": "clothing",
  "order_id": "09feaed8-676e-4a4f-9570-b887d49d2629",
  "quantity": 5,
  "city": "Blackall",
  "country": "Australia",
  "lat": -24.348022,
  "lon": 145.274776,
  "cost_usd": 919.64,
  "cost_eur": 781.95,
  "cost_rub": 76186.12,
  "weather_temp": 22.82,
  "weather_desc": "few clouds",
  "timestamp": "2025-09-16T21:31:37.129386+00:00"
}
[2025-09-16T21:51:40.807+0000] {dags_utils.py:109} INFO - Received message: {
  "type": "event",
  "user_id": 4105,
  "session_id": "cc768e90-b461-49ad-b065-a729663280da",
  "event_type": "filter",
  "product_id": null,
  "product_name": null,
  "product_category": null,
  "order_id": null,
  "quantity": null,
  "city": "Tasman Sea",
  "country": null,
  "lat": -39.1673665,
  "lon": 152.15756,
  "cost_usd": 286.26,
  "cost_eur": 243.4,
  "cost_rub": 23714.76,
  "weather_temp": 13.78,
  "weather_desc": "clear sky",
  "timestamp": "2025-09-16T21:31:38.553285+00:00"
}
[2025-09-16T21:51:40.808+0000] {dags_utils.py:109} INFO - Received message: {
  "type": "user_profile",
  "user_id": 1956,
  "name": "Joseph Hunter",
  "email": "alicia83@example.net",
  "birth_date": "1981-10-02",
  "gender": "male",
  "generated_at": "2025-09-16T21:32:27.404645+00:00"
}
[2025-09-16T21:51:40.808+0000] {dags_utils.py:109} INFO - Received message: {
  "type": "user_device",
  "user_id": 1956,
  "device_type": "tablet",
  "os": "Android",
  "browser": "Chrome",
  "generated_at": "2025-09-16T21:32:27.404752+00:00"
}
[2025-09-16T21:51:40.808+0000] {dags_utils.py:109} INFO - Received message: {
  "type": "user_location",
  "user_id": 1956,
  "city": "Southern Ocean",
  "country": null,
  "lat": -62.1014085,
  "lon": 74.283152,
  "weather_temp": -12.55,
  "weather_desc": "few clouds",
  "generated_at": "2025-09-16T21:32:27.404790+00:00"
}
[2025-09-16T21:51:40.809+0000] {dags_utils.py:109} INFO - Received message: {
  "type": "event",
  "user_id": 1956,
  "session_id": "74fdecf7-0d5f-4896-a6da-72c9e61133d4",
  "event_type": "view_page",
  "product_id": null,
  "product_name": null,
  "product_category": null,
  "order_id": null,
  "quantity": null,
  "city": "Southern Ocean",
  "country": null,
  "lat": -66.935151,
  "lon": -37.703447,
  "cost_usd": 85.5,
  "cost_eur": 72.7,
  "cost_rub": 7083.11,
  "weather_temp": -6.48,
  "weather_desc": "overcast clouds",
  "timestamp": "2025-09-16T21:32:28.883812+00:00"
}
[2025-09-16T21:51:40.809+0000] {dags_utils.py:109} INFO - Received message: {
  "type": "event",
  "user_id": 1956,
  "session_id": "8210458e-4287-4e7a-90bd-2a62e44cbbe1",
  "event_type": "remove_from_cart",
  "product_id": null,
  "product_name": null,
  "product_category": null,
  "order_id": null,
  "quantity": null,
  "city": "Arctic Ocean",
  "country": null,
  "lat": 76.0091835,
  "lon": -161.623367,
  "cost_usd": 620.43,
  "cost_eur": 527.54,
  "cost_rub": 51398.54,
  "weather_temp": -2,
  "weather_desc": "overcast clouds",
  "timestamp": "2025-09-16T21:32:30.270627+00:00"
}
[2025-09-16T21:51:40.810+0000] {dags_utils.py:109} INFO - Received message: {
  "type": "user_profile",
  "user_id": 3923,
  "name": "Andrea Solomon MD",
  "email": "rayjohnson@example.net",
  "birth_date": "1947-09-27",
  "gender": "female",
  "generated_at": "2025-09-16T21:33:38.647539+00:00"
}
[2025-09-16T21:51:40.810+0000] {dags_utils.py:109} INFO - Received message: {
  "type": "user_device",
  "user_id": 3923,
  "device_type": "desktop",
  "os": "Windows",
  "browser": "Edge",
  "generated_at": "2025-09-16T21:33:38.647637+00:00"
}
[2025-09-16T21:51:40.811+0000] {dags_utils.py:109} INFO - Received message: {
  "type": "user_location",
  "user_id": 3923,
  "city": "Indian Ocean",
  "country": null,
  "lat": -10.590146,
  "lon": 119.629257,
  "weather_temp": 25.97,
  "weather_desc": "overcast clouds",
  "generated_at": "2025-09-16T21:33:38.647664+00:00"
}
[2025-09-16T21:51:40.811+0000] {dags_utils.py:109} INFO - Received message: {
  "type": "campaign_event",
  "user_id": 3923,
  "campaign_id": "camp4",
  "campaign_name": "Spring Collection",
  "channel": "email",
  "action": "view",
  "cost": 357.59,
  "generated_at": "2025-09-16T21:33:38.692842+00:00"
}
[2025-09-16T21:51:40.811+0000] {dags_utils.py:109} INFO - Received message: {
  "type": "event",
  "user_id": 3923,
  "session_id": "dfdcd3e4-1150-43df-bee4-c8f2877f12b6",
  "event_type": "view_page",
  "product_id": null,
  "product_name": null,
  "product_category": null,
  "order_id": null,
  "quantity": null,
  "city": "Oljutorskiy",
  "country": "Russia",
  "lat": 61.1553445,
  "lon": 172.317422,
  "cost_usd": 249.12,
  "cost_eur": 211.82,
  "cost_rub": 20637.95,
  "weather_temp": 7.15,
  "weather_desc": "broken clouds",
  "timestamp": "2025-09-16T21:33:43.311498+00:00"
}
[2025-09-16T21:51:40.812+0000] {dags_utils.py:109} INFO - Received message: {
  "type": "event",
  "user_id": 3923,
  "session_id": "d482c0b2-e96c-403e-be34-c640eb9b2c91",
  "event_type": "payment_success",
  "product_id": null,
  "product_name": null,
  "product_category": null,
  "order_id": null,
  "quantity": null,
  "city": "Sargasso Sea",
  "country": null,
  "lat": 21.583557,
  "lon": -50.724935,
  "cost_usd": 291.82,
  "cost_eur": 248.13,
  "cost_rub": 24175.36,
  "weather_temp": 27.59,
  "weather_desc": "scattered clouds",
  "timestamp": "2025-09-16T21:33:45.253195+00:00"
}
[2025-09-16T21:51:40.812+0000] {dags_utils.py:109} INFO - Received message: {
  "type": "user_profile",
  "user_id": 2893,
  "name": "Jason Weaver",
  "email": "ryan63@example.com",
  "birth_date": "1958-08-03",
  "gender": "other",
  "generated_at": "2025-09-16T21:34:22.498887+00:00"
}
[2025-09-16T21:51:40.830+0000] {dags_utils.py:109} INFO - Received message: {
  "type": "user_device",
  "user_id": 2893,
  "device_type": "tablet",
  "os": "Windows",
  "browser": "Safari",
  "generated_at": "2025-09-16T21:34:22.498952+00:00"
}
[2025-09-16T21:51:40.838+0000] {dags_utils.py:109} INFO - Received message: {
  "type": "user_location",
  "user_id": 2893,
  "city": "North Pacific Ocean",
  "country": null,
  "lat": 40.6646245,
  "lon": 163.618208,
  "weather_temp": 19.64,
  "weather_desc": "few clouds",
  "generated_at": "2025-09-16T21:34:22.498976+00:00"
}
[2025-09-16T21:51:40.840+0000] {dags_utils.py:109} INFO - Received message: {
  "type": "event",
  "user_id": 2893,
  "session_id": "096cbf3e-143f-4e33-9939-5431ce035be8",
  "event_type": "login",
  "product_id": null,
  "product_name": null,
  "product_category": null,
  "order_id": null,
  "quantity": null,
  "city": "Scotia Sea",
  "country": null,
  "lat": -52.2538455,
  "lon": -58.895524,
  "cost_usd": 456.62,
  "cost_eur": 388.26,
  "cost_rub": 37827.96,
  "weather_temp": 4.49,
  "weather_desc": "scattered clouds",
  "timestamp": "2025-09-16T21:34:24.130453+00:00"
}
[2025-09-16T21:51:40.840+0000] {dags_utils.py:109} INFO - Received message: {
  "type": "event",
  "user_id": 2893,
  "session_id": "fcb5a011-2cb5-4a57-8339-98ecc289994f",
  "event_type": "view_page",
  "product_id": null,
  "product_name": null,
  "product_category": null,
  "order_id": null,
  "quantity": null,
  "city": "Hudson Bay",
  "country": null,
  "lat": 59.1595545,
  "lon": -93.521509,
  "cost_usd": 27.89,
  "cost_eur": 23.71,
  "cost_rub": 2310.5,
  "weather_temp": 7.36,
  "weather_desc": "overcast clouds",
  "timestamp": "2025-09-16T21:34:26.026719+00:00"
}
[2025-09-16T21:52:10.851+0000] {dags_utils.py:197} INFO - [SUCCESS] Consumer finished and flushed buffers
[2025-09-16T21:52:10.855+0000] {base.py:1052} INFO - Stopping heartbeat thread
[2025-09-16T21:52:10.856+0000] {base.py:891} INFO - Leaving consumer group (***_batch_consumer).
[2025-09-16T21:52:10.959+0000] {base.py:907} INFO - LeaveGroup request for group ***_batch_consumer returned successfully
[2025-09-16T21:52:10.960+0000] {conn.py:945} INFO - <BrokerConnection client_id=kafka-python-2.2.15, node_id=1 host=kafka:29092 <connected> [IPv4 ('172.23.0.3', 29092)]>: Closing connection. 
[2025-09-16T21:52:10.961+0000] {fetcher.py:786} INFO - Fetch to node 1 failed: Cancelled: <BrokerConnection client_id=kafka-python-2.2.15, node_id=1 host=kafka:29092 <connected> [IPv4 ('172.23.0.3', 29092)]>
[2025-09-16T21:52:10.961+0000] {conn.py:945} INFO - <BrokerConnection client_id=kafka-python-2.2.15, node_id=coordinator-1 host=kafka:29092 <connected> [IPv4 ('172.23.0.3', 29092)]>: Closing connection. 
[2025-09-16T21:52:10.962+0000] {python.py:183} INFO - Done. Returned value was: None
[2025-09-16T21:52:10.980+0000] {taskinstance.py:1350} INFO - Marking task as SUCCESS. dag_id=kafka_to_postgres_batch, task_id=consume_and_save_batch, execution_date=20250916T212126, start_date=20250916T215136, end_date=20250916T215210
[2025-09-16T21:52:10.982+0000] {logging_mixin.py:150} WARNING - /home/***/.local/lib/python3.7/site-packages/***/utils/context.py:205 AirflowContextDeprecationWarning: Accessing 'execution_date' from the template is deprecated and will be removed in a future version. Please use 'data_interval_start' or 'logical_date' instead.
[2025-09-16T21:52:11.561+0000] {local_task_job_runner.py:225} INFO - Task exited with return code 0
[2025-09-16T21:52:11.590+0000] {taskinstance.py:2653} INFO - 0 downstream tasks scheduled from follow-on schedule check
