[2025-09-03T15:43:02.657+0000] {taskinstance.py:1103} INFO - Dependencies all met for dep_context=non-requeueable deps ti=<TaskInstance: kafka_to_postgres_batch.create_events_table manual__2025-09-03T15:37:51.116927+00:00 [queued]>
[2025-09-03T15:43:02.671+0000] {taskinstance.py:1103} INFO - Dependencies all met for dep_context=requeueable deps ti=<TaskInstance: kafka_to_postgres_batch.create_events_table manual__2025-09-03T15:37:51.116927+00:00 [queued]>
[2025-09-03T15:43:02.671+0000] {taskinstance.py:1308} INFO - Starting attempt 2 of 3
[2025-09-03T15:43:02.692+0000] {taskinstance.py:1327} INFO - Executing <Task(PostgresOperator): create_events_table> on 2025-09-03 15:37:51.116927+00:00
[2025-09-03T15:43:02.700+0000] {standard_task_runner.py:57} INFO - Started process 1018 to run task
[2025-09-03T15:43:02.703+0000] {standard_task_runner.py:84} INFO - Running: ['***', 'tasks', 'run', 'kafka_to_postgres_batch', 'create_events_table', 'manual__2025-09-03T15:37:51.116927+00:00', '--job-id', '112', '--raw', '--subdir', 'DAGS_FOLDER/dags.py', '--cfg-path', '/tmp/tmptu7obzzo']
[2025-09-03T15:43:02.706+0000] {standard_task_runner.py:85} INFO - Job 112: Subtask create_events_table
[2025-09-03T15:43:02.730+0000] {logging_mixin.py:150} WARNING - /home/***/.local/lib/python3.7/site-packages/***/settings.py:195 DeprecationWarning: The sql_alchemy_conn option in [core] has been moved to the sql_alchemy_conn option in [database] - the old setting has been used, but please update your config.
[2025-09-03T15:43:02.783+0000] {task_command.py:410} INFO - Running <TaskInstance: kafka_to_postgres_batch.create_events_table manual__2025-09-03T15:37:51.116927+00:00 [running]> on host 5646b9718ecc
[2025-09-03T15:43:02.902+0000] {taskinstance.py:1547} INFO - Exporting env vars: AIRFLOW_CTX_DAG_OWNER='***' AIRFLOW_CTX_DAG_ID='kafka_to_postgres_batch' AIRFLOW_CTX_TASK_ID='create_events_table' AIRFLOW_CTX_EXECUTION_DATE='2025-09-03T15:37:51.116927+00:00' AIRFLOW_CTX_TRY_NUMBER='2' AIRFLOW_CTX_DAG_RUN_ID='manual__2025-09-03T15:37:51.116927+00:00'
[2025-09-03T15:43:02.903+0000] {sql.py:265} INFO - Executing: 
        CREATE TABLE IF NOT EXISTS raw.events (
            id SERIAL PRIMARY KEY,
            user_id INT,
            event_type TEXT,
            city TEXT,
            country TEXT,
            lat DOUBLE PRECISION,
            lon DOUBLE PRECISION,
            cost_usd NUMERIC(10,2),
            cost_eur NUMERIC(10,2),
            cost_rub NUMERIC(10,2),
            weather_temp NUMERIC(5,2),
            weather_desc TEXT,
            timestamp TIMESTAMPTZ DEFAULT NOW()
        );

        CREATE INDEX IF NOT EXISTS idx_raw_events_user_id ON raw.events(user_id);
        CREATE INDEX IF NOT EXISTS idx_raw_events_timestamp ON raw.events(event_timestamp);
        
[2025-09-03T15:43:02.917+0000] {base.py:73} INFO - Using connection ID 'postgres_default' for task execution.
[2025-09-03T15:43:02.992+0000] {base.py:73} INFO - Using connection ID 'postgres_default' for task execution.
[2025-09-03T15:43:02.999+0000] {sql.py:375} INFO - Running statement: 
        CREATE TABLE IF NOT EXISTS raw.events (
            id SERIAL PRIMARY KEY,
            user_id INT,
            event_type TEXT,
            city TEXT,
            country TEXT,
            lat DOUBLE PRECISION,
            lon DOUBLE PRECISION,
            cost_usd NUMERIC(10,2),
            cost_eur NUMERIC(10,2),
            cost_rub NUMERIC(10,2),
            weather_temp NUMERIC(5,2),
            weather_desc TEXT,
            timestamp TIMESTAMPTZ DEFAULT NOW()
        );

        CREATE INDEX IF NOT EXISTS idx_raw_events_user_id ON raw.events(user_id);
        CREATE INDEX IF NOT EXISTS idx_raw_events_timestamp ON raw.events(event_timestamp);
        , parameters: None
[2025-09-03T15:43:03.019+0000] {taskinstance.py:1824} ERROR - Task failed with exception
Traceback (most recent call last):
  File "/home/airflow/.local/lib/python3.7/site-packages/airflow/providers/common/sql/operators/sql.py", line 277, in execute
    **extra_kwargs,
  File "/home/airflow/.local/lib/python3.7/site-packages/airflow/providers/common/sql/hooks/sql.py", line 349, in run
    self._run_command(cur, sql_statement, parameters)
  File "/home/airflow/.local/lib/python3.7/site-packages/airflow/providers/common/sql/hooks/sql.py", line 380, in _run_command
    cur.execute(sql_statement)
psycopg2.errors.UndefinedColumn: column "event_timestamp" does not exist

[2025-09-03T15:43:03.035+0000] {taskinstance.py:1350} INFO - Marking task as UP_FOR_RETRY. dag_id=kafka_to_postgres_batch, task_id=create_events_table, execution_date=20250903T153751, start_date=20250903T154302, end_date=20250903T154303
[2025-09-03T15:43:03.053+0000] {standard_task_runner.py:109} ERROR - Failed to execute job 112 for task create_events_table (column "event_timestamp" does not exist
; 1018)
[2025-09-03T15:43:03.077+0000] {local_task_job_runner.py:225} INFO - Task exited with return code 1
[2025-09-03T15:43:03.127+0000] {taskinstance.py:2653} INFO - 0 downstream tasks scheduled from follow-on schedule check
