[2025-09-15T22:08:10.288+0000] {logging_mixin.py:150} WARNING - /home/***/.local/lib/python3.7/site-packages/***/utils/sqlalchemy.py:124 DeprecationWarning: The sql_alchemy_conn option in [core] has been moved to the sql_alchemy_conn option in [database] - the old setting has been used, but please update your config.
[2025-09-15T22:08:10.490+0000] {taskinstance.py:1103} INFO - Dependencies all met for dep_context=non-requeueable deps ti=<TaskInstance: generate_events_minutely.produce_entities_and_events scheduled__2025-09-15T22:06:22.033285+00:00 [queued]>
[2025-09-15T22:08:10.507+0000] {taskinstance.py:1103} INFO - Dependencies all met for dep_context=requeueable deps ti=<TaskInstance: generate_events_minutely.produce_entities_and_events scheduled__2025-09-15T22:06:22.033285+00:00 [queued]>
[2025-09-15T22:08:10.508+0000] {taskinstance.py:1308} INFO - Starting attempt 1 of 2
[2025-09-15T22:08:10.573+0000] {taskinstance.py:1327} INFO - Executing <Task(PythonOperator): produce_entities_and_events> on 2025-09-15 22:06:22.033285+00:00
[2025-09-15T22:08:10.604+0000] {standard_task_runner.py:57} INFO - Started process 1133 to run task
[2025-09-15T22:08:10.611+0000] {standard_task_runner.py:84} INFO - Running: ['***', 'tasks', 'run', 'generate_events_minutely', 'produce_entities_and_events', 'scheduled__2025-09-15T22:06:22.033285+00:00', '--job-id', '476', '--raw', '--subdir', 'DAGS_FOLDER/generator_dag.py', '--cfg-path', '/tmp/tmprclxsny4']
[2025-09-15T22:08:10.615+0000] {standard_task_runner.py:85} INFO - Job 476: Subtask produce_entities_and_events
[2025-09-15T22:08:10.797+0000] {logging_mixin.py:150} WARNING - /home/***/.local/lib/python3.7/site-packages/***/settings.py:195 DeprecationWarning: The sql_alchemy_conn option in [core] has been moved to the sql_alchemy_conn option in [database] - the old setting has been used, but please update your config.
[2025-09-15T22:08:10.897+0000] {task_command.py:410} INFO - Running <TaskInstance: generate_events_minutely.produce_entities_and_events scheduled__2025-09-15T22:06:22.033285+00:00 [running]> on host 71d7292233fc
[2025-09-15T22:08:10.940+0000] {logging_mixin.py:150} WARNING - /home/***/.local/lib/python3.7/site-packages/***/utils/sqlalchemy.py:124 DeprecationWarning: The sql_alchemy_conn option in [core] has been moved to the sql_alchemy_conn option in [database] - the old setting has been used, but please update your config.
[2025-09-15T22:08:11.445+0000] {taskinstance.py:1547} INFO - Exporting env vars: AIRFLOW_CTX_DAG_OWNER='***' AIRFLOW_CTX_DAG_ID='generate_events_minutely' AIRFLOW_CTX_TASK_ID='produce_entities_and_events' AIRFLOW_CTX_EXECUTION_DATE='2025-09-15T22:06:22.033285+00:00' AIRFLOW_CTX_TRY_NUMBER='1' AIRFLOW_CTX_DAG_RUN_ID='scheduled__2025-09-15T22:06:22.033285+00:00'
[2025-09-15T22:08:11.457+0000] {conn.py:397} INFO - <BrokerConnection client_id=kafka-python-producer-1, node_id=bootstrap-0 host=kafka:29092 <connecting> [IPv4 ('172.23.0.2', 29092)]>: connecting to kafka:29092 [('172.23.0.2', 29092) IPv4]
[2025-09-15T22:08:12.616+0000] {conn.py:618} INFO - <BrokerConnection client_id=kafka-python-producer-1, node_id=bootstrap-0 host=kafka:29092 <checking_api_versions_recv> [IPv4 ('172.23.0.2', 29092)]>: Broker version identified as 2.6
[2025-09-15T22:08:12.618+0000] {conn.py:457} INFO - <BrokerConnection client_id=kafka-python-producer-1, node_id=bootstrap-0 host=kafka:29092 <connected> [IPv4 ('172.23.0.2', 29092)]>: Connection complete.
[2025-09-15T22:08:32.002+0000] {conn.py:397} INFO - <BrokerConnection client_id=kafka-python-producer-1, node_id=1 host=kafka:29092 <connecting> [IPv4 ('172.23.0.2', 29092)]>: connecting to kafka:29092 [('172.23.0.2', 29092) IPv4]
[2025-09-15T22:08:32.147+0000] {conn.py:457} INFO - <BrokerConnection client_id=kafka-python-producer-1, node_id=1 host=kafka:29092 <connected> [IPv4 ('172.23.0.2', 29092)]>: Connection complete.
[2025-09-15T22:08:32.152+0000] {conn.py:945} INFO - <BrokerConnection client_id=kafka-python-producer-1, node_id=bootstrap-0 host=kafka:29092 <connected> [IPv4 ('172.23.0.2', 29092)]>: Closing connection. 
[2025-09-15T22:08:35.338+0000] {cluster.py:314} WARNING - Topic user_events is not available during auto-create initialization
[2025-09-15T22:08:35.526+0000] {cluster.py:314} WARNING - Topic user_events is not available during auto-create initialization
[2025-09-15T22:08:35.770+0000] {cluster.py:314} WARNING - Topic user_events is not available during auto-create initialization
[2025-09-15T22:08:35.982+0000] {cluster.py:314} WARNING - Topic user_events is not available during auto-create initialization
[2025-09-15T22:08:36.259+0000] {cluster.py:314} WARNING - Topic user_events is not available during auto-create initialization
[2025-09-15T22:08:36.391+0000] {cluster.py:314} WARNING - Topic user_events is not available during auto-create initialization
[2025-09-15T22:08:36.521+0000] {cluster.py:314} WARNING - Topic user_events is not available during auto-create initialization
[2025-09-15T22:08:37.166+0000] {cluster.py:314} WARNING - Topic user_events is not available during auto-create initialization
[2025-09-15T22:08:37.535+0000] {cluster.py:314} WARNING - Topic user_events is not available during auto-create initialization
[2025-09-15T22:08:37.884+0000] {cluster.py:314} WARNING - Topic user_events is not available during auto-create initialization
[2025-09-15T22:08:38.036+0000] {cluster.py:314} WARNING - Topic user_events is not available during auto-create initialization
[2025-09-15T22:08:38.166+0000] {cluster.py:314} WARNING - Topic user_events is not available during auto-create initialization
[2025-09-15T22:08:38.500+0000] {cluster.py:314} WARNING - Topic user_events is not available during auto-create initialization
[2025-09-15T22:08:38.617+0000] {cluster.py:314} WARNING - Topic user_events is not available during auto-create initialization
[2025-09-15T22:08:38.743+0000] {cluster.py:314} WARNING - Topic user_events is not available during auto-create initialization
[2025-09-15T22:08:38.865+0000] {cluster.py:314} WARNING - Topic user_events is not available during auto-create initialization
[2025-09-15T22:08:38.984+0000] {cluster.py:314} WARNING - Topic user_events is not available during auto-create initialization
[2025-09-15T22:08:39.107+0000] {cluster.py:314} WARNING - Topic user_events is not available during auto-create initialization
[2025-09-15T22:08:39.249+0000] {cluster.py:314} WARNING - Topic user_events is not available during auto-create initialization
[2025-09-15T22:08:39.375+0000] {cluster.py:314} WARNING - Topic user_events is not available during auto-create initialization
[2025-09-15T22:08:39.497+0000] {cluster.py:314} WARNING - Topic user_events is not available during auto-create initialization
[2025-09-15T22:08:39.633+0000] {cluster.py:314} WARNING - Topic user_events is not available during auto-create initialization
[2025-09-15T22:08:39.747+0000] {cluster.py:314} WARNING - Topic user_events is not available during auto-create initialization
[2025-09-15T22:08:39.885+0000] {cluster.py:314} WARNING - Topic user_events is not available during auto-create initialization
[2025-09-15T22:08:40.002+0000] {cluster.py:314} WARNING - Topic user_events is not available during auto-create initialization
[2025-09-15T22:08:40.131+0000] {cluster.py:314} WARNING - Topic user_events is not available during auto-create initialization
[2025-09-15T22:08:40.252+0000] {cluster.py:314} WARNING - Topic user_events is not available during auto-create initialization
[2025-09-15T22:08:40.366+0000] {cluster.py:314} WARNING - Topic user_events is not available during auto-create initialization
[2025-09-15T22:08:40.479+0000] {cluster.py:314} WARNING - Topic user_events is not available during auto-create initialization
[2025-09-15T22:08:40.610+0000] {cluster.py:314} WARNING - Topic user_events is not available during auto-create initialization
[2025-09-15T22:08:40.774+0000] {cluster.py:314} WARNING - Topic user_events is not available during auto-create initialization
[2025-09-15T22:08:40.893+0000] {cluster.py:314} WARNING - Topic user_events is not available during auto-create initialization
[2025-09-15T22:08:41.021+0000] {cluster.py:314} WARNING - Topic user_events is not available during auto-create initialization
[2025-09-15T22:08:41.142+0000] {cluster.py:314} WARNING - Topic user_events is not available during auto-create initialization
[2025-09-15T22:08:41.259+0000] {cluster.py:314} WARNING - Topic user_events is not available during auto-create initialization
[2025-09-15T22:08:41.397+0000] {cluster.py:314} WARNING - Topic user_events is not available during auto-create initialization
[2025-09-15T22:08:41.598+0000] {cluster.py:314} WARNING - Topic user_events is not available during auto-create initialization
[2025-09-15T22:08:41.725+0000] {cluster.py:314} WARNING - Topic user_events is not available during auto-create initialization
[2025-09-15T22:08:41.881+0000] {cluster.py:314} WARNING - Topic user_events is not available during auto-create initialization
[2025-09-15T22:08:42.000+0000] {cluster.py:314} WARNING - Topic user_events is not available during auto-create initialization
[2025-09-15T22:08:42.125+0000] {cluster.py:314} WARNING - Topic user_events is not available during auto-create initialization
[2025-09-15T22:08:42.239+0000] {cluster.py:314} WARNING - Topic user_events is not available during auto-create initialization
[2025-09-15T22:08:42.468+0000] {cluster.py:314} WARNING - Topic user_events is not available during auto-create initialization
[2025-09-15T22:08:52.193+0000] {kafka.py:629} INFO - <KafkaProducer client_id=kafka-python-producer-1 transactional_id=None>: Closing the Kafka producer with 9223372036.0 secs timeout.
[2025-09-15T22:08:52.197+0000] {conn.py:945} INFO - <BrokerConnection client_id=kafka-python-producer-1, node_id=1 host=kafka:29092 <connected> [IPv4 ('172.23.0.2', 29092)]>: Closing connection. 
[2025-09-15T22:08:52.209+0000] {generator_dag.py:34} INFO - Produced 5 messages to Kafka
[2025-09-15T22:08:52.220+0000] {python.py:183} INFO - Done. Returned value was: 5
[2025-09-15T22:08:53.117+0000] {taskinstance.py:1350} INFO - Marking task as SUCCESS. dag_id=generate_events_minutely, task_id=produce_entities_and_events, execution_date=20250915T220622, start_date=20250915T220810, end_date=20250915T220853
[2025-09-15T22:08:53.180+0000] {logging_mixin.py:150} WARNING - /home/***/.local/lib/python3.7/site-packages/***/utils/context.py:205 AirflowContextDeprecationWarning: Accessing 'execution_date' from the template is deprecated and will be removed in a future version. Please use 'data_interval_start' or 'logical_date' instead.
[2025-09-15T22:08:54.121+0000] {local_task_job_runner.py:225} INFO - Task exited with return code 0
[2025-09-15T22:08:54.564+0000] {taskinstance.py:2653} INFO - 0 downstream tasks scheduled from follow-on schedule check
