[2025-09-03T19:56:46.600+0000] {taskinstance.py:1103} INFO - Dependencies all met for dep_context=non-requeueable deps ti=<TaskInstance: raw_to_dds.load_dds manual__2025-09-03T19:51:14.314123+00:00 [queued]>
[2025-09-03T19:56:46.621+0000] {taskinstance.py:1103} INFO - Dependencies all met for dep_context=requeueable deps ti=<TaskInstance: raw_to_dds.load_dds manual__2025-09-03T19:51:14.314123+00:00 [queued]>
[2025-09-03T19:56:46.622+0000] {taskinstance.py:1308} INFO - Starting attempt 2 of 3
[2025-09-03T19:56:46.662+0000] {taskinstance.py:1327} INFO - Executing <Task(PythonOperator): load_dds> on 2025-09-03 19:51:14.314123+00:00
[2025-09-03T19:56:46.684+0000] {standard_task_runner.py:57} INFO - Started process 2238 to run task
[2025-09-03T19:56:46.712+0000] {standard_task_runner.py:84} INFO - Running: ['***', 'tasks', 'run', 'raw_to_dds', 'load_dds', 'manual__2025-09-03T19:51:14.314123+00:00', '--job-id', '274', '--raw', '--subdir', 'DAGS_FOLDER/raw_to_dds.py', '--cfg-path', '/tmp/tmpwpvadaj4']
[2025-09-03T19:56:46.744+0000] {standard_task_runner.py:85} INFO - Job 274: Subtask load_dds
[2025-09-03T19:56:46.915+0000] {logging_mixin.py:150} WARNING - /home/***/.local/lib/python3.7/site-packages/***/settings.py:195 DeprecationWarning: The sql_alchemy_conn option in [core] has been moved to the sql_alchemy_conn option in [database] - the old setting has been used, but please update your config.
[2025-09-03T19:56:47.258+0000] {task_command.py:410} INFO - Running <TaskInstance: raw_to_dds.load_dds manual__2025-09-03T19:51:14.314123+00:00 [running]> on host 566c672cfab0
[2025-09-03T19:56:47.732+0000] {taskinstance.py:1547} INFO - Exporting env vars: AIRFLOW_CTX_DAG_OWNER='***' AIRFLOW_CTX_DAG_ID='raw_to_dds' AIRFLOW_CTX_TASK_ID='load_dds' AIRFLOW_CTX_EXECUTION_DATE='2025-09-03T19:51:14.314123+00:00' AIRFLOW_CTX_TRY_NUMBER='2' AIRFLOW_CTX_DAG_RUN_ID='manual__2025-09-03T19:51:14.314123+00:00'
[2025-09-03T19:56:47.762+0000] {taskinstance.py:1824} ERROR - Task failed with exception
Traceback (most recent call last):
  File "/home/airflow/.local/lib/python3.7/site-packages/airflow/operators/python.py", line 181, in execute
    return_value = self.execute_callable()
  File "/home/airflow/.local/lib/python3.7/site-packages/airflow/operators/python.py", line 198, in execute_callable
    return self.python_callable(*self.op_args, **self.op_kwargs)
  File "/opt/airflow/dags/raw_to_dds.py", line 35, in load_dds
    """)
psycopg2.errors.InvalidColumnReference: there is no unique or exclusion constraint matching the ON CONFLICT specification

[2025-09-03T19:56:47.818+0000] {taskinstance.py:1350} INFO - Marking task as UP_FOR_RETRY. dag_id=raw_to_dds, task_id=load_dds, execution_date=20250903T195114, start_date=20250903T195646, end_date=20250903T195647
[2025-09-03T19:56:47.860+0000] {standard_task_runner.py:109} ERROR - Failed to execute job 274 for task load_dds (there is no unique or exclusion constraint matching the ON CONFLICT specification
; 2238)
[2025-09-03T19:56:47.899+0000] {local_task_job_runner.py:225} INFO - Task exited with return code 1
[2025-09-03T19:56:47.938+0000] {taskinstance.py:2653} INFO - 0 downstream tasks scheduled from follow-on schedule check
