[2025-09-03T19:27:25.733+0000] {taskinstance.py:1103} INFO - Dependencies all met for dep_context=non-requeueable deps ti=<TaskInstance: kafka_to_postgres_batch.create_schemas manual__2025-09-03T19:27:08.254542+00:00 [queued]>
[2025-09-03T19:27:25.776+0000] {taskinstance.py:1103} INFO - Dependencies all met for dep_context=requeueable deps ti=<TaskInstance: kafka_to_postgres_batch.create_schemas manual__2025-09-03T19:27:08.254542+00:00 [queued]>
[2025-09-03T19:27:25.777+0000] {taskinstance.py:1308} INFO - Starting attempt 1 of 3
[2025-09-03T19:27:25.861+0000] {taskinstance.py:1327} INFO - Executing <Task(PostgresOperator): create_schemas> on 2025-09-03 19:27:08.254542+00:00
[2025-09-03T19:27:25.991+0000] {standard_task_runner.py:57} INFO - Started process 1728 to run task
[2025-09-03T19:27:26.052+0000] {standard_task_runner.py:84} INFO - Running: ['***', 'tasks', 'run', 'kafka_to_postgres_batch', 'create_schemas', 'manual__2025-09-03T19:27:08.254542+00:00', '--job-id', '213', '--raw', '--subdir', 'DAGS_FOLDER/dags.py', '--cfg-path', '/tmp/tmpuibeirch']
[2025-09-03T19:27:26.134+0000] {standard_task_runner.py:85} INFO - Job 213: Subtask create_schemas
[2025-09-03T19:27:26.350+0000] {logging_mixin.py:150} WARNING - /home/***/.local/lib/python3.7/site-packages/***/settings.py:195 DeprecationWarning: The sql_alchemy_conn option in [core] has been moved to the sql_alchemy_conn option in [database] - the old setting has been used, but please update your config.
[2025-09-03T19:27:26.845+0000] {task_command.py:410} INFO - Running <TaskInstance: kafka_to_postgres_batch.create_schemas manual__2025-09-03T19:27:08.254542+00:00 [running]> on host 566c672cfab0
[2025-09-03T19:27:29.226+0000] {taskinstance.py:1547} INFO - Exporting env vars: AIRFLOW_CTX_DAG_OWNER='***' AIRFLOW_CTX_DAG_ID='kafka_to_postgres_batch' AIRFLOW_CTX_TASK_ID='create_schemas' AIRFLOW_CTX_EXECUTION_DATE='2025-09-03T19:27:08.254542+00:00' AIRFLOW_CTX_TRY_NUMBER='1' AIRFLOW_CTX_DAG_RUN_ID='manual__2025-09-03T19:27:08.254542+00:00'
[2025-09-03T19:27:29.236+0000] {sql.py:265} INFO - Executing: 
        CREATE SCHEMA IF NOT EXISTS raw;
        CREATE SCHEMA IF NOT EXISTS dds;
        CREATE SCHEMA IF NOT EXISTS dictionary;
        
[2025-09-03T19:27:29.300+0000] {base.py:73} INFO - Using connection ID 'postgres_default' for task execution.
[2025-09-03T19:27:30.505+0000] {base.py:73} INFO - Using connection ID 'postgres_default' for task execution.
[2025-09-03T19:27:30.523+0000] {sql.py:375} INFO - Running statement: 
        CREATE SCHEMA IF NOT EXISTS raw;
        CREATE SCHEMA IF NOT EXISTS dds;
        CREATE SCHEMA IF NOT EXISTS dictionary;
        , parameters: None
[2025-09-03T19:27:30.568+0000] {taskinstance.py:1350} INFO - Marking task as SUCCESS. dag_id=kafka_to_postgres_batch, task_id=create_schemas, execution_date=20250903T192708, start_date=20250903T192725, end_date=20250903T192730
[2025-09-03T19:27:30.649+0000] {local_task_job_runner.py:225} INFO - Task exited with return code 0
[2025-09-03T19:27:30.734+0000] {taskinstance.py:2653} INFO - 1 downstream tasks scheduled from follow-on schedule check
