[2025-09-16T18:53:59.124+0000] {logging_mixin.py:150} WARNING - /home/***/.local/lib/python3.7/site-packages/***/utils/sqlalchemy.py:124 DeprecationWarning: The sql_alchemy_conn option in [core] has been moved to the sql_alchemy_conn option in [database] - the old setting has been used, but please update your config.
[2025-09-16T18:53:59.155+0000] {taskinstance.py:1103} INFO - Dependencies all met for dep_context=non-requeueable deps ti=<TaskInstance: dds_to_clickhouse.load_daily_summary scheduled__2025-09-15T00:00:00+00:00 [queued]>
[2025-09-16T18:53:59.183+0000] {taskinstance.py:1103} INFO - Dependencies all met for dep_context=requeueable deps ti=<TaskInstance: dds_to_clickhouse.load_daily_summary scheduled__2025-09-15T00:00:00+00:00 [queued]>
[2025-09-16T18:53:59.184+0000] {taskinstance.py:1308} INFO - Starting attempt 7 of 8
[2025-09-16T18:53:59.226+0000] {taskinstance.py:1327} INFO - Executing <Task(PythonOperator): load_daily_summary> on 2025-09-15 00:00:00+00:00
[2025-09-16T18:53:59.244+0000] {standard_task_runner.py:57} INFO - Started process 5199 to run task
[2025-09-16T18:53:59.250+0000] {standard_task_runner.py:84} INFO - Running: ['***', 'tasks', 'run', 'dds_to_clickhouse', 'load_daily_summary', 'scheduled__2025-09-15T00:00:00+00:00', '--job-id', '757', '--raw', '--subdir', 'DAGS_FOLDER/dds_to_clickhouse.py', '--cfg-path', '/tmp/tmp3altwc7a']
[2025-09-16T18:53:59.257+0000] {standard_task_runner.py:85} INFO - Job 757: Subtask load_daily_summary
[2025-09-16T18:53:59.299+0000] {logging_mixin.py:150} WARNING - /home/***/.local/lib/python3.7/site-packages/***/settings.py:195 DeprecationWarning: The sql_alchemy_conn option in [core] has been moved to the sql_alchemy_conn option in [database] - the old setting has been used, but please update your config.
[2025-09-16T18:53:59.401+0000] {task_command.py:410} INFO - Running <TaskInstance: dds_to_clickhouse.load_daily_summary scheduled__2025-09-15T00:00:00+00:00 [running]> on host d6e2a7c8b3ee
[2025-09-16T18:53:59.433+0000] {logging_mixin.py:150} WARNING - /home/***/.local/lib/python3.7/site-packages/***/utils/sqlalchemy.py:124 DeprecationWarning: The sql_alchemy_conn option in [core] has been moved to the sql_alchemy_conn option in [database] - the old setting has been used, but please update your config.
[2025-09-16T18:53:59.604+0000] {taskinstance.py:1547} INFO - Exporting env vars: AIRFLOW_CTX_DAG_OWNER='***' AIRFLOW_CTX_DAG_ID='dds_to_clickhouse' AIRFLOW_CTX_TASK_ID='load_daily_summary' AIRFLOW_CTX_EXECUTION_DATE='2025-09-15T00:00:00+00:00' AIRFLOW_CTX_TRY_NUMBER='7' AIRFLOW_CTX_DAG_RUN_ID='scheduled__2025-09-15T00:00:00+00:00'
[2025-09-16T18:53:59.637+0000] {ch_utils.py:83} ERROR - ❌ Ошибка при переносе данных в daily_business_summary: (psycopg2.errors.UndefinedColumn) column oi.price does not exist
LINE 3:     SUM(oi.price * oi.quantity) AS total_revenue,
                ^

[SQL: SELECT
    DATE(o.order_ts) AS event_date,
    SUM(oi.price * oi.quantity) AS total_revenue,
    COUNT(DISTINCT o.order_id) AS total_orders,
    COUNT(DISTINCT o.user_id) AS unique_customers,
    AVG(oi.price * oi.quantity) AS avg_order_value,
    COUNT(CASE WHEN o.status = 'success' THEN 1 END)::float / NULLIF(COUNT(DISTINCT s.session_id), 0) AS conversion_rate,
    0 AS new_users,
    COUNT(DISTINCT s.session_id) AS total_sessions,
    COUNT(CASE WHEN o.status = 'success' THEN 1 END) AS successful_orders
FROM dds.orders o
JOIN dds.order_items oi ON o.order_id = oi.order_id
LEFT JOIN dds.users u ON u.user_id = o.user_id
LEFT JOIN dds.sessions s ON o.user_id::bigint = s.user_id
GROUP BY DATE(o.order_ts);]
(Background on this error at: https://sqlalche.me/e/14/f405)
[2025-09-16T18:53:59.639+0000] {taskinstance.py:1824} ERROR - Task failed with exception
Traceback (most recent call last):
  File "/home/airflow/.local/lib/python3.7/site-packages/sqlalchemy/engine/base.py", line 1911, in _execute_context
    cursor, statement, parameters, context
  File "/home/airflow/.local/lib/python3.7/site-packages/sqlalchemy/engine/default.py", line 736, in do_execute
    cursor.execute(statement, parameters)
psycopg2.errors.UndefinedColumn: column oi.price does not exist
LINE 3:     SUM(oi.price * oi.quantity) AS total_revenue,
                ^


The above exception was the direct cause of the following exception:

Traceback (most recent call last):
  File "/home/airflow/.local/lib/python3.7/site-packages/airflow/operators/python.py", line 181, in execute
    return_value = self.execute_callable()
  File "/home/airflow/.local/lib/python3.7/site-packages/airflow/operators/python.py", line 198, in execute_callable
    return self.python_callable(*self.op_args, **self.op_kwargs)
  File "/opt/airflow/dags/ch_utils.py", line 55, in transfer_table
    df = pd.read_sql(sql_query, engine_pg)
  File "/home/airflow/.local/lib/python3.7/site-packages/pandas/io/sql.py", line 634, in read_sql
    chunksize=chunksize,
  File "/home/airflow/.local/lib/python3.7/site-packages/pandas/io/sql.py", line 1579, in read_query
    result = self.execute(*args)
  File "/home/airflow/.local/lib/python3.7/site-packages/pandas/io/sql.py", line 1424, in execute
    return self.connectable.execution_options().execute(*args, **kwargs)
  File "<string>", line 2, in execute
  File "/home/airflow/.local/lib/python3.7/site-packages/sqlalchemy/util/deprecations.py", line 468, in warned
    return fn(*args, **kwargs)
  File "/home/airflow/.local/lib/python3.7/site-packages/sqlalchemy/engine/base.py", line 3267, in execute
    return connection.execute(statement, *multiparams, **params)
  File "/home/airflow/.local/lib/python3.7/site-packages/sqlalchemy/engine/base.py", line 1375, in execute
    future=False,
  File "/home/airflow/.local/lib/python3.7/site-packages/sqlalchemy/engine/base.py", line 1681, in _exec_driver_sql
    distilled_parameters,
  File "/home/airflow/.local/lib/python3.7/site-packages/sqlalchemy/engine/base.py", line 1954, in _execute_context
    e, statement, parameters, cursor, context
  File "/home/airflow/.local/lib/python3.7/site-packages/sqlalchemy/engine/base.py", line 2135, in _handle_dbapi_exception
    sqlalchemy_exception, with_traceback=exc_info[2], from_=e
  File "/home/airflow/.local/lib/python3.7/site-packages/sqlalchemy/util/compat.py", line 211, in raise_
    raise exception
  File "/home/airflow/.local/lib/python3.7/site-packages/sqlalchemy/engine/base.py", line 1911, in _execute_context
    cursor, statement, parameters, context
  File "/home/airflow/.local/lib/python3.7/site-packages/sqlalchemy/engine/default.py", line 736, in do_execute
    cursor.execute(statement, parameters)
sqlalchemy.exc.ProgrammingError: (psycopg2.errors.UndefinedColumn) column oi.price does not exist
LINE 3:     SUM(oi.price * oi.quantity) AS total_revenue,
                ^

[SQL: SELECT
    DATE(o.order_ts) AS event_date,
    SUM(oi.price * oi.quantity) AS total_revenue,
    COUNT(DISTINCT o.order_id) AS total_orders,
    COUNT(DISTINCT o.user_id) AS unique_customers,
    AVG(oi.price * oi.quantity) AS avg_order_value,
    COUNT(CASE WHEN o.status = 'success' THEN 1 END)::float / NULLIF(COUNT(DISTINCT s.session_id), 0) AS conversion_rate,
    0 AS new_users,
    COUNT(DISTINCT s.session_id) AS total_sessions,
    COUNT(CASE WHEN o.status = 'success' THEN 1 END) AS successful_orders
FROM dds.orders o
JOIN dds.order_items oi ON o.order_id = oi.order_id
LEFT JOIN dds.users u ON u.user_id = o.user_id
LEFT JOIN dds.sessions s ON o.user_id::bigint = s.user_id
GROUP BY DATE(o.order_ts);]
(Background on this error at: https://sqlalche.me/e/14/f405)
[2025-09-16T18:53:59.683+0000] {taskinstance.py:1350} INFO - Marking task as UP_FOR_RETRY. dag_id=dds_to_clickhouse, task_id=load_daily_summary, execution_date=20250915T000000, start_date=20250916T185359, end_date=20250916T185359
[2025-09-16T18:53:59.716+0000] {standard_task_runner.py:109} ERROR - Failed to execute job 757 for task load_daily_summary ((psycopg2.errors.UndefinedColumn) column oi.price does not exist
LINE 3:     SUM(oi.price * oi.quantity) AS total_revenue,
                ^

[SQL: SELECT
    DATE(o.order_ts) AS event_date,
    SUM(oi.price * oi.quantity) AS total_revenue,
    COUNT(DISTINCT o.order_id) AS total_orders,
    COUNT(DISTINCT o.user_id) AS unique_customers,
    AVG(oi.price * oi.quantity) AS avg_order_value,
    COUNT(CASE WHEN o.status = 'success' THEN 1 END)::float / NULLIF(COUNT(DISTINCT s.session_id), 0) AS conversion_rate,
    0 AS new_users,
    COUNT(DISTINCT s.session_id) AS total_sessions,
    COUNT(CASE WHEN o.status = 'success' THEN 1 END) AS successful_orders
FROM dds.orders o
JOIN dds.order_items oi ON o.order_id = oi.order_id
LEFT JOIN dds.users u ON u.user_id = o.user_id
LEFT JOIN dds.sessions s ON o.user_id::bigint = s.user_id
GROUP BY DATE(o.order_ts);]
(Background on this error at: https://sqlalche.me/e/14/f405); 5199)
[2025-09-16T18:53:59.744+0000] {local_task_job_runner.py:225} INFO - Task exited with return code 1
[2025-09-16T18:53:59.805+0000] {taskinstance.py:2653} INFO - 0 downstream tasks scheduled from follow-on schedule check
