[2025-09-15T20:22:45.106+0000] {logging_mixin.py:150} WARNING - /home/***/.local/lib/python3.7/site-packages/***/utils/sqlalchemy.py:124 DeprecationWarning: The sql_alchemy_conn option in [core] has been moved to the sql_alchemy_conn option in [database] - the old setting has been used, but please update your config.
[2025-09-15T20:22:45.252+0000] {taskinstance.py:1103} INFO - Dependencies all met for dep_context=non-requeueable deps ti=<TaskInstance: raw_to_dds_enhanced.load_events scheduled__2025-09-15T19:22:31.506572+00:00 [queued]>
[2025-09-15T20:22:45.269+0000] {taskinstance.py:1103} INFO - Dependencies all met for dep_context=requeueable deps ti=<TaskInstance: raw_to_dds_enhanced.load_events scheduled__2025-09-15T19:22:31.506572+00:00 [queued]>
[2025-09-15T20:22:45.270+0000] {taskinstance.py:1308} INFO - Starting attempt 1 of 3
[2025-09-15T20:22:45.298+0000] {taskinstance.py:1327} INFO - Executing <Task(PythonOperator): load_events> on 2025-09-15 19:22:31.506572+00:00
[2025-09-15T20:22:45.315+0000] {standard_task_runner.py:57} INFO - Started process 6525 to run task
[2025-09-15T20:22:45.320+0000] {standard_task_runner.py:84} INFO - Running: ['***', 'tasks', 'run', 'raw_to_dds_enhanced', 'load_events', 'scheduled__2025-09-15T19:22:31.506572+00:00', '--job-id', '428', '--raw', '--subdir', 'DAGS_FOLDER/raw_to_dds.py', '--cfg-path', '/tmp/tmppqi2a8kh']
[2025-09-15T20:22:45.324+0000] {standard_task_runner.py:85} INFO - Job 428: Subtask load_events
[2025-09-15T20:22:45.358+0000] {logging_mixin.py:150} WARNING - /home/***/.local/lib/python3.7/site-packages/***/settings.py:195 DeprecationWarning: The sql_alchemy_conn option in [core] has been moved to the sql_alchemy_conn option in [database] - the old setting has been used, but please update your config.
[2025-09-15T20:22:45.784+0000] {task_command.py:410} INFO - Running <TaskInstance: raw_to_dds_enhanced.load_events scheduled__2025-09-15T19:22:31.506572+00:00 [running]> on host 4ba3580a27fc
[2025-09-15T20:22:45.861+0000] {logging_mixin.py:150} WARNING - /home/***/.local/lib/python3.7/site-packages/***/utils/sqlalchemy.py:124 DeprecationWarning: The sql_alchemy_conn option in [core] has been moved to the sql_alchemy_conn option in [database] - the old setting has been used, but please update your config.
[2025-09-15T20:22:46.076+0000] {taskinstance.py:1547} INFO - Exporting env vars: AIRFLOW_CTX_DAG_OWNER='***' AIRFLOW_CTX_DAG_ID='raw_to_dds_enhanced' AIRFLOW_CTX_TASK_ID='load_events' AIRFLOW_CTX_EXECUTION_DATE='2025-09-15T19:22:31.506572+00:00' AIRFLOW_CTX_TRY_NUMBER='1' AIRFLOW_CTX_DAG_RUN_ID='scheduled__2025-09-15T19:22:31.506572+00:00'
[2025-09-15T20:22:46.173+0000] {dags_utils.py:46} WARNING - ❌ Отброшена строка {'event_id': 1, 'user_id': '1889', 'session_id': '1c332c00-4ed5-4484-b9e6-fbcc75f20e36', 'event_type': 'session_start', 'product_id': nan, 'order_id': None, 'quantity': nan, 'city': 'Weddell Sea', 'country': None, 'lat': -76.118308, 'lon': -29.152568, 'cost_usd': 648.43, 'cost_eur': 552.8, 'cost_rub': 54523.56, 'weather_temp': -18.79, 'weather_desc': 'overcast clouds', 'timestamp': Timestamp('2025-09-13 22:14:55.733938'), 'product_name': None, 'product_category': None} → 2 validation errors for EventModel
product_id
  value is not a valid integer (type=type_error.integer)
quantity
  value is not a valid integer (type=type_error.integer)
[2025-09-15T20:22:46.176+0000] {dags_utils.py:46} WARNING - ❌ Отброшена строка {'event_id': 3, 'user_id': '4567', 'session_id': '9edfebd0-21c3-46b3-9458-06c4588531a0', 'event_type': 'view_product', 'product_id': 269.0, 'order_id': None, 'quantity': nan, 'city': 'Indian Ocean', 'country': None, 'lat': -34.283125, 'lon': 30.289944, 'cost_usd': 755.53, 'cost_eur': 644.15, 'cost_rub': 63545.22, 'weather_temp': 17.44, 'weather_desc': 'clear sky', 'timestamp': Timestamp('2025-09-14 11:58:11.727564'), 'product_name': None, 'product_category': None} → 1 validation error for EventModel
quantity
  value is not a valid integer (type=type_error.integer)
[2025-09-15T20:22:46.178+0000] {dags_utils.py:46} WARNING - ❌ Отброшена строка {'event_id': 5, 'user_id': '791', 'session_id': 'c871b5ac-975b-4183-bfb8-3f448ed77c68', 'event_type': 'view_product', 'product_id': 464.0, 'order_id': None, 'quantity': nan, 'city': 'South Pacific Ocean', 'country': None, 'lat': -15.973097, 'lon': -104.363599, 'cost_usd': 49.87, 'cost_eur': 42.52, 'cost_rub': 4194.41, 'weather_temp': 20.76, 'weather_desc': 'overcast clouds', 'timestamp': Timestamp('2025-09-14 12:05:54.924139'), 'product_name': None, 'product_category': None} → 1 validation error for EventModel
quantity
  value is not a valid integer (type=type_error.integer)
[2025-09-15T20:22:46.180+0000] {dags_utils.py:46} WARNING - ❌ Отброшена строка {'event_id': 6, 'user_id': '791', 'session_id': 'bdac6a8d-6f60-46fe-b635-b9901878e59c', 'event_type': 'session_start', 'product_id': nan, 'order_id': None, 'quantity': nan, 'city': 'South Atlantic Ocean', 'country': None, 'lat': -15.8463625, 'lon': 0.519776, 'cost_usd': 335.42, 'cost_eur': 285.97, 'cost_rub': 28211.11, 'weather_temp': 18.05, 'weather_desc': 'clear sky', 'timestamp': Timestamp('2025-09-14 12:05:56.533828'), 'product_name': None, 'product_category': None} → 2 validation errors for EventModel
product_id
  value is not a valid integer (type=type_error.integer)
quantity
  value is not a valid integer (type=type_error.integer)
[2025-09-15T20:22:46.184+0000] {dags_utils.py:46} WARNING - ❌ Отброшена строка {'event_id': 7, 'user_id': '1280', 'session_id': '18731179-fac5-446c-819e-f76c1ee23af8', 'event_type': 'session_start', 'product_id': nan, 'order_id': None, 'quantity': nan, 'city': '822-9 下古沢', 'country': 'Japan', 'lat': 35.4574915, 'lon': 139.31487, 'cost_usd': 51.46, 'cost_eur': 43.87, 'cost_rub': 4328.14, 'weather_temp': 27.46, 'weather_desc': 'overcast clouds', 'timestamp': Timestamp('2025-09-14 12:06:12.545725'), 'product_name': None, 'product_category': None} → 2 validation errors for EventModel
product_id
  value is not a valid integer (type=type_error.integer)
quantity
  value is not a valid integer (type=type_error.integer)
[2025-09-15T20:22:46.188+0000] {dags_utils.py:46} WARNING - ❌ Отброшена строка {'event_id': 9, 'user_id': '3709', 'session_id': '8e01614f-8230-41d4-8114-bb28002f3a6b', 'event_type': 'session_start', 'product_id': nan, 'order_id': None, 'quantity': nan, 'city': 'Coral Sea', 'country': None, 'lat': -10.5068305, 'lon': 165.757664, 'cost_usd': 629.98, 'cost_eur': 537.11, 'cost_rub': 52985.61, 'weather_temp': 27.57, 'weather_desc': 'overcast clouds', 'timestamp': Timestamp('2025-09-14 12:06:23.086625'), 'product_name': None, 'product_category': None} → 2 validation errors for EventModel
product_id
  value is not a valid integer (type=type_error.integer)
quantity
  value is not a valid integer (type=type_error.integer)
[2025-09-15T20:22:46.191+0000] {dags_utils.py:46} WARNING - ❌ Отброшена строка {'event_id': 11, 'user_id': '4882', 'session_id': 'bab782ea-1bcc-4652-a59a-1a71057c7c71', 'event_type': 'view_product', 'product_id': 118.0, 'order_id': None, 'quantity': nan, 'city': 'Labrador Sea', 'country': None, 'lat': 56.001732, 'lon': -50.404054, 'cost_usd': 886.71, 'cost_eur': 755.99, 'cost_rub': 74578.36, 'weather_temp': 6.95, 'weather_desc': 'overcast clouds', 'timestamp': Timestamp('2025-09-14 12:06:32.574933'), 'product_name': None, 'product_category': None} → 1 validation error for EventModel
quantity
  value is not a valid integer (type=type_error.integer)
[2025-09-15T20:22:46.193+0000] {dags_utils.py:46} WARNING - ❌ Отброшена строка {'event_id': 12, 'user_id': '4882', 'session_id': '9461d858-f7b1-4662-ac2a-77c239fecc3f', 'event_type': 'view_product', 'product_id': 13.0, 'order_id': None, 'quantity': nan, 'city': 'South Atlantic Ocean', 'country': None, 'lat': -39.0392975, 'lon': -18.534867, 'cost_usd': 24.1, 'cost_eur': 20.55, 'cost_rub': 2026.97, 'weather_temp': 8.79, 'weather_desc': 'light rain', 'timestamp': Timestamp('2025-09-14 12:06:34.930558'), 'product_name': None, 'product_category': None} → 1 validation error for EventModel
quantity
  value is not a valid integer (type=type_error.integer)
[2025-09-15T20:22:46.195+0000] {dags_utils.py:46} WARNING - ❌ Отброшена строка {'event_id': 16, 'user_id': '2178', 'session_id': 'cea185d7-44f4-44e6-8f7f-1bf1c6fe00ca', 'event_type': 'view_product', 'product_id': 236.0, 'order_id': None, 'quantity': nan, 'city': 'Bilma', 'country': 'Niger', 'lat': 18.226402, 'lon': 14.778702, 'cost_usd': 485.06, 'cost_eur': 413.55, 'cost_rub': 40796.85, 'weather_temp': 37.83, 'weather_desc': 'few clouds', 'timestamp': Timestamp('2025-09-14 12:08:44.194374'), 'product_name': None, 'product_category': None} → 1 validation error for EventModel
quantity
  value is not a valid integer (type=type_error.integer)
[2025-09-15T20:22:46.196+0000] {dags_utils.py:46} WARNING - ❌ Отброшена строка {'event_id': 17, 'user_id': '3850', 'session_id': '3833a77d-274c-4db9-bee2-245998b490ef', 'event_type': 'session_start', 'product_id': nan, 'order_id': None, 'quantity': nan, 'city': 'Monduli', 'country': 'Tanzania', 'lat': -3.7847665, 'lon': 36.187592, 'cost_usd': 145.08, 'cost_eur': 123.69, 'cost_rub': 12202.22, 'weather_temp': 31.04, 'weather_desc': 'few clouds', 'timestamp': Timestamp('2025-09-14 12:09:33.438028'), 'product_name': None, 'product_category': None} → 2 validation errors for EventModel
product_id
  value is not a valid integer (type=type_error.integer)
quantity
  value is not a valid integer (type=type_error.integer)
[2025-09-15T20:22:46.199+0000] {dags_utils.py:46} WARNING - ❌ Отброшена строка {'event_id': 20, 'user_id': '2208', 'session_id': '27ccd6f7-7051-460e-917e-c71f2a9ea53b', 'event_type': 'view_product', 'product_id': 250.0, 'order_id': None, 'quantity': nan, 'city': 'Antarctica', 'country': 'Antarctica', 'lat': -88.1050465, 'lon': 132.91323, 'cost_usd': 488.85, 'cost_eur': 416.78, 'cost_rub': 41115.62, 'weather_temp': -51.35, 'weather_desc': 'overcast clouds', 'timestamp': Timestamp('2025-09-14 12:36:15.894190'), 'product_name': None, 'product_category': None} → 1 validation error for EventModel
quantity
  value is not a valid integer (type=type_error.integer)
[2025-09-15T20:22:46.200+0000] {dags_utils.py:46} WARNING - ❌ Отброшена строка {'event_id': 21, 'user_id': '2096', 'session_id': 'f72dfa95-003b-4e0e-8327-baa22fd9ab7b', 'event_type': 'view_product', 'product_id': 10.0, 'order_id': None, 'quantity': nan, 'city': 'North Atlantic Ocean', 'country': None, 'lat': 30.9159985, 'lon': -77.231723, 'cost_usd': 779.38, 'cost_eur': 664.48, 'cost_rub': 65551.17, 'weather_temp': 26.52, 'weather_desc': 'broken clouds', 'timestamp': Timestamp('2025-09-14 19:11:14.545929'), 'product_name': None, 'product_category': 'toys'} → 1 validation error for EventModel
quantity
  value is not a valid integer (type=type_error.integer)
[2025-09-15T20:22:46.204+0000] {dags_utils.py:46} WARNING - ❌ Отброшена строка {'event_id': 27, 'user_id': '461', 'session_id': '0a4b050f-e184-4cec-a942-d44971fba85e', 'event_type': 'session_start', 'product_id': nan, 'order_id': None, 'quantity': nan, 'city': 'South Pacific Ocean', 'country': None, 'lat': -51.856831, 'lon': -171.347125, 'cost_usd': 17.61, 'cost_eur': 15.01, 'cost_rub': 1481.12, 'weather_temp': 5.07, 'weather_desc': 'overcast clouds', 'timestamp': Timestamp('2025-09-14 19:56:25.286442'), 'product_name': None, 'product_category': None} → 2 validation errors for EventModel
product_id
  value is not a valid integer (type=type_error.integer)
quantity
  value is not a valid integer (type=type_error.integer)
[2025-09-15T20:22:46.207+0000] {dags_utils.py:46} WARNING - ❌ Отброшена строка {'event_id': 28, 'user_id': '461', 'session_id': '356a3f0a-8ad4-4dd5-b12d-0f67f9b407b9', 'event_type': 'view_product', 'product_id': 10.0, 'order_id': None, 'quantity': nan, 'city': 'South Atlantic Ocean', 'country': None, 'lat': -45.1891835, 'lon': 3.673658, 'cost_usd': 949.32, 'cost_eur': 809.37, 'cost_rub': 79844.28, 'weather_temp': 3.71, 'weather_desc': 'scattered clouds', 'timestamp': Timestamp('2025-09-14 19:56:26.106394'), 'product_name': None, 'product_category': 'toys'} → 1 validation error for EventModel
quantity
  value is not a valid integer (type=type_error.integer)
[2025-09-15T20:22:46.210+0000] {dags_utils.py:46} WARNING - ❌ Отброшена строка {'event_id': 29, 'user_id': '2356', 'session_id': 'a90bf066-b4a7-4bba-ab25-a7d7c091974e', 'event_type': 'view_product', 'product_id': 4.0, 'order_id': None, 'quantity': nan, 'city': 'Southern Ocean', 'country': None, 'lat': -61.8569925, 'lon': 149.240765, 'cost_usd': 41.13, 'cost_eur': 35.07, 'cost_rub': 3459.31, 'weather_temp': -8.91, 'weather_desc': 'overcast clouds', 'timestamp': Timestamp('2025-09-14 20:03:56.083541'), 'product_name': None, 'product_category': 'electronics'} → 1 validation error for EventModel
quantity
  value is not a valid integer (type=type_error.integer)
[2025-09-15T20:22:46.212+0000] {dags_utils.py:46} WARNING - ❌ Отброшена строка {'event_id': 30, 'user_id': '2356', 'session_id': '987cb0eb-fa3b-460c-a879-1443e20a4472', 'event_type': 'session_start', 'product_id': nan, 'order_id': None, 'quantity': nan, 'city': 'Southern Ocean', 'country': None, 'lat': -63.9455405, 'lon': 155.937148, 'cost_usd': 96.46, 'cost_eur': 82.24, 'cost_rub': 8112.94, 'weather_temp': -14.59, 'weather_desc': 'overcast clouds', 'timestamp': Timestamp('2025-09-14 20:03:57.266608'), 'product_name': None, 'product_category': None} → 2 validation errors for EventModel
product_id
  value is not a valid integer (type=type_error.integer)
quantity
  value is not a valid integer (type=type_error.integer)
[2025-09-15T20:22:46.215+0000] {dags_utils.py:46} WARNING - ❌ Отброшена строка {'event_id': 32, 'user_id': '3850', 'session_id': '4d2d49e2-dd48-4e5e-9c87-a3f85cf1aa6d', 'event_type': 'view_product', 'product_id': 6.0, 'order_id': None, 'quantity': nan, 'city': 'Kweneng', 'country': 'Botswana', 'lat': -23.7052415, 'lon': 24.317036, 'cost_usd': 783.46, 'cost_eur': 667.96, 'cost_rub': 65894.33, 'weather_temp': 21.16, 'weather_desc': 'clear sky', 'timestamp': Timestamp('2025-09-14 20:04:04.000026'), 'product_name': None, 'product_category': 'books'} → 1 validation error for EventModel
quantity
  value is not a valid integer (type=type_error.integer)
[2025-09-15T20:22:46.217+0000] {dags_utils.py:46} WARNING - ❌ Отброшена строка {'event_id': 34, 'user_id': '790', 'session_id': '1f3e06fa-de41-46d5-a2ae-2a8e8ebf11d5', 'event_type': 'session_start', 'product_id': nan, 'order_id': None, 'quantity': nan, 'city': 'Naqu', 'country': 'China', 'lat': 35.468305, 'lon': 88.084544, 'cost_usd': 586.21, 'cost_eur': 499.79, 'cost_rub': 49304.26, 'weather_temp': 3.12, 'weather_desc': 'overcast clouds', 'timestamp': Timestamp('2025-09-14 20:07:20.151484'), 'product_name': None, 'product_category': None} → 2 validation errors for EventModel
product_id
  value is not a valid integer (type=type_error.integer)
quantity
  value is not a valid integer (type=type_error.integer)
[2025-09-15T20:22:46.219+0000] {dags_utils.py:46} WARNING - ❌ Отброшена строка {'event_id': 35, 'user_id': '4226', 'session_id': '5df10133-f40c-4260-9aa9-8a3a8d406141', 'event_type': 'session_start', 'product_id': nan, 'order_id': None, 'quantity': nan, 'city': 'Barents Sea', 'country': None, 'lat': 75.3312055, 'lon': 39.322421, 'cost_usd': 669.86, 'cost_eur': 571.11, 'cost_rub': 56339.79, 'weather_temp': 3.22, 'weather_desc': 'light rain', 'timestamp': Timestamp('2025-09-14 20:08:09.880622'), 'product_name': None, 'product_category': None} → 2 validation errors for EventModel
product_id
  value is not a valid integer (type=type_error.integer)
quantity
  value is not a valid integer (type=type_error.integer)
[2025-09-15T20:22:46.221+0000] {dags_utils.py:46} WARNING - ❌ Отброшена строка {'event_id': 36, 'user_id': '4226', 'session_id': '09a0e042-42a5-4d1b-9da5-66d07168f13d', 'event_type': 'view_product', 'product_id': 9.0, 'order_id': None, 'quantity': nan, 'city': 'North Pacific Ocean', 'country': None, 'lat': 39.274701, 'lon': -153.435263, 'cost_usd': 930.68, 'cost_eur': 793.48, 'cost_rub': 78276.53, 'weather_temp': 20.36, 'weather_desc': 'heavy intensity rain', 'timestamp': Timestamp('2025-09-14 20:08:10.969099'), 'product_name': None, 'product_category': 'beauty'} → 1 validation error for EventModel
quantity
  value is not a valid integer (type=type_error.integer)
[2025-09-15T20:22:46.227+0000] {dags_utils.py:46} WARNING - ❌ Отброшена строка {'event_id': 37, 'user_id': '4665', 'session_id': '6922c85b-957b-4cc0-bce3-ac35168f4671', 'event_type': 'session_start', 'product_id': nan, 'order_id': None, 'quantity': nan, 'city': 'South Pacific Ocean', 'country': None, 'lat': -55.9699425, 'lon': -141.533315, 'cost_usd': 919.54, 'cost_eur': 783.98, 'cost_rub': 77339.58, 'weather_temp': 5.76, 'weather_desc': 'light rain', 'timestamp': Timestamp('2025-09-14 20:09:25.753962'), 'product_name': None, 'product_category': None} → 2 validation errors for EventModel
product_id
  value is not a valid integer (type=type_error.integer)
quantity
  value is not a valid integer (type=type_error.integer)
[2025-09-15T20:22:46.231+0000] {dags_utils.py:46} WARNING - ❌ Отброшена строка {'event_id': 38, 'user_id': '4665', 'session_id': 'fbc4b9fb-9a27-4286-aba4-7bf64002d757', 'event_type': 'view_product', 'product_id': 4.0, 'order_id': None, 'quantity': nan, 'city': 'Anadyrskiy', 'country': 'Russia', 'lat': 64.5626505, 'lon': 170.6538, 'cost_usd': 954.81, 'cost_eur': 814.05, 'cost_rub': 80306.03, 'weather_temp': 7.15, 'weather_desc': 'clear sky', 'timestamp': Timestamp('2025-09-14 20:09:26.749049'), 'product_name': None, 'product_category': 'electronics'} → 1 validation error for EventModel
quantity
  value is not a valid integer (type=type_error.integer)
[2025-09-15T20:22:46.236+0000] {dags_utils.py:46} WARNING - ❌ Отброшена строка {'event_id': 39, 'user_id': '3706', 'session_id': '101c3394-2333-4c9c-8b7f-3f8359ae0aff', 'event_type': 'view_product', 'product_id': 10.0, 'order_id': None, 'quantity': nan, 'city': 'Southern Ocean', 'country': None, 'lat': -67.405428, 'lon': -121.018942, 'cost_usd': 702.17, 'cost_eur': 598.66, 'cost_rub': 59057.28, 'weather_temp': -2.72, 'weather_desc': 'overcast clouds', 'timestamp': Timestamp('2025-09-14 20:10:21.232351'), 'product_name': None, 'product_category': 'toys'} → 1 validation error for EventModel
quantity
  value is not a valid integer (type=type_error.integer)
[2025-09-15T20:22:46.240+0000] {dags_utils.py:46} WARNING - ❌ Отброшена строка {'event_id': 40, 'user_id': '3706', 'session_id': 'b28a1a55-bbcb-4597-97b2-8bd9b7d0d7b9', 'event_type': 'view_product', 'product_id': 1.0, 'order_id': None, 'quantity': nan, 'city': 'Hart', 'country': 'Australia', 'lat': -22.7114255, 'lon': 137.471036, 'cost_usd': 156.06, 'cost_eur': 133.05, 'cost_rub': 13125.71, 'weather_temp': 18.55, 'weather_desc': 'clear sky', 'timestamp': Timestamp('2025-09-14 20:10:22.755976'), 'product_name': None, 'product_category': 'electronics'} → 1 validation error for EventModel
quantity
  value is not a valid integer (type=type_error.integer)
[2025-09-15T20:22:46.247+0000] {dags_utils.py:46} WARNING - ❌ Отброшена строка {'event_id': 43, 'user_id': '3855', 'session_id': 'ce894612-5c3d-41bd-8e10-01ea5a957dcd', 'event_type': 'view_product', 'product_id': 1.0, 'order_id': None, 'quantity': nan, 'city': 'Southern Ocean', 'country': None, 'lat': -61.0013955, 'lon': -126.729292, 'cost_usd': 597.47, 'cost_eur': 509.39, 'cost_rub': 50251.3, 'weather_temp': 0.68, 'weather_desc': 'overcast clouds', 'timestamp': Timestamp('2025-09-14 20:12:11.774748'), 'product_name': None, 'product_category': 'electronics'} → 1 validation error for EventModel
quantity
  value is not a valid integer (type=type_error.integer)
[2025-09-15T20:22:46.250+0000] {dags_utils.py:46} WARNING - ❌ Отброшена строка {'event_id': 44, 'user_id': '3855', 'session_id': 'e1c7f630-9052-434d-baf3-87c60003a3b9', 'event_type': 'view_product', 'product_id': 1.0, 'order_id': None, 'quantity': nan, 'city': 'Caribbean Sea', 'country': None, 'lat': 16.887553, 'lon': -81.756634, 'cost_usd': 521.51, 'cost_eur': 444.63, 'cost_rub': 43862.55, 'weather_temp': 28.78, 'weather_desc': 'overcast clouds', 'timestamp': Timestamp('2025-09-14 20:12:12.778587'), 'product_name': None, 'product_category': 'electronics'} → 1 validation error for EventModel
quantity
  value is not a valid integer (type=type_error.integer)
[2025-09-15T20:22:46.252+0000] {dags_utils.py:46} WARNING - ❌ Отброшена строка {'event_id': 45, 'user_id': '3356', 'session_id': 'b3126496-91d7-4e81-bb7d-2b62c7236cd1', 'event_type': 'view_product', 'product_id': 2.0, 'order_id': None, 'quantity': nan, 'city': 'Unknown', 'country': None, 'lat': -43.939266, 'lon': 177.070625, 'cost_usd': 25.53, 'cost_eur': 21.77, 'cost_rub': 2147.25, 'weather_temp': 9.66, 'weather_desc': 'overcast clouds', 'timestamp': Timestamp('2025-09-14 20:13:10.004245'), 'product_name': None, 'product_category': 'electronics'} → 1 validation error for EventModel
quantity
  value is not a valid integer (type=type_error.integer)
[2025-09-15T20:22:46.257+0000] {dags_utils.py:46} WARNING - ❌ Отброшена строка {'event_id': 46, 'user_id': '3356', 'session_id': '2ec97ed0-244b-4e39-af21-c93e8fb62ec8', 'event_type': 'session_start', 'product_id': nan, 'order_id': None, 'quantity': nan, 'city': 'Indian Ocean', 'country': None, 'lat': -10.838122, 'lon': 71.748798, 'cost_usd': 461.91, 'cost_eur': 393.82, 'cost_rub': 38849.78, 'weather_temp': 24.95, 'weather_desc': 'clear sky', 'timestamp': Timestamp('2025-09-14 20:13:10.894025'), 'product_name': None, 'product_category': None} → 2 validation errors for EventModel
product_id
  value is not a valid integer (type=type_error.integer)
quantity
  value is not a valid integer (type=type_error.integer)
[2025-09-15T20:22:46.263+0000] {dags_utils.py:46} WARNING - ❌ Отброшена строка {'event_id': 47, 'user_id': '4647', 'session_id': 'cb3f1712-7cbd-494a-a0fa-dd4de57b1c33', 'event_type': 'view_product', 'product_id': 1.0, 'order_id': None, 'quantity': nan, 'city': 'North Pacific Ocean', 'country': None, 'lat': 38.982945, 'lon': 166.097586, 'cost_usd': 225.72, 'cost_eur': 192.44, 'cost_rub': 18984.59, 'weather_temp': 23.51, 'weather_desc': 'overcast clouds', 'timestamp': Timestamp('2025-09-14 20:14:12.952331'), 'product_name': None, 'product_category': 'electronics'} → 1 validation error for EventModel
quantity
  value is not a valid integer (type=type_error.integer)
[2025-09-15T20:22:46.264+0000] {dags_utils.py:46} WARNING - ❌ Отброшена строка {'event_id': 48, 'user_id': '4647', 'session_id': '3321a47b-95b0-42c7-a5c8-02cdc5a595b6', 'event_type': 'view_product', 'product_id': 10.0, 'order_id': None, 'quantity': nan, 'city': 'North Pacific Ocean', 'country': None, 'lat': 5.10667, 'lon': -173.288753, 'cost_usd': 217.62, 'cost_eur': 185.54, 'cost_rub': 18303.33, 'weather_temp': 26.36, 'weather_desc': 'broken clouds', 'timestamp': Timestamp('2025-09-14 20:14:13.877268'), 'product_name': None, 'product_category': 'toys'} → 1 validation error for EventModel
quantity
  value is not a valid integer (type=type_error.integer)
[2025-09-15T20:22:46.268+0000] {dags_utils.py:46} WARNING - ❌ Отброшена строка {'event_id': 50, 'user_id': '688', 'session_id': '4f65009b-371c-46d7-a911-fe572003768f', 'event_type': 'view_product', 'product_id': 5.0, 'order_id': None, 'quantity': nan, 'city': 'Baffin Bay', 'country': None, 'lat': 71.908032, 'lon': -57.196739, 'cost_usd': 998.8, 'cost_eur': 851.56, 'cost_rub': 84005.89, 'weather_temp': 2.66, 'weather_desc': 'overcast clouds', 'timestamp': Timestamp('2025-09-14 20:15:17.222134'), 'product_name': None, 'product_category': 'clothing'} → 1 validation error for EventModel
quantity
  value is not a valid integer (type=type_error.integer)
[2025-09-15T20:22:46.270+0000] {dags_utils.py:46} WARNING - ❌ Отброшена строка {'event_id': 51, 'user_id': '3218', 'session_id': '13325fe8-b409-40ef-8637-1186e50229db', 'event_type': 'view_product', 'product_id': 10.0, 'order_id': None, 'quantity': nan, 'city': "Roshtqal'a", 'country': 'Tajikistan', 'lat': 37.1778145, 'lon': 72.032269, 'cost_usd': 332.76, 'cost_eur': 283.7, 'cost_rub': 27987.38, 'weather_temp': 11.05, 'weather_desc': 'clear sky', 'timestamp': Timestamp('2025-09-14 20:16:11.429968'), 'product_name': None, 'product_category': 'toys'} → 1 validation error for EventModel
quantity
  value is not a valid integer (type=type_error.integer)
[2025-09-15T20:22:46.272+0000] {dags_utils.py:46} WARNING - ❌ Отброшена строка {'event_id': 54, 'user_id': '3376', 'session_id': 'd84f3e8f-0678-4f87-897f-20b5dd1fae6c', 'event_type': 'view_product', 'product_id': 4.0, 'order_id': None, 'quantity': nan, 'city': 'Lahaul and Spiti', 'country': 'India', 'lat': 32.706643, 'lon': 77.259487, 'cost_usd': 233.09, 'cost_eur': 198.73, 'cost_rub': 19604.46, 'weather_temp': 13.18, 'weather_desc': 'overcast clouds', 'timestamp': Timestamp('2025-09-14 20:17:11.669545'), 'product_name': None, 'product_category': 'electronics'} → 1 validation error for EventModel
quantity
  value is not a valid integer (type=type_error.integer)
[2025-09-15T20:22:46.274+0000] {dags_utils.py:46} WARNING - ❌ Отброшена строка {'event_id': 60, 'user_id': '2184', 'session_id': '1461d464-dcc1-4dc4-ab5e-93a8355f9468', 'event_type': 'session_start', 'product_id': nan, 'order_id': None, 'quantity': nan, 'city': 'Unknown', 'country': None, 'lat': -63.0963815, 'lon': 60.247512, 'cost_usd': 418.26, 'cost_eur': 356.68, 'cost_rub': 35122.66, 'weather_temp': -11.08, 'weather_desc': 'light snow', 'timestamp': Timestamp('2025-09-15 11:17:56.777460'), 'product_name': None, 'product_category': None} → 2 validation errors for EventModel
product_id
  value is not a valid integer (type=type_error.integer)
quantity
  value is not a valid integer (type=type_error.integer)
[2025-09-15T20:22:46.276+0000] {dags_utils.py:46} WARNING - ❌ Отброшена строка {'event_id': 63, 'user_id': '2422', 'session_id': 'a646a569-f80a-4e2e-8376-3b1100ed9221', 'event_type': 'session_start', 'product_id': nan, 'order_id': None, 'quantity': nan, 'city': 'Unknown', 'country': None, 'lat': -75.7603095, 'lon': -86.330075, 'cost_usd': 33.75, 'cost_eur': 28.78, 'cost_rub': 2834.1, 'weather_temp': -31.62, 'weather_desc': 'few clouds', 'timestamp': Timestamp('2025-09-15 11:19:48.515614'), 'product_name': None, 'product_category': None} → 2 validation errors for EventModel
product_id
  value is not a valid integer (type=type_error.integer)
quantity
  value is not a valid integer (type=type_error.integer)
[2025-09-15T20:22:46.277+0000] {dags_utils.py:46} WARNING - ❌ Отброшена строка {'event_id': 64, 'user_id': '2422', 'session_id': '0580b477-1343-4c1d-a9d6-9d4b51f332b1', 'event_type': 'session_start', 'product_id': nan, 'order_id': None, 'quantity': nan, 'city': 'Unknown', 'country': None, 'lat': 16.5087315, 'lon': 172.288195, 'cost_usd': 94.94, 'cost_eur': 80.96, 'cost_rub': 7972.42, 'weather_temp': 28.01, 'weather_desc': 'light rain', 'timestamp': Timestamp('2025-09-15 11:19:51.242767'), 'product_name': None, 'product_category': None} → 2 validation errors for EventModel
product_id
  value is not a valid integer (type=type_error.integer)
quantity
  value is not a valid integer (type=type_error.integer)
[2025-09-15T20:22:46.278+0000] {dags_utils.py:46} WARNING - ❌ Отброшена строка {'event_id': 65, 'user_id': '4580', 'session_id': 'b2f2bdd6-f3a9-455b-a8d4-51cc26960323', 'event_type': 'session_start', 'product_id': nan, 'order_id': None, 'quantity': nan, 'city': 'Unknown', 'country': None, 'lat': -83.989276, 'lon': -57.405527, 'cost_usd': 664.46, 'cost_eur': 566.63, 'cost_rub': 55796.88, 'weather_temp': -18.14, 'weather_desc': 'overcast clouds', 'timestamp': Timestamp('2025-09-15 11:20:57.952374'), 'product_name': None, 'product_category': None} → 2 validation errors for EventModel
product_id
  value is not a valid integer (type=type_error.integer)
quantity
  value is not a valid integer (type=type_error.integer)
[2025-09-15T20:22:46.280+0000] {dags_utils.py:46} WARNING - ❌ Отброшена строка {'event_id': 68, 'user_id': '282', 'session_id': 'f163e28b-7bbe-4981-b402-abc343ab7016', 'event_type': 'session_start', 'product_id': nan, 'order_id': None, 'quantity': nan, 'city': 'Unknown', 'country': None, 'lat': 62.742925, 'lon': 94.904127, 'cost_usd': 564.23, 'cost_eur': 481.16, 'cost_rub': 47380.24, 'weather_temp': 6.58, 'weather_desc': 'moderate rain', 'timestamp': Timestamp('2025-09-15 11:22:10.267188'), 'product_name': None, 'product_category': None} → 2 validation errors for EventModel
product_id
  value is not a valid integer (type=type_error.integer)
quantity
  value is not a valid integer (type=type_error.integer)
[2025-09-15T20:22:46.283+0000] {dags_utils.py:46} WARNING - ❌ Отброшена строка {'event_id': 69, 'user_id': '1997', 'session_id': '34dd39c6-b809-493d-8361-5e5a3438d9e8', 'event_type': 'session_start', 'product_id': nan, 'order_id': None, 'quantity': nan, 'city': 'Unknown', 'country': None, 'lat': 84.953455, 'lon': -45.671007, 'cost_usd': 701.52, 'cost_eur': 598.23, 'cost_rub': 58908.93, 'weather_temp': -8.96, 'weather_desc': 'overcast clouds', 'timestamp': Timestamp('2025-09-15 11:22:51.393077'), 'product_name': None, 'product_category': None} → 2 validation errors for EventModel
product_id
  value is not a valid integer (type=type_error.integer)
quantity
  value is not a valid integer (type=type_error.integer)
[2025-09-15T20:22:46.437+0000] {python.py:183} INFO - Done. Returned value was: 31
[2025-09-15T20:22:46.504+0000] {taskinstance.py:1350} INFO - Marking task as SUCCESS. dag_id=raw_to_dds_enhanced, task_id=load_events, execution_date=20250915T192231, start_date=20250915T202245, end_date=20250915T202246
[2025-09-15T20:22:46.506+0000] {logging_mixin.py:150} WARNING - /home/***/.local/lib/python3.7/site-packages/***/utils/context.py:205 AirflowContextDeprecationWarning: Accessing 'execution_date' from the template is deprecated and will be removed in a future version. Please use 'data_interval_start' or 'logical_date' instead.
[2025-09-15T20:22:46.981+0000] {local_task_job_runner.py:225} INFO - Task exited with return code 0
[2025-09-15T20:22:47.064+0000] {taskinstance.py:2653} INFO - 3 downstream tasks scheduled from follow-on schedule check
