[2025-09-02T20:31:08.031+0000] {processor.py:157} INFO - Started process (PID=164) to work on /opt/airflow/dags/dags_utils.py
[2025-09-02T20:31:08.035+0000] {processor.py:826} INFO - Processing file /opt/airflow/dags/dags_utils.py for tasks to queue
[2025-09-02T20:31:08.037+0000] {logging_mixin.py:150} INFO - [2025-09-02T20:31:08.037+0000] {dagbag.py:541} INFO - Filling up the DagBag from /opt/airflow/dags/dags_utils.py
[2025-09-02T20:31:10.381+0000] {processor.py:838} WARNING - No viable dags retrieved from /opt/airflow/dags/dags_utils.py
[2025-09-02T20:31:10.480+0000] {processor.py:179} INFO - Processing /opt/airflow/dags/dags_utils.py took 2.456 seconds
[2025-09-02T20:31:40.677+0000] {processor.py:157} INFO - Started process (PID=175) to work on /opt/airflow/dags/dags_utils.py
[2025-09-02T20:31:40.680+0000] {processor.py:826} INFO - Processing file /opt/airflow/dags/dags_utils.py for tasks to queue
[2025-09-02T20:31:40.686+0000] {logging_mixin.py:150} INFO - [2025-09-02T20:31:40.683+0000] {dagbag.py:541} INFO - Filling up the DagBag from /opt/airflow/dags/dags_utils.py
[2025-09-02T20:31:42.770+0000] {processor.py:838} WARNING - No viable dags retrieved from /opt/airflow/dags/dags_utils.py
[2025-09-02T20:31:42.837+0000] {processor.py:179} INFO - Processing /opt/airflow/dags/dags_utils.py took 2.185 seconds
[2025-09-02T20:32:15.172+0000] {processor.py:157} INFO - Started process (PID=185) to work on /opt/airflow/dags/dags_utils.py
[2025-09-02T20:32:15.190+0000] {processor.py:826} INFO - Processing file /opt/airflow/dags/dags_utils.py for tasks to queue
[2025-09-02T20:32:15.209+0000] {logging_mixin.py:150} INFO - [2025-09-02T20:32:15.199+0000] {dagbag.py:541} INFO - Filling up the DagBag from /opt/airflow/dags/dags_utils.py
[2025-09-02T20:32:38.001+0000] {processor.py:838} WARNING - No viable dags retrieved from /opt/airflow/dags/dags_utils.py
[2025-09-02T20:32:38.384+0000] {processor.py:179} INFO - Processing /opt/airflow/dags/dags_utils.py took 23.672 seconds
[2025-09-02T20:33:09.244+0000] {processor.py:157} INFO - Started process (PID=195) to work on /opt/airflow/dags/dags_utils.py
[2025-09-02T20:33:09.256+0000] {processor.py:826} INFO - Processing file /opt/airflow/dags/dags_utils.py for tasks to queue
[2025-09-02T20:33:09.269+0000] {logging_mixin.py:150} INFO - [2025-09-02T20:33:09.264+0000] {dagbag.py:541} INFO - Filling up the DagBag from /opt/airflow/dags/dags_utils.py
[2025-09-02T20:33:54.561+0000] {logging_mixin.py:150} INFO - [2025-09-02T20:33:54.529+0000] {timeout.py:68} ERROR - Process timed out, PID: 195
[2025-09-02T20:33:54.570+0000] {logging_mixin.py:150} WARNING - Exception ignored in: <function _collection_gced at 0x7f5679ebf320>
[2025-09-02T20:33:54.572+0000] {logging_mixin.py:150} WARNING - Traceback (most recent call last):
[2025-09-02T20:33:54.573+0000] {logging_mixin.py:150} WARNING -   File "/home/airflow/.local/lib/python3.7/site-packages/sqlalchemy/event/registry.py", line 53, in _collection_gced
[2025-09-02T20:33:54.593+0000] {logging_mixin.py:150} WARNING -     def _collection_gced(ref):
[2025-09-02T20:33:54.594+0000] {logging_mixin.py:150} WARNING -   File "/home/airflow/.local/lib/python3.7/site-packages/airflow/utils/timeout.py", line 69, in handle_timeout
[2025-09-02T20:33:54.744+0000] {logging_mixin.py:150} WARNING -     raise AirflowTaskTimeout(self.error_message)
[2025-09-02T20:33:54.753+0000] {logging_mixin.py:150} WARNING - airflow.exceptions.AirflowTaskTimeout: DagBag import timeout for /opt/airflow/dags/dags_utils.py after 30.0s.
Please take a look at these docs to improve your DAG import time:
* https://airflow.apache.org/docs/apache-airflow/2.6.3/best-practices.html#top-level-python-code
* https://airflow.apache.org/docs/apache-airflow/2.6.3/best-practices.html#reducing-dag-complexity, PID: 195
[2025-09-02T20:33:56.462+0000] {processor.py:838} WARNING - No viable dags retrieved from /opt/airflow/dags/dags_utils.py
[2025-09-02T20:33:58.615+0000] {processor.py:179} INFO - Processing /opt/airflow/dags/dags_utils.py took 49.445 seconds
[2025-09-02T20:34:33.114+0000] {processor.py:157} INFO - Started process (PID=204) to work on /opt/airflow/dags/dags_utils.py
[2025-09-02T20:34:33.207+0000] {processor.py:826} INFO - Processing file /opt/airflow/dags/dags_utils.py for tasks to queue
[2025-09-02T20:34:33.307+0000] {logging_mixin.py:150} INFO - [2025-09-02T20:34:33.291+0000] {dagbag.py:541} INFO - Filling up the DagBag from /opt/airflow/dags/dags_utils.py
[2025-09-02T20:35:18.173+0000] {logging_mixin.py:150} INFO - [2025-09-02T20:35:18.144+0000] {timeout.py:68} ERROR - Process timed out, PID: 204
[2025-09-02T20:35:18.190+0000] {logging_mixin.py:150} WARNING - Exception ignored in: <function _collection_gced at 0x7f5679ebf320>
[2025-09-02T20:35:18.197+0000] {logging_mixin.py:150} WARNING - Traceback (most recent call last):
[2025-09-02T20:35:18.198+0000] {logging_mixin.py:150} WARNING -   File "/home/airflow/.local/lib/python3.7/site-packages/sqlalchemy/event/registry.py", line 53, in _collection_gced
[2025-09-02T20:35:18.252+0000] {logging_mixin.py:150} WARNING -     def _collection_gced(ref):
[2025-09-02T20:35:18.253+0000] {logging_mixin.py:150} WARNING -   File "/home/airflow/.local/lib/python3.7/site-packages/airflow/utils/timeout.py", line 69, in handle_timeout
[2025-09-02T20:35:18.263+0000] {logging_mixin.py:150} WARNING -     raise AirflowTaskTimeout(self.error_message)
[2025-09-02T20:35:18.270+0000] {logging_mixin.py:150} WARNING - airflow.exceptions.AirflowTaskTimeout: DagBag import timeout for /opt/airflow/dags/dags_utils.py after 30.0s.
Please take a look at these docs to improve your DAG import time:
* https://airflow.apache.org/docs/apache-airflow/2.6.3/best-practices.html#top-level-python-code
* https://airflow.apache.org/docs/apache-airflow/2.6.3/best-practices.html#reducing-dag-complexity, PID: 204
[2025-09-02T20:35:18.956+0000] {processor.py:838} WARNING - No viable dags retrieved from /opt/airflow/dags/dags_utils.py
[2025-09-02T20:35:19.440+0000] {processor.py:179} INFO - Processing /opt/airflow/dags/dags_utils.py took 46.695 seconds
[2025-09-02T20:35:51.547+0000] {processor.py:157} INFO - Started process (PID=217) to work on /opt/airflow/dags/dags_utils.py
[2025-09-02T20:35:51.599+0000] {processor.py:826} INFO - Processing file /opt/airflow/dags/dags_utils.py for tasks to queue
[2025-09-02T20:35:51.646+0000] {logging_mixin.py:150} INFO - [2025-09-02T20:35:51.633+0000] {dagbag.py:541} INFO - Filling up the DagBag from /opt/airflow/dags/dags_utils.py
[2025-09-02T20:36:14.275+0000] {processor.py:838} WARNING - No viable dags retrieved from /opt/airflow/dags/dags_utils.py
[2025-09-02T20:36:15.605+0000] {processor.py:179} INFO - Processing /opt/airflow/dags/dags_utils.py took 24.274 seconds
[2025-09-02T20:36:48.838+0000] {processor.py:157} INFO - Started process (PID=229) to work on /opt/airflow/dags/dags_utils.py
[2025-09-02T20:36:48.856+0000] {processor.py:826} INFO - Processing file /opt/airflow/dags/dags_utils.py for tasks to queue
[2025-09-02T20:36:48.875+0000] {logging_mixin.py:150} INFO - [2025-09-02T20:36:48.868+0000] {dagbag.py:541} INFO - Filling up the DagBag from /opt/airflow/dags/dags_utils.py
[2025-09-02T20:37:01.555+0000] {processor.py:838} WARNING - No viable dags retrieved from /opt/airflow/dags/dags_utils.py
[2025-09-02T20:37:01.929+0000] {processor.py:179} INFO - Processing /opt/airflow/dags/dags_utils.py took 13.235 seconds
[2025-09-02T20:37:33.291+0000] {processor.py:157} INFO - Started process (PID=239) to work on /opt/airflow/dags/dags_utils.py
[2025-09-02T20:37:33.296+0000] {processor.py:826} INFO - Processing file /opt/airflow/dags/dags_utils.py for tasks to queue
[2025-09-02T20:37:33.305+0000] {logging_mixin.py:150} INFO - [2025-09-02T20:37:33.301+0000] {dagbag.py:541} INFO - Filling up the DagBag from /opt/airflow/dags/dags_utils.py
[2025-09-02T20:37:36.403+0000] {processor.py:838} WARNING - No viable dags retrieved from /opt/airflow/dags/dags_utils.py
[2025-09-02T20:37:36.465+0000] {processor.py:179} INFO - Processing /opt/airflow/dags/dags_utils.py took 3.215 seconds
[2025-09-02T20:38:06.869+0000] {processor.py:157} INFO - Started process (PID=249) to work on /opt/airflow/dags/dags_utils.py
[2025-09-02T20:38:06.871+0000] {processor.py:826} INFO - Processing file /opt/airflow/dags/dags_utils.py for tasks to queue
[2025-09-02T20:38:06.873+0000] {logging_mixin.py:150} INFO - [2025-09-02T20:38:06.873+0000] {dagbag.py:541} INFO - Filling up the DagBag from /opt/airflow/dags/dags_utils.py
[2025-09-02T20:38:07.162+0000] {processor.py:838} WARNING - No viable dags retrieved from /opt/airflow/dags/dags_utils.py
[2025-09-02T20:38:07.181+0000] {processor.py:179} INFO - Processing /opt/airflow/dags/dags_utils.py took 0.316 seconds
[2025-09-02T20:38:37.766+0000] {processor.py:157} INFO - Started process (PID=259) to work on /opt/airflow/dags/dags_utils.py
[2025-09-02T20:38:37.787+0000] {processor.py:826} INFO - Processing file /opt/airflow/dags/dags_utils.py for tasks to queue
[2025-09-02T20:38:37.807+0000] {logging_mixin.py:150} INFO - [2025-09-02T20:38:37.798+0000] {dagbag.py:541} INFO - Filling up the DagBag from /opt/airflow/dags/dags_utils.py
[2025-09-02T20:38:44.208+0000] {processor.py:838} WARNING - No viable dags retrieved from /opt/airflow/dags/dags_utils.py
[2025-09-02T20:38:44.264+0000] {processor.py:179} INFO - Processing /opt/airflow/dags/dags_utils.py took 6.595 seconds
[2025-09-02T20:39:14.929+0000] {processor.py:157} INFO - Started process (PID=272) to work on /opt/airflow/dags/dags_utils.py
[2025-09-02T20:39:14.955+0000] {processor.py:826} INFO - Processing file /opt/airflow/dags/dags_utils.py for tasks to queue
[2025-09-02T20:39:14.984+0000] {logging_mixin.py:150} INFO - [2025-09-02T20:39:14.973+0000] {dagbag.py:541} INFO - Filling up the DagBag from /opt/airflow/dags/dags_utils.py
[2025-09-02T20:39:17.209+0000] {processor.py:838} WARNING - No viable dags retrieved from /opt/airflow/dags/dags_utils.py
[2025-09-02T20:39:17.342+0000] {processor.py:179} INFO - Processing /opt/airflow/dags/dags_utils.py took 2.469 seconds
[2025-09-02T20:39:48.139+0000] {processor.py:157} INFO - Started process (PID=281) to work on /opt/airflow/dags/dags_utils.py
[2025-09-02T20:39:48.156+0000] {processor.py:826} INFO - Processing file /opt/airflow/dags/dags_utils.py for tasks to queue
[2025-09-02T20:39:48.168+0000] {logging_mixin.py:150} INFO - [2025-09-02T20:39:48.166+0000] {dagbag.py:541} INFO - Filling up the DagBag from /opt/airflow/dags/dags_utils.py
[2025-09-02T20:39:49.503+0000] {processor.py:838} WARNING - No viable dags retrieved from /opt/airflow/dags/dags_utils.py
[2025-09-02T20:39:49.705+0000] {processor.py:179} INFO - Processing /opt/airflow/dags/dags_utils.py took 1.625 seconds
[2025-09-02T20:40:21.501+0000] {processor.py:157} INFO - Started process (PID=289) to work on /opt/airflow/dags/dags_utils.py
[2025-09-02T20:40:21.509+0000] {processor.py:826} INFO - Processing file /opt/airflow/dags/dags_utils.py for tasks to queue
[2025-09-02T20:40:21.522+0000] {logging_mixin.py:150} INFO - [2025-09-02T20:40:21.514+0000] {dagbag.py:541} INFO - Filling up the DagBag from /opt/airflow/dags/dags_utils.py
[2025-09-02T20:40:22.699+0000] {processor.py:838} WARNING - No viable dags retrieved from /opt/airflow/dags/dags_utils.py
[2025-09-02T20:40:23.089+0000] {processor.py:179} INFO - Processing /opt/airflow/dags/dags_utils.py took 1.650 seconds
[2025-09-02T20:40:53.756+0000] {processor.py:157} INFO - Started process (PID=299) to work on /opt/airflow/dags/dags_utils.py
[2025-09-02T20:40:53.794+0000] {processor.py:826} INFO - Processing file /opt/airflow/dags/dags_utils.py for tasks to queue
[2025-09-02T20:40:53.812+0000] {logging_mixin.py:150} INFO - [2025-09-02T20:40:53.804+0000] {dagbag.py:541} INFO - Filling up the DagBag from /opt/airflow/dags/dags_utils.py
[2025-09-02T20:40:55.484+0000] {processor.py:838} WARNING - No viable dags retrieved from /opt/airflow/dags/dags_utils.py
[2025-09-02T20:40:55.610+0000] {processor.py:179} INFO - Processing /opt/airflow/dags/dags_utils.py took 1.950 seconds
[2025-09-02T20:41:25.893+0000] {processor.py:157} INFO - Started process (PID=309) to work on /opt/airflow/dags/dags_utils.py
[2025-09-02T20:41:25.924+0000] {processor.py:826} INFO - Processing file /opt/airflow/dags/dags_utils.py for tasks to queue
[2025-09-02T20:41:25.935+0000] {logging_mixin.py:150} INFO - [2025-09-02T20:41:25.928+0000] {dagbag.py:541} INFO - Filling up the DagBag from /opt/airflow/dags/dags_utils.py
[2025-09-02T20:41:26.509+0000] {processor.py:838} WARNING - No viable dags retrieved from /opt/airflow/dags/dags_utils.py
[2025-09-02T20:41:26.604+0000] {processor.py:179} INFO - Processing /opt/airflow/dags/dags_utils.py took 0.756 seconds
[2025-09-02T20:41:57.975+0000] {processor.py:157} INFO - Started process (PID=322) to work on /opt/airflow/dags/dags_utils.py
[2025-09-02T20:41:57.986+0000] {processor.py:826} INFO - Processing file /opt/airflow/dags/dags_utils.py for tasks to queue
[2025-09-02T20:41:57.994+0000] {logging_mixin.py:150} INFO - [2025-09-02T20:41:57.990+0000] {dagbag.py:541} INFO - Filling up the DagBag from /opt/airflow/dags/dags_utils.py
[2025-09-02T20:41:59.504+0000] {processor.py:838} WARNING - No viable dags retrieved from /opt/airflow/dags/dags_utils.py
[2025-09-02T20:41:59.843+0000] {processor.py:179} INFO - Processing /opt/airflow/dags/dags_utils.py took 1.953 seconds
[2025-09-02T20:42:30.529+0000] {processor.py:157} INFO - Started process (PID=329) to work on /opt/airflow/dags/dags_utils.py
[2025-09-02T20:42:30.534+0000] {processor.py:826} INFO - Processing file /opt/airflow/dags/dags_utils.py for tasks to queue
[2025-09-02T20:42:30.542+0000] {logging_mixin.py:150} INFO - [2025-09-02T20:42:30.539+0000] {dagbag.py:541} INFO - Filling up the DagBag from /opt/airflow/dags/dags_utils.py
[2025-09-02T20:42:31.277+0000] {processor.py:838} WARNING - No viable dags retrieved from /opt/airflow/dags/dags_utils.py
[2025-09-02T20:42:31.331+0000] {processor.py:179} INFO - Processing /opt/airflow/dags/dags_utils.py took 0.849 seconds
[2025-09-02T20:43:01.796+0000] {processor.py:157} INFO - Started process (PID=339) to work on /opt/airflow/dags/dags_utils.py
[2025-09-02T20:43:01.837+0000] {processor.py:826} INFO - Processing file /opt/airflow/dags/dags_utils.py for tasks to queue
[2025-09-02T20:43:01.845+0000] {logging_mixin.py:150} INFO - [2025-09-02T20:43:01.842+0000] {dagbag.py:541} INFO - Filling up the DagBag from /opt/airflow/dags/dags_utils.py
[2025-09-02T20:43:02.419+0000] {processor.py:838} WARNING - No viable dags retrieved from /opt/airflow/dags/dags_utils.py
[2025-09-02T20:43:02.552+0000] {processor.py:179} INFO - Processing /opt/airflow/dags/dags_utils.py took 0.839 seconds
[2025-09-02T20:43:33.164+0000] {processor.py:157} INFO - Started process (PID=349) to work on /opt/airflow/dags/dags_utils.py
[2025-09-02T20:43:33.178+0000] {processor.py:826} INFO - Processing file /opt/airflow/dags/dags_utils.py for tasks to queue
[2025-09-02T20:43:33.186+0000] {logging_mixin.py:150} INFO - [2025-09-02T20:43:33.183+0000] {dagbag.py:541} INFO - Filling up the DagBag from /opt/airflow/dags/dags_utils.py
[2025-09-02T20:43:33.680+0000] {processor.py:838} WARNING - No viable dags retrieved from /opt/airflow/dags/dags_utils.py
[2025-09-02T20:43:33.766+0000] {processor.py:179} INFO - Processing /opt/airflow/dags/dags_utils.py took 0.679 seconds
[2025-09-02T20:44:04.181+0000] {processor.py:157} INFO - Started process (PID=359) to work on /opt/airflow/dags/dags_utils.py
[2025-09-02T20:44:04.184+0000] {processor.py:826} INFO - Processing file /opt/airflow/dags/dags_utils.py for tasks to queue
[2025-09-02T20:44:04.187+0000] {logging_mixin.py:150} INFO - [2025-09-02T20:44:04.186+0000] {dagbag.py:541} INFO - Filling up the DagBag from /opt/airflow/dags/dags_utils.py
[2025-09-02T20:44:04.474+0000] {processor.py:838} WARNING - No viable dags retrieved from /opt/airflow/dags/dags_utils.py
[2025-09-02T20:44:04.502+0000] {processor.py:179} INFO - Processing /opt/airflow/dags/dags_utils.py took 0.333 seconds
[2025-09-02T20:44:34.846+0000] {processor.py:157} INFO - Started process (PID=369) to work on /opt/airflow/dags/dags_utils.py
[2025-09-02T20:44:34.848+0000] {processor.py:826} INFO - Processing file /opt/airflow/dags/dags_utils.py for tasks to queue
[2025-09-02T20:44:34.850+0000] {logging_mixin.py:150} INFO - [2025-09-02T20:44:34.850+0000] {dagbag.py:541} INFO - Filling up the DagBag from /opt/airflow/dags/dags_utils.py
[2025-09-02T20:44:35.061+0000] {processor.py:838} WARNING - No viable dags retrieved from /opt/airflow/dags/dags_utils.py
[2025-09-02T20:44:35.093+0000] {processor.py:179} INFO - Processing /opt/airflow/dags/dags_utils.py took 0.259 seconds
[2025-09-02T20:45:05.821+0000] {processor.py:157} INFO - Started process (PID=379) to work on /opt/airflow/dags/dags_utils.py
[2025-09-02T20:45:05.850+0000] {processor.py:826} INFO - Processing file /opt/airflow/dags/dags_utils.py for tasks to queue
[2025-09-02T20:45:05.865+0000] {logging_mixin.py:150} INFO - [2025-09-02T20:45:05.855+0000] {dagbag.py:541} INFO - Filling up the DagBag from /opt/airflow/dags/dags_utils.py
[2025-09-02T20:45:07.090+0000] {processor.py:838} WARNING - No viable dags retrieved from /opt/airflow/dags/dags_utils.py
[2025-09-02T20:45:07.162+0000] {processor.py:179} INFO - Processing /opt/airflow/dags/dags_utils.py took 1.400 seconds
[2025-09-02T20:45:37.662+0000] {processor.py:157} INFO - Started process (PID=389) to work on /opt/airflow/dags/dags_utils.py
[2025-09-02T20:45:37.666+0000] {processor.py:826} INFO - Processing file /opt/airflow/dags/dags_utils.py for tasks to queue
[2025-09-02T20:45:37.675+0000] {logging_mixin.py:150} INFO - [2025-09-02T20:45:37.672+0000] {dagbag.py:541} INFO - Filling up the DagBag from /opt/airflow/dags/dags_utils.py
[2025-09-02T20:45:38.427+0000] {processor.py:838} WARNING - No viable dags retrieved from /opt/airflow/dags/dags_utils.py
[2025-09-02T20:45:38.519+0000] {processor.py:179} INFO - Processing /opt/airflow/dags/dags_utils.py took 0.912 seconds
[2025-09-02T20:46:09.121+0000] {processor.py:157} INFO - Started process (PID=399) to work on /opt/airflow/dags/dags_utils.py
[2025-09-02T20:46:09.128+0000] {processor.py:826} INFO - Processing file /opt/airflow/dags/dags_utils.py for tasks to queue
[2025-09-02T20:46:09.134+0000] {logging_mixin.py:150} INFO - [2025-09-02T20:46:09.132+0000] {dagbag.py:541} INFO - Filling up the DagBag from /opt/airflow/dags/dags_utils.py
[2025-09-02T20:46:10.058+0000] {processor.py:838} WARNING - No viable dags retrieved from /opt/airflow/dags/dags_utils.py
[2025-09-02T20:46:10.265+0000] {processor.py:179} INFO - Processing /opt/airflow/dags/dags_utils.py took 1.166 seconds
[2025-09-02T20:46:40.486+0000] {processor.py:157} INFO - Started process (PID=409) to work on /opt/airflow/dags/dags_utils.py
[2025-09-02T20:46:40.489+0000] {processor.py:826} INFO - Processing file /opt/airflow/dags/dags_utils.py for tasks to queue
[2025-09-02T20:46:40.492+0000] {logging_mixin.py:150} INFO - [2025-09-02T20:46:40.492+0000] {dagbag.py:541} INFO - Filling up the DagBag from /opt/airflow/dags/dags_utils.py
[2025-09-02T20:46:40.877+0000] {processor.py:838} WARNING - No viable dags retrieved from /opt/airflow/dags/dags_utils.py
[2025-09-02T20:46:40.943+0000] {processor.py:179} INFO - Processing /opt/airflow/dags/dags_utils.py took 0.478 seconds
[2025-09-02T20:47:12.688+0000] {processor.py:157} INFO - Started process (PID=419) to work on /opt/airflow/dags/dags_utils.py
[2025-09-02T20:47:12.702+0000] {processor.py:826} INFO - Processing file /opt/airflow/dags/dags_utils.py for tasks to queue
[2025-09-02T20:47:12.713+0000] {logging_mixin.py:150} INFO - [2025-09-02T20:47:12.710+0000] {dagbag.py:541} INFO - Filling up the DagBag from /opt/airflow/dags/dags_utils.py
[2025-09-02T20:47:14.494+0000] {processor.py:838} WARNING - No viable dags retrieved from /opt/airflow/dags/dags_utils.py
[2025-09-02T20:47:14.775+0000] {processor.py:179} INFO - Processing /opt/airflow/dags/dags_utils.py took 2.220 seconds
[2025-09-02T20:47:45.721+0000] {processor.py:157} INFO - Started process (PID=429) to work on /opt/airflow/dags/dags_utils.py
[2025-09-02T20:47:45.730+0000] {processor.py:826} INFO - Processing file /opt/airflow/dags/dags_utils.py for tasks to queue
[2025-09-02T20:47:45.741+0000] {logging_mixin.py:150} INFO - [2025-09-02T20:47:45.737+0000] {dagbag.py:541} INFO - Filling up the DagBag from /opt/airflow/dags/dags_utils.py
[2025-09-02T20:47:46.842+0000] {processor.py:838} WARNING - No viable dags retrieved from /opt/airflow/dags/dags_utils.py
[2025-09-02T20:47:47.025+0000] {processor.py:179} INFO - Processing /opt/airflow/dags/dags_utils.py took 1.383 seconds
[2025-09-02T20:48:17.671+0000] {processor.py:157} INFO - Started process (PID=439) to work on /opt/airflow/dags/dags_utils.py
[2025-09-02T20:48:17.691+0000] {processor.py:826} INFO - Processing file /opt/airflow/dags/dags_utils.py for tasks to queue
[2025-09-02T20:48:17.708+0000] {logging_mixin.py:150} INFO - [2025-09-02T20:48:17.702+0000] {dagbag.py:541} INFO - Filling up the DagBag from /opt/airflow/dags/dags_utils.py
[2025-09-02T20:48:18.881+0000] {processor.py:838} WARNING - No viable dags retrieved from /opt/airflow/dags/dags_utils.py
[2025-09-02T20:48:19.148+0000] {processor.py:179} INFO - Processing /opt/airflow/dags/dags_utils.py took 1.650 seconds
[2025-09-02T20:48:50.817+0000] {processor.py:157} INFO - Started process (PID=449) to work on /opt/airflow/dags/dags_utils.py
[2025-09-02T20:48:50.862+0000] {processor.py:826} INFO - Processing file /opt/airflow/dags/dags_utils.py for tasks to queue
[2025-09-02T20:48:50.892+0000] {logging_mixin.py:150} INFO - [2025-09-02T20:48:50.880+0000] {dagbag.py:541} INFO - Filling up the DagBag from /opt/airflow/dags/dags_utils.py
[2025-09-02T20:48:53.741+0000] {processor.py:838} WARNING - No viable dags retrieved from /opt/airflow/dags/dags_utils.py
[2025-09-02T20:48:54.142+0000] {processor.py:179} INFO - Processing /opt/airflow/dags/dags_utils.py took 3.763 seconds
[2025-09-02T20:49:25.292+0000] {processor.py:157} INFO - Started process (PID=459) to work on /opt/airflow/dags/dags_utils.py
[2025-09-02T20:49:25.316+0000] {processor.py:826} INFO - Processing file /opt/airflow/dags/dags_utils.py for tasks to queue
[2025-09-02T20:49:25.341+0000] {logging_mixin.py:150} INFO - [2025-09-02T20:49:25.330+0000] {dagbag.py:541} INFO - Filling up the DagBag from /opt/airflow/dags/dags_utils.py
[2025-09-02T20:49:26.934+0000] {processor.py:838} WARNING - No viable dags retrieved from /opt/airflow/dags/dags_utils.py
[2025-09-02T20:49:27.219+0000] {processor.py:179} INFO - Processing /opt/airflow/dags/dags_utils.py took 2.032 seconds
[2025-09-02T20:49:58.636+0000] {processor.py:157} INFO - Started process (PID=469) to work on /opt/airflow/dags/dags_utils.py
[2025-09-02T20:49:58.678+0000] {processor.py:826} INFO - Processing file /opt/airflow/dags/dags_utils.py for tasks to queue
[2025-09-02T20:49:58.720+0000] {logging_mixin.py:150} INFO - [2025-09-02T20:49:58.707+0000] {dagbag.py:541} INFO - Filling up the DagBag from /opt/airflow/dags/dags_utils.py
[2025-09-02T20:50:01.240+0000] {processor.py:838} WARNING - No viable dags retrieved from /opt/airflow/dags/dags_utils.py
[2025-09-02T20:50:01.506+0000] {processor.py:179} INFO - Processing /opt/airflow/dags/dags_utils.py took 3.133 seconds
[2025-09-02T20:50:32.252+0000] {processor.py:157} INFO - Started process (PID=479) to work on /opt/airflow/dags/dags_utils.py
[2025-09-02T20:50:32.264+0000] {processor.py:826} INFO - Processing file /opt/airflow/dags/dags_utils.py for tasks to queue
[2025-09-02T20:50:32.278+0000] {logging_mixin.py:150} INFO - [2025-09-02T20:50:32.272+0000] {dagbag.py:541} INFO - Filling up the DagBag from /opt/airflow/dags/dags_utils.py
[2025-09-02T20:50:33.490+0000] {processor.py:838} WARNING - No viable dags retrieved from /opt/airflow/dags/dags_utils.py
[2025-09-02T20:50:33.650+0000] {processor.py:179} INFO - Processing /opt/airflow/dags/dags_utils.py took 1.474 seconds
[2025-09-02T20:51:03.745+0000] {processor.py:157} INFO - Started process (PID=489) to work on /opt/airflow/dags/dags_utils.py
[2025-09-02T20:51:03.747+0000] {processor.py:826} INFO - Processing file /opt/airflow/dags/dags_utils.py for tasks to queue
[2025-09-02T20:51:03.748+0000] {logging_mixin.py:150} INFO - [2025-09-02T20:51:03.748+0000] {dagbag.py:541} INFO - Filling up the DagBag from /opt/airflow/dags/dags_utils.py
[2025-09-02T20:51:04.045+0000] {processor.py:838} WARNING - No viable dags retrieved from /opt/airflow/dags/dags_utils.py
[2025-09-02T20:51:04.084+0000] {processor.py:179} INFO - Processing /opt/airflow/dags/dags_utils.py took 0.346 seconds
[2025-09-02T20:51:34.287+0000] {processor.py:157} INFO - Started process (PID=499) to work on /opt/airflow/dags/dags_utils.py
[2025-09-02T20:51:34.290+0000] {processor.py:826} INFO - Processing file /opt/airflow/dags/dags_utils.py for tasks to queue
[2025-09-02T20:51:34.294+0000] {logging_mixin.py:150} INFO - [2025-09-02T20:51:34.292+0000] {dagbag.py:541} INFO - Filling up the DagBag from /opt/airflow/dags/dags_utils.py
[2025-09-02T20:51:34.533+0000] {processor.py:838} WARNING - No viable dags retrieved from /opt/airflow/dags/dags_utils.py
[2025-09-02T20:51:34.565+0000] {processor.py:179} INFO - Processing /opt/airflow/dags/dags_utils.py took 0.287 seconds
[2025-09-02T20:52:05.039+0000] {processor.py:157} INFO - Started process (PID=509) to work on /opt/airflow/dags/dags_utils.py
[2025-09-02T20:52:05.048+0000] {processor.py:826} INFO - Processing file /opt/airflow/dags/dags_utils.py for tasks to queue
[2025-09-02T20:52:05.064+0000] {logging_mixin.py:150} INFO - [2025-09-02T20:52:05.059+0000] {dagbag.py:541} INFO - Filling up the DagBag from /opt/airflow/dags/dags_utils.py
[2025-09-02T20:52:05.949+0000] {processor.py:838} WARNING - No viable dags retrieved from /opt/airflow/dags/dags_utils.py
[2025-09-02T20:52:06.068+0000] {processor.py:179} INFO - Processing /opt/airflow/dags/dags_utils.py took 1.100 seconds
[2025-09-02T20:52:36.502+0000] {processor.py:157} INFO - Started process (PID=519) to work on /opt/airflow/dags/dags_utils.py
[2025-09-02T20:52:36.506+0000] {processor.py:826} INFO - Processing file /opt/airflow/dags/dags_utils.py for tasks to queue
[2025-09-02T20:52:36.515+0000] {logging_mixin.py:150} INFO - [2025-09-02T20:52:36.512+0000] {dagbag.py:541} INFO - Filling up the DagBag from /opt/airflow/dags/dags_utils.py
[2025-09-02T20:52:37.221+0000] {processor.py:838} WARNING - No viable dags retrieved from /opt/airflow/dags/dags_utils.py
[2025-09-02T20:52:37.436+0000] {processor.py:179} INFO - Processing /opt/airflow/dags/dags_utils.py took 0.974 seconds
[2025-09-02T20:53:08.031+0000] {processor.py:157} INFO - Started process (PID=529) to work on /opt/airflow/dags/dags_utils.py
[2025-09-02T20:53:08.038+0000] {processor.py:826} INFO - Processing file /opt/airflow/dags/dags_utils.py for tasks to queue
[2025-09-02T20:53:08.046+0000] {logging_mixin.py:150} INFO - [2025-09-02T20:53:08.044+0000] {dagbag.py:541} INFO - Filling up the DagBag from /opt/airflow/dags/dags_utils.py
[2025-09-02T20:53:08.653+0000] {processor.py:838} WARNING - No viable dags retrieved from /opt/airflow/dags/dags_utils.py
[2025-09-02T20:53:08.732+0000] {processor.py:179} INFO - Processing /opt/airflow/dags/dags_utils.py took 0.722 seconds
[2025-09-02T20:53:38.903+0000] {processor.py:157} INFO - Started process (PID=539) to work on /opt/airflow/dags/dags_utils.py
[2025-09-02T20:53:38.905+0000] {processor.py:826} INFO - Processing file /opt/airflow/dags/dags_utils.py for tasks to queue
[2025-09-02T20:53:38.908+0000] {logging_mixin.py:150} INFO - [2025-09-02T20:53:38.907+0000] {dagbag.py:541} INFO - Filling up the DagBag from /opt/airflow/dags/dags_utils.py
[2025-09-02T20:53:39.214+0000] {processor.py:838} WARNING - No viable dags retrieved from /opt/airflow/dags/dags_utils.py
[2025-09-02T20:53:39.283+0000] {processor.py:179} INFO - Processing /opt/airflow/dags/dags_utils.py took 0.397 seconds
[2025-09-02T20:54:09.669+0000] {processor.py:157} INFO - Started process (PID=549) to work on /opt/airflow/dags/dags_utils.py
[2025-09-02T20:54:09.674+0000] {processor.py:826} INFO - Processing file /opt/airflow/dags/dags_utils.py for tasks to queue
[2025-09-02T20:54:09.677+0000] {logging_mixin.py:150} INFO - [2025-09-02T20:54:09.676+0000] {dagbag.py:541} INFO - Filling up the DagBag from /opt/airflow/dags/dags_utils.py
[2025-09-02T20:54:10.101+0000] {processor.py:838} WARNING - No viable dags retrieved from /opt/airflow/dags/dags_utils.py
[2025-09-02T20:54:10.180+0000] {processor.py:179} INFO - Processing /opt/airflow/dags/dags_utils.py took 0.524 seconds
[2025-09-02T20:54:40.696+0000] {processor.py:157} INFO - Started process (PID=559) to work on /opt/airflow/dags/dags_utils.py
[2025-09-02T20:54:40.709+0000] {processor.py:826} INFO - Processing file /opt/airflow/dags/dags_utils.py for tasks to queue
[2025-09-02T20:54:40.712+0000] {logging_mixin.py:150} INFO - [2025-09-02T20:54:40.711+0000] {dagbag.py:541} INFO - Filling up the DagBag from /opt/airflow/dags/dags_utils.py
[2025-09-02T20:54:41.514+0000] {processor.py:838} WARNING - No viable dags retrieved from /opt/airflow/dags/dags_utils.py
[2025-09-02T20:54:41.653+0000] {processor.py:179} INFO - Processing /opt/airflow/dags/dags_utils.py took 0.998 seconds
[2025-09-02T20:55:12.478+0000] {processor.py:157} INFO - Started process (PID=569) to work on /opt/airflow/dags/dags_utils.py
[2025-09-02T20:55:12.486+0000] {processor.py:826} INFO - Processing file /opt/airflow/dags/dags_utils.py for tasks to queue
[2025-09-02T20:55:12.492+0000] {logging_mixin.py:150} INFO - [2025-09-02T20:55:12.490+0000] {dagbag.py:541} INFO - Filling up the DagBag from /opt/airflow/dags/dags_utils.py
[2025-09-02T20:55:13.052+0000] {processor.py:838} WARNING - No viable dags retrieved from /opt/airflow/dags/dags_utils.py
[2025-09-02T20:55:13.149+0000] {processor.py:179} INFO - Processing /opt/airflow/dags/dags_utils.py took 0.695 seconds
[2025-09-02T20:55:44.087+0000] {processor.py:157} INFO - Started process (PID=582) to work on /opt/airflow/dags/dags_utils.py
[2025-09-02T20:55:44.235+0000] {processor.py:826} INFO - Processing file /opt/airflow/dags/dags_utils.py for tasks to queue
[2025-09-02T20:55:44.310+0000] {logging_mixin.py:150} INFO - [2025-09-02T20:55:44.282+0000] {dagbag.py:541} INFO - Filling up the DagBag from /opt/airflow/dags/dags_utils.py
[2025-09-02T20:55:47.489+0000] {processor.py:838} WARNING - No viable dags retrieved from /opt/airflow/dags/dags_utils.py
[2025-09-02T20:55:47.791+0000] {processor.py:179} INFO - Processing /opt/airflow/dags/dags_utils.py took 4.110 seconds
[2025-09-02T20:56:18.577+0000] {processor.py:157} INFO - Started process (PID=593) to work on /opt/airflow/dags/dags_utils.py
[2025-09-02T20:56:18.594+0000] {processor.py:826} INFO - Processing file /opt/airflow/dags/dags_utils.py for tasks to queue
[2025-09-02T20:56:18.612+0000] {logging_mixin.py:150} INFO - [2025-09-02T20:56:18.606+0000] {dagbag.py:541} INFO - Filling up the DagBag from /opt/airflow/dags/dags_utils.py
[2025-09-02T20:56:19.816+0000] {processor.py:838} WARNING - No viable dags retrieved from /opt/airflow/dags/dags_utils.py
[2025-09-02T20:56:19.964+0000] {processor.py:179} INFO - Processing /opt/airflow/dags/dags_utils.py took 1.463 seconds
[2025-09-02T20:56:50.405+0000] {processor.py:157} INFO - Started process (PID=606) to work on /opt/airflow/dags/dags_utils.py
[2025-09-02T20:56:50.416+0000] {processor.py:826} INFO - Processing file /opt/airflow/dags/dags_utils.py for tasks to queue
[2025-09-02T20:56:50.424+0000] {logging_mixin.py:150} INFO - [2025-09-02T20:56:50.421+0000] {dagbag.py:541} INFO - Filling up the DagBag from /opt/airflow/dags/dags_utils.py
[2025-09-02T20:56:51.479+0000] {processor.py:838} WARNING - No viable dags retrieved from /opt/airflow/dags/dags_utils.py
[2025-09-02T20:56:51.688+0000] {processor.py:179} INFO - Processing /opt/airflow/dags/dags_utils.py took 1.329 seconds
[2025-09-02T20:57:22.734+0000] {processor.py:157} INFO - Started process (PID=619) to work on /opt/airflow/dags/dags_utils.py
[2025-09-02T20:57:22.736+0000] {processor.py:826} INFO - Processing file /opt/airflow/dags/dags_utils.py for tasks to queue
[2025-09-02T20:57:22.741+0000] {logging_mixin.py:150} INFO - [2025-09-02T20:57:22.740+0000] {dagbag.py:541} INFO - Filling up the DagBag from /opt/airflow/dags/dags_utils.py
[2025-09-02T20:57:23.103+0000] {processor.py:838} WARNING - No viable dags retrieved from /opt/airflow/dags/dags_utils.py
[2025-09-02T20:57:23.148+0000] {processor.py:179} INFO - Processing /opt/airflow/dags/dags_utils.py took 0.423 seconds
[2025-09-02T20:57:53.463+0000] {processor.py:157} INFO - Started process (PID=629) to work on /opt/airflow/dags/dags_utils.py
[2025-09-02T20:57:53.465+0000] {processor.py:826} INFO - Processing file /opt/airflow/dags/dags_utils.py for tasks to queue
[2025-09-02T20:57:53.466+0000] {logging_mixin.py:150} INFO - [2025-09-02T20:57:53.466+0000] {dagbag.py:541} INFO - Filling up the DagBag from /opt/airflow/dags/dags_utils.py
[2025-09-02T20:57:53.640+0000] {processor.py:838} WARNING - No viable dags retrieved from /opt/airflow/dags/dags_utils.py
[2025-09-02T20:57:53.668+0000] {processor.py:179} INFO - Processing /opt/airflow/dags/dags_utils.py took 0.208 seconds
[2025-09-02T20:58:26.881+0000] {processor.py:157} INFO - Started process (PID=639) to work on /opt/airflow/dags/dags_utils.py
[2025-09-02T20:58:26.915+0000] {processor.py:826} INFO - Processing file /opt/airflow/dags/dags_utils.py for tasks to queue
[2025-09-02T20:58:26.951+0000] {logging_mixin.py:150} INFO - [2025-09-02T20:58:26.939+0000] {dagbag.py:541} INFO - Filling up the DagBag from /opt/airflow/dags/dags_utils.py
[2025-09-02T20:58:31.597+0000] {processor.py:838} WARNING - No viable dags retrieved from /opt/airflow/dags/dags_utils.py
[2025-09-02T20:58:32.152+0000] {processor.py:179} INFO - Processing /opt/airflow/dags/dags_utils.py took 5.481 seconds
[2025-09-02T20:59:03.225+0000] {processor.py:157} INFO - Started process (PID=649) to work on /opt/airflow/dags/dags_utils.py
[2025-09-02T20:59:03.241+0000] {processor.py:826} INFO - Processing file /opt/airflow/dags/dags_utils.py for tasks to queue
[2025-09-02T20:59:03.256+0000] {logging_mixin.py:150} INFO - [2025-09-02T20:59:03.250+0000] {dagbag.py:541} INFO - Filling up the DagBag from /opt/airflow/dags/dags_utils.py
[2025-09-02T20:59:04.329+0000] {processor.py:838} WARNING - No viable dags retrieved from /opt/airflow/dags/dags_utils.py
[2025-09-02T20:59:04.443+0000] {processor.py:179} INFO - Processing /opt/airflow/dags/dags_utils.py took 1.236 seconds
[2025-09-02T20:59:34.758+0000] {processor.py:157} INFO - Started process (PID=659) to work on /opt/airflow/dags/dags_utils.py
[2025-09-02T20:59:34.760+0000] {processor.py:826} INFO - Processing file /opt/airflow/dags/dags_utils.py for tasks to queue
[2025-09-02T20:59:34.761+0000] {logging_mixin.py:150} INFO - [2025-09-02T20:59:34.761+0000] {dagbag.py:541} INFO - Filling up the DagBag from /opt/airflow/dags/dags_utils.py
[2025-09-02T20:59:34.915+0000] {processor.py:838} WARNING - No viable dags retrieved from /opt/airflow/dags/dags_utils.py
[2025-09-02T20:59:34.940+0000] {processor.py:179} INFO - Processing /opt/airflow/dags/dags_utils.py took 0.185 seconds
[2025-09-02T21:00:05.384+0000] {processor.py:157} INFO - Started process (PID=670) to work on /opt/airflow/dags/dags_utils.py
[2025-09-02T21:00:05.390+0000] {processor.py:826} INFO - Processing file /opt/airflow/dags/dags_utils.py for tasks to queue
[2025-09-02T21:00:05.399+0000] {logging_mixin.py:150} INFO - [2025-09-02T21:00:05.397+0000] {dagbag.py:541} INFO - Filling up the DagBag from /opt/airflow/dags/dags_utils.py
[2025-09-02T21:00:06.064+0000] {processor.py:838} WARNING - No viable dags retrieved from /opt/airflow/dags/dags_utils.py
[2025-09-02T21:00:06.134+0000] {processor.py:179} INFO - Processing /opt/airflow/dags/dags_utils.py took 0.777 seconds
[2025-09-02T21:00:36.318+0000] {processor.py:157} INFO - Started process (PID=685) to work on /opt/airflow/dags/dags_utils.py
[2025-09-02T21:00:36.328+0000] {processor.py:826} INFO - Processing file /opt/airflow/dags/dags_utils.py for tasks to queue
[2025-09-02T21:00:36.336+0000] {logging_mixin.py:150} INFO - [2025-09-02T21:00:36.333+0000] {dagbag.py:541} INFO - Filling up the DagBag from /opt/airflow/dags/dags_utils.py
[2025-09-02T21:00:37.044+0000] {processor.py:838} WARNING - No viable dags retrieved from /opt/airflow/dags/dags_utils.py
[2025-09-02T21:00:37.155+0000] {processor.py:179} INFO - Processing /opt/airflow/dags/dags_utils.py took 0.878 seconds
[2025-09-02T21:01:07.454+0000] {processor.py:157} INFO - Started process (PID=695) to work on /opt/airflow/dags/dags_utils.py
[2025-09-02T21:01:07.455+0000] {processor.py:826} INFO - Processing file /opt/airflow/dags/dags_utils.py for tasks to queue
[2025-09-02T21:01:07.457+0000] {logging_mixin.py:150} INFO - [2025-09-02T21:01:07.456+0000] {dagbag.py:541} INFO - Filling up the DagBag from /opt/airflow/dags/dags_utils.py
[2025-09-02T21:01:07.608+0000] {processor.py:838} WARNING - No viable dags retrieved from /opt/airflow/dags/dags_utils.py
[2025-09-02T21:01:07.637+0000] {processor.py:179} INFO - Processing /opt/airflow/dags/dags_utils.py took 0.187 seconds
[2025-09-02T21:01:38.708+0000] {processor.py:157} INFO - Started process (PID=705) to work on /opt/airflow/dags/dags_utils.py
[2025-09-02T21:01:38.714+0000] {processor.py:826} INFO - Processing file /opt/airflow/dags/dags_utils.py for tasks to queue
[2025-09-02T21:01:38.727+0000] {logging_mixin.py:150} INFO - [2025-09-02T21:01:38.722+0000] {dagbag.py:541} INFO - Filling up the DagBag from /opt/airflow/dags/dags_utils.py
[2025-09-02T21:01:41.599+0000] {processor.py:838} WARNING - No viable dags retrieved from /opt/airflow/dags/dags_utils.py
[2025-09-02T21:01:41.922+0000] {processor.py:179} INFO - Processing /opt/airflow/dags/dags_utils.py took 3.288 seconds
[2025-09-02T21:02:13.218+0000] {processor.py:157} INFO - Started process (PID=715) to work on /opt/airflow/dags/dags_utils.py
[2025-09-02T21:02:13.233+0000] {processor.py:826} INFO - Processing file /opt/airflow/dags/dags_utils.py for tasks to queue
[2025-09-02T21:02:13.260+0000] {logging_mixin.py:150} INFO - [2025-09-02T21:02:13.247+0000] {dagbag.py:541} INFO - Filling up the DagBag from /opt/airflow/dags/dags_utils.py
[2025-09-02T21:02:14.701+0000] {processor.py:838} WARNING - No viable dags retrieved from /opt/airflow/dags/dags_utils.py
[2025-09-02T21:02:14.833+0000] {processor.py:179} INFO - Processing /opt/airflow/dags/dags_utils.py took 1.714 seconds
[2025-09-02T21:02:45.503+0000] {processor.py:157} INFO - Started process (PID=728) to work on /opt/airflow/dags/dags_utils.py
[2025-09-02T21:02:45.506+0000] {processor.py:826} INFO - Processing file /opt/airflow/dags/dags_utils.py for tasks to queue
[2025-09-02T21:02:45.508+0000] {logging_mixin.py:150} INFO - [2025-09-02T21:02:45.507+0000] {dagbag.py:541} INFO - Filling up the DagBag from /opt/airflow/dags/dags_utils.py
[2025-09-02T21:02:45.756+0000] {processor.py:838} WARNING - No viable dags retrieved from /opt/airflow/dags/dags_utils.py
[2025-09-02T21:02:45.800+0000] {processor.py:179} INFO - Processing /opt/airflow/dags/dags_utils.py took 0.310 seconds
[2025-09-02T21:03:16.441+0000] {processor.py:157} INFO - Started process (PID=738) to work on /opt/airflow/dags/dags_utils.py
[2025-09-02T21:03:16.456+0000] {processor.py:826} INFO - Processing file /opt/airflow/dags/dags_utils.py for tasks to queue
[2025-09-02T21:03:16.469+0000] {logging_mixin.py:150} INFO - [2025-09-02T21:03:16.463+0000] {dagbag.py:541} INFO - Filling up the DagBag from /opt/airflow/dags/dags_utils.py
[2025-09-02T21:03:17.679+0000] {processor.py:838} WARNING - No viable dags retrieved from /opt/airflow/dags/dags_utils.py
[2025-09-02T21:03:18.232+0000] {processor.py:179} INFO - Processing /opt/airflow/dags/dags_utils.py took 1.835 seconds
[2025-09-02T21:03:49.016+0000] {processor.py:157} INFO - Started process (PID=745) to work on /opt/airflow/dags/dags_utils.py
[2025-09-02T21:03:49.073+0000] {processor.py:826} INFO - Processing file /opt/airflow/dags/dags_utils.py for tasks to queue
[2025-09-02T21:03:49.114+0000] {logging_mixin.py:150} INFO - [2025-09-02T21:03:49.093+0000] {dagbag.py:541} INFO - Filling up the DagBag from /opt/airflow/dags/dags_utils.py
[2025-09-02T21:03:51.031+0000] {processor.py:838} WARNING - No viable dags retrieved from /opt/airflow/dags/dags_utils.py
[2025-09-02T21:03:51.448+0000] {processor.py:179} INFO - Processing /opt/airflow/dags/dags_utils.py took 2.606 seconds
[2025-09-02T21:04:22.237+0000] {processor.py:157} INFO - Started process (PID=755) to work on /opt/airflow/dags/dags_utils.py
[2025-09-02T21:04:22.247+0000] {processor.py:826} INFO - Processing file /opt/airflow/dags/dags_utils.py for tasks to queue
[2025-09-02T21:04:22.261+0000] {logging_mixin.py:150} INFO - [2025-09-02T21:04:22.254+0000] {dagbag.py:541} INFO - Filling up the DagBag from /opt/airflow/dags/dags_utils.py
[2025-09-02T21:04:23.132+0000] {processor.py:838} WARNING - No viable dags retrieved from /opt/airflow/dags/dags_utils.py
[2025-09-02T21:04:23.242+0000] {processor.py:179} INFO - Processing /opt/airflow/dags/dags_utils.py took 1.091 seconds
[2025-09-02T21:04:54.577+0000] {processor.py:157} INFO - Started process (PID=765) to work on /opt/airflow/dags/dags_utils.py
[2025-09-02T21:04:54.607+0000] {processor.py:826} INFO - Processing file /opt/airflow/dags/dags_utils.py for tasks to queue
[2025-09-02T21:04:54.641+0000] {logging_mixin.py:150} INFO - [2025-09-02T21:04:54.623+0000] {dagbag.py:541} INFO - Filling up the DagBag from /opt/airflow/dags/dags_utils.py
[2025-09-02T21:04:58.202+0000] {processor.py:838} WARNING - No viable dags retrieved from /opt/airflow/dags/dags_utils.py
[2025-09-02T21:04:59.039+0000] {processor.py:179} INFO - Processing /opt/airflow/dags/dags_utils.py took 4.659 seconds
[2025-09-02T21:05:29.942+0000] {processor.py:157} INFO - Started process (PID=775) to work on /opt/airflow/dags/dags_utils.py
[2025-09-02T21:05:29.964+0000] {processor.py:826} INFO - Processing file /opt/airflow/dags/dags_utils.py for tasks to queue
[2025-09-02T21:05:29.988+0000] {logging_mixin.py:150} INFO - [2025-09-02T21:05:29.977+0000] {dagbag.py:541} INFO - Filling up the DagBag from /opt/airflow/dags/dags_utils.py
[2025-09-02T21:05:30.926+0000] {processor.py:838} WARNING - No viable dags retrieved from /opt/airflow/dags/dags_utils.py
[2025-09-02T21:05:31.104+0000] {processor.py:179} INFO - Processing /opt/airflow/dags/dags_utils.py took 1.259 seconds
[2025-09-02T21:06:02.517+0000] {processor.py:157} INFO - Started process (PID=785) to work on /opt/airflow/dags/dags_utils.py
[2025-09-02T21:06:02.530+0000] {processor.py:826} INFO - Processing file /opt/airflow/dags/dags_utils.py for tasks to queue
[2025-09-02T21:06:02.549+0000] {logging_mixin.py:150} INFO - [2025-09-02T21:06:02.540+0000] {dagbag.py:541} INFO - Filling up the DagBag from /opt/airflow/dags/dags_utils.py
[2025-09-02T21:06:05.002+0000] {processor.py:838} WARNING - No viable dags retrieved from /opt/airflow/dags/dags_utils.py
[2025-09-02T21:06:05.784+0000] {processor.py:179} INFO - Processing /opt/airflow/dags/dags_utils.py took 3.371 seconds
[2025-09-02T21:06:38.171+0000] {processor.py:157} INFO - Started process (PID=795) to work on /opt/airflow/dags/dags_utils.py
[2025-09-02T21:06:38.179+0000] {processor.py:826} INFO - Processing file /opt/airflow/dags/dags_utils.py for tasks to queue
[2025-09-02T21:06:38.192+0000] {logging_mixin.py:150} INFO - [2025-09-02T21:06:38.186+0000] {dagbag.py:541} INFO - Filling up the DagBag from /opt/airflow/dags/dags_utils.py
[2025-09-02T21:06:39.097+0000] {processor.py:838} WARNING - No viable dags retrieved from /opt/airflow/dags/dags_utils.py
[2025-09-02T21:06:39.237+0000] {processor.py:179} INFO - Processing /opt/airflow/dags/dags_utils.py took 1.130 seconds
[2025-09-02T21:07:09.523+0000] {processor.py:157} INFO - Started process (PID=805) to work on /opt/airflow/dags/dags_utils.py
[2025-09-02T21:07:09.525+0000] {processor.py:826} INFO - Processing file /opt/airflow/dags/dags_utils.py for tasks to queue
[2025-09-02T21:07:09.527+0000] {logging_mixin.py:150} INFO - [2025-09-02T21:07:09.526+0000] {dagbag.py:541} INFO - Filling up the DagBag from /opt/airflow/dags/dags_utils.py
[2025-09-02T21:07:09.738+0000] {processor.py:838} WARNING - No viable dags retrieved from /opt/airflow/dags/dags_utils.py
[2025-09-02T21:07:09.772+0000] {processor.py:179} INFO - Processing /opt/airflow/dags/dags_utils.py took 0.256 seconds
[2025-09-02T21:07:40.113+0000] {processor.py:157} INFO - Started process (PID=815) to work on /opt/airflow/dags/dags_utils.py
[2025-09-02T21:07:40.115+0000] {processor.py:826} INFO - Processing file /opt/airflow/dags/dags_utils.py for tasks to queue
[2025-09-02T21:07:40.118+0000] {logging_mixin.py:150} INFO - [2025-09-02T21:07:40.116+0000] {dagbag.py:541} INFO - Filling up the DagBag from /opt/airflow/dags/dags_utils.py
[2025-09-02T21:07:40.466+0000] {processor.py:838} WARNING - No viable dags retrieved from /opt/airflow/dags/dags_utils.py
[2025-09-02T21:07:40.562+0000] {processor.py:179} INFO - Processing /opt/airflow/dags/dags_utils.py took 0.452 seconds
[2025-09-02T21:08:10.921+0000] {processor.py:157} INFO - Started process (PID=825) to work on /opt/airflow/dags/dags_utils.py
[2025-09-02T21:08:10.930+0000] {processor.py:826} INFO - Processing file /opt/airflow/dags/dags_utils.py for tasks to queue
[2025-09-02T21:08:10.933+0000] {logging_mixin.py:150} INFO - [2025-09-02T21:08:10.933+0000] {dagbag.py:541} INFO - Filling up the DagBag from /opt/airflow/dags/dags_utils.py
[2025-09-02T21:08:11.203+0000] {processor.py:838} WARNING - No viable dags retrieved from /opt/airflow/dags/dags_utils.py
[2025-09-02T21:08:11.240+0000] {processor.py:179} INFO - Processing /opt/airflow/dags/dags_utils.py took 0.342 seconds
[2025-09-02T21:08:41.588+0000] {processor.py:157} INFO - Started process (PID=835) to work on /opt/airflow/dags/dags_utils.py
[2025-09-02T21:08:41.593+0000] {processor.py:826} INFO - Processing file /opt/airflow/dags/dags_utils.py for tasks to queue
[2025-09-02T21:08:41.599+0000] {logging_mixin.py:150} INFO - [2025-09-02T21:08:41.597+0000] {dagbag.py:541} INFO - Filling up the DagBag from /opt/airflow/dags/dags_utils.py
[2025-09-02T21:08:41.922+0000] {processor.py:838} WARNING - No viable dags retrieved from /opt/airflow/dags/dags_utils.py
[2025-09-02T21:08:41.963+0000] {processor.py:179} INFO - Processing /opt/airflow/dags/dags_utils.py took 0.394 seconds
[2025-09-02T21:09:12.338+0000] {processor.py:157} INFO - Started process (PID=845) to work on /opt/airflow/dags/dags_utils.py
[2025-09-02T21:09:12.345+0000] {processor.py:826} INFO - Processing file /opt/airflow/dags/dags_utils.py for tasks to queue
[2025-09-02T21:09:12.349+0000] {logging_mixin.py:150} INFO - [2025-09-02T21:09:12.347+0000] {dagbag.py:541} INFO - Filling up the DagBag from /opt/airflow/dags/dags_utils.py
[2025-09-02T21:09:12.789+0000] {processor.py:838} WARNING - No viable dags retrieved from /opt/airflow/dags/dags_utils.py
[2025-09-02T21:09:12.843+0000] {processor.py:179} INFO - Processing /opt/airflow/dags/dags_utils.py took 0.520 seconds
[2025-09-02T21:09:43.191+0000] {processor.py:157} INFO - Started process (PID=855) to work on /opt/airflow/dags/dags_utils.py
[2025-09-02T21:09:43.192+0000] {processor.py:826} INFO - Processing file /opt/airflow/dags/dags_utils.py for tasks to queue
[2025-09-02T21:09:43.194+0000] {logging_mixin.py:150} INFO - [2025-09-02T21:09:43.193+0000] {dagbag.py:541} INFO - Filling up the DagBag from /opt/airflow/dags/dags_utils.py
[2025-09-02T21:09:43.348+0000] {processor.py:838} WARNING - No viable dags retrieved from /opt/airflow/dags/dags_utils.py
[2025-09-02T21:09:43.369+0000] {processor.py:179} INFO - Processing /opt/airflow/dags/dags_utils.py took 0.182 seconds
[2025-09-02T21:10:13.672+0000] {processor.py:157} INFO - Started process (PID=865) to work on /opt/airflow/dags/dags_utils.py
[2025-09-02T21:10:13.674+0000] {processor.py:826} INFO - Processing file /opt/airflow/dags/dags_utils.py for tasks to queue
[2025-09-02T21:10:13.676+0000] {logging_mixin.py:150} INFO - [2025-09-02T21:10:13.676+0000] {dagbag.py:541} INFO - Filling up the DagBag from /opt/airflow/dags/dags_utils.py
[2025-09-02T21:10:13.862+0000] {processor.py:838} WARNING - No viable dags retrieved from /opt/airflow/dags/dags_utils.py
[2025-09-02T21:10:13.887+0000] {processor.py:179} INFO - Processing /opt/airflow/dags/dags_utils.py took 0.220 seconds
[2025-09-02T21:10:44.200+0000] {processor.py:157} INFO - Started process (PID=875) to work on /opt/airflow/dags/dags_utils.py
[2025-09-02T21:10:44.202+0000] {processor.py:826} INFO - Processing file /opt/airflow/dags/dags_utils.py for tasks to queue
[2025-09-02T21:10:44.203+0000] {logging_mixin.py:150} INFO - [2025-09-02T21:10:44.203+0000] {dagbag.py:541} INFO - Filling up the DagBag from /opt/airflow/dags/dags_utils.py
[2025-09-02T21:10:44.422+0000] {processor.py:838} WARNING - No viable dags retrieved from /opt/airflow/dags/dags_utils.py
[2025-09-02T21:10:44.454+0000] {processor.py:179} INFO - Processing /opt/airflow/dags/dags_utils.py took 0.265 seconds
[2025-09-02T21:11:14.780+0000] {processor.py:157} INFO - Started process (PID=885) to work on /opt/airflow/dags/dags_utils.py
[2025-09-02T21:11:14.782+0000] {processor.py:826} INFO - Processing file /opt/airflow/dags/dags_utils.py for tasks to queue
[2025-09-02T21:11:14.785+0000] {logging_mixin.py:150} INFO - [2025-09-02T21:11:14.784+0000] {dagbag.py:541} INFO - Filling up the DagBag from /opt/airflow/dags/dags_utils.py
[2025-09-02T21:11:14.949+0000] {processor.py:838} WARNING - No viable dags retrieved from /opt/airflow/dags/dags_utils.py
[2025-09-02T21:11:14.971+0000] {processor.py:179} INFO - Processing /opt/airflow/dags/dags_utils.py took 0.204 seconds
[2025-09-02T21:11:46.886+0000] {processor.py:157} INFO - Started process (PID=895) to work on /opt/airflow/dags/dags_utils.py
[2025-09-02T21:11:46.919+0000] {processor.py:826} INFO - Processing file /opt/airflow/dags/dags_utils.py for tasks to queue
[2025-09-02T21:11:47.021+0000] {logging_mixin.py:150} INFO - [2025-09-02T21:11:46.959+0000] {dagbag.py:541} INFO - Filling up the DagBag from /opt/airflow/dags/dags_utils.py
[2025-09-02T21:11:53.762+0000] {processor.py:838} WARNING - No viable dags retrieved from /opt/airflow/dags/dags_utils.py
[2025-09-02T21:11:54.918+0000] {processor.py:179} INFO - Processing /opt/airflow/dags/dags_utils.py took 8.192 seconds
[2025-09-02T21:12:26.130+0000] {processor.py:157} INFO - Started process (PID=905) to work on /opt/airflow/dags/dags_utils.py
[2025-09-02T21:12:26.135+0000] {processor.py:826} INFO - Processing file /opt/airflow/dags/dags_utils.py for tasks to queue
[2025-09-02T21:12:26.149+0000] {logging_mixin.py:150} INFO - [2025-09-02T21:12:26.143+0000] {dagbag.py:541} INFO - Filling up the DagBag from /opt/airflow/dags/dags_utils.py
[2025-09-02T21:12:26.998+0000] {processor.py:838} WARNING - No viable dags retrieved from /opt/airflow/dags/dags_utils.py
[2025-09-02T21:12:27.102+0000] {processor.py:179} INFO - Processing /opt/airflow/dags/dags_utils.py took 1.034 seconds
[2025-09-02T21:12:57.193+0000] {processor.py:157} INFO - Started process (PID=915) to work on /opt/airflow/dags/dags_utils.py
[2025-09-02T21:12:57.195+0000] {processor.py:826} INFO - Processing file /opt/airflow/dags/dags_utils.py for tasks to queue
[2025-09-02T21:12:57.197+0000] {logging_mixin.py:150} INFO - [2025-09-02T21:12:57.196+0000] {dagbag.py:541} INFO - Filling up the DagBag from /opt/airflow/dags/dags_utils.py
[2025-09-02T21:12:57.408+0000] {processor.py:838} WARNING - No viable dags retrieved from /opt/airflow/dags/dags_utils.py
[2025-09-02T21:12:57.463+0000] {processor.py:179} INFO - Processing /opt/airflow/dags/dags_utils.py took 0.276 seconds
[2025-09-02T21:13:28.346+0000] {processor.py:157} INFO - Started process (PID=925) to work on /opt/airflow/dags/dags_utils.py
[2025-09-02T21:13:28.356+0000] {processor.py:826} INFO - Processing file /opt/airflow/dags/dags_utils.py for tasks to queue
[2025-09-02T21:13:28.377+0000] {logging_mixin.py:150} INFO - [2025-09-02T21:13:28.369+0000] {dagbag.py:541} INFO - Filling up the DagBag from /opt/airflow/dags/dags_utils.py
[2025-09-02T21:13:30.454+0000] {processor.py:838} WARNING - No viable dags retrieved from /opt/airflow/dags/dags_utils.py
[2025-09-02T21:13:30.908+0000] {processor.py:179} INFO - Processing /opt/airflow/dags/dags_utils.py took 2.638 seconds
[2025-09-02T21:14:01.950+0000] {processor.py:157} INFO - Started process (PID=935) to work on /opt/airflow/dags/dags_utils.py
[2025-09-02T21:14:01.963+0000] {processor.py:826} INFO - Processing file /opt/airflow/dags/dags_utils.py for tasks to queue
[2025-09-02T21:14:01.976+0000] {logging_mixin.py:150} INFO - [2025-09-02T21:14:01.971+0000] {dagbag.py:541} INFO - Filling up the DagBag from /opt/airflow/dags/dags_utils.py
[2025-09-02T21:14:03.632+0000] {processor.py:838} WARNING - No viable dags retrieved from /opt/airflow/dags/dags_utils.py
[2025-09-02T21:14:03.855+0000] {processor.py:179} INFO - Processing /opt/airflow/dags/dags_utils.py took 1.956 seconds
[2025-09-02T21:14:34.492+0000] {processor.py:157} INFO - Started process (PID=945) to work on /opt/airflow/dags/dags_utils.py
[2025-09-02T21:14:34.502+0000] {processor.py:826} INFO - Processing file /opt/airflow/dags/dags_utils.py for tasks to queue
[2025-09-02T21:14:34.515+0000] {logging_mixin.py:150} INFO - [2025-09-02T21:14:34.509+0000] {dagbag.py:541} INFO - Filling up the DagBag from /opt/airflow/dags/dags_utils.py
[2025-09-02T21:14:35.876+0000] {processor.py:838} WARNING - No viable dags retrieved from /opt/airflow/dags/dags_utils.py
[2025-09-02T21:14:36.471+0000] {processor.py:179} INFO - Processing /opt/airflow/dags/dags_utils.py took 2.050 seconds
[2025-09-02T21:15:07.100+0000] {processor.py:157} INFO - Started process (PID=955) to work on /opt/airflow/dags/dags_utils.py
[2025-09-02T21:15:07.154+0000] {processor.py:826} INFO - Processing file /opt/airflow/dags/dags_utils.py for tasks to queue
[2025-09-02T21:15:07.236+0000] {logging_mixin.py:150} INFO - [2025-09-02T21:15:07.206+0000] {dagbag.py:541} INFO - Filling up the DagBag from /opt/airflow/dags/dags_utils.py
[2025-09-02T21:15:08.535+0000] {processor.py:838} WARNING - No viable dags retrieved from /opt/airflow/dags/dags_utils.py
[2025-09-02T21:15:08.726+0000] {processor.py:179} INFO - Processing /opt/airflow/dags/dags_utils.py took 1.784 seconds
[2025-09-02T21:15:39.962+0000] {processor.py:157} INFO - Started process (PID=965) to work on /opt/airflow/dags/dags_utils.py
[2025-09-02T21:15:39.987+0000] {processor.py:826} INFO - Processing file /opt/airflow/dags/dags_utils.py for tasks to queue
[2025-09-02T21:15:40.011+0000] {logging_mixin.py:150} INFO - [2025-09-02T21:15:40.000+0000] {dagbag.py:541} INFO - Filling up the DagBag from /opt/airflow/dags/dags_utils.py
[2025-09-02T21:15:43.936+0000] {processor.py:838} WARNING - No viable dags retrieved from /opt/airflow/dags/dags_utils.py
[2025-09-02T21:15:45.306+0000] {processor.py:179} INFO - Processing /opt/airflow/dags/dags_utils.py took 5.436 seconds
[2025-09-02T21:16:17.126+0000] {processor.py:157} INFO - Started process (PID=975) to work on /opt/airflow/dags/dags_utils.py
[2025-09-02T21:16:17.175+0000] {processor.py:826} INFO - Processing file /opt/airflow/dags/dags_utils.py for tasks to queue
[2025-09-02T21:16:17.237+0000] {logging_mixin.py:150} INFO - [2025-09-02T21:16:17.215+0000] {dagbag.py:541} INFO - Filling up the DagBag from /opt/airflow/dags/dags_utils.py
[2025-09-02T21:16:21.356+0000] {processor.py:838} WARNING - No viable dags retrieved from /opt/airflow/dags/dags_utils.py
[2025-09-02T21:16:21.948+0000] {processor.py:179} INFO - Processing /opt/airflow/dags/dags_utils.py took 5.054 seconds
[2025-09-02T21:16:53.520+0000] {processor.py:157} INFO - Started process (PID=985) to work on /opt/airflow/dags/dags_utils.py
[2025-09-02T21:16:53.531+0000] {processor.py:826} INFO - Processing file /opt/airflow/dags/dags_utils.py for tasks to queue
[2025-09-02T21:16:53.547+0000] {logging_mixin.py:150} INFO - [2025-09-02T21:16:53.539+0000] {dagbag.py:541} INFO - Filling up the DagBag from /opt/airflow/dags/dags_utils.py
[2025-09-02T21:16:54.897+0000] {processor.py:838} WARNING - No viable dags retrieved from /opt/airflow/dags/dags_utils.py
[2025-09-02T21:16:55.183+0000] {processor.py:179} INFO - Processing /opt/airflow/dags/dags_utils.py took 1.736 seconds
[2025-09-02T21:17:25.968+0000] {processor.py:157} INFO - Started process (PID=995) to work on /opt/airflow/dags/dags_utils.py
[2025-09-02T21:17:25.973+0000] {processor.py:826} INFO - Processing file /opt/airflow/dags/dags_utils.py for tasks to queue
[2025-09-02T21:17:25.986+0000] {logging_mixin.py:150} INFO - [2025-09-02T21:17:25.980+0000] {dagbag.py:541} INFO - Filling up the DagBag from /opt/airflow/dags/dags_utils.py
[2025-09-02T21:17:27.126+0000] {processor.py:838} WARNING - No viable dags retrieved from /opt/airflow/dags/dags_utils.py
[2025-09-02T21:17:27.305+0000] {processor.py:179} INFO - Processing /opt/airflow/dags/dags_utils.py took 1.413 seconds
[2025-09-02T21:18:04.499+0000] {processor.py:157} INFO - Started process (PID=1005) to work on /opt/airflow/dags/dags_utils.py
[2025-09-02T21:18:04.896+0000] {processor.py:826} INFO - Processing file /opt/airflow/dags/dags_utils.py for tasks to queue
[2025-09-02T21:18:05.141+0000] {logging_mixin.py:150} INFO - [2025-09-02T21:18:05.103+0000] {dagbag.py:541} INFO - Filling up the DagBag from /opt/airflow/dags/dags_utils.py
[2025-09-02T21:18:12.692+0000] {processor.py:838} WARNING - No viable dags retrieved from /opt/airflow/dags/dags_utils.py
[2025-09-02T21:18:14.900+0000] {processor.py:179} INFO - Processing /opt/airflow/dags/dags_utils.py took 14.894 seconds
[2025-09-02T21:18:46.962+0000] {processor.py:157} INFO - Started process (PID=1015) to work on /opt/airflow/dags/dags_utils.py
[2025-09-02T21:18:46.981+0000] {processor.py:826} INFO - Processing file /opt/airflow/dags/dags_utils.py for tasks to queue
[2025-09-02T21:18:47.005+0000] {logging_mixin.py:150} INFO - [2025-09-02T21:18:46.994+0000] {dagbag.py:541} INFO - Filling up the DagBag from /opt/airflow/dags/dags_utils.py
[2025-09-02T21:18:48.739+0000] {processor.py:838} WARNING - No viable dags retrieved from /opt/airflow/dags/dags_utils.py
[2025-09-02T21:18:48.919+0000] {processor.py:179} INFO - Processing /opt/airflow/dags/dags_utils.py took 2.057 seconds
[2025-09-02T21:19:19.883+0000] {processor.py:157} INFO - Started process (PID=1025) to work on /opt/airflow/dags/dags_utils.py
[2025-09-02T21:19:19.902+0000] {processor.py:826} INFO - Processing file /opt/airflow/dags/dags_utils.py for tasks to queue
[2025-09-02T21:19:19.928+0000] {logging_mixin.py:150} INFO - [2025-09-02T21:19:19.917+0000] {dagbag.py:541} INFO - Filling up the DagBag from /opt/airflow/dags/dags_utils.py
[2025-09-02T21:19:21.770+0000] {processor.py:838} WARNING - No viable dags retrieved from /opt/airflow/dags/dags_utils.py
[2025-09-02T21:19:21.962+0000] {processor.py:179} INFO - Processing /opt/airflow/dags/dags_utils.py took 2.192 seconds
[2025-09-02T21:19:53.037+0000] {processor.py:157} INFO - Started process (PID=1035) to work on /opt/airflow/dags/dags_utils.py
[2025-09-02T21:19:53.062+0000] {processor.py:826} INFO - Processing file /opt/airflow/dags/dags_utils.py for tasks to queue
[2025-09-02T21:19:53.084+0000] {logging_mixin.py:150} INFO - [2025-09-02T21:19:53.074+0000] {dagbag.py:541} INFO - Filling up the DagBag from /opt/airflow/dags/dags_utils.py
[2025-09-02T21:19:54.074+0000] {processor.py:838} WARNING - No viable dags retrieved from /opt/airflow/dags/dags_utils.py
[2025-09-02T21:19:54.194+0000] {processor.py:179} INFO - Processing /opt/airflow/dags/dags_utils.py took 1.361 seconds
[2025-09-02T21:20:24.630+0000] {processor.py:157} INFO - Started process (PID=1045) to work on /opt/airflow/dags/dags_utils.py
[2025-09-02T21:20:24.635+0000] {processor.py:826} INFO - Processing file /opt/airflow/dags/dags_utils.py for tasks to queue
[2025-09-02T21:20:24.646+0000] {logging_mixin.py:150} INFO - [2025-09-02T21:20:24.642+0000] {dagbag.py:541} INFO - Filling up the DagBag from /opt/airflow/dags/dags_utils.py
[2025-09-02T21:20:25.775+0000] {processor.py:838} WARNING - No viable dags retrieved from /opt/airflow/dags/dags_utils.py
[2025-09-02T21:20:25.931+0000] {processor.py:179} INFO - Processing /opt/airflow/dags/dags_utils.py took 1.340 seconds
[2025-09-02T21:20:56.790+0000] {processor.py:157} INFO - Started process (PID=1055) to work on /opt/airflow/dags/dags_utils.py
[2025-09-02T21:20:56.801+0000] {processor.py:826} INFO - Processing file /opt/airflow/dags/dags_utils.py for tasks to queue
[2025-09-02T21:20:56.819+0000] {logging_mixin.py:150} INFO - [2025-09-02T21:20:56.811+0000] {dagbag.py:541} INFO - Filling up the DagBag from /opt/airflow/dags/dags_utils.py
[2025-09-02T21:21:01.141+0000] {processor.py:838} WARNING - No viable dags retrieved from /opt/airflow/dags/dags_utils.py
[2025-09-02T21:21:01.527+0000] {processor.py:179} INFO - Processing /opt/airflow/dags/dags_utils.py took 4.808 seconds
[2025-09-02T21:21:32.124+0000] {processor.py:157} INFO - Started process (PID=1065) to work on /opt/airflow/dags/dags_utils.py
[2025-09-02T21:21:32.133+0000] {processor.py:826} INFO - Processing file /opt/airflow/dags/dags_utils.py for tasks to queue
[2025-09-02T21:21:32.144+0000] {logging_mixin.py:150} INFO - [2025-09-02T21:21:32.139+0000] {dagbag.py:541} INFO - Filling up the DagBag from /opt/airflow/dags/dags_utils.py
[2025-09-02T21:21:32.559+0000] {processor.py:838} WARNING - No viable dags retrieved from /opt/airflow/dags/dags_utils.py
[2025-09-02T21:21:32.600+0000] {processor.py:179} INFO - Processing /opt/airflow/dags/dags_utils.py took 0.524 seconds
[2025-09-02T21:22:04.014+0000] {processor.py:157} INFO - Started process (PID=1075) to work on /opt/airflow/dags/dags_utils.py
[2025-09-02T21:22:04.024+0000] {processor.py:826} INFO - Processing file /opt/airflow/dags/dags_utils.py for tasks to queue
[2025-09-02T21:22:04.046+0000] {logging_mixin.py:150} INFO - [2025-09-02T21:22:04.036+0000] {dagbag.py:541} INFO - Filling up the DagBag from /opt/airflow/dags/dags_utils.py
[2025-09-02T21:22:05.509+0000] {processor.py:838} WARNING - No viable dags retrieved from /opt/airflow/dags/dags_utils.py
[2025-09-02T21:22:05.888+0000] {processor.py:179} INFO - Processing /opt/airflow/dags/dags_utils.py took 1.998 seconds
[2025-09-02T21:22:36.258+0000] {processor.py:157} INFO - Started process (PID=1085) to work on /opt/airflow/dags/dags_utils.py
[2025-09-02T21:22:36.260+0000] {processor.py:826} INFO - Processing file /opt/airflow/dags/dags_utils.py for tasks to queue
[2025-09-02T21:22:36.264+0000] {logging_mixin.py:150} INFO - [2025-09-02T21:22:36.261+0000] {dagbag.py:541} INFO - Filling up the DagBag from /opt/airflow/dags/dags_utils.py
[2025-09-02T21:22:37.696+0000] {processor.py:838} WARNING - No viable dags retrieved from /opt/airflow/dags/dags_utils.py
[2025-09-02T21:22:37.737+0000] {processor.py:179} INFO - Processing /opt/airflow/dags/dags_utils.py took 1.551 seconds
[2025-09-02T21:23:09.630+0000] {processor.py:157} INFO - Started process (PID=1095) to work on /opt/airflow/dags/dags_utils.py
[2025-09-02T21:23:09.800+0000] {processor.py:826} INFO - Processing file /opt/airflow/dags/dags_utils.py for tasks to queue
[2025-09-02T21:23:09.955+0000] {logging_mixin.py:150} INFO - [2025-09-02T21:23:09.917+0000] {dagbag.py:541} INFO - Filling up the DagBag from /opt/airflow/dags/dags_utils.py
[2025-09-02T21:23:15.139+0000] {processor.py:838} WARNING - No viable dags retrieved from /opt/airflow/dags/dags_utils.py
[2025-09-02T21:23:15.668+0000] {processor.py:179} INFO - Processing /opt/airflow/dags/dags_utils.py took 6.287 seconds
[2025-09-02T21:23:51.046+0000] {processor.py:157} INFO - Started process (PID=1105) to work on /opt/airflow/dags/dags_utils.py
[2025-09-02T21:23:51.090+0000] {processor.py:826} INFO - Processing file /opt/airflow/dags/dags_utils.py for tasks to queue
[2025-09-02T21:23:51.128+0000] {logging_mixin.py:150} INFO - [2025-09-02T21:23:51.110+0000] {dagbag.py:541} INFO - Filling up the DagBag from /opt/airflow/dags/dags_utils.py
[2025-09-02T21:23:57.387+0000] {processor.py:838} WARNING - No viable dags retrieved from /opt/airflow/dags/dags_utils.py
[2025-09-02T21:23:57.545+0000] {processor.py:179} INFO - Processing /opt/airflow/dags/dags_utils.py took 6.684 seconds
[2025-09-02T21:24:29.738+0000] {processor.py:157} INFO - Started process (PID=1115) to work on /opt/airflow/dags/dags_utils.py
[2025-09-02T21:24:29.799+0000] {processor.py:826} INFO - Processing file /opt/airflow/dags/dags_utils.py for tasks to queue
[2025-09-02T21:24:29.829+0000] {logging_mixin.py:150} INFO - [2025-09-02T21:24:29.820+0000] {dagbag.py:541} INFO - Filling up the DagBag from /opt/airflow/dags/dags_utils.py
[2025-09-02T21:24:36.351+0000] {processor.py:838} WARNING - No viable dags retrieved from /opt/airflow/dags/dags_utils.py
[2025-09-02T21:24:37.943+0000] {processor.py:179} INFO - Processing /opt/airflow/dags/dags_utils.py took 8.639 seconds
[2025-09-02T21:25:09.073+0000] {processor.py:157} INFO - Started process (PID=1125) to work on /opt/airflow/dags/dags_utils.py
[2025-09-02T21:25:09.094+0000] {processor.py:826} INFO - Processing file /opt/airflow/dags/dags_utils.py for tasks to queue
[2025-09-02T21:25:09.118+0000] {logging_mixin.py:150} INFO - [2025-09-02T21:25:09.109+0000] {dagbag.py:541} INFO - Filling up the DagBag from /opt/airflow/dags/dags_utils.py
[2025-09-02T21:25:10.485+0000] {processor.py:838} WARNING - No viable dags retrieved from /opt/airflow/dags/dags_utils.py
[2025-09-02T21:25:10.861+0000] {processor.py:179} INFO - Processing /opt/airflow/dags/dags_utils.py took 1.906 seconds
[2025-09-02T21:25:41.298+0000] {processor.py:157} INFO - Started process (PID=1135) to work on /opt/airflow/dags/dags_utils.py
[2025-09-02T21:25:41.313+0000] {processor.py:826} INFO - Processing file /opt/airflow/dags/dags_utils.py for tasks to queue
[2025-09-02T21:25:41.330+0000] {logging_mixin.py:150} INFO - [2025-09-02T21:25:41.324+0000] {dagbag.py:541} INFO - Filling up the DagBag from /opt/airflow/dags/dags_utils.py
[2025-09-02T21:25:42.387+0000] {processor.py:838} WARNING - No viable dags retrieved from /opt/airflow/dags/dags_utils.py
[2025-09-02T21:25:42.484+0000] {processor.py:179} INFO - Processing /opt/airflow/dags/dags_utils.py took 1.262 seconds
[2025-09-02T21:26:12.814+0000] {processor.py:157} INFO - Started process (PID=1145) to work on /opt/airflow/dags/dags_utils.py
[2025-09-02T21:26:12.816+0000] {processor.py:826} INFO - Processing file /opt/airflow/dags/dags_utils.py for tasks to queue
[2025-09-02T21:26:12.817+0000] {logging_mixin.py:150} INFO - [2025-09-02T21:26:12.817+0000] {dagbag.py:541} INFO - Filling up the DagBag from /opt/airflow/dags/dags_utils.py
[2025-09-02T21:26:12.987+0000] {processor.py:838} WARNING - No viable dags retrieved from /opt/airflow/dags/dags_utils.py
[2025-09-02T21:26:13.011+0000] {processor.py:179} INFO - Processing /opt/airflow/dags/dags_utils.py took 0.203 seconds
[2025-09-02T21:26:43.360+0000] {processor.py:157} INFO - Started process (PID=1155) to work on /opt/airflow/dags/dags_utils.py
[2025-09-02T21:26:43.362+0000] {processor.py:826} INFO - Processing file /opt/airflow/dags/dags_utils.py for tasks to queue
[2025-09-02T21:26:43.365+0000] {logging_mixin.py:150} INFO - [2025-09-02T21:26:43.365+0000] {dagbag.py:541} INFO - Filling up the DagBag from /opt/airflow/dags/dags_utils.py
[2025-09-02T21:26:44.371+0000] {processor.py:838} WARNING - No viable dags retrieved from /opt/airflow/dags/dags_utils.py
[2025-09-02T21:26:44.456+0000] {processor.py:179} INFO - Processing /opt/airflow/dags/dags_utils.py took 1.104 seconds
[2025-09-02T21:27:14.848+0000] {processor.py:157} INFO - Started process (PID=1165) to work on /opt/airflow/dags/dags_utils.py
[2025-09-02T21:27:14.857+0000] {processor.py:826} INFO - Processing file /opt/airflow/dags/dags_utils.py for tasks to queue
[2025-09-02T21:27:14.861+0000] {logging_mixin.py:150} INFO - [2025-09-02T21:27:14.859+0000] {dagbag.py:541} INFO - Filling up the DagBag from /opt/airflow/dags/dags_utils.py
[2025-09-02T21:27:15.078+0000] {processor.py:838} WARNING - No viable dags retrieved from /opt/airflow/dags/dags_utils.py
[2025-09-02T21:27:15.098+0000] {processor.py:179} INFO - Processing /opt/airflow/dags/dags_utils.py took 0.294 seconds
[2025-09-02T21:27:45.508+0000] {processor.py:157} INFO - Started process (PID=1175) to work on /opt/airflow/dags/dags_utils.py
[2025-09-02T21:27:45.510+0000] {processor.py:826} INFO - Processing file /opt/airflow/dags/dags_utils.py for tasks to queue
[2025-09-02T21:27:45.512+0000] {logging_mixin.py:150} INFO - [2025-09-02T21:27:45.512+0000] {dagbag.py:541} INFO - Filling up the DagBag from /opt/airflow/dags/dags_utils.py
[2025-09-02T21:27:45.776+0000] {processor.py:838} WARNING - No viable dags retrieved from /opt/airflow/dags/dags_utils.py
[2025-09-02T21:27:45.820+0000] {processor.py:179} INFO - Processing /opt/airflow/dags/dags_utils.py took 0.320 seconds
[2025-09-02T21:28:16.651+0000] {processor.py:157} INFO - Started process (PID=1185) to work on /opt/airflow/dags/dags_utils.py
[2025-09-02T21:28:16.661+0000] {processor.py:826} INFO - Processing file /opt/airflow/dags/dags_utils.py for tasks to queue
[2025-09-02T21:28:16.677+0000] {logging_mixin.py:150} INFO - [2025-09-02T21:28:16.672+0000] {dagbag.py:541} INFO - Filling up the DagBag from /opt/airflow/dags/dags_utils.py
[2025-09-02T21:28:17.797+0000] {processor.py:838} WARNING - No viable dags retrieved from /opt/airflow/dags/dags_utils.py
[2025-09-02T21:28:18.076+0000] {processor.py:179} INFO - Processing /opt/airflow/dags/dags_utils.py took 1.510 seconds
[2025-09-02T21:28:48.945+0000] {processor.py:157} INFO - Started process (PID=1195) to work on /opt/airflow/dags/dags_utils.py
[2025-09-02T21:28:48.950+0000] {processor.py:826} INFO - Processing file /opt/airflow/dags/dags_utils.py for tasks to queue
[2025-09-02T21:28:48.955+0000] {logging_mixin.py:150} INFO - [2025-09-02T21:28:48.954+0000] {dagbag.py:541} INFO - Filling up the DagBag from /opt/airflow/dags/dags_utils.py
[2025-09-02T21:28:49.314+0000] {processor.py:838} WARNING - No viable dags retrieved from /opt/airflow/dags/dags_utils.py
[2025-09-02T21:28:49.357+0000] {processor.py:179} INFO - Processing /opt/airflow/dags/dags_utils.py took 0.433 seconds
[2025-09-02T21:29:21.213+0000] {processor.py:157} INFO - Started process (PID=1205) to work on /opt/airflow/dags/dags_utils.py
[2025-09-02T21:29:21.228+0000] {processor.py:826} INFO - Processing file /opt/airflow/dags/dags_utils.py for tasks to queue
[2025-09-02T21:29:21.249+0000] {logging_mixin.py:150} INFO - [2025-09-02T21:29:21.241+0000] {dagbag.py:541} INFO - Filling up the DagBag from /opt/airflow/dags/dags_utils.py
[2025-09-02T21:29:24.353+0000] {processor.py:838} WARNING - No viable dags retrieved from /opt/airflow/dags/dags_utils.py
[2025-09-02T21:29:24.833+0000] {processor.py:179} INFO - Processing /opt/airflow/dags/dags_utils.py took 3.747 seconds
[2025-09-02T21:29:55.724+0000] {processor.py:157} INFO - Started process (PID=1215) to work on /opt/airflow/dags/dags_utils.py
[2025-09-02T21:29:55.727+0000] {processor.py:826} INFO - Processing file /opt/airflow/dags/dags_utils.py for tasks to queue
[2025-09-02T21:29:55.740+0000] {logging_mixin.py:150} INFO - [2025-09-02T21:29:55.738+0000] {dagbag.py:541} INFO - Filling up the DagBag from /opt/airflow/dags/dags_utils.py
[2025-09-02T21:29:56.380+0000] {processor.py:838} WARNING - No viable dags retrieved from /opt/airflow/dags/dags_utils.py
[2025-09-02T21:29:56.452+0000] {processor.py:179} INFO - Processing /opt/airflow/dags/dags_utils.py took 0.759 seconds
[2025-09-02T21:30:26.970+0000] {processor.py:157} INFO - Started process (PID=1225) to work on /opt/airflow/dags/dags_utils.py
[2025-09-02T21:30:26.971+0000] {processor.py:826} INFO - Processing file /opt/airflow/dags/dags_utils.py for tasks to queue
[2025-09-02T21:30:26.973+0000] {logging_mixin.py:150} INFO - [2025-09-02T21:30:26.973+0000] {dagbag.py:541} INFO - Filling up the DagBag from /opt/airflow/dags/dags_utils.py
[2025-09-02T21:30:27.233+0000] {processor.py:838} WARNING - No viable dags retrieved from /opt/airflow/dags/dags_utils.py
[2025-09-02T21:30:27.278+0000] {processor.py:179} INFO - Processing /opt/airflow/dags/dags_utils.py took 0.312 seconds
