[2025-09-04T14:19:28.927+0000] {logging_mixin.py:150} WARNING - /home/***/.local/lib/python3.7/site-packages/***/utils/sqlalchemy.py:124 DeprecationWarning: The sql_alchemy_conn option in [core] has been moved to the sql_alchemy_conn option in [database] - the old setting has been used, but please update your config.
[2025-09-04T14:19:28.964+0000] {taskinstance.py:1103} INFO - Dependencies all met for dep_context=non-requeueable deps ti=<TaskInstance: raw_to_dds.load_dds_users scheduled__2025-09-04T11:00:07.473821+00:00 [queued]>
[2025-09-04T14:19:28.993+0000] {taskinstance.py:1103} INFO - Dependencies all met for dep_context=requeueable deps ti=<TaskInstance: raw_to_dds.load_dds_users scheduled__2025-09-04T11:00:07.473821+00:00 [queued]>
[2025-09-04T14:19:28.995+0000] {taskinstance.py:1308} INFO - Starting attempt 3 of 3
[2025-09-04T14:19:29.042+0000] {taskinstance.py:1327} INFO - Executing <Task(PostgresOperator): load_dds_users> on 2025-09-04 11:00:07.473821+00:00
[2025-09-04T14:19:29.089+0000] {standard_task_runner.py:57} INFO - Started process 178 to run task
[2025-09-04T14:19:29.097+0000] {standard_task_runner.py:84} INFO - Running: ['***', 'tasks', 'run', 'raw_to_dds', 'load_dds_users', 'scheduled__2025-09-04T11:00:07.473821+00:00', '--job-id', '16', '--raw', '--subdir', 'DAGS_FOLDER/raw_to_dds.py', '--cfg-path', '/tmp/tmp9g_etkc9']
[2025-09-04T14:19:29.107+0000] {standard_task_runner.py:85} INFO - Job 16: Subtask load_dds_users
[2025-09-04T14:19:29.157+0000] {logging_mixin.py:150} WARNING - /home/***/.local/lib/python3.7/site-packages/***/settings.py:195 DeprecationWarning: The sql_alchemy_conn option in [core] has been moved to the sql_alchemy_conn option in [database] - the old setting has been used, but please update your config.
[2025-09-04T14:19:29.299+0000] {task_command.py:410} INFO - Running <TaskInstance: raw_to_dds.load_dds_users scheduled__2025-09-04T11:00:07.473821+00:00 [running]> on host 088ae817f34b
[2025-09-04T14:19:29.347+0000] {logging_mixin.py:150} WARNING - /home/***/.local/lib/python3.7/site-packages/***/utils/sqlalchemy.py:124 DeprecationWarning: The sql_alchemy_conn option in [core] has been moved to the sql_alchemy_conn option in [database] - the old setting has been used, but please update your config.
[2025-09-04T14:19:29.664+0000] {taskinstance.py:1547} INFO - Exporting env vars: AIRFLOW_CTX_DAG_OWNER='***' AIRFLOW_CTX_DAG_ID='raw_to_dds' AIRFLOW_CTX_TASK_ID='load_dds_users' AIRFLOW_CTX_EXECUTION_DATE='2025-09-04T11:00:07.473821+00:00' AIRFLOW_CTX_TRY_NUMBER='3' AIRFLOW_CTX_DAG_RUN_ID='scheduled__2025-09-04T11:00:07.473821+00:00'
[2025-09-04T14:19:29.674+0000] {sql.py:265} INFO - Executing: 
        INSERT INTO dds.users (user_id, city, country)
        SELECT DISTINCT user_id, city, country
        FROM raw.events
        ON CONFLICT (user_id) DO NOTHING;
        
[2025-09-04T14:19:29.747+0000] {base.py:73} INFO - Using connection ID 'postgres_default' for task execution.
[2025-09-04T14:19:30.315+0000] {base.py:73} INFO - Using connection ID 'postgres_default' for task execution.
[2025-09-04T14:19:30.341+0000] {taskinstance.py:1824} ERROR - Task failed with exception
Traceback (most recent call last):
  File "/home/airflow/.local/lib/python3.7/site-packages/airflow/providers/common/sql/operators/sql.py", line 277, in execute
    **extra_kwargs,
  File "/home/airflow/.local/lib/python3.7/site-packages/airflow/providers/common/sql/hooks/sql.py", line 342, in run
    with closing(self.get_conn()) as conn:
  File "/home/airflow/.local/lib/python3.7/site-packages/airflow/providers/postgres/hooks/postgres.py", line 145, in get_conn
    self.conn = psycopg2.connect(**conn_args)
  File "/home/airflow/.local/lib/python3.7/site-packages/psycopg2/__init__.py", line 122, in connect
    conn = _connect(dsn, connection_factory=connection_factory, **kwasync)
psycopg2.OperationalError: connection to server at "postgres" (172.23.0.3), port 5432 failed: FATAL:  password authentication failed for user "postgres"

[2025-09-04T14:19:30.399+0000] {taskinstance.py:1350} INFO - Marking task as FAILED. dag_id=raw_to_dds, task_id=load_dds_users, execution_date=20250904T110007, start_date=20250904T141928, end_date=20250904T141930
[2025-09-04T14:19:30.473+0000] {standard_task_runner.py:109} ERROR - Failed to execute job 16 for task load_dds_users (connection to server at "postgres" (172.23.0.3), port 5432 failed: FATAL:  password authentication failed for user "postgres"
; 178)
[2025-09-04T14:19:30.520+0000] {local_task_job_runner.py:225} INFO - Task exited with return code 1
[2025-09-04T14:19:30.586+0000] {taskinstance.py:2653} INFO - 0 downstream tasks scheduled from follow-on schedule check
