[2025-09-03T19:38:58.237+0000] {logging_mixin.py:150} WARNING - /home/***/.local/lib/python3.7/site-packages/***/utils/sqlalchemy.py:124 DeprecationWarning: The sql_alchemy_conn option in [core] has been moved to the sql_alchemy_conn option in [database] - the old setting has been used, but please update your config.
[2025-09-03T19:38:58.535+0000] {taskinstance.py:1103} INFO - Dependencies all met for dep_context=non-requeueable deps ti=<TaskInstance: kafka_to_postgres.create_raw_events scheduled__2025-09-03T19:08:04.385408+00:00 [queued]>
[2025-09-03T19:38:58.614+0000] {taskinstance.py:1103} INFO - Dependencies all met for dep_context=requeueable deps ti=<TaskInstance: kafka_to_postgres.create_raw_events scheduled__2025-09-03T19:08:04.385408+00:00 [queued]>
[2025-09-03T19:38:58.620+0000] {taskinstance.py:1308} INFO - Starting attempt 1 of 3
[2025-09-03T19:38:58.772+0000] {taskinstance.py:1327} INFO - Executing <Task(PostgresOperator): create_raw_events> on 2025-09-03 19:08:04.385408+00:00
[2025-09-03T19:38:58.806+0000] {standard_task_runner.py:57} INFO - Started process 1876 to run task
[2025-09-03T19:38:58.909+0000] {standard_task_runner.py:84} INFO - Running: ['***', 'tasks', 'run', 'kafka_to_postgres', 'create_raw_events', 'scheduled__2025-09-03T19:08:04.385408+00:00', '--job-id', '231', '--raw', '--subdir', 'DAGS_FOLDER/dags.py', '--cfg-path', '/tmp/tmp4cdvtxab']
[2025-09-03T19:38:58.949+0000] {standard_task_runner.py:85} INFO - Job 231: Subtask create_raw_events
[2025-09-03T19:38:59.554+0000] {logging_mixin.py:150} WARNING - /home/***/.local/lib/python3.7/site-packages/***/settings.py:195 DeprecationWarning: The sql_alchemy_conn option in [core] has been moved to the sql_alchemy_conn option in [database] - the old setting has been used, but please update your config.
[2025-09-03T19:39:00.295+0000] {task_command.py:410} INFO - Running <TaskInstance: kafka_to_postgres.create_raw_events scheduled__2025-09-03T19:08:04.385408+00:00 [running]> on host 566c672cfab0
[2025-09-03T19:39:00.549+0000] {logging_mixin.py:150} WARNING - /home/***/.local/lib/python3.7/site-packages/***/utils/sqlalchemy.py:124 DeprecationWarning: The sql_alchemy_conn option in [core] has been moved to the sql_alchemy_conn option in [database] - the old setting has been used, but please update your config.
[2025-09-03T19:39:01.607+0000] {taskinstance.py:1547} INFO - Exporting env vars: AIRFLOW_CTX_DAG_OWNER='***' AIRFLOW_CTX_DAG_ID='kafka_to_postgres' AIRFLOW_CTX_TASK_ID='create_raw_events' AIRFLOW_CTX_EXECUTION_DATE='2025-09-03T19:08:04.385408+00:00' AIRFLOW_CTX_TRY_NUMBER='1' AIRFLOW_CTX_DAG_RUN_ID='scheduled__2025-09-03T19:08:04.385408+00:00'
[2025-09-03T19:39:01.614+0000] {sql.py:265} INFO - Executing: 
        CREATE TABLE IF NOT EXISTS raw.events (
            id SERIAL PRIMARY KEY,
            user_id INT,
            event_type TEXT,
            city TEXT,
            country TEXT,
            lat DOUBLE PRECISION,
            lon DOUBLE PRECISION,
            cost_usd NUMERIC(10,2),
            cost_eur NUMERIC(10,2),
            cost_rub NUMERIC(10,2),
            weather_temp NUMERIC(5,2),
            weather_desc TEXT,
            timestamp TIMESTAMPTZ DEFAULT NOW()
        );
        
[2025-09-03T19:39:01.681+0000] {base.py:73} INFO - Using connection ID 'postgres_default' for task execution.
[2025-09-03T19:39:04.090+0000] {base.py:73} INFO - Using connection ID 'postgres_default' for task execution.
[2025-09-03T19:39:04.132+0000] {sql.py:375} INFO - Running statement: 
        CREATE TABLE IF NOT EXISTS raw.events (
            id SERIAL PRIMARY KEY,
            user_id INT,
            event_type TEXT,
            city TEXT,
            country TEXT,
            lat DOUBLE PRECISION,
            lon DOUBLE PRECISION,
            cost_usd NUMERIC(10,2),
            cost_eur NUMERIC(10,2),
            cost_rub NUMERIC(10,2),
            weather_temp NUMERIC(5,2),
            weather_desc TEXT,
            timestamp TIMESTAMPTZ DEFAULT NOW()
        );
        , parameters: None
[2025-09-03T19:39:04.419+0000] {taskinstance.py:1350} INFO - Marking task as SUCCESS. dag_id=kafka_to_postgres, task_id=create_raw_events, execution_date=20250903T190804, start_date=20250903T193858, end_date=20250903T193904
[2025-09-03T19:39:04.805+0000] {local_task_job_runner.py:225} INFO - Task exited with return code 0
[2025-09-03T19:39:04.930+0000] {taskinstance.py:2653} INFO - 1 downstream tasks scheduled from follow-on schedule check
