[2025-09-02T20:56:59.266+0000] {logging_mixin.py:150} WARNING - /home/***/.local/lib/python3.7/site-packages/***/utils/sqlalchemy.py:124 DeprecationWarning: The sql_alchemy_conn option in [core] has been moved to the sql_alchemy_conn option in [database] - the old setting has been used, but please update your config.
[2025-09-02T20:56:59.294+0000] {taskinstance.py:1103} INFO - Dependencies all met for dep_context=non-requeueable deps ti=<TaskInstance: kafka_to_postgres.create_events_table scheduled__2025-09-02T20:30:00+00:00 [queued]>
[2025-09-02T20:56:59.323+0000] {taskinstance.py:1103} INFO - Dependencies all met for dep_context=requeueable deps ti=<TaskInstance: kafka_to_postgres.create_events_table scheduled__2025-09-02T20:30:00+00:00 [queued]>
[2025-09-02T20:56:59.324+0000] {taskinstance.py:1308} INFO - Starting attempt 1 of 3
[2025-09-02T20:56:59.365+0000] {taskinstance.py:1327} INFO - Executing <Task(PostgresOperator): create_events_table> on 2025-09-02 20:30:00+00:00
[2025-09-02T20:56:59.391+0000] {standard_task_runner.py:84} INFO - Running: ['***', 'tasks', 'run', 'kafka_to_postgres', 'create_events_table', 'scheduled__2025-09-02T20:30:00+00:00', '--job-id', '95', '--raw', '--subdir', 'DAGS_FOLDER/dags.py', '--cfg-path', '/tmp/tmpbumvv7_o']
[2025-09-02T20:56:59.388+0000] {standard_task_runner.py:57} INFO - Started process 618 to run task
[2025-09-02T20:56:59.396+0000] {standard_task_runner.py:85} INFO - Job 95: Subtask create_events_table
[2025-09-02T20:56:59.484+0000] {logging_mixin.py:150} WARNING - /home/***/.local/lib/python3.7/site-packages/***/settings.py:195 DeprecationWarning: The sql_alchemy_conn option in [core] has been moved to the sql_alchemy_conn option in [database] - the old setting has been used, but please update your config.
[2025-09-02T20:56:59.646+0000] {task_command.py:410} INFO - Running <TaskInstance: kafka_to_postgres.create_events_table scheduled__2025-09-02T20:30:00+00:00 [running]> on host 5646b9718ecc
[2025-09-02T20:56:59.698+0000] {logging_mixin.py:150} WARNING - /home/***/.local/lib/python3.7/site-packages/***/utils/sqlalchemy.py:124 DeprecationWarning: The sql_alchemy_conn option in [core] has been moved to the sql_alchemy_conn option in [database] - the old setting has been used, but please update your config.
[2025-09-02T20:56:59.985+0000] {taskinstance.py:1547} INFO - Exporting env vars: AIRFLOW_CTX_DAG_OWNER='***' AIRFLOW_CTX_DAG_ID='kafka_to_postgres' AIRFLOW_CTX_TASK_ID='create_events_table' AIRFLOW_CTX_EXECUTION_DATE='2025-09-02T20:30:00+00:00' AIRFLOW_CTX_TRY_NUMBER='1' AIRFLOW_CTX_DAG_RUN_ID='scheduled__2025-09-02T20:30:00+00:00'
[2025-09-02T20:56:59.986+0000] {sql.py:265} INFO - Executing: 
        CREATE TABLE IF NOT EXISTS raw.events (
            id SERIAL PRIMARY KEY,
            user_id INT,
            event_type TEXT,
            city TEXT,
            country TEXT,
            lat DOUBLE PRECISION,
            lon DOUBLE PRECISION,
            cost_usd NUMERIC,
            cost_eur NUMERIC,
            cost_rub NUMERIC,
            weather_temp NUMERIC,
            weather_desc TEXT,
            timestamp TIMESTAMPTZ DEFAULT NOW()
        );
        
[2025-09-02T20:57:00.035+0000] {base.py:73} INFO - Using connection ID 'postgres_default' for task execution.
[2025-09-02T20:57:00.223+0000] {base.py:73} INFO - Using connection ID 'postgres_default' for task execution.
[2025-09-02T20:57:00.242+0000] {sql.py:375} INFO - Running statement: 
        CREATE TABLE IF NOT EXISTS raw.events (
            id SERIAL PRIMARY KEY,
            user_id INT,
            event_type TEXT,
            city TEXT,
            country TEXT,
            lat DOUBLE PRECISION,
            lon DOUBLE PRECISION,
            cost_usd NUMERIC,
            cost_eur NUMERIC,
            cost_rub NUMERIC,
            weather_temp NUMERIC,
            weather_desc TEXT,
            timestamp TIMESTAMPTZ DEFAULT NOW()
        );
        , parameters: None
[2025-09-02T20:57:00.277+0000] {taskinstance.py:1350} INFO - Marking task as SUCCESS. dag_id=kafka_to_postgres, task_id=create_events_table, execution_date=20250902T203000, start_date=20250902T205659, end_date=20250902T205700
[2025-09-02T20:57:00.345+0000] {local_task_job_runner.py:225} INFO - Task exited with return code 0
[2025-09-02T20:57:00.393+0000] {taskinstance.py:2653} INFO - 0 downstream tasks scheduled from follow-on schedule check
