[2025-09-03T19:46:17.718+0000] {logging_mixin.py:150} WARNING - /home/***/.local/lib/python3.7/site-packages/***/utils/sqlalchemy.py:124 DeprecationWarning: The sql_alchemy_conn option in [core] has been moved to the sql_alchemy_conn option in [database] - the old setting has been used, but please update your config.
[2025-09-03T19:46:17.878+0000] {taskinstance.py:1103} INFO - Dependencies all met for dep_context=non-requeueable deps ti=<TaskInstance: kafka_to_postgres.create_schemas scheduled__2025-09-03T19:15:57.550361+00:00 [queued]>
[2025-09-03T19:46:17.893+0000] {taskinstance.py:1103} INFO - Dependencies all met for dep_context=requeueable deps ti=<TaskInstance: kafka_to_postgres.create_schemas scheduled__2025-09-03T19:15:57.550361+00:00 [queued]>
[2025-09-03T19:46:17.894+0000] {taskinstance.py:1308} INFO - Starting attempt 1 of 3
[2025-09-03T19:46:17.922+0000] {taskinstance.py:1327} INFO - Executing <Task(PostgresOperator): create_schemas> on 2025-09-03 19:15:57.550361+00:00
[2025-09-03T19:46:17.936+0000] {standard_task_runner.py:57} INFO - Started process 2007 to run task
[2025-09-03T19:46:17.946+0000] {standard_task_runner.py:84} INFO - Running: ['***', 'tasks', 'run', 'kafka_to_postgres', 'create_schemas', 'scheduled__2025-09-03T19:15:57.550361+00:00', '--job-id', '261', '--raw', '--subdir', 'DAGS_FOLDER/dags.py', '--cfg-path', '/tmp/tmpitc3cv46']
[2025-09-03T19:46:17.961+0000] {standard_task_runner.py:85} INFO - Job 261: Subtask create_schemas
[2025-09-03T19:46:18.029+0000] {logging_mixin.py:150} WARNING - /home/***/.local/lib/python3.7/site-packages/***/settings.py:195 DeprecationWarning: The sql_alchemy_conn option in [core] has been moved to the sql_alchemy_conn option in [database] - the old setting has been used, but please update your config.
[2025-09-03T19:46:18.220+0000] {task_command.py:410} INFO - Running <TaskInstance: kafka_to_postgres.create_schemas scheduled__2025-09-03T19:15:57.550361+00:00 [running]> on host 566c672cfab0
[2025-09-03T19:46:18.282+0000] {logging_mixin.py:150} WARNING - /home/***/.local/lib/python3.7/site-packages/***/utils/sqlalchemy.py:124 DeprecationWarning: The sql_alchemy_conn option in [core] has been moved to the sql_alchemy_conn option in [database] - the old setting has been used, but please update your config.
[2025-09-03T19:46:18.628+0000] {taskinstance.py:1547} INFO - Exporting env vars: AIRFLOW_CTX_DAG_OWNER='***' AIRFLOW_CTX_DAG_ID='kafka_to_postgres' AIRFLOW_CTX_TASK_ID='create_schemas' AIRFLOW_CTX_EXECUTION_DATE='2025-09-03T19:15:57.550361+00:00' AIRFLOW_CTX_TRY_NUMBER='1' AIRFLOW_CTX_DAG_RUN_ID='scheduled__2025-09-03T19:15:57.550361+00:00'
[2025-09-03T19:46:18.631+0000] {sql.py:265} INFO - Executing: 
        CREATE SCHEMA IF NOT EXISTS raw;
        CREATE SCHEMA IF NOT EXISTS dds;
        CREATE SCHEMA IF NOT EXISTS dictionary;
        
[2025-09-03T19:46:18.659+0000] {base.py:73} INFO - Using connection ID 'postgres_default' for task execution.
[2025-09-03T19:46:20.479+0000] {base.py:73} INFO - Using connection ID 'postgres_default' for task execution.
[2025-09-03T19:46:20.495+0000] {sql.py:375} INFO - Running statement: 
        CREATE SCHEMA IF NOT EXISTS raw;
        CREATE SCHEMA IF NOT EXISTS dds;
        CREATE SCHEMA IF NOT EXISTS dictionary;
        , parameters: None
[2025-09-03T19:46:20.522+0000] {taskinstance.py:1350} INFO - Marking task as SUCCESS. dag_id=kafka_to_postgres, task_id=create_schemas, execution_date=20250903T191557, start_date=20250903T194617, end_date=20250903T194620
[2025-09-03T19:46:20.566+0000] {local_task_job_runner.py:225} INFO - Task exited with return code 0
[2025-09-03T19:46:20.633+0000] {taskinstance.py:2653} INFO - 1 downstream tasks scheduled from follow-on schedule check
