[2025-09-17T10:59:39.065+0000] {taskinstance.py:1103} INFO - Dependencies all met for dep_context=non-requeueable deps ti=<TaskInstance: kafka_to_postgres_batch.consume_and_save_batch manual__2025-09-17T10:59:17.342058+00:00 [queued]>
[2025-09-17T10:59:39.104+0000] {taskinstance.py:1103} INFO - Dependencies all met for dep_context=requeueable deps ti=<TaskInstance: kafka_to_postgres_batch.consume_and_save_batch manual__2025-09-17T10:59:17.342058+00:00 [queued]>
[2025-09-17T10:59:39.106+0000] {taskinstance.py:1308} INFO - Starting attempt 1 of 3
[2025-09-17T10:59:39.175+0000] {taskinstance.py:1327} INFO - Executing <Task(PythonOperator): consume_and_save_batch> on 2025-09-17 10:59:17.342058+00:00
[2025-09-17T10:59:39.202+0000] {standard_task_runner.py:57} INFO - Started process 1201 to run task
[2025-09-17T10:59:39.211+0000] {standard_task_runner.py:84} INFO - Running: ['***', 'tasks', 'run', 'kafka_to_postgres_batch', 'consume_and_save_batch', 'manual__2025-09-17T10:59:17.342058+00:00', '--job-id', '1009', '--raw', '--subdir', 'DAGS_FOLDER/dags.py', '--cfg-path', '/tmp/tmpkb2a0cv3']
[2025-09-17T10:59:39.217+0000] {standard_task_runner.py:85} INFO - Job 1009: Subtask consume_and_save_batch
[2025-09-17T10:59:39.329+0000] {logging_mixin.py:150} WARNING - /home/***/.local/lib/python3.7/site-packages/***/settings.py:195 DeprecationWarning: The sql_alchemy_conn option in [core] has been moved to the sql_alchemy_conn option in [database] - the old setting has been used, but please update your config.
[2025-09-17T10:59:39.456+0000] {task_command.py:410} INFO - Running <TaskInstance: kafka_to_postgres_batch.consume_and_save_batch manual__2025-09-17T10:59:17.342058+00:00 [running]> on host 807cd7795f82
[2025-09-17T10:59:40.301+0000] {taskinstance.py:1547} INFO - Exporting env vars: AIRFLOW_CTX_DAG_OWNER='***' AIRFLOW_CTX_DAG_ID='kafka_to_postgres_batch' AIRFLOW_CTX_TASK_ID='consume_and_save_batch' AIRFLOW_CTX_EXECUTION_DATE='2025-09-17T10:59:17.342058+00:00' AIRFLOW_CTX_TRY_NUMBER='1' AIRFLOW_CTX_DAG_RUN_ID='manual__2025-09-17T10:59:17.342058+00:00'
[2025-09-17T10:59:40.317+0000] {conn.py:397} INFO - <BrokerConnection client_id=kafka-python-2.2.15, node_id=bootstrap-0 host=kafka:29092 <connecting> [IPv4 ('172.23.0.2', 29092)]>: connecting to kafka:29092 [('172.23.0.2', 29092) IPv4]
[2025-09-17T10:59:40.423+0000] {conn.py:618} INFO - <BrokerConnection client_id=kafka-python-2.2.15, node_id=bootstrap-0 host=kafka:29092 <checking_api_versions_recv> [IPv4 ('172.23.0.2', 29092)]>: Broker version identified as 2.6
[2025-09-17T10:59:40.424+0000] {conn.py:457} INFO - <BrokerConnection client_id=kafka-python-2.2.15, node_id=bootstrap-0 host=kafka:29092 <connected> [IPv4 ('172.23.0.2', 29092)]>: Connection complete.
[2025-09-17T10:59:40.429+0000] {subscription_state.py:181} INFO - Updating subscribed topics to: ('user_events',)
[2025-09-17T10:59:40.493+0000] {conn.py:397} INFO - <BrokerConnection client_id=kafka-python-2.2.15, node_id=1 host=kafka:29092 <connecting> [IPv4 ('172.23.0.2', 29092)]>: connecting to kafka:29092 [('172.23.0.2', 29092) IPv4]
[2025-09-17T10:59:40.496+0000] {conn.py:457} INFO - <BrokerConnection client_id=kafka-python-2.2.15, node_id=1 host=kafka:29092 <connected> [IPv4 ('172.23.0.2', 29092)]>: Connection complete.
[2025-09-17T10:59:40.499+0000] {conn.py:945} INFO - <BrokerConnection client_id=kafka-python-2.2.15, node_id=bootstrap-0 host=kafka:29092 <connected> [IPv4 ('172.23.0.2', 29092)]>: Closing connection. 
[2025-09-17T10:59:40.653+0000] {cluster.py:401} INFO - Coordinator for group/***_batch_consumer is ('coordinator-1', 'kafka', 29092, None)
[2025-09-17T10:59:40.655+0000] {base.py:789} INFO - Discovered coordinator coordinator-1 for group ***_batch_consumer
[2025-09-17T10:59:40.657+0000] {base.py:848} INFO - Starting new heartbeat thread
[2025-09-17T10:59:40.662+0000] {consumer.py:366} INFO - Revoking previously assigned partitions () for group ***_batch_consumer
[2025-09-17T10:59:40.671+0000] {base.py:419} INFO - Failed to join group ***_batch_consumer: NodeNotReadyError: coordinator-1
[2025-09-17T10:59:40.675+0000] {conn.py:397} INFO - <BrokerConnection client_id=kafka-python-2.2.15, node_id=coordinator-1 host=kafka:29092 <connecting> [IPv4 ('172.23.0.2', 29092)]>: connecting to kafka:29092 [('172.23.0.2', 29092) IPv4]
[2025-09-17T10:59:40.679+0000] {conn.py:457} INFO - <BrokerConnection client_id=kafka-python-2.2.15, node_id=coordinator-1 host=kafka:29092 <connected> [IPv4 ('172.23.0.2', 29092)]>: Connection complete.
[2025-09-17T10:59:40.791+0000] {base.py:532} INFO - (Re-)joining group ***_batch_consumer
[2025-09-17T10:59:40.895+0000] {base.py:638} INFO - Received member id kafka-python-2.2.15-81b6f34e-0949-48fc-b3b3-232b10dd38e7 for group ***_batch_consumer; will retry join-group
[2025-09-17T10:59:40.896+0000] {base.py:419} INFO - Failed to join group ***_batch_consumer: [Error 79] MemberIdRequiredError
[2025-09-17T10:59:40.897+0000] {base.py:532} INFO - (Re-)joining group ***_batch_consumer
[2025-09-17T10:59:43.982+0000] {base.py:594} INFO - Successfully joined group ***_batch_consumer <Generation 39 (member_id: kafka-python-2.2.15-81b6f34e-0949-48fc-b3b3-232b10dd38e7, protocol: range)>
[2025-09-17T10:59:43.983+0000] {base.py:597} INFO - Elected group leader -- performing partition assignments using range
[2025-09-17T10:59:44.080+0000] {subscription_state.py:254} INFO - Updated partition assignment: [('user_events', 0)]
[2025-09-17T10:59:44.081+0000] {consumer.py:250} INFO - Setting newly assigned partitions (('user_events', 0),) for group ***_batch_consumer
[2025-09-17T10:59:44.126+0000] {dags_utils.py:106} INFO - Received message: {
  "type": "user_profile",
  "user_id": 2260,
  "name": "Meagan Black",
  "email": "dorothy20@example.com",
  "birth_date": "2001-02-27",
  "gender": "male",
  "generated_at": "2025-09-17T10:53:23.172233+00:00"
}
[2025-09-17T10:59:44.127+0000] {dags_utils.py:106} INFO - Received message: {
  "type": "user_device",
  "user_id": 2260,
  "device_type": "mobile",
  "os": "Android",
  "browser": "Edge",
  "generated_at": "2025-09-17T10:53:23.172272+00:00"
}
[2025-09-17T10:59:44.127+0000] {dags_utils.py:106} INFO - Received message: {
  "type": "user_location",
  "user_id": 2260,
  "city": "Unknown",
  "country": null,
  "lat": 44.1036865,
  "lon": 97.074377,
  "weather_temp": 19.29,
  "weather_desc": "clear sky",
  "generated_at": "2025-09-17T10:53:23.172294+00:00"
}
[2025-09-17T10:59:44.128+0000] {dags_utils.py:106} INFO - Received message: {
  "type": "campaign_event",
  "user_id": 2260,
  "campaign_id": "camp3",
  "campaign_name": "New Year",
  "channel": "search",
  "action": "click",
  "cost": 359.68,
  "generated_at": "2025-09-17T10:53:23.207132+00:00"
}
[2025-09-17T10:59:44.129+0000] {dags_utils.py:106} INFO - Received message: {
  "type": "event",
  "user_id": 2260,
  "session_id": "9a1a606a-1581-4079-93a9-a32efcdd3ed3",
  "event_type": "view_page",
  "product_id": null,
  "product_name": null,
  "product_category": null,
  "order_id": null,
  "quantity": null,
  "city": "Unknown",
  "country": null,
  "lat": -38.559097,
  "lon": -115.277749,
  "cost_usd": 819.43,
  "cost_eur": 691.62,
  "cost_rub": 67969.72,
  "weather_temp": 11.05,
  "weather_desc": "overcast clouds",
  "timestamp": "2025-09-17T10:53:27.611437+00:00"
}
[2025-09-17T10:59:44.130+0000] {dags_utils.py:106} INFO - Received message: {
  "type": "event",
  "user_id": 2260,
  "session_id": "02c4a5cd-907a-4f5d-b337-0f0642728de0",
  "event_type": "add_to_cart",
  "product_id": 10,
  "product_name": "\u0414\u0436\u0435\u043d\u0433\u0430 \u043d\u0430\u0441\u0442\u043e\u043b\u044c\u043d\u0430\u044f \u0438\u0433\u0440\u0430",
  "product_category": "toys",
  "order_id": "c25bf34c-ee8b-4233-8b92-a1c0c8efd76f",
  "quantity": 1,
  "city": "Unknown",
  "country": null,
  "lat": 56.841694,
  "lon": 62.57659,
  "cost_usd": 999.02,
  "cost_eur": 843.19,
  "cost_rub": 82866.27,
  "weather_temp": 18.36,
  "weather_desc": "broken clouds",
  "timestamp": "2025-09-17T10:53:31.333587+00:00"
}
[2025-09-17T10:59:44.131+0000] {dags_utils.py:106} INFO - Received message: {
  "type": "user_profile",
  "user_id": 878,
  "name": "William Calderon",
  "email": "cynthianielsen@example.com",
  "birth_date": "1960-08-01",
  "gender": "male",
  "generated_at": "2025-09-17T10:54:08.623947+00:00"
}
[2025-09-17T10:59:44.131+0000] {dags_utils.py:106} INFO - Received message: {
  "type": "user_device",
  "user_id": 878,
  "device_type": "desktop",
  "os": "Android",
  "browser": "Firefox",
  "generated_at": "2025-09-17T10:54:08.623972+00:00"
}
[2025-09-17T10:59:44.132+0000] {dags_utils.py:106} INFO - Received message: {
  "type": "user_location",
  "user_id": 878,
  "city": "Unknown",
  "country": null,
  "lat": 45.479888,
  "lon": 97.31996,
  "weather_temp": 12.88,
  "weather_desc": "clear sky",
  "generated_at": "2025-09-17T10:54:08.623986+00:00"
}
[2025-09-17T10:59:44.133+0000] {dags_utils.py:106} INFO - Received message: {
  "type": "event",
  "user_id": 878,
  "session_id": "0bfd2b21-91d4-4284-a5c5-5c9d07a160c3",
  "event_type": "search",
  "product_id": null,
  "product_name": null,
  "product_category": null,
  "order_id": null,
  "quantity": null,
  "city": "Unknown",
  "country": null,
  "lat": 41.4951725,
  "lon": 86.316822,
  "cost_usd": 417.57,
  "cost_eur": 352.44,
  "cost_rub": 34636.41,
  "weather_temp": 25.44,
  "weather_desc": "broken clouds",
  "timestamp": "2025-09-17T10:54:14.896148+00:00"
}
[2025-09-17T10:59:44.133+0000] {dags_utils.py:106} INFO - Received message: {
  "type": "event",
  "user_id": 878,
  "session_id": "333deb01-1c8b-4fae-96ca-f47a25104de1",
  "event_type": "search",
  "product_id": null,
  "product_name": null,
  "product_category": null,
  "order_id": null,
  "quantity": null,
  "city": "Unknown",
  "country": null,
  "lat": -31.083965,
  "lon": -25.191649,
  "cost_usd": 531.14,
  "cost_eur": 448.29,
  "cost_rub": 44056.77,
  "weather_temp": 14.26,
  "weather_desc": "broken clouds",
  "timestamp": "2025-09-17T10:54:19.782149+00:00"
}
[2025-09-17T10:59:44.134+0000] {dags_utils.py:106} INFO - Received message: {
  "type": "user_profile",
  "user_id": 861,
  "name": "Todd Ferrell",
  "email": "umoran@example.org",
  "birth_date": "1996-03-27",
  "gender": "other",
  "generated_at": "2025-09-17T10:55:01.965045+00:00"
}
[2025-09-17T10:59:44.135+0000] {dags_utils.py:106} INFO - Received message: {
  "type": "user_device",
  "user_id": 861,
  "device_type": "desktop",
  "os": "Linux",
  "browser": "Edge",
  "generated_at": "2025-09-17T10:55:01.965073+00:00"
}
[2025-09-17T10:59:44.136+0000] {dags_utils.py:106} INFO - Received message: {
  "type": "user_location",
  "user_id": 861,
  "city": "Unknown",
  "country": null,
  "lat": 51.376902,
  "lon": 83.299502,
  "weather_temp": 16.14,
  "weather_desc": "overcast clouds",
  "generated_at": "2025-09-17T10:55:01.965089+00:00"
}
[2025-09-17T10:59:44.137+0000] {dags_utils.py:106} INFO - Received message: {
  "type": "event",
  "user_id": 861,
  "session_id": "2b5c56da-7c1d-4d00-8dd6-12e3474deaba",
  "event_type": "signup",
  "product_id": null,
  "product_name": null,
  "product_category": null,
  "order_id": null,
  "quantity": null,
  "city": "Unknown",
  "country": null,
  "lat": 88.8008485,
  "lon": 138.764867,
  "cost_usd": 676.66,
  "cost_eur": 571.11,
  "cost_rub": 56127.3,
  "weather_temp": -4.3,
  "weather_desc": "overcast clouds",
  "timestamp": "2025-09-17T10:55:07.087847+00:00"
}
[2025-09-17T10:59:44.137+0000] {dags_utils.py:106} INFO - Received message: {
  "type": "event",
  "user_id": 861,
  "session_id": "db9409ad-bf6c-4301-a36d-d49bdcf71fc8",
  "event_type": "filter",
  "product_id": null,
  "product_name": null,
  "product_category": null,
  "order_id": null,
  "quantity": null,
  "city": "Unknown",
  "country": null,
  "lat": 8.066763,
  "lon": -21.529264,
  "cost_usd": 483.24,
  "cost_eur": 407.86,
  "cost_rub": 40083.58,
  "weather_temp": 26.9,
  "weather_desc": "overcast clouds",
  "timestamp": "2025-09-17T10:55:11.861961+00:00"
}
[2025-09-17T10:59:44.138+0000] {dags_utils.py:106} INFO - Received message: {
  "type": "user_profile",
  "user_id": 1470,
  "name": "Micheal Brown",
  "email": "anita54@example.net",
  "birth_date": "1973-02-12",
  "gender": "male",
  "generated_at": "2025-09-17T10:55:26.651825+00:00"
}
[2025-09-17T10:59:44.139+0000] {dags_utils.py:106} INFO - Received message: {
  "type": "user_device",
  "user_id": 1470,
  "device_type": "tablet",
  "os": "Linux",
  "browser": "Chrome",
  "generated_at": "2025-09-17T10:55:26.651851+00:00"
}
[2025-09-17T10:59:44.140+0000] {dags_utils.py:106} INFO - Received message: {
  "type": "user_location",
  "user_id": 1470,
  "city": "Unknown",
  "country": null,
  "lat": 60.1983865,
  "lon": 116.59151,
  "weather_temp": 1.36,
  "weather_desc": "few clouds",
  "generated_at": "2025-09-17T10:55:26.651874+00:00"
}
[2025-09-17T10:59:44.141+0000] {dags_utils.py:106} INFO - Received message: {
  "type": "event",
  "user_id": 1470,
  "session_id": "1ca82bac-79ab-476c-8fe4-0f0928f515a0",
  "event_type": "logout",
  "product_id": null,
  "product_name": null,
  "product_category": null,
  "order_id": null,
  "quantity": null,
  "city": "Unknown",
  "country": null,
  "lat": -57.505586,
  "lon": 101.711764,
  "cost_usd": 314.32,
  "cost_eur": 265.29,
  "cost_rub": 26072.08,
  "weather_temp": -7.13,
  "weather_desc": "overcast clouds",
  "timestamp": "2025-09-17T10:55:32.122281+00:00"
}
[2025-09-17T10:59:44.141+0000] {dags_utils.py:106} INFO - Received message: {
  "type": "event",
  "user_id": 1470,
  "session_id": "3abaeaac-7b82-4c3f-b99b-f2fb3d72ebad",
  "event_type": "filter",
  "product_id": null,
  "product_name": null,
  "product_category": null,
  "order_id": null,
  "quantity": null,
  "city": "Unknown",
  "country": null,
  "lat": -53.4781385,
  "lon": -118.499955,
  "cost_usd": 425.72,
  "cost_eur": 359.32,
  "cost_rub": 35312.44,
  "weather_temp": 6.64,
  "weather_desc": "light rain",
  "timestamp": "2025-09-17T10:55:37.246508+00:00"
}
[2025-09-17T10:59:44.142+0000] {dags_utils.py:106} INFO - Received message: {
  "type": "user_profile",
  "user_id": 255,
  "name": "Robert Evans",
  "email": "johnsonwilliam@example.org",
  "birth_date": "1965-06-24",
  "gender": "female",
  "generated_at": "2025-09-17T10:55:45.133997+00:00"
}
[2025-09-17T10:59:44.143+0000] {dags_utils.py:106} INFO - Received message: {
  "type": "user_device",
  "user_id": 255,
  "device_type": "mobile",
  "os": "Android",
  "browser": "Firefox",
  "generated_at": "2025-09-17T10:55:45.134018+00:00"
}
[2025-09-17T10:59:44.144+0000] {dags_utils.py:106} INFO - Received message: {
  "type": "user_location",
  "user_id": 255,
  "city": "Unknown",
  "country": null,
  "lat": -40.4196625,
  "lon": 90.18976,
  "weather_temp": 11.07,
  "weather_desc": "scattered clouds",
  "generated_at": "2025-09-17T10:55:45.134029+00:00"
}
[2025-09-17T10:59:44.144+0000] {dags_utils.py:106} INFO - Received message: {
  "type": "event",
  "user_id": 255,
  "session_id": "0b5d57ee-f439-492e-ae27-210bbc091b9f",
  "event_type": "add_to_cart",
  "product_id": 10,
  "product_name": "\u0414\u0436\u0435\u043d\u0433\u0430 \u043d\u0430\u0441\u0442\u043e\u043b\u044c\u043d\u0430\u044f \u0438\u0433\u0440\u0430",
  "product_category": "toys",
  "order_id": "eda420fa-3484-484e-8f21-1618035ea76c",
  "quantity": 3,
  "city": "Unknown",
  "country": null,
  "lat": -38.841096,
  "lon": -142.764742,
  "cost_usd": 650.13,
  "cost_eur": 548.72,
  "cost_rub": 53926.7,
  "weather_temp": 12.38,
  "weather_desc": "light rain",
  "timestamp": "2025-09-17T10:55:49.050841+00:00"
}
[2025-09-17T10:59:44.145+0000] {dags_utils.py:106} INFO - Received message: {
  "type": "event",
  "user_id": 255,
  "session_id": "7f221f75-4ca4-4fec-9358-be82db062ce6",
  "event_type": "view_product",
  "product_id": 14,
  "product_name": "\u0414\u0435\u0442\u0435\u0439\u043b\u0438\u043d\u0433 \u0441\u0440\u0435\u0434\u0441\u0442\u0432\u043e",
  "product_category": "automotive",
  "order_id": null,
  "quantity": null,
  "city": "Unknown",
  "country": null,
  "lat": 33.1135495,
  "lon": -163.385427,
  "cost_usd": 802.01,
  "cost_eur": 676.91,
  "cost_rub": 66524.77,
  "weather_temp": 24.34,
  "weather_desc": "overcast clouds",
  "timestamp": "2025-09-17T10:55:53.396025+00:00"
}
[2025-09-17T10:59:44.146+0000] {dags_utils.py:106} INFO - Received message: {
  "type": "user_profile",
  "user_id": 3485,
  "name": "Kenneth Douglas",
  "email": "avincent@example.org",
  "birth_date": "1969-02-01",
  "gender": "other",
  "generated_at": "2025-09-17T10:56:02.423729+00:00"
}
[2025-09-17T10:59:44.147+0000] {dags_utils.py:106} INFO - Received message: {
  "type": "user_device",
  "user_id": 3485,
  "device_type": "mobile",
  "os": "Linux",
  "browser": "Safari",
  "generated_at": "2025-09-17T10:56:02.423751+00:00"
}
[2025-09-17T10:59:44.147+0000] {dags_utils.py:106} INFO - Received message: {
  "type": "user_location",
  "user_id": 3485,
  "city": "Unknown",
  "country": null,
  "lat": -89.0919275,
  "lon": 69.789539,
  "weather_temp": -39.82,
  "weather_desc": "overcast clouds",
  "generated_at": "2025-09-17T10:56:02.423762+00:00"
}
[2025-09-17T10:59:44.148+0000] {dags_utils.py:106} INFO - Received message: {
  "type": "campaign_event",
  "user_id": 3485,
  "campaign_id": "camp1",
  "campaign_name": "Summer Sale",
  "channel": "email",
  "action": "conversion",
  "cost": 556.99,
  "generated_at": "2025-09-17T10:56:02.430850+00:00"
}
[2025-09-17T10:59:44.149+0000] {dags_utils.py:106} INFO - Received message: {
  "type": "event",
  "user_id": 3485,
  "session_id": "4de7572d-359f-4454-b5c8-b24d363666ae",
  "event_type": "logout",
  "product_id": null,
  "product_name": null,
  "product_category": null,
  "order_id": null,
  "quantity": null,
  "city": "Unknown",
  "country": null,
  "lat": -87.6815825,
  "lon": 98.64382,
  "cost_usd": 729.66,
  "cost_eur": 615.85,
  "cost_rub": 60523.52,
  "weather_temp": -38.79,
  "weather_desc": "overcast clouds",
  "timestamp": "2025-09-17T10:56:07.039884+00:00"
}
[2025-09-17T10:59:44.150+0000] {dags_utils.py:106} INFO - Received message: {
  "type": "event",
  "user_id": 3485,
  "session_id": "00b72d5a-41df-4e64-881c-fc58960d0a69",
  "event_type": "remove_from_cart",
  "product_id": null,
  "product_name": null,
  "product_category": null,
  "order_id": null,
  "quantity": null,
  "city": "Unknown",
  "country": null,
  "lat": -56.4044475,
  "lon": -139.519945,
  "cost_usd": 459.17,
  "cost_eur": 387.55,
  "cost_rub": 38087.03,
  "weather_temp": 4.31,
  "weather_desc": "clear sky",
  "timestamp": "2025-09-17T10:56:11.801850+00:00"
}
[2025-09-17T10:59:44.151+0000] {dags_utils.py:106} INFO - Received message: {
  "type": "user_profile",
  "user_id": 2109,
  "name": "Mary Johnson",
  "email": "vharris@example.org",
  "birth_date": "1981-06-20",
  "gender": "female",
  "generated_at": "2025-09-17T10:56:20.280881+00:00"
}
[2025-09-17T10:59:44.152+0000] {dags_utils.py:106} INFO - Received message: {
  "type": "user_device",
  "user_id": 2109,
  "device_type": "desktop",
  "os": "Windows",
  "browser": "Chrome",
  "generated_at": "2025-09-17T10:56:20.280911+00:00"
}
[2025-09-17T10:59:44.152+0000] {dags_utils.py:106} INFO - Received message: {
  "type": "user_location",
  "user_id": 2109,
  "city": "Unknown",
  "country": null,
  "lat": 46.5369445,
  "lon": 99.209324,
  "weather_temp": 10.61,
  "weather_desc": "clear sky",
  "generated_at": "2025-09-17T10:56:20.280928+00:00"
}
[2025-09-17T10:59:44.153+0000] {dags_utils.py:106} INFO - Received message: {
  "type": "event",
  "user_id": 2109,
  "session_id": "292e7f3b-a897-4549-8ef9-4eb2b0b0492f",
  "event_type": "session_start",
  "product_id": null,
  "product_name": null,
  "product_category": null,
  "order_id": null,
  "quantity": null,
  "city": "Unknown",
  "country": null,
  "lat": -26.3958545,
  "lon": -98.874284,
  "cost_usd": 597.29,
  "cost_eur": 504.12,
  "cost_rub": 49543.75,
  "weather_temp": 16.86,
  "weather_desc": "scattered clouds",
  "timestamp": "2025-09-17T10:56:25.175177+00:00"
}
[2025-09-17T10:59:44.154+0000] {dags_utils.py:106} INFO - Received message: {
  "type": "event",
  "user_id": 2109,
  "session_id": "7352328c-9b77-4bbd-98a5-d418c78351be",
  "event_type": "view_page",
  "product_id": null,
  "product_name": null,
  "product_category": null,
  "order_id": null,
  "quantity": null,
  "city": "Unknown",
  "country": null,
  "lat": -46.0767565,
  "lon": 36.083678,
  "cost_usd": 103.51,
  "cost_eur": 87.36,
  "cost_rub": 8585.9,
  "weather_temp": 2.47,
  "weather_desc": "light rain",
  "timestamp": "2025-09-17T10:56:29.132478+00:00"
}
[2025-09-17T10:59:44.155+0000] {dags_utils.py:106} INFO - Received message: {
  "type": "user_profile",
  "user_id": 3894,
  "name": "Vanessa Crosby",
  "email": "morgandavid@example.net",
  "birth_date": "1952-03-03",
  "gender": "male",
  "generated_at": "2025-09-17T10:56:39.448076+00:00"
}
[2025-09-17T10:59:44.155+0000] {dags_utils.py:106} INFO - Received message: {
  "type": "user_device",
  "user_id": 3894,
  "device_type": "tablet",
  "os": "Linux",
  "browser": "Edge",
  "generated_at": "2025-09-17T10:56:39.448096+00:00"
}
[2025-09-17T10:59:44.156+0000] {dags_utils.py:106} INFO - Received message: {
  "type": "user_location",
  "user_id": 3894,
  "city": "Unknown",
  "country": null,
  "lat": -89.5408535,
  "lon": 166.482615,
  "weather_temp": -37.69,
  "weather_desc": "overcast clouds",
  "generated_at": "2025-09-17T10:56:39.448109+00:00"
}
[2025-09-17T10:59:44.157+0000] {dags_utils.py:106} INFO - Received message: {
  "type": "event",
  "user_id": 3894,
  "session_id": "d3ca301f-6773-4112-bf41-b9d1b20f5d57",
  "event_type": "signup",
  "product_id": null,
  "product_name": null,
  "product_category": null,
  "order_id": null,
  "quantity": null,
  "city": "Unknown",
  "country": null,
  "lat": 52.7397495,
  "lon": 128.853123,
  "cost_usd": 839.06,
  "cost_eur": 708.18,
  "cost_rub": 69597.98,
  "weather_temp": 7.81,
  "weather_desc": "broken clouds",
  "timestamp": "2025-09-17T10:56:44.046638+00:00"
}
[2025-09-17T10:59:44.158+0000] {dags_utils.py:106} INFO - Received message: {
  "type": "event",
  "user_id": 3894,
  "session_id": "ada7fe1d-1543-4475-a068-0dd19f24471a",
  "event_type": "purchase",
  "product_id": 13,
  "product_name": "\u0412\u0430\u0437\u0430",
  "product_category": "home",
  "order_id": "e6d764ca-9029-4852-aaae-e432c0491d23",
  "quantity": 1,
  "city": "Unknown",
  "country": null,
  "lat": 77.919373,
  "lon": -109.572456,
  "cost_usd": 407.73,
  "cost_eur": 344.13,
  "cost_rub": 33820.21,
  "weather_temp": -8.66,
  "weather_desc": "scattered clouds",
  "timestamp": "2025-09-17T10:56:47.134430+00:00"
}
[2025-09-17T10:59:44.159+0000] {dags_utils.py:106} INFO - Received message: {
  "type": "order",
  "order_id": "e6d764ca-9029-4852-aaae-e432c0491d23",
  "user_id": 3894,
  "order_ts": "2025-09-17T10:56:47.135602+00:00",
  "total_usd": 18.38,
  "generated_at": "2025-09-17T10:56:47.135614+00:00"
}
[2025-09-17T10:59:44.160+0000] {dags_utils.py:106} INFO - Received message: {
  "type": "order_item",
  "order_id": "e6d764ca-9029-4852-aaae-e432c0491d23",
  "product_id": 13,
  "quantity": 1,
  "price_usd": 18.38,
  "generated_at": "2025-09-17T10:56:47.135618+00:00"
}
[2025-09-17T10:59:44.160+0000] {dags_utils.py:106} INFO - Received message: {
  "type": "order_status",
  "order_id": "e6d764ca-9029-4852-aaae-e432c0491d23",
  "status": "pending",
  "generated_at": "2025-09-17T10:56:47.136147+00:00"
}
[2025-09-17T10:59:44.161+0000] {dags_utils.py:106} INFO - Received message: {
  "type": "user_profile",
  "user_id": 4034,
  "name": "Victoria White",
  "email": "probertson@example.org",
  "birth_date": "1949-01-29",
  "gender": "male",
  "generated_at": "2025-09-17T10:56:53.726472+00:00"
}
[2025-09-17T10:59:44.161+0000] {dags_utils.py:106} INFO - Received message: {
  "type": "user_device",
  "user_id": 4034,
  "device_type": "desktop",
  "os": "Linux",
  "browser": "Chrome",
  "generated_at": "2025-09-17T10:56:53.726498+00:00"
}
[2025-09-17T10:59:44.162+0000] {dags_utils.py:106} INFO - Received message: {
  "type": "user_location",
  "user_id": 4034,
  "city": "Unknown",
  "country": null,
  "lat": 10.3226785,
  "lon": 84.842733,
  "weather_temp": 28.9,
  "weather_desc": "few clouds",
  "generated_at": "2025-09-17T10:56:53.726509+00:00"
}
[2025-09-17T10:59:44.163+0000] {dags_utils.py:106} INFO - Received message: {
  "type": "event",
  "user_id": 4034,
  "session_id": "83b04921-c865-480a-b10a-42a58a79a64f",
  "event_type": "view_page",
  "product_id": null,
  "product_name": null,
  "product_category": null,
  "order_id": null,
  "quantity": null,
  "city": "Unknown",
  "country": null,
  "lat": 46.2816535,
  "lon": -139.90521,
  "cost_usd": 462.3,
  "cost_eur": 390.19,
  "cost_rub": 38346.66,
  "weather_temp": 15.56,
  "weather_desc": "broken clouds",
  "timestamp": "2025-09-17T10:56:56.671393+00:00"
}
[2025-09-17T10:59:44.163+0000] {dags_utils.py:106} INFO - Received message: {
  "type": "event",
  "user_id": 4034,
  "session_id": "108bdd73-2953-47f5-88e5-bb90bff8fc8f",
  "event_type": "remove_from_cart",
  "product_id": null,
  "product_name": null,
  "product_category": null,
  "order_id": null,
  "quantity": null,
  "city": "Unknown",
  "country": null,
  "lat": 54.2671435,
  "lon": 177.613388,
  "cost_usd": 401.52,
  "cost_eur": 338.89,
  "cost_rub": 33305.1,
  "weather_temp": 9.75,
  "weather_desc": "scattered clouds",
  "timestamp": "2025-09-17T10:56:59.633959+00:00"
}
[2025-09-17T10:59:44.206+0000] {dags_utils.py:106} INFO - Received message: {
  "type": "user_profile",
  "user_id": 1165,
  "name": "Jeffery Davies",
  "email": "jennifermyers@example.net",
  "birth_date": "1947-03-23",
  "gender": "other",
  "generated_at": "2025-09-17T10:57:06.150336+00:00"
}
[2025-09-17T10:59:44.206+0000] {dags_utils.py:106} INFO - Received message: {
  "type": "user_device",
  "user_id": 1165,
  "device_type": "mobile",
  "os": "Linux",
  "browser": "Edge",
  "generated_at": "2025-09-17T10:57:06.150358+00:00"
}
[2025-09-17T10:59:44.207+0000] {dags_utils.py:106} INFO - Received message: {
  "type": "user_location",
  "user_id": 1165,
  "city": "Unknown",
  "country": null,
  "lat": 55.4816075,
  "lon": 161.843655,
  "weather_temp": 7.85,
  "weather_desc": "broken clouds",
  "generated_at": "2025-09-17T10:57:06.150370+00:00"
}
[2025-09-17T10:59:44.208+0000] {dags_utils.py:106} INFO - Received message: {
  "type": "campaign_event",
  "user_id": 1165,
  "campaign_id": "camp5",
  "campaign_name": "Winter Discount",
  "channel": "social",
  "action": "conversion",
  "cost": 719.78,
  "generated_at": "2025-09-17T10:57:06.157032+00:00"
}
[2025-09-17T10:59:44.209+0000] {dags_utils.py:106} INFO - Received message: {
  "type": "event",
  "user_id": 1165,
  "session_id": "32b12962-1806-4504-98a5-bb033f696a03",
  "event_type": "session_end",
  "product_id": null,
  "product_name": null,
  "product_category": null,
  "order_id": null,
  "quantity": null,
  "city": "Unknown",
  "country": null,
  "lat": 33.673859,
  "lon": -21.393019,
  "cost_usd": 750.3,
  "cost_eur": 633.27,
  "cost_rub": 62235.56,
  "weather_temp": 23.3,
  "weather_desc": "overcast clouds",
  "timestamp": "2025-09-17T10:57:19.209332+00:00"
}
[2025-09-17T10:59:44.209+0000] {dags_utils.py:106} INFO - Received message: {
  "type": "event",
  "user_id": 1165,
  "session_id": "a0abaff5-a56e-47dd-9782-598867b48c58",
  "event_type": "session_end",
  "product_id": null,
  "product_name": null,
  "product_category": null,
  "order_id": null,
  "quantity": null,
  "city": "Unknown",
  "country": null,
  "lat": 47.397894,
  "lon": -0.103267,
  "cost_usd": 65.88,
  "cost_eur": 55.6,
  "cost_rub": 5464.59,
  "weather_temp": 20.17,
  "weather_desc": "broken clouds",
  "timestamp": "2025-09-17T10:57:38.668525+00:00"
}
[2025-09-17T10:59:44.210+0000] {dags_utils.py:106} INFO - Received message: {
  "type": "user_profile",
  "user_id": 4800,
  "name": "Laura Burnett",
  "email": "washingtonmatthew@example.com",
  "birth_date": "1992-04-23",
  "gender": "male",
  "generated_at": "2025-09-17T10:57:47.988999+00:00"
}
[2025-09-17T10:59:44.211+0000] {dags_utils.py:106} INFO - Received message: {
  "type": "user_device",
  "user_id": 4800,
  "device_type": "mobile",
  "os": "Android",
  "browser": "Safari",
  "generated_at": "2025-09-17T10:57:47.989022+00:00"
}
[2025-09-17T10:59:44.212+0000] {dags_utils.py:106} INFO - Received message: {
  "type": "user_location",
  "user_id": 4800,
  "city": "Unknown",
  "country": null,
  "lat": 61.071751,
  "lon": -139.335532,
  "weather_temp": 4.49,
  "weather_desc": "light rain",
  "generated_at": "2025-09-17T10:57:47.989033+00:00"
}
[2025-09-17T10:59:44.212+0000] {dags_utils.py:106} INFO - Received message: {
  "type": "event",
  "user_id": 4800,
  "session_id": "613a7005-00b4-4727-9e0b-9ad7f4c817b9",
  "event_type": "filter",
  "product_id": null,
  "product_name": null,
  "product_category": null,
  "order_id": null,
  "quantity": null,
  "city": "Unknown",
  "country": null,
  "lat": -6.6929075,
  "lon": 18.813691,
  "cost_usd": 625.65,
  "cost_eur": 528.06,
  "cost_rub": 51896.14,
  "weather_temp": 33.47,
  "weather_desc": "overcast clouds",
  "timestamp": "2025-09-17T10:57:50.992103+00:00"
}
[2025-09-17T10:59:44.213+0000] {dags_utils.py:106} INFO - Received message: {
  "type": "event",
  "user_id": 4800,
  "session_id": "28b00e3b-0f4c-40e8-9f92-e8e14788d8e3",
  "event_type": "filter",
  "product_id": null,
  "product_name": null,
  "product_category": null,
  "order_id": null,
  "quantity": null,
  "city": "Unknown",
  "country": null,
  "lat": 72.8498535,
  "lon": -121.628567,
  "cost_usd": 966.38,
  "cost_eur": 815.64,
  "cost_rub": 80158.86,
  "weather_temp": 0.23,
  "weather_desc": "clear sky",
  "timestamp": "2025-09-17T10:57:54.685234+00:00"
}
[2025-09-17T10:59:44.214+0000] {dags_utils.py:106} INFO - Received message: {
  "type": "user_profile",
  "user_id": 4537,
  "name": "Brandon Lopez",
  "email": "anthony75@example.org",
  "birth_date": "1998-06-20",
  "gender": "other",
  "generated_at": "2025-09-17T10:58:03.229889+00:00"
}
[2025-09-17T10:59:44.214+0000] {dags_utils.py:106} INFO - Received message: {
  "type": "user_device",
  "user_id": 4537,
  "device_type": "tablet",
  "os": "MacOS",
  "browser": "Safari",
  "generated_at": "2025-09-17T10:58:03.229926+00:00"
}
[2025-09-17T10:59:44.215+0000] {dags_utils.py:106} INFO - Received message: {
  "type": "user_location",
  "user_id": 4537,
  "city": "Unknown",
  "country": null,
  "lat": -65.729334,
  "lon": 27.899215,
  "weather_temp": -19.48,
  "weather_desc": "overcast clouds",
  "generated_at": "2025-09-17T10:58:03.229950+00:00"
}
[2025-09-17T10:59:44.216+0000] {dags_utils.py:106} INFO - Received message: {
  "type": "event",
  "user_id": 4537,
  "session_id": "43c9e83c-0405-42d0-ab48-e965b7c1c0a7",
  "event_type": "view_page",
  "product_id": null,
  "product_name": null,
  "product_category": null,
  "order_id": null,
  "quantity": null,
  "city": "Unknown",
  "country": null,
  "lat": -42.893163,
  "lon": 150.147545,
  "cost_usd": 338.59,
  "cost_eur": 285.78,
  "cost_rub": 28085.21,
  "weather_temp": 11.32,
  "weather_desc": "few clouds",
  "timestamp": "2025-09-17T10:58:06.477723+00:00"
}
[2025-09-17T10:59:44.216+0000] {dags_utils.py:106} INFO - Received message: {
  "type": "event",
  "user_id": 4537,
  "session_id": "f63f1020-b10d-4022-a1d3-2b14650bdcd7",
  "event_type": "remove_from_cart",
  "product_id": null,
  "product_name": null,
  "product_category": null,
  "order_id": null,
  "quantity": null,
  "city": "Unknown",
  "country": null,
  "lat": -78.7334035,
  "lon": -132.308987,
  "cost_usd": 826.94,
  "cost_eur": 697.95,
  "cost_rub": 68592.66,
  "weather_temp": -16.62,
  "weather_desc": "broken clouds",
  "timestamp": "2025-09-17T10:58:09.321637+00:00"
}
[2025-09-17T10:59:44.217+0000] {dags_utils.py:106} INFO - Received message: {
  "type": "user_profile",
  "user_id": 2478,
  "name": "Carly Pena",
  "email": "yjacobs@example.com",
  "birth_date": "2004-10-09",
  "gender": "male",
  "generated_at": "2025-09-17T10:58:16.090879+00:00"
}
[2025-09-17T10:59:44.218+0000] {dags_utils.py:106} INFO - Received message: {
  "type": "user_device",
  "user_id": 2478,
  "device_type": "tablet",
  "os": "Windows",
  "browser": "Chrome",
  "generated_at": "2025-09-17T10:58:16.090921+00:00"
}
[2025-09-17T10:59:44.218+0000] {dags_utils.py:106} INFO - Received message: {
  "type": "user_location",
  "user_id": 2478,
  "city": "Unknown",
  "country": null,
  "lat": 59.682085,
  "lon": -122.279726,
  "weather_temp": 10.05,
  "weather_desc": "broken clouds",
  "generated_at": "2025-09-17T10:58:16.090952+00:00"
}
[2025-09-17T10:59:44.219+0000] {dags_utils.py:106} INFO - Received message: {
  "type": "event",
  "user_id": 2478,
  "session_id": "f4beeae7-41a1-4a56-a2c9-2024d0956112",
  "event_type": "add_to_cart",
  "product_id": 1,
  "product_name": "Redmond \u0424\u0435\u043d",
  "product_category": "electronics",
  "order_id": "5e013287-a26c-428f-895b-3a5c68ed1d8e",
  "quantity": 2,
  "city": "Unknown",
  "country": null,
  "lat": -63.857566,
  "lon": -101.62235,
  "cost_usd": 830.18,
  "cost_eur": 700.69,
  "cost_rub": 68861.41,
  "weather_temp": 0.9,
  "weather_desc": "overcast clouds",
  "timestamp": "2025-09-17T10:58:19.796432+00:00"
}
[2025-09-17T10:59:44.219+0000] {dags_utils.py:106} INFO - Received message: {
  "type": "event",
  "user_id": 2478,
  "session_id": "6c2602ab-c5f3-49c9-a85d-ba1450b94d2b",
  "event_type": "session_end",
  "product_id": null,
  "product_name": null,
  "product_category": null,
  "order_id": null,
  "quantity": null,
  "city": "Unknown",
  "country": null,
  "lat": -55.286866,
  "lon": 50.890885,
  "cost_usd": 539.94,
  "cost_eur": 455.72,
  "cost_rub": 44786.71,
  "weather_temp": 0.43,
  "weather_desc": "overcast clouds",
  "timestamp": "2025-09-17T10:58:23.569595+00:00"
}
[2025-09-17T10:59:44.220+0000] {dags_utils.py:106} INFO - Received message: {
  "type": "user_profile",
  "user_id": 3415,
  "name": "Brenda Cain",
  "email": "carterkelly@example.net",
  "birth_date": "1989-09-11",
  "gender": "other",
  "generated_at": "2025-09-17T10:58:30.901952+00:00"
}
[2025-09-17T10:59:44.221+0000] {dags_utils.py:106} INFO - Received message: {
  "type": "user_device",
  "user_id": 3415,
  "device_type": "mobile",
  "os": "Windows",
  "browser": "Edge",
  "generated_at": "2025-09-17T10:58:30.901981+00:00"
}
[2025-09-17T10:59:44.221+0000] {dags_utils.py:106} INFO - Received message: {
  "type": "user_location",
  "user_id": 3415,
  "city": "Unknown",
  "country": null,
  "lat": 70.599479,
  "lon": -115.011105,
  "weather_temp": 1.51,
  "weather_desc": "overcast clouds",
  "generated_at": "2025-09-17T10:58:30.901996+00:00"
}
[2025-09-17T10:59:44.222+0000] {dags_utils.py:106} INFO - Received message: {
  "type": "event",
  "user_id": 3415,
  "session_id": "b8d4ba87-bba9-430c-b246-8299dc252599",
  "event_type": "session_start",
  "product_id": null,
  "product_name": null,
  "product_category": null,
  "order_id": null,
  "quantity": null,
  "city": "Unknown",
  "country": null,
  "lat": -64.889426,
  "lon": 49.062701,
  "cost_usd": 594.13,
  "cost_eur": 501.46,
  "cost_rub": 49281.63,
  "weather_temp": -15.11,
  "weather_desc": "overcast clouds",
  "timestamp": "2025-09-17T10:58:34.329656+00:00"
}
[2025-09-17T10:59:44.223+0000] {dags_utils.py:106} INFO - Received message: {
  "type": "event",
  "user_id": 3415,
  "session_id": "8741210e-fe76-48f7-b3de-09c78b8a2514",
  "event_type": "filter",
  "product_id": null,
  "product_name": null,
  "product_category": null,
  "order_id": null,
  "quantity": null,
  "city": "Unknown",
  "country": null,
  "lat": -34.13732,
  "lon": 57.61886,
  "cost_usd": 179.09,
  "cost_eur": 151.16,
  "cost_rub": 14855.08,
  "weather_temp": 17.82,
  "weather_desc": "overcast clouds",
  "timestamp": "2025-09-17T10:58:37.280575+00:00"
}
[2025-09-17T11:00:14.240+0000] {dags_utils.py:194} INFO - [SUCCESS] Consumer finished and flushed buffers
[2025-09-17T11:00:14.245+0000] {base.py:1052} INFO - Stopping heartbeat thread
[2025-09-17T11:00:14.246+0000] {base.py:891} INFO - Leaving consumer group (***_batch_consumer).
[2025-09-17T11:00:14.252+0000] {base.py:907} INFO - LeaveGroup request for group ***_batch_consumer returned successfully
[2025-09-17T11:00:14.253+0000] {conn.py:945} INFO - <BrokerConnection client_id=kafka-python-2.2.15, node_id=1 host=kafka:29092 <connected> [IPv4 ('172.23.0.2', 29092)]>: Closing connection. 
[2025-09-17T11:00:14.254+0000] {fetcher.py:786} INFO - Fetch to node 1 failed: Cancelled: <BrokerConnection client_id=kafka-python-2.2.15, node_id=1 host=kafka:29092 <connected> [IPv4 ('172.23.0.2', 29092)]>
[2025-09-17T11:00:14.254+0000] {conn.py:945} INFO - <BrokerConnection client_id=kafka-python-2.2.15, node_id=coordinator-1 host=kafka:29092 <connected> [IPv4 ('172.23.0.2', 29092)]>: Closing connection. 
[2025-09-17T11:00:14.255+0000] {python.py:183} INFO - Done. Returned value was: None
[2025-09-17T11:00:14.270+0000] {taskinstance.py:1350} INFO - Marking task as SUCCESS. dag_id=kafka_to_postgres_batch, task_id=consume_and_save_batch, execution_date=20250917T105917, start_date=20250917T105939, end_date=20250917T110014
[2025-09-17T11:00:14.272+0000] {logging_mixin.py:150} WARNING - /home/***/.local/lib/python3.7/site-packages/***/utils/context.py:205 AirflowContextDeprecationWarning: Accessing 'execution_date' from the template is deprecated and will be removed in a future version. Please use 'data_interval_start' or 'logical_date' instead.
[2025-09-17T11:00:14.729+0000] {local_task_job_runner.py:225} INFO - Task exited with return code 0
[2025-09-17T11:00:14.793+0000] {taskinstance.py:2653} INFO - 0 downstream tasks scheduled from follow-on schedule check
