[2025-09-03T16:53:11.405+0000] {taskinstance.py:1103} INFO - Dependencies all met for dep_context=non-requeueable deps ti=<TaskInstance: kafka_to_postgres_batch.consume_and_save_batch manual__2025-09-03T16:38:40.717967+00:00 [queued]>
[2025-09-03T16:53:11.442+0000] {taskinstance.py:1103} INFO - Dependencies all met for dep_context=requeueable deps ti=<TaskInstance: kafka_to_postgres_batch.consume_and_save_batch manual__2025-09-03T16:38:40.717967+00:00 [queued]>
[2025-09-03T16:53:11.443+0000] {taskinstance.py:1308} INFO - Starting attempt 3 of 4
[2025-09-03T16:53:11.514+0000] {taskinstance.py:1327} INFO - Executing <Task(PythonOperator): consume_and_save_batch> on 2025-09-03 16:38:40.717967+00:00
[2025-09-03T16:53:11.585+0000] {standard_task_runner.py:57} INFO - Started process 197 to run task
[2025-09-03T16:53:11.606+0000] {standard_task_runner.py:84} INFO - Running: ['***', 'tasks', 'run', 'kafka_to_postgres_batch', 'consume_and_save_batch', 'manual__2025-09-03T16:38:40.717967+00:00', '--job-id', '199', '--raw', '--subdir', 'DAGS_FOLDER/dags.py', '--cfg-path', '/tmp/tmpy_gpavdy']
[2025-09-03T16:53:11.628+0000] {standard_task_runner.py:85} INFO - Job 199: Subtask consume_and_save_batch
[2025-09-03T16:53:11.952+0000] {logging_mixin.py:150} WARNING - /home/***/.local/lib/python3.7/site-packages/***/settings.py:195 DeprecationWarning: The sql_alchemy_conn option in [core] has been moved to the sql_alchemy_conn option in [database] - the old setting has been used, but please update your config.
[2025-09-03T16:53:12.112+0000] {task_command.py:410} INFO - Running <TaskInstance: kafka_to_postgres_batch.consume_and_save_batch manual__2025-09-03T16:38:40.717967+00:00 [running]> on host 566c672cfab0
[2025-09-03T16:53:18.663+0000] {taskinstance.py:1547} INFO - Exporting env vars: AIRFLOW_CTX_DAG_OWNER='***' AIRFLOW_CTX_DAG_ID='kafka_to_postgres_batch' AIRFLOW_CTX_TASK_ID='consume_and_save_batch' AIRFLOW_CTX_EXECUTION_DATE='2025-09-03T16:38:40.717967+00:00' AIRFLOW_CTX_TRY_NUMBER='3' AIRFLOW_CTX_DAG_RUN_ID='manual__2025-09-03T16:38:40.717967+00:00'
[2025-09-03T16:53:18.678+0000] {conn.py:397} INFO - <BrokerConnection client_id=kafka-python-2.2.15, node_id=bootstrap-0 host=kafka:9092 <connecting> [IPv4 ('172.23.0.5', 9092)]>: connecting to kafka:9092 [('172.23.0.5', 9092) IPv4]
[2025-09-03T16:53:18.850+0000] {conn.py:618} INFO - <BrokerConnection client_id=kafka-python-2.2.15, node_id=bootstrap-0 host=kafka:9092 <checking_api_versions_recv> [IPv4 ('172.23.0.5', 9092)]>: Broker version identified as 2.6
[2025-09-03T16:53:18.852+0000] {conn.py:457} INFO - <BrokerConnection client_id=kafka-python-2.2.15, node_id=bootstrap-0 host=kafka:9092 <connected> [IPv4 ('172.23.0.5', 9092)]>: Connection complete.
[2025-09-03T16:53:18.871+0000] {subscription_state.py:181} INFO - Updating subscribed topics to: ('user_events',)
[2025-09-03T16:53:19.094+0000] {conn.py:397} INFO - <BrokerConnection client_id=kafka-python-2.2.15, node_id=1 host=kafka:9092 <connecting> [IPv4 ('172.23.0.5', 9092)]>: connecting to kafka:9092 [('172.23.0.5', 9092) IPv4]
[2025-09-03T16:53:19.098+0000] {conn.py:457} INFO - <BrokerConnection client_id=kafka-python-2.2.15, node_id=1 host=kafka:9092 <connected> [IPv4 ('172.23.0.5', 9092)]>: Connection complete.
[2025-09-03T16:53:19.100+0000] {conn.py:945} INFO - <BrokerConnection client_id=kafka-python-2.2.15, node_id=bootstrap-0 host=kafka:9092 <connected> [IPv4 ('172.23.0.5', 9092)]>: Closing connection. 
[2025-09-03T16:53:19.543+0000] {cluster.py:401} INFO - Coordinator for group/***_batch_consumer is ('coordinator-1', 'kafka', 9092, None)
[2025-09-03T16:53:19.546+0000] {base.py:789} INFO - Discovered coordinator coordinator-1 for group ***_batch_consumer
[2025-09-03T16:53:19.549+0000] {base.py:848} INFO - Starting new heartbeat thread
[2025-09-03T16:53:19.556+0000] {consumer.py:366} INFO - Revoking previously assigned partitions () for group ***_batch_consumer
[2025-09-03T16:53:19.560+0000] {base.py:419} INFO - Failed to join group ***_batch_consumer: NodeNotReadyError: coordinator-1
[2025-09-03T16:53:19.564+0000] {conn.py:397} INFO - <BrokerConnection client_id=kafka-python-2.2.15, node_id=coordinator-1 host=kafka:9092 <connecting> [IPv4 ('172.23.0.5', 9092)]>: connecting to kafka:9092 [('172.23.0.5', 9092) IPv4]
[2025-09-03T16:53:19.568+0000] {conn.py:457} INFO - <BrokerConnection client_id=kafka-python-2.2.15, node_id=coordinator-1 host=kafka:9092 <connected> [IPv4 ('172.23.0.5', 9092)]>: Connection complete.
[2025-09-03T16:53:19.670+0000] {base.py:532} INFO - (Re-)joining group ***_batch_consumer
[2025-09-03T16:53:19.722+0000] {base.py:638} INFO - Received member id kafka-python-2.2.15-69cbea34-dfe6-40fc-8cf0-5997ac275339 for group ***_batch_consumer; will retry join-group
[2025-09-03T16:53:19.724+0000] {base.py:419} INFO - Failed to join group ***_batch_consumer: [Error 79] MemberIdRequiredError
[2025-09-03T16:53:19.725+0000] {base.py:532} INFO - (Re-)joining group ***_batch_consumer
[2025-09-03T16:53:22.762+0000] {base.py:594} INFO - Successfully joined group ***_batch_consumer <Generation 1 (member_id: kafka-python-2.2.15-69cbea34-dfe6-40fc-8cf0-5997ac275339, protocol: range)>
[2025-09-03T16:53:22.764+0000] {base.py:597} INFO - Elected group leader -- performing partition assignments using range
[2025-09-03T16:53:23.007+0000] {subscription_state.py:254} INFO - Updated partition assignment: [('user_events', 0)]
[2025-09-03T16:53:23.009+0000] {consumer.py:250} INFO - Setting newly assigned partitions (('user_events', 0),) for group ***_batch_consumer
[2025-09-03T16:53:23.101+0000] {fetcher.py:418} INFO - Resetting offset for partition ('user_events', 0) to offset 1.
[2025-09-03T16:54:36.830+0000] {local_task_job_runner.py:292} WARNING - State of this instance has been externally set to restarting. Terminating instance.
[2025-09-03T16:54:36.898+0000] {process_utils.py:135} INFO - Sending Signals.SIGTERM to group 197. PIDs of all processes in the group: [197]
[2025-09-03T16:54:36.902+0000] {process_utils.py:86} INFO - Sending the signal Signals.SIGTERM to group 197
[2025-09-03T16:54:36.917+0000] {taskinstance.py:1517} ERROR - Received SIGTERM. Terminating subprocesses.
[2025-09-03T16:54:37.354+0000] {taskinstance.py:1824} ERROR - Task failed with exception
Traceback (most recent call last):
  File "/home/airflow/.local/lib/python3.7/site-packages/airflow/operators/python.py", line 181, in execute
    return_value = self.execute_callable()
  File "/home/airflow/.local/lib/python3.7/site-packages/airflow/operators/python.py", line 198, in execute_callable
    return self.python_callable(*self.op_args, **self.op_kwargs)
  File "/opt/airflow/dags/dags_utils.py", line 43, in consume_and_save
    for i, message in enumerate(consumer):
  File "/home/airflow/.local/lib/python3.7/site-packages/kafka/consumer/group.py", line 1188, in __next__
    return next(self._iterator)
  File "/home/airflow/.local/lib/python3.7/site-packages/kafka/consumer/group.py", line 1160, in _message_generator_v2
    record_map = self.poll(timeout_ms=timeout_ms, update_offsets=False)
  File "/home/airflow/.local/lib/python3.7/site-packages/kafka/consumer/group.py", line 684, in poll
    records = self._poll_once(timer, max_records, update_offsets=update_offsets)
  File "/home/airflow/.local/lib/python3.7/site-packages/kafka/consumer/group.py", line 731, in _poll_once
    self._client.poll(timeout_ms=poll_timeout_ms)
  File "/home/airflow/.local/lib/python3.7/site-packages/kafka/client_async.py", line 685, in poll
    self._poll(timeout / 1000)
  File "/home/airflow/.local/lib/python3.7/site-packages/kafka/client_async.py", line 728, in _poll
    ready = self._selector.select(timeout)
  File "/usr/local/lib/python3.7/selectors.py", line 468, in select
    fd_event_list = self._selector.poll(timeout, max_ev)
  File "/home/airflow/.local/lib/python3.7/site-packages/airflow/models/taskinstance.py", line 1519, in signal_handler
    raise AirflowException("Task received SIGTERM signal")
airflow.exceptions.AirflowException: Task received SIGTERM signal
[2025-09-03T16:54:37.486+0000] {taskinstance.py:1350} INFO - Marking task as UP_FOR_RETRY. dag_id=kafka_to_postgres_batch, task_id=consume_and_save_batch, execution_date=20250903T163840, start_date=20250903T165311, end_date=20250903T165437
[2025-09-03T16:54:37.703+0000] {standard_task_runner.py:109} ERROR - Failed to execute job 199 for task consume_and_save_batch (Task received SIGTERM signal; 197)
[2025-09-03T16:54:37.762+0000] {process_utils.py:79} INFO - Process psutil.Process(pid=197, status='terminated', exitcode=1, started='16:53:10') (197) terminated with exit code 1
