[2025-09-11T17:13:13.637+0000] {logging_mixin.py:150} WARNING - /home/***/.local/lib/python3.7/site-packages/***/utils/sqlalchemy.py:124 DeprecationWarning: The sql_alchemy_conn option in [core] has been moved to the sql_alchemy_conn option in [database] - the old setting has been used, but please update your config.
[2025-09-11T17:13:13.729+0000] {taskinstance.py:1103} INFO - Dependencies all met for dep_context=non-requeueable deps ti=<TaskInstance: raw_to_dds.load_users scheduled__2025-09-11T16:13:09.495328+00:00 [queued]>
[2025-09-11T17:13:13.744+0000] {taskinstance.py:1103} INFO - Dependencies all met for dep_context=requeueable deps ti=<TaskInstance: raw_to_dds.load_users scheduled__2025-09-11T16:13:09.495328+00:00 [queued]>
[2025-09-11T17:13:13.744+0000] {taskinstance.py:1308} INFO - Starting attempt 1 of 3
[2025-09-11T17:13:13.767+0000] {taskinstance.py:1327} INFO - Executing <Task(PostgresOperator): load_users> on 2025-09-11 16:13:09.495328+00:00
[2025-09-11T17:13:13.776+0000] {standard_task_runner.py:57} INFO - Started process 706 to run task
[2025-09-11T17:13:13.781+0000] {standard_task_runner.py:84} INFO - Running: ['***', 'tasks', 'run', 'raw_to_dds', 'load_users', 'scheduled__2025-09-11T16:13:09.495328+00:00', '--job-id', '143', '--raw', '--subdir', 'DAGS_FOLDER/raw_to_dds.py', '--cfg-path', '/tmp/tmpzwod7vbr']
[2025-09-11T17:13:13.784+0000] {standard_task_runner.py:85} INFO - Job 143: Subtask load_users
[2025-09-11T17:13:13.836+0000] {logging_mixin.py:150} WARNING - /home/***/.local/lib/python3.7/site-packages/***/settings.py:195 DeprecationWarning: The sql_alchemy_conn option in [core] has been moved to the sql_alchemy_conn option in [database] - the old setting has been used, but please update your config.
[2025-09-11T17:13:13.963+0000] {task_command.py:410} INFO - Running <TaskInstance: raw_to_dds.load_users scheduled__2025-09-11T16:13:09.495328+00:00 [running]> on host c905ba028b15
[2025-09-11T17:13:13.985+0000] {logging_mixin.py:150} WARNING - /home/***/.local/lib/python3.7/site-packages/***/utils/sqlalchemy.py:124 DeprecationWarning: The sql_alchemy_conn option in [core] has been moved to the sql_alchemy_conn option in [database] - the old setting has been used, but please update your config.
[2025-09-11T17:13:14.186+0000] {taskinstance.py:1547} INFO - Exporting env vars: AIRFLOW_CTX_DAG_OWNER='***' AIRFLOW_CTX_DAG_ID='raw_to_dds' AIRFLOW_CTX_TASK_ID='load_users' AIRFLOW_CTX_EXECUTION_DATE='2025-09-11T16:13:09.495328+00:00' AIRFLOW_CTX_TRY_NUMBER='1' AIRFLOW_CTX_DAG_RUN_ID='scheduled__2025-09-11T16:13:09.495328+00:00'
[2025-09-11T17:13:14.187+0000] {sql.py:265} INFO - Executing: 
        INSERT INTO dds.users (user_id)
        SELECT DISTINCT user_id
        FROM raw.events
        WHERE user_id IS NOT NULL
        ON CONFLICT (user_id) DO NOTHING;
        
[2025-09-11T17:13:14.206+0000] {base.py:73} INFO - Using connection ID 'postgres_default' for task execution.
[2025-09-11T17:13:14.500+0000] {base.py:73} INFO - Using connection ID 'postgres_default' for task execution.
[2025-09-11T17:13:14.510+0000] {sql.py:375} INFO - Running statement: 
        INSERT INTO dds.users (user_id)
        SELECT DISTINCT user_id
        FROM raw.events
        WHERE user_id IS NOT NULL
        ON CONFLICT (user_id) DO NOTHING;
        , parameters: None
[2025-09-11T17:13:14.528+0000] {sql.py:384} INFO - Rows affected: 0
[2025-09-11T17:13:14.549+0000] {taskinstance.py:1350} INFO - Marking task as SUCCESS. dag_id=raw_to_dds, task_id=load_users, execution_date=20250911T161309, start_date=20250911T171313, end_date=20250911T171314
[2025-09-11T17:13:14.551+0000] {logging_mixin.py:150} WARNING - /home/***/.local/lib/python3.7/site-packages/***/utils/context.py:205 AirflowContextDeprecationWarning: Accessing 'execution_date' from the template is deprecated and will be removed in a future version. Please use 'data_interval_start' or 'logical_date' instead.
[2025-09-11T17:13:15.073+0000] {local_task_job_runner.py:225} INFO - Task exited with return code 0
[2025-09-11T17:13:15.165+0000] {taskinstance.py:2653} INFO - 1 downstream tasks scheduled from follow-on schedule check
