[2025-09-13T22:18:46.671+0000] {logging_mixin.py:150} WARNING - /home/***/.local/lib/python3.7/site-packages/***/utils/sqlalchemy.py:124 DeprecationWarning: The sql_alchemy_conn option in [core] has been moved to the sql_alchemy_conn option in [database] - the old setting has been used, but please update your config.
[2025-09-13T22:18:46.690+0000] {taskinstance.py:1103} INFO - Dependencies all met for dep_context=non-requeueable deps ti=<TaskInstance: init_dwh.init_schema scheduled__2025-09-01T00:00:00+00:00 [queued]>
[2025-09-13T22:18:46.709+0000] {taskinstance.py:1103} INFO - Dependencies all met for dep_context=requeueable deps ti=<TaskInstance: init_dwh.init_schema scheduled__2025-09-01T00:00:00+00:00 [queued]>
[2025-09-13T22:18:46.710+0000] {taskinstance.py:1308} INFO - Starting attempt 1 of 1
[2025-09-13T22:18:46.747+0000] {taskinstance.py:1327} INFO - Executing <Task(PostgresOperator): init_schema> on 2025-09-01 00:00:00+00:00
[2025-09-13T22:18:46.777+0000] {standard_task_runner.py:57} INFO - Started process 1582 to run task
[2025-09-13T22:18:46.786+0000] {standard_task_runner.py:84} INFO - Running: ['***', 'tasks', 'run', 'init_dwh', 'init_schema', 'scheduled__2025-09-01T00:00:00+00:00', '--job-id', '32', '--raw', '--subdir', 'DAGS_FOLDER/init_dwh.py', '--cfg-path', '/tmp/tmpwqcwa4r3']
[2025-09-13T22:18:46.790+0000] {standard_task_runner.py:85} INFO - Job 32: Subtask init_schema
[2025-09-13T22:18:46.823+0000] {logging_mixin.py:150} WARNING - /home/***/.local/lib/python3.7/site-packages/***/settings.py:195 DeprecationWarning: The sql_alchemy_conn option in [core] has been moved to the sql_alchemy_conn option in [database] - the old setting has been used, but please update your config.
[2025-09-13T22:18:46.903+0000] {task_command.py:410} INFO - Running <TaskInstance: init_dwh.init_schema scheduled__2025-09-01T00:00:00+00:00 [running]> on host 3deaa5b4a23c
[2025-09-13T22:18:46.938+0000] {logging_mixin.py:150} WARNING - /home/***/.local/lib/python3.7/site-packages/***/utils/sqlalchemy.py:124 DeprecationWarning: The sql_alchemy_conn option in [core] has been moved to the sql_alchemy_conn option in [database] - the old setting has been used, but please update your config.
[2025-09-13T22:18:47.394+0000] {taskinstance.py:1547} INFO - Exporting env vars: AIRFLOW_CTX_DAG_OWNER='***' AIRFLOW_CTX_DAG_ID='init_dwh' AIRFLOW_CTX_TASK_ID='init_schema' AIRFLOW_CTX_EXECUTION_DATE='2025-09-01T00:00:00+00:00' AIRFLOW_CTX_TRY_NUMBER='1' AIRFLOW_CTX_DAG_RUN_ID='scheduled__2025-09-01T00:00:00+00:00'
[2025-09-13T22:18:47.412+0000] {sql.py:265} INFO - Executing: -- RAW
CREATE SCHEMA IF NOT EXISTS raw;

CREATE TABLE IF NOT EXISTS raw.events (
    event_id SERIAL PRIMARY KEY,
    user_id TEXT,
    session_id TEXT,
    event_type TEXT,
    product_id INTEGER,
    order_id TEXT,
    quantity INTEGER,
    city TEXT,
    country TEXT,
    lat DOUBLE PRECISION,
    lon DOUBLE PRECISION,
    cost_usd NUMERIC(18,2),
    cost_eur NUMERIC(18,2),
    cost_rub NUMERIC(18,2),
    weather_temp NUMERIC(5,2),
    weather_desc TEXT,
    timestamp TIMESTAMP NOT NULL
);

CREATE TABLE IF NOT EXISTS raw.user_profiles (
    user_profile_id SERIAL PRIMARY KEY,
    user_id TEXT,
    name TEXT,
    email TEXT,
    birth_date DATE,
    gender TEXT,
    received_at TIMESTAMP DEFAULT NOW()
);

CREATE TABLE IF NOT EXISTS raw.user_devices (
    user_device_id SERIAL PRIMARY KEY,
    user_id TEXT,
    device_type TEXT,
    os TEXT,
    browser TEXT,
    received_at TIMESTAMP DEFAULT NOW()
);

CREATE TABLE IF NOT EXISTS raw.user_locations (
    user_location_id SERIAL PRIMARY KEY,
    user_id TEXT,
    city TEXT,
    country TEXT,
    lat DOUBLE PRECISION,
    lon DOUBLE PRECISION,
    received_at TIMESTAMP DEFAULT NOW()
);

CREATE TABLE IF NOT EXISTS raw.orders (
    raw_order_id SERIAL PRIMARY KEY,
    order_id TEXT,
    user_id TEXT,
    order_ts TIMESTAMP,
    total_usd NUMERIC(18,2),
    received_at TIMESTAMP DEFAULT NOW()
);

CREATE TABLE IF NOT EXISTS raw.order_items (
    raw_order_item_id SERIAL PRIMARY KEY,
    order_id TEXT,
    product_id INTEGER,
    quantity INTEGER,
    price_usd NUMERIC(18,2),
    received_at TIMESTAMP DEFAULT NOW()
);

-- DDS (normalized)
CREATE SCHEMA IF NOT EXISTS dds;

-- dds.users
CREATE TABLE IF NOT EXISTS dds.users (
    user_id TEXT PRIMARY KEY,
    name TEXT,
    email TEXT,
    birth_date DATE,
    gender TEXT CHECK (gender IN ('male','female')),
    city TEXT,
    country TEXT
);

-- dds.events
CREATE TABLE IF NOT EXISTS dds.events (
    event_id SERIAL PRIMARY KEY,
    user_id TEXT REFERENCES dds.users(user_id),
    session_id TEXT NOT NULL,
    event_type TEXT CHECK (event_type IN ('session_start','view_product','add_to_cart','purchase')),
    product_id INT,
    timestamp TIMESTAMP NOT NULL
);

-- dds.orders
CREATE TABLE IF NOT EXISTS dds.orders (
    order_id UUID PRIMARY KEY,
    user_id TEXT REFERENCES dds.users(user_id),
    order_ts TIMESTAMP NOT NULL,
    total_usd NUMERIC(18,2) CHECK (total_usd >= 0)
);

-- dds.order_items
CREATE TABLE IF NOT EXISTS dds.order_items (
    order_item_id SERIAL PRIMARY KEY,
    order_id UUID REFERENCES dds.orders(order_id),
    product_id INT NOT NULL,
    quantity INT CHECK (quantity > 0),
    price_usd NUMERIC(18,2) CHECK (price_usd >= 0)
);
[2025-09-13T22:18:47.546+0000] {base.py:73} INFO - Using connection ID 'postgres_default' for task execution.
[2025-09-13T22:18:48.186+0000] {base.py:73} INFO - Using connection ID 'postgres_default' for task execution.
[2025-09-13T22:18:48.196+0000] {sql.py:375} INFO - Running statement: -- RAW
CREATE SCHEMA IF NOT EXISTS raw;

CREATE TABLE IF NOT EXISTS raw.events (
    event_id SERIAL PRIMARY KEY,
    user_id TEXT,
    session_id TEXT,
    event_type TEXT,
    product_id INTEGER,
    order_id TEXT,
    quantity INTEGER,
    city TEXT,
    country TEXT,
    lat DOUBLE PRECISION,
    lon DOUBLE PRECISION,
    cost_usd NUMERIC(18,2),
    cost_eur NUMERIC(18,2),
    cost_rub NUMERIC(18,2),
    weather_temp NUMERIC(5,2),
    weather_desc TEXT,
    timestamp TIMESTAMP NOT NULL
);

CREATE TABLE IF NOT EXISTS raw.user_profiles (
    user_profile_id SERIAL PRIMARY KEY,
    user_id TEXT,
    name TEXT,
    email TEXT,
    birth_date DATE,
    gender TEXT,
    received_at TIMESTAMP DEFAULT NOW()
);

CREATE TABLE IF NOT EXISTS raw.user_devices (
    user_device_id SERIAL PRIMARY KEY,
    user_id TEXT,
    device_type TEXT,
    os TEXT,
    browser TEXT,
    received_at TIMESTAMP DEFAULT NOW()
);

CREATE TABLE IF NOT EXISTS raw.user_locations (
    user_location_id SERIAL PRIMARY KEY,
    user_id TEXT,
    city TEXT,
    country TEXT,
    lat DOUBLE PRECISION,
    lon DOUBLE PRECISION,
    received_at TIMESTAMP DEFAULT NOW()
);

CREATE TABLE IF NOT EXISTS raw.orders (
    raw_order_id SERIAL PRIMARY KEY,
    order_id TEXT,
    user_id TEXT,
    order_ts TIMESTAMP,
    total_usd NUMERIC(18,2),
    received_at TIMESTAMP DEFAULT NOW()
);

CREATE TABLE IF NOT EXISTS raw.order_items (
    raw_order_item_id SERIAL PRIMARY KEY,
    order_id TEXT,
    product_id INTEGER,
    quantity INTEGER,
    price_usd NUMERIC(18,2),
    received_at TIMESTAMP DEFAULT NOW()
);

-- DDS (normalized)
CREATE SCHEMA IF NOT EXISTS dds;

-- dds.users
CREATE TABLE IF NOT EXISTS dds.users (
    user_id TEXT PRIMARY KEY,
    name TEXT,
    email TEXT,
    birth_date DATE,
    gender TEXT CHECK (gender IN ('male','female')),
    city TEXT,
    country TEXT
);

-- dds.events
CREATE TABLE IF NOT EXISTS dds.events (
    event_id SERIAL PRIMARY KEY,
    user_id TEXT REFERENCES dds.users(user_id),
    session_id TEXT NOT NULL,
    event_type TEXT CHECK (event_type IN ('session_start','view_product','add_to_cart','purchase')),
    product_id INT,
    timestamp TIMESTAMP NOT NULL
);

-- dds.orders
CREATE TABLE IF NOT EXISTS dds.orders (
    order_id UUID PRIMARY KEY,
    user_id TEXT REFERENCES dds.users(user_id),
    order_ts TIMESTAMP NOT NULL,
    total_usd NUMERIC(18,2) CHECK (total_usd >= 0)
);

-- dds.order_items
CREATE TABLE IF NOT EXISTS dds.order_items (
    order_item_id SERIAL PRIMARY KEY,
    order_id UUID REFERENCES dds.orders(order_id),
    product_id INT NOT NULL,
    quantity INT CHECK (quantity > 0),
    price_usd NUMERIC(18,2) CHECK (price_usd >= 0)
);, parameters: None
[2025-09-13T22:18:48.227+0000] {taskinstance.py:1350} INFO - Marking task as SUCCESS. dag_id=init_dwh, task_id=init_schema, execution_date=20250901T000000, start_date=20250913T221846, end_date=20250913T221848
[2025-09-13T22:18:48.271+0000] {local_task_job_runner.py:225} INFO - Task exited with return code 0
[2025-09-13T22:18:48.306+0000] {taskinstance.py:2653} INFO - 0 downstream tasks scheduled from follow-on schedule check
