[2025-09-10T13:24:17.573+0000] {taskinstance.py:1103} INFO - Dependencies all met for dep_context=non-requeueable deps ti=<TaskInstance: generate_events.produce_events manual__2025-09-10T13:24:11.072739+00:00 [queued]>
[2025-09-10T13:24:17.586+0000] {taskinstance.py:1103} INFO - Dependencies all met for dep_context=requeueable deps ti=<TaskInstance: generate_events.produce_events manual__2025-09-10T13:24:11.072739+00:00 [queued]>
[2025-09-10T13:24:17.587+0000] {taskinstance.py:1308} INFO - Starting attempt 1 of 2
[2025-09-10T13:24:17.613+0000] {taskinstance.py:1327} INFO - Executing <Task(PythonOperator): produce_events> on 2025-09-10 13:24:11.072739+00:00
[2025-09-10T13:24:17.622+0000] {standard_task_runner.py:57} INFO - Started process 386 to run task
[2025-09-10T13:24:17.629+0000] {standard_task_runner.py:84} INFO - Running: ['***', 'tasks', 'run', 'generate_events', 'produce_events', 'manual__2025-09-10T13:24:11.072739+00:00', '--job-id', '94', '--raw', '--subdir', 'DAGS_FOLDER/generator_dag.py', '--cfg-path', '/tmp/tmpvkd7lheg']
[2025-09-10T13:24:17.639+0000] {standard_task_runner.py:85} INFO - Job 94: Subtask produce_events
[2025-09-10T13:24:17.666+0000] {logging_mixin.py:150} WARNING - /home/***/.local/lib/python3.7/site-packages/***/settings.py:195 DeprecationWarning: The sql_alchemy_conn option in [core] has been moved to the sql_alchemy_conn option in [database] - the old setting has been used, but please update your config.
[2025-09-10T13:24:17.724+0000] {task_command.py:410} INFO - Running <TaskInstance: generate_events.produce_events manual__2025-09-10T13:24:11.072739+00:00 [running]> on host c905ba028b15
[2025-09-10T13:24:17.908+0000] {taskinstance.py:1547} INFO - Exporting env vars: AIRFLOW_CTX_DAG_OWNER='***' AIRFLOW_CTX_DAG_ID='generate_events' AIRFLOW_CTX_TASK_ID='produce_events' AIRFLOW_CTX_EXECUTION_DATE='2025-09-10T13:24:11.072739+00:00' AIRFLOW_CTX_TRY_NUMBER='1' AIRFLOW_CTX_DAG_RUN_ID='manual__2025-09-10T13:24:11.072739+00:00'
[2025-09-10T13:24:17.909+0000] {taskinstance.py:1824} ERROR - Task failed with exception
Traceback (most recent call last):
  File "/home/airflow/.local/lib/python3.7/site-packages/airflow/operators/python.py", line 181, in execute
    return_value = self.execute_callable()
  File "/home/airflow/.local/lib/python3.7/site-packages/airflow/operators/python.py", line 198, in execute_callable
    return self.python_callable(*self.op_args, **self.op_kwargs)
  File "/opt/airflow/dags/generator_dag.py", line 16, in produce_events
    if not is_kafka_available(KAFKA_BROKER):
TypeError: is_kafka_available() takes 0 positional arguments but 1 was given
[2025-09-10T13:24:17.951+0000] {taskinstance.py:1350} INFO - Marking task as UP_FOR_RETRY. dag_id=generate_events, task_id=produce_events, execution_date=20250910T132411, start_date=20250910T132417, end_date=20250910T132417
[2025-09-10T13:24:17.983+0000] {standard_task_runner.py:109} ERROR - Failed to execute job 94 for task produce_events (is_kafka_available() takes 0 positional arguments but 1 was given; 386)
[2025-09-10T13:24:18.000+0000] {local_task_job_runner.py:225} INFO - Task exited with return code 1
[2025-09-10T13:24:18.026+0000] {taskinstance.py:2653} INFO - 0 downstream tasks scheduled from follow-on schedule check
